
Loading experiment ImageNet9/ResNet18_step


New epoch - lr: 0.003
[1/31 iteration of epoch 1/60] 
 {loss} cls : 2.361, total : 2.361 
 {acc} cls : 7.81
[31/31 iteration of epoch 1/60] 
 {loss} cls : 0.230, total : 0.230 
 {acc} cls : 95.31
------------------------------
<Losses on train> cls : 0.836, total : 0.836
<Accuracies on train> cls : 74.45
Train epoch time: 17.854
-------------------------------
<Accuracies on val> class : 93.83-------------------------------
<Accuracies on test> class : 77.19------------------------------
<Accuracies on mixed_rand> test class : 68.27
-------------------------------
<Accuracies on mixed_same> test class : 84.51
------------------------------
Total epoch time: 107.607

New epoch - lr: 0.00[1[1/31 iteration of epoch 2/30] 
 {loss} cls : 0.627, total : 0.627 
 {acc} cls : 84.38
[31/31 iteration of epoch 2/30] 
 {loss} cls : 0.265, total : 0.265 
 {acc} cls : 90.62
------------------------------
<Losses on train> cls : 0.291, total : 0.291
<Accuracies on train> cls : 91.03
Train epoch time: 6.68--------------------------------
<Accuracies on val> class : 91.8------------------------------
<Accuracies on test> class : 79.23
------------------------------
<Accuracies on mixed_rand> test class : 72.96
------------------------------
<Accuracies on mixed_same> test class : 85.49
------------------------------
Total epoch time: 12.104

New epoch - lr: 0.003
[1/31 iteration of epoch 3/60] 
 {loss} cls : 0.102, total : 0.102 
 {acc} cls : 95.31
[31/31 iteration of epoch 3/60] 
 {loss} cls : 0.229, total : 0.229 
 {acc} cls : 92.19
------------------------------
<Losses on train> cls : 0.172, total : 0.172
<Accuracies on train> cls : 94.05
Train epoch time: 6.400
--------------------------------
<Accuracies on val> class : 93.0------------------------------
<Accuracies on test> class : 79.29
------------------------------
<Accuracies on mixed_rand> test class : 72.96
------------------------------
<Accuracies on mixed_same> test class : 85.62
------------------------------
Total epoch time: 12.287

New epoch - lr: 0.003
[1/31 iteration of epoch 4/60] 
 {loss} cls : 0.023, total : 0.023 
 {acc} cls : 100.00
[31/31 iteration of epoch 4/60] 
 {loss} cls : 0.144, total : 0.144 
 {acc} cls : 93.75
------------------------------
<Losses on train> cls : 0.144, total : 0.144
<Accuracies on train> cls : 95.11
Train epoch time: 6.577
------------------------------
<Accuracies on val> class : 91.36
------------------------------
<Accuracies on test> class : 78.86
------------------------------
<Accuracies on mixed_rand> test class : 72.22
------------------------------
<Accuracies on mixed_same> test class : 85.49
------------------------------
Total epoch time: 12.043

New epoch - lr: 0.003
[1/31 iteration of epoch 5/60] 
 {loss} cls : 0.095, total : 0.095 
 {acc} cls : 96.88
[31/31 iteration of epoch 5/60] 
 {loss} cls : 0.056, total : 0.056 
 {acc} cls : 98.44
------------------------------
<Losses on train> cls : 0.093, total : 0.093
<Accuracies on train> cls : 96.82
Train epoch time: 6.448
------------------------------
<Accuracies on val> class : 93.83
------------------------------
<Accuracies on test> class : 80.22
------------------------------
<Accuracies on mixed_rand> test class : 73.27
------------------------------
<Accuracies on mixed_same> test class : 87.16
------------------------------
Total epoch time: 11.865

New epoch - lr: 0.003
[1/31 iteration of epoch 6/60] 
 {loss} cls : 0.084, total : 0.084 
 {acc} cls : 98.44
[31/31 iteration of epoch 6/60] 
 {loss} cls : 0.033, total : 0.033 
 {acc} cls : 98.44
------------------------------
<Losses on train> cls : 0.065, total : 0.065
<Accuracies on train> cls : 97.83
Train epoch time: 6.293
------------------------------
<Accuracies on val> class : 93.83
------------------------------
<Accuracies on test> class : 80.65
------------------------------
<Accuracies on mixed_rand> test class : 74.38
------------------------------
<Accuracies on mixed_same> test class : 86.91
------------------------------
Total epoch time: 11.670

New epoch - lr: 0.003
[1/31 iteration of epoch 7/60] 
 {loss} cls : 0.035, total : 0.035 
 {acc} cls : 98.44
[31/31 iteration of epoch 7/60] 
 {loss} cls : 0.028, total : 0.028 
 {acc} cls : 98.44
------------------------------
<Losses on train> cls : 0.048, total : 0.048
<Accuracies on train> cls : 98.14
Train epoch time: 6.547
------------------------------
<Accuracies on val> class : 94.57
------------------------------
<Accuracies on test> class : 79.38
------------------------------
<Accuracies on mixed_rand> test class : 72.47
------------------------------
<Accuracies on mixed_same> test class : 86.30
------------------------------
Total epoch time: 12.349

New epoch - lr: 0.003
[1/31 iteration of epoch 8/60] 
 {loss} cls : 0.044, total : 0.044 
 {acc} cls : 98.44
[31/31 iteration of epoch 8/60] 
 {loss} cls : 0.023, total : 0.023 
 {acc} cls : 98.44
------------------------------
<Losses on train> cls : 0.041, total : 0.041
<Accuracies on train> cls : 98.59
Train epoch time: 6.648
------------------------------
<Accuracies on val> class : 94.57
------------------------------
<Accuracies on test> class : 79.01
------------------------------
<Accuracies on mixed_rand> test class : 72.16
------------------------------
<Accuracies on mixed_same> test class : 85.86
------------------------------
Total epoch time: 12.568

New epoch - lr: 0.003
[1/31 iteration of epoch 9/60] 
 {loss} cls : 0.035, total : 0.035 
 {acc} cls : 98.44
[31/31 iteration of epoch 9/60] 
 {loss} cls : 0.085, total : 0.085 
 {acc} cls : 98.44
------------------------------
<Losses on train> cls : 0.025, total : 0.025
<Accuracies on train> cls : 99.29
Train epoch time: 6.336
------------------------------
<Accuracies on val> class : 94.32
------------------------------
<Accuracies on test> class : 79.48
------------------------------
<Accuracies on mixed_rand> test class : 73.09
------------------------------
<Accuracies on mixed_same> test class : 85.86
------------------------------
Total epoch time: 12.054

New epoch - lr: 0.003
[1/31 iteration of epoch 10/60] 
 {loss} cls : 0.022, total : 0.022 
 {acc} cls : 100.00
[31/31 iteration of epoch 10/60] 
 {loss} cls : 0.015, total : 0.015 
 {acc} cls : 100.00
------------------------------
<Losses on train> cls : 0.028, total : 0.028
<Accuracies on train> cls : 99.04
Train epoch time: 6.450
------------------------------
<Accuracies on val> class : 94.32
------------------------------
<Accuracies on test> class : 78.55
------------------------------
<Accuracies on mixed_rand> test class : 72.28
------------------------------
<Accuracies on mixed_same> test class : 84.81
------------------------------
Total epoch time: 12.107

New epoch - lr: 0.003
[1/31 iteration of epoch 11/60] 
 {loss} cls : 0.063, total : 0.063 
 {acc} cls : 96.88
[31/31 iteration of epoch 11/60] 
 {loss} cls : 0.041, total : 0.041 
 {acc} cls : 98.44
------------------------------
<Losses on train> cls : 0.030, total : 0.030
<Accuracies on train> cls : 98.79
Train epoch time: 6.416
------------------------------
<Accuracies on val> class : 94.07
------------------------------
<Accuracies on test> class : 78.49
------------------------------
<Accuracies on mixed_rand> test class : 72.28
------------------------------
<Accuracies on mixed_same> test class : 84.69
------------------------------
Total epoch time: 12.150

New epoch - lr: 0.003
[1/31 iteration of epoch 12/60] 
 {loss} cls : 0.015, total : 0.015 
 {acc} cls : 100.00
[31/31 iteration of epoch 12/60] 
 {loss} cls : 0.007, total : 0.007 
 {acc} cls : 100.00
------------------------------
<Losses on train> cls : 0.031, total : 0.031
<Accuracies on train> cls : 99.14
Train epoch time: 6.517
------------------------------
<Accuracies on val> class : 94.81
------------------------------
<Accuracies on test> class : 78.77
------------------------------
<Accuracies on mixed_rand> test class : 72.28
------------------------------
<Accuracies on mixed_same> test class : 85.25
------------------------------
Total epoch time: 12.615

New epoch - lr: 0.003
[1/31 iteration of epoch 13/60] 
 {loss} cls : 0.044, total : 0.044 
 {acc} cls : 98.44
[31/31 iteration of epoch 13/60] 
 {loss} cls : 0.015, total : 0.015 
 {acc} cls : 98.44
------------------------------
<Losses on train> cls : 0.021, total : 0.021
<Accuracies on train> cls : 99.14
Train epoch time: 6.189
------------------------------
<Accuracies on val> class : 94.32
------------------------------
<Accuracies on test> class : 80.86
------------------------------
<Accuracies on mixed_rand> test class : 74.32
------------------------------
<Accuracies on mixed_same> test class : 87.41
------------------------------
Total epoch time: 11.827

New epoch - lr: 0.003
[1/31 iteration of epoch 14/60] 
 {loss} cls : 0.015, total : 0.015 
 {acc} cls : 98.44
[31/31 iteration of epoch 14/60] 
 {loss} cls : 0.002, total : 0.002 
 {acc} cls : 100.00
------------------------------
<Losses on train> cls : 0.017, total : 0.017
<Accuracies on train> cls : 99.60
Train epoch time: 6.399
------------------------------
<Accuracies on val> class : 95.80
------------------------------
<Accuracies on test> class : 79.81
------------------------------
<Accuracies on mixed_rand> test class : 73.95
------------------------------
<Accuracies on mixed_same> test class : 85.68
------------------------------
Total epoch time: 12.605

New epoch - lr: 0.003
[1/31 iteration of epoch 15/60] 
 {loss} cls : 0.021, total : 0.021 
 {acc} cls : 98.44
[31/31 iteration of epoch 15/60] 
 {loss} cls : 0.012, total : 0.012 
 {acc} cls : 100.00
------------------------------
<Losses on train> cls : 0.012, total : 0.012
<Accuracies on train> cls : 99.70
Train epoch time: 6.472
------------------------------
<Accuracies on val> class : 94.32
------------------------------
<Accuracies on test> class : 80.65
------------------------------
<Accuracies on mixed_rand> test class : 74.32
------------------------------
<Accuracies on mixed_same> test class : 86.98
------------------------------
Total epoch time: 12.169

New epoch - lr: 0.003
[1/31 iteration of epoch 16/60] 
 {loss} cls : 0.001, total : 0.001 
 {acc} cls : 100.00
[31/31 iteration of epoch 16/60] 
 {loss} cls : 0.005, total : 0.005 
 {acc} cls : 100.00
------------------------------
<Losses on train> cls : 0.013, total : 0.013
<Accuracies on train> cls : 99.60
Train epoch time: 6.413
------------------------------
<Accuracies on val> class : 95.06
------------------------------
<Accuracies on test> class : 81.54
------------------------------
<Accuracies on mixed_rand> test class : 75.00
------------------------------
<Accuracies on mixed_same> test class : 88.09
------------------------------
Total epoch time: 12.059

New epoch - lr: 0.003
[1/31 iteration of epoch 17/60] 
 {loss} cls : 0.003, total : 0.003 
 {acc} cls : 100.00
[31/31 iteration of epoch 17/60] 
 {loss} cls : 0.020, total : 0.020 
 {acc} cls : 98.44
------------------------------
<Losses on train> cls : 0.014, total : 0.014
<Accuracies on train> cls : 99.65
Train epoch time: 6.516
------------------------------
<Accuracies on val> class : 94.57
------------------------------
<Accuracies on test> class : 80.40
------------------------------
<Accuracies on mixed_rand> test class : 73.77
------------------------------
<Accuracies on mixed_same> test class : 87.04
------------------------------
Total epoch time: 12.109

New epoch - lr: 0.003
[1/31 iteration of epoch 18/60] 
 {loss} cls : 0.001, total : 0.001 
 {acc} cls : 100.00
[31/31 iteration of epoch 18/60] 
 {loss} cls : 0.011, total : 0.011 
 {acc} cls : 100.00
------------------------------
<Losses on train> cls : 0.020, total : 0.020
<Accuracies on train> cls : 99.34
Train epoch time: 6.428
------------------------------
<Accuracies on val> class : 94.32
------------------------------
<Accuracies on test> class : 80.09
------------------------------
<Accuracies on mixed_rand> test class : 73.95
------------------------------
<Accuracies on mixed_same> test class : 86.23
------------------------------
Total epoch time: 11.843

New epoch - lr: 0.003
[1/31 iteration of epoch 19/60] 
 {loss} cls : 0.004, total : 0.004 
 {acc} cls : 100.00
[31/31 iteration of epoch 19/60] 
 {loss} cls : 0.005, total : 0.005 
 {acc} cls : 100.00
------------------------------
<Losses on train> cls : 0.020, total : 0.020
<Accuracies on train> cls : 99.24
Train epoch time: 6.335
------------------------------
<Accuracies on val> class : 94.07
------------------------------
<Accuracies on test> class : 79.63
------------------------------
<Accuracies on mixed_rand> test class : 73.09
------------------------------
<Accuracies on mixed_same> test class : 86.17
------------------------------
Total epoch time: 11.870

New epoch - lr: 0.003
[1/31 iteration of epoch 20/60] 
 {loss} cls : 0.004, total : 0.004 
 {acc} cls : 100.00
[31/31 iteration of epoch 20/60] 
 {loss} cls : 0.001, total : 0.001 
 {acc} cls : 100.00
------------------------------
<Losses on train> cls : 0.014, total : 0.014
<Accuracies on train> cls : 99.70
Train epoch time: 6.174
------------------------------
<Accuracies on val> class : 94.57
------------------------------
<Accuracies on test> class : 79.07
------------------------------
<Accuracies on mixed_rand> test class : 72.53
------------------------------
<Accuracies on mixed_same> test class : 85.62
------------------------------
Total epoch time: 11.779

New epoch - lr: 0.003
[1/31 iteration of epoch 21/60] 
 {loss} cls : 0.000, total : 0.000 
 {acc} cls : 100.00
[31/31 iteration of epoch 21/60] 
 {loss} cls : 0.037, total : 0.037 
 {acc} cls : 98.44
------------------------------
<Losses on train> cls : 0.015, total : 0.015
<Accuracies on train> cls : 99.55
Train epoch time: 6.612
------------------------------
<Accuracies on val> class : 92.84
------------------------------
<Accuracies on test> class : 78.55
------------------------------
<Accuracies on mixed_rand> test class : 71.73
------------------------------
<Accuracies on mixed_same> test class : 85.37
------------------------------
Total epoch time: 12.200

New epoch - lr: 0.003
[1/31 iteration of epoch 22/60] 
 {loss} cls : 0.000, total : 0.000 
 {acc} cls : 100.00
[31/31 iteration of epoch 22/60] 
 {loss} cls : 0.019, total : 0.019 
 {acc} cls : 100.00
------------------------------
<Losses on train> cls : 0.018, total : 0.018
<Accuracies on train> cls : 99.24
Train epoch time: 6.445
------------------------------
<Accuracies on val> class : 93.58
------------------------------
<Accuracies on test> class : 79.07
------------------------------
<Accuracies on mixed_rand> test class : 73.02
------------------------------
<Accuracies on mixed_same> test class : 85.12
------------------------------
Total epoch time: 11.989

New epoch - lr: 0.003
[1/31 iteration of epoch 23/60] 
 {loss} cls : 0.008, total : 0.008 
 {acc} cls : 100.00
[31/31 iteration of epoch 23/60] 
 {loss} cls : 0.003, total : 0.003 
 {acc} cls : 100.00
------------------------------
<Losses on train> cls : 0.016, total : 0.016
<Accuracies on train> cls : 99.65
Train epoch time: 6.346
------------------------------
<Accuracies on val> class : 95.06
------------------------------
<Accuracies on test> class : 80.06
------------------------------
<Accuracies on mixed_rand> test class : 73.46
------------------------------
<Accuracies on mixed_same> test class : 86.67
------------------------------
Total epoch time: 11.936

New epoch - lr: 0.003
[1/31 iteration of epoch 24/60] 
 {loss} cls : 0.047, total : 0.047 
 {acc} cls : 98.44
[31/31 iteration of epoch 24/60] 
 {loss} cls : 0.003, total : 0.003 
 {acc} cls : 100.00
------------------------------
<Losses on train> cls : 0.013, total : 0.013
<Accuracies on train> cls : 99.70
Train epoch time: 6.553
------------------------------
<Accuracies on val> class : 94.81
------------------------------
<Accuracies on test> class : 80.31
------------------------------
<Accuracies on mixed_rand> test class : 74.14
------------------------------
<Accuracies on mixed_same> test class : 86.48
------------------------------
Total epoch time: 12.226

New epoch - lr: 0.003
[1/31 iteration of epoch 25/60] 
 {loss} cls : 0.002, total : 0.002 
 {acc} cls : 100.00
[31/31 iteration of epoch 25/60] 
 {loss} cls : 0.040, total : 0.040 
 {acc} cls : 98.44
------------------------------
<Losses on train> cls : 0.016, total : 0.016
<Accuracies on train> cls : 99.45
Train epoch time: 6.748
------------------------------
<Accuracies on val> class : 94.81
------------------------------
<Accuracies on test> class : 80.99
------------------------------
<Accuracies on mixed_rand> test class : 74.88
------------------------------
<Accuracies on mixed_same> test class : 87.10
------------------------------
Total epoch time: 12.560

New epoch - lr: 0.003
[1/31 iteration of epoch 26/60] 
 {loss} cls : 0.006, total : 0.006 
 {acc} cls : 100.00
[31/31 iteration of epoch 26/60] 
 {loss} cls : 0.002, total : 0.002 
 {acc} cls : 100.00
------------------------------
<Losses on train> cls : 0.007, total : 0.007
<Accuracies on train> cls : 99.85
Train epoch time: 6.533
------------------------------
<Accuracies on val> class : 94.07
------------------------------
<Accuracies on test> class : 79.26
------------------------------
<Accuracies on mixed_rand> test class : 72.90
------------------------------
<Accuracies on mixed_same> test class : 85.62
------------------------------
Total epoch time: 12.209

New epoch - lr: 0.003
[1/31 iteration of epoch 27/60] 
 {loss} cls : 0.002, total : 0.002 
 {acc} cls : 100.00
[31/31 iteration of epoch 27/60] 
 {loss} cls : 0.005, total : 0.005 
 {acc} cls : 100.00
------------------------------
<Losses on train> cls : 0.009, total : 0.009
<Accuracies on train> cls : 99.85
Train epoch time: 6.606
------------------------------
<Accuracies on val> class : 94.07
------------------------------
<Accuracies on test> class : 81.42
------------------------------
<Accuracies on mixed_rand> test class : 75.99
------------------------------
<Accuracies on mixed_same> test class : 86.85
------------------------------
Total epoch time: 12.241

New epoch - lr: 0.003
[1/31 iteration of epoch 28/60] 
 {loss} cls : 0.002, total : 0.002 
 {acc} cls : 100.00
[31/31 iteration of epoch 28/60] 
 {loss} cls : 0.000, total : 0.000 
 {acc} cls : 100.00
------------------------------
<Losses on train> cls : 0.005, total : 0.005
<Accuracies on train> cls : 99.95
Train epoch time: 6.568
------------------------------
<Accuracies on val> class : 94.81
------------------------------
<Accuracies on test> class : 82.16
------------------------------
<Accuracies on mixed_rand> test class : 76.48
------------------------------
<Accuracies on mixed_same> test class : 87.84
------------------------------
Total epoch time: 12.116

New epoch - lr: 0.003
[1/31 iteration of epoch 29/60] 
 {loss} cls : 0.001, total : 0.001 
 {acc} cls : 100.00
[31/31 iteration of epoch 29/60] 
 {loss} cls : 0.001, total : 0.001 
 {acc} cls : 100.00
------------------------------
<Losses on train> cls : 0.005, total : 0.005
<Accuracies on train> cls : 99.95
Train epoch time: 6.438
------------------------------
<Accuracies on val> class : 94.32
------------------------------
<Accuracies on test> class : 81.42
------------------------------
<Accuracies on mixed_rand> test class : 75.62
------------------------------
<Accuracies on mixed_same> test class : 87.22
------------------------------
Total epoch time: 11.736

New epoch - lr: 0.003
[1/31 iteration of epoch 30/60] 
 {loss} cls : 0.020, total : 0.020 
 {acc} cls : 98.44
[31/31 iteration of epoch 30/60] 
 {loss} cls : 0.036, total : 0.036 
 {acc} cls : 98.44
------------------------------
<Losses on train> cls : 0.011, total : 0.011
<Accuracies on train> cls : 99.65
Train epoch time: 6.647
------------------------------
<Accuracies on val> class : 93.33
------------------------------
<Accuracies on test> class : 81.14
------------------------------
<Accuracies on mixed_rand> test class : 74.57
------------------------------
<Accuracies on mixed_same> test class : 8------------------------------
<Accuracies on mixed_same> test class : 85.12
-------[1/31 iteration of epoch 31/60] 
 {loss} cls : 0.011, total : 0.011 
 {acc} cls : 100.00
[31/31 iteration of epoch 31/60] 
 {loss} cls : 0.001, total : 0.001 
 {acc} cls : 100.00
------------------------------
<Losses on train> cls : 0.012, total : 0.012
<Accuracies on train> cls : 99.70
Train epoch time: 5.363
------------------------------
<Accuracies on val> class : 93.58
------------------------------
<Accuracies on test> class : 80.25
------------------------------
<Accuracies on mixed_rand> test class : 74.26
------------------------------
<Accuracies on mixed_same> test class : 86.23
------------------------------
Total epoch time: 10.565

New epoch - lr: 0.003
[1/31 iteration of epoch 32/60] 
 {loss} cls : 0.001, total : 0.001 
 {acc} cls : 100.00
[31/31 iteration of epoch 32/60] 
 {loss} cls : 0.002, total : 0.002 
 {acc} cls : 100.00
------------------------------
<Losses on train> cls : 0.011, total : 0.011
<Accuracies on train> cls : 99.80
Train epoch time: 5.262
------------------------------
<Accuracies on val> class : 93.83
------------------------------
<Accuracies on test> class : 80.46
------------------------------
<Accuracies on mixed_rand> test class : 74.07
------------------------------
<Accuracies on mixed_same> test class : 86.85
------------------------------
Total epoch time: 10.487

New epoch - lr: 0.003
[1/31 iteration of epoch 33/60] 
 {loss} cls : 0.011, total : 0.011 
 {acc} cls : 100.00
[31/31 iteration of epoch 33/60] 
 {loss} cls : 0.010, total : 0.010 
 {acc} cls : 100.00
------------------------------
<Losses on train> cls : 0.008, total : 0.008
<Accuracies on train> cls : 99.85
Train epoch time: 5.176
------------------------------
<Accuracies on val> class : 94.07
------------------------------
<Accuracies on test> class : 81.17
------------------------------
<Accuracies on mixed_rand> test class : 75.00
------------------------------
<Accuracies on mixed_same> test class : 87.35
------------------------------
Total epoch time: 10.297

New epoch - lr: 0.003
[1/31 iteration of epoch 34/60] 
 {loss} cls : 0.006, total : 0.006 
 {acc} cls : 100.00
[31/31 iteration of epoch 34/60] 
 {loss} cls : 0.001, total : 0.001 
 {acc} cls : 100.00
------------------------------
<Losses on train> cls : 0.004, total : 0.004
<Accuracies on train> cls : 100.00
Train epoch time: 5.187
------------------------------
<Accuracies on val> class : 94.81
------------------------------
<Accuracies on test> class : 81.64
------------------------------
<Accuracies on mixed_rand> test class : 75.25
------------------------------
<Accuracies on mixed_same> test class : 88.02
------------------------------
Total epoch time: 10.433

New epoch - lr: 0.003
[1/31 iteration of epoch 35/60] 
 {loss} cls : 0.002, total : 0.002 
 {acc} cls : 100.00
[31/31 iteration of epoch 35/60] 
 {loss} cls : 0.015, total : 0.015 
 {acc} cls : 98.44
------------------------------
<Losses on train> cls : 0.006, total : 0.006
<Accuracies on train> cls : 99.70
Train epoch time: 5.173
------------------------------
<Accuracies on val> class : 95.06
------------------------------
<Accuracies on test> class : 81.08
------------------------------
<Accuracies on mixed_rand> test class : 74.63
------------------------------
<Accuracies on mixed_same> test class : 87.53
------------------------------
Total epoch time: 10.348

New epoch - lr: 0.003
[1/31 iteration of epoch 36/60] 
 {loss} cls : 0.004, total : 0.004 
 {acc} cls : 100.00
[31/31 iteration of epoch 36/60] 
 {loss} cls : 0.002, total : 0.002 
 {acc} cls : 100.00
------------------------------
<Losses on train> cls : 0.009, total : 0.009
<Accuracies on train> cls : 99.80
Train epoch time: 5.167
------------------------------
<Accuracies on val> class : 94.81
------------------------------
<Accuracies on test> class : 81.14
------------------------------
<Accuracies on mixed_rand> test class : 74.94
------------------------------
<Accuracies on mixed_same> test class : 87.35
------------------------------
Total epoch time: 10.441

New epoch - lr: 0.003
[1/31 iteration of epoch 37/60] 
 {loss} cls : 0.001, total : 0.001 
 {acc} cls : 100.00
[31/31 iteration of epoch 37/60] 
 {loss} cls : 0.005, total : 0.005 
 {acc} cls : 100.00
------------------------------
<Losses on train> cls : 0.010, total : 0.010
<Accuracies on train> cls : 99.65
Train epoch time: 5.250
------------------------------
<Accuracies on val> class : 94.07
------------------------------
<Accuracies on test> class : 80.37
------------------------------
<Accuracies on mixed_rand> test class : 73.77
------------------------------
<Accuracies on mixed_same> test class : 86.98
------------------------------
Total epoch time: 10.320

New epoch - lr: 0.003
[1/31 iteration of epoch 38/60] 
 {loss} cls : 0.005, total : 0.005 
 {acc} cls : 100.00
[31/31 iteration of epoch 38/60] 
 {loss} cls : 0.001, total : 0.001 
 {acc} cls : 100.00
------------------------------
<Losses on train> cls : 0.006, total : 0.006
<Accuracies on train> cls : 99.75
Train epoch time: 5.272
------------------------------
<Accuracies on val> class : 94.32
------------------------------
<Accuracies on test> class : 79.20
------------------------------
<Accuracies on mixed_rand> test class : 72.90
------------------------------
<Accuracies on mixed_same> test class : 85.49
------------------------------
Total epoch time: 10.426

New epoch - lr: 0.003
[1/31 iteration of epoch 39/60] 
 {loss} cls : 0.001, total : 0.001 
 {acc} cls : 100.00
[31/31 iteration of epoch 39/60] 
 {loss} cls : 0.003, total : 0.003 
 {acc} cls : 100.00
------------------------------
<Losses on train> cls : 0.004, total : 0.004
<Accuracies on train> cls : 99.95
Train epoch time: 5.195
------------------------------
<Accuracies on val> class : 93.58
------------------------------
<Accuracies on test> class : 80.83
------------------------------
<Accuracies on mixed_rand> test class : 74.14
------------------------------
<Accuracies on mixed_same> test class : 87.53
------------------------------
Total epoch time: 10.408

New epoch - lr: 0.003
[1/31 iteration of epoch 40/60] 
 {loss} cls : 0.001, total : 0.001 
 {acc} cls : 100.00
[31/31 iteration of epoch 40/60] 
 {loss} cls : 0.009, total : 0.009 
 {acc} cls : 100.00
------------------------------
<Losses on train> cls : 0.003, total : 0.003
<Accuracies on train> cls : 99.95
Train epoch time: 5.176
------------------------------
<Accuracies on val> class : 94.07
------------------------------
<Accuracies on test> class : 80.65
------------------------------
<Accuracies on mixed_rand> test class : 74.38
------------------------------
<Accuracies on mixed_same> test class : 86.91
------------------------------
Total epoch time: 10.327

New epoch - lr: 0.003
[1/31 iteration of epoch 41/60] 
 {loss} cls : 0.000, total : 0.000 
 {acc} cls : 100.00
[31/31 iteration of epoch 41/60] 
 {loss} cls : 0.000, total : 0.000 
 {acc} cls : 100.00
------------------------------
<Losses on train> cls : 0.003, total : 0.003
<Accuracies on train> cls : 99.95
Train epoch time: 5.217
------------------------------
<Accuracies on val> class : 94.32
------------------------------
<Accuracies on test> class : 80.52
------------------------------
<Accuracies on mixed_rand> test class : 74.26
------------------------------
<Accuracies on mixed_same> test class : 86.79
------------------------------
Total epoch time: 10.296

New epoch - lr: 0.003
[1/31 iteration of epoch 42/60] 
 {loss} cls : 0.000, total : 0.000 
 {acc} cls : 100.00
[31/31 iteration of epoch 42/60] 
 {loss} cls : 0.002, total : 0.002 
 {acc} cls : 100.00
------------------------------
<Losses on train> cls : 0.002, total : 0.002
<Accuracies on train> cls : 99.95
Train epoch time: 5.175
------------------------------
<Accuracies on val> class : 94.57
------------------------------
<Accuracies on test> class : 81.48
------------------------------
<Accuracies on mixed_rand> test class : 74.44
------------------------------
<Accuracies on mixed_same> test class : 88.52
------------------------------
Total epoch time: 10.316

New epoch - lr: 0.003
[1/31 iteration of epoch 43/60] 
 {loss} cls : 0.002, total : 0.002 
 {acc} cls : 100.00
[31/31 iteration of epoch 43/60] 
 {loss} cls : 0.001, total : 0.001 
 {acc} cls : 100.00
------------------------------
<Losses on train> cls : 0.003, total : 0.003
<Accuracies on train> cls : 99.95
Train epoch time: 5.626
------------------------------
<Accuracies on val> class : 94.32
------------------------------
<Accuracies on test> class : 81.70
------------------------------
<Accuracies on mixed_rand> test class : 75.12
------------------------------
<Accuracies on mixed_same> test class : 88.27
------------------------------
Total epoch time: 10.967

New epoch - lr: 0.003
[1/31 iteration of epoch 44/60] 
 {loss} cls : 0.000, total : 0.000 
 {acc} cls : 100.00
[31/31 iteration of epoch 44/60] 
 {loss} cls : 0.002, total : 0.002 
 {acc} cls : 100.00
------------------------------
<Losses on train> cls : 0.005, total : 0.005
<Accuracies on train> cls : 99.95
Train epoch time: 5.172
------------------------------
<Accuracies on val> class : 95.31
------------------------------
<Accuracies on test> class : 81.08
------------------------------
<Accuracies on mixed_rand> test class : 74.75
------------------------------
<Accuracies on mixed_same> test class : 87.41
------------------------------
Total epoch time: 10.294

New epoch - lr: 0.003
[1/31 iteration of epoch 45/60] 
 {loss} cls : 0.001, total : 0.001 
 {acc} cls : 100.00
[31/31 iteration of epoch 45/60] 
 {loss} cls : 0.000, total : 0.000 
 {acc} cls : 100.00
------------------------------
<Losses on train> cls : 0.003, total : 0.003
<Accuracies on train> cls : 99.95
Train epoch time: 5.176
------------------------------
<Accuracies on val> class : 94.81
------------------------------
<Accuracies on test> class : 81.67
------------------------------
<Accuracies on mixed_rand> test class : 75.25
------------------------------
<Accuracies on mixed_same> test class : 88.09
------------------------------
Total epoch time: 10.410

New epoch - lr: 0.003
[1/31 iteration of epoch 46/60] 
 {loss} cls : 0.002, total : 0.002 
 {acc} cls : 100.00
[31/31 iteration of epoch 46/60] 
 {loss} cls : 0.001, total : 0.001 
 {acc} cls : 100.00
------------------------------
<Losses on train> cls : 0.005, total : 0.005
<Accuracies on train> cls : 99.85
Train epoch time: 5.215
------------------------------
<Accuracies on val> class : 94.57
------------------------------
<Accuracies on test> class : 80.65
------------------------------
<Accuracies on mixed_rand> test class : 74.26
------------------------------
<Accuracies on mixed_same> test class : 87.04
------------------------------
Total epoch time: 10.531

New epoch - lr: 0.003
[1/31 iteration of epoch 47/60] 
 {loss} cls : 0.003, total : 0.003 
 {acc} cls : 100.00
[31/31 iteration of epoch 47/60] 
 {loss} cls : 0.004, total : 0.004 
 {acc} cls : 100.00
------------------------------
<Losses on train> cls : 0.003, total : 0.003
<Accuracies on train> cls : 99.95
Train epoch time: 5.854
------------------------------
<Accuracies on val> class : 94.07
------------------------------
<Accuracies on test> class : 81.54
------------------------------
<Accuracies on mixed_rand> test class : 75.12
------------------------------
<Accuracies on mixed_same> test class : 87.96
------------------------------
Total epoch time: 11.126

New epoch - lr: 0.003
[1/31 iteration of epoch 48/60] 
 {loss} cls : 0.016, total : 0.016 
 {acc} cls : 100.00
[31/31 iteration of epoch 48/60] 
 {loss} cls : 0.001, total : 0.001 
 {acc} cls : 100.00
------------------------------
<Losses on train> cls : 0.002, total : 0.002
<Accuracies on train> cls : 99.95
Train epoch time: 5.459
------------------------------
<Accuracies on val> class : 94.57
------------------------------
<Accuracies on test> class : 81.79
------------------------------
<Accuracies on mixed_rand> test class : 75.31
------------------------------
<Accuracies on mixed_same> test class : 88.27
------------------------------
Total epoch time: 10.627

New epoch - lr: 0.003
[1/31 iteration of epoch 49/60] 
 {loss} cls : 0.004, total : 0.004 
 {acc} cls : 100.00
[31/31 iteration of epoch 49/60] 
 {loss} cls : 0.000, total : 0.000 
 {acc} cls : 100.00
------------------------------
<Losses on train> cls : 0.002, total : 0.002
<Accuracies on train> cls : 100.00
Train epoch time: 5.355
------------------------------
<Accuracies on val> class : 94.32
------------------------------
<Accuracies on test> class : 81.85
------------------------------
<Accuracies on mixed_rand> test class : 75.62
------------------------------
<Accuracies on mixed_same> test class : 88.09
------------------------------
Total epoch time: 10.566

New epoch - lr: 0.003
[1/31 iteration of epoch 50/60] 
 {loss} cls : 0.000, total : 0.000 
 {acc} cls : 100.00
[31/31 iteration of epoch 50/60] 
 {loss} cls : 0.005, total : 0.005 
 {acc} cls : 100.00
------------------------------
<Losses on train> cls : 0.003, total : 0.003
<Accuracies on train> cls : 99.95
Train epoch time: 5.158
------------------------------
<Accuracies on val> class : 95.06
------------------------------
<Accuracies on test> class : 81.27
------------------------------
<Accuracies on mixed_rand> test class : 74.81
------------------------------
<Accuracies on mixed_same> test class : 87.72
------------------------------
Total epoch time: 10.396

New epoch - lr: 0.003
[1/31 iteration of epoch 51/60] 
 {loss} cls : 0.001, total : 0.001 
 {acc} cls : 100.00
[31/31 iteration of epoch 51/60] 
 {loss} cls : 0.031, total : 0.031 
 {acc} cls : 98.44
------------------------------
<Losses on train> cls : 0.002, total : 0.002
<Accuracies on train> cls : 99.95
Train epoch time: 5.247
------------------------------
<Accuracies on val> class : 94.57
------------------------------
<Accuracies on test> class : 81.76
------------------------------
<Accuracies on mixed_rand> test class : 75.25
------------------------------
<Accuracies on mixed_same> test class : 88.27
------------------------------
Total epoch time: 10.580

New epoch - lr: 0.003
[1/31 iteration of epoch 52/60] 
 {loss} cls : 0.000, total : 0.000 
 {acc} cls : 100.00
[31/31 iteration of epoch 52/60] 
 {loss} cls : 0.001, total : 0.001 
 {acc} cls : 100.00
------------------------------
<Losses on train> cls : 0.002, total : 0.002
<Accuracies on train> cls : 100.00
Train epoch time: 5.580
------------------------------
<Accuracies on val> class : 94.32
------------------------------
<Accuracies on test> class : 80.83
------------------------------
<Accuracies on mixed_rand> test class : 74.38
------------------------------
<Accuracies on mixed_same> test class : 87.28
------------------------------
Total epoch time: 10.683

New epoch - lr: 0.003
[1/31 iteration of epoch 53/60] 
 {loss} cls : 0.015, total : 0.015 
 {acc} cls : 98.44
[31/31 iteration of epoch 53/60] 
 {loss} cls : 0.001, total : 0.001 
 {acc} cls : 100.00
------------------------------
<Losses on train> cls : 0.003, total : 0.003
<Accuracies on train> cls : 99.90
Train epoch time: 5.173
------------------------------
<Accuracies on val> class : 94.32
------------------------------
<Accuracies on test> class : 81.17
------------------------------
<Accuracies on mixed_rand> test class : 75.00
------------------------------
<Accuracies on mixed_same> test class : 87.35
------------------------------
Total epoch time: 10.318

New epoch - lr: 0.0009000000000000002
[1/31 iteration of epoch 54/60] 
 {loss} cls : 0.001, total : 0.001 
 {acc} cls : 100.00
[31/31 iteration of epoch 54/60] 
 {loss} cls : 0.001, total : 0.001 
 {acc} cls : 100.00
------------------------------
<Losses on train> cls : 0.002, total : 0.002
<Accuracies on train> cls : 100.00
Train epoch time: 5.867
------------------------------
<Accuracies on val> class : 94.57
------------------------------
<Accuracies on test> class : 81.39
------------------------------
<Accuracies on mixed_rand> test class : 74.88
------------------------------
<Accuracies on mixed_same> test class : 87.90
------------------------------
Total epoch time: 11.041

New epoch - lr: 0.0009000000000000002
[1/31 iteration of epoch 55/60] 
 {loss} cls : 0.001, total : 0.001 
 {acc} cls : 100.00
[31/31 iteration of epoch 55/60] 
 {loss} cls : 0.001, total : 0.001 
 {acc} cls : 100.00
------------------------------
<Losses on train> cls : 0.002, total : 0.002
<Accuracies on train> cls : 99.95
Train epoch time: 5.169
------------------------------
<Accuracies on val> class : 94.57
------------------------------
<Accuracies on test> class : 81.79
------------------------------
<Accuracies on mixed_rand> test class : 75.19
------------------------------
<Accuracies on mixed_same> test class : 88.40
------------------------------
Total epoch time: 10.306

New epoch - lr: 0.0009000000000000002
[1/31 iteration of epoch 56/60] 
 {loss} cls : 0.001, total : 0.001 
 {acc} cls : 100.00
[31/31 iteration of epoch 56/60] 
 {loss} cls : 0.000, total : 0.000 
 {acc} cls : 100.00
------------------------------
<Losses on train> cls : 0.002, total : 0.002
<Accuracies on train> cls : 100.00
Train epoch time: 5.233
------------------------------
<Accuracies on val> class : 94.57
------------------------------
<Accuracies on test> class : 81.73
------------------------------
<Accuracies on mixed_rand> test class : 75.37
------------------------------
<Accuracies on mixed_same> test class : 88.09
------------------------------
Total epoch time: 10.557

New epoch - lr: 0.0009000000000000002
[1/31 iteration of epoch 57/60] 
 {loss} cls : 0.001, total : 0.001 
 {acc} cls : 100.00
[31/31 iteration of epoch 57/60] 
 {loss} cls : 0.001, total : 0.001 
 {acc} cls : 100.00
------------------------------
<Losses on train> cls : 0.002, total : 0.002
<Accuracies on train> cls : 100.00
Train epoch time: 5.272
------------------------------
<Accuracies on val> class : 94.32
------------------------------
<Accuracies on test> class : 81.36
------------------------------
<Accuracies on mixed_rand> test class : 74.75
------------------------------
<Accuracies on mixed_same> test class : 87.96
------------------------------
Total epoch time: 10.450

New epoch - lr: 0.0009000000000000002
[1/31 iteration of epoch 58/60] 
 {loss} cls : 0.005, total : 0.005 
 {acc} cls : 100.00
[31/31 iteration of epoch 58/60] 
 {loss} cls : 0.002, total : 0.002 
 {acc} cls : 100.00
------------------------------
<Losses on train> cls : 0.002, total : 0.002
<Accuracies on train> cls : 99.95
Train epoch time: 5.176
------------------------------
<Accuracies on val> class : 94.07
------------------------------
<Accuracies on test> class : 81.64
------------------------------
<Accuracies on mixed_rand> test class : 75.12
------------------------------
<Accuracies on mixed_same> test class : 88.15
------------------------------
Total epoch time: 10.278

New epoch - lr: 0.0009000000000000002
[1/31 iteration of epoch 59/60] 
 {loss} cls : 0.000, total : 0.000 
 {acc} cls : 100.00
[31/31 iteration of epoch 59/60] 
 {loss} cls : 0.002, total : 0.002 
 {acc} cls : 100.00
------------------------------
<Losses on train> cls : 0.001, total : 0.001
<Accuracies on train> cls : 100.00
Train epoch time: 5.239
------------------------------
<Accuracies on val> class : 94.32
------------------------------
<Accuracies on test> class : 81.39
------------------------------
<Accuracies on mixed_rand> test class : 75.19
------------------------------
<Accuracies on mixed_same> test class : 87.59
------------------------------
Total epoch time: 10.346

New epoch - lr: 0.0009000000000000002
[1/31 iteration of epoch 60/60] 
 {loss} cls : 0.002, total : 0.002 
 {acc} cls : 100.00
[31/31 iteration of epoch 60/60] 
 {loss} cls : 0.000, total : 0.000 
 {acc} cls : 100.00
------------------------------
<Losses on train> cls : 0.002, total : 0.002
<Accuracies on train> cls : 100.00
Train epoch time: 5.396
------------------------------
<Accuracies on val> class : 94.57
------------------------------
<Accuracies on test> class : 81.76
------------------------------
<Accuracies on mixed_rand> test class : 75.62
------------------------------
<Accuracies on mixed_same> test class : 87.90
------------------------------
Total epoch time: 10.528

******************************
Best val 0.958025, corresponding test 0.798148 - best test: 0.821605

******************************
Best val 0.9580246806144714, corresponding mixed_rand test 0.739506185054779

******************************
Best val 0.9580246806144714, corresponding mixed_same test 0.8567901253700256
