
Loading experiment PACS/ResNet18_step

Sample Strategy: all_m

New epoch - lr: 0.003
[1/23 iteration of epoch 1/30] 
 {loss} cls : 2.081, total : 2.081 
 {acc} cls : 11.72
------------------------------
<Losses on train> cls : 0.606, total : 0.606
<Accuracies on train> cls : 81.79
Train epoch time: 10.131
------------------------------
<Accuracies on val> class : 97.66
------------------------------
<Accuracies on test> class : 50.03
------------------------------
<Accuracies on cartoon> test class : 51.79
------------------------------
<Accuracies on art_painting> test class : 65.67
------------------------------
<Accuracies on sketch> test class : 40.82
------------------------------
Total epoch time: 27.429

New epoch - lr: 0.003
[1/23 iteration of epoch 2/30] 
 {loss} cls : 0.080, total : 0.080 
 {acc} cls : 96.09
------------------------------
<Losses on train> cls : 0.072, total : 0.072
<Accuracies on train> cls : 97.35
Train epoch time: 10.334
------------------------------
<Accuracies on val> class : 97.66
------------------------------
<Accuracies on test> class : 56.68
------------------------------
<Accuracies on cartoon> test class : 56.57
------------------------------
<Accuracies on art_painting> test class : 66.41
------------------------------
<Accuracies on sketch> test class : 51.67
------------------------------
Total epoch time: 27.458

New epoch - lr: 0.003
[1/23 iteration of epoch 3/30] 
 {loss} cls : 0.033, total : 0.033 
 {acc} cls : 98.44
------------------------------
<Losses on train> cls : 0.055, total : 0.055
<Accuracies on train> cls : 98.27
Train epoch time: 10.368
------------------------------
<Accuracies on val> class : 98.25
------------------------------
<Accuracies on test> class : 53.77
------------------------------
<Accuracies on cartoon> test class : 56.02
------------------------------
<Accuracies on art_painting> test class : 68.16
------------------------------
<Accuracies on sketch> test class : 44.92
------------------------------
Total epoch time: 27.669

New epoch - lr: 0.003
[1/23 iteration of epoch 4/30] 
 {loss} cls : 0.048, total : 0.048 
 {acc} cls : 98.44
------------------------------
<Losses on train> cls : 0.047, total : 0.047
<Accuracies on train> cls : 98.44
Train epoch time: 10.045
------------------------------
<Accuracies on val> class : 98.83
------------------------------
<Accuracies on test> class : 59.81
------------------------------
<Accuracies on cartoon> test class : 59.00
------------------------------
<Accuracies on art_painting> test class : 66.60
------------------------------
<Accuracies on sketch> test class : 56.76
------------------------------
Total epoch time: 27.194

New epoch - lr: 0.003
[1/23 iteration of epoch 5/30] 
 {loss} cls : 0.066, total : 0.066 
 {acc} cls : 96.88
------------------------------
<Losses on train> cls : 0.038, total : 0.038
<Accuracies on train> cls : 98.74
Train epoch time: 10.240
------------------------------
<Accuracies on val> class : 98.83
------------------------------
<Accuracies on test> class : 61.63
------------------------------
<Accuracies on cartoon> test class : 60.67
------------------------------
<Accuracies on art_painting> test class : 68.51
------------------------------
<Accuracies on sketch> test class : 58.62
------------------------------
Total epoch time: 27.462

New epoch - lr: 0.003
[1/23 iteration of epoch 6/30] 
 {loss} cls : 0.016, total : 0.016 
 {acc} cls : 100.00
------------------------------
<Losses on train> cls : 0.026, total : 0.026
<Accuracies on train> cls : 99.15
Train epoch time: 9.752
------------------------------
<Accuracies on val> class : 98.83
------------------------------
<Accuracies on test> class : 64.17
------------------------------
<Accuracies on cartoon> test class : 61.82
------------------------------
<Accuracies on art_painting> test class : 71.39
------------------------------
<Accuracies on sketch> test class : 61.82
------------------------------
Total epoch time: 26.853

New epoch - lr: 0.003
[1/23 iteration of epoch 7/30] 
 {loss} cls : 0.027, total : 0.027 
 {acc} cls : 99.22
------------------------------
<Losses on train> cls : 0.028, total : 0.028
<Accuracies on train> cls : 99.12
Train epoch time: 9.774
------------------------------
<Accuracies on val> class : 98.83
------------------------------
<Accuracies on test> class : 63.85
------------------------------
<Accuracies on cartoon> test class : 61.90
------------------------------
<Accuracies on art_painting> test class : 72.80
------------------------------
<Accuracies on sketch> test class : 60.35
------------------------------
Total epoch time: 26.924

New epoch - lr: 0.003
[1/23 iteration of epoch 8/30] 
 {loss} cls : 0.009, total : 0.009 
 {acc} cls : 100.00
------------------------------
<Losses on train> cls : 0.017, total : 0.017
<Accuracies on train> cls : 99.49
Train epoch time: 9.962
------------------------------
<Accuracies on val> class : 97.08
------------------------------
<Accuracies on test> class : 63.95
------------------------------
<Accuracies on cartoon> test class : 69.41
------------------------------
<Accuracies on art_painting> test class : 69.38
------------------------------
<Accuracies on sketch> test class : 57.85
------------------------------
Total epoch time: 26.817

New epoch - lr: 0.003
[1/23 iteration of epoch 9/30] 
 {loss} cls : 0.007, total : 0.007 
 {acc} cls : 100.00
------------------------------
<Losses on train> cls : 0.025, total : 0.025
<Accuracies on train> cls : 99.22
Train epoch time: 9.826
------------------------------
<Accuracies on val> class : 98.25
------------------------------
<Accuracies on test> class : 61.75
------------------------------
<Accuracies on cartoon> test class : 62.88
------------------------------
<Accuracies on art_painting> test class : 71.29
------------------------------
<Accuracies on sketch> test class : 56.10
------------------------------
Total epoch time: 26.656

New epoch - lr: 0.003
[1/23 iteration of epoch 10/30] 
 {loss} cls : 0.008, total : 0.008 
 {acc} cls : 100.00
------------------------------
<Losses on train> cls : 0.018, total : 0.018
<Accuracies on train> cls : 99.46
Train epoch time: 9.753
------------------------------
<Accuracies on val> class : 97.66
------------------------------
<Accuracies on test> class : 63.87
------------------------------
<Accuracies on cartoon> test class : 63.61
------------------------------
<Accuracies on art_painting> test class : 70.61
------------------------------
<Accuracies on sketch> test class : 60.52
------------------------------
Total epoch time: 26.617

New epoch - lr: 0.003
[1/23 iteration of epoch 11/30] 
 {loss} cls : 0.007, total : 0.007 
 {acc} cls : 100.00
------------------------------
<Losses on train> cls : 0.014, total : 0.014
<Accuracies on train> cls : 99.66
Train epoch time: 10.058
------------------------------
<Accuracies on val> class : 97.66
------------------------------
<Accuracies on test> class : 60.70
------------------------------
<Accuracies on cartoon> test class : 63.99
------------------------------
<Accuracies on art_painting> test class : 67.92
------------------------------
<Accuracies on sketch> test class : 54.98
------------------------------
Total epoch time: 26.792

New epoch - lr: 0.003
[1/23 iteration of epoch 12/30] 
 {loss} cls : 0.028, total : 0.028 
 {acc} cls : 99.22
------------------------------
<Losses on train> cls : 0.016, total : 0.016
<Accuracies on train> cls : 99.52
Train epoch time: 10.365
------------------------------
<Accuracies on val> class : 99.42
------------------------------
<Accuracies on test> class : 59.16
------------------------------
<Accuracies on cartoon> test class : 68.52
------------------------------
<Accuracies on art_painting> test class : 70.31
------------------------------
<Accuracies on sketch> test class : 47.77
------------------------------
Total epoch time: 27.541

New epoch - lr: 0.003
[1/23 iteration of epoch 13/30] 
 {loss} cls : 0.001, total : 0.001 
 {acc} cls : 100.00
------------------------------
<Losses on train> cls : 0.011, total : 0.011
<Accuracies on train> cls : 99.69
Train epoch time: 10.122
------------------------------
<Accuracies on val> class : 98.83
------------------------------
<Accuracies on test> class : 60.14
------------------------------
<Accuracies on cartoon> test class : 67.75
------------------------------
<Accuracies on art_painting> test class : 73.00
------------------------------
<Accuracies on sketch> test class : 48.89
------------------------------
Total epoch time: 26.946

New epoch - lr: 0.003
[1/23 iteration of epoch 14/30] 
 {loss} cls : 0.020, total : 0.020 
 {acc} cls : 99.22
------------------------------
<Losses on train> cls : 0.010, total : 0.010
<Accuracies on train> cls : 99.73
Train epoch time: 10.504
------------------------------
<Accuracies on val> class : 97.66
------------------------------
<Accuracies on test> class : 64.39
------------------------------
<Accuracies on cartoon> test class : 68.77
------------------------------
<Accuracies on art_painting> test class : 70.26
------------------------------
<Accuracies on sketch> test class : 58.72
------------------------------
Total epoch time: 27.372

New epoch - lr: 0.003
[1/23 iteration of epoch 15/30] 
 {loss} cls : 0.004, total : 0.004 
 {acc} cls : 100.00
------------------------------
<Losses on train> cls : 0.013, total : 0.013
<Accuracies on train> cls : 99.42
Train epoch time: 10.379
------------------------------
<Accuracies on val> class : 98.83
------------------------------
<Accuracies on test> class : 61.93
------------------------------
<Accuracies on cartoon> test class : 66.17
------------------------------
<Accuracies on art_painting> test class : 71.29
------------------------------
<Accuracies on sketch> test class : 54.52
------------------------------
Total epoch time: 27.285

New epoch - lr: 0.003
[1/23 iteration of epoch 16/30] 
 {loss} cls : 0.002, total : 0.002 
 {acc} cls : 100.00
------------------------------
<Losses on train> cls : 0.014, total : 0.014
<Accuracies on train> cls : 99.46
Train epoch time: 9.976
------------------------------
<Accuracies on val> class : 98.25
------------------------------
<Accuracies on test> class : 64.17
------------------------------
<Accuracies on cartoon> test class : 66.21
------------------------------
<Accuracies on art_painting> test class : 69.19
------------------------------
<Accuracies on sketch> test class : 60.35
------------------------------
Total epoch time: 26.799

New epoch - lr: 0.003
[1/23 iteration of epoch 17/30] 
 {loss} cls : 0.001, total : 0.001 
 {acc} cls : 100.00
------------------------------
<Losses on train> cls : 0.013, total : 0.013
<Accuracies on train> cls : 99.66
Train epoch time: 9.805
------------------------------
<Accuracies on val> class : 99.42
------------------------------
<Accuracies on test> class : 60.65
------------------------------
<Accuracies on cartoon> test class : 61.90
------------------------------
<Accuracies on art_painting> test class : 70.17
------------------------------
<Accuracies on sketch> test class : 54.95
------------------------------
Total epoch time: 27.019

New epoch - lr: 0.003
[1/23 iteration of epoch 18/30] 
 {loss} cls : 0.022, total : 0.022 
 {acc} cls : 99.22
------------------------------
<Losses on train> cls : 0.008, total : 0.008
<Accuracies on train> cls : 99.83
Train epoch time: 9.995
------------------------------
<Accuracies on val> class : 98.25
------------------------------
<Accuracies on test> class : 62.97
------------------------------
<Accuracies on cartoon> test class : 68.90
------------------------------
<Accuracies on art_painting> test class : 70.85
------------------------------
<Accuracies on sketch> test class : 55.33
------------------------------
Total epoch time: 26.891

New epoch - lr: 0.003
[1/23 iteration of epoch 19/30] 
 {loss} cls : 0.003, total : 0.003 
 {acc} cls : 100.00
------------------------------
<Losses on train> cls : 0.007, total : 0.007
<Accuracies on train> cls : 99.80
Train epoch time: 10.079
------------------------------
<Accuracies on val> class : 99.42
------------------------------
<Accuracies on test> class : 61.19
------------------------------
<Accuracies on cartoon> test class : 68.86
------------------------------
<Accuracies on art_painting> test class : 71.68
------------------------------
<Accuracies on sketch> test class : 51.16
------------------------------
Total epoch time: 27.289

New epoch - lr: 0.003
[1/23 iteration of epoch 20/30] 
 {loss} cls : 0.002, total : 0.002 
 {acc} cls : 100.00
------------------------------
<Losses on train> cls : 0.008, total : 0.008
<Accuracies on train> cls : 99.69
Train epoch time: 10.072
------------------------------
<Accuracies on val> class : 99.42
------------------------------
<Accuracies on test> class : 62.90
------------------------------
<Accuracies on cartoon> test class : 66.72
------------------------------
<Accuracies on art_painting> test class : 70.51
------------------------------
<Accuracies on sketch> test class : 56.66
------------------------------
Total epoch time: 27.253

New epoch - lr: 0.003
[1/23 iteration of epoch 21/30] 
 {loss} cls : 0.001, total : 0.001 
 {acc} cls : 100.00
------------------------------
<Losses on train> cls : 0.009, total : 0.009
<Accuracies on train> cls : 99.66
Train epoch time: 9.812
------------------------------
<Accuracies on val> class : 99.42
------------------------------
<Accuracies on test> class : 65.28
------------------------------
<Accuracies on cartoon> test class : 65.10
------------------------------
<Accuracies on art_painting> test class : 74.07
------------------------------
<Accuracies on sketch> test class : 60.80
------------------------------
Total epoch time: 26.978

New epoch - lr: 0.003
[1/23 iteration of epoch 22/30] 
 {loss} cls : 0.001, total : 0.001 
 {acc} cls : 100.00
------------------------------
<Losses on train> cls : 0.006, total : 0.006
<Accuracies on train> cls : 99.80
Train epoch time: 9.940
------------------------------
<Accuracies on val> class : 98.83
------------------------------
<Accuracies on test> class : 65.91
------------------------------
<Accuracies on cartoon> test class : 66.25
------------------------------
<Accuracies on art_painting> test class : 73.10
------------------------------
<Accuracies on sketch> test class : 61.95
------------------------------
Total epoch time: 26.707

New epoch - lr: 0.003
[1/23 iteration of epoch 23/30] 
 {loss} cls : 0.002, total : 0.002 
 {acc} cls : 100.00
------------------------------
<Losses on train> cls : 0.006, total : 0.006
<Accuracies on train> cls : 99.80
Train epoch time: 10.473
------------------------------
<Accuracies on val> class : 99.42
------------------------------
<Accuracies on test> class : 64.55
------------------------------
<Accuracies on cartoon> test class : 64.85
------------------------------
<Accuracies on art_painting> test class : 73.10
------------------------------
<Accuracies on sketch> test class : 59.91
------------------------------
Total epoch time: 27.633

New epoch - lr: 0.003
[1/23 iteration of epoch 24/30] 
 {loss} cls : 0.000, total : 0.000 
 {acc} cls : 100.00
------------------------------
<Losses on train> cls : 0.008, total : 0.008
<Accuracies on train> cls : 99.69
Train epoch time: 9.942
------------------------------
<Accuracies on val> class : 99.42
------------------------------
<Accuracies on test> class : 65.59
------------------------------
<Accuracies on cartoon> test class : 67.19
------------------------------
<Accuracies on art_painting> test class : 72.27
------------------------------
<Accuracies on sketch> test class : 61.16
------------------------------
Total epoch time: 27.183

New epoch - lr: 0.003
[1/23 iteration of epoch 25/30] 
 {loss} cls : 0.001, total : 0.001 
 {acc} cls : 100.00
------------------------------
<Losses on train> cls : 0.011, total : 0.011
<Accuracies on train> cls : 99.59
Train epoch time: 10.207
------------------------------
<Accuracies on val> class : 97.66
------------------------------
<Accuracies on test> class : 65.68
------------------------------
<Accuracies on cartoon> test class : 67.70
------------------------------
<Accuracies on art_painting> test class : 73.19
------------------------------
<Accuracies on sketch> test class : 60.55
------------------------------
Total epoch time: 27.054

New epoch - lr: 0.003
[1/23 iteration of epoch 26/30] 
 {loss} cls : 0.007, total : 0.007 
 {acc} cls : 100.00
------------------------------
<Losses on train> cls : 0.005, total : 0.005
<Accuracies on train> cls : 99.93
Train epoch time: 9.874
------------------------------
<Accuracies on val> class : 98.83
------------------------------
<Accuracies on test> class : 66.59
------------------------------
<Accuracies on cartoon> test class : 67.96
------------------------------
<Accuracies on art_painting> test class : 72.56
------------------------------
<Accuracies on sketch> test class : 62.66
------------------------------
Total epoch time: 26.756

New epoch - lr: 0.0009000000000000002
[1/23 iteration of epoch 27/30] 
 {loss} cls : 0.002, total : 0.002 
 {acc} cls : 100.00
------------------------------
<Losses on train> cls : 0.006, total : 0.006
<Accuracies on train> cls : 99.83
Train epoch time: 9.885
------------------------------
<Accuracies on val> class : 98.83
------------------------------
<Accuracies on test> class : 66.49
------------------------------
<Accuracies on cartoon> test class : 68.77
------------------------------
<Accuracies on art_painting> test class : 71.73
------------------------------
<Accuracies on sketch> test class : 62.41
------------------------------
Total epoch time: 26.845

New epoch - lr: 0.0009000000000000002
[1/23 iteration of epoch 28/30] 
 {loss} cls : 0.002, total : 0.002 
 {acc} cls : 100.00
------------------------------
<Losses on train> cls : 0.006, total : 0.006
<Accuracies on train> cls : 99.80
Train epoch time: 9.902
------------------------------
<Accuracies on val> class : 99.42
------------------------------
<Accuracies on test> class : 66.06
------------------------------
<Accuracies on cartoon> test class : 68.52
------------------------------
<Accuracies on art_painting> test class : 71.88
------------------------------
<Accuracies on sketch> test class : 61.57
------------------------------
Total epoch time: 27.123

New epoch - lr: 0.0009000000000000002
[1/23 iteration of epoch 29/30] 
 {loss} cls : 0.001, total : 0.001 
 {acc} cls : 100.00
------------------------------
<Losses on train> cls : 0.003, total : 0.003
<Accuracies on train> cls : 99.97
Train epoch time: 9.819
------------------------------
<Accuracies on val> class : 99.42
------------------------------
<Accuracies on test> class : 66.67
------------------------------
<Accuracies on cartoon> test class : 68.22
------------------------------
<Accuracies on art_painting> test class : 72.12
------------------------------
<Accuracies on sketch> test class : 62.92
------------------------------
Total epoch time: 27.117

New epoch - lr: 0.0009000000000000002
[1/23 iteration of epoch 30/30] 
 {loss} cls : 0.003, total : 0.003 
 {acc} cls : 100.00
------------------------------
<Losses on train> cls : 0.004, total : 0.004
<Accuracies on train> cls : 99.86
Train epoch time: 9.924
------------------------------
<Accuracies on val> class : 99.42
------------------------------
<Accuracies on test> class : 66.11
------------------------------
<Accuracies on cartoon> test class : 66.38
------------------------------
<Accuracies on art_painting> test class : 72.41
------------------------------
<Accuracies on sketch> test class : 62.66
------------------------------
Total epoch time: 27.053

******************************
Best val 0.994152, corresponding test 0.661098 - best test: 0.666747

******************************
Best val 0.9941520690917969, corresponding cartoon test 0.6638225317001343

******************************
Best val 0.9941520690917969, corresponding art_painting test 0.72412109375

******************************
Best val 0.9941520690917969, corresponding sketch test 0.6266225576400757
