
Loading experiment PACS/ResNet18_step

Sample Strategy: all

New epoch - lr: 0.003
[1/55 iteration of epoch 1/30] 
 {loss} cls : 2.348, fac : 4.141, total : 6.488 
 {acc} cls : 14.06
[31/55 iteration of epoch 1/30] 
 {loss} cls : 0.728, fac : 4.089, total : 4.817 
 {acc} cls : 70.31
------------------------------
<Losses on train> cls : 1.302, fac : 4.107, total : 5.409
<Accuracies on train> cls : 64.72
Train epoch time: 49.166
------------------------------
<Accuracies on val> class : 89.20
------------------------------
<Accuracies on test> class : 46.52
------------------------------
<Accuracies on photo> test class : 45.93
------------------------------
<Accuracies on cartoon> test class : 58.15
------------------------------
<Accuracies on art_painting> test class : 33.69
------------------------------
Total epoch time: 79.258

New epoch - lr: 0.003
[1/55 iteration of epoch 2/30] 
 {loss} cls : 0.689, fac : 4.100, total : 4.789 
 {acc} cls : 75.78
[31/55 iteration of epoch 2/30] 
 {loss} cls : 0.487, fac : 4.041, total : 4.527 
 {acc} cls : 77.34
------------------------------
<Losses on train> cls : 0.474, fac : 4.057, total : 4.531
<Accuracies on train> cls : 81.45
Train epoch time: 48.791
------------------------------
<Accuracies on val> class : 91.46
------------------------------
<Accuracies on test> class : 55.21
------------------------------
<Accuracies on photo> test class : 52.99
------------------------------
<Accuracies on cartoon> test class : 67.49
------------------------------
<Accuracies on art_painting> test class : 42.97
------------------------------
Total epoch time: 81.927

New epoch - lr: 0.003
[1/55 iteration of epoch 3/30] 
 {loss} cls : 0.415, fac : 4.051, total : 4.467 
 {acc} cls : 81.25
[31/55 iteration of epoch 3/30] 
 {loss} cls : 0.493, fac : 4.035, total : 4.528 
 {acc} cls : 78.91
------------------------------
<Losses on train> cls : 0.421, fac : 4.023, total : 4.444
<Accuracies on train> cls : 82.88
Train epoch time: 47.198
------------------------------
<Accuracies on val> class : 92.96
------------------------------
<Accuracies on test> class : 56.42
------------------------------
<Accuracies on photo> test class : 60.24
------------------------------
<Accuracies on cartoon> test class : 64.59
------------------------------
<Accuracies on art_painting> test class : 43.95
------------------------------
Total epoch time: 78.192

New epoch - lr: 0.003
[1/55 iteration of epoch 4/30] 
 {loss} cls : 0.355, fac : 3.975, total : 4.330 
 {acc} cls : 82.81
[31/55 iteration of epoch 4/30] 
 {loss} cls : 0.349, fac : 4.002, total : 4.352 
 {acc} cls : 89.06
------------------------------
<Losses on train> cls : 0.391, fac : 3.995, total : 4.386
<Accuracies on train> cls : 84.33
Train epoch time: 48.755
------------------------------
<Accuracies on val> class : 93.72
------------------------------
<Accuracies on test> class : 61.10
------------------------------
<Accuracies on photo> test class : 64.91
------------------------------
<Accuracies on cartoon> test class : 69.45
------------------------------
<Accuracies on art_painting> test class : 48.44
------------------------------
Total epoch time: 79.504

New epoch - lr: 0.003
[1/55 iteration of epoch 5/30] 
 {loss} cls : 0.421, fac : 3.953, total : 4.374 
 {acc} cls : 82.03
[31/55 iteration of epoch 5/30] 
 {loss} cls : 0.332, fac : 3.949, total : 4.281 
 {acc} cls : 86.72
------------------------------
<Losses on train> cls : 0.364, fac : 3.968, total : 4.332
<Accuracies on train> cls : 85.41
Train epoch time: 48.930
------------------------------
<Accuracies on val> class : 94.47
------------------------------
<Accuracies on test> class : 63.20
------------------------------
<Accuracies on photo> test class : 68.14
------------------------------
<Accuracies on cartoon> test class : 71.42
------------------------------
<Accuracies on art_painting> test class : 49.76
------------------------------
Total epoch time: 79.618

New epoch - lr: 0.003
[1/55 iteration of epoch 6/30] 
 {loss} cls : 0.473, fac : 3.989, total : 4.462 
 {acc} cls : 84.38
[31/55 iteration of epoch 6/30] 
 {loss} cls : 0.282, fac : 3.897, total : 4.179 
 {acc} cls : 89.84
------------------------------
<Losses on train> cls : 0.347, fac : 3.944, total : 4.292
<Accuracies on train> cls : 86.31
Train epoch time: 49.004
------------------------------
<Accuracies on val> class : 93.97
------------------------------
<Accuracies on test> class : 68.28
------------------------------
<Accuracies on photo> test class : 83.11
------------------------------
<Accuracies on cartoon> test class : 69.84
------------------------------
<Accuracies on art_painting> test class : 54.39
------------------------------
Total epoch time: 78.352

New epoch - lr: 0.003
[1/55 iteration of epoch 7/30] 
 {loss} cls : 0.314, fac : 3.944, total : 4.258 
 {acc} cls : 89.06
[31/55 iteration of epoch 7/30] 
 {loss} cls : 0.387, fac : 3.886, total : 4.272 
 {acc} cls : 84.38
------------------------------
<Losses on train> cls : 0.350, fac : 3.921, total : 4.271
<Accuracies on train> cls : 85.95
Train epoch time: 51.026
------------------------------
<Accuracies on val> class : 93.22
------------------------------
<Accuracies on test> class : 63.82
------------------------------
<Accuracies on photo> test class : 68.56
------------------------------
<Accuracies on cartoon> test class : 71.46
------------------------------
<Accuracies on art_painting> test class : 51.22
------------------------------
Total epoch time: 80.419

New epoch - lr: 0.003
[1/55 iteration of epoch 8/30] 
 {loss} cls : 0.282, fac : 3.907, total : 4.189 
 {acc} cls : 86.72
[31/55 iteration of epoch 8/30] 
 {loss} cls : 0.273, fac : 3.867, total : 4.140 
 {acc} cls : 88.28
------------------------------
<Losses on train> cls : 0.323, fac : 3.901, total : 4.224
<Accuracies on train> cls : 87.05
Train epoch time: 48.677
------------------------------
<Accuracies on val> class : 94.47
------------------------------
<Accuracies on test> class : 68.49
------------------------------
<Accuracies on photo> test class : 78.62
------------------------------
<Accuracies on cartoon> test class : 73.25
------------------------------
<Accuracies on art_painting> test class : 54.79
------------------------------
Total epoch time: 81.255

New epoch - lr: 0.003
[1/55 iteration of epoch 9/30] 
 {loss} cls : 0.360, fac : 3.936, total : 4.296 
 {acc} cls : 86.72
[31/55 iteration of epoch 9/30] 
 {loss} cls : 0.303, fac : 3.898, total : 4.202 
 {acc} cls : 89.84
------------------------------
<Losses on train> cls : 0.335, fac : 3.886, total : 4.221
<Accuracies on train> cls : 86.58
Train epoch time: 46.838
------------------------------
<Accuracies on val> class : 92.46
------------------------------
<Accuracies on test> class : 68.15
------------------------------
<Accuracies on photo> test class : 81.56
------------------------------
<Accuracies on cartoon> test class : 73.04
------------------------------
<Accuracies on art_painting> test class : 51.61
------------------------------
Total epoch time: 78.602

New epoch - lr: 0.003
[1/55 iteration of epoch 10/30] 
 {loss} cls : 0.277, fac : 3.879, total : 4.157 
 {acc} cls : 89.06
[31/55 iteration of epoch 10/30] 
 {loss} cls : 0.387, fac : 3.951, total : 4.338 
 {acc} cls : 84.38
------------------------------
<Losses on train> cls : 0.316, fac : 3.868, total : 4.184
<Accuracies on train> cls : 87.56
Train epoch time: 48.495
------------------------------
<Accuracies on val> class : 95.48
------------------------------
<Accuracies on test> class : 67.80
------------------------------
<Accuracies on photo> test class : 81.86
------------------------------
<Accuracies on cartoon> test class : 71.12
------------------------------
<Accuracies on art_painting> test class : 52.54
------------------------------
Total epoch time: 77.767

New epoch - lr: 0.003
[1/55 iteration of epoch 11/30] 
 {loss} cls : 0.277, fac : 3.830, total : 4.108 
 {acc} cls : 89.06
[31/55 iteration of epoch 11/30] 
 {loss} cls : 0.306, fac : 3.879, total : 4.185 
 {acc} cls : 88.28
------------------------------
<Losses on train> cls : 0.314, fac : 3.850, total : 4.164
<Accuracies on train> cls : 87.64
Train epoch time: 48.749
------------------------------
<Accuracies on val> class : 93.47
------------------------------
<Accuracies on test> class : 71.26
------------------------------
<Accuracies on photo> test class : 84.37
------------------------------
<Accuracies on cartoon> test class : 74.19
------------------------------
<Accuracies on art_painting> test class : 57.23
------------------------------
Total epoch time: 78.162

New epoch - lr: 0.003
[1/55 iteration of epoch 12/30] 
 {loss} cls : 0.284, fac : 3.841, total : 4.125 
 {acc} cls : 88.28
[31/55 iteration of epoch 12/30] 
 {loss} cls : 0.289, fac : 3.887, total : 4.176 
 {acc} cls : 89.06
------------------------------
<Losses on train> cls : 0.320, fac : 3.845, total : 4.165
<Accuracies on train> cls : 87.50
Train epoch time: 50.555
------------------------------
<Accuracies on val> class : 93.72
------------------------------
<Accuracies on test> class : 67.87
------------------------------
<Accuracies on photo> test class : 81.50
------------------------------
<Accuracies on cartoon> test class : 69.62
------------------------------
<Accuracies on art_painting> test class : 54.74
------------------------------
Total epoch time: 80.847

New epoch - lr: 0.003
[1/55 iteration of epoch 13/30] 
 {loss} cls : 0.340, fac : 3.845, total : 4.185 
 {acc} cls : 85.16
[31/55 iteration of epoch 13/30] 
 {loss} cls : 0.338, fac : 3.821, total : 4.159 
 {acc} cls : 86.72
------------------------------
<Losses on train> cls : 0.312, fac : 3.824, total : 4.136
<Accuracies on train> cls : 87.76
Train epoch time: 49.314
------------------------------
<Accuracies on val> class : 92.96
------------------------------
<Accuracies on test> class : 68.90
------------------------------
<Accuracies on photo> test class : 78.68
------------------------------
<Accuracies on cartoon> test class : 76.15
------------------------------
<Accuracies on art_painting> test class : 52.64
------------------------------
Total epoch time: 80.434

New epoch - lr: 0.003
[1/55 iteration of epoch 14/30] 
 {loss} cls : 0.236, fac : 3.804, total : 4.040 
 {acc} cls : 90.62
[31/55 iteration of epoch 14/30] 
 {loss} cls : 0.411, fac : 3.912, total : 4.324 
 {acc} cls : 83.59
------------------------------
<Losses on train> cls : 0.316, fac : 3.816, total : 4.132
<Accuracies on train> cls : 87.63
Train epoch time: 48.528
------------------------------
<Accuracies on val> class : 93.47
------------------------------
<Accuracies on test> class : 70.06
------------------------------
<Accuracies on photo> test class : 78.68
------------------------------
<Accuracies on cartoon> test class : 72.82
------------------------------
<Accuracies on art_painting> test class : 59.86
------------------------------
Total epoch time: 80.483

New epoch - lr: 0.003
[1/55 iteration of epoch 15/30] 
 {loss} cls : 0.374, fac : 3.863, total : 4.237 
 {acc} cls : 84.38
[31/55 iteration of epoch 15/30] 
 {loss} cls : 0.380, fac : 3.815, total : 4.195 
 {acc} cls : 85.16
------------------------------
<Losses on train> cls : 0.303, fac : 3.800, total : 4.103
<Accuracies on train> cls : 88.25
Train epoch time: 48.024
------------------------------
<Accuracies on val> class : 94.22
------------------------------
<Accuracies on test> class : 67.93
------------------------------
<Accuracies on photo> test class : 83.05
------------------------------
<Accuracies on cartoon> test class : 70.52
------------------------------
<Accuracies on art_painting> test class : 52.64
------------------------------
Total epoch time: 80.158

New epoch - lr: 0.003
[1/55 iteration of epoch 16/30] 
 {loss} cls : 0.379, fac : 3.779, total : 4.158 
 {acc} cls : 82.81
[31/55 iteration of epoch 16/30] 
 {loss} cls : 0.245, fac : 3.777, total : 4.022 
 {acc} cls : 89.84
------------------------------
<Losses on train> cls : 0.309, fac : 3.795, total : 4.104
<Accuracies on train> cls : 87.56
Train epoch time: 49.754
------------------------------
<Accuracies on val> class : 93.72
------------------------------
<Accuracies on test> class : 71.63
------------------------------
<Accuracies on photo> test class : 83.53
------------------------------
<Accuracies on cartoon> test class : 72.74
------------------------------
<Accuracies on art_painting> test class : 60.64
------------------------------
Total epoch time: 79.311

New epoch - lr: 0.003
[1/55 iteration of epoch 17/30] 
 {loss} cls : 0.315, fac : 3.811, total : 4.125 
 {acc} cls : 88.28
[31/55 iteration of epoch 17/30] 
 {loss} cls : 0.296, fac : 3.773, total : 4.069 
 {acc} cls : 87.50
------------------------------
<Losses on train> cls : 0.309, fac : 3.783, total : 4.092
<Accuracies on train> cls : 87.56
Train epoch time: 48.890
------------------------------
<Accuracies on val> class : 93.72
------------------------------
<Accuracies on test> class : 68.15
------------------------------
<Accuracies on photo> test class : 78.38
------------------------------
<Accuracies on cartoon> test class : 72.99
------------------------------
<Accuracies on art_painting> test class : 54.25
------------------------------
Total epoch time: 78.496

New epoch - lr: 0.003
[1/55 iteration of epoch 18/30] 
 {loss} cls : 0.257, fac : 3.736, total : 3.993 
 {acc} cls : 89.84
[31/55 iteration of epoch 18/30] 
 {loss} cls : 0.309, fac : 3.727, total : 4.036 
 {acc} cls : 90.62
------------------------------
<Losses on train> cls : 0.294, fac : 3.768, total : 4.062
<Accuracies on train> cls : 88.22
Train epoch time: 48.838
------------------------------
<Accuracies on val> class : 93.72
------------------------------
<Accuracies on test> class : 65.52
------------------------------
<Accuracies on photo> test class : 75.81
------------------------------
<Accuracies on cartoon> test class : 71.25
------------------------------
<Accuracies on art_painting> test class : 50.59
------------------------------
Total epoch time: 79.777

New epoch - lr: 0.003
[1/55 iteration of epoch 19/30] 
 {loss} cls : 0.237, fac : 3.764, total : 4.001 
 {acc} cls : 91.41
[31/55 iteration of epoch 19/30] 
 {loss} cls : 0.337, fac : 3.801, total : 4.138 
 {acc} cls : 85.94
------------------------------
<Losses on train> cls : 0.296, fac : 3.766, total : 4.062
<Accuracies on train> cls : 88.20
Train epoch time: 47.902
------------------------------
<Accuracies on val> class : 95.23
------------------------------
<Accuracies on test> class : 68.56
------------------------------
<Accuracies on photo> test class : 81.32
------------------------------
<Accuracies on cartoon> test class : 72.48
------------------------------
<Accuracies on art_painting> test class : 53.66
------------------------------
Total epoch time: 78.115

New epoch - lr: 0.003
[1/55 iteration of epoch 20/30] 
 {loss} cls : 0.244, fac : 3.739, total : 3.983 
 {acc} cls : 92.19
[31/55 iteration of epoch 20/30] 
 {loss} cls : 0.380, fac : 3.766, total : 4.145 
 {acc} cls : 82.81
------------------------------
<Losses on train> cls : 0.291, fac : 3.751, total : 4.042
<Accuracies on train> cls : 88.38
Train epoch time: 49.095
------------------------------
<Accuracies on val> class : 93.72
------------------------------
<Accuracies on test> class : 67.04
------------------------------
<Accuracies on photo> test class : 77.49
------------------------------
<Accuracies on cartoon> test class : 71.33
------------------------------
<Accuracies on art_painting> test class : 53.61
------------------------------
Total epoch time: 79.708

New epoch - lr: 0.003
[1/55 iteration of epoch 21/30] 
 {loss} cls : 0.248, fac : 3.725, total : 3.974 
 {acc} cls : 89.06
[31/55 iteration of epoch 21/30] 
 {loss} cls : 0.287, fac : 3.792, total : 4.079 
 {acc} cls : 88.28
------------------------------
<Losses on train> cls : 0.297, fac : 3.753, total : 4.051
<Accuracies on train> cls : 88.00
Train epoch time: 48.695
------------------------------
<Accuracies on val> class : 94.22
------------------------------
<Accuracies on test> class : 64.73
------------------------------
<Accuracies on photo> test class : 71.14
------------------------------
<Accuracies on cartoon> test class : 72.95
------------------------------
<Accuracies on art_painting> test class : 50.10
------------------------------
Total epoch time: 79.925

New epoch - lr: 0.003
[1/55 iteration of epoch 22/30] 
 {loss} cls : 0.323, fac : 3.790, total : 4.113 
 {acc} cls : 87.50
[31/55 iteration of epoch 22/30] 
 {loss} cls : 0.377, fac : 3.829, total : 4.206 
 {acc} cls : 85.94
------------------------------
<Losses on train> cls : 0.292, fac : 3.746, total : 4.038
<Accuracies on train> cls : 87.88
Train epoch time: 48.257
------------------------------
<Accuracies on val> class : 94.47
------------------------------
<Accuracies on test> class : 66.48
------------------------------
<Accuracies on photo> test class : 78.74
------------------------------
<Accuracies on cartoon> test class : 70.18
------------------------------
<Accuracies on art_painting> test class : 52.25
------------------------------
Total epoch time: 78.679

New epoch - lr: 0.003
[1/55 iteration of epoch 23/30] 
 {loss} cls : 0.302, fac : 3.754, total : 4.055 
 {acc} cls : 88.28
[31/55 iteration of epoch 23/30] 
 {loss} cls : 0.467, fac : 3.810, total : 4.277 
 {acc} cls : 81.25
------------------------------
<Losses on train> cls : 0.293, fac : 3.738, total : 4.031
<Accuracies on train> cls : 88.14
Train epoch time: 49.977
------------------------------
<Accuracies on val> class : 94.47
------------------------------
<Accuracies on test> class : 68.72
------------------------------
<Accuracies on photo> test class : 80.12
------------------------------
<Accuracies on cartoon> test class : 72.06
------------------------------
<Accuracies on art_painting> test class : 55.62
------------------------------
Total epoch time: 78.125

New epoch - lr: 0.003
[1/55 iteration of epoch 24/30] 
 {loss} cls : 0.277, fac : 3.720, total : 3.997 
 {acc} cls : 89.84
[31/55 iteration of epoch 24/30] 
 {loss} cls : 0.365, fac : 3.786, total : 4.151 
 {acc} cls : 84.38
------------------------------
<Losses on train> cls : 0.295, fac : 3.736, total : 4.031
<Accuracies on train> cls : 87.87
Train epoch time: 47.180
------------------------------
<Accuracies on val> class : 95.23
------------------------------
<Accuracies on test> class : 66.02
------------------------------
<Accuracies on photo> test class : 74.67
------------------------------
<Accuracies on cartoon> test class : 72.18
------------------------------
<Accuracies on art_painting> test class : 51.90
------------------------------
Total epoch time: 76.209

New epoch - lr: 0.003
[1/55 iteration of epoch 25/30] 
 {loss} cls : 0.333, fac : 3.779, total : 4.112 
 {acc} cls : 87.50
[31/55 iteration of epoch 25/30] 
 {loss} cls : 0.233, fac : 3.697, total : 3.929 
 {acc} cls : 89.84
------------------------------
<Losses on train> cls : 0.288, fac : 3.726, total : 4.015
<Accuracies on train> cls : 88.10
Train epoch time: 44.350
------------------------------
<Accuracies on val> class : 94.97
------------------------------
<Accuracies on test> class : 66.89
------------------------------
<Accuracies on photo> test class : 78.80
------------------------------
<Accuracies on cartoon> test class : 71.76
------------------------------
<Accuracies on art_painting> test class : 51.61
------------------------------
Total epoch time: 74.360

New epoch - lr: 0.003
[1/55 iteration of epoch 26/30] 
 {loss} cls : 0.208, fac : 3.653, total : 3.862 
 {acc} cls : 91.41
[31/55 iteration of epoch 26/30] 
 {loss} cls : 0.392, fac : 3.770, total : 4.162 
 {acc} cls : 80.47
------------------------------
<Losses on train> cls : 0.278, fac : 3.713, total : 3.991
<Accuracies on train> cls : 88.89
Train epoch time: 43.972
------------------------------
<Accuracies on val> class : 94.47
------------------------------
<Accuracies on test> class : 69.20
------------------------------
<Accuracies on photo> test class : 81.68
------------------------------
<Accuracies on cartoon> test class : 72.14
------------------------------
<Accuracies on art_painting> test class : 55.66
------------------------------
Total epoch time: 70.537

New epoch - lr: 0.0009000000000000002
[1/55 iteration of epoch 27/30] 
 {loss} cls : 0.310, fac : 3.740, total : 4.049 
 {acc} cls : 89.06
[31/55 iteration of epoch 27/30] 
 {loss} cls : 0.263, fac : 3.745, total : 4.008 
 {acc} cls : 89.84
------------------------------
<Losses on train> cls : 0.281, fac : 3.712, total : 3.993
<Accuracies on train> cls : 88.89
Train epoch time: 36.747
------------------------------
<Accuracies on val> class : 95.48
------------------------------
<Accuracies on test> class : 67.83
------------------------------
<Accuracies on photo> test class : 76.71
------------------------------
<Accuracies on cartoon> test class : 73.63
------------------------------
<Accuracies on art_painting> test class : 53.96
------------------------------
Total epoch time: 63.373

New epoch - lr: 0.0009000000000000002
[1/55 iteration of epoch 28/30] 
 {loss} cls : 0.392, fac : 3.772, total : 4.164 
 {acc} cls : 84.38
[31/55 iteration of epoch 28/30] 
 {loss} cls : 0.226, fac : 3.684, total : 3.910 
 {acc} cls : 89.06
------------------------------
<Losses on train> cls : 0.283, fac : 3.711, total : 3.994
<Accuracies on train> cls : 88.72
Train epoch time: 37.438
------------------------------
<Accuracies on val> class : 94.72
------------------------------
<Accuracies on test> class : 69.00
------------------------------
<Accuracies on photo> test class : 79.22
------------------------------
<Accuracies on cartoon> test class : 74.19
------------------------------
<Accuracies on art_painting> test class : 54.74
------------------------------
Total epoch time: 64.403

New epoch - lr: 0.0009000000000000002
[1/55 iteration of epoch 29/30] 
 {loss} cls : 0.265, fac : 3.700, total : 3.965 
 {acc} cls : 89.06
[31/55 iteration of epoch 29/30] 
 {loss} cls : 0.209, fac : 3.655, total : 3.864 
 {acc} cls : 92.19
------------------------------
<Losses on train> cls : 0.283, fac : 3.710, total : 3.992
<Accuracies on train> cls : 88.66
Train epoch time: 36.616
------------------------------
<Accuracies on val> class : 94.97
------------------------------
<Accuracies on test> class : 66.58
------------------------------
<Accuracies on photo> test class : 76.83
------------------------------
<Accuracies on cartoon> test class : 73.04
------------------------------
<Accuracies on art_painting> test class : 50.83
------------------------------
Total epoch time: 64.221

New epoch - lr: 0.0009000000000000002
[1/55 iteration of epoch 30/30] 
 {loss} cls : 0.212, fac : 3.668, total : 3.879 
 {acc} cls : 92.19
[31/55 iteration of epoch 30/30] 
 {loss} cls : 0.344, fac : 3.798, total : 4.141 
 {acc} cls : 86.72
------------------------------
<Losses on train> cls : 0.271, fac : 3.703, total : 3.974
<Accuracies on train> cls : 89.08
Train epoch time: 39.356
------------------------------
<Accuracies on val> class : 94.97
------------------------------
<Accuracies on test> class : 67.90
------------------------------
<Accuracies on photo> test class : 77.31
------------------------------
<Accuracies on cartoon> test class : 74.45
------------------------------
<Accuracies on art_painting> test class : 52.73
------------------------------
Total epoch time: 66.035

******************************
Best val 0.954774, corresponding test 0.678324 - best test: 0.716265

******************************
Best val 0.9547738432884216, corresponding photo test 0.7670658826828003

******************************
Best val 0.9547738432884216, corresponding cartoon test 0.7363481521606445

******************************
Best val 0.9547738432884216, corresponding art_painting test 0.53955078125
