
Loading experiment Officehome/ResNet18_step

Sample Strategy: all

New epoch - lr: 0.003
[1/62 iteration of epoch 1/50] 
 {loss} cls : 4.356, total : 4.356 
 {acc} cls : 0.78
[31/62 iteration of epoch 1/50] 
 {loss} cls : 1.113, total : 1.113 
 {acc} cls : 67.97
[61/62 iteration of epoch 1/50] 
 {loss} cls : 0.870, total : 0.870 
 {acc} cls : 75.00
------------------------------
<Losses on train> cls : 1.719, total : 1.719
<Accuracies on train> cls : 58.69
Train epoch time: 56.711
------------------------------
<Accuracies on val> class : 78.56
------------------------------
<Accuracies on test> class : 49.91
------------------------------
<Accuracies on Art> test class : 40.96
------------------------------
<Accuracies on Clipart> test class : 40.34
------------------------------
<Accuracies on Real_World> test class : 64.47
------------------------------
Total epoch time: 306.059

New epoch - lr: 0.003
[1/62 iteration of epoch 2/50] 
 {loss} cls : 0.539, total : 0.539 
 {acc} cls : 86.72
[31/62 iteration of epoch 2/50] 
 {loss} cls : 0.595, total : 0.595 
 {acc} cls : 83.59
[61/62 iteration of epoch 2/50] 
 {loss} cls : 0.566, total : 0.566 
 {acc} cls : 83.59
------------------------------
<Losses on train> cls : 0.641, total : 0.641
<Accuracies on train> cls : 82.27
Train epoch time: 53.656
------------------------------
<Accuracies on val> class : 85.10
------------------------------
<Accuracies on test> class : 53.88
------------------------------
<Accuracies on Art> test class : 43.02
------------------------------
<Accuracies on Clipart> test class : 46.32
------------------------------
<Accuracies on Real_World> test class : 67.50
------------------------------
Total epoch time: 302.797

New epoch - lr: 0.003
[1/62 iteration of epoch 3/50] 
 {loss} cls : 0.328, total : 0.328 
 {acc} cls : 90.62
[31/62 iteration of epoch 3/50] 
 {loss} cls : 0.409, total : 0.409 
 {acc} cls : 85.94
[61/62 iteration of epoch 3/50] 
 {loss} cls : 0.468, total : 0.468 
 {acc} cls : 84.38
------------------------------
<Losses on train> cls : 0.466, total : 0.466
<Accuracies on train> cls : 86.78
Train epoch time: 53.327
------------------------------
<Accuracies on val> class : 84.42
------------------------------
<Accuracies on test> class : 54.14
------------------------------
<Accuracies on Art> test class : 44.62
------------------------------
<Accuracies on Clipart> test class : 44.93
------------------------------
<Accuracies on Real_World> test class : 68.67
------------------------------
Total epoch time: 305.069

New epoch - lr: 0.003
[1/62 iteration of epoch 4/50] 
 {loss} cls : 0.303, total : 0.303 
 {acc} cls : 89.84
[31/62 iteration of epoch 4/50] 
 {loss} cls : 0.269, total : 0.269 
 {acc} cls : 92.19
[61/62 iteration of epoch 4/50] 
 {loss} cls : 0.294, total : 0.294 
 {acc} cls : 89.84
------------------------------
<Losses on train> cls : 0.371, total : 0.371
<Accuracies on train> cls : 89.49
Train epoch time: 52.878
------------------------------
<Accuracies on val> class : 86.00
------------------------------
<Accuracies on test> class : 54.79
------------------------------
<Accuracies on Art> test class : 44.58
------------------------------
<Accuracies on Clipart> test class : 46.05
------------------------------
<Accuracies on Real_World> test class : 69.22
------------------------------
Total epoch time: 305.420

New epoch - lr: 0.003
[1/62 iteration of epoch 5/50] 
 {loss} cls : 0.291, total : 0.291 
 {acc} cls : 89.84
[31/62 iteration of epoch 5/50] 
 {loss} cls : 0.312, total : 0.312 
 {acc} cls : 89.84
[61/62 iteration of epoch 5/50] 
 {loss} cls : 0.226, total : 0.226 
 {acc} cls : 94.53
------------------------------
<Losses on train> cls : 0.308, total : 0.308
<Accuracies on train> cls : 91.26
Train epoch time: 51.303
------------------------------
<Accuracies on val> class : 87.81
------------------------------
<Accuracies on test> class : 55.92
------------------------------
<Accuracies on Art> test class : 46.85
------------------------------
<Accuracies on Clipart> test class : 47.33
------------------------------
<Accuracies on Real_World> test class : 69.59
------------------------------
Total epoch time: 305.107

New epoch - lr: 0.003
[1/62 iteration of epoch 6/50] 
 {loss} cls : 0.224, total : 0.224 
 {acc} cls : 94.53
[31/62 iteration of epoch 6/50] 
 {loss} cls : 0.300, total : 0.300 
 {acc} cls : 89.84
[61/62 iteration of epoch 6/50] 
 {loss} cls : 0.231, total : 0.231 
 {acc} cls : 93.75
------------------------------
<Losses on train> cls : 0.261, total : 0.261
<Accuracies on train> cls : 93.23
Train epoch time: 51.733
------------------------------
<Accuracies on val> class : 85.78
------------------------------
<Accuracies on test> class : 54.24
------------------------------
<Accuracies on Art> test class : 42.89
------------------------------
<Accuracies on Clipart> test class : 45.89
------------------------------
<Accuracies on Real_World> test class : 68.92
------------------------------
Total epoch time: 301.087

New epoch - lr: 0.003
[1/62 iteration of epoch 7/50] 
 {loss} cls : 0.248, total : 0.248 
 {acc} cls : 92.97
[31/62 iteration of epoch 7/50] 
 {loss} cls : 0.315, total : 0.315 
 {acc} cls : 89.84
[61/62 iteration of epoch 7/50] 
 {loss} cls : 0.272, total : 0.272 
 {acc} cls : 92.97
------------------------------
<Losses on train> cls : 0.241, total : 0.241
<Accuracies on train> cls : 93.01
Train epoch time: 51.563
------------------------------
<Accuracies on val> class : 86.68
------------------------------
<Accuracies on test> class : 55.60
------------------------------
<Accuracies on Art> test class : 45.45
------------------------------
<Accuracies on Clipart> test class : 47.40
------------------------------
<Accuracies on Real_World> test class : 69.47
------------------------------
Total epoch time: 300.359

New epoch - lr: 0.003
[1/62 iteration of epoch 8/50] 
 {loss} cls : 0.279, total : 0.279 
 {acc} cls : 89.84
[31/62 iteration of epoch 8/50] 
 {loss} cls : 0.321, total : 0.321 
 {acc} cls : 91.41
[61/62 iteration of epoch 8/50] 
 {loss} cls : 0.233, total : 0.233 
 {acc} cls : 92.19
------------------------------
<Losses on train> cls : 0.216, total : 0.216
<Accuracies on train> cls : 94.07
Train epoch time: 50.883
------------------------------
<Accuracies on val> class : 89.16
------------------------------
<Accuracies on test> class : 55.53
------------------------------
<Accuracies on Art> test class : 44.29
------------------------------
<Accuracies on Clipart> test class : 47.63
------------------------------
<Accuracies on Real_World> test class : 69.70
------------------------------
Total epoch time: 299.643

New epoch - lr: 0.003
[1/62 iteration of epoch 9/50] 
 {loss} cls : 0.111, total : 0.111 
 {acc} cls : 97.66
[31/62 iteration of epoch 9/50] 
 {loss} cls : 0.105, total : 0.105 
 {acc} cls : 96.88
[61/62 iteration of epoch 9/50] 
 {loss} cls : 0.170, total : 0.170 
 {acc} cls : 95.31
------------------------------
<Losses on train> cls : 0.190, total : 0.190
<Accuracies on train> cls : 94.88
Train epoch time: 51.333
------------------------------
<Accuracies on val> class : 87.36
------------------------------
<Accuracies on test> class : 55.97
------------------------------
<Accuracies on Art> test class : 45.41
------------------------------
<Accuracies on Clipart> test class : 47.38
------------------------------
<Accuracies on Real_World> test class : 70.46
------------------------------
Total epoch time: 302.002

New epoch - lr: 0.003
[1/62 iteration of epoch 10/50] 
 {loss} cls : 0.178, total : 0.178 
 {acc} cls : 92.19
[31/62 iteration of epoch 10/50] 
 {loss} cls : 0.196, total : 0.196 
 {acc} cls : 92.97
[61/62 iteration of epoch 10/50] 
 {loss} cls : 0.098, total : 0.098 
 {acc} cls : 99.22
------------------------------
<Losses on train> cls : 0.174, total : 0.174
<Accuracies on train> cls : 95.19
Train epoch time: 52.305
------------------------------
<Accuracies on val> class : 90.07
------------------------------
<Accuracies on test> class : 55.76
------------------------------
<Accuracies on Art> test class : 44.58
------------------------------
<Accuracies on Clipart> test class : 48.22
------------------------------
<Accuracies on Real_World> test class : 69.54
------------------------------
Total epoch time: 303.666

New epoch - lr: 0.003
[1/62 iteration of epoch 11/50] 
 {loss} cls : 0.088, total : 0.088 
 {acc} cls : 97.66
[31/62 iteration of epoch 11/50] 
 {loss} cls : 0.242, total : 0.242 
 {acc} cls : 94.53
[61/62 iteration of epoch 11/50] 
 {loss} cls : 0.161, total : 0.161 
 {acc} cls : 95.31
------------------------------
<Losses on train> cls : 0.157, total : 0.157
<Accuracies on train> cls : 95.73
Train epoch time: 50.405
------------------------------
<Accuracies on val> class : 89.16
------------------------------
<Accuracies on test> class : 56.40
------------------------------
<Accuracies on Art> test class : 44.95
------------------------------
<Accuracies on Clipart> test class : 49.35
------------------------------
<Accuracies on Real_World> test class : 69.84
------------------------------
Total epoch time: 295.310

New epoch - lr: 0.003
[1/62 iteration of epoch 12/50] 
 {loss} cls : 0.153, total : 0.153 
 {acc} cls : 96.88
[31/62 iteration of epoch 12/50] 
 {loss} cls : 0.136, total : 0.136 
 {acc} cls : 96.88
[61/62 iteration of epoch 12/50] 
 {loss} cls : 0.110, total : 0.110 
 {acc} cls : 95.31
------------------------------
<Losses on train> cls : 0.145, total : 0.145
<Accuracies on train> cls : 96.23
Train epoch time: 51.060
------------------------------
<Accuracies on val> class : 89.84
------------------------------
<Accuracies on test> class : 57.01
------------------------------
<Accuracies on Art> test class : 45.90
------------------------------
<Accuracies on Clipart> test class : 49.44
------------------------------
<Accuracies on Real_World> test class : 70.78
------------------------------
Total epoch time: 297.896

New epoch - lr: 0.003
[1/62 iteration of epoch 13/50] 
 {loss} cls : 0.082, total : 0.082 
 {acc} cls : 97.66
[31/62 iteration of epoch 13/50] 
 {loss} cls : 0.126, total : 0.126 
 {acc} cls : 95.31
[61/62 iteration of epoch 13/50] 
 {loss} cls : 0.119, total : 0.119 
 {acc} cls : 98.44
------------------------------
<Losses on train> cls : 0.131, total : 0.131
<Accuracies on train> cls : 96.43
Train epoch time: 50.265
------------------------------
<Accuracies on val> class : 88.94
------------------------------
<Accuracies on test> class : 56.41
------------------------------
<Accuracies on Art> test class : 46.48
------------------------------
<Accuracies on Clipart> test class : 48.55
------------------------------
<Accuracies on Real_World> test class : 69.82
------------------------------
Total epoch time: 289.564

New epoch - lr: 0.003
[1/62 iteration of epoch 14/50] 
 {loss} cls : 0.169, total : 0.169 
 {acc} cls : 94.53
[31/62 iteration of epoch 14/50] 
 {loss} cls : 0.158, total : 0.158 
 {acc} cls : 95.31
[61/62 iteration of epoch 14/50] 
 {loss} cls : 0.187, total : 0.187 
 {acc} cls : 93.75
------------------------------
<Losses on train> cls : 0.125, total : 0.125
<Accuracies on train> cls : 96.69
Train epoch time: 46.957
------------------------------
<Accuracies on val> class : 89.39
------------------------------
<Accuracies on test> class : 56.39
------------------------------
<Accuracies on Art> test class : 46.27
------------------------------
<Accuracies on Clipart> test class : 48.77
------------------------------
<Accuracies on Real_World> test class : 69.66
------------------------------
Total epoch time: 275.244

New epoch - lr: 0.003
[1/62 iteration of epoch 15/50] 
 {loss} cls : 0.100, total : 0.100 
 {acc} cls : 98.44
[31/62 iteration of epoch 15/50] 
 {loss} cls : 0.060, total : 0.060 
 {acc} cls : 99.22
[61/62 iteration of epoch 15/50] 
 {loss} cls : 0.125, total : 0.125 
 {acc} cls : 96.09
------------------------------
<Losses on train> cls : 0.122, total : 0.122
<Accuracies on train> cls : 96.64
Train epoch time: 48.384
------------------------------
<Accuracies on val> class : 87.58
------------------------------
<Accuracies on test> class : 56.10
------------------------------
<Accuracies on Art> test class : 45.65
------------------------------
<Accuracies on Clipart> test class : 48.64
------------------------------
<Accuracies on Real_World> test class : 69.41
------------------------------
Total epoch time: 275.789

New epoch - lr: 0.003
[1/62 iteration of epoch 16/50] 
 {loss} cls : 0.101, total : 0.101 
 {acc} cls : 96.88
[31/62 iteration of epoch 16/50] 
 {loss} cls : 0.192, total : 0.192 
 {acc} cls : 96.88
[61/62 iteration of epoch 16/50] 
 {loss} cls : 0.100, total : 0.100 
 {acc} cls : 98.44
------------------------------
<Losses on train> cls : 0.115, total : 0.115
<Accuracies on train> cls : 97.00
Train epoch time: 48.310
------------------------------
<Accuracies on val> class : 88.71
------------------------------
<Accuracies on test> class : 56.40
------------------------------
<Accuracies on Art> test class : 44.66
------------------------------
<Accuracies on Clipart> test class : 49.51
------------------------------
<Accuracies on Real_World> test class : 69.84
------------------------------
Total epoch time: 274.773

New epoch - lr: 0.003
[1/62 iteration of epoch 17/50] 
 {loss} cls : 0.156, total : 0.156 
 {acc} cls : 95.31
[31/62 iteration of epoch 17/50] 
 {loss} cls : 0.115, total : 0.115 
 {acc} cls : 97.66
[61/62 iteration of epoch 17/50] 
 {loss} cls : 0.055, total : 0.055 
 {acc} cls : 99.22
------------------------------
<Losses on train> cls : 0.111, total : 0.111
<Accuracies on train> cls : 97.04
Train epoch time: 47.279
------------------------------
<Accuracies on val> class : 90.07
------------------------------
<Accuracies on test> class : 56.60
------------------------------
<Accuracies on Art> test class : 46.02
------------------------------
<Accuracies on Clipart> test class : 48.52
------------------------------
<Accuracies on Real_World> test class : 70.58
------------------------------
Total epoch time: 273.395

New epoch - lr: 0.003
[1/62 iteration of epoch 18/50] 
 {loss} cls : 0.100, total : 0.100 
 {acc} cls : 97.66
[31/62 iteration of epoch 18/50] 
 {loss} cls : 0.055, total : 0.055 
 {acc} cls : 97.66
[61/62 iteration of epoch 18/50] 
 {loss} cls : 0.178, total : 0.178 
 {acc} cls : 94.53
------------------------------
<Losses on train> cls : 0.098, total : 0.098
<Accuracies on train> cls : 97.61
Train epoch time: 48.140
------------------------------
<Accuracies on val> class : 88.26
------------------------------
<Accuracies on test> class : 56.13
------------------------------
<Accuracies on Art> test class : 45.28
------------------------------
<Accuracies on Clipart> test class : 48.75
------------------------------
<Accuracies on Real_World> test class : 69.57
------------------------------
Total epoch time: 274.089

New epoch - lr: 0.003
[1/62 iteration of epoch 19/50] 
 {loss} cls : 0.031, total : 0.031 
 {acc} cls : 100.00
[31/62 iteration of epoch 19/50] 
 {loss} cls : 0.067, total : 0.067 
 {acc} cls : 99.22
[61/62 iteration of epoch 19/50] 
 {loss} cls : 0.086, total : 0.086 
 {acc} cls : 96.88
------------------------------
<Losses on train> cls : 0.090, total : 0.090
<Accuracies on train> cls : 97.90
Train epoch time: 48.082
------------------------------
<Accuracies on val> class : 88.49
------------------------------
<Accuracies on test> class : 56.36
------------------------------
<Accuracies on Art> test class : 45.94
------------------------------
<Accuracies on Clipart> test class : 48.52
------------------------------
<Accuracies on Real_World> test class : 70.03
------------------------------
Total epoch time: 273.524

New epoch - lr: 0.003
[1/62 iteration of epoch 20/50] 
 {loss} cls : 0.058, total : 0.058 
 {acc} cls : 99.22
[31/62 iteration of epoch 20/50] 
 {loss} cls : 0.083, total : 0.083 
 {acc} cls : 97.66
[61/62 iteration of epoch 20/50] 
 {loss} cls : 0.128, total : 0.128 
 {acc} cls : 96.09
------------------------------
<Losses on train> cls : 0.090, total : 0.090
<Accuracies on train> cls : 97.69
Train epoch time: 48.220
------------------------------
<Accuracies on val> class : 88.71
------------------------------
<Accuracies on test> class : 56.67
------------------------------
<Accuracies on Art> test class : 46.44
------------------------------
<Accuracies on Clipart> test class : 48.57
------------------------------
<Accuracies on Real_World> test class : 70.48
------------------------------
Total epoch time: 273.556

New epoch - lr: 0.003
[1/62 iteration of epoch 21/50] 
 {loss} cls : 0.069, total : 0.069 
 {acc} cls : 98.44
[31/62 iteration of epoch 21/50] 
 {loss} cls : 0.062, total : 0.062 
 {acc} cls : 98.44
[61/62 iteration of epoch 21/50] 
 {loss} cls : 0.067, total : 0.067 
 {acc} cls : 98.44
------------------------------
<Losses on train> cls : 0.087, total : 0.087
<Accuracies on train> cls : 97.67
Train epoch time: 48.549
------------------------------
<Accuracies on val> class : 88.71
------------------------------
<Accuracies on test> class : 55.84
------------------------------
<Accuracies on Art> test class : 45.16
------------------------------
<Accuracies on Clipart> test class : 48.55
------------------------------
<Accuracies on Real_World> test class : 69.11
------------------------------
Total epoch time: 275.306

New epoch - lr: 0.003
[1/62 iteration of epoch 22/50] 
 {loss} cls : 0.035, total : 0.035 
 {acc} cls : 99.22
[31/62 iteration of epoch 22/50] 
 {loss} cls : 0.031, total : 0.031 
 {acc} cls : 100.00
[61/62 iteration of epoch 22/50] 
 {loss} cls : 0.057, total : 0.057 
 {acc} cls : 97.66
------------------------------
<Losses on train> cls : 0.082, total : 0.082
<Accuracies on train> cls : 97.85
Train epoch time: 48.861
------------------------------
<Accuracies on val> class : 90.07
------------------------------
<Accuracies on test> class : 56.47
------------------------------
<Accuracies on Art> test class : 46.44
------------------------------
<Accuracies on Clipart> test class : 48.98
------------------------------
<Accuracies on Real_World> test class : 69.57
------------------------------
Total epoch time: 274.489

New epoch - lr: 0.003
[1/62 iteration of epoch 23/50] 
 {loss} cls : 0.098, total : 0.098 
 {acc} cls : 97.66
[31/62 iteration of epoch 23/50] 
 {loss} cls : 0.035, total : 0.035 
 {acc} cls : 99.22
[61/62 iteration of epoch 23/50] 
 {loss} cls : 0.050, total : 0.050 
 {acc} cls : 98.44
------------------------------
<Losses on train> cls : 0.074, total : 0.074
<Accuracies on train> cls : 98.17
Train epoch time: 48.087
------------------------------
<Accuracies on val> class : 88.04
------------------------------
<Accuracies on test> class : 56.59
------------------------------
<Accuracies on Art> test class : 46.11
------------------------------
<Accuracies on Clipart> test class : 49.05
------------------------------
<Accuracies on Real_World> test class : 69.98
------------------------------
Total epoch time: 271.051

New epoch - lr: 0.003
[1/62 iteration of epoch 24/50] 
 {loss} cls : 0.055, total : 0.055 
 {acc} cls : 99.22
[31/62 iteration of epoch 24/50] 
 {loss} cls : 0.068, total : 0.068 
 {acc} cls : 98.44
[61/62 iteration of epoch 24/50] 
 {loss} cls : 0.054, total : 0.054 
 {acc} cls : 98.44
------------------------------
<Losses on train> cls : 0.068, total : 0.068
<Accuracies on train> cls : 98.31
Train epoch time: 49.052
------------------------------
<Accuracies on val> class : 88.71
------------------------------
<Accuracies on test> class : 56.23
------------------------------
<Accuracies on Art> test class : 45.69
------------------------------
<Accuracies on Clipart> test class : 48.57
------------------------------
<Accuracies on Real_World> test class : 69.77
------------------------------
Total epoch time: 281.024

New epoch - lr: 0.003
[1/62 iteration of epoch 25/50] 
 {loss} cls : 0.058, total : 0.058 
 {acc} cls : 97.66
[31/62 iteration of epoch 25/50] 
 {loss} cls : 0.083, total : 0.083 
 {acc} cls : 98.44
[61/62 iteration of epoch 25/50] 
 {loss} cls : 0.033, total : 0.033 
 {acc} cls : 99.22
------------------------------
<Losses on train> cls : 0.074, total : 0.074
<Accuracies on train> cls : 98.15
Train epoch time: 49.873
------------------------------
<Accuracies on val> class : 87.81
------------------------------
<Accuracies on test> class : 56.68
------------------------------
<Accuracies on Art> test class : 46.39
------------------------------
<Accuracies on Clipart> test class : 49.21
------------------------------
<Accuracies on Real_World> test class : 69.89
------------------------------
Total epoch time: 274.591

New epoch - lr: 0.003
[1/62 iteration of epoch 26/50] 
 {loss} cls : 0.115, total : 0.115 
 {acc} cls : 97.66
[31/62 iteration of epoch 26/50] 
 {loss} cls : 0.058, total : 0.058 
 {acc} cls : 99.22
[61/62 iteration of epoch 26/50] 
 {loss} cls : 0.099, total : 0.099 
 {acc} cls : 97.66
------------------------------
<Losses on train> cls : 0.063, total : 0.063
<Accuracies on train> cls : 98.48
Train epoch time: 48.392
------------------------------
<Accuracies on val> class : 88.49
------------------------------
<Accuracies on test> class : 57.11
------------------------------
<Accuracies on Art> test class : 47.34
------------------------------
<Accuracies on Clipart> test class : 49.67
------------------------------
<Accuracies on Real_World> test class : 70.00
------------------------------
Total epoch time: 272.402

New epoch - lr: 0.003
[1/62 iteration of epoch 27/50] 
 {loss} cls : 0.055, total : 0.055 
 {acc} cls : 99.22
[31/62 iteration of epoch 27/50] 
 {loss} cls : 0.088, total : 0.088 
 {acc} cls : 97.66
[61/62 iteration of epoch 27/50] 
 {loss} cls : 0.060, total : 0.060 
 {acc} cls : 98.44
------------------------------
<Losses on train> cls : 0.063, total : 0.063
<Accuracies on train> cls : 98.32
Train epoch time: 49.900
------------------------------
<Accuracies on val> class : 88.94
------------------------------
<Accuracies on test> class : 56.12
------------------------------
<Accuracies on Art> test class : 45.36
------------------------------
<Accuracies on Clipart> test class : 48.38
------------------------------
<Accuracies on Real_World> test class : 69.86
------------------------------
Total epoch time: 274.420

New epoch - lr: 0.003
[1/62 iteration of epoch 28/50] 
 {loss} cls : 0.024, total : 0.024 
 {acc} cls : 99.22
[31/62 iteration of epoch 28/50] 
 {loss} cls : 0.072, total : 0.072 
 {acc} cls : 96.88
[61/62 iteration of epoch 28/50] 
 {loss} cls : 0.117, total : 0.117 
 {acc} cls : 97.66
------------------------------
<Losses on train> cls : 0.066, total : 0.066
<Accuracies on train> cls : 98.24
Train epoch time: 49.521
------------------------------
<Accuracies on val> class : 88.49
------------------------------
<Accuracies on test> class : 56.35
------------------------------
<Accuracies on Art> test class : 45.69
------------------------------
<Accuracies on Clipart> test class : 49.42
------------------------------
<Accuracies on Real_World> test class : 69.24
------------------------------
Total epoch time: 275.821

New epoch - lr: 0.003
[1/62 iteration of epoch 29/50] 
 {loss} cls : 0.032, total : 0.032 
 {acc} cls : 99.22
[31/62 iteration of epoch 29/50] 
 {loss} cls : 0.087, total : 0.087 
 {acc} cls : 97.66
[61/62 iteration of epoch 29/50] 
 {loss} cls : 0.083, total : 0.083 
 {acc} cls : 96.88
------------------------------
<Losses on train> cls : 0.061, total : 0.061
<Accuracies on train> cls : 98.44
Train epoch time: 49.095
------------------------------
<Accuracies on val> class : 88.04
------------------------------
<Accuracies on test> class : 57.10
------------------------------
<Accuracies on Art> test class : 46.31
------------------------------
<Accuracies on Clipart> test class : 50.03
------------------------------
<Accuracies on Real_World> test class : 70.19
------------------------------
Total epoch time: 271.457

New epoch - lr: 0.003
[1/62 iteration of epoch 30/50] 
 {loss} cls : 0.081, total : 0.081 
 {acc} cls : 96.88
[31/62 iteration of epoch 30/50] 
 {loss} cls : 0.024, total : 0.024 
 {acc} cls : 100.00
[61/62 iteration of epoch 30/50] 
 {loss} cls : 0.026, total : 0.026 
 {acc} cls : 100.00
------------------------------
<Losses on train> cls : 0.061, total : 0.061
<Accuracies on train> cls : 98.58
Train epoch time: 48.977
------------------------------
<Accuracies on val> class : 88.94
------------------------------
<Accuracies on test> class : 55.70
------------------------------
<Accuracies on Art> test class : 45.12
------------------------------
<Accuracies on Clipart> test class : 48.18
------------------------------
<Accuracies on Real_World> test class : 69.13
------------------------------
Total epoch time: 273.408

New epoch - lr: 0.003
[1/62 iteration of epoch 31/50] 
 {loss} cls : 0.085, total : 0.085 
 {acc} cls : 97.66
[31/62 iteration of epoch 31/50] 
 {loss} cls : 0.065, total : 0.065 
 {acc} cls : 99.22
[61/62 iteration of epoch 31/50] 
 {loss} cls : 0.037, total : 0.037 
 {acc} cls : 99.22
------------------------------
<Losses on train> cls : 0.056, total : 0.056
<Accuracies on train> cls : 98.55
Train epoch time: 49.066
------------------------------
<Accuracies on val> class : 88.71
------------------------------
<Accuracies on test> class : 56.71
------------------------------
<Accuracies on Art> test class : 45.94
------------------------------
<Accuracies on Clipart> test class : 49.62
------------------------------
<Accuracies on Real_World> test class : 69.82
------------------------------
Total epoch time: 273.216

New epoch - lr: 0.003
[1/62 iteration of epoch 32/50] 
 {loss} cls : 0.030, total : 0.030 
 {acc} cls : 100.00
[31/62 iteration of epoch 32/50] 
 {loss} cls : 0.028, total : 0.028 
 {acc} cls : 99.22
[61/62 iteration of epoch 32/50] 
 {loss} cls : 0.010, total : 0.010 
 {acc} cls : 100.00
------------------------------
<Losses on train> cls : 0.048, total : 0.048
<Accuracies on train> cls : 98.93
Train epoch time: 49.181
------------------------------
<Accuracies on val> class : 88.26
------------------------------
<Accuracies on test> class : 56.83
------------------------------
<Accuracies on Art> test class : 45.78
------------------------------
<Accuracies on Clipart> test class : 49.60
------------------------------
<Accuracies on Real_World> test class : 70.23
------------------------------
Total epoch time: 274.488

New epoch - lr: 0.003
[1/62 iteration of epoch 33/50] 
 {loss} cls : 0.031, total : 0.031 
 {acc} cls : 99.22
[31/62 iteration of epoch 33/50] 
 {loss} cls : 0.071, total : 0.071 
 {acc} cls : 97.66
[61/62 iteration of epoch 33/50] 
 {loss} cls : 0.087, total : 0.087 
 {acc} cls : 97.66
------------------------------
<Losses on train> cls : 0.051, total : 0.051
<Accuracies on train> cls : 98.77
Train epoch time: 49.007
------------------------------
<Accuracies on val> class : 88.04
------------------------------
<Accuracies on test> class : 56.49
------------------------------
<Accuracies on Art> test class : 45.45
------------------------------
<Accuracies on Clipart> test class : 49.39
------------------------------
<Accuracies on Real_World> test class : 69.75
------------------------------
Total epoch time: 272.710

New epoch - lr: 0.003
[1/62 iteration of epoch 34/50] 
 {loss} cls : 0.029, total : 0.029 
 {acc} cls : 100.00
[31/62 iteration of epoch 34/50] 
 {loss} cls : 0.069, total : 0.069 
 {acc} cls : 97.66
[61/62 iteration of epoch 34/50] 
 {loss} cls : 0.037, total : 0.037 
 {acc} cls : 100.00
------------------------------
<Losses on train> cls : 0.051, total : 0.051
<Accuracies on train> cls : 98.77
Train epoch time: 47.981
------------------------------
<Accuracies on val> class : 88.49
------------------------------
<Accuracies on test> class : 57.19
------------------------------
<Accuracies on Art> test class : 46.64
------------------------------
<Accuracies on Clipart> test class : 49.99
------------------------------
<Accuracies on Real_World> test class : 70.28
------------------------------
Total epoch time: 272.664

New epoch - lr: 0.003
[1/62 iteration of epoch 35/50] 
 {loss} cls : 0.082, total : 0.082 
 {acc} cls : 96.88
[31/62 iteration of epoch 35/50] 
 {loss} cls : 0.045, total : 0.045 
 {acc} cls : 99.22
[61/62 iteration of epoch 35/50] 
 {loss} cls : 0.043, total : 0.043 
 {acc} cls : 99.22
------------------------------
<Losses on train> cls : 0.047, total : 0.047
<Accuracies on train> cls : 98.87
Train epoch time: 47.995
------------------------------
<Accuracies on val> class : 88.26
------------------------------
<Accuracies on test> class : 56.67
------------------------------
<Accuracies on Art> test class : 44.91
------------------------------
<Accuracies on Clipart> test class : 49.39
------------------------------
<Accuracies on Real_World> test class : 70.51
------------------------------
Total epoch time: 273.218

New epoch - lr: 0.003
[1/62 iteration of epoch 36/50] 
 {loss} cls : 0.049, total : 0.049 
 {acc} cls : 98.44
[31/62 iteration of epoch 36/50] 
 {loss} cls : 0.038, total : 0.038 
 {acc} cls : 99.22
[61/62 iteration of epoch 36/50] 
 {loss} cls : 0.022, total : 0.022 
 {acc} cls : 100.00
------------------------------
<Losses on train> cls : 0.049, total : 0.049
<Accuracies on train> cls : 98.75
Train epoch time: 48.781
------------------------------
<Accuracies on val> class : 88.94
------------------------------
<Accuracies on test> class : 56.51
------------------------------
<Accuracies on Art> test class : 46.11
------------------------------
<Accuracies on Clipart> test class : 49.05
------------------------------
<Accuracies on Real_World> test class : 69.77
------------------------------
Total epoch time: 271.384

New epoch - lr: 0.003
[1/62 iteration of epoch 37/50] 
 {loss} cls : 0.023, total : 0.023 
 {acc} cls : 100.00
[31/62 iteration of epoch 37/50] 
 {loss} cls : 0.056, total : 0.056 
 {acc} cls : 98.44
[61/62 iteration of epoch 37/50] 
 {loss} cls : 0.055, total : 0.055 
 {acc} cls : 99.22
------------------------------
<Losses on train> cls : 0.047, total : 0.047
<Accuracies on train> cls : 98.85
Train epoch time: 49.227
------------------------------
<Accuracies on val> class : 89.16
------------------------------
<Accuracies on test> class : 56.79
------------------------------
<Accuracies on Art> test class : 46.35
------------------------------
<Accuracies on Clipart> test class : 49.35
------------------------------
<Accuracies on Real_World> test class : 70.05
------------------------------
Total epoch time: 273.150

New epoch - lr: 0.003
[1/62 iteration of epoch 38/50] 
 {loss} cls : 0.048, total : 0.048 
 {acc} cls : 98.44
[31/62 iteration of epoch 38/50] 
 {loss} cls : 0.027, total : 0.027 
 {acc} cls : 99.22
[61/62 iteration of epoch 38/50] 
 {loss} cls : 0.066, total : 0.066 
 {acc} cls : 98.44
------------------------------
<Losses on train> cls : 0.045, total : 0.045
<Accuracies on train> cls : 98.93
Train epoch time: 48.064
------------------------------
<Accuracies on val> class : 88.94
------------------------------
<Accuracies on test> class : 56.40
------------------------------
<Accuracies on Art> test class : 46.02
------------------------------
<Accuracies on Clipart> test class : 49.00
------------------------------
<Accuracies on Real_World> test class : 69.59
------------------------------
Total epoch time: 268.100

New epoch - lr: 0.003
[1/62 iteration of epoch 39/50] 
 {loss} cls : 0.019, total : 0.019 
 {acc} cls : 100.00
[31/62 iteration of epoch 39/50] 
 {loss} cls : 0.052, total : 0.052 
 {acc} cls : 98.44
[61/62 iteration of epoch 39/50] 
 {loss} cls : 0.040, total : 0.040 
 {acc} cls : 99.22
------------------------------
<Losses on train> cls : 0.043, total : 0.043
<Accuracies on train> cls : 99.09
Train epoch time: 46.650
------------------------------
<Accuracies on val> class : 89.16
------------------------------
<Accuracies on test> class : 56.89
------------------------------
<Accuracies on Art> test class : 46.31
------------------------------
<Accuracies on Clipart> test class : 49.28
------------------------------
<Accuracies on Real_World> test class : 70.42
------------------------------
Total epoch time: 269.280

New epoch - lr: 0.003
[1/62 iteration of epoch 40/50] 
 {loss} cls : 0.098, total : 0.098 
 {acc} cls : 97.66
[31/62 iteration of epoch 40/50] 
 {loss} cls : 0.055, total : 0.055 
 {acc} cls : 99.22
[61/62 iteration of epoch 40/50] 
 {loss} cls : 0.016, total : 0.016 
 {acc} cls : 100.00
------------------------------
<Losses on train> cls : 0.042, total : 0.042
<Accuracies on train> cls : 99.14
Train epoch time: 46.342
------------------------------
<Accuracies on val> class : 88.94
------------------------------
<Accuracies on test> class : 56.76
------------------------------
<Accuracies on Art> test class : 45.78
------------------------------
<Accuracies on Clipart> test class : 49.67
------------------------------
<Accuracies on Real_World> test class : 69.98
------------------------------
Total epoch time: 266.444

New epoch - lr: 0.003
[1/62 iteration of epoch 41/50] 
 {loss} cls : 0.043, total : 0.043 
 {acc} cls : 98.44
[31/62 iteration of epoch 41/50] 
 {loss} cls : 0.020, total : 0.020 
 {acc} cls : 100.00
[61/62 iteration of epoch 41/50] 
 {loss} cls : 0.033, total : 0.033 
 {acc} cls : 99.22
------------------------------
<Losses on train> cls : 0.041, total : 0.041
<Accuracies on train> cls : 99.03
Train epoch time: 46.130
------------------------------
<Accuracies on val> class : 89.16
------------------------------
<Accuracies on test> class : 57.08
------------------------------
<Accuracies on Art> test class : 46.02
------------------------------
<Accuracies on Clipart> test class : 50.10
------------------------------
<Accuracies on Real_World> test class : 70.23
------------------------------
Total epoch time: 270.761

New epoch - lr: 0.003
[1/62 iteration of epoch 42/50] 
 {loss} cls : 0.034, total : 0.034 
 {acc} cls : 98.44
[31/62 iteration of epoch 42/50] 
 {loss} cls : 0.055, total : 0.055 
 {acc} cls : 99.22
[61/62 iteration of epoch 42/50] 
 {loss} cls : 0.033, total : 0.033 
 {acc} cls : 98.44
------------------------------
<Losses on train> cls : 0.042, total : 0.042
<Accuracies on train> cls : 99.07
Train epoch time: 46.624
------------------------------
<Accuracies on val> class : 88.26
------------------------------
<Accuracies on test> class : 56.95
------------------------------
<Accuracies on Art> test class : 45.98
------------------------------
<Accuracies on Clipart> test class : 49.62
------------------------------
<Accuracies on Real_World> test class : 70.39
------------------------------
Total epoch time: 273.585

New epoch - lr: 0.003
[1/62 iteration of epoch 43/50] 
 {loss} cls : 0.106, total : 0.106 
 {acc} cls : 96.09
[31/62 iteration of epoch 43/50] 
 {loss} cls : 0.007, total : 0.007 
 {acc} cls : 100.00
[61/62 iteration of epoch 43/50] 
 {loss} cls : 0.020, total : 0.020 
 {acc} cls : 100.00
------------------------------
<Losses on train> cls : 0.048, total : 0.048
<Accuracies on train> cls : 98.80
Train epoch time: 46.601
------------------------------
<Accuracies on val> class : 89.62
------------------------------
<Accuracies on test> class : 56.47
------------------------------
<Accuracies on Art> test class : 45.90
------------------------------
<Accuracies on Clipart> test class : 49.21
------------------------------
<Accuracies on Real_World> test class : 69.64
------------------------------
Total epoch time: 265.613

New epoch - lr: 0.003
[1/62 iteration of epoch 44/50] 
 {loss} cls : 0.024, total : 0.024 
 {acc} cls : 99.22
[31/62 iteration of epoch 44/50] 
 {loss} cls : 0.011, total : 0.011 
 {acc} cls : 100.00
[61/62 iteration of epoch 44/50] 
 {loss} cls : 0.028, total : 0.028 
 {acc} cls : 99.22
------------------------------
<Losses on train> cls : 0.040, total : 0.040
<Accuracies on train> cls : 99.02
Train epoch time: 46.189
------------------------------
<Accuracies on val> class : 90.29
------------------------------
<Accuracies on test> class : 56.28
------------------------------
<Accuracies on Art> test class : 45.53
------------------------------
<Accuracies on Clipart> test class : 48.71
------------------------------
<Accuracies on Real_World> test class : 69.86
------------------------------
Total epoch time: 265.233

New epoch - lr: 0.0009000000000000002
[1/62 iteration of epoch 45/50] 
 {loss} cls : 0.013, total : 0.013 
 {acc} cls : 100.00
[31/62 iteration of epoch 45/50] 
 {loss} cls : 0.041, total : 0.041 
 {acc} cls : 99.22
[61/62 iteration of epoch 45/50] 
 {loss} cls : 0.026, total : 0.026 
 {acc} cls : 99.22
------------------------------
<Losses on train> cls : 0.037, total : 0.037
<Accuracies on train> cls : 99.11
Train epoch time: 46.312
------------------------------
<Accuracies on val> class : 90.29
------------------------------
<Accuracies on test> class : 56.78
------------------------------
<Accuracies on Art> test class : 45.98
------------------------------
<Accuracies on Clipart> test class : 49.12
------------------------------
<Accuracies on Real_World> test class : 70.46
------------------------------
Total epoch time: 265.017

New epoch - lr: 0.0009000000000000002
[1/62 iteration of epoch 46/50] 
 {loss} cls : 0.011, total : 0.011 
 {acc} cls : 100.00
[31/62 iteration of epoch 46/50] 
 {loss} cls : 0.023, total : 0.023 
 {acc} cls : 99.22
[61/62 iteration of epoch 46/50] 
 {loss} cls : 0.039, total : 0.039 
 {acc} cls : 99.22
------------------------------
<Losses on train> cls : 0.033, total : 0.033
<Accuracies on train> cls : 99.36
Train epoch time: 44.904
------------------------------
<Accuracies on val> class : 89.62
------------------------------
<Accuracies on test> class : 56.76
------------------------------
<Accuracies on Art> test class : 45.36
------------------------------
<Accuracies on Clipart> test class : 49.60
------------------------------
<Accuracies on Real_World> test class : 70.28
------------------------------
Total epoch time: 265.816

New epoch - lr: 0.0009000000000000002
[1/62 iteration of epoch 47/50] 
 {loss} cls : 0.090, total : 0.090 
 {acc} cls : 98.44
[31/62 iteration of epoch 47/50] 
 {loss} cls : 0.086, total : 0.086 
 {acc} cls : 97.66
[61/62 iteration of epoch 47/50] 
 {loss} cls : 0.044, total : 0.044 
 {acc} cls : 98.44
------------------------------
<Losses on train> cls : 0.033, total : 0.033
<Accuracies on train> cls : 99.23
Train epoch time: 45.019
------------------------------
<Accuracies on val> class : 89.62
------------------------------
<Accuracies on test> class : 56.85
------------------------------
<Accuracies on Art> test class : 45.86
------------------------------
<Accuracies on Clipart> test class : 49.78
------------------------------
<Accuracies on Real_World> test class : 70.05
------------------------------
Total epoch time: 271.862

New epoch - lr: 0.0009000000000000002
[1/62 iteration of epoch 48/50] 
 {loss} cls : 0.067, total : 0.067 
 {acc} cls : 97.66
[31/62 iteration of epoch 48/50] 
 {loss} cls : 0.051, total : 0.051 
 {acc} cls : 98.44
[61/62 iteration of epoch 48/50] 
 {loss} cls : 0.010, total : 0.010 
 {acc} cls : 100.00
------------------------------
<Losses on train> cls : 0.034, total : 0.034
<Accuracies on train> cls : 99.22
Train epoch time: 44.648
------------------------------
<Accuracies on val> class : 89.84
------------------------------
<Accuracies on test> class : 57.08
------------------------------
<Accuracies on Art> test class : 46.15
------------------------------
<Accuracies on Clipart> test class : 49.85
------------------------------
<Accuracies on Real_World> test class : 70.42
------------------------------
Total epoch time: 269.039

New epoch - lr: 0.0009000000000000002
[1/62 iteration of epoch 49/50] 
 {loss} cls : 0.056, total : 0.056 
 {acc} cls : 99.22
[31/62 iteration of epoch 49/50] 
 {loss} cls : 0.022, total : 0.022 
 {acc} cls : 99.22
[61/62 iteration of epoch 49/50] 
 {loss} cls : 0.064, total : 0.064 
 {acc} cls : 97.66
------------------------------
<Losses on train> cls : 0.036, total : 0.036
<Accuracies on train> cls : 99.23
Train epoch time: 45.081
------------------------------
<Accuracies on val> class : 90.29
------------------------------
<Accuracies on test> class : 56.94
------------------------------
<Accuracies on Art> test class : 45.82
------------------------------
<Accuracies on Clipart> test class : 49.55
------------------------------
<Accuracies on Real_World> test class : 70.53
------------------------------
Total epoch time: 256.963

New epoch - lr: 0.0009000000000000002
[1/62 iteration of epoch 50/50] 
 {loss} cls : 0.016, total : 0.016 
 {acc} cls : 100.00
[31/62 iteration of epoch 50/50] 
 {loss} cls : 0.048, total : 0.048 
 {acc} cls : 99.22
[61/62 iteration of epoch 50/50] 
 {loss} cls : 0.015, total : 0.015 
 {acc} cls : 100.00
------------------------------
<Losses on train> cls : 0.030, total : 0.030
<Accuracies on train> cls : 99.40
Train epoch time: 42.107
------------------------------
<Accuracies on val> class : 90.29
------------------------------
<Accuracies on test> class : 57.14
------------------------------
<Accuracies on Art> test class : 45.90
------------------------------
<Accuracies on Clipart> test class : 49.99
------------------------------
<Accuracies on Real_World> test class : 70.55
------------------------------
Total epoch time: 248.365

******************************
Best val 0.902935, corresponding test 0.571352 - best test: 0.57189

******************************
Best val 0.9029345512390137, corresponding Art test 0.45900288224220276

******************************
Best val 0.9029345512390137, corresponding Clipart test 0.4998854398727417

******************************
Best val 0.9029345512390137, corresponding Real_World test 0.7055312991142273
