
Loading experiment ImageNet9/ResNet18_step


New epoch - lr: 0.003
[1/31 iteration of epoch 1/30] 
 {loss} cls : 2.388, total : 2.388 
 {acc} cls : 7.81
[31/31 iteration of epoch 1/30] 
 {loss} cls : 0.513, total : 0.513 
 {acc} cls : 83.59
------------------------------
<Losses on train> cls : 0.864, total : 0.864
<Accuracies on train> cls : 72.43
Train epoch time: 12.267
------------------------------
<Accuracies on val> class : 95.06
------------------------------
<Accuracies on test> class : 84.20
------------------------------
<Accuracies on mixed_rand> test class : 76.73
------------------------------
<Accuracies on mixed_same> test class : 91.67
------------------------------
Total epoch time: 17.984

New epoch - lr: 0.003
[1/31 iteration of epoch 2/30] 
 {loss} cls : 0.207, total : 0.207 
 {acc} cls : 93.75
[31/31 iteration of epoch 2/30] 
 {loss} cls : 0.276, total : 0.276 
 {acc} cls : 89.06
------------------------------
<Losses on train> cls : 0.344, total : 0.344
<Accuracies on train> cls : 89.69
Train epoch time: 12.484
------------------------------
<Accuracies on val> class : 96.54
------------------------------
<Accuracies on test> class : 83.55
------------------------------
<Accuracies on mixed_rand> test class : 76.73
------------------------------
<Accuracies on mixed_same> test class : 90.37
------------------------------
Total epoch time: 18.355

New epoch - lr: 0.003
[1/31 iteration of epoch 3/30] 
 {loss} cls : 0.221, total : 0.221 
 {acc} cls : 91.41
[31/31 iteration of epoch 3/30] 
 {loss} cls : 0.342, total : 0.342 
 {acc} cls : 88.28
------------------------------
<Losses on train> cls : 0.287, total : 0.287
<Accuracies on train> cls : 90.80
Train epoch time: 12.747
------------------------------
<Accuracies on val> class : 95.56
------------------------------
<Accuracies on test> class : 82.53
------------------------------
<Accuracies on mixed_rand> test class : 75.68
------------------------------
<Accuracies on mixed_same> test class : 89.38
------------------------------
Total epoch time: 18.021

New epoch - lr: 0.003
[1/31 iteration of epoch 4/30] 
 {loss} cls : 0.183, total : 0.183 
 {acc} cls : 94.53
[31/31 iteration of epoch 4/30] 
 {loss} cls : 0.246, total : 0.246 
 {acc} cls : 92.19
------------------------------
<Losses on train> cls : 0.232, total : 0.232
<Accuracies on train> cls : 92.41
Train epoch time: 12.351
------------------------------
<Accuracies on val> class : 95.56
------------------------------
<Accuracies on test> class : 84.88
------------------------------
<Accuracies on mixed_rand> test class : 78.64
------------------------------
<Accuracies on mixed_same> test class : 91.11
------------------------------
Total epoch time: 17.572

New epoch - lr: 0.003
[1/31 iteration of epoch 5/30] 
 {loss} cls : 0.213, total : 0.213 
 {acc} cls : 93.75
[31/31 iteration of epoch 5/30] 
 {loss} cls : 0.198, total : 0.198 
 {acc} cls : 96.09
------------------------------
<Losses on train> cls : 0.213, total : 0.213
<Accuracies on train> cls : 92.94
Train epoch time: 11.828
------------------------------
<Accuracies on val> class : 96.05
------------------------------
<Accuracies on test> class : 86.30
------------------------------
<Accuracies on mixed_rand> test class : 80.37
------------------------------
<Accuracies on mixed_same> test class : 92.22
------------------------------
Total epoch time: 17.008

New epoch - lr: 0.003
[1/31 iteration of epoch 6/30] 
 {loss} cls : 0.154, total : 0.154 
 {acc} cls : 92.97
[31/31 iteration of epoch 6/30] 
 {loss} cls : 0.224, total : 0.224 
 {acc} cls : 92.97
------------------------------
<Losses on train> cls : 0.203, total : 0.203
<Accuracies on train> cls : 93.40
Train epoch time: 12.572
------------------------------
<Accuracies on val> class : 95.06
------------------------------
<Accuracies on test> class : 85.28
------------------------------
<Accuracies on mixed_rand> test class : 78.70
------------------------------
<Accuracies on mixed_same> test class : 91.85
------------------------------
Total epoch time: 17.905

New epoch - lr: 0.003
[1/31 iteration of epoch 7/30] 
 {loss} cls : 0.074, total : 0.074 
 {acc} cls : 97.66
[31/31 iteration of epoch 7/30] 
 {loss} cls : 0.195, total : 0.195 
 {acc} cls : 94.53
------------------------------
<Losses on train> cls : 0.215, total : 0.215
<Accuracies on train> cls : 92.94
Train epoch time: 12.179
------------------------------
<Accuracies on val> class : 97.28
------------------------------
<Accuracies on test> class : 85.28
------------------------------
<Accuracies on mixed_rand> test class : 78.89
------------------------------
<Accuracies on mixed_same> test class : 91.67
------------------------------
Total epoch time: 18.106

New epoch - lr: 0.003
[1/31 iteration of epoch 8/30] 
 {loss} cls : 0.173, total : 0.173 
 {acc} cls : 95.31
[31/31 iteration of epoch 8/30] 
 {loss} cls : 0.237, total : 0.237 
 {acc} cls : 92.97
------------------------------
<Losses on train> cls : 0.184, total : 0.184
<Accuracies on train> cls : 93.70
Train epoch time: 12.039
------------------------------
<Accuracies on val> class : 97.28
------------------------------
<Accuracies on test> class : 85.83
------------------------------
<Accuracies on mixed_rand> test class : 79.81
------------------------------
<Accuracies on mixed_same> test class : 91.85
------------------------------
Total epoch time: 18.091

New epoch - lr: 0.003
[1/31 iteration of epoch 9/30] 
 {loss} cls : 0.199, total : 0.199 
 {acc} cls : 92.19
[31/31 iteration of epoch 9/30] 
 {loss} cls : 0.187, total : 0.187 
 {acc} cls : 94.53
------------------------------
<Losses on train> cls : 0.204, total : 0.204
<Accuracies on train> cls : 93.35
Train epoch time: 12.067
------------------------------
<Accuracies on val> class : 95.56
------------------------------
<Accuracies on test> class : 84.63
------------------------------
<Accuracies on mixed_rand> test class : 78.33
------------------------------
<Accuracies on mixed_same> test class : 90.93
------------------------------
Total epoch time: 17.617

New epoch - lr: 0.003
[1/31 iteration of epoch 10/30] 
 {loss} cls : 0.189, total : 0.189 
 {acc} cls : 93.75
[31/31 iteration of epoch 10/30] 
 {loss} cls : 0.194, total : 0.194 
 {acc} cls : 93.75
------------------------------
<Losses on train> cls : 0.187, total : 0.187
<Accuracies on train> cls : 94.00
Train epoch time: 11.895
------------------------------
<Accuracies on val> class : 94.57
------------------------------
<Accuracies on test> class : 84.94
------------------------------
<Accuracies on mixed_rand> test class : 78.70
------------------------------
<Accuracies on mixed_same> test class : 91.17
------------------------------
Total epoch time: 17.686

New epoch - lr: 0.003
[1/31 iteration of epoch 11/30] 
 {loss} cls : 0.203, total : 0.203 
 {acc} cls : 92.19
[31/31 iteration of epoch 11/30] 
 {loss} cls : 0.176, total : 0.176 
 {acc} cls : 92.97
------------------------------
<Losses on train> cls : 0.200, total : 0.200
<Accuracies on train> cls : 93.57
Train epoch time: 11.920
------------------------------
<Accuracies on val> class : 96.30
------------------------------
<Accuracies on test> class : 86.42
------------------------------
<Accuracies on mixed_rand> test class : 80.31
------------------------------
<Accuracies on mixed_same> test class : 92.53
------------------------------
Total epoch time: 17.459

New epoch - lr: 0.003
[1/31 iteration of epoch 12/30] 
 {loss} cls : 0.149, total : 0.149 
 {acc} cls : 96.09
[31/31 iteration of epoch 12/30] 
 {loss} cls : 0.142, total : 0.142 
 {acc} cls : 95.31
------------------------------
<Losses on train> cls : 0.170, total : 0.170
<Accuracies on train> cls : 94.05
Train epoch time: 12.012
------------------------------
<Accuracies on val> class : 96.05
------------------------------
<Accuracies on test> class : 85.49
------------------------------
<Accuracies on mixed_rand> test class : 79.32
------------------------------
<Accuracies on mixed_same> test class : 91.67
------------------------------
Total epoch time: 17.608

New epoch - lr: 0.003
[1/31 iteration of epoch 13/30] 
 {loss} cls : 0.261, total : 0.261 
 {acc} cls : 92.19
[31/31 iteration of epoch 13/30] 
 {loss} cls : 0.132, total : 0.132 
 {acc} cls : 96.09
------------------------------
<Losses on train> cls : 0.183, total : 0.183
<Accuracies on train> cls : 93.83
Train epoch time: 12.210
------------------------------
<Accuracies on val> class : 95.80
------------------------------
<Accuracies on test> class : 85.00
------------------------------
<Accuracies on mixed_rand> test class : 78.27
------------------------------
<Accuracies on mixed_same> test class : 91.73
------------------------------
Total epoch time: 17.689

New epoch - lr: 0.003
[1/31 iteration of epoch 14/30] 
 {loss} cls : 0.131, total : 0.131 
 {acc} cls : 96.09
[31/31 iteration of epoch 14/30] 
 {loss} cls : 0.177, total : 0.177 
 {acc} cls : 95.31
------------------------------
<Losses on train> cls : 0.175, total : 0.175
<Accuracies on train> cls : 94.43
Train epoch time: 12.298
------------------------------
<Accuracies on val> class : 95.06
------------------------------
<Accuracies on test> class : 85.43
------------------------------
<Accuracies on mixed_rand> test class : 79.69
------------------------------
<Accuracies on mixed_same> test class : 91.17
------------------------------
Total epoch time: 17.879

New epoch - lr: 0.003
[1/31 iteration of epoch 15/30] 
 {loss} cls : 0.161, total : 0.161 
 {acc} cls : 95.31
[31/31 iteration of epoch 15/30] 
 {loss} cls : 0.198, total : 0.198 
 {acc} cls : 93.75
------------------------------
<Losses on train> cls : 0.166, total : 0.166
<Accuracies on train> cls : 94.86
Train epoch time: 12.030
------------------------------
<Accuracies on val> class : 95.80
------------------------------
<Accuracies on test> class : 85.56
------------------------------
<Accuracies on mixed_rand> test class : 79.88
------------------------------
<Accuracies on mixed_same> test class : 91.23
------------------------------
Total epoch time: 17.739

New epoch - lr: 0.003
[1/31 iteration of epoch 16/30] 
 {loss} cls : 0.206, total : 0.206 
 {acc} cls : 93.75
[31/31 iteration of epoch 16/30] 
 {loss} cls : 0.248, total : 0.248 
 {acc} cls : 93.75
------------------------------
<Losses on train> cls : 0.168, total : 0.168
<Accuracies on train> cls : 94.35
Train epoch time: 12.175
------------------------------
<Accuracies on val> class : 95.80
------------------------------
<Accuracies on test> class : 84.97
------------------------------
<Accuracies on mixed_rand> test class : 78.58
------------------------------
<Accuracies on mixed_same> test class : 91.36
------------------------------
Total epoch time: 17.773

New epoch - lr: 0.003
[1/31 iteration of epoch 17/30] 
 {loss} cls : 0.290, total : 0.290 
 {acc} cls : 90.62
[31/31 iteration of epoch 17/30] 
 {loss} cls : 0.142, total : 0.142 
 {acc} cls : 93.75
------------------------------
<Losses on train> cls : 0.155, total : 0.155
<Accuracies on train> cls : 94.81
Train epoch time: 12.319
------------------------------
<Accuracies on val> class : 96.30
------------------------------
<Accuracies on test> class : 85.77
------------------------------
<Accuracies on mixed_rand> test class : 79.57
------------------------------
<Accuracies on mixed_same> test class : 91.98
------------------------------
Total epoch time: 17.964

New epoch - lr: 0.003
[1/31 iteration of epoch 18/30] 
 {loss} cls : 0.192, total : 0.192 
 {acc} cls : 94.53
[31/31 iteration of epoch 18/30] 
 {loss} cls : 0.204, total : 0.204 
 {acc} cls : 92.97
------------------------------
<Losses on train> cls : 0.171, total : 0.171
<Accuracies on train> cls : 94.23
Train epoch time: 12.033
------------------------------
<Accuracies on val> class : 96.05
------------------------------
<Accuracies on test> class : 84.81
------------------------------
<Accuracies on mixed_rand> test class : 78.40
------------------------------
<Accuracies on mixed_same> test class : 91.23
------------------------------
Total epoch time: 17.735

New epoch - lr: 0.003
[1/31 iteration of epoch 19/30] 
 {loss} cls : 0.182, total : 0.182 
 {acc} cls : 95.31
[31/31 iteration of epoch 19/30] 
 {loss} cls : 0.137, total : 0.137 
 {acc} cls : 93.75
------------------------------
<Losses on train> cls : 0.156, total : 0.156
<Accuracies on train> cls : 94.88
Train epoch time: 11.810
------------------------------
<Accuracies on val> class : 95.06
------------------------------
<Accuracies on test> class : 84.35
------------------------------
<Accuracies on mixed_rand> test class : 77.59
------------------------------
<Accuracies on mixed_same> test class : 91.11
------------------------------
Total epoch time: 17.309

New epoch - lr: 0.003
[1/31 iteration of epoch 20/30] 
 {loss} cls : 0.189, total : 0.189 
 {acc} cls : 92.97
[31/31 iteration of epoch 20/30] 
 {loss} cls : 0.208, total : 0.208 
 {acc} cls : 92.97
------------------------------
<Losses on train> cls : 0.152, total : 0.152
<Accuracies on train> cls : 94.86
Train epoch time: 11.680
------------------------------
<Accuracies on val> class : 95.56
------------------------------
<Accuracies on test> class : 84.66
------------------------------
<Accuracies on mixed_rand> test class : 78.27
------------------------------
<Accuracies on mixed_same> test class : 91.05
------------------------------
Total epoch time: 17.300

New epoch - lr: 0.003
[1/31 iteration of epoch 21/30] 
 {loss} cls : 0.146, total : 0.146 
 {acc} cls : 95.31
[31/31 iteration of epoch 21/30] 
 {loss} cls : 0.144, total : 0.144 
 {acc} cls : 96.09
------------------------------
<Losses on train> cls : 0.140, total : 0.140
<Accuracies on train> cls : 95.54
Train epoch time: 12.005
------------------------------
<Accuracies on val> class : 95.56
------------------------------
<Accuracies on test> class : 85.46
------------------------------
<Accuracies on mixed_rand> test class : 79.44
------------------------------
<Accuracies on mixed_same> test class : 91.48
------------------------------
Total epoch time: 17.585

New epoch - lr: 0.003
[1/31 iteration of epoch 22/30] 
 {loss} cls : 0.121, total : 0.121 
 {acc} cls : 96.09
[31/31 iteration of epoch 22/30] 
 {loss} cls : 0.160, total : 0.160 
 {acc} cls : 96.09
------------------------------
<Losses on train> cls : 0.167, total : 0.167
<Accuracies on train> cls : 94.71
Train epoch time: 12.066
------------------------------
<Accuracies on val> class : 95.56
------------------------------
<Accuracies on test> class : 84.78
------------------------------
<Accuracies on mixed_rand> test class : 78.58
------------------------------
<Accuracies on mixed_same> test class : 90.99
------------------------------
Total epoch time: 17.508

New epoch - lr: 0.003
[1/31 iteration of epoch 23/30] 
 {loss} cls : 0.119, total : 0.119 
 {acc} cls : 96.88
[31/31 iteration of epoch 23/30] 
 {loss} cls : 0.060, total : 0.060 
 {acc} cls : 97.66
------------------------------
<Losses on train> cls : 0.155, total : 0.155
<Accuracies on train> cls : 94.98
Train epoch time: 11.878
------------------------------
<Accuracies on val> class : 94.81
------------------------------
<Accuracies on test> class : 84.41
------------------------------
<Accuracies on mixed_rand> test class : 77.59
------------------------------
<Accuracies on mixed_same> test class : 91.23
------------------------------
Total epoch time: 17.363

New epoch - lr: 0.003
[1/31 iteration of epoch 24/30] 
 {loss} cls : 0.164, total : 0.164 
 {acc} cls : 95.31
[31/31 iteration of epoch 24/30] 
 {loss} cls : 0.230, total : 0.230 
 {acc} cls : 92.19
------------------------------
<Losses on train> cls : 0.151, total : 0.151
<Accuracies on train> cls : 94.81
Train epoch time: 12.030
------------------------------
<Accuracies on val> class : 95.56
------------------------------
<Accuracies on test> class : 84.14
------------------------------
<Accuracies on mixed_rand> test class : 77.84
------------------------------
<Accuracies on mixed_same> test class : 90.43
------------------------------
Total epoch time: 17.610

New epoch - lr: 0.003
[1/31 iteration of epoch 25/30] 
 {loss} cls : 0.144, total : 0.144 
 {acc} cls : 93.75
[31/31 iteration of epoch 25/30] 
 {loss} cls : 0.100, total : 0.100 
 {acc} cls : 96.88
------------------------------
<Losses on train> cls : 0.152, total : 0.152
<Accuracies on train> cls : 94.78
Train epoch time: 11.781
------------------------------
<Accuracies on val> class : 95.80
------------------------------
<Accuracies on test> class : 84.41
------------------------------
<Accuracies on mixed_rand> test class : 77.96
------------------------------
<Accuracies on mixed_same> test class : 90.86
------------------------------
Total epoch time: 17.321

New epoch - lr: 0.003
[1/31 iteration of epoch 26/30] 
 {loss} cls : 0.145, total : 0.145 
 {acc} cls : 95.31
[31/31 iteration of epoch 26/30] 
 {loss} cls : 0.090, total : 0.090 
 {acc} cls : 96.88
------------------------------
<Losses on train> cls : 0.138, total : 0.138
<Accuracies on train> cls : 95.56
Train epoch time: 12.444
------------------------------
<Accuracies on val> class : 95.31
------------------------------
<Accuracies on test> class : 84.91
------------------------------
<Accuracies on mixed_rand> test class : 78.83
------------------------------
<Accuracies on mixed_same> test class : 90.99
------------------------------
Total epoch time: 18.022

New epoch - lr: 0.0009000000000000002
[1/31 iteration of epoch 27/30] 
 {loss} cls : 0.161, total : 0.161 
 {acc} cls : 93.75
[31/31 iteration of epoch 27/30] 
 {loss} cls : 0.223, total : 0.223 
 {acc} cls : 90.62
------------------------------
<Losses on train> cls : 0.146, total : 0.146
<Accuracies on train> cls : 95.11
Train epoch time: 11.868
------------------------------
<Accuracies on val> class : 95.56
------------------------------
<Accuracies on test> class : 85.43
------------------------------
<Accuracies on mixed_rand> test class : 79.32
------------------------------
<Accuracies on mixed_same> test class : 91.54
------------------------------
Total epoch time: 17.527

New epoch - lr: 0.0009000000000000002
[1/31 iteration of epoch 28/30] 
 {loss} cls : 0.130, total : 0.130 
 {acc} cls : 95.31
[31/31 iteration of epoch 28/30] 
 {loss} cls : 0.204, total : 0.204 
 {acc} cls : 93.75
------------------------------
<Losses on train> cls : 0.165, total : 0.165
<Accuracies on train> cls : 94.51
Train epoch time: 11.883
------------------------------
<Accuracies on val> class : 95.31
------------------------------
<Accuracies on test> class : 85.19
------------------------------
<Accuracies on mixed_rand> test class : 79.01
------------------------------
<Accuracies on mixed_same> test class : 91.36
------------------------------
Total epoch time: 17.608

New epoch - lr: 0.0009000000000000002
[1/31 iteration of epoch 29/30] 
 {loss} cls : 0.158, total : 0.158 
 {acc} cls : 94.53
[31/31 iteration of epoch 29/30] 
 {loss} cls : 0.117, total : 0.117 
 {acc} cls : 94.53
------------------------------
<Losses on train> cls : 0.125, total : 0.125
<Accuracies on train> cls : 95.94
Train epoch time: 11.639
------------------------------
<Accuracies on val> class : 95.06
------------------------------
<Accuracies on test> class : 84.94
------------------------------
<Accuracies on mixed_rand> test class : 78.58
------------------------------
<Accuracies on mixed_same> test class : 91.30
------------------------------
Total epoch time: 17.207

New epoch - lr: 0.0009000000000000002
[1/31 iteration of epoch 30/30] 
 {loss} cls : 0.102, total : 0.102 
 {acc} cls : 97.66
[31/31 iteration of epoch 30/30] 
 {loss} cls : 0.111, total : 0.111 
 {acc} cls : 96.88
------------------------------
<Losses on train> cls : 0.138, total : 0.138
<Accuracies on train> cls : 95.24
Train epoch time: 11.774
------------------------------
<Accuracies on val> class : 95.31
------------------------------
<Accuracies on test> class : 84.17
------------------------------
<Accuracies on mixed_rand> test class : 77.47
------------------------------
<Accuracies on mixed_same> test class : 90.86
------------------------------
Total epoch time: 17.400

******************************
Best val 0.97284, corresponding test 0.858333 - best test: 0.864198

******************************
Best val 0.9728395342826843, corresponding mixed_rand test 0.7981481552124023

******************************
Best val 0.9728395342826843, corresponding mixed_same test 0.9185185432434082
