
Loading experiment CelebA/ResNet18_step


New epoch - lr: 0.003
[1/78 iteration of epoch 1/30] 
 {loss} cls : 0.780, total : 0.780 
 {acc} cls : 50.00
[31/78 iteration of epoch 1/30] 
 {loss} cls : 0.305, total : 0.305 
 {acc} cls : 92.19
[61/78 iteration of epoch 1/30] 
 {loss} cls : 0.199, total : 0.199 
 {acc} cls : 90.62
------------------------------
<Losses on train> cls : 0.786, total : 0.786
<Accuracies on train> cls : 84.13
Train epoch time: 24.576
------------------------------
<Accuracies on val> class : 96.00
------------------------------
<Accuracies on test> class : 54.35
------------------------------
<Accuracies on flip> test class : 40.90
------------------------------
<Accuracies on random> test class : 67.80
------------------------------
Total epoch time: 34.295

New epoch - lr: 0.003
[1/78 iteration of epoch 2/30] 
 {loss} cls : 0.123, total : 0.123 
 {acc} cls : 95.31
[31/78 iteration of epoch 2/30] 
 {loss} cls : 0.095, total : 0.095 
 {acc} cls : 93.75
[61/78 iteration of epoch 2/30] 
 {loss} cls : 0.230, total : 0.230 
 {acc} cls : 90.62
------------------------------
<Losses on train> cls : 0.145, total : 0.145
<Accuracies on train> cls : 94.95
Train epoch time: 23.692
------------------------------
<Accuracies on val> class : 96.40
------------------------------
<Accuracies on test> class : 51.80
------------------------------
<Accuracies on flip> test class : 36.90
------------------------------
<Accuracies on random> test class : 66.70
------------------------------
Total epoch time: 32.331

New epoch - lr: 0.003
[1/78 iteration of epoch 3/30] 
 {loss} cls : 0.251, total : 0.251 
 {acc} cls : 92.19
[31/78 iteration of epoch 3/30] 
 {loss} cls : 0.086, total : 0.086 
 {acc} cls : 95.31
[61/78 iteration of epoch 3/30] 
 {loss} cls : 0.088, total : 0.088 
 {acc} cls : 98.44
------------------------------
<Losses on train> cls : 0.109, total : 0.109
<Accuracies on train> cls : 95.97
Train epoch time: 24.873
------------------------------
<Accuracies on val> class : 97.40
------------------------------
<Accuracies on test> class : 53.35
------------------------------
<Accuracies on flip> test class : 38.40
------------------------------
<Accuracies on random> test class : 68.30
------------------------------
Total epoch time: 33.539

New epoch - lr: 0.003
[1/78 iteration of epoch 4/30] 
 {loss} cls : 0.061, total : 0.061 
 {acc} cls : 98.44
[31/78 iteration of epoch 4/30] 
 {loss} cls : 0.049, total : 0.049 
 {acc} cls : 98.44
[61/78 iteration of epoch 4/30] 
 {loss} cls : 0.104, total : 0.104 
 {acc} cls : 96.88
------------------------------
<Losses on train> cls : 0.080, total : 0.080
<Accuracies on train> cls : 96.94
Train epoch time: 23.792
------------------------------
<Accuracies on val> class : 98.80
------------------------------
<Accuracies on test> class : 48.70
------------------------------
<Accuracies on flip> test class : 32.10
------------------------------
<Accuracies on random> test class : 65.30
------------------------------
Total epoch time: 32.252

New epoch - lr: 0.003
[1/78 iteration of epoch 5/30] 
 {loss} cls : 0.044, total : 0.044 
 {acc} cls : 98.44
[31/78 iteration of epoch 5/30] 
 {loss} cls : 0.049, total : 0.049 
 {acc} cls : 98.44
[61/78 iteration of epoch 5/30] 
 {loss} cls : 0.108, total : 0.108 
 {acc} cls : 93.75
------------------------------
<Losses on train> cls : 0.078, total : 0.078
<Accuracies on train> cls : 97.16
Train epoch time: 24.368
------------------------------
<Accuracies on val> class : 97.00
------------------------------
<Accuracies on test> class : 50.80
------------------------------
<Accuracies on flip> test class : 34.70
------------------------------
<Accuracies on random> test class : 66.90
------------------------------
Total epoch time: 33.491

New epoch - lr: 0.003
[1/78 iteration of epoch 6/30] 
 {loss} cls : 0.025, total : 0.025 
 {acc} cls : 98.44
[31/78 iteration of epoch 6/30] 
 {loss} cls : 0.023, total : 0.023 
 {acc} cls : 100.00
[61/78 iteration of epoch 6/30] 
 {loss} cls : 0.040, total : 0.040 
 {acc} cls : 98.44
------------------------------
<Losses on train> cls : 0.052, total : 0.052
<Accuracies on train> cls : 98.24
Train epoch time: 25.696
------------------------------
<Accuracies on val> class : 98.80
------------------------------
<Accuracies on test> class : 47.20
------------------------------
<Accuracies on flip> test class : 30.50
------------------------------
<Accuracies on random> test class : 63.90
------------------------------
Total epoch time: 35.179

New epoch - lr: 0.003
[1/78 iteration of epoch 7/30] 
 {loss} cls : 0.015, total : 0.015 
 {acc} cls : 100.00
[31/78 iteration of epoch 7/30] 
 {loss} cls : 0.020, total : 0.020 
 {acc} cls : 100.00
[61/78 iteration of epoch 7/30] 
 {loss} cls : 0.024, total : 0.024 
 {acc} cls : 100.00
------------------------------
<Losses on train> cls : 0.048, total : 0.048
<Accuracies on train> cls : 98.16
Train epoch time: 25.651
------------------------------
<Accuracies on val> class : 98.00
------------------------------
<Accuracies on test> class : 47.45
------------------------------
<Accuracies on flip> test class : 30.20
------------------------------
<Accuracies on random> test class : 64.70
------------------------------
Total epoch time: 34.749

New epoch - lr: 0.003
[1/78 iteration of epoch 8/30] 
 {loss} cls : 0.017, total : 0.017 
 {acc} cls : 98.44
[31/78 iteration of epoch 8/30] 
 {loss} cls : 0.070, total : 0.070 
 {acc} cls : 96.88
[61/78 iteration of epoch 8/30] 
 {loss} cls : 0.025, total : 0.025 
 {acc} cls : 98.44
------------------------------
<Losses on train> cls : 0.043, total : 0.043
<Accuracies on train> cls : 98.46
Train epoch time: 26.028
------------------------------
<Accuracies on val> class : 98.60
------------------------------
<Accuracies on test> class : 43.65
------------------------------
<Accuracies on flip> test class : 24.70
------------------------------
<Accuracies on random> test class : 62.60
------------------------------
Total epoch time: 34.990

New epoch - lr: 0.003
[1/78 iteration of epoch 9/30] 
 {loss} cls : 0.018, total : 0.018 
 {acc} cls : 100.00
[31/78 iteration of epoch 9/30] 
 {loss} cls : 0.041, total : 0.041 
 {acc} cls : 96.88
[61/78 iteration of epoch 9/30] 
 {loss} cls : 0.015, total : 0.015 
 {acc} cls : 100.00
------------------------------
<Losses on train> cls : 0.038, total : 0.038
<Accuracies on train> cls : 98.76
Train epoch time: 25.789
------------------------------
<Accuracies on val> class : 98.00
------------------------------
<Accuracies on test> class : 48.45
------------------------------
<Accuracies on flip> test class : 32.10
------------------------------
<Accuracies on random> test class : 64.80
------------------------------
Total epoch time: 34.560

New epoch - lr: 0.003
[1/78 iteration of epoch 10/30] 
 {loss} cls : 0.065, total : 0.065 
 {acc} cls : 95.31
[31/78 iteration of epoch 10/30] 
 {loss} cls : 0.030, total : 0.030 
 {acc} cls : 98.44
[61/78 iteration of epoch 10/30] 
 {loss} cls : 0.065, total : 0.065 
 {acc} cls : 96.88
------------------------------
<Losses on train> cls : 0.040, total : 0.040
<Accuracies on train> cls : 98.48
Train epoch time: 25.292
------------------------------
<Accuracies on val> class : 99.00
------------------------------
<Accuracies on test> class : 42.70
------------------------------
<Accuracies on flip> test class : 23.90
------------------------------
<Accuracies on random> test class : 61.50
------------------------------
Total epoch time: 34.966

New epoch - lr: 0.003
[1/78 iteration of epoch 11/30] 
 {loss} cls : 0.006, total : 0.006 
 {acc} cls : 100.00
[31/78 iteration of epoch 11/30] 
 {loss} cls : 0.034, total : 0.034 
 {acc} cls : 98.44
[61/78 iteration of epoch 11/30] 
 {loss} cls : 0.001, total : 0.001 
 {acc} cls : 100.00
------------------------------
<Losses on train> cls : 0.028, total : 0.028
<Accuracies on train> cls : 98.92
Train epoch time: 25.855
------------------------------
<Accuracies on val> class : 99.00
------------------------------
<Accuracies on test> class : 45.85
------------------------------
<Accuracies on flip> test class : 28.10
------------------------------
<Accuracies on random> test class : 63.60
------------------------------
Total epoch time: 35.400

New epoch - lr: 0.003
[1/78 iteration of epoch 12/30] 
 {loss} cls : 0.004, total : 0.004 
 {acc} cls : 100.00
[31/78 iteration of epoch 12/30] 
 {loss} cls : 0.000, total : 0.000 
 {acc} cls : 100.00
[61/78 iteration of epoch 12/30] 
 {loss} cls : 0.008, total : 0.008 
 {acc} cls : 100.00
------------------------------
<Losses on train> cls : 0.022, total : 0.022
<Accuracies on train> cls : 99.24
Train epoch time: 25.843
------------------------------
<Accuracies on val> class : 98.40
------------------------------
<Accuracies on test> class : 47.25
------------------------------
<Accuracies on flip> test class : 29.90
------------------------------
<Accuracies on random> test class : 64.60
------------------------------
Total epoch time: 34.802

New epoch - lr: 0.003
[1/78 iteration of epoch 13/30] 
 {loss} cls : 0.003, total : 0.003 
 {acc} cls : 100.00
[31/78 iteration of epoch 13/30] 
 {loss} cls : 0.001, total : 0.001 
 {acc} cls : 100.00
[61/78 iteration of epoch 13/30] 
 {loss} cls : 0.043, total : 0.043 
 {acc} cls : 98.44
------------------------------
<Losses on train> cls : 0.021, total : 0.021
<Accuracies on train> cls : 99.24
Train epoch time: 26.614
------------------------------
<Accuracies on val> class : 98.40
------------------------------
<Accuracies on test> class : 48.40
------------------------------
<Accuracies on flip> test class : 32.20
------------------------------
<Accuracies on random> test class : 64.60
------------------------------
Total epoch time: 35.805

New epoch - lr: 0.003
[1/78 iteration of epoch 14/30] 
 {loss} cls : 0.008, total : 0.008 
 {acc} cls : 100.00
[31/78 iteration of epoch 14/30] 
 {loss} cls : 0.004, total : 0.004 
 {acc} cls : 100.00
[61/78 iteration of epoch 14/30] 
 {loss} cls : 0.095, total : 0.095 
 {acc} cls : 95.31
------------------------------
<Losses on train> cls : 0.029, total : 0.029
<Accuracies on train> cls : 99.06
Train epoch time: 26.532
------------------------------
<Accuracies on val> class : 98.60
------------------------------
<Accuracies on test> class : 48.75
------------------------------
<Accuracies on flip> test class : 31.80
------------------------------
<Accuracies on random> test class : 65.70
------------------------------
Total epoch time: 35.773

New epoch - lr: 0.003
[1/78 iteration of epoch 15/30] 
 {loss} cls : 0.012, total : 0.012 
 {acc} cls : 100.00
[31/78 iteration of epoch 15/30] 
 {loss} cls : 0.031, total : 0.031 
 {acc} cls : 98.44
[61/78 iteration of epoch 15/30] 
 {loss} cls : 0.001, total : 0.001 
 {acc} cls : 100.00
------------------------------
<Losses on train> cls : 0.023, total : 0.023
<Accuracies on train> cls : 99.06
Train epoch time: 25.976
------------------------------
<Accuracies on val> class : 98.40
------------------------------
<Accuracies on test> class : 50.35
------------------------------
<Accuracies on flip> test class : 34.50
------------------------------
<Accuracies on random> test class : 66.20
------------------------------
Total epoch time: 35.622

New epoch - lr: 0.003
[1/78 iteration of epoch 16/30] 
 {loss} cls : 0.003, total : 0.003 
 {acc} cls : 100.00
[31/78 iteration of epoch 16/30] 
 {loss} cls : 0.000, total : 0.000 
 {acc} cls : 100.00
[61/78 iteration of epoch 16/30] 
 {loss} cls : 0.005, total : 0.005 
 {acc} cls : 100.00
------------------------------
<Losses on train> cls : 0.016, total : 0.016
<Accuracies on train> cls : 99.32
Train epoch time: 26.157
------------------------------
<Accuracies on val> class : 98.80
------------------------------
<Accuracies on test> class : 50.60
------------------------------
<Accuracies on flip> test class : 35.10
------------------------------
<Accuracies on random> test class : 66.10
------------------------------
Total epoch time: 35.484

New epoch - lr: 0.003
[1/78 iteration of epoch 17/30] 
 {loss} cls : 0.056, total : 0.056 
 {acc} cls : 98.44
[31/78 iteration of epoch 17/30] 
 {loss} cls : 0.005, total : 0.005 
 {acc} cls : 100.00
[61/78 iteration of epoch 17/30] 
 {loss} cls : 0.003, total : 0.003 
 {acc} cls : 100.00
------------------------------
<Losses on train> cls : 0.014, total : 0.014
<Accuracies on train> cls : 99.48
Train epoch time: 26.747
------------------------------
<Accuracies on val> class : 98.40
------------------------------
<Accuracies on test> class : 49.60
------------------------------
<Accuracies on flip> test class : 33.90
------------------------------
<Accuracies on random> test class : 65.30
------------------------------
Total epoch time: 35.869

New epoch - lr: 0.003
[1/78 iteration of epoch 18/30] 
 {loss} cls : 0.011, total : 0.011 
 {acc} cls : 100.00
[31/78 iteration of epoch 18/30] 
 {loss} cls : 0.001, total : 0.001 
 {acc} cls : 100.00
[61/78 iteration of epoch 18/30] 
 {loss} cls : 0.009, total : 0.009 
 {acc} cls : 100.00
------------------------------
<Losses on train> cls : 0.016, total : 0.016
<Accuracies on train> cls : 99.44
Train epoch time: 26.550
------------------------------
<Accuracies on val> class : 98.60
------------------------------
<Accuracies on test> class : 46.20
------------------------------
<Accuracies on flip> test class : 28.70
------------------------------
<Accuracies on random> test class : 63.70
------------------------------
Total epoch time: 36.015

New epoch - lr: 0.003
[1/78 iteration of epoch 19/30] 
 {loss} cls : 0.008, total : 0.008 
 {acc} cls : 100.00
[31/78 iteration of epoch 19/30] 
 {loss} cls : 0.004, total : 0.004 
 {acc} cls : 100.00
[61/78 iteration of epoch 19/30] 
 {loss} cls : 0.002, total : 0.002 
 {acc} cls : 100.00
------------------------------
<Losses on train> cls : 0.012, total : 0.012
<Accuracies on train> cls : 99.66
Train epoch time: 26.295
------------------------------
<Accuracies on val> class : 98.60
------------------------------
<Accuracies on test> class : 45.50
------------------------------
<Accuracies on flip> test class : 28.10
------------------------------
<Accuracies on random> test class : 62.90
------------------------------
Total epoch time: 35.855

New epoch - lr: 0.003
[1/78 iteration of epoch 20/30] 
 {loss} cls : 0.037, total : 0.037 
 {acc} cls : 98.44
[31/78 iteration of epoch 20/30] 
 {loss} cls : 0.048, total : 0.048 
 {acc} cls : 98.44
[61/78 iteration of epoch 20/30] 
 {loss} cls : 0.001, total : 0.001 
 {acc} cls : 100.00
------------------------------
<Losses on train> cls : 0.014, total : 0.014
<Accuracies on train> cls : 99.48
Train epoch time: 26.993
------------------------------
<Accuracies on val> class : 99.20
------------------------------
<Accuracies on test> class : 45.50
------------------------------
<Accuracies on flip> test class : 28.30
------------------------------
<Accuracies on random> test class : 62.70
------------------------------
Total epoch time: 37.287

New epoch - lr: 0.003
[1/78 iteration of epoch 21/30] 
 {loss} cls : 0.003, total : 0.003 
 {acc} cls : 100.00
[31/78 iteration of epoch 21/30] 
 {loss} cls : 0.009, total : 0.009 
 {acc} cls : 100.00
[61/78 iteration of epoch 21/30] 
 {loss} cls : 0.003, total : 0.003 
 {acc} cls : 100.00
------------------------------
<Losses on train> cls : 0.012, total : 0.012
<Accuracies on train> cls : 99.54
Train epoch time: 25.931
------------------------------
<Accuracies on val> class : 99.00
------------------------------
<Accuracies on test> class : 44.15
------------------------------
<Accuracies on flip> test class : 25.80
------------------------------
<Accuracies on random> test class : 62.50
------------------------------
Total epoch time: 35.037

New epoch - lr: 0.003
[1/78 iteration of epoch 22/30] 
 {loss} cls : 0.001, total : 0.001 
 {acc} cls : 100.00
[31/78 iteration of epoch 22/30] 
 {loss} cls : 0.001, total : 0.001 
 {acc} cls : 100.00
[61/78 iteration of epoch 22/30] 
 {loss} cls : 0.001, total : 0.001 
 {acc} cls : 100.00
------------------------------
<Losses on train> cls : 0.011, total : 0.011
<Accuracies on train> cls : 99.68
Train epoch time: 25.892
------------------------------
<Accuracies on val> class : 98.60
------------------------------
<Accuracies on test> class : 44.65
------------------------------
<Accuracies on flip> test class : 27.10
------------------------------
<Accuracies on random> test class : 62.20
------------------------------
Total epoch time: 34.990

New epoch - lr: 0.003
[1/78 iteration of epoch 23/30] 
 {loss} cls : 0.001, total : 0.001 
 {acc} cls : 100.00
[31/78 iteration of epoch 23/30] 
 {loss} cls : 0.010, total : 0.010 
 {acc} cls : 100.00
[61/78 iteration of epoch 23/30] 
 {loss} cls : 0.002, total : 0.002 
 {acc} cls : 100.00
------------------------------
<Losses on train> cls : 0.013, total : 0.013
<Accuracies on train> cls : 99.50
Train epoch time: 26.298
------------------------------
<Accuracies on val> class : 98.20
------------------------------
<Accuracies on test> class : 48.10
------------------------------
<Accuracies on flip> test class : 32.30
------------------------------
<Accuracies on random> test class : 63.90
------------------------------
Total epoch time: 35.340

New epoch - lr: 0.003
[1/78 iteration of epoch 24/30] 
 {loss} cls : 0.000, total : 0.000 
 {acc} cls : 100.00
[31/78 iteration of epoch 24/30] 
 {loss} cls : 0.002, total : 0.002 
 {acc} cls : 100.00
[61/78 iteration of epoch 24/30] 
 {loss} cls : 0.001, total : 0.001 
 {acc} cls : 100.00
------------------------------
<Losses on train> cls : 0.009, total : 0.009
<Accuracies on train> cls : 99.76
Train epoch time: 26.493
------------------------------
<Accuracies on val> class : 98.60
------------------------------
<Accuracies on test> class : 45.05
------------------------------
<Accuracies on flip> test class : 27.80
------------------------------
<Accuracies on random> test class : 62.30
------------------------------
Total epoch time: 35.576

New epoch - lr: 0.003
[1/78 iteration of epoch 25/30] 
 {loss} cls : 0.004, total : 0.004 
 {acc} cls : 100.00
[31/78 iteration of epoch 25/30] 
 {loss} cls : 0.002, total : 0.002 
 {acc} cls : 100.00
[61/78 iteration of epoch 25/30] 
 {loss} cls : 0.002, total : 0.002 
 {acc} cls : 100.00
------------------------------
<Losses on train> cls : 0.007, total : 0.007
<Accuracies on train> cls : 99.72
Train epoch time: 26.537
------------------------------
<Accuracies on val> class : 98.40
------------------------------
<Accuracies on test> class : 46.95
------------------------------
<Accuracies on flip> test class : 30.30
------------------------------
<Accuracies on random> test class : 63.60
------------------------------
Total epoch time: 35.565

New epoch - lr: 0.003
[1/78 iteration of epoch 26/30] 
 {loss} cls : 0.001, total : 0.001 
 {acc} cls : 100.00
[31/78 iteration of epoch 26/30] 
 {loss} cls : 0.001, total : 0.001 
 {acc} cls : 100.00
[61/78 iteration of epoch 26/30] 
 {loss} cls : 0.000, total : 0.000 
 {acc} cls : 100.00
------------------------------
<Losses on train> cls : 0.006, total : 0.006
<Accuracies on train> cls : 99.84
Train epoch time: 26.325
------------------------------
<Accuracies on val> class : 99.20
------------------------------
<Accuracies on test> class : 45.10
------------------------------
<Accuracies on flip> test class : 27.40
------------------------------
<Accuracies on random> test class : 62.80
------------------------------
Total epoch time: 35.922

New epoch - lr: 0.0009000000000000002
[1/78 iteration of epoch 27/30] 
 {loss} cls : 0.001, total : 0.001 
 {acc} cls : 100.00
[31/78 iteration of epoch 27/30] 
 {loss} cls : 0.018, total : 0.018 
 {acc} cls : 98.44
[61/78 iteration of epoch 27/30] 
 {loss} cls : 0.001, total : 0.001 
 {acc} cls : 100.00
------------------------------
<Losses on train> cls : 0.006, total : 0.006
<Accuracies on train> cls : 99.74
Train epoch time: 26.335
------------------------------
<Accuracies on val> class : 99.20
------------------------------
<Accuracies on test> class : 45.25
------------------------------
<Accuracies on flip> test class : 27.60
------------------------------
<Accuracies on random> test class : 62.90
------------------------------
Total epoch time: 35.921

New epoch - lr: 0.0009000000000000002
[1/78 iteration of epoch 28/30] 
 {loss} cls : 0.004, total : 0.004 
 {acc} cls : 100.00
[31/78 iteration of epoch 28/30] 
 {loss} cls : 0.001, total : 0.001 
 {acc} cls : 100.00
[61/78 iteration of epoch 28/30] 
 {loss} cls : 0.003, total : 0.003 
 {acc} cls : 100.00
------------------------------
<Losses on train> cls : 0.006, total : 0.006
<Accuracies on train> cls : 99.76
Train epoch time: 26.506
------------------------------
<Accuracies on val> class : 99.40
------------------------------
<Accuracies on test> class : 44.95
------------------------------
<Accuracies on flip> test class : 27.30
------------------------------
<Accuracies on random> test class : 62.60
------------------------------
Total epoch time: 35.910

New epoch - lr: 0.0009000000000000002
[1/78 iteration of epoch 29/30] 
 {loss} cls : 0.001, total : 0.001 
 {acc} cls : 100.00
[31/78 iteration of epoch 29/30] 
 {loss} cls : 0.009, total : 0.009 
 {acc} cls : 100.00
[61/78 iteration of epoch 29/30] 
 {loss} cls : 0.001, total : 0.001 
 {acc} cls : 100.00
------------------------------
<Losses on train> cls : 0.012, total : 0.012
<Accuracies on train> cls : 99.62
Train epoch time: 25.108
------------------------------
<Accuracies on val> class : 99.00
------------------------------
<Accuracies on test> class : 46.25
------------------------------
<Accuracies on flip> test class : 28.20
------------------------------
<Accuracies on random> test class : 64.30
------------------------------
Total epoch time: 34.512

New epoch - lr: 0.0009000000000000002
[1/78 iteration of epoch 30/30] 
 {loss} cls : 0.005, total : 0.005 
 {acc} cls : 100.00
[31/78 iteration of epoch 30/30] 
 {loss} cls : 0.010, total : 0.010 
 {acc} cls : 100.00
[61/78 iteration of epoch 30/30] 
 {loss} cls : 0.005, total : 0.005 
 {acc} cls : 100.00
------------------------------
<Losses on train> cls : 0.004, total : 0.004
<Accuracies on train> cls : 99.88
Train epoch time: 27.201
------------------------------
<Accuracies on val> class : 99.20
------------------------------
<Accuracies on test> class : 43.90
------------------------------
<Accuracies on flip> test class : 25.80
------------------------------
<Accuracies on random> test class : 62.00
------------------------------
Total epoch time: 36.735

******************************
Best val 0.994, corresponding test 0.4495 - best test: 0.5435

******************************
Best val 0.9940000176429749, corresponding flip test 0.27300000190734863

******************************
Best val 0.9940000176429749, corresponding random test 0.6259999871253967
