
Loading experiment CelebA/ResNet18_step


New epoch - lr: 0.003
[1/78 iteration of epoch 1/60] 
 {loss} cls : 0.706, total : 0.706 
 {acc} cls : 59.38
[31/78 iteration of epoch 1/60] 
 {loss} cls : 0.454, total : 0.454 
 {acc} cls : 95.31
[61/78 iteration of epoch 1/60] 
 {loss} cls : 0.118, total : 0.118 
 {acc} cls : 95.31
------------------------------
<Losses on train> cls : 0.466, total : 0.466
<Accuracies on train> cls : 91.87
Train epoch time: 21.502
------------------------------
<Accuracies on val> class : 97.60
------------------------------
<Accuracies on test> class : 45.40
------------------------------
<Accuracies on flip> test class : 28.60
------------------------------
<Accuracies on random> test class : 62.20
------------------------------
Total epoch time: 29.717

New epoch - lr: 0.003
[1/78 iteration of epoch 2/60] 
 {loss} cls : 0.004, total : 0.004 
 {acc} cls : 100.00
[31/78 iteration of epoch 2/60] 
 {loss} cls : 0.046, total : 0.046 
 {acc} cls : 98.44
[61/78 iteration of epoch 2/60] 
 {loss} cls : 0.048, total : 0.048 
 {acc} cls : 98.44
------------------------------
<Losses on train> cls : 0.097, total : 0.097
<Accuracies on train> cls : 97.30
Train epoch time: 22.158
------------------------------
<Accuracies on val> class : 99.00
------------------------------
<Accuracies on test> class : 48.55
------------------------------
<Accuracies on flip> test class : 32.70
------------------------------
<Accuracies on random> test class : 64.40
------------------------------
Total epoch time: 30.410

New epoch - lr: 0.003
[1/78 iteration of epoch 3/60] 
 {loss} cls : 0.018, total : 0.018 
 {acc} cls : 98.44
[31/78 iteration of epoch 3/60] 
 {loss} cls : 0.034, total : 0.034 
 {acc} cls : 98.44
[61/78 iteration of epoch 3/60] 
 {loss} cls : 0.025, total : 0.025 
 {acc} cls : 98.44
------------------------------
<Losses on train> cls : 0.050, total : 0.050
<Accuracies on train> cls : 98.46
Train epoch time: 21.724
------------------------------
<Accuracies on val> class : 99.00
------------------------------
<Accuracies on test> class : 46.15
------------------------------
<Accuracies on flip> test class : 28.60
------------------------------
<Accuracies on random> test class : 63.70
------------------------------
Total epoch time: 30.110

New epoch - lr: 0.003
[1/78 iteration of epoch 4/60] 
 {loss} cls : 0.030, total : 0.030 
 {acc} cls : 98.44
[31/78 iteration of epoch 4/60] 
 {loss} cls : 0.000, total : 0.000 
 {acc} cls : 100.00
[61/78 iteration of epoch 4/60] 
 {loss} cls : 0.003, total : 0.003 
 {acc} cls : 100.00
------------------------------
<Losses on train> cls : 0.029, total : 0.029
<Accuracies on train> cls : 99.02
Train epoch time: 22.315
------------------------------
<Accuracies on val> class : 98.80
------------------------------
<Accuracies on test> class : 42.80
------------------------------
<Accuracies on flip> test class : 24.00
------------------------------
<Accuracies on random> test class : 61.60
------------------------------
Total epoch time: 30.156

New epoch - lr: 0.003
[1/78 iteration of epoch 5/60] 
 {loss} cls : 0.053, total : 0.053 
 {acc} cls : 98.44
[31/78 iteration of epoch 5/60] 
 {loss} cls : 0.018, total : 0.018 
 {acc} cls : 98.44
[61/78 iteration of epoch 5/60] 
 {loss} cls : 0.000, total : 0.000 
 {acc} cls : 100.00
------------------------------
<Losses on train> cls : 0.031, total : 0.031
<Accuracies on train> cls : 99.12
Train epoch time: 21.727
------------------------------
<Accuracies on val> class : 98.40
------------------------------
<Accuracies on test> class : 43.60
------------------------------
<Accuracies on flip> test class : 24.80
------------------------------
<Accuracies on random> test class : 62.40
------------------------------
Total epoch time: 29.831

New epoch - lr: 0.003
[1/78 iteration of epoch 6/60] 
 {loss} cls : 0.033, total : 0.033 
 {acc} cls : 98.44
[31/78 iteration of epoch 6/60] 
 {loss} cls : 0.001, total : 0.001 
 {acc} cls : 100.00
[61/78 iteration of epoch 6/60] 
 {loss} cls : 0.022, total : 0.022 
 {acc} cls : 100.00
------------------------------
<Losses on train> cls : 0.030, total : 0.030
<Accuracies on train> cls : 98.98
Train epoch time: 21.715
------------------------------
<Accuracies on val> class : 98.80
------------------------------
<Accuracies on test> class : 39.90
------------------------------
<Accuracies on flip> test class : 19.40
------------------------------
<Accuracies on random> test class : 60.40
------------------------------
Total epoch time: 29.481

New epoch - lr: 0.003
[1/78 iteration of epoch 7/60] 
 {loss} cls : 0.002, total : 0.002 
 {acc} cls : 100.00
[31/78 iteration of epoch 7/60] 
 {loss} cls : 0.008, total : 0.008 
 {acc} cls : 100.00
[61/78 iteration of epoch 7/60] 
 {loss} cls : 0.006, total : 0.006 
 {acc} cls : 100.00
------------------------------
<Losses on train> cls : 0.014, total : 0.014
<Accuracies on train> cls : 99.36
Train epoch time: 20.367
------------------------------
<Accuracies on val> class : 98.80
------------------------------
<Accuracies on test> class : 40.75
------------------------------
<Accuracies on flip> test class : 20.80
------------------------------
<Accuracies on random> test class : 60.70
------------------------------
Total epoch time: 28.145

New epoch - lr: 0.003
[1/78 iteration of epoch 8/60] 
 {loss} cls : 0.000, total : 0.000 
 {acc} cls : 100.00
[31/78 iteration of epoch 8/60] 
 {loss} cls : 0.001, total : 0.001 
 {acc} cls : 100.00
[61/78 iteration of epoch 8/60] 
 {loss} cls : 0.002, total : 0.002 
 {acc} cls : 100.00
------------------------------
<Losses on train> cls : 0.012, total : 0.012
<Accuracies on train> cls : 99.58
Train epoch time: 21.367
------------------------------
<Accuracies on val> class : 99.60
------------------------------
<Accuracies on test> class : 38.20
------------------------------
<Accuracies on flip> test class : 17.40
------------------------------
<Accuracies on random> test class : 59.00
------------------------------
Total epoch time: 29.608

New epoch - lr: 0.003
[1/78 iteration of epoch 9/60] 
 {loss} cls : 0.001, total : 0.001 
 {acc} cls : 100.00
[31/78 iteration of epoch 9/60] 
 {loss} cls : 0.000, total : 0.000 
 {acc} cls : 100.00
[61/78 iteration of epoch 9/60] 
 {loss} cls : 0.002, total : 0.002 
 {acc} cls : 100.00
------------------------------
<Losses on train> cls : 0.012, total : 0.012
<Accuracies on train> cls : 99.52
Train epoch time: 20.977
------------------------------
<Accuracies on val> class : 99.20
------------------------------
<Accuracies on test> class : 39.15
------------------------------
<Accuracies on flip> test class : 18.50
------------------------------
<Accuracies on random> test class : 59.80
------------------------------
Total epoch time: 29.076

New epoch - lr: 0.003
[1/78 iteration of epoch 10/60] 
 {loss} cls : 0.004, total : 0.004 
 {acc} cls : 100.00
[31/78 iteration of epoch 10/60] 
 {loss} cls : 0.010, total : 0.010 
 {acc} cls : 100.00
[61/78 iteration of epoch 10/60] 
 {loss} cls : 0.000, total : 0.000 
 {acc} cls : 100.00
------------------------------
<Losses on train> cls : 0.010, total : 0.010
<Accuracies on train> cls : 99.68
Train epoch time: 21.069
------------------------------
<Accuracies on val> class : 99.00
------------------------------
<Accuracies on test> class : 41.90
------------------------------
<Accuracies on flip> test class : 22.60
------------------------------
<Accuracies on random> test class : 61.20
------------------------------
Total epoch time: 29.128

New epoch - lr: 0.003
[1/78 iteration of epoch 11/60] 
 {loss} cls : 0.002, total : 0.002 
 {acc} cls : 100.00
[31/78 iteration of epoch 11/60] 
 {loss} cls : 0.002, total : 0.002 
 {acc} cls : 100.00
[61/78 iteration of epoch 11/60] 
 {loss} cls : 0.001, total : 0.001 
 {acc} cls : 100.00
------------------------------
<Losses on train> cls : 0.010, total : 0.010
<Accuracies on train> cls : 99.68
Train epoch time: 20.959
------------------------------
<Accuracies on val> class : 99.60
------------------------------
<Accuracies on test> class : 41.75
------------------------------
<Accuracies on flip> test class : 22.80
------------------------------
<Accuracies on random> test class : 60.70
------------------------------
Total epoch time: 29.186

New epoch - lr: 0.003
[1/78 iteration of epoch 12/60] 
 {loss} cls : 0.000, total : 0.000 
 {acc} cls : 100.00
[31/78 iteration of epoch 12/60] 
 {loss} cls : 0.000, total : 0.000 
 {acc} cls : 100.00
[61/78 iteration of epoch 12/60] 
 {loss} cls : 0.001, total : 0.001 
 {acc} cls : 100.00
------------------------------
<Losses on train> cls : 0.009, total : 0.009
<Accuracies on train> cls : 99.68
Train epoch time: 21.166
------------------------------
<Accuracies on val> class : 99.00
------------------------------
<Accuracies on test> class : 38.05
------------------------------
<Accuracies on flip> test class : 17.00
------------------------------
<Accuracies on random> test class : 59.10
------------------------------
Total epoch time: 29.049

New epoch - lr: 0.003
[1/78 iteration of epoch 13/60] 
 {loss} cls : 0.021, total : 0.021 
 {acc} cls : 98.44
[31/78 iteration of epoch 13/60] 
 {loss} cls : 0.001, total : 0.001 
 {acc} cls : 100.00
[61/78 iteration of epoch 13/60] 
 {loss} cls : 0.004, total : 0.004 
 {acc} cls : 100.00
------------------------------
<Losses on train> cls : 0.010, total : 0.010
<Accuracies on train> cls : 99.72
Train epoch time: 21.237
------------------------------
<Accuracies on val> class : 99.00
------------------------------
<Accuracies on test> class : 44.70
------------------------------
<Accuracies on flip> test class : 25.80
------------------------------
<Accuracies on random> test class : 63.60
------------------------------
Total epoch time: 29.135

New epoch - lr: 0.003
[1/78 iteration of epoch 14/60] 
 {loss} cls : 0.013, total : 0.013 
 {acc} cls : 98.44
[31/78 iteration of epoch 14/60] 
 {loss} cls : 0.002, total : 0.002 
 {acc} cls : 100.00
[61/78 iteration of epoch 14/60] 
 {loss} cls : 0.001, total : 0.001 
 {acc} cls : 100.00
------------------------------
<Losses on train> cls : 0.006, total : 0.006
<Accuracies on train> cls : 99.84
Train epoch time: 21.132
------------------------------
<Accuracies on val> class : 99.00
------------------------------
<Accuracies on test> class : 47.25
------------------------------
<Accuracies on flip> test class : 29.60
------------------------------
<Accuracies on random> test class : 64.90
------------------------------
Total epoch time: 28.919

New epoch - lr: 0.003
[1/78 iteration of epoch 15/60] 
 {loss} cls : 0.006, total : 0.006 
 {acc} cls : 100.00
[31/78 iteration of epoch 15/60] 
 {loss} cls : 0.001, total : 0.001 
 {acc} cls : 100.00
[61/78 iteration of epoch 15/60] 
 {loss} cls : 0.000, total : 0.000 
 {acc} cls : 100.00
------------------------------
<Losses on train> cls : 0.003, total : 0.003
<Accuracies on train> cls : 99.94
Train epoch time: 20.321
------------------------------
<Accuracies on val> class : 99.40
------------------------------
<Accuracies on test> class : 41.45
------------------------------
<Accuracies on flip> test class : 21.40
------------------------------
<Accuracies on random> test class : 61.50
------------------------------
Total epoch time: 28.073

New epoch - lr: 0.003
[1/78 iteration of epoch 16/60] 
 {loss} cls : 0.000, total : 0.000 
 {acc} cls : 100.00
[31/78 iteration of epoch 16/60] 
 {loss} cls : 0.002, total : 0.002 
 {acc} cls : 100.00
[61/78 iteration of epoch 16/60] 
 {loss} cls : 0.000, total : 0.000 
 {acc} cls : 100.00
------------------------------
<Losses on train> cls : 0.004, total : 0.004
<Accuracies on train> cls : 99.82
Train epoch time: 20.997
------------------------------
<Accuracies on val> class : 99.40
------------------------------
<Accuracies on test> class : 42.80
------------------------------
<Accuracies on flip> test class : 24.10
------------------------------
<Accuracies on random> test class : 61.50
------------------------------
Total epoch time: 28.822

New epoch - lr: 0.003
[1/78 iteration of epoch 17/60] 
 {loss} cls : 0.001, total : 0.001 
 {acc} cls : 100.00
[31/78 iteration of epoch 17/60] 
 {loss} cls : 0.000, total : 0.000 
 {acc} cls : 100.00
[61/78 iteration of epoch 17/60] 
 {loss} cls : 0.000, total : 0.000 
 {acc} cls : 100.00
------------------------------
<Losses on train> cls : 0.004, total : 0.004
<Accuracies on train> cls : 99.86
Train epoch time: 20.153
------------------------------
<Accuracies on val> class : 99.20
------------------------------
<Accuracies on test> class : 40.90
------------------------------
<Accuracies on flip> test class : 20.80
------------------------------
<Accuracies on random> test class : 61.00
------------------------------
Total epoch time: 28.272

New epoch - lr: 0.003
[1/78 iteration of epoch 18/60] 
 {loss} cls : 0.000, total : 0.000 
 {acc} cls : 100.00
[31/78 iteration of epoch 18/60] 
 {loss} cls : 0.000, total : 0.000 
 {acc} cls : 100.00
[61/78 iteration of epoch 18/60] 
 {loss} cls : 0.004, total : 0.004 
 {acc} cls : 100.00
------------------------------
<Losses on train> cls : 0.005, total : 0.005
<Accuracies on train> cls : 99.82
Train epoch time: 20.543
------------------------------
<Accuracies on val> class : 99.40
------------------------------
<Accuracies on test> class : 41.65
------------------------------
<Accuracies on flip> test class : 22.00
------------------------------
<Accuracies on random> test class : 61.30
------------------------------
Total epoch time: 28.390

New epoch - lr: 0.003
[1/78 iteration of epoch 19/60] 
 {loss} cls : 0.023, total : 0.023 
 {acc} cls : 98.44
[31/78 iteration of epoch 19/60] 
 {loss} cls : 0.001, total : 0.001 
 {acc} cls : 100.00
[61/78 iteration of epoch 19/60] 
 {loss} cls : 0.005, total : 0.005 
 {acc} cls : 100.00
------------------------------
<Losses on train> cls : 0.002, total : 0.002
<Accuracies on train> cls : 99.94
Train epoch time: 20.281
------------------------------
<Accuracies on val> class : 99.00
------------------------------
<Accuracies on test> class : 41.75
------------------------------
<Accuracies on flip> test class : 22.00
------------------------------
<Accuracies on random> test class : 61.50
------------------------------
Total epoch time: 28.091

New epoch - lr: 0.003
[1/78 iteration of epoch 20/60] 
 {loss} cls : 0.000, total : 0.000 
 {acc} cls : 100.00
[31/78 iteration of epoch 20/60] 
 {loss} cls : 0.015, total : 0.015 
 {acc} cls : 98.44
[61/78 iteration of epoch 20/60] 
 {loss} cls : 0.002, total : 0.002 
 {acc} cls : 100.00
------------------------------
<Losses on train> cls : 0.002, total : 0.002
<Accuracies on train> cls : 99.96
Train epoch time: 20.306
------------------------------
<Accuracies on val> class : 99.40
------------------------------
<Accuracies on test> class : 38.70
------------------------------
<Accuracies on flip> test class : 18.20
------------------------------
<Accuracies on random> test class : 59.20
------------------------------
Total epoch time: 28.120

New epoch - lr: 0.003
[1/78 iteration of epoch 21/60] 
 {loss} cls : 0.001, total : 0.001 
 {acc} cls : 100.00
[31/78 iteration of epoch 21/60] 
 {loss} cls : 0.000, total : 0.000 
 {acc} cls : 100.00
[61/78 iteration of epoch 21/60] 
 {loss} cls : 0.000, total : 0.000 
 {acc} cls : 100.00
------------------------------
<Losses on train> cls : 0.003, total : 0.003
<Accuracies on train> cls : 99.90
Train epoch time: 20.640
------------------------------
<Accuracies on val> class : 99.60
------------------------------
<Accuracies on test> class : 40.30
------------------------------
<Accuracies on flip> test class : 20.30
------------------------------
<Accuracies on random> test class : 60.30
------------------------------
Total epoch time: 28.795

New epoch - lr: 0.003
[1/78 iteration of epoch 22/60] 
 {loss} cls : 0.002, total : 0.002 
 {acc} cls : 100.00
[31/78 iteration of epoch 22/60] 
 {loss} cls : 0.001, total : 0.001 
 {acc} cls : 100.00
[61/78 iteration of epoch 22/60] 
 {loss} cls : 0.000, total : 0.000 
 {acc} cls : 100.00
------------------------------
<Losses on train> cls : 0.002, total : 0.002
<Accuracies on train> cls : 99.94
Train epoch time: 19.784
------------------------------
<Accuracies on val> class : 99.20
------------------------------
<Accuracies on test> class : 39.40
------------------------------
<Accuracies on flip> test class : 19.60
------------------------------
<Accuracies on random> test class : 59.20
------------------------------
Total epoch time: 27.278

New epoch - lr: 0.003
[1/78 iteration of epoch 23/60] 
 {loss} cls : 0.000, total : 0.000 
 {acc} cls : 100.00
[31/78 iteration of epoch 23/60] 
 {loss} cls : 0.001, total : 0.001 
 {acc} cls : 100.00
[61/78 iteration of epoch 23/60] 
 {loss} cls : 0.000, total : 0.000 
 {acc} cls : 100.00
------------------------------
<Losses on train> cls : 0.001, total : 0.001
<Accuracies on train> cls : 100.00
Train epoch time: 20.992
------------------------------
<Accuracies on val> class : 99.40
------------------------------
<Accuracies on test> class : 38.80
------------------------------
<Accuracies on flip> test class : 19.00
------------------------------
<Accuracies on random> test class : 58.60
------------------------------
Total epoch time: 28.402

New epoch - lr: 0.003
[1/78 iteration of epoch 24/60] 
 {loss} cls : 0.000, total : 0.000 
 {acc} cls : 100.00
[31/78 iteration of epoch 24/60] 
 {loss} cls : 0.000, total : 0.000 
 {acc} cls : 100.00
[61/78 iteration of epoch 24/60] 
 {loss} cls : 0.000, total : 0.000 
 {acc} cls : 100.00
------------------------------
<Losses on train> cls : 0.002, total : 0.002
<Accuracies on train> cls : 99.90
Train epoch time: 20.248
------------------------------
<Accuracies on val> class : 99.40
------------------------------
<Accuracies on test> class : 40.15
------------------------------
<Accuracies on flip> test class : 19.90
------------------------------
<Accuracies on random> test class : 60.40
------------------------------
Total epoch time: 27.698

New epoch - lr: 0.003
[1/78 iteration of epoch 25/60] 
 {loss} cls : 0.000, total : 0.000 
 {acc} cls : 100.00
[31/78 iteration of epoch 25/60] 
 {loss} cls : 0.000, total : 0.000 
 {acc} cls : 100.00
[61/78 iteration of epoch 25/60] 
 {loss} cls : 0.001, total : 0.001 
 {acc} cls : 100.00
------------------------------
<Losses on train> cls : 0.002, total : 0.002
<Accuracies on train> cls : 99.90
Train epoch time: 20.115
------------------------------
<Accuracies on val> class : 99.40
------------------------------
<Accuracies on test> class : 40.25
------------------------------
<Accuracies on flip> test class : 20.50
------------------------------
<Accuracies on random> test class : 60.00
------------------------------
Total epoch time: 27.534

New epoch - lr: 0.003
[1/78 iteration of epoch 26/60] 
 {loss} cls : 0.000, total : 0.000 
 {acc} cls : 100.00
[31/78 iteration of epoch 26/60] 
 {loss} cls : 0.000, total : 0.000 
 {acc} cls : 100.00
[61/78 iteration of epoch 26/60] 
 {loss} cls : 0.000, total : 0.000 
 {acc} cls : 100.00
------------------------------
<Losses on train> cls : 0.002, total : 0.002
<Accuracies on train> cls : 99.96
Train epoch time: 20.459
------------------------------
<Accuracies on val> class : 99.20
------------------------------
<Accuracies on test> class : 40.40
------------------------------
<Accuracies on flip> test class : 20.50
------------------------------
<Accuracies on random> test class : 60.30
------------------------------
Total epoch time: 27.923

New epoch - lr: 0.003
[1/78 iteration of epoch 27/60] 
 {loss} cls : 0.000, total : 0.000 
 {acc} cls : 100.00
[31/78 iteration of epoch 27/60] 
 {loss} cls : 0.000, total : 0.000 
 {acc} cls : 100.00
[61/78 iteration of epoch 27/60] 
 {loss} cls : 0.000, total : 0.000 
 {acc} cls : 100.00
------------------------------
<Losses on train> cls : 0.002, total : 0.002
<Accuracies on train> cls : 99.96
Train epoch time: 21.144
------------------------------
<Accuracies on val> class : 99.00
------------------------------
<Accuracies on test> class : 39.85
------------------------------
<Accuracies on flip> test class : 20.10
------------------------------
<Accuracies on random> test class : 59.60
------------------------------
Total epoch time: 28.443

New epoch - lr: 0.003
[1/78 iteration of epoch 28/60] 
 {loss} cls : 0.000, total : 0.000 
 {acc} cls : 100.00
[31/78 iteration of epoch 28/60] 
 {loss} cls : 0.000, total : 0.000 
 {acc} cls : 100.00
[61/78 iteration of epoch 28/60] 
 {loss} cls : 0.000, total : 0.000 
 {acc} cls : 100.00
------------------------------
<Losses on train> cls : 0.002, total : 0.002
<Accuracies on train> cls : 99.94
Train epoch time: 20.099
------------------------------
<Accuracies on val> class : 99.40
------------------------------
<Accuracies on test> class : 39.25
------------------------------
<Accuracies on flip> test class : 19.70
------------------------------
<Accuracies on random> test class : 58.80
------------------------------
Total epoch time: 27.530

New epoch - lr: 0.003
[1/78 iteration of epoch 29/60] 
 {loss} cls : 0.002, total : 0.002 
 {acc} cls : 100.00
[31/78 iteration of epoch 29/60] 
 {loss} cls : 0.000, total : 0.000 
 {acc} cls : 100.00
[61/78 iteration of epoch 29/60] 
 {loss} cls : 0.000, total : 0.000 
 {acc} cls : 100.00
------------------------------
<Losses on train> cls : 0.001, total : 0.001
<Accuracies on train> cls : 99.98
Train epoch time: 20.874
------------------------------
<Accuracies on val> class : 99.40
------------------------------
<Accuracies on test> class : 39.20
------------------------------
<Accuracies on flip> test class : 19.40
------------------------------
<Accuracies on random> test class : 59.00
------------------------------
Total epoch time: 28.288

New epoch - lr: 0.003
[1/78 iteration of epoch 30/60] 
 {loss} cls : 0.000, total : 0.000 
 {acc} cls : 100.00
[31/78 iteration of epoch 30/60] 
 {loss} cls : 0.000, total : 0.000 
 {acc} cls : 100.00
[61/78 iteration of epoch 30/60] 
 {loss} cls : 0.000, total : 0.000 
 {acc} cls : 100.00
------------------------------
<Losses on train> cls : 0.001, total : 0.001
<Accuracies on train> cls : 99.98
Train epoch time: 20.843
------------------------------
<Accuracies on val> class : 99.20
------------------------------
<Accuracies on test> class : 39.60
------------------------------
<Accuracies on flip> test class : 20.00
------------------------------
<Accuracies on random> test class : 59.20
------------------------------
Total epoch time: 28.502

New epoch - lr: 0.003
[1/78 iteration of epoch 31/60] 
 {loss} cls : 0.001, total : 0.001 
 {acc} cls : 100.00
[31/78 iteration of epoch 31/60] 
 {loss} cls : 0.000, total : 0.000 
 {acc} cls : 100.00
[61/78 iteration of epoch 31/60] 
 {loss} cls : 0.000, total : 0.000 
 {acc} cls : 100.00
------------------------------
<Losses on train> cls : 0.002, total : 0.002
<Accuracies on train> cls : 99.94
Train epoch time: 20.512
------------------------------
<Accuracies on val> class : 99.20
------------------------------
<Accuracies on test> class : 41.70
------------------------------
<Accuracies on flip> test class : 22.50
------------------------------
<Accuracies on random> test class : 60.90
------------------------------
Total epoch time: 27.856

New epoch - lr: 0.003
[1/78 iteration of epoch 32/60] 
 {loss} cls : 0.000, total : 0.000 
 {acc} cls : 100.00
[31/78 iteration of epoch 32/60] 
 {loss} cls : 0.000, total : 0.000 
 {acc} cls : 100.00
[61/78 iteration of epoch 32/60] 
 {loss} cls : 0.002, total : 0.002 
 {acc} cls : 100.00
------------------------------
<Losses on train> cls : 0.001, total : 0.001
<Accuracies on train> cls : 99.96
Train epoch time: 20.672
------------------------------
<Accuracies on val> class : 99.60
------------------------------
<Accuracies on test> class : 39.80
------------------------------
<Accuracies on flip> test class : 20.30
------------------------------
<Accuracies on random> test class : 59.30
------------------------------
Total epoch time: 28.285

New epoch - lr: 0.003
[1/78 iteration of epoch 33/60] 
 {loss} cls : 0.001, total : 0.001 
 {acc} cls : 100.00
[31/78 iteration of epoch 33/60] 
 {loss} cls : 0.000, total : 0.000 
 {acc} cls : 100.00
[61/78 iteration of epoch 33/60] 
 {loss} cls : 0.001, total : 0.001 
 {acc} cls : 100.00
------------------------------
<Losses on train> cls : 0.001, total : 0.001
<Accuracies on train> cls : 99.96
Train epoch time: 19.988
------------------------------
<Accuracies on val> class : 98.80
------------------------------
<Accuracies on test> class : 42.05
------------------------------
<Accuracies on flip> test class : 23.50
------------------------------
<Accuracies on random> test class : 60.60
------------------------------
Total epoch time: 27.397

New epoch - lr: 0.003
[1/78 iteration of epoch 34/60] 
 {loss} cls : 0.000, total : 0.000 
 {acc} cls : 100.00
[31/78 iteration of epoch 34/60] 
 {loss} cls : 0.000, total : 0.000 
 {acc} cls : 100.00
[61/78 iteration of epoch 34/60] 
 {loss} cls : 0.000, total : 0.000 
 {acc} cls : 100.00
------------------------------
<Losses on train> cls : 0.001, total : 0.001
<Accuracies on train> cls : 99.98
Train epoch time: 21.176
------------------------------
<Accuracies on val> class : 99.20
------------------------------
<Accuracies on test> class : 40.55
------------------------------
<Accuracies on flip> test class : 21.10
------------------------------
<Accuracies on random> test class : 60.00
------------------------------
Total epoch time: 28.583

New epoch - lr: 0.003
[1/78 iteration of epoch 35/60] 
 {loss} cls : 0.000, total : 0.000 
 {acc} cls : 100.00
[31/78 iteration of epoch 35/60] 
 {loss} cls : 0.000, total : 0.000 
 {acc} cls : 100.00
[61/78 iteration of epoch 35/60] 
 {loss} cls : 0.000, total : 0.000 
 {acc} cls : 100.00
------------------------------
<Losses on train> cls : 0.002, total : 0.002
<Accuracies on train> cls : 99.92
Train epoch time: 20.875
------------------------------
<Accuracies on val> class : 99.40
------------------------------
<Accuracies on test> class : 41.10
------------------------------
<Accuracies on flip> test class : 21.80
------------------------------
<Accuracies on random> test class : 60.40
------------------------------
Total epoch time: 28.301

New epoch - lr: 0.003
[1/78 iteration of epoch 36/60] 
 {loss} cls : 0.004, total : 0.004 
 {acc} cls : 100.00
[31/78 iteration of epoch 36/60] 
 {loss} cls : 0.000, total : 0.000 
 {acc} cls : 100.00
[61/78 iteration of epoch 36/60] 
 {loss} cls : 0.000, total : 0.000 
 {acc} cls : 100.00
------------------------------
<Losses on train> cls : 0.003, total : 0.003
<Accuracies on train> cls : 99.86
Train epoch time: 19.997
------------------------------
<Accuracies on val> class : 99.80
------------------------------
<Accuracies on test> class : 40.35
------------------------------
<Accuracies on flip> test class : 21.20
------------------------------
<Accuracies on random> test class : 59.50
------------------------------
Total epoch time: 27.860

New epoch - lr: 0.003
[1/78 iteration of epoch 37/60] 
 {loss} cls : 0.000, total : 0.000 
 {acc} cls : 100.00
[31/78 iteration of epoch 37/60] 
 {loss} cls : 0.000, total : 0.000 
 {acc} cls : 100.00
[61/78 iteration of epoch 37/60] 
 {loss} cls : 0.000, total : 0.000 
 {acc} cls : 100.00
------------------------------
<Losses on train> cls : 0.002, total : 0.002
<Accuracies on train> cls : 99.92
Train epoch time: 20.703
------------------------------
<Accuracies on val> class : 99.20
------------------------------
<Accuracies on test> class : 45.95
------------------------------
<Accuracies on flip> test class : 27.90
------------------------------
<Accuracies on random> test class : 64.00
------------------------------
Total epoch time: 28.063

New epoch - lr: 0.003
[1/78 iteration of epoch 38/60] 
 {loss} cls : 0.000, total : 0.000 
 {acc} cls : 100.00
[31/78 iteration of epoch 38/60] 
 {loss} cls : 0.003, total : 0.003 
 {acc} cls : 100.00
[61/78 iteration of epoch 38/60] 
 {loss} cls : 0.000, total : 0.000 
 {acc} cls : 100.00
------------------------------
<Losses on train> cls : 0.003, total : 0.003
<Accuracies on train> cls : 99.86
Train epoch time: 20.722
------------------------------
<Accuracies on val> class : 99.00
------------------------------
<Accuracies on test> class : 40.65
------------------------------
<Accuracies on flip> test class : 20.80
------------------------------
<Accuracies on random> test class : 60.50
------------------------------
Total epoch time: 28.305

New epoch - lr: 0.003
[1/78 iteration of epoch 39/60] 
 {loss} cls : 0.000, total : 0.000 
 {acc} cls : 100.00
[31/78 iteration of epoch 39/60] 
 {loss} cls : 0.000, total : 0.000 
 {acc} cls : 100.00
[61/78 iteration of epoch 39/60] 
 {loss} cls : 0.000, total : 0.000 
 {acc} cls : 100.00
------------------------------
<Losses on train> cls : 0.001, total : 0.001
<Accuracies on train> cls : 99.96
Train epoch time: 19.945
------------------------------
<Accuracies on val> class : 99.20
------------------------------
<Accuracies on test> class : 41.40
------------------------------
<Accuracies on flip> test class : 21.60
------------------------------
<Accuracies on random> test class : 61.20
------------------------------
Total epoch time: 27.360

New epoch - lr: 0.003
[1/78 iteration of epoch 40/60] 
 {loss} cls : 0.000, total : 0.000 
 {acc} cls : 100.00
[31/78 iteration of epoch 40/60] 
 {loss} cls : 0.000, total : 0.000 
 {acc} cls : 100.00
[61/78 iteration of epoch 40/60] 
 {loss} cls : 0.005, total : 0.005 
 {acc} cls : 100.00
------------------------------
<Losses on train> cls : 0.001, total : 0.001
<Accuracies on train> cls : 99.96
Train epoch time: 20.595
------------------------------
<Accuracies on val> class : 99.40
------------------------------
<Accuracies on test> class : 40.25
------------------------------
<Accuracies on flip> test class : 19.90
------------------------------
<Accuracies on random> test class : 60.60
------------------------------
Total epoch time: 28.016

New epoch - lr: 0.003
[1/78 iteration of epoch 41/60] 
 {loss} cls : 0.000, total : 0.000 
 {acc} cls : 100.00
[31/78 iteration of epoch 41/60] 
 {loss} cls : 0.000, total : 0.000 
 {acc} cls : 100.00
[61/78 iteration of epoch 41/60] 
 {loss} cls : 0.004, total : 0.004 
 {acc} cls : 100.00
------------------------------
<Losses on train> cls : 0.001, total : 0.001
<Accuracies on train> cls : 99.98
Train epoch time: 21.407
------------------------------
<Accuracies on val> class : 99.60
------------------------------
<Accuracies on test> class : 40.75
------------------------------
<Accuracies on flip> test class : 21.10
------------------------------
<Accuracies on random> test class : 60.40
------------------------------
Total epoch time: 28.752

New epoch - lr: 0.003
[1/78 iteration of epoch 42/60] 
 {loss} cls : 0.000, total : 0.000 
 {acc} cls : 100.00
[31/78 iteration of epoch 42/60] 
 {loss} cls : 0.000, total : 0.000 
 {acc} cls : 100.00
[61/78 iteration of epoch 42/60] 
 {loss} cls : 0.002, total : 0.002 
 {acc} cls : 100.00
------------------------------
<Losses on train> cls : 0.001, total : 0.001
<Accuracies on train> cls : 99.98
Train epoch time: 20.699
------------------------------
<Accuracies on val> class : 99.60
------------------------------
<Accuracies on test> class : 41.15
------------------------------
<Accuracies on flip> test class : 21.60
------------------------------
<Accuracies on random> test class : 60.70
------------------------------
Total epoch time: 28.220

New epoch - lr: 0.003
[1/78 iteration of epoch 43/60] 
 {loss} cls : 0.000, total : 0.000 
 {acc} cls : 100.00
[31/78 iteration of epoch 43/60] 
 {loss} cls : 0.000, total : 0.000 
 {acc} cls : 100.00
[61/78 iteration of epoch 43/60] 
 {loss} cls : 0.001, total : 0.001 
 {acc} cls : 100.00
------------------------------
<Losses on train> cls : 0.001, total : 0.001
<Accuracies on train> cls : 99.98
Train epoch time: 21.858
------------------------------
<Accuracies on val> class : 99.40
------------------------------
<Accuracies on test> class : 41.95
------------------------------
<Accuracies on flip> test class : 22.50
------------------------------
<Accuracies on random> test class : 61.40
------------------------------
Total epoch time: 29.160

New epoch - lr: 0.003
[1/78 iteration of epoch 44/60] 
 {loss} cls : 0.000, total : 0.000 
 {acc} cls : 100.00
[31/78 iteration of epoch 44/60] 
 {loss} cls : 0.000, total : 0.000 
 {acc} cls : 100.00
[61/78 iteration of epoch 44/60] 
 {loss} cls : 0.000, total : 0.000 
 {acc} cls : 100.00
------------------------------
<Losses on train> cls : 0.001, total : 0.001
<Accuracies on train> cls : 100.00
Train epoch time: 21.175
------------------------------
<Accuracies on val> class : 99.40
------------------------------
<Accuracies on test> class : 40.50
------------------------------
<Accuracies on flip> test class : 20.30
------------------------------
<Accuracies on random> test class : 60.70
------------------------------
Total epoch time: 28.711

New epoch - lr: 0.003
[1/78 iteration of epoch 45/60] 
 {loss} cls : 0.000, total : 0.000 
 {acc} cls : 100.00
[31/78 iteration of epoch 45/60] 
 {loss} cls : 0.000, total : 0.000 
 {acc} cls : 100.00
[61/78 iteration of epoch 45/60] 
 {loss} cls : 0.000, total : 0.000 
 {acc} cls : 100.00
------------------------------
<Losses on train> cls : 0.001, total : 0.001
<Accuracies on train> cls : 99.96
Train epoch time: 21.386
------------------------------
<Accuracies on val> class : 99.40
------------------------------
<Accuracies on test> class : 39.30
------------------------------
<Accuracies on flip> test class : 18.90
------------------------------
<Accuracies on random> test class : 59.70
------------------------------
Total epoch time: 28.720

New epoch - lr: 0.003
[1/78 iteration of epoch 46/60] 
 {loss} cls : 0.000, total : 0.000 
 {acc} cls : 100.00
[31/78 iteration of epoch 46/60] 
 {loss} cls : 0.000, total : 0.000 
 {acc} cls : 100.00
[61/78 iteration of epoch 46/60] 
 {loss} cls : 0.019, total : 0.019 
 {acc} cls : 98.44
------------------------------
<Losses on train> cls : 0.001, total : 0.001
<Accuracies on train> cls : 99.94
Train epoch time: 20.280
------------------------------
<Accuracies on val> class : 99.40
------------------------------
<Accuracies on test> class : 39.20
------------------------------
<Accuracies on flip> test class : 18.20
------------------------------
<Accuracies on random> test class : 60.20
------------------------------
Total epoch time: 27.675

New epoch - lr: 0.003
[1/78 iteration of epoch 47/60] 
 {loss} cls : 0.000, total : 0.000 
 {acc} cls : 100.00
[31/78 iteration of epoch 47/60] 
 {loss} cls : 0.000, total : 0.000 
 {acc} cls : 100.00
[61/78 iteration of epoch 47/60] 
 {loss} cls : 0.000, total : 0.000 
 {acc} cls : 100.00
------------------------------
<Losses on train> cls : 0.001, total : 0.001
<Accuracies on train> cls : 99.92
Train epoch time: 20.541
------------------------------
<Accuracies on val> class : 99.40
------------------------------
<Accuracies on test> class : 38.30
------------------------------
<Accuracies on flip> test class : 17.30
------------------------------
<Accuracies on random> test class : 59.30
------------------------------
Total epoch time: 27.899

New epoch - lr: 0.003
[1/78 iteration of epoch 48/60] 
 {loss} cls : 0.001, total : 0.001 
 {acc} cls : 100.00
[31/78 iteration of epoch 48/60] 
 {loss} cls : 0.001, total : 0.001 
 {acc} cls : 100.00
[61/78 iteration of epoch 48/60] 
 {loss} cls : 0.000, total : 0.000 
 {acc} cls : 100.00
------------------------------
<Losses on train> cls : 0.001, total : 0.001
<Accuracies on train> cls : 99.96
Train epoch time: 20.574
------------------------------
<Accuracies on val> class : 99.60
------------------------------
<Accuracies on test> class : 37.95
------------------------------
<Accuracies on flip> test class : 16.60
------------------------------
<Accuracies on random> test class : 59.30
------------------------------
Total epoch time: 27.965

New epoch - lr: 0.003
[1/78 iteration of epoch 49/60] 
 {loss} cls : 0.004, total : 0.004 
 {acc} cls : 100.00
[31/78 iteration of epoch 49/60] 
 {loss} cls : 0.000, total : 0.000 
 {acc} cls : 100.00
[61/78 iteration of epoch 49/60] 
 {loss} cls : 0.000, total : 0.000 
 {acc} cls : 100.00
------------------------------
<Losses on train> cls : 0.001, total : 0.001
<Accuracies on train> cls : 100.00
Train epoch time: 20.247
------------------------------
<Accuracies on val> class : 99.20
------------------------------
<Accuracies on test> class : 39.10
------------------------------
<Accuracies on flip> test class : 18.30
------------------------------
<Accuracies on random> test class : 59.90
------------------------------
Total epoch time: 27.627

New epoch - lr: 0.003
[1/78 iteration of epoch 50/60] 
 {loss} cls : 0.000, total : 0.000 
 {acc} cls : 100.00
[31/78 iteration of epoch 50/60] 
 {loss} cls : 0.000, total : 0.000 
 {acc} cls : 100.00
[61/78 iteration of epoch 50/60] 
 {loss} cls : 0.000, total : 0.000 
 {acc} cls : 100.00
------------------------------
<Losses on train> cls : 0.001, total : 0.001
<Accuracies on train> cls : 99.98
Train epoch time: 21.341
------------------------------
<Accuracies on val> class : 99.40
------------------------------
<Accuracies on test> class : 39.55
------------------------------
<Accuracies on flip> test class : 19.10
------------------------------
<Accuracies on random> test class : 60.00
------------------------------
Total epoch time: 28.708

New epoch - lr: 0.003
[1/78 iteration of epoch 51/60] 
 {loss} cls : 0.000, total : 0.000 
 {acc} cls : 100.00
[31/78 iteration of epoch 51/60] 
 {loss} cls : 0.000, total : 0.000 
 {acc} cls : 100.00
[61/78 iteration of epoch 51/60] 
 {loss} cls : 0.000, total : 0.000 
 {acc} cls : 100.00
------------------------------
<Losses on train> cls : 0.000, total : 0.000
<Accuracies on train> cls : 100.00
Train epoch time: 19.808
------------------------------
<Accuracies on val> class : 99.40
------------------------------
<Accuracies on test> class : 39.35
------------------------------
<Accuracies on flip> test class : 18.60
------------------------------
<Accuracies on random> test class : 60.10
------------------------------
Total epoch time: 27.208

New epoch - lr: 0.003
[1/78 iteration of epoch 52/60] 
 {loss} cls : 0.000, total : 0.000 
 {acc} cls : 100.00
[31/78 iteration of epoch 52/60] 
 {loss} cls : 0.002, total : 0.002 
 {acc} cls : 100.00
[61/78 iteration of epoch 52/60] 
 {loss} cls : 0.000, total : 0.000 
 {acc} cls : 100.00
------------------------------
<Losses on train> cls : 0.002, total : 0.002
<Accuracies on train> cls : 99.90
Train epoch time: 19.935
------------------------------
<Accuracies on val> class : 99.80
------------------------------
<Accuracies on test> class : 39.65
------------------------------
<Accuracies on flip> test class : 19.40
------------------------------
<Accuracies on random> test class : 59.90
------------------------------
Total epoch time: 27.774

New epoch - lr: 0.003
[1/78 iteration of epoch 53/60] 
 {loss} cls : 0.000, total : 0.000 
 {acc} cls : 100.00
[31/78 iteration of epoch 53/60] 
 {loss} cls : 0.001, total : 0.001 
 {acc} cls : 100.00
[61/78 iteration of epoch 53/60] 
 {loss} cls : 0.002, total : 0.002 
 {acc} cls : 100.00
------------------------------
<Losses on train> cls : 0.001, total : 0.001
<Accuracies on train> cls : 99.96
Train epoch time: 20.806
------------------------------
<Accuracies on val> class : 99.40
------------------------------
<Accuracies on test> class : 42.90
------------------------------
<Accuracies on flip> test class : 23.90
------------------------------
<Accuracies on random> test class : 61.90
------------------------------
Total epoch time: 28.113

New epoch - lr: 0.0009000000000000002
[1/78 iteration of epoch 54/60] 
 {loss} cls : 0.000, total : 0.000 
 {acc} cls : 100.00
[31/78 iteration of epoch 54/60] 
 {loss} cls : 0.000, total : 0.000 
 {acc} cls : 100.00
[61/78 iteration of epoch 54/60] 
 {loss} cls : 0.000, total : 0.000 
 {acc} cls : 100.00
------------------------------
<Losses on train> cls : 0.001, total : 0.001
<Accuracies on train> cls : 99.96
Train epoch time: 20.101
------------------------------
<Accuracies on val> class : 99.40
------------------------------
<Accuracies on test> class : 40.95
------------------------------
<Accuracies on flip> test class : 21.20
------------------------------
<Accuracies on random> test class : 60.70
------------------------------
Total epoch time: 27.442

New epoch - lr: 0.0009000000000000002
[1/78 iteration of epoch 55/60] 
 {loss} cls : 0.000, total : 0.000 
 {acc} cls : 100.00
[31/78 iteration of epoch 55/60] 
 {loss} cls : 0.000, total : 0.000 
 {acc} cls : 100.00
[61/78 iteration of epoch 55/60] 
 {loss} cls : 0.000, total : 0.000 
 {acc} cls : 100.00
------------------------------
<Losses on train> cls : 0.001, total : 0.001
<Accuracies on train> cls : 99.98
Train epoch time: 20.577
------------------------------
<Accuracies on val> class : 99.40
------------------------------
<Accuracies on test> class : 41.00
------------------------------
<Accuracies on flip> test class : 21.30
------------------------------
<Accuracies on random> test class : 60.70
------------------------------
Total epoch time: 28.041

New epoch - lr: 0.0009000000000000002
[1/78 iteration of epoch 56/60] 
 {loss} cls : 0.000, total : 0.000 
 {acc} cls : 100.00
[31/78 iteration of epoch 56/60] 
 {loss} cls : 0.000, total : 0.000 
 {acc} cls : 100.00
[61/78 iteration of epoch 56/60] 
 {loss} cls : 0.000, total : 0.000 
 {acc} cls : 100.00
------------------------------
<Losses on train> cls : 0.001, total : 0.001
<Accuracies on train> cls : 100.00
Train epoch time: 20.761
------------------------------
<Accuracies on val> class : 99.80
------------------------------
<Accuracies on test> class : 39.50
------------------------------
<Accuracies on flip> test class : 19.10
------------------------------
<Accuracies on random> test class : 59.90
------------------------------
Total epoch time: 28.611

New epoch - lr: 0.0009000000000000002
[1/78 iteration of epoch 57/60] 
 {loss} cls : 0.000, total : 0.000 
 {acc} cls : 100.00
[31/78 iteration of epoch 57/60] 
 {loss} cls : 0.002, total : 0.002 
 {acc} cls : 100.00
[61/78 iteration of epoch 57/60] 
 {loss} cls : 0.000, total : 0.000 
 {acc} cls : 100.00
------------------------------
<Losses on train> cls : 0.001, total : 0.001
<Accuracies on train> cls : 99.96
Train epoch time: 21.050
------------------------------
<Accuracies on val> class : 99.40
------------------------------
<Accuracies on test> class : 39.70
------------------------------
<Accuracies on flip> test class : 19.30
------------------------------
<Accuracies on random> test class : 60.10
------------------------------
Total epoch time: 28.519

New epoch - lr: 0.0009000000000000002
[1/78 iteration of epoch 58/60] 
 {loss} cls : 0.000, total : 0.000 
 {acc} cls : 100.00
[31/78 iteration of epoch 58/60] 
 {loss} cls : 0.001, total : 0.001 
 {acc} cls : 100.00
[61/78 iteration of epoch 58/60] 
 {loss} cls : 0.000, total : 0.000 
 {acc} cls : 100.00
------------------------------
<Losses on train> cls : 0.000, total : 0.000
<Accuracies on train> cls : 100.00
Train epoch time: 20.714
------------------------------
<Accuracies on val> class : 99.40
------------------------------
<Accuracies on test> class : 39.20
------------------------------
<Accuracies on flip> test class : 18.50
------------------------------
<Accuracies on random> test class : 59.90
------------------------------
Total epoch time: 28.329

New epoch - lr: 0.0009000000000000002
[1/78 iteration of epoch 59/60] 
 {loss} cls : 0.000, total : 0.000 
 {acc} cls : 100.00
[31/78 iteration of epoch 59/60] 
 {loss} cls : 0.000, total : 0.000 
 {acc} cls : 100.00
[61/78 iteration of epoch 59/60] 
 {loss} cls : 0.000, total : 0.000 
 {acc} cls : 100.00
------------------------------
<Losses on train> cls : 0.000, total : 0.000
<Accuracies on train> cls : 100.00
Train epoch time: 21.041
------------------------------
<Accuracies on val> class : 99.40
------------------------------
<Accuracies on test> class : 39.55
------------------------------
<Accuracies on flip> test class : 19.10
------------------------------
<Accuracies on random> test class : 60.00
------------------------------
Total epoch time: 28.548

New epoch - lr: 0.0009000000000000002
[1/78 iteration of epoch 60/60] 
 {loss} cls : 0.000, total : 0.000 
 {acc} cls : 100.00
[31/78 iteration of epoch 60/60] 
 {loss} cls : 0.000, total : 0.000 
 {acc} cls : 100.00
[61/78 iteration of epoch 60/60] 
 {loss} cls : 0.000, total : 0.000 
 {acc} cls : 100.00
------------------------------
<Losses on train> cls : 0.001, total : 0.001
<Accuracies on train> cls : 99.98
Train epoch time: 20.150
------------------------------
<Accuracies on val> class : 99.40
------------------------------
<Accuracies on test> class : 39.15
------------------------------
<Accuracies on flip> test class : 18.80
------------------------------
<Accuracies on random> test class : 59.50
------------------------------
Total epoch time: 27.583

******************************
Best val 0.998, corresponding test 0.395 - best test: 0.4855

******************************
Best val 0.9980000257492065, corresponding flip test 0.19099999964237213

******************************
Best val 0.9980000257492065, corresponding random test 0.5989999771118164
