
Loading experiment Texture/ResNet18_step


New epoch - lr: 0.003
[1/75 iteration of epoch 1/30] 
 {loss} cls : 2.803, total : 7.870 
 {acc} cls : 8.59
[31/75 iteration of epoch 1/30] 
 {loss} cls : 0.540, total : 4.439 
 {acc} cls : 85.94
[61/75 iteration of epoch 1/30] 
 {loss} cls : 0.417, total : 3.885 
 {acc} cls : 90.62
------------------------------
<Losses on train> cls : 0.711, total : 4.590
<Accuracies on train> cls : 81.03
Train epoch time: 44.423
------------------------------
<Accuracies on val> class : 86.41
------------------------------
<Accuracies on test> class : 49.72
------------------------------
<Accuracies on in> test class : 79.38
------------------------------
<Accuracies on random> test class : 18.28
------------------------------
<Accuracies on edge> test class : 20.62
------------------------------
<Accuracies on silo> test class : 33.75
------------------------------
Total epoch time: 81.748

New epoch - lr: 0.003
[1/75 iteration of epoch 2/30] 
 {loss} cls : 0.462, total : 3.881 
 {acc} cls : 87.50
[31/75 iteration of epoch 2/30] 
 {loss} cls : 0.499, total : 4.046 
 {acc} cls : 84.38
[61/75 iteration of epoch 2/30] 
 {loss} cls : 0.378, total : 3.469 
 {acc} cls : 90.62
------------------------------
<Losses on train> cls : 0.305, total : 3.440
<Accuracies on train> cls : 91.38
Train epoch time: 24.237
------------------------------
<Accuracies on val> class : 85.59
------------------------------
<Accuracies on test> class : 53.53
------------------------------
<Accuracies on in> test class : 81.94
------------------------------
<Accuracies on random> test class : 21.72
------------------------------
<Accuracies on edge> test class : 26.25
------------------------------
<Accuracies on silo> test class : 51.25
------------------------------
Total epoch time: 44.989

New epoch - lr: 0.003
[1/75 iteration of epoch 3/30] 
 {loss} cls : 0.690, total : 4.362 
 {acc} cls : 78.91
[31/75 iteration of epoch 3/30] 
 {loss} cls : 0.142, total : 2.864 
 {acc} cls : 95.31
[61/75 iteration of epoch 3/30] 
 {loss} cls : 0.254, total : 3.158 
 {acc} cls : 92.19
------------------------------
<Losses on train> cls : 0.221, total : 3.099
<Accuracies on train> cls : 93.48
Train epoch time: 24.108
------------------------------
<Accuracies on val> class : 85.66
------------------------------
<Accuracies on test> class : 50.56
------------------------------
<Accuracies on in> test class : 78.06
------------------------------
<Accuracies on random> test class : 22.66
------------------------------
<Accuracies on edge> test class : 22.50
------------------------------
<Accuracies on silo> test class : 26.88
------------------------------
Total epoch time: 44.697

New epoch - lr: 0.003
[1/75 iteration of epoch 4/30] 
 {loss} cls : 0.159, total : 2.915 
 {acc} cls : 95.31
[31/75 iteration of epoch 4/30] 
 {loss} cls : 0.072, total : 2.580 
 {acc} cls : 98.44
[61/75 iteration of epoch 4/30] 
 {loss} cls : 0.253, total : 3.055 
 {acc} cls : 91.41
------------------------------
<Losses on train> cls : 0.197, total : 2.958
<Accuracies on train> cls : 94.26
Train epoch time: 24.126
------------------------------
<Accuracies on val> class : 86.56
------------------------------
<Accuracies on test> class : 51.66
------------------------------
<Accuracies on in> test class : 78.88
------------------------------
<Accuracies on random> test class : 22.81
------------------------------
<Accuracies on edge> test class : 25.62
------------------------------
<Accuracies on silo> test class : 36.25
------------------------------
Total epoch time: 44.991

New epoch - lr: 0.003
[1/75 iteration of epoch 5/30] 
 {loss} cls : 0.231, total : 2.981 
 {acc} cls : 94.53
[31/75 iteration of epoch 5/30] 
 {loss} cls : 0.289, total : 3.262 
 {acc} cls : 90.62
[61/75 iteration of epoch 5/30] 
 {loss} cls : 0.076, total : 2.551 
 {acc} cls : 97.66
------------------------------
<Losses on train> cls : 0.185, total : 2.884
<Accuracies on train> cls : 94.29
Train epoch time: 24.319
------------------------------
<Accuracies on val> class : 86.50
------------------------------
<Accuracies on test> class : 52.59
------------------------------
<Accuracies on in> test class : 79.94
------------------------------
<Accuracies on random> test class : 24.22
------------------------------
<Accuracies on edge> test class : 21.25
------------------------------
<Accuracies on silo> test class : 37.50
------------------------------
Total epoch time: 44.854

New epoch - lr: 0.003
[1/75 iteration of epoch 6/30] 
 {loss} cls : 0.193, total : 2.796 
 {acc} cls : 94.53
[31/75 iteration of epoch 6/30] 
 {loss} cls : 0.031, total : 2.433 
 {acc} cls : 99.22
[61/75 iteration of epoch 6/30] 
 {loss} cls : 0.145, total : 2.832 
 {acc} cls : 96.88
------------------------------
<Losses on train> cls : 0.132, total : 2.716
<Accuracies on train> cls : 96.22
Train epoch time: 24.292
------------------------------
<Accuracies on val> class : 85.94
------------------------------
<Accuracies on test> class : 51.84
------------------------------
<Accuracies on in> test class : 77.50
------------------------------
<Accuracies on random> test class : 25.31
------------------------------
<Accuracies on edge> test class : 21.25
------------------------------
<Accuracies on silo> test class : 38.12
------------------------------
Total epoch time: 44.885

New epoch - lr: 0.003
[1/75 iteration of epoch 7/30] 
 {loss} cls : 0.249, total : 3.017 
 {acc} cls : 93.75
[31/75 iteration of epoch 7/30] 
 {loss} cls : 0.058, total : 2.515 
 {acc} cls : 98.44
[61/75 iteration of epoch 7/30] 
 {loss} cls : 0.131, total : 2.762 
 {acc} cls : 96.88
------------------------------
<Losses on train> cls : 0.126, total : 2.677
<Accuracies on train> cls : 96.32
Train epoch time: 24.330
------------------------------
<Accuracies on val> class : 86.09
------------------------------
<Accuracies on test> class : 52.62
------------------------------
<Accuracies on in> test class : 78.50
------------------------------
<Accuracies on random> test class : 25.47
------------------------------
<Accuracies on edge> test class : 20.00
------------------------------
<Accuracies on silo> test class : 43.75
------------------------------
Total epoch time: 45.003

New epoch - lr: 0.003
[1/75 iteration of epoch 8/30] 
 {loss} cls : 0.085, total : 2.532 
 {acc} cls : 98.44
[31/75 iteration of epoch 8/30] 
 {loss} cls : 0.053, total : 2.358 
 {acc} cls : 99.22
[61/75 iteration of epoch 8/30] 
 {loss} cls : 0.281, total : 3.184 
 {acc} cls : 91.41
------------------------------
<Losses on train> cls : 0.114, total : 2.627
<Accuracies on train> cls : 96.67
Train epoch time: 24.546
------------------------------
<Accuracies on val> class : 86.06
------------------------------
<Accuracies on test> class : 53.09
------------------------------
<Accuracies on in> test class : 77.81
------------------------------
<Accuracies on random> test class : 26.72
------------------------------
<Accuracies on edge> test class : 26.88
------------------------------
<Accuracies on silo> test class : 43.12
------------------------------
Total epoch time: 46.499

New epoch - lr: 0.003
[1/75 iteration of epoch 9/30] 
 {loss} cls : 0.047, total : 2.393 
 {acc} cls : 98.44
[31/75 iteration of epoch 9/30] 
 {loss} cls : 0.189, total : 2.732 
 {acc} cls : 92.19
[61/75 iteration of epoch 9/30] 
 {loss} cls : 0.071, total : 2.444 
 {acc} cls : 97.66
------------------------------
<Losses on train> cls : 0.089, total : 2.533
<Accuracies on train> cls : 97.45
Train epoch time: 24.281
------------------------------
<Accuracies on val> class : 86.03
------------------------------
<Accuracies on test> class : 53.69
------------------------------
<Accuracies on in> test class : 78.00
------------------------------
<Accuracies on random> test class : 27.89
------------------------------
<Accuracies on edge> test class : 33.75
------------------------------
<Accuracies on silo> test class : 36.88
------------------------------
Total epoch time: 44.939

New epoch - lr: 0.003
[1/75 iteration of epoch 10/30] 
 {loss} cls : 0.186, total : 2.820 
 {acc} cls : 95.31
[31/75 iteration of epoch 10/30] 
 {loss} cls : 0.060, total : 2.381 
 {acc} cls : 97.66
[61/75 iteration of epoch 10/30] 
 {loss} cls : 0.106, total : 2.510 
 {acc} cls : 96.09
------------------------------
<Losses on train> cls : 0.094, total : 2.545
<Accuracies on train> cls : 97.12
Train epoch time: 24.227
------------------------------
<Accuracies on val> class : 85.62
------------------------------
<Accuracies on test> class : 52.44
------------------------------
<Accuracies on in> test class : 76.06
------------------------------
<Accuracies on random> test class : 28.36
------------------------------
<Accuracies on edge> test class : 26.88
------------------------------
<Accuracies on silo> test class : 34.38
------------------------------
Total epoch time: 44.973

New epoch - lr: 0.003
[1/75 iteration of epoch 11/30] 
 {loss} cls : 0.165, total : 2.889 
 {acc} cls : 96.09
[31/75 iteration of epoch 11/30] 
 {loss} cls : 0.033, total : 2.342 
 {acc} cls : 99.22
[61/75 iteration of epoch 11/30] 
 {loss} cls : 0.013, total : 2.238 
 {acc} cls : 100.00
------------------------------
<Losses on train> cls : 0.082, total : 2.470
<Accuracies on train> cls : 97.58
Train epoch time: 24.318
------------------------------
<Accuracies on val> class : 85.53
------------------------------
<Accuracies on test> class : 53.28
------------------------------
<Accuracies on in> test class : 77.19
------------------------------
<Accuracies on random> test class : 28.52
------------------------------
<Accuracies on edge> test class : 33.12
------------------------------
<Accuracies on silo> test class : 32.50
------------------------------
Total epoch time: 45.004

New epoch - lr: 0.003
[1/75 iteration of epoch 12/30] 
 {loss} cls : 0.453, total : 3.550 
 {acc} cls : 88.28
[31/75 iteration of epoch 12/30] 
 {loss} cls : 0.071, total : 2.458 
 {acc} cls : 96.88
[61/75 iteration of epoch 12/30] 
 {loss} cls : 0.028, total : 2.283 
 {acc} cls : 99.22
------------------------------
<Losses on train> cls : 0.092, total : 2.497
<Accuracies on train> cls : 97.35
Train epoch time: 24.279
------------------------------
<Accuracies on val> class : 85.00
------------------------------
<Accuracies on test> class : 54.53
------------------------------
<Accuracies on in> test class : 75.00
------------------------------
<Accuracies on random> test class : 34.14
------------------------------
<Accuracies on edge> test class : 30.63
------------------------------
<Accuracies on silo> test class : 36.88
------------------------------
Total epoch time: 44.959

New epoch - lr: 0.003
[1/75 iteration of epoch 13/30] 
 {loss} cls : 0.019, total : 2.371 
 {acc} cls : 100.00
[31/75 iteration of epoch 13/30] 
 {loss} cls : 0.104, total : 2.565 
 {acc} cls : 97.66
[61/75 iteration of epoch 13/30] 
 {loss} cls : 0.050, total : 2.310 
 {acc} cls : 99.22
------------------------------
<Losses on train> cls : 0.083, total : 2.468
<Accuracies on train> cls : 97.61
Train epoch time: 24.345
------------------------------
<Accuracies on val> class : 83.94
------------------------------
<Accuracies on test> class : 55.19
------------------------------
<Accuracies on in> test class : 75.00
------------------------------
<Accuracies on random> test class : 34.22
------------------------------
<Accuracies on edge> test class : 38.12
------------------------------
<Accuracies on silo> test class : 41.88
------------------------------
Total epoch time: 45.014

New epoch - lr: 0.003
[1/75 iteration of epoch 14/30] 
 {loss} cls : 0.082, total : 2.464 
 {acc} cls : 98.44
[31/75 iteration of epoch 14/30] 
 {loss} cls : 0.034, total : 2.345 
 {acc} cls : 99.22
[61/75 iteration of epoch 14/30] 
 {loss} cls : 0.103, total : 2.451 
 {acc} cls : 96.88
------------------------------
<Losses on train> cls : 0.047, total : 2.341
<Accuracies on train> cls : 98.78
Train epoch time: 24.302
------------------------------
<Accuracies on val> class : 84.97
------------------------------
<Accuracies on test> class : 54.34
------------------------------
<Accuracies on in> test class : 76.25
------------------------------
<Accuracies on random> test class : 32.81
------------------------------
<Accuracies on edge> test class : 28.75
------------------------------
<Accuracies on silo> test class : 33.12
------------------------------
Total epoch time: 44.989

New epoch - lr: 0.003
[1/75 iteration of epoch 15/30] 
 {loss} cls : 0.017, total : 2.377 
 {acc} cls : 100.00
[31/75 iteration of epoch 15/30] 
 {loss} cls : 0.089, total : 2.375 
 {acc} cls : 96.88
[61/75 iteration of epoch 15/30] 
 {loss} cls : 0.040, total : 2.424 
 {acc} cls : 98.44
------------------------------
<Losses on train> cls : 0.075, total : 2.412
<Accuracies on train> cls : 97.93
Train epoch time: 24.355
------------------------------
<Accuracies on val> class : 85.03
------------------------------
<Accuracies on test> class : 54.59
------------------------------
<Accuracies on in> test class : 76.19
------------------------------
<Accuracies on random> test class : 30.94
------------------------------
<Accuracies on edge> test class : 43.12
------------------------------
<Accuracies on silo> test class : 39.38
------------------------------
Total epoch time: 44.998

New epoch - lr: 0.003
[1/75 iteration of epoch 16/30] 
 {loss} cls : 0.092, total : 2.408 
 {acc} cls : 97.66
[31/75 iteration of epoch 16/30] 
 {loss} cls : 0.064, total : 2.384 
 {acc} cls : 98.44
[61/75 iteration of epoch 16/30] 
 {loss} cls : 0.060, total : 2.326 
 {acc} cls : 99.22
------------------------------
<Losses on train> cls : 0.055, total : 2.349
<Accuracies on train> cls : 98.46
Train epoch time: 24.259
------------------------------
<Accuracies on val> class : 85.19
------------------------------
<Accuracies on test> class : 54.06
------------------------------
<Accuracies on in> test class : 75.25
------------------------------
<Accuracies on random> test class : 30.70
------------------------------
<Accuracies on edge> test class : 43.12
------------------------------
<Accuracies on silo> test class : 40.00
------------------------------
Total epoch time: 44.997

New epoch - lr: 0.003
[1/75 iteration of epoch 17/30] 
 {loss} cls : 0.041, total : 2.253 
 {acc} cls : 98.44
[31/75 iteration of epoch 17/30] 
 {loss} cls : 0.008, total : 2.256 
 {acc} cls : 100.00
[61/75 iteration of epoch 17/30] 
 {loss} cls : 0.061, total : 2.400 
 {acc} cls : 97.66
------------------------------
<Losses on train> cls : 0.074, total : 2.416
<Accuracies on train> cls : 97.72
Train epoch time: 24.234
------------------------------
<Accuracies on val> class : 83.88
------------------------------
<Accuracies on test> class : 53.25
------------------------------
<Accuracies on in> test class : 75.31
------------------------------
<Accuracies on random> test class : 30.08
------------------------------
<Accuracies on edge> test class : 36.25
------------------------------
<Accuracies on silo> test class : 35.00
------------------------------
Total epoch time: 44.884

New epoch - lr: 0.003
[1/75 iteration of epoch 18/30] 
 {loss} cls : 0.019, total : 2.227 
 {acc} cls : 100.00
[31/75 iteration of epoch 18/30] 
 {loss} cls : 0.011, total : 2.130 
 {acc} cls : 100.00
[61/75 iteration of epoch 18/30] 
 {loss} cls : 0.024, total : 2.237 
 {acc} cls : 99.22
------------------------------
<Losses on train> cls : 0.064, total : 2.378
<Accuracies on train> cls : 98.19
Train epoch time: 24.320
------------------------------
<Accuracies on val> class : 85.06
------------------------------
<Accuracies on test> class : 55.00
------------------------------
<Accuracies on in> test class : 76.75
------------------------------
<Accuracies on random> test class : 31.41
------------------------------
<Accuracies on edge> test class : 39.38
------------------------------
<Accuracies on silo> test class : 41.88
------------------------------
Total epoch time: 44.999

New epoch - lr: 0.003
[1/75 iteration of epoch 19/30] 
 {loss} cls : 0.009, total : 2.170 
 {acc} cls : 99.22
[31/75 iteration of epoch 19/30] 
 {loss} cls : 0.057, total : 2.316 
 {acc} cls : 98.44
[61/75 iteration of epoch 19/30] 
 {loss} cls : 0.044, total : 2.343 
 {acc} cls : 98.44
------------------------------
<Losses on train> cls : 0.057, total : 2.346
<Accuracies on train> cls : 98.35
Train epoch time: 24.367
------------------------------
<Accuracies on val> class : 85.03
------------------------------
<Accuracies on test> class : 53.47
------------------------------
<Accuracies on in> test class : 74.56
------------------------------
<Accuracies on random> test class : 31.33
------------------------------
<Accuracies on edge> test class : 39.38
------------------------------
<Accuracies on silo> test class : 33.75
------------------------------
Total epoch time: 45.103

New epoch - lr: 0.003
[1/75 iteration of epoch 20/30] 
 {loss} cls : 0.093, total : 2.575 
 {acc} cls : 97.66
[31/75 iteration of epoch 20/30] 
 {loss} cls : 0.017, total : 2.228 
 {acc} cls : 100.00
[61/75 iteration of epoch 20/30] 
 {loss} cls : 0.013, total : 2.218 
 {acc} cls : 100.00
------------------------------
<Losses on train> cls : 0.056, total : 2.346
<Accuracies on train> cls : 98.34
Train epoch time: 24.287
------------------------------
<Accuracies on val> class : 84.91
------------------------------
<Accuracies on test> class : 55.69
------------------------------
<Accuracies on in> test class : 76.31
------------------------------
<Accuracies on random> test class : 32.73
------------------------------
<Accuracies on edge> test class : 41.88
------------------------------
<Accuracies on silo> test class : 46.88
------------------------------
Total epoch time: 44.943

New epoch - lr: 0.003
[1/75 iteration of epoch 21/30] 
 {loss} cls : 0.052, total : 2.282 
 {acc} cls : 98.44
[31/75 iteration of epoch 21/30] 
 {loss} cls : 0.046, total : 2.288 
 {acc} cls : 100.00
[61/75 iteration of epoch 21/30] 
 {loss} cls : 0.026, total : 2.240 
 {acc} cls : 99.22
------------------------------
<Losses on train> cls : 0.044, total : 2.292
<Accuracies on train> cls : 98.84
Train epoch time: 24.349
------------------------------
<Accuracies on val> class : 84.94
------------------------------
<Accuracies on test> class : 54.03
------------------------------
<Accuracies on in> test class : 75.56
------------------------------
<Accuracies on random> test class : 30.86
------------------------------
<Accuracies on edge> test class : 42.50
------------------------------
<Accuracies on silo> test class : 35.62
------------------------------
Total epoch time: 45.153

New epoch - lr: 0.003
[1/75 iteration of epoch 22/30] 
 {loss} cls : 0.023, total : 2.228 
 {acc} cls : 99.22
[31/75 iteration of epoch 22/30] 
 {loss} cls : 0.005, total : 2.157 
 {acc} cls : 100.00
[61/75 iteration of epoch 22/30] 
 {loss} cls : 0.015, total : 2.187 
 {acc} cls : 100.00
------------------------------
<Losses on train> cls : 0.045, total : 2.293
<Accuracies on train> cls : 98.77
Train epoch time: 24.203
------------------------------
<Accuracies on val> class : 84.72
------------------------------
<Accuracies on test> class : 54.59
------------------------------
<Accuracies on in> test class : 75.06
------------------------------
<Accuracies on random> test class : 33.12
------------------------------
<Accuracies on edge> test class : 38.75
------------------------------
<Accuracies on silo> test class : 37.50
------------------------------
Total epoch time: 44.901

New epoch - lr: 0.003
[1/75 iteration of epoch 23/30] 
 {loss} cls : 0.072, total : 2.404 
 {acc} cls : 97.66
[31/75 iteration of epoch 23/30] 
 {loss} cls : 0.133, total : 2.571 
 {acc} cls : 96.09
[61/75 iteration of epoch 23/30] 
 {loss} cls : 0.019, total : 2.211 
 {acc} cls : 99.22
------------------------------
<Losses on train> cls : 0.043, total : 2.294
<Accuracies on train> cls : 98.83
Train epoch time: 24.329
------------------------------
<Accuracies on val> class : 84.00
------------------------------
<Accuracies on test> class : 54.09
------------------------------
<Accuracies on in> test class : 76.25
------------------------------
<Accuracies on random> test class : 30.63
------------------------------
<Accuracies on edge> test class : 40.00
------------------------------
<Accuracies on silo> test class : 34.38
------------------------------
Total epoch time: 45.009

New epoch - lr: 0.003
[1/75 iteration of epoch 24/30] 
 {loss} cls : 0.015, total : 2.330 
 {acc} cls : 99.22
[31/75 iteration of epoch 24/30] 
 {loss} cls : 0.030, total : 2.252 
 {acc} cls : 100.00
[61/75 iteration of epoch 24/30] 
 {loss} cls : 0.009, total : 2.185 
 {acc} cls : 100.00
------------------------------
<Losses on train> cls : 0.033, total : 2.247
<Accuracies on train> cls : 99.19
Train epoch time: 24.317
------------------------------
<Accuracies on val> class : 84.66
------------------------------
<Accuracies on test> class : 55.75
------------------------------
<Accuracies on in> test class : 76.31
------------------------------
<Accuracies on random> test class : 33.98
------------------------------
<Accuracies on edge> test class : 43.12
------------------------------
<Accuracies on silo> test class : 36.88
------------------------------
Total epoch time: 45.039

New epoch - lr: 0.003
[1/75 iteration of epoch 25/30] 
 {loss} cls : 0.016, total : 2.275 
 {acc} cls : 99.22
[31/75 iteration of epoch 25/30] 
 {loss} cls : 0.014, total : 2.284 
 {acc} cls : 99.22
[61/75 iteration of epoch 25/30] 
 {loss} cls : 0.053, total : 2.398 
 {acc} cls : 99.22
------------------------------
<Losses on train> cls : 0.034, total : 2.253
<Accuracies on train> cls : 99.17
Train epoch time: 24.259
------------------------------
<Accuracies on val> class : 85.25
------------------------------
<Accuracies on test> class : 55.25
------------------------------
<Accuracies on in> test class : 76.75
------------------------------
<Accuracies on random> test class : 33.36
------------------------------
<Accuracies on edge> test class : 38.12
------------------------------
<Accuracies on silo> test class : 32.50
------------------------------
Total epoch time: 44.894

New epoch - lr: 0.003
[1/75 iteration of epoch 26/30] 
 {loss} cls : 0.047, total : 2.293 
 {acc} cls : 99.22
[31/75 iteration of epoch 26/30] 
 {loss} cls : 0.022, total : 2.245 
 {acc} cls : 99.22
[61/75 iteration of epoch 26/30] 
 {loss} cls : 0.023, total : 2.170 
 {acc} cls : 98.44
------------------------------
<Losses on train> cls : 0.034, total : 2.250
<Accuracies on train> cls : 99.10
Train epoch time: 24.313
------------------------------
<Accuracies on val> class : 85.47
------------------------------
<Accuracies on test> class : 55.03
------------------------------
<Accuracies on in> test class : 76.31
------------------------------
<Accuracies on random> test class : 33.05
------------------------------
<Accuracies on edge> test class : 38.75
------------------------------
<Accuracies on silo> test class : 34.38
------------------------------
Total epoch time: 45.096

New epoch - lr: 0.0009000000000000002
[1/75 iteration of epoch 27/30] 
 {loss} cls : 0.005, total : 2.119 
 {acc} cls : 100.00
[31/75 iteration of epoch 27/30] 
 {loss} cls : 0.005, total : 2.152 
 {acc} cls : 100.00
[61/75 iteration of epoch 27/30] 
 {loss} cls : 0.014, total : 2.157 
 {acc} cls : 100.00
------------------------------
<Losses on train> cls : 0.031, total : 2.242
<Accuracies on train> cls : 99.23
Train epoch time: 24.440
------------------------------
<Accuracies on val> class : 85.38
------------------------------
<Accuracies on test> class : 55.22
------------------------------
<Accuracies on in> test class : 76.06
------------------------------
<Accuracies on random> test class : 34.14
------------------------------
<Accuracies on edge> test class : 38.75
------------------------------
<Accuracies on silo> test class : 31.87
------------------------------
Total epoch time: 45.149

New epoch - lr: 0.0009000000000000002
[1/75 iteration of epoch 28/30] 
 {loss} cls : 0.002, total : 2.081 
 {acc} cls : 100.00
[31/75 iteration of epoch 28/30] 
 {loss} cls : 0.005, total : 2.054 
 {acc} cls : 100.00
[61/75 iteration of epoch 28/30] 
 {loss} cls : 0.001, total : 2.130 
 {acc} cls : 100.00
------------------------------
<Losses on train> cls : 0.016, total : 2.179
<Accuracies on train> cls : 99.55
Train epoch time: 24.237
------------------------------
<Accuracies on val> class : 85.16
------------------------------
<Accuracies on test> class : 55.84
------------------------------
<Accuracies on in> test class : 76.44
------------------------------
<Accuracies on random> test class : 34.69
------------------------------
<Accuracies on edge> test class : 41.25
------------------------------
<Accuracies on silo> test class : 33.75
------------------------------
Total epoch time: 44.885

New epoch - lr: 0.0009000000000000002
[1/75 iteration of epoch 29/30] 
 {loss} cls : 0.070, total : 2.396 
 {acc} cls : 98.44
[31/75 iteration of epoch 29/30] 
 {loss} cls : 0.002, total : 2.197 
 {acc} cls : 100.00
[61/75 iteration of epoch 29/30] 
 {loss} cls : 0.168, total : 2.641 
 {acc} cls : 94.53
------------------------------
<Losses on train> cls : 0.037, total : 2.249
<Accuracies on train> cls : 99.09
Train epoch time: 24.337
------------------------------
<Accuracies on val> class : 85.88
------------------------------
<Accuracies on test> class : 56.84
------------------------------
<Accuracies on in> test class : 77.06
------------------------------
<Accuracies on random> test class : 36.64
------------------------------
<Accuracies on edge> test class : 38.12
------------------------------
<Accuracies on silo> test class : 35.00
------------------------------
Total epoch time: 44.934

New epoch - lr: 0.0009000000000000002
[1/75 iteration of epoch 30/30] 
 {loss} cls : 0.003, total : 2.148 
 {acc} cls : 100.00
[31/75 iteration of epoch 30/30] 
 {loss} cls : 0.009, total : 2.147 
 {acc} cls : 100.00
[61/75 iteration of epoch 30/30] 
 {loss} cls : 0.006, total : 2.186 
 {acc} cls : 100.00
------------------------------
<Losses on train> cls : 0.020, total : 2.207
<Accuracies on train> cls : 99.49
Train epoch time: 24.239
------------------------------
<Accuracies on val> class : 85.44
------------------------------
<Accuracies on test> class : 56.16
------------------------------
<Accuracies on in> test class : 76.12
------------------------------
<Accuracies on random> test class : 36.09
------------------------------
<Accuracies on edge> test class : 36.88
------------------------------
<Accuracies on silo> test class : 36.25
------------------------------
Total epoch time: 44.983

******************************
Best val 0.865625, corresponding test 0.516563 - best test: 0.568438

******************************
Best val 0.8656250238418579, corresponding in test 0.7887499928474426

******************************
Best val 0.8656250238418579, corresponding random test 0.22812500596046448

******************************
Best val 0.8656250238418579, corresponding edge test 0.2562499940395355

******************************
Best val 0.8656250238418579, corresponding silo test 0.36250001192092896
