
Loading experiment Officehome/ResNet18_step


New epoch - lr: 0.003
[1/62 iteration of epoch 1/50] 
 {loss} cls : 4.465, total : 4.465 
 {acc} cls : 1.56
[31/62 iteration of epoch 1/50] 
 {loss} cls : 3.141, total : 3.141 
 {acc} cls : 39.06
[61/62 iteration of epoch 1/50] 
 {loss} cls : 2.065, total : 2.065 
 {acc} cls : 46.88
------------------------------
<Losses on train> cls : 3.257, total : 3.257
<Accuracies on train> cls : 23.19
Train epoch time: 31.940
------------------------------
<Accuracies on val> class : 38.15
------------------------------
<Accuracies on test> class : 16.38
------------------------------
<Accuracies on Art> test class : 9.27
------------------------------
<Accuracies on Clipart> test class : 15.03
------------------------------
<Accuracies on Real_World> test class : 21.69
------------------------------
Total epoch time: 292.639

New epoch - lr: 0.003
[1/62 iteration of epoch 2/50] 
 {loss} cls : 1.790, total : 1.790 
 {acc} cls : 59.38
[31/62 iteration of epoch 2/50] 
 {loss} cls : 1.168, total : 1.168 
 {acc} cls : 65.62
[61/62 iteration of epoch 2/50] 
 {loss} cls : 1.288, total : 1.288 
 {acc} cls : 64.06
------------------------------
<Losses on train> cls : 1.499, total : 1.499
<Accuracies on train> cls : 60.16
Train epoch time: 32.039
------------------------------
<Accuracies on val> class : 59.14
------------------------------
<Accuracies on test> class : 24.19
------------------------------
<Accuracies on Art> test class : 14.75
------------------------------
<Accuracies on Clipart> test class : 21.51
------------------------------
<Accuracies on Real_World> test class : 32.13
------------------------------
Total epoch time: 292.495

New epoch - lr: 0.003
[1/62 iteration of epoch 3/50] 
 {loss} cls : 0.736, total : 0.736 
 {acc} cls : 82.81
[31/62 iteration of epoch 3/50] 
 {loss} cls : 1.176, total : 1.176 
 {acc} cls : 71.88
[61/62 iteration of epoch 3/50] 
 {loss} cls : 0.893, total : 0.893 
 {acc} cls : 78.12
------------------------------
<Losses on train> cls : 0.975, total : 0.975
<Accuracies on train> cls : 72.40
Train epoch time: 29.556
------------------------------
<Accuracies on val> class : 68.17
------------------------------
<Accuracies on test> class : 27.98
------------------------------
<Accuracies on Art> test class : 15.99
------------------------------
<Accuracies on Clipart> test class : 27.17
------------------------------
<Accuracies on Real_World> test class : 35.48
------------------------------
Total epoch time: 289.817

New epoch - lr: 0.003
[1/62 iteration of epoch 4/50] 
 {loss} cls : 0.571, total : 0.571 
 {acc} cls : 85.94
[31/62 iteration of epoch 4/50] 
 {loss} cls : 0.679, total : 0.679 
 {acc} cls : 81.25
[61/62 iteration of epoch 4/50] 
 {loss} cls : 0.682, total : 0.682 
 {acc} cls : 81.25
------------------------------
<Losses on train> cls : 0.661, total : 0.661
<Accuracies on train> cls : 81.35
Train epoch time: 31.800
------------------------------
<Accuracies on val> class : 72.01
------------------------------
<Accuracies on test> class : 30.93
------------------------------
<Accuracies on Art> test class : 18.46
------------------------------
<Accuracies on Clipart> test class : 27.81
------------------------------
<Accuracies on Real_World> test class : 40.99
------------------------------
Total epoch time: 291.039

New epoch - lr: 0.003
[1/62 iteration of epoch 5/50] 
 {loss} cls : 0.459, total : 0.459 
 {acc} cls : 85.94
[31/62 iteration of epoch 5/50] 
 {loss} cls : 0.288, total : 0.288 
 {acc} cls : 90.62
[61/62 iteration of epoch 5/50] 
 {loss} cls : 0.438, total : 0.438 
 {acc} cls : 89.06
------------------------------
<Losses on train> cls : 0.460, total : 0.460
<Accuracies on train> cls : 86.62
Train epoch time: 30.733
------------------------------
<Accuracies on val> class : 74.04
------------------------------
<Accuracies on test> class : 32.26
------------------------------
<Accuracies on Art> test class : 19.45
------------------------------
<Accuracies on Clipart> test class : 28.27
------------------------------
<Accuracies on Real_World> test class : 43.40
------------------------------
Total epoch time: 296.356

New epoch - lr: 0.003
[1/62 iteration of epoch 6/50] 
 {loss} cls : 0.249, total : 0.249 
 {acc} cls : 93.75
[31/62 iteration of epoch 6/50] 
 {loss} cls : 0.248, total : 0.248 
 {acc} cls : 89.06
[61/62 iteration of epoch 6/50] 
 {loss} cls : 0.301, total : 0.301 
 {acc} cls : 92.19
------------------------------
<Losses on train> cls : 0.356, total : 0.356
<Accuracies on train> cls : 89.64
Train epoch time: 28.049
------------------------------
<Accuracies on val> class : 74.94
------------------------------
<Accuracies on test> class : 33.61
------------------------------
<Accuracies on Art> test class : 20.64
------------------------------
<Accuracies on Clipart> test class : 30.17
------------------------------
<Accuracies on Real_World> test class : 44.27
------------------------------
Total epoch time: 292.564

New epoch - lr: 0.003
[1/62 iteration of epoch 7/50] 
 {loss} cls : 0.375, total : 0.375 
 {acc} cls : 89.06
[31/62 iteration of epoch 7/50] 
 {loss} cls : 0.313, total : 0.313 
 {acc} cls : 89.06
[61/62 iteration of epoch 7/50] 
 {loss} cls : 0.225, total : 0.225 
 {acc} cls : 95.31
------------------------------
<Losses on train> cls : 0.250, total : 0.250
<Accuracies on train> cls : 92.89
Train epoch time: 29.420
------------------------------
<Accuracies on val> class : 75.85
------------------------------
<Accuracies on test> class : 33.39
------------------------------
<Accuracies on Art> test class : 19.82
------------------------------
<Accuracies on Clipart> test class : 30.42
------------------------------
<Accuracies on Real_World> test class : 43.93
------------------------------
Total epoch time: 288.494

New epoch - lr: 0.003
[1/62 iteration of epoch 8/50] 
 {loss} cls : 0.264, total : 0.264 
 {acc} cls : 92.19
[31/62 iteration of epoch 8/50] 
 {loss} cls : 0.193, total : 0.193 
 {acc} cls : 96.88
[61/62 iteration of epoch 8/50] 
 {loss} cls : 0.170, total : 0.170 
 {acc} cls : 96.88
------------------------------
<Losses on train> cls : 0.175, total : 0.175
<Accuracies on train> cls : 95.11
Train epoch time: 26.728
------------------------------
<Accuracies on val> class : 77.20
------------------------------
<Accuracies on test> class : 33.81
------------------------------
<Accuracies on Art> test class : 21.05
------------------------------
<Accuracies on Clipart> test class : 30.42
------------------------------
<Accuracies on Real_World> test class : 44.32
------------------------------
Total epoch time: 289.490

New epoch - lr: 0.003
[1/62 iteration of epoch 9/50] 
 {loss} cls : 0.133, total : 0.133 
 {acc} cls : 93.75
[31/62 iteration of epoch 9/50] 
 {loss} cls : 0.127, total : 0.127 
 {acc} cls : 96.88
[61/62 iteration of epoch 9/50] 
 {loss} cls : 0.185, total : 0.185 
 {acc} cls : 95.31
------------------------------
<Losses on train> cls : 0.146, total : 0.146
<Accuracies on train> cls : 95.94
Train epoch time: 28.329
------------------------------
<Accuracies on val> class : 76.30
------------------------------
<Accuracies on test> class : 34.14
------------------------------
<Accuracies on Art> test class : 19.70
------------------------------
<Accuracies on Clipart> test class : 31.45
------------------------------
<Accuracies on Real_World> test class : 44.87
------------------------------
Total epoch time: 292.008

New epoch - lr: 0.003
[1/62 iteration of epoch 10/50] 
 {loss} cls : 0.059, total : 0.059 
 {acc} cls : 100.00
[31/62 iteration of epoch 10/50] 
 {loss} cls : 0.109, total : 0.109 
 {acc} cls : 98.44
[61/62 iteration of epoch 10/50] 
 {loss} cls : 0.177, total : 0.177 
 {acc} cls : 92.19
------------------------------
<Losses on train> cls : 0.120, total : 0.120
<Accuracies on train> cls : 96.98
Train epoch time: 27.479
------------------------------
<Accuracies on val> class : 78.78
------------------------------
<Accuracies on test> class : 35.38
------------------------------
<Accuracies on Art> test class : 22.25
------------------------------
<Accuracies on Clipart> test class : 32.14
------------------------------
<Accuracies on Real_World> test class : 45.95
------------------------------
Total epoch time: 287.476

New epoch - lr: 0.003
[1/62 iteration of epoch 11/50] 
 {loss} cls : 0.072, total : 0.072 
 {acc} cls : 98.44
[31/62 iteration of epoch 11/50] 
 {loss} cls : 0.056, total : 0.056 
 {acc} cls : 100.00
[61/62 iteration of epoch 11/50] 
 {loss} cls : 0.049, total : 0.049 
 {acc} cls : 98.44
------------------------------
<Losses on train> cls : 0.097, total : 0.097
<Accuracies on train> cls : 97.71
Train epoch time: 30.035
------------------------------
<Accuracies on val> class : 77.88
------------------------------
<Accuracies on test> class : 35.41
------------------------------
<Accuracies on Art> test class : 22.08
------------------------------
<Accuracies on Clipart> test class : 32.05
------------------------------
<Accuracies on Real_World> test class : 46.20
------------------------------
Total epoch time: 286.472

New epoch - lr: 0.003
[1/62 iteration of epoch 12/50] 
 {loss} cls : 0.139, total : 0.139 
 {acc} cls : 95.31
[31/62 iteration of epoch 12/50] 
 {loss} cls : 0.150, total : 0.150 
 {acc} cls : 96.88
[61/62 iteration of epoch 12/50] 
 {loss} cls : 0.022, total : 0.022 
 {acc} cls : 100.00
------------------------------
<Losses on train> cls : 0.088, total : 0.088
<Accuracies on train> cls : 97.73
Train epoch time: 28.200
------------------------------
<Accuracies on val> class : 78.56
------------------------------
<Accuracies on test> class : 35.10
------------------------------
<Accuracies on Art> test class : 21.76
------------------------------
<Accuracies on Clipart> test class : 31.16
------------------------------
<Accuracies on Real_World> test class : 46.48
------------------------------
Total epoch time: 269.048

New epoch - lr: 0.003
[1/62 iteration of epoch 13/50] 
 {loss} cls : 0.095, total : 0.095 
 {acc} cls : 96.88
[31/62 iteration of epoch 13/50] 
 {loss} cls : 0.109, total : 0.109 
 {acc} cls : 98.44
[61/62 iteration of epoch 13/50] 
 {loss} cls : 0.031, total : 0.031 
 {acc} cls : 100.00
------------------------------
<Losses on train> cls : 0.068, total : 0.068
<Accuracies on train> cls : 98.46
Train epoch time: 27.486
------------------------------
<Accuracies on val> class : 78.33
------------------------------
<Accuracies on test> class : 35.38
------------------------------
<Accuracies on Art> test class : 22.41
------------------------------
<Accuracies on Clipart> test class : 31.78
------------------------------
<Accuracies on Real_World> test class : 46.20
------------------------------
Total epoch time: 260.070

New epoch - lr: 0.003
[1/62 iteration of epoch 14/50] 
 {loss} cls : 0.063, total : 0.063 
 {acc} cls : 98.44
[31/62 iteration of epoch 14/50] 
 {loss} cls : 0.140, total : 0.140 
 {acc} cls : 96.88
[61/62 iteration of epoch 14/50] 
 {loss} cls : 0.119, total : 0.119 
 {acc} cls : 96.88
------------------------------
<Losses on train> cls : 0.061, total : 0.061
<Accuracies on train> cls : 98.61
Train epoch time: 26.327
------------------------------
<Accuracies on val> class : 76.98
------------------------------
<Accuracies on test> class : 35.57
------------------------------
<Accuracies on Art> test class : 22.17
------------------------------
<Accuracies on Clipart> test class : 31.98
------------------------------
<Accuracies on Real_World> test class : 46.64
------------------------------
Total epoch time: 259.270

New epoch - lr: 0.003
[1/62 iteration of epoch 15/50] 
 {loss} cls : 0.097, total : 0.097 
 {acc} cls : 96.88
[31/62 iteration of epoch 15/50] 
 {loss} cls : 0.063, total : 0.063 
 {acc} cls : 98.44
[61/62 iteration of epoch 15/50] 
 {loss} cls : 0.067, total : 0.067 
 {acc} cls : 98.44
------------------------------
<Losses on train> cls : 0.061, total : 0.061
<Accuracies on train> cls : 98.49
Train epoch time: 25.651
------------------------------
<Accuracies on val> class : 78.78
------------------------------
<Accuracies on test> class : 35.05
------------------------------
<Accuracies on Art> test class : 20.35
------------------------------
<Accuracies on Clipart> test class : 31.94
------------------------------
<Accuracies on Real_World> test class : 46.36
------------------------------
Total epoch time: 256.400

New epoch - lr: 0.003
[1/62 iteration of epoch 16/50] 
 {loss} cls : 0.050, total : 0.050 
 {acc} cls : 98.44
[31/62 iteration of epoch 16/50] 
 {loss} cls : 0.079, total : 0.079 
 {acc} cls : 98.44
[61/62 iteration of epoch 16/50] 
 {loss} cls : 0.042, total : 0.042 
 {acc} cls : 100.00
------------------------------
<Losses on train> cls : 0.053, total : 0.053
<Accuracies on train> cls : 98.77
Train epoch time: 24.662
------------------------------
<Accuracies on val> class : 80.36
------------------------------
<Accuracies on test> class : 36.57
------------------------------
<Accuracies on Art> test class : 22.37
------------------------------
<Accuracies on Clipart> test class : 33.08
------------------------------
<Accuracies on Real_World> test class : 47.97
------------------------------
Total epoch time: 256.390

New epoch - lr: 0.003
[1/62 iteration of epoch 17/50] 
 {loss} cls : 0.130, total : 0.130 
 {acc} cls : 96.88
[31/62 iteration of epoch 17/50] 
 {loss} cls : 0.139, total : 0.139 
 {acc} cls : 93.75
[61/62 iteration of epoch 17/50] 
 {loss} cls : 0.069, total : 0.069 
 {acc} cls : 98.44
------------------------------
<Losses on train> cls : 0.048, total : 0.048
<Accuracies on train> cls : 98.99
Train epoch time: 24.808
------------------------------
<Accuracies on val> class : 78.33
------------------------------
<Accuracies on test> class : 35.84
------------------------------
<Accuracies on Art> test class : 21.76
------------------------------
<Accuracies on Clipart> test class : 32.60
------------------------------
<Accuracies on Real_World> test class : 46.94
------------------------------
Total epoch time: 257.319

New epoch - lr: 0.003
[1/62 iteration of epoch 18/50] 
 {loss} cls : 0.037, total : 0.037 
 {acc} cls : 100.00
[31/62 iteration of epoch 18/50] 
 {loss} cls : 0.083, total : 0.083 
 {acc} cls : 98.44
[61/62 iteration of epoch 18/50] 
 {loss} cls : 0.090, total : 0.090 
 {acc} cls : 96.88
------------------------------
<Losses on train> cls : 0.050, total : 0.050
<Accuracies on train> cls : 98.94
Train epoch time: 24.665
------------------------------
<Accuracies on val> class : 78.10
------------------------------
<Accuracies on test> class : 36.25
------------------------------
<Accuracies on Art> test class : 21.88
------------------------------
<Accuracies on Clipart> test class : 32.74
------------------------------
<Accuracies on Real_World> test class : 47.79
------------------------------
Total epoch time: 257.232

New epoch - lr: 0.003
[1/62 iteration of epoch 19/50] 
 {loss} cls : 0.031, total : 0.031 
 {acc} cls : 98.44
[31/62 iteration of epoch 19/50] 
 {loss} cls : 0.015, total : 0.015 
 {acc} cls : 100.00
[61/62 iteration of epoch 19/50] 
 {loss} cls : 0.018, total : 0.018 
 {acc} cls : 100.00
------------------------------
<Losses on train> cls : 0.050, total : 0.050
<Accuracies on train> cls : 98.51
Train epoch time: 24.316
------------------------------
<Accuracies on val> class : 79.68
------------------------------
<Accuracies on test> class : 36.20
------------------------------
<Accuracies on Art> test class : 21.47
------------------------------
<Accuracies on Clipart> test class : 33.20
------------------------------
<Accuracies on Real_World> test class : 47.42
------------------------------
Total epoch time: 257.770

New epoch - lr: 0.003
[1/62 iteration of epoch 20/50] 
 {loss} cls : 0.048, total : 0.048 
 {acc} cls : 98.44
[31/62 iteration of epoch 20/50] 
 {loss} cls : 0.019, total : 0.019 
 {acc} cls : 100.00
[61/62 iteration of epoch 20/50] 
 {loss} cls : 0.047, total : 0.047 
 {acc} cls : 98.44
------------------------------
<Losses on train> cls : 0.044, total : 0.044
<Accuracies on train> cls : 98.99
Train epoch time: 24.808
------------------------------
<Accuracies on val> class : 78.10
------------------------------
<Accuracies on test> class : 35.87
------------------------------
<Accuracies on Art> test class : 21.63
------------------------------
<Accuracies on Clipart> test class : 32.58
------------------------------
<Accuracies on Real_World> test class : 47.10
------------------------------
Total epoch time: 257.785

New epoch - lr: 0.003
[1/62 iteration of epoch 21/50] 
 {loss} cls : 0.013, total : 0.013 
 {acc} cls : 100.00
[31/62 iteration of epoch 21/50] 
 {loss} cls : 0.048, total : 0.048 
 {acc} cls : 98.44
[61/62 iteration of epoch 21/50] 
 {loss} cls : 0.025, total : 0.025 
 {acc} cls : 100.00
------------------------------
<Losses on train> cls : 0.047, total : 0.047
<Accuracies on train> cls : 99.09
Train epoch time: 24.799
------------------------------
<Accuracies on val> class : 79.91
------------------------------
<Accuracies on test> class : 35.88
------------------------------
<Accuracies on Art> test class : 22.00
------------------------------
<Accuracies on Clipart> test class : 32.69
------------------------------
<Accuracies on Real_World> test class : 46.80
------------------------------
Total epoch time: 257.673

New epoch - lr: 0.003
[1/62 iteration of epoch 22/50] 
 {loss} cls : 0.012, total : 0.012 
 {acc} cls : 100.00
[31/62 iteration of epoch 22/50] 
 {loss} cls : 0.020, total : 0.020 
 {acc} cls : 98.44
[61/62 iteration of epoch 22/50] 
 {loss} cls : 0.015, total : 0.015 
 {acc} cls : 100.00
------------------------------
<Losses on train> cls : 0.029, total : 0.029
<Accuracies on train> cls : 99.42
Train epoch time: 24.457
------------------------------
<Accuracies on val> class : 79.91
------------------------------
<Accuracies on test> class : 36.36
------------------------------
<Accuracies on Art> test class : 22.50
------------------------------
<Accuracies on Clipart> test class : 33.52
------------------------------
<Accuracies on Real_World> test class : 46.94
------------------------------
Total epoch time: 257.847

New epoch - lr: 0.003
[1/62 iteration of epoch 23/50] 
 {loss} cls : 0.007, total : 0.007 
 {acc} cls : 100.00
[31/62 iteration of epoch 23/50] 
 {loss} cls : 0.054, total : 0.054 
 {acc} cls : 96.88
[61/62 iteration of epoch 23/50] 
 {loss} cls : 0.030, total : 0.030 
 {acc} cls : 100.00
------------------------------
<Losses on train> cls : 0.032, total : 0.032
<Accuracies on train> cls : 99.24
Train epoch time: 24.580
------------------------------
<Accuracies on val> class : 79.01
------------------------------
<Accuracies on test> class : 37.03
------------------------------
<Accuracies on Art> test class : 22.29
------------------------------
<Accuracies on Clipart> test class : 33.63
------------------------------
<Accuracies on Real_World> test class : 48.63
------------------------------
Total epoch time: 261.354

New epoch - lr: 0.003
[1/62 iteration of epoch 24/50] 
 {loss} cls : 0.010, total : 0.010 
 {acc} cls : 100.00
[31/62 iteration of epoch 24/50] 
 {loss} cls : 0.038, total : 0.038 
 {acc} cls : 98.44
[61/62 iteration of epoch 24/50] 
 {loss} cls : 0.047, total : 0.047 
 {acc} cls : 98.44
------------------------------
<Losses on train> cls : 0.025, total : 0.025
<Accuracies on train> cls : 99.57
Train epoch time: 24.649
------------------------------
<Accuracies on val> class : 81.04
------------------------------
<Accuracies on test> class : 36.96
------------------------------
<Accuracies on Art> test class : 23.20
------------------------------
<Accuracies on Clipart> test class : 33.77
------------------------------
<Accuracies on Real_World> test class : 47.83
------------------------------
Total epoch time: 262.128

New epoch - lr: 0.003
[1/62 iteration of epoch 25/50] 
 {loss} cls : 0.013, total : 0.013 
 {acc} cls : 100.00
[31/62 iteration of epoch 25/50] 
 {loss} cls : 0.020, total : 0.020 
 {acc} cls : 100.00
[61/62 iteration of epoch 25/50] 
 {loss} cls : 0.067, total : 0.067 
 {acc} cls : 98.44
------------------------------
<Losses on train> cls : 0.031, total : 0.031
<Accuracies on train> cls : 99.27
Train epoch time: 24.341
------------------------------
<Accuracies on val> class : 79.68
------------------------------
<Accuracies on test> class : 36.51
------------------------------
<Accuracies on Art> test class : 22.50
------------------------------
<Accuracies on Clipart> test class : 33.04
------------------------------
<Accuracies on Real_World> test class : 47.79
------------------------------
Total epoch time: 260.312

New epoch - lr: 0.003
[1/62 iteration of epoch 26/50] 
 {loss} cls : 0.009, total : 0.009 
 {acc} cls : 100.00
[31/62 iteration of epoch 26/50] 
 {loss} cls : 0.028, total : 0.028 
 {acc} cls : 98.44
[61/62 iteration of epoch 26/50] 
 {loss} cls : 0.070, total : 0.070 
 {acc} cls : 98.44
------------------------------
<Losses on train> cls : 0.031, total : 0.031
<Accuracies on train> cls : 99.34
Train epoch time: 24.064
------------------------------
<Accuracies on val> class : 79.68
------------------------------
<Accuracies on test> class : 35.99
------------------------------
<Accuracies on Art> test class : 21.43
------------------------------
<Accuracies on Clipart> test class : 32.53
------------------------------
<Accuracies on Real_World> test class : 47.56
------------------------------
Total epoch time: 259.885

New epoch - lr: 0.003
[1/62 iteration of epoch 27/50] 
 {loss} cls : 0.038, total : 0.038 
 {acc} cls : 98.44
[31/62 iteration of epoch 27/50] 
 {loss} cls : 0.043, total : 0.043 
 {acc} cls : 100.00
[61/62 iteration of epoch 27/50] 
 {loss} cls : 0.011, total : 0.011 
 {acc} cls : 100.00
------------------------------
<Losses on train> cls : 0.030, total : 0.030
<Accuracies on train> cls : 99.37
Train epoch time: 23.845
------------------------------
<Accuracies on val> class : 78.78
------------------------------
<Accuracies on test> class : 36.76
------------------------------
<Accuracies on Art> test class : 22.29
------------------------------
<Accuracies on Clipart> test class : 33.29
------------------------------
<Accuracies on Real_World> test class : 48.29
------------------------------
Total epoch time: 258.999

New epoch - lr: 0.003
[1/62 iteration of epoch 28/50] 
 {loss} cls : 0.041, total : 0.041 
 {acc} cls : 98.44
[31/62 iteration of epoch 28/50] 
 {loss} cls : 0.040, total : 0.040 
 {acc} cls : 98.44
[61/62 iteration of epoch 28/50] 
 {loss} cls : 0.024, total : 0.024 
 {acc} cls : 100.00
------------------------------
<Losses on train> cls : 0.026, total : 0.026
<Accuracies on train> cls : 99.47
Train epoch time: 24.639
------------------------------
<Accuracies on val> class : 80.14
------------------------------
<Accuracies on test> class : 36.34
------------------------------
<Accuracies on Art> test class : 21.84
------------------------------
<Accuracies on Clipart> test class : 32.65
------------------------------
<Accuracies on Real_World> test class : 48.11
------------------------------
Total epoch time: 258.730

New epoch - lr: 0.003
[1/62 iteration of epoch 29/50] 
 {loss} cls : 0.052, total : 0.052 
 {acc} cls : 98.44
[31/62 iteration of epoch 29/50] 
 {loss} cls : 0.030, total : 0.030 
 {acc} cls : 98.44
[61/62 iteration of epoch 29/50] 
 {loss} cls : 0.055, total : 0.055 
 {acc} cls : 98.44
------------------------------
<Losses on train> cls : 0.025, total : 0.025
<Accuracies on train> cls : 99.45
Train epoch time: 24.351
------------------------------
<Accuracies on val> class : 79.68
------------------------------
<Accuracies on test> class : 36.78
------------------------------
<Accuracies on Art> test class : 22.33
------------------------------
<Accuracies on Clipart> test class : 32.99
------------------------------
<Accuracies on Real_World> test class : 48.63
------------------------------
Total epoch time: 255.349

New epoch - lr: 0.003
[1/62 iteration of epoch 30/50] 
 {loss} cls : 0.029, total : 0.029 
 {acc} cls : 98.44
[31/62 iteration of epoch 30/50] 
 {loss} cls : 0.012, total : 0.012 
 {acc} cls : 100.00
[61/62 iteration of epoch 30/50] 
 {loss} cls : 0.035, total : 0.035 
 {acc} cls : 98.44
------------------------------
<Losses on train> cls : 0.026, total : 0.026
<Accuracies on train> cls : 99.29
Train epoch time: 24.978
------------------------------
<Accuracies on val> class : 80.36
------------------------------
<Accuracies on test> class : 36.79
------------------------------
<Accuracies on Art> test class : 21.80
------------------------------
<Accuracies on Clipart> test class : 33.65
------------------------------
<Accuracies on Real_World> test class : 48.29
------------------------------
Total epoch time: 253.656

New epoch - lr: 0.003
[1/62 iteration of epoch 31/50] 
 {loss} cls : 0.019, total : 0.019 
 {acc} cls : 100.00
[31/62 iteration of epoch 31/50] 
 {loss} cls : 0.007, total : 0.007 
 {acc} cls : 100.00
[61/62 iteration of epoch 31/50] 
 {loss} cls : 0.035, total : 0.035 
 {acc} cls : 98.44
------------------------------
<Losses on train> cls : 0.027, total : 0.027
<Accuracies on train> cls : 99.37
Train epoch time: 24.843
------------------------------
<Accuracies on val> class : 81.49
------------------------------
<Accuracies on test> class : 37.30
------------------------------
<Accuracies on Art> test class : 23.53
------------------------------
<Accuracies on Clipart> test class : 33.52
------------------------------
<Accuracies on Real_World> test class : 48.77
------------------------------
Total epoch time: 255.077

New epoch - lr: 0.003
[1/62 iteration of epoch 32/50] 
 {loss} cls : 0.016, total : 0.016 
 {acc} cls : 100.00
[31/62 iteration of epoch 32/50] 
 {loss} cls : 0.012, total : 0.012 
 {acc} cls : 100.00
[61/62 iteration of epoch 32/50] 
 {loss} cls : 0.006, total : 0.006 
 {acc} cls : 100.00
------------------------------
<Losses on train> cls : 0.021, total : 0.021
<Accuracies on train> cls : 99.52
Train epoch time: 24.542
------------------------------
<Accuracies on val> class : 79.91
------------------------------
<Accuracies on test> class : 36.68
------------------------------
<Accuracies on Art> test class : 21.96
------------------------------
<Accuracies on Clipart> test class : 33.56
------------------------------
<Accuracies on Real_World> test class : 48.01
------------------------------
Total epoch time: 256.201

New epoch - lr: 0.003
[1/62 iteration of epoch 33/50] 
 {loss} cls : 0.007, total : 0.007 
 {acc} cls : 100.00
[31/62 iteration of epoch 33/50] 
 {loss} cls : 0.033, total : 0.033 
 {acc} cls : 98.44
[61/62 iteration of epoch 33/50] 
 {loss} cls : 0.010, total : 0.010 
 {acc} cls : 100.00
------------------------------
<Losses on train> cls : 0.019, total : 0.019
<Accuracies on train> cls : 99.52
Train epoch time: 24.543
------------------------------
<Accuracies on val> class : 80.81
------------------------------
<Accuracies on test> class : 36.64
------------------------------
<Accuracies on Art> test class : 22.95
------------------------------
<Accuracies on Clipart> test class : 33.13
------------------------------
<Accuracies on Real_World> test class : 47.79
------------------------------
Total epoch time: 257.493

New epoch - lr: 0.003
[1/62 iteration of epoch 34/50] 
 {loss} cls : 0.014, total : 0.014 
 {acc} cls : 100.00
[31/62 iteration of epoch 34/50] 
 {loss} cls : 0.012, total : 0.012 
 {acc} cls : 100.00
[61/62 iteration of epoch 34/50] 
 {loss} cls : 0.058, total : 0.058 
 {acc} cls : 98.44
------------------------------
<Losses on train> cls : 0.025, total : 0.025
<Accuracies on train> cls : 99.37
Train epoch time: 24.564
------------------------------
<Accuracies on val> class : 79.91
------------------------------
<Accuracies on test> class : 36.83
------------------------------
<Accuracies on Art> test class : 23.28
------------------------------
<Accuracies on Clipart> test class : 33.22
------------------------------
<Accuracies on Real_World> test class : 47.99
------------------------------
Total epoch time: 257.451

New epoch - lr: 0.003
[1/62 iteration of epoch 35/50] 
 {loss} cls : 0.008, total : 0.008 
 {acc} cls : 100.00
[31/62 iteration of epoch 35/50] 
 {loss} cls : 0.072, total : 0.072 
 {acc} cls : 96.88
[61/62 iteration of epoch 35/50] 
 {loss} cls : 0.017, total : 0.017 
 {acc} cls : 100.00
------------------------------
<Losses on train> cls : 0.024, total : 0.024
<Accuracies on train> cls : 99.42
Train epoch time: 24.521
------------------------------
<Accuracies on val> class : 78.78
------------------------------
<Accuracies on test> class : 36.83
------------------------------
<Accuracies on Art> test class : 22.83
------------------------------
<Accuracies on Clipart> test class : 33.13
------------------------------
<Accuracies on Real_World> test class : 48.34
------------------------------
Total epoch time: 258.024

New epoch - lr: 0.003
[1/62 iteration of epoch 36/50] 
 {loss} cls : 0.013, total : 0.013 
 {acc} cls : 100.00
[31/62 iteration of epoch 36/50] 
 {loss} cls : 0.010, total : 0.010 
 {acc} cls : 100.00
[61/62 iteration of epoch 36/50] 
 {loss} cls : 0.012, total : 0.012 
 {acc} cls : 100.00
------------------------------
<Losses on train> cls : 0.039, total : 0.039
<Accuracies on train> cls : 99.07
Train epoch time: 24.810
------------------------------
<Accuracies on val> class : 81.49
------------------------------
<Accuracies on test> class : 36.07
------------------------------
<Accuracies on Art> test class : 22.00
------------------------------
<Accuracies on Clipart> test class : 32.44
------------------------------
<Accuracies on Real_World> test class : 47.56
------------------------------
Total epoch time: 264.118

New epoch - lr: 0.003
[1/62 iteration of epoch 37/50] 
 {loss} cls : 0.036, total : 0.036 
 {acc} cls : 98.44
[31/62 iteration of epoch 37/50] 
 {loss} cls : 0.053, total : 0.053 
 {acc} cls : 98.44
[61/62 iteration of epoch 37/50] 
 {loss} cls : 0.007, total : 0.007 
 {acc} cls : 100.00
------------------------------
<Losses on train> cls : 0.023, total : 0.023
<Accuracies on train> cls : 99.52
Train epoch time: 24.452
------------------------------
<Accuracies on val> class : 81.04
------------------------------
<Accuracies on test> class : 37.21
------------------------------
<Accuracies on Art> test class : 23.57
------------------------------
<Accuracies on Clipart> test class : 34.02
------------------------------
<Accuracies on Real_World> test class : 48.01
------------------------------
Total epoch time: 250.843

New epoch - lr: 0.003
[1/62 iteration of epoch 38/50] 
 {loss} cls : 0.007, total : 0.007 
 {acc} cls : 100.00
[31/62 iteration of epoch 38/50] 
 {loss} cls : 0.014, total : 0.014 
 {acc} cls : 100.00
[61/62 iteration of epoch 38/50] 
 {loss} cls : 0.011, total : 0.011 
 {acc} cls : 100.00
------------------------------
<Losses on train> cls : 0.024, total : 0.024
<Accuracies on train> cls : 99.45
Train epoch time: 23.631
------------------------------
<Accuracies on val> class : 81.04
------------------------------
<Accuracies on test> class : 37.65
------------------------------
<Accuracies on Art> test class : 23.57
------------------------------
<Accuracies on Clipart> test class : 34.20
------------------------------
<Accuracies on Real_World> test class : 48.96
------------------------------
Total epoch time: 246.223

New epoch - lr: 0.003
[1/62 iteration of epoch 39/50] 
 {loss} cls : 0.017, total : 0.017 
 {acc} cls : 100.00
[31/62 iteration of epoch 39/50] 
 {loss} cls : 0.007, total : 0.007 
 {acc} cls : 100.00
[61/62 iteration of epoch 39/50] 
 {loss} cls : 0.011, total : 0.011 
 {acc} cls : 100.00
------------------------------
<Losses on train> cls : 0.019, total : 0.019
<Accuracies on train> cls : 99.55
Train epoch time: 22.979
------------------------------
<Accuracies on val> class : 81.04
------------------------------
<Accuracies on test> class : 36.83
------------------------------
<Accuracies on Art> test class : 22.25
------------------------------
<Accuracies on Clipart> test class : 33.31
------------------------------
<Accuracies on Real_World> test class : 48.47
------------------------------
Total epoch time: 248.059

New epoch - lr: 0.003
[1/62 iteration of epoch 40/50] 
 {loss} cls : 0.010, total : 0.010 
 {acc} cls : 100.00
[31/62 iteration of epoch 40/50] 
 {loss} cls : 0.013, total : 0.013 
 {acc} cls : 100.00
[61/62 iteration of epoch 40/50] 
 {loss} cls : 0.015, total : 0.015 
 {acc} cls : 100.00
------------------------------
<Losses on train> cls : 0.019, total : 0.019
<Accuracies on train> cls : 99.47
Train epoch time: 23.106
------------------------------
<Accuracies on val> class : 80.14
------------------------------
<Accuracies on test> class : 36.87
------------------------------
<Accuracies on Art> test class : 22.13
------------------------------
<Accuracies on Clipart> test class : 33.65
------------------------------
<Accuracies on Real_World> test class : 48.31
------------------------------
Total epoch time: 247.005

New epoch - lr: 0.003
[1/62 iteration of epoch 41/50] 
 {loss} cls : 0.007, total : 0.007 
 {acc} cls : 100.00
[31/62 iteration of epoch 41/50] 
 {loss} cls : 0.004, total : 0.004 
 {acc} cls : 100.00
[61/62 iteration of epoch 41/50] 
 {loss} cls : 0.012, total : 0.012 
 {acc} cls : 100.00
------------------------------
<Losses on train> cls : 0.020, total : 0.020
<Accuracies on train> cls : 99.50
Train epoch time: 23.219
------------------------------
<Accuracies on val> class : 81.26
------------------------------
<Accuracies on test> class : 37.06
------------------------------
<Accuracies on Art> test class : 22.54
------------------------------
<Accuracies on Clipart> test class : 33.72
------------------------------
<Accuracies on Real_World> test class : 48.50
------------------------------
Total epoch time: 247.253

New epoch - lr: 0.003
[1/62 iteration of epoch 42/50] 
 {loss} cls : 0.028, total : 0.028 
 {acc} cls : 98.44
[31/62 iteration of epoch 42/50] 
 {loss} cls : 0.186, total : 0.186 
 {acc} cls : 96.88
[61/62 iteration of epoch 42/50] 
 {loss} cls : 0.011, total : 0.011 
 {acc} cls : 100.00
------------------------------
<Losses on train> cls : 0.024, total : 0.024
<Accuracies on train> cls : 99.45
Train epoch time: 23.190
------------------------------
<Accuracies on val> class : 81.04
------------------------------
<Accuracies on test> class : 37.18
------------------------------
<Accuracies on Art> test class : 22.99
------------------------------
<Accuracies on Clipart> test class : 33.86
------------------------------
<Accuracies on Real_World> test class : 48.40
------------------------------
Total epoch time: 247.735

New epoch - lr: 0.003
[1/62 iteration of epoch 43/50] 
 {loss} cls : 0.007, total : 0.007 
 {acc} cls : 100.00
[31/62 iteration of epoch 43/50] 
 {loss} cls : 0.027, total : 0.027 
 {acc} cls : 98.44
[61/62 iteration of epoch 43/50] 
 {loss} cls : 0.024, total : 0.024 
 {acc} cls : 100.00
------------------------------
<Losses on train> cls : 0.019, total : 0.019
<Accuracies on train> cls : 99.50
Train epoch time: 24.905
------------------------------
<Accuracies on val> class : 81.04
------------------------------
<Accuracies on test> class : 37.12
------------------------------
<Accuracies on Art> test class : 23.20
------------------------------
<Accuracies on Clipart> test class : 34.23
------------------------------
<Accuracies on Real_World> test class : 47.79
------------------------------
Total epoch time: 250.025

New epoch - lr: 0.003
[1/62 iteration of epoch 44/50] 
 {loss} cls : 0.006, total : 0.006 
 {acc} cls : 100.00
[31/62 iteration of epoch 44/50] 
 {loss} cls : 0.006, total : 0.006 
 {acc} cls : 100.00
[61/62 iteration of epoch 44/50] 
 {loss} cls : 0.064, total : 0.064 
 {acc} cls : 98.44
------------------------------
<Losses on train> cls : 0.022, total : 0.022
<Accuracies on train> cls : 99.60
Train epoch time: 23.379
------------------------------
<Accuracies on val> class : 80.36
------------------------------
<Accuracies on test> class : 37.05
------------------------------
<Accuracies on Art> test class : 22.70
------------------------------
<Accuracies on Clipart> test class : 33.79
------------------------------
<Accuracies on Real_World> test class : 48.31
------------------------------
Total epoch time: 246.236

New epoch - lr: 0.0009000000000000002
[1/62 iteration of epoch 45/50] 
 {loss} cls : 0.004, total : 0.004 
 {acc} cls : 100.00
[31/62 iteration of epoch 45/50] 
 {loss} cls : 0.068, total : 0.068 
 {acc} cls : 98.44
[61/62 iteration of epoch 45/50] 
 {loss} cls : 0.042, total : 0.042 
 {acc} cls : 98.44
------------------------------
<Losses on train> cls : 0.019, total : 0.019
<Accuracies on train> cls : 99.60
Train epoch time: 23.490
------------------------------
<Accuracies on val> class : 81.04
------------------------------
<Accuracies on test> class : 37.00
------------------------------
<Accuracies on Art> test class : 22.87
------------------------------
<Accuracies on Clipart> test class : 33.84
------------------------------
<Accuracies on Real_World> test class : 48.04
------------------------------
Total epoch time: 246.849

New epoch - lr: 0.0009000000000000002
[1/62 iteration of epoch 46/50] 
 {loss} cls : 0.007, total : 0.007 
 {acc} cls : 100.00
[31/62 iteration of epoch 46/50] 
 {loss} cls : 0.008, total : 0.008 
 {acc} cls : 100.00
[61/62 iteration of epoch 46/50] 
 {loss} cls : 0.024, total : 0.024 
 {acc} cls : 98.44
------------------------------
<Losses on train> cls : 0.012, total : 0.012
<Accuracies on train> cls : 99.77
Train epoch time: 23.322
------------------------------
<Accuracies on val> class : 81.49
------------------------------
<Accuracies on test> class : 37.05
------------------------------
<Accuracies on Art> test class : 22.58
------------------------------
<Accuracies on Clipart> test class : 33.97
------------------------------
<Accuracies on Real_World> test class : 48.20
------------------------------
Total epoch time: 249.601

New epoch - lr: 0.0009000000000000002
[1/62 iteration of epoch 47/50] 
 {loss} cls : 0.004, total : 0.004 
 {acc} cls : 100.00
[31/62 iteration of epoch 47/50] 
 {loss} cls : 0.016, total : 0.016 
 {acc} cls : 98.44
[61/62 iteration of epoch 47/50] 
 {loss} cls : 0.010, total : 0.010 
 {acc} cls : 100.00
------------------------------
<Losses on train> cls : 0.017, total : 0.017
<Accuracies on train> cls : 99.55
Train epoch time: 23.349
------------------------------
<Accuracies on val> class : 81.04
------------------------------
<Accuracies on test> class : 37.63
------------------------------
<Accuracies on Art> test class : 23.24
------------------------------
<Accuracies on Clipart> test class : 34.34
------------------------------
<Accuracies on Real_World> test class : 48.93
------------------------------
Total epoch time: 255.882

New epoch - lr: 0.0009000000000000002
[1/62 iteration of epoch 48/50] 
 {loss} cls : 0.005, total : 0.005 
 {acc} cls : 100.00
[31/62 iteration of epoch 48/50] 
 {loss} cls : 0.005, total : 0.005 
 {acc} cls : 100.00
[61/62 iteration of epoch 48/50] 
 {loss} cls : 0.009, total : 0.009 
 {acc} cls : 100.00
------------------------------
<Losses on train> cls : 0.018, total : 0.018
<Accuracies on train> cls : 99.57
Train epoch time: 24.300
------------------------------
<Accuracies on val> class : 80.59
------------------------------
<Accuracies on test> class : 37.21
------------------------------
<Accuracies on Art> test class : 22.79
------------------------------
<Accuracies on Clipart> test class : 33.56
------------------------------
<Accuracies on Real_World> test class : 48.89
------------------------------
Total epoch time: 256.718

New epoch - lr: 0.0009000000000000002
[1/62 iteration of epoch 49/50] 
 {loss} cls : 0.024, total : 0.024 
 {acc} cls : 98.44
[31/62 iteration of epoch 49/50] 
 {loss} cls : 0.024, total : 0.024 
 {acc} cls : 98.44
[61/62 iteration of epoch 49/50] 
 {loss} cls : 0.006, total : 0.006 
 {acc} cls : 100.00
------------------------------
<Losses on train> cls : 0.016, total : 0.016
<Accuracies on train> cls : 99.60
Train epoch time: 24.094
------------------------------
<Accuracies on val> class : 81.04
------------------------------
<Accuracies on test> class : 37.55
------------------------------
<Accuracies on Art> test class : 23.16
------------------------------
<Accuracies on Clipart> test class : 33.93
------------------------------
<Accuracies on Real_World> test class : 49.21
------------------------------
Total epoch time: 254.955

New epoch - lr: 0.0009000000000000002
[1/62 iteration of epoch 50/50] 
 {loss} cls : 0.011, total : 0.011 
 {acc} cls : 100.00
[31/62 iteration of epoch 50/50] 
 {loss} cls : 0.006, total : 0.006 
 {acc} cls : 100.00
[61/62 iteration of epoch 50/50] 
 {loss} cls : 0.031, total : 0.031 
 {acc} cls : 98.44
------------------------------
<Losses on train> cls : 0.013, total : 0.013
<Accuracies on train> cls : 99.70
Train epoch time: 26.027
------------------------------
<Accuracies on val> class : 81.04
------------------------------
<Accuracies on test> class : 37.64
------------------------------
<Accuracies on Art> test class : 23.44
------------------------------
<Accuracies on Clipart> test class : 34.30
------------------------------
<Accuracies on Real_World> test class : 48.91
------------------------------
Total epoch time: 252.834

******************************
Best val 0.814898, corresponding test 0.370526 - best test: 0.376536

******************************
Best val 0.8148984313011169, corresponding Art test 0.22579315304756165

******************************
Best val 0.8148984313011169, corresponding Clipart test 0.33974799513816833

******************************
Best val 0.8148984313011169, corresponding Real_World test 0.4819830060005188
