
Loading experiment Officehome/ResNet18_step


New epoch - lr: 0.003
[1/15 iteration of epoch 1/50] 
 {loss} cls : 4.405, total : 4.405 
 {acc} cls : 2.15
------------------------------
<Losses on train> cls : 3.650, total : 3.650
<Accuracies on train> cls : 16.29
Train epoch time: 172.504
------------------------------
<Accuracies on val> class : 54.71
------------------------------
<Accuracies on test> class : 36.36
------------------------------
<Accuracies on Art> test class : 37.70
------------------------------
<Accuracies on Clipart> test class : 27.06
------------------------------
<Accuracies on Product> test class : 44.78
------------------------------
Total epoch time: 275.197

New epoch - lr: 0.003
[1/15 iteration of epoch 2/50] 
 {loss} cls : 2.255, total : 2.255 
 {acc} cls : 2.54
------------------------------
<Losses on train> cls : 2.555, total : 2.555
<Accuracies on train> cls : 29.79
Train epoch time: 169.879
------------------------------
<Accuracies on val> class : 67.82
------------------------------
<Accuracies on test> class : 48.07
------------------------------
<Accuracies on Art> test class : 49.20
------------------------------
<Accuracies on Clipart> test class : 35.74
------------------------------
<Accuracies on Product> test class : 59.59
------------------------------
Total epoch time: 269.845

New epoch - lr: 0.003
[1/15 iteration of epoch 3/50] 
 {loss} cls : 2.955, total : 2.955 
 {acc} cls : 29.49
------------------------------
<Losses on train> cls : 2.315, total : 2.315
<Accuracies on train> cls : 30.12
Train epoch time: 173.707
------------------------------
<Accuracies on val> class : 73.79
------------------------------
<Accuracies on test> class : 50.32
------------------------------
<Accuracies on Art> test class : 51.34
------------------------------
<Accuracies on Clipart> test class : 36.91
------------------------------
<Accuracies on Product> test class : 62.94
------------------------------
Total epoch time: 273.786

New epoch - lr: 0.003
[1/15 iteration of epoch 4/50] 
 {loss} cls : 2.816, total : 2.816 
 {acc} cls : 38.09
------------------------------
<Losses on train> cls : 2.430, total : 2.430
<Accuracies on train> cls : 43.67
Train epoch time: 170.983
------------------------------
<Accuracies on val> class : 75.63
------------------------------
<Accuracies on test> class : 52.03
------------------------------
<Accuracies on Art> test class : 52.70
------------------------------
<Accuracies on Clipart> test class : 38.58
------------------------------
<Accuracies on Product> test class : 64.88
------------------------------
Total epoch time: 270.959

New epoch - lr: 0.003
[1/15 iteration of epoch 5/50] 
 {loss} cls : 1.468, total : 1.468 
 {acc} cls : 78.52
------------------------------
<Losses on train> cls : 2.213, total : 2.213
<Accuracies on train> cls : 51.30
Train epoch time: 166.952
------------------------------
<Accuracies on val> class : 78.62
------------------------------
<Accuracies on test> class : 52.43
------------------------------
<Accuracies on Art> test class : 52.49
------------------------------
<Accuracies on Clipart> test class : 38.03
------------------------------
<Accuracies on Product> test class : 66.55
------------------------------
Total epoch time: 267.545

New epoch - lr: 0.003
[1/15 iteration of epoch 6/50] 
 {loss} cls : 2.065, total : 2.065 
 {acc} cls : 7.81
------------------------------
<Losses on train> cls : 2.126, total : 2.126
<Accuracies on train> cls : 28.78
Train epoch time: 170.302
------------------------------
<Accuracies on val> class : 78.16
------------------------------
<Accuracies on test> class : 52.37
------------------------------
<Accuracies on Art> test class : 52.12
------------------------------
<Accuracies on Clipart> test class : 39.18
------------------------------
<Accuracies on Product> test class : 65.49
------------------------------
Total epoch time: 270.258

New epoch - lr: 0.003
[1/15 iteration of epoch 7/50] 
 {loss} cls : 2.645, total : 2.645 
 {acc} cls : 38.87
------------------------------
<Losses on train> cls : 1.996, total : 1.996
<Accuracies on train> cls : 40.52
Train epoch time: 169.972
------------------------------
<Accuracies on val> class : 78.85
------------------------------
<Accuracies on test> class : 53.91
------------------------------
<Accuracies on Art> test class : 53.65
------------------------------
<Accuracies on Clipart> test class : 40.11
------------------------------
<Accuracies on Product> test class : 67.63
------------------------------
Total epoch time: 269.685

New epoch - lr: 0.003
[1/15 iteration of epoch 8/50] 
 {loss} cls : 2.570, total : 2.570 
 {acc} cls : 50.78
------------------------------
<Losses on train> cls : 2.026, total : 2.026
<Accuracies on train> cls : 45.05
Train epoch time: 170.348
------------------------------
<Accuracies on val> class : 80.23
------------------------------
<Accuracies on test> class : 53.40
------------------------------
<Accuracies on Art> test class : 52.95
------------------------------
<Accuracies on Clipart> test class : 39.08
------------------------------
<Accuracies on Product> test class : 67.72
------------------------------
Total epoch time: 270.029

New epoch - lr: 0.003
[1/15 iteration of epoch 9/50] 
 {loss} cls : 1.130, total : 1.130 
 {acc} cls : 88.48
------------------------------
<Losses on train> cls : 1.739, total : 1.739
<Accuracies on train> cls : 44.78
Train epoch time: 170.736
------------------------------
<Accuracies on val> class : 78.85
------------------------------
<Accuracies on test> class : 54.39
------------------------------
<Accuracies on Art> test class : 53.98
------------------------------
<Accuracies on Clipart> test class : 40.64
------------------------------
<Accuracies on Product> test class : 68.12
------------------------------
Total epoch time: 270.159

New epoch - lr: 0.003
[1/15 iteration of epoch 10/50] 
 {loss} cls : 1.170, total : 1.170 
 {acc} cls : 1.95
------------------------------
<Losses on train> cls : 1.578, total : 1.578
<Accuracies on train> cls : 31.81
Train epoch time: 165.254
------------------------------
<Accuracies on val> class : 80.46
------------------------------
<Accuracies on test> class : 55.85
------------------------------
<Accuracies on Art> test class : 54.68
------------------------------
<Accuracies on Clipart> test class : 42.38
------------------------------
<Accuracies on Product> test class : 69.75
------------------------------
Total epoch time: 265.923

New epoch - lr: 0.003
[1/15 iteration of epoch 11/50] 
 {loss} cls : 1.786, total : 1.786 
 {acc} cls : 5.66
------------------------------
<Losses on train> cls : 1.962, total : 1.962
<Accuracies on train> cls : 37.11
Train epoch time: 167.896
------------------------------
<Accuracies on val> class : 79.31
------------------------------
<Accuracies on test> class : 54.49
------------------------------
<Accuracies on Art> test class : 55.79
------------------------------
<Accuracies on Clipart> test class : 40.39
------------------------------
<Accuracies on Product> test class : 67.65
------------------------------
Total epoch time: 269.393

New epoch - lr: 0.003
[1/15 iteration of epoch 12/50] 
 {loss} cls : 1.203, total : 1.203 
 {acc} cls : 89.45
------------------------------
<Losses on train> cls : 1.666, total : 1.666
<Accuracies on train> cls : 47.57
Train epoch time: 166.735
------------------------------
<Accuracies on val> class : 80.46
------------------------------
<Accuracies on test> class : 55.00
------------------------------
<Accuracies on Art> test class : 54.47
------------------------------
<Accuracies on Clipart> test class : 40.94
------------------------------
<Accuracies on Product> test class : 69.11
------------------------------
Total epoch time: 264.389

New epoch - lr: 0.003
[1/15 iteration of epoch 13/50] 
 {loss} cls : 2.120, total : 2.120 
 {acc} cls : 14.26
------------------------------
<Losses on train> cls : 1.781, total : 1.781
<Accuracies on train> cls : 38.05
Train epoch time: 160.572
------------------------------
<Accuracies on val> class : 80.00
------------------------------
<Accuracies on test> class : 55.27
------------------------------
<Accuracies on Art> test class : 55.05
------------------------------
<Accuracies on Clipart> test class : 40.78
------------------------------
<Accuracies on Product> test class : 69.63
------------------------------
Total epoch time: 256.088

New epoch - lr: 0.003
[1/15 iteration of epoch 14/50] 
 {loss} cls : 2.007, total : 2.007 
 {acc} cls : 76.56
------------------------------
<Losses on train> cls : 1.745, total : 1.745
<Accuracies on train> cls : 54.91
Train epoch time: 162.305
------------------------------
<Accuracies on val> class : 80.92
------------------------------
<Accuracies on test> class : 55.07
------------------------------
<Accuracies on Art> test class : 54.02
------------------------------
<Accuracies on Clipart> test class : 41.31
------------------------------
<Accuracies on Product> test class : 69.18
------------------------------
Total epoch time: 258.616

New epoch - lr: 0.003
[1/15 iteration of epoch 15/50] 
 {loss} cls : 2.139, total : 2.139 
 {acc} cls : 12.70
------------------------------
<Losses on train> cls : 1.663, total : 1.663
<Accuracies on train> cls : 43.61
Train epoch time: 163.142
------------------------------
<Accuracies on val> class : 80.69
------------------------------
<Accuracies on test> class : 54.86
------------------------------
<Accuracies on Art> test class : 54.35
------------------------------
<Accuracies on Clipart> test class : 40.37
------------------------------
<Accuracies on Product> test class : 69.38
------------------------------
Total epoch time: 260.206

New epoch - lr: 0.003
[1/15 iteration of epoch 16/50] 
 {loss} cls : 2.180, total : 2.180 
 {acc} cls : 17.97
------------------------------
<Losses on train> cls : 1.887, total : 1.887
<Accuracies on train> cls : 31.76
Train epoch time: 164.474
------------------------------
<Accuracies on val> class : 80.46
------------------------------
<Accuracies on test> class : 54.84
------------------------------
<Accuracies on Art> test class : 54.31
------------------------------
<Accuracies on Clipart> test class : 41.03
------------------------------
<Accuracies on Product> test class : 68.71
------------------------------
Total epoch time: 262.200

New epoch - lr: 0.003
[1/15 iteration of epoch 17/50] 
 {loss} cls : 1.405, total : 1.405 
 {acc} cls : 3.32
------------------------------
<Losses on train> cls : 1.463, total : 1.463
<Accuracies on train> cls : 48.89
Train epoch time: 159.202
------------------------------
<Accuracies on val> class : 81.61
------------------------------
<Accuracies on test> class : 56.75
------------------------------
<Accuracies on Art> test class : 54.84
------------------------------
<Accuracies on Clipart> test class : 43.07
------------------------------
<Accuracies on Product> test class : 71.25
------------------------------
Total epoch time: 256.864

New epoch - lr: 0.003
[1/15 iteration of epoch 18/50] 
 {loss} cls : 1.552, total : 1.552 
 {acc} cls : 4.88
------------------------------
<Losses on train> cls : 1.784, total : 1.784
<Accuracies on train> cls : 39.38
Train epoch time: 157.469
------------------------------
<Accuracies on val> class : 80.46
------------------------------
<Accuracies on test> class : 56.00
------------------------------
<Accuracies on Art> test class : 53.69
------------------------------
<Accuracies on Clipart> test class : 42.89
------------------------------
<Accuracies on Product> test class : 70.15
------------------------------
Total epoch time: 254.274

New epoch - lr: 0.003
[1/15 iteration of epoch 19/50] 
 {loss} cls : 1.999, total : 1.999 
 {acc} cls : 10.55
------------------------------
<Losses on train> cls : 1.512, total : 1.512
<Accuracies on train> cls : 46.71
Train epoch time: 162.101
------------------------------
<Accuracies on val> class : 79.54
------------------------------
<Accuracies on test> class : 55.89
------------------------------
<Accuracies on Art> test class : 53.85
------------------------------
<Accuracies on Clipart> test class : 42.47
------------------------------
<Accuracies on Product> test class : 70.20
------------------------------
Total epoch time: 259.141

New epoch - lr: 0.003
[1/15 iteration of epoch 20/50] 
 {loss} cls : 0.994, total : 0.994 
 {acc} cls : 1.95
------------------------------
<Losses on train> cls : 1.879, total : 1.879
<Accuracies on train> cls : 49.38
Train epoch time: 161.385
------------------------------
<Accuracies on val> class : 80.92
------------------------------
<Accuracies on test> class : 55.11
------------------------------
<Accuracies on Art> test class : 52.45
------------------------------
<Accuracies on Clipart> test class : 41.15
------------------------------
<Accuracies on Product> test class : 70.29
------------------------------
Total epoch time: 258.776

New epoch - lr: 0.003
[1/15 iteration of epoch 21/50] 
 {loss} cls : 1.463, total : 1.463 
 {acc} cls : 4.88
------------------------------
<Losses on train> cls : 1.577, total : 1.577
<Accuracies on train> cls : 53.85
Train epoch time: 162.715
------------------------------
<Accuracies on val> class : 80.46
------------------------------
<Accuracies on test> class : 56.14
------------------------------
<Accuracies on Art> test class : 53.65
------------------------------
<Accuracies on Clipart> test class : 42.54
------------------------------
<Accuracies on Product> test class : 70.87
------------------------------
Total epoch time: 260.606

New epoch - lr: 0.003
[1/15 iteration of epoch 22/50] 
 {loss} cls : 1.183, total : 1.183 
 {acc} cls : 93.16
------------------------------
<Losses on train> cls : 1.426, total : 1.426
<Accuracies on train> cls : 52.66
Train epoch time: 167.166
------------------------------
<Accuracies on val> class : 80.69
------------------------------
<Accuracies on test> class : 56.57
------------------------------
<Accuracies on Art> test class : 55.42
------------------------------
<Accuracies on Clipart> test class : 42.70
------------------------------
<Accuracies on Product> test class : 70.83
------------------------------
Total epoch time: 264.785

New epoch - lr: 0.003
[1/15 iteration of epoch 23/50] 
 {loss} cls : 1.118, total : 1.118 
 {acc} cls : 3.32
------------------------------
<Losses on train> cls : 1.628, total : 1.628
<Accuracies on train> cls : 55.55
Train epoch time: 163.372
------------------------------
<Accuracies on val> class : 80.92
------------------------------
<Accuracies on test> class : 56.02
------------------------------
<Accuracies on Art> test class : 53.36
------------------------------
<Accuracies on Clipart> test class : 42.73
------------------------------
<Accuracies on Product> test class : 70.56
------------------------------
Total epoch time: 259.527

New epoch - lr: 0.003
[1/15 iteration of epoch 24/50] 
 {loss} cls : 2.338, total : 2.338 
 {acc} cls : 42.58
------------------------------
<Losses on train> cls : 1.512, total : 1.512
<Accuracies on train> cls : 30.61
Train epoch time: 166.329
------------------------------
<Accuracies on val> class : 79.08
------------------------------
<Accuracies on test> class : 55.58
------------------------------
<Accuracies on Art> test class : 53.61
------------------------------
<Accuracies on Clipart> test class : 41.83
------------------------------
<Accuracies on Product> test class : 70.17
------------------------------
Total epoch time: 261.198

New epoch - lr: 0.003
[1/15 iteration of epoch 25/50] 
 {loss} cls : 2.257, total : 2.257 
 {acc} cls : 37.50
------------------------------
<Losses on train> cls : 1.773, total : 1.773
<Accuracies on train> cls : 43.11
Train epoch time: 156.856
------------------------------
<Accuracies on val> class : 79.77
------------------------------
<Accuracies on test> class : 54.69
------------------------------
<Accuracies on Art> test class : 52.70
------------------------------
<Accuracies on Clipart> test class : 40.73
------------------------------
<Accuracies on Product> test class : 69.50
------------------------------
Total epoch time: 251.888

New epoch - lr: 0.003
[1/15 iteration of epoch 26/50] 
 {loss} cls : 0.543, total : 0.543 
 {acc} cls : 1.76
------------------------------
<Losses on train> cls : 1.599, total : 1.599
<Accuracies on train> cls : 46.33
Train epoch time: 159.260
------------------------------
<Accuracies on val> class : 79.54
------------------------------
<Accuracies on test> class : 55.65
------------------------------
<Accuracies on Art> test class : 53.48
------------------------------
<Accuracies on Clipart> test class : 41.92
------------------------------
<Accuracies on Product> test class : 70.33
------------------------------
Total epoch time: 254.724

New epoch - lr: 0.003
[1/15 iteration of epoch 27/50] 
 {loss} cls : 1.774, total : 1.774 
 {acc} cls : 9.96
------------------------------
<Losses on train> cls : 1.694, total : 1.694
<Accuracies on train> cls : 41.07
Train epoch time: 161.046
------------------------------
<Accuracies on val> class : 80.46
------------------------------
<Accuracies on test> class : 55.45
------------------------------
<Accuracies on Art> test class : 52.90
------------------------------
<Accuracies on Clipart> test class : 41.60
------------------------------
<Accuracies on Product> test class : 70.47
------------------------------
Total epoch time: 256.217

New epoch - lr: 0.003
[1/15 iteration of epoch 28/50] 
 {loss} cls : 0.989, total : 0.989 
 {acc} cls : 96.48
------------------------------
<Losses on train> cls : 1.463, total : 1.463
<Accuracies on train> cls : 55.43
Train epoch time: 163.041
------------------------------
<Accuracies on val> class : 80.46
------------------------------
<Accuracies on test> class : 55.46
------------------------------
<Accuracies on Art> test class : 53.61
------------------------------
<Accuracies on Clipart> test class : 41.40
------------------------------
<Accuracies on Product> test class : 70.31
------------------------------
Total epoch time: 257.789

New epoch - lr: 0.003
[1/15 iteration of epoch 29/50] 
 {loss} cls : 2.113, total : 2.113 
 {acc} cls : 16.80
------------------------------
<Losses on train> cls : 1.769, total : 1.769
<Accuracies on train> cls : 36.08
Train epoch time: 162.926
------------------------------
<Accuracies on val> class : 80.23
------------------------------
<Accuracies on test> class : 54.74
------------------------------
<Accuracies on Art> test class : 52.53
------------------------------
<Accuracies on Clipart> test class : 40.69
------------------------------
<Accuracies on Product> test class : 69.77
------------------------------
Total epoch time: 257.948

New epoch - lr: 0.003
[1/15 iteration of epoch 30/50] 
 {loss} cls : 2.136, total : 2.136 
 {acc} cls : 21.48
------------------------------
<Losses on train> cls : 1.711, total : 1.711
<Accuracies on train> cls : 55.60
Train epoch time: 162.844
------------------------------
<Accuracies on val> class : 79.77
------------------------------
<Accuracies on test> class : 54.38
------------------------------
<Accuracies on Art> test class : 52.78
------------------------------
<Accuracies on Clipart> test class : 40.09
------------------------------
<Accuracies on Product> test class : 69.29
------------------------------
Total epoch time: 257.833

New epoch - lr: 0.003
[1/15 iteration of epoch 31/50] 
 {loss} cls : 1.381, total : 1.381 
 {acc} cls : 3.52
------------------------------
<Losses on train> cls : 1.683, total : 1.683
<Accuracies on train> cls : 34.08
Train epoch time: 165.892
------------------------------
<Accuracies on val> class : 80.00
------------------------------
<Accuracies on test> class : 55.05
------------------------------
<Accuracies on Art> test class : 52.12
------------------------------
<Accuracies on Clipart> test class : 41.24
------------------------------
<Accuracies on Product> test class : 70.24
------------------------------
Total epoch time: 260.792

New epoch - lr: 0.003
[1/15 iteration of epoch 32/50] 
 {loss} cls : 2.102, total : 2.102 
 {acc} cls : 69.34
------------------------------
<Losses on train> cls : 1.714, total : 1.714
<Accuracies on train> cls : 44.08
Train epoch time: 166.024
------------------------------
<Accuracies on val> class : 80.92
------------------------------
<Accuracies on test> class : 55.15
------------------------------
<Accuracies on Art> test class : 52.20
------------------------------
<Accuracies on Clipart> test class : 41.37
------------------------------
<Accuracies on Product> test class : 70.31
------------------------------
Total epoch time: 260.371

New epoch - lr: 0.003
[1/15 iteration of epoch 33/50] 
 {loss} cls : 2.262, total : 2.262 
 {acc} cls : 58.01
------------------------------
<Losses on train> cls : 1.424, total : 1.424
<Accuracies on train> cls : 51.26
Train epoch time: 158.775
------------------------------
<Accuracies on val> class : 79.31
------------------------------
<Accuracies on test> class : 55.44
------------------------------
<Accuracies on Art> test class : 53.89
------------------------------
<Accuracies on Clipart> test class : 41.51
------------------------------
<Accuracies on Product> test class : 69.99
------------------------------
Total epoch time: 253.192

New epoch - lr: 0.003
[1/15 iteration of epoch 34/50] 
 {loss} cls : 0.375, total : 0.375 
 {acc} cls : 99.02
------------------------------
<Losses on train> cls : 1.557, total : 1.557
<Accuracies on train> cls : 51.88
Train epoch time: 164.284
------------------------------
<Accuracies on val> class : 79.08
------------------------------
<Accuracies on test> class : 55.18
------------------------------
<Accuracies on Art> test class : 52.99
------------------------------
<Accuracies on Clipart> test class : 41.74
------------------------------
<Accuracies on Product> test class : 69.59
------------------------------
Total epoch time: 258.733

New epoch - lr: 0.003
[1/15 iteration of epoch 35/50] 
 {loss} cls : 1.448, total : 1.448 
 {acc} cls : 90.43
------------------------------
<Losses on train> cls : 1.661, total : 1.661
<Accuracies on train> cls : 40.53
Train epoch time: 164.591
------------------------------
<Accuracies on val> class : 79.54
------------------------------
<Accuracies on test> class : 54.89
------------------------------
<Accuracies on Art> test class : 53.28
------------------------------
<Accuracies on Clipart> test class : 40.87
------------------------------
<Accuracies on Product> test class : 69.57
------------------------------
Total epoch time: 259.153

New epoch - lr: 0.003
[1/15 iteration of epoch 36/50] 
 {loss} cls : 2.092, total : 2.092 
 {acc} cls : 21.29
------------------------------
<Losses on train> cls : 1.393, total : 1.393
<Accuracies on train> cls : 32.51
Train epoch time: 162.375
------------------------------
<Accuracies on val> class : 79.31
------------------------------
<Accuracies on test> class : 56.72
------------------------------
<Accuracies on Art> test class : 54.55
------------------------------
<Accuracies on Clipart> test class : 43.55
------------------------------
<Accuracies on Product> test class : 70.85
------------------------------
Total epoch time: 256.797

New epoch - lr: 0.003
[1/15 iteration of epoch 37/50] 
 {loss} cls : 2.064, total : 2.064 
 {acc} cls : 22.66
------------------------------
<Losses on train> cls : 1.676, total : 1.676
<Accuracies on train> cls : 26.78
Train epoch time: 165.501
------------------------------
<Accuracies on val> class : 79.77
------------------------------
<Accuracies on test> class : 56.21
------------------------------
<Accuracies on Art> test class : 53.93
------------------------------
<Accuracies on Clipart> test class : 42.93
------------------------------
<Accuracies on Product> test class : 70.51
------------------------------
Total epoch time: 260.220

New epoch - lr: 0.003
[1/15 iteration of epoch 38/50] 
 {loss} cls : 1.689, total : 1.689 
 {acc} cls : 8.40
------------------------------
<Losses on train> cls : 1.658, total : 1.658
<Accuracies on train> cls : 48.40
Train epoch time: 164.638
------------------------------
<Accuracies on val> class : 78.16
------------------------------
<Accuracies on test> class : 54.55
------------------------------
<Accuracies on Art> test class : 53.32
------------------------------
<Accuracies on Clipart> test class : 40.23
------------------------------
<Accuracies on Product> test class : 69.29
------------------------------
Total epoch time: 259.495

New epoch - lr: 0.003
[1/15 iteration of epoch 39/50] 
 {loss} cls : 0.361, total : 0.361 
 {acc} cls : 1.76
------------------------------
<Losses on train> cls : 1.325, total : 1.325
<Accuracies on train> cls : 49.53
Train epoch time: 157.114
------------------------------
<Accuracies on val> class : 79.08
------------------------------
<Accuracies on test> class : 55.42
------------------------------
<Accuracies on Art> test class : 53.48
------------------------------
<Accuracies on Clipart> test class : 41.58
------------------------------
<Accuracies on Product> test class : 70.08
------------------------------
Total epoch time: 251.595

New epoch - lr: 0.003
[1/15 iteration of epoch 40/50] 
 {loss} cls : 1.554, total : 1.554 
 {acc} cls : 88.09
------------------------------
<Losses on train> cls : 1.149, total : 1.149
<Accuracies on train> cls : 41.03
Train epoch time: 158.020
------------------------------
<Accuracies on val> class : 80.69
------------------------------
<Accuracies on test> class : 56.19
------------------------------
<Accuracies on Art> test class : 54.02
------------------------------
<Accuracies on Clipart> test class : 42.61
------------------------------
<Accuracies on Product> test class : 70.74
------------------------------
Total epoch time: 252.933

New epoch - lr: 0.003
[1/15 iteration of epoch 41/50] 
 {loss} cls : 2.159, total : 2.159 
 {acc} cls : 43.95
------------------------------
<Losses on train> cls : 1.524, total : 1.524
<Accuracies on train> cls : 38.59
Train epoch time: 163.450
------------------------------
<Accuracies on val> class : 80.46
------------------------------
<Accuracies on test> class : 55.64
------------------------------
<Accuracies on Art> test class : 54.02
------------------------------
<Accuracies on Clipart> test class : 41.33
------------------------------
<Accuracies on Product> test class : 70.60
------------------------------
Total epoch time: 258.687

New epoch - lr: 0.003
[1/15 iteration of epoch 42/50] 
 {loss} cls : 1.511, total : 1.511 
 {acc} cls : 6.05
------------------------------
<Losses on train> cls : 1.569, total : 1.569
<Accuracies on train> cls : 66.60
Train epoch time: 164.141
------------------------------
<Accuracies on val> class : 80.69
------------------------------
<Accuracies on test> class : 55.36
------------------------------
<Accuracies on Art> test class : 52.90
------------------------------
<Accuracies on Clipart> test class : 41.81
------------------------------
<Accuracies on Product> test class : 70.04
------------------------------
Total epoch time: 258.825

New epoch - lr: 0.003
[1/15 iteration of epoch 43/50] 
 {loss} cls : 2.164, total : 2.164 
 {acc} cls : 54.69
------------------------------
<Losses on train> cls : 1.463, total : 1.463
<Accuracies on train> cls : 48.33
Train epoch time: 163.370
------------------------------
<Accuracies on val> class : 78.62
------------------------------
<Accuracies on test> class : 54.89
------------------------------
<Accuracies on Art> test class : 52.29
------------------------------
<Accuracies on Clipart> test class : 41.28
------------------------------
<Accuracies on Product> test class : 69.70
------------------------------
Total epoch time: 258.575

New epoch - lr: 0.003
[1/15 iteration of epoch 44/50] 
 {loss} cls : 1.864, total : 1.864 
 {acc} cls : 79.10
------------------------------
<Losses on train> cls : 1.563, total : 1.563
<Accuracies on train> cls : 55.83
Train epoch time: 160.170
------------------------------
<Accuracies on val> class : 79.08
------------------------------
<Accuracies on test> class : 55.30
------------------------------
<Accuracies on Art> test class : 52.90
------------------------------
<Accuracies on Clipart> test class : 41.60
------------------------------
<Accuracies on Product> test class : 70.08
------------------------------
Total epoch time: 256.268

New epoch - lr: 0.0009000000000000002
[1/15 iteration of epoch 45/50] 
 {loss} cls : 0.799, total : 0.799 
 {acc} cls : 98.63
------------------------------
<Losses on train> cls : 1.361, total : 1.361
<Accuracies on train> cls : 47.28
Train epoch time: 163.725
------------------------------
<Accuracies on val> class : 79.54
------------------------------
<Accuracies on test> class : 55.31
------------------------------
<Accuracies on Art> test class : 53.19
------------------------------
<Accuracies on Clipart> test class : 41.31
------------------------------
<Accuracies on Product> test class : 70.24
------------------------------
Total epoch time: 264.209

New epoch - lr: 0.0009000000000000002
[1/15 iteration of epoch 46/50] 
 {loss} cls : 1.488, total : 1.488 
 {acc} cls : 7.62
------------------------------
<Losses on train> cls : 1.392, total : 1.392
<Accuracies on train> cls : 35.55
Train epoch time: 163.321
------------------------------
<Accuracies on val> class : 80.00
------------------------------
<Accuracies on test> class : 55.28
------------------------------
<Accuracies on Art> test class : 53.07
------------------------------
<Accuracies on Clipart> test class : 41.40
------------------------------
<Accuracies on Product> test class : 70.15
------------------------------
Total epoch time: 257.873

New epoch - lr: 0.0009000000000000002
[1/15 iteration of epoch 47/50] 
 {loss} cls : 2.160, total : 2.160 
 {acc} cls : 41.60
------------------------------
<Losses on train> cls : 1.713, total : 1.713
<Accuracies on train> cls : 49.01
Train epoch time: 161.678
------------------------------
<Accuracies on val> class : 79.77
------------------------------
<Accuracies on test> class : 55.18
------------------------------
<Accuracies on Art> test class : 52.82
------------------------------
<Accuracies on Clipart> test class : 40.99
------------------------------
<Accuracies on Product> test class : 70.42
------------------------------
Total epoch time: 257.037

New epoch - lr: 0.0009000000000000002
[1/15 iteration of epoch 48/50] 
 {loss} cls : 1.893, total : 1.893 
 {acc} cls : 13.87
------------------------------
<Losses on train> cls : 1.637, total : 1.637
<Accuracies on train> cls : 59.71
Train epoch time: 161.749
------------------------------
<Accuracies on val> class : 79.77
------------------------------
<Accuracies on test> class : 54.87
------------------------------
<Accuracies on Art> test class : 52.62
------------------------------
<Accuracies on Clipart> test class : 41.15
------------------------------
<Accuracies on Product> test class : 69.61
------------------------------
Total epoch time: 255.903

New epoch - lr: 0.0009000000000000002
[1/15 iteration of epoch 49/50] 
 {loss} cls : 1.339, total : 1.339 
 {acc} cls : 94.73
------------------------------
<Losses on train> cls : 1.625, total : 1.625
<Accuracies on train> cls : 46.18
Train epoch time: 162.773
------------------------------
<Accuracies on val> class : 80.69
------------------------------
<Accuracies on test> class : 54.57
------------------------------
<Accuracies on Art> test class : 51.67
------------------------------
<Accuracies on Clipart> test class : 41.10
------------------------------
<Accuracies on Product> test class : 69.41
------------------------------
Total epoch time: 257.876

New epoch - lr: 0.0009000000000000002
[1/15 iteration of epoch 50/50] 
 {loss} cls : 1.655, total : 1.655 
 {acc} cls : 84.96
------------------------------
<Losses on train> cls : 1.681, total : 1.681
<Accuracies on train> cls : 39.19
Train epoch time: 154.515
------------------------------
<Accuracies on val> class : 80.69
------------------------------
<Accuracies on test> class : 55.26
------------------------------
<Accuracies on Art> test class : 52.66
------------------------------
<Accuracies on Clipart> test class : 41.72
------------------------------
<Accuracies on Product> test class : 69.99
------------------------------
Total epoch time: 245.811

******************************
Best val 0.816092, corresponding test 0.567536 - best test: 0.567536

******************************
Best val 0.8160919547080994, corresponding Art test 0.5484136939048767

******************************
Best val 0.8160919547080994, corresponding Clipart test 0.4306987524032593

******************************
Best val 0.8160919547080994, corresponding Product test 0.7125478982925415
