
Loading experiment Officehome/ResNet18_step


New epoch - lr: 0.003
[1/61 iteration of epoch 1/50] 
 {loss} cls : 4.290, total : 4.290 
 {acc} cls : 0.78
[31/61 iteration of epoch 1/50] 
 {loss} cls : 1.904, total : 1.904 
 {acc} cls : 67.97
[61/61 iteration of epoch 1/50] 
 {loss} cls : 2.473, total : 2.473 
 {acc} cls : 41.41
------------------------------
<Losses on train> cls : 2.888, total : 2.888
<Accuracies on train> cls : 34.87
Train epoch time: 178.145
------------------------------
<Accuracies on val> class : 74.25
------------------------------
<Accuracies on test> class : 49.86
------------------------------
<Accuracies on Art> test class : 47.88
------------------------------
<Accuracies on Clipart> test class : 38.44
------------------------------
<Accuracies on Product> test class : 62.18
------------------------------
Total epoch time: 272.155

New epoch - lr: 0.003
[1/61 iteration of epoch 2/50] 
 {loss} cls : 2.459, total : 2.459 
 {acc} cls : 48.44
[31/61 iteration of epoch 2/50] 
 {loss} cls : 2.210, total : 2.210 
 {acc} cls : 66.41
[61/61 iteration of epoch 2/50] 
 {loss} cls : 1.180, total : 1.180 
 {acc} cls : 78.91
------------------------------
<Losses on train> cls : 2.076, total : 2.076
<Accuracies on train> cls : 55.40
Train epoch time: 169.874
------------------------------
<Accuracies on val> class : 76.78
------------------------------
<Accuracies on test> class : 53.20
------------------------------
<Accuracies on Art> test class : 52.20
------------------------------
<Accuracies on Clipart> test class : 40.27
------------------------------
<Accuracies on Product> test class : 66.46
------------------------------
Total epoch time: 263.030

New epoch - lr: 0.003
[1/61 iteration of epoch 3/50] 
 {loss} cls : 2.647, total : 2.647 
 {acc} cls : 21.09
[31/61 iteration of epoch 3/50] 
 {loss} cls : 2.327, total : 2.327 
 {acc} cls : 20.31
[61/61 iteration of epoch 3/50] 
 {loss} cls : 2.503, total : 2.503 
 {acc} cls : 48.44
------------------------------
<Losses on train> cls : 2.054, total : 2.054
<Accuracies on train> cls : 55.01
Train epoch time: 170.129
------------------------------
<Accuracies on val> class : 78.62
------------------------------
<Accuracies on test> class : 53.09
------------------------------
<Accuracies on Art> test class : 50.43
------------------------------
<Accuracies on Clipart> test class : 39.66
------------------------------
<Accuracies on Product> test class : 67.74
------------------------------
Total epoch time: 263.606

New epoch - lr: 0.003
[1/61 iteration of epoch 4/50] 
 {loss} cls : 1.272, total : 1.272 
 {acc} cls : 86.72
[31/61 iteration of epoch 4/50] 
 {loss} cls : 2.128, total : 2.128 
 {acc} cls : 67.19
[61/61 iteration of epoch 4/50] 
 {loss} cls : 2.316, total : 2.316 
 {acc} cls : 25.00
------------------------------
<Losses on train> cls : 1.997, total : 1.997
<Accuracies on train> cls : 59.87
Train epoch time: 169.267
------------------------------
<Accuracies on val> class : 79.77
------------------------------
<Accuracies on test> class : 55.78
------------------------------
<Accuracies on Art> test class : 52.62
------------------------------
<Accuracies on Clipart> test class : 42.66
------------------------------
<Accuracies on Product> test class : 70.42
------------------------------
Total epoch time: 262.524

New epoch - lr: 0.003
[1/61 iteration of epoch 5/50] 
 {loss} cls : 0.462, total : 0.462 
 {acc} cls : 90.62
[31/61 iteration of epoch 5/50] 
 {loss} cls : 1.182, total : 1.182 
 {acc} cls : 87.50
[61/61 iteration of epoch 5/50] 
 {loss} cls : 2.450, total : 2.450 
 {acc} cls : 20.31
------------------------------
<Losses on train> cls : 1.790, total : 1.790
<Accuracies on train> cls : 63.22
Train epoch time: 171.286
------------------------------
<Accuracies on val> class : 78.85
------------------------------
<Accuracies on test> class : 54.67
------------------------------
<Accuracies on Art> test class : 52.49
------------------------------
<Accuracies on Clipart> test class : 42.04
------------------------------
<Accuracies on Product> test class : 68.28
------------------------------
Total epoch time: 264.488

New epoch - lr: 0.003
[1/61 iteration of epoch 6/50] 
 {loss} cls : 1.871, total : 1.871 
 {acc} cls : 81.25
[31/61 iteration of epoch 6/50] 
 {loss} cls : 2.016, total : 2.016 
 {acc} cls : 68.75
[61/61 iteration of epoch 6/50] 
 {loss} cls : 2.030, total : 2.030 
 {acc} cls : 5.47
------------------------------
<Losses on train> cls : 1.854, total : 1.854
<Accuracies on train> cls : 60.39
Train epoch time: 169.638
------------------------------
<Accuracies on val> class : 80.00
------------------------------
<Accuracies on test> class : 54.44
------------------------------
<Accuracies on Art> test class : 51.92
------------------------------
<Accuracies on Clipart> test class : 40.73
------------------------------
<Accuracies on Product> test class : 69.29
------------------------------
Total epoch time: 262.908

New epoch - lr: 0.003
[1/61 iteration of epoch 7/50] 
 {loss} cls : 1.913, total : 1.913 
 {acc} cls : 75.78
[31/61 iteration of epoch 7/50] 
 {loss} cls : 1.924, total : 1.924 
 {acc} cls : 75.78
[61/61 iteration of epoch 7/50] 
 {loss} cls : 2.024, total : 2.024 
 {acc} cls : 60.94
------------------------------
<Losses on train> cls : 1.721, total : 1.721
<Accuracies on train> cls : 60.90
Train epoch time: 171.271
------------------------------
<Accuracies on val> class : 78.39
------------------------------
<Accuracies on test> class : 55.63
------------------------------
<Accuracies on Art> test class : 53.93
------------------------------
<Accuracies on Clipart> test class : 42.08
------------------------------
<Accuracies on Product> test class : 69.88
------------------------------
Total epoch time: 264.247

New epoch - lr: 0.003
[1/61 iteration of epoch 8/50] 
 {loss} cls : 1.006, total : 1.006 
 {acc} cls : 92.19
[31/61 iteration of epoch 8/50] 
 {loss} cls : 1.887, total : 1.887 
 {acc} cls : 72.66
[61/61 iteration of epoch 8/50] 
 {loss} cls : 1.957, total : 1.957 
 {acc} cls : 71.88
------------------------------
<Losses on train> cls : 1.669, total : 1.669
<Accuracies on train> cls : 65.46
Train epoch time: 172.267
------------------------------
<Accuracies on val> class : 77.47
------------------------------
<Accuracies on test> class : 55.48
------------------------------
<Accuracies on Art> test class : 53.07
------------------------------
<Accuracies on Clipart> test class : 42.31
------------------------------
<Accuracies on Product> test class : 69.75
------------------------------
Total epoch time: 265.982

New epoch - lr: 0.003
[1/61 iteration of epoch 9/50] 
 {loss} cls : 2.117, total : 2.117 
 {acc} cls : 35.16
[31/61 iteration of epoch 9/50] 
 {loss} cls : 0.859, total : 0.859 
 {acc} cls : 96.88
[61/61 iteration of epoch 9/50] 
 {loss} cls : 1.262, total : 1.262 
 {acc} cls : 90.62
------------------------------
<Losses on train> cls : 1.640, total : 1.640
<Accuracies on train> cls : 69.97
Train epoch time: 170.780
------------------------------
<Accuracies on val> class : 77.01
------------------------------
<Accuracies on test> class : 54.99
------------------------------
<Accuracies on Art> test class : 53.36
------------------------------
<Accuracies on Clipart> test class : 41.47
------------------------------
<Accuracies on Product> test class : 69.18
------------------------------
Total epoch time: 263.734

New epoch - lr: 0.003
[1/61 iteration of epoch 10/50] 
 {loss} cls : 0.990, total : 0.990 
 {acc} cls : 96.09
[31/61 iteration of epoch 10/50] 
 {loss} cls : 1.904, total : 1.904 
 {acc} cls : 53.91
[61/61 iteration of epoch 10/50] 
 {loss} cls : 1.839, total : 1.839 
 {acc} cls : 71.88
------------------------------
<Losses on train> cls : 1.626, total : 1.626
<Accuracies on train> cls : 69.39
Train epoch time: 171.398
------------------------------
<Accuracies on val> class : 80.46
------------------------------
<Accuracies on test> class : 55.60
------------------------------
<Accuracies on Art> test class : 53.28
------------------------------
<Accuracies on Clipart> test class : 42.59
------------------------------
<Accuracies on Product> test class : 69.66
------------------------------
Total epoch time: 264.514

New epoch - lr: 0.003
[1/61 iteration of epoch 11/50] 
 {loss} cls : 2.323, total : 2.323 
 {acc} cls : 28.91
[31/61 iteration of epoch 11/50] 
 {loss} cls : 1.665, total : 1.665 
 {acc} cls : 89.06
[61/61 iteration of epoch 11/50] 
 {loss} cls : 2.021, total : 2.021 
 {acc} cls : 2.34
------------------------------
<Losses on train> cls : 1.687, total : 1.687
<Accuracies on train> cls : 61.12
Train epoch time: 174.124
------------------------------
<Accuracies on val> class : 80.23
------------------------------
<Accuracies on test> class : 54.65
------------------------------
<Accuracies on Art> test class : 51.34
------------------------------
<Accuracies on Clipart> test class : 41.67
------------------------------
<Accuracies on Product> test class : 69.23
------------------------------
Total epoch time: 266.679

New epoch - lr: 0.003
[1/61 iteration of epoch 12/50] 
 {loss} cls : 1.584, total : 1.584 
 {acc} cls : 91.41
[31/61 iteration of epoch 12/50] 
 {loss} cls : 1.558, total : 1.558 
 {acc} cls : 92.97
[61/61 iteration of epoch 12/50] 
 {loss} cls : 1.640, total : 1.640 
 {acc} cls : 92.19
------------------------------
<Losses on train> cls : 1.656, total : 1.656
<Accuracies on train> cls : 65.55
Train epoch time: 167.774
------------------------------
<Accuracies on val> class : 79.54
------------------------------
<Accuracies on test> class : 55.02
------------------------------
<Accuracies on Art> test class : 53.15
------------------------------
<Accuracies on Clipart> test class : 41.35
------------------------------
<Accuracies on Product> test class : 69.48
------------------------------
Total epoch time: 260.002

New epoch - lr: 0.003
[1/61 iteration of epoch 13/50] 
 {loss} cls : 1.786, total : 1.786 
 {acc} cls : 73.44
[31/61 iteration of epoch 13/50] 
 {loss} cls : 1.884, total : 1.884 
 {acc} cls : 42.97
[61/61 iteration of epoch 13/50] 
 {loss} cls : 0.428, total : 0.428 
 {acc} cls : 96.88
------------------------------
<Losses on train> cls : 1.592, total : 1.592
<Accuracies on train> cls : 68.55
Train epoch time: 171.083
------------------------------
<Accuracies on val> class : 79.31
------------------------------
<Accuracies on test> class : 55.44
------------------------------
<Accuracies on Art> test class : 52.29
------------------------------
<Accuracies on Clipart> test class : 41.83
------------------------------
<Accuracies on Product> test class : 70.56
------------------------------
Total epoch time: 264.108

New epoch - lr: 0.003
[1/61 iteration of epoch 14/50] 
 {loss} cls : 1.574, total : 1.574 
 {acc} cls : 90.62
[31/61 iteration of epoch 14/50] 
 {loss} cls : 1.703, total : 1.703 
 {acc} cls : 72.66
[61/61 iteration of epoch 14/50] 
 {loss} cls : 0.348, total : 0.348 
 {acc} cls : 98.44
------------------------------
<Losses on train> cls : 1.526, total : 1.526
<Accuracies on train> cls : 72.30
Train epoch time: 171.270
------------------------------
<Accuracies on val> class : 78.85
------------------------------
<Accuracies on test> class : 55.77
------------------------------
<Accuracies on Art> test class : 52.70
------------------------------
<Accuracies on Clipart> test class : 42.15
------------------------------
<Accuracies on Product> test class : 70.83
------------------------------
Total epoch time: 263.209

New epoch - lr: 0.003
[1/61 iteration of epoch 15/50] 
 {loss} cls : 1.678, total : 1.678 
 {acc} cls : 82.81
[31/61 iteration of epoch 15/50] 
 {loss} cls : 1.764, total : 1.764 
 {acc} cls : 61.72
[61/61 iteration of epoch 15/50] 
 {loss} cls : 0.539, total : 0.539 
 {acc} cls : 96.09
------------------------------
<Losses on train> cls : 1.464, total : 1.464
<Accuracies on train> cls : 73.53
Train epoch time: 169.149
------------------------------
<Accuracies on val> class : 79.08
------------------------------
<Accuracies on test> class : 55.25
------------------------------
<Accuracies on Art> test class : 53.19
------------------------------
<Accuracies on Clipart> test class : 42.45
------------------------------
<Accuracies on Product> test class : 68.96
------------------------------
Total epoch time: 261.271

New epoch - lr: 0.003
[1/61 iteration of epoch 16/50] 
 {loss} cls : 2.034, total : 2.034 
 {acc} cls : 38.28
[31/61 iteration of epoch 16/50] 
 {loss} cls : 1.718, total : 1.718 
 {acc} cls : 84.38
[61/61 iteration of epoch 16/50] 
 {loss} cls : 1.054, total : 1.054 
 {acc} cls : 94.53
------------------------------
<Losses on train> cls : 1.498, total : 1.498
<Accuracies on train> cls : 73.19
Train epoch time: 170.511
------------------------------
<Accuracies on val> class : 80.00
------------------------------
<Accuracies on test> class : 56.22
------------------------------
<Accuracies on Art> test class : 53.23
------------------------------
<Accuracies on Clipart> test class : 42.25
------------------------------
<Accuracies on Product> test class : 71.59
------------------------------
Total epoch time: 262.805

New epoch - lr: 0.003
[1/61 iteration of epoch 17/50] 
 {loss} cls : 1.733, total : 1.733 
 {acc} cls : 39.84
[31/61 iteration of epoch 17/50] 
 {loss} cls : 2.148, total : 2.148 
 {acc} cls : 33.59
[61/61 iteration of epoch 17/50] 
 {loss} cls : 1.912, total : 1.912 
 {acc} cls : 47.66
------------------------------
<Losses on train> cls : 1.482, total : 1.482
<Accuracies on train> cls : 65.47
Train epoch time: 178.492
------------------------------
<Accuracies on val> class : 78.62
------------------------------
<Accuracies on test> class : 54.73
------------------------------
<Accuracies on Art> test class : 51.87
------------------------------
<Accuracies on Clipart> test class : 40.73
------------------------------
<Accuracies on Product> test class : 70.06
------------------------------
Total epoch time: 270.738

New epoch - lr: 0.003
[1/61 iteration of epoch 18/50] 
 {loss} cls : 1.753, total : 1.753 
 {acc} cls : 79.69
[31/61 iteration of epoch 18/50] 
 {loss} cls : 1.177, total : 1.177 
 {acc} cls : 96.09
[61/61 iteration of epoch 18/50] 
 {loss} cls : 0.463, total : 0.463 
 {acc} cls : 100.00
------------------------------
<Losses on train> cls : 1.446, total : 1.446
<Accuracies on train> cls : 73.34
Train epoch time: 170.192
------------------------------
<Accuracies on val> class : 78.62
------------------------------
<Accuracies on test> class : 54.57
------------------------------
<Accuracies on Art> test class : 51.09
------------------------------
<Accuracies on Clipart> test class : 40.82
------------------------------
<Accuracies on Product> test class : 69.99
------------------------------
Total epoch time: 262.604

New epoch - lr: 0.003
[1/61 iteration of epoch 19/50] 
 {loss} cls : 0.305, total : 0.305 
 {acc} cls : 98.44
[31/61 iteration of epoch 19/50] 
 {loss} cls : 1.587, total : 1.587 
 {acc} cls : 92.19
[61/61 iteration of epoch 19/50] 
 {loss} cls : 0.881, total : 0.881 
 {acc} cls : 99.22
------------------------------
<Losses on train> cls : 1.394, total : 1.394
<Accuracies on train> cls : 76.68
Train epoch time: 175.114
------------------------------
<Accuracies on val> class : 80.23
------------------------------
<Accuracies on test> class : 56.06
------------------------------
<Accuracies on Art> test class : 51.26
------------------------------
<Accuracies on Clipart> test class : 42.08
------------------------------
<Accuracies on Product> test class : 72.43
------------------------------
Total epoch time: 267.601

New epoch - lr: 0.003
[1/61 iteration of epoch 20/50] 
 {loss} cls : 1.779, total : 1.779 
 {acc} cls : 53.12
[31/61 iteration of epoch 20/50] 
 {loss} cls : 1.589, total : 1.589 
 {acc} cls : 85.16
[61/61 iteration of epoch 20/50] 
 {loss} cls : 1.922, total : 1.922 
 {acc} cls : 17.97
------------------------------
<Losses on train> cls : 1.367, total : 1.367
<Accuracies on train> cls : 70.99
Train epoch time: 171.659
------------------------------
<Accuracies on val> class : 78.85
------------------------------
<Accuracies on test> class : 56.31
------------------------------
<Accuracies on Art> test class : 52.99
------------------------------
<Accuracies on Clipart> test class : 42.36
------------------------------
<Accuracies on Product> test class : 71.84
------------------------------
Total epoch time: 263.752

New epoch - lr: 0.003
[1/61 iteration of epoch 21/50] 
 {loss} cls : 1.023, total : 1.023 
 {acc} cls : 96.88
[31/61 iteration of epoch 21/50] 
 {loss} cls : 1.670, total : 1.670 
 {acc} cls : 75.78
[61/61 iteration of epoch 21/50] 
 {loss} cls : 1.542, total : 1.542 
 {acc} cls : 88.28
------------------------------
<Losses on train> cls : 1.343, total : 1.343
<Accuracies on train> cls : 71.20
Train epoch time: 175.081
------------------------------
<Accuracies on val> class : 79.77
------------------------------
<Accuracies on test> class : 55.11
------------------------------
<Accuracies on Art> test class : 52.62
------------------------------
<Accuracies on Clipart> test class : 40.96
------------------------------
<Accuracies on Product> test class : 70.38
------------------------------
Total epoch time: 267.219

New epoch - lr: 0.003
[1/61 iteration of epoch 22/50] 
 {loss} cls : 1.823, total : 1.823 
 {acc} cls : 8.59
[31/61 iteration of epoch 22/50] 
 {loss} cls : 0.462, total : 0.462 
 {acc} cls : 99.22
[61/61 iteration of epoch 22/50] 
 {loss} cls : 0.848, total : 0.848 
 {acc} cls : 98.44
------------------------------
<Losses on train> cls : 1.449, total : 1.449
<Accuracies on train> cls : 72.90
Train epoch time: 168.083
------------------------------
<Accuracies on val> class : 78.62
------------------------------
<Accuracies on test> class : 54.20
------------------------------
<Accuracies on Art> test class : 51.38
------------------------------
<Accuracies on Clipart> test class : 41.12
------------------------------
<Accuracies on Product> test class : 68.60
------------------------------
Total epoch time: 260.668

New epoch - lr: 0.003
[1/61 iteration of epoch 23/50] 
 {loss} cls : 1.878, total : 1.878 
 {acc} cls : 9.38
[31/61 iteration of epoch 23/50] 
 {loss} cls : 1.852, total : 1.852 
 {acc} cls : 2.34
[61/61 iteration of epoch 23/50] 
 {loss} cls : 1.534, total : 1.534 
 {acc} cls : 83.59
------------------------------
<Losses on train> cls : 1.483, total : 1.483
<Accuracies on train> cls : 70.48
Train epoch time: 167.458
------------------------------
<Accuracies on val> class : 79.77
------------------------------
<Accuracies on test> class : 54.25
------------------------------
<Accuracies on Art> test class : 51.13
------------------------------
<Accuracies on Clipart> test class : 39.70
------------------------------
<Accuracies on Product> test class : 70.26
------------------------------
Total epoch time: 260.738

New epoch - lr: 0.003
[1/61 iteration of epoch 24/50] 
 {loss} cls : 0.415, total : 0.415 
 {acc} cls : 99.22
[31/61 iteration of epoch 24/50] 
 {loss} cls : 1.304, total : 1.304 
 {acc} cls : 97.66
[61/61 iteration of epoch 24/50] 
 {loss} cls : 1.262, total : 1.262 
 {acc} cls : 98.44
------------------------------
<Losses on train> cls : 1.369, total : 1.369
<Accuracies on train> cls : 68.10
Train epoch time: 165.578
------------------------------
<Accuracies on val> class : 79.31
------------------------------
<Accuracies on test> class : 54.54
------------------------------
<Accuracies on Art> test class : 52.62
------------------------------
<Accuracies on Clipart> test class : 40.60
------------------------------
<Accuracies on Product> test class : 69.29
------------------------------
Total epoch time: 260.605

New epoch - lr: 0.003
[1/61 iteration of epoch 25/50] 
 {loss} cls : 0.282, total : 0.282 
 {acc} cls : 98.44
[31/61 iteration of epoch 25/50] 
 {loss} cls : 1.655, total : 1.655 
 {acc} cls : 71.88
[61/61 iteration of epoch 25/50] 
 {loss} cls : 1.727, total : 1.727 
 {acc} cls : 86.72
------------------------------
<Losses on train> cls : 1.327, total : 1.327
<Accuracies on train> cls : 77.74
Train epoch time: 164.844
------------------------------
<Accuracies on val> class : 78.85
------------------------------
<Accuracies on test> class : 54.98
------------------------------
<Accuracies on Art> test class : 51.96
------------------------------
<Accuracies on Clipart> test class : 41.86
------------------------------
<Accuracies on Product> test class : 69.54
------------------------------
Total epoch time: 261.482

New epoch - lr: 0.003
[1/61 iteration of epoch 26/50] 
 {loss} cls : 0.244, total : 0.244 
 {acc} cls : 100.00
[31/61 iteration of epoch 26/50] 
 {loss} cls : 1.756, total : 1.756 
 {acc} cls : 58.59
[61/61 iteration of epoch 26/50] 
 {loss} cls : 1.607, total : 1.607 
 {acc} cls : 87.50
------------------------------
<Losses on train> cls : 1.339, total : 1.339
<Accuracies on train> cls : 74.78
Train epoch time: 169.052
------------------------------
<Accuracies on val> class : 77.47
------------------------------
<Accuracies on test> class : 54.60
------------------------------
<Accuracies on Art> test class : 51.46
------------------------------
<Accuracies on Clipart> test class : 40.89
------------------------------
<Accuracies on Product> test class : 69.79
------------------------------
Total epoch time: 265.998

New epoch - lr: 0.003
[1/61 iteration of epoch 27/50] 
 {loss} cls : 0.336, total : 0.336 
 {acc} cls : 100.00
[31/61 iteration of epoch 27/50] 
 {loss} cls : 1.841, total : 1.841 
 {acc} cls : 60.94
[61/61 iteration of epoch 27/50] 
 {loss} cls : 1.141, total : 1.141 
 {acc} cls : 96.88
------------------------------
<Losses on train> cls : 1.451, total : 1.451
<Accuracies on train> cls : 67.85
Train epoch time: 171.703
------------------------------
<Accuracies on val> class : 77.01
------------------------------
<Accuracies on test> class : 53.95
------------------------------
<Accuracies on Art> test class : 50.64
------------------------------
<Accuracies on Clipart> test class : 40.02
------------------------------
<Accuracies on Product> test class : 69.45
------------------------------
Total epoch time: 268.406

New epoch - lr: 0.003
[1/61 iteration of epoch 28/50] 
 {loss} cls : 1.619, total : 1.619 
 {acc} cls : 75.78
[31/61 iteration of epoch 28/50] 
 {loss} cls : 1.444, total : 1.444 
 {acc} cls : 96.88
[61/61 iteration of epoch 28/50] 
 {loss} cls : 1.698, total : 1.698 
 {acc} cls : 5.47
------------------------------
<Losses on train> cls : 1.290, total : 1.290
<Accuracies on train> cls : 76.20
Train epoch time: 168.202
------------------------------
<Accuracies on val> class : 77.70
------------------------------
<Accuracies on test> class : 53.98
------------------------------
<Accuracies on Art> test class : 51.38
------------------------------
<Accuracies on Clipart> test class : 39.47
------------------------------
<Accuracies on Product> test class : 69.66
------------------------------
Total epoch time: 265.477

New epoch - lr: 0.003
[1/61 iteration of epoch 29/50] 
 {loss} cls : 1.791, total : 1.791 
 {acc} cls : 3.12
[31/61 iteration of epoch 29/50] 
 {loss} cls : 1.762, total : 1.762 
 {acc} cls : 47.66
[61/61 iteration of epoch 29/50] 
 {loss} cls : 0.487, total : 0.487 
 {acc} cls : 99.22
------------------------------
<Losses on train> cls : 1.360, total : 1.360
<Accuracies on train> cls : 76.79
Train epoch time: 164.354
------------------------------
<Accuracies on val> class : 77.24
------------------------------
<Accuracies on test> class : 54.52
------------------------------
<Accuracies on Art> test class : 53.28
------------------------------
<Accuracies on Clipart> test class : 40.09
------------------------------
<Accuracies on Product> test class : 69.38
------------------------------
Total epoch time: 262.628

New epoch - lr: 0.003
[1/61 iteration of epoch 30/50] 
 {loss} cls : 1.872, total : 1.872 
 {acc} cls : 15.62
[31/61 iteration of epoch 30/50] 
 {loss} cls : 1.036, total : 1.036 
 {acc} cls : 98.44
[61/61 iteration of epoch 30/50] 
 {loss} cls : 1.414, total : 1.414 
 {acc} cls : 90.62
------------------------------
<Losses on train> cls : 1.412, total : 1.412
<Accuracies on train> cls : 70.11
Train epoch time: 168.263
------------------------------
<Accuracies on val> class : 78.62
------------------------------
<Accuracies on test> class : 53.72
------------------------------
<Accuracies on Art> test class : 51.09
------------------------------
<Accuracies on Clipart> test class : 39.77
------------------------------
<Accuracies on Product> test class : 68.87
------------------------------
Total epoch time: 265.254

New epoch - lr: 0.003
[1/61 iteration of epoch 31/50] 
 {loss} cls : 1.398, total : 1.398 
 {acc} cls : 94.53
[31/61 iteration of epoch 31/50] 
 {loss} cls : 1.634, total : 1.634 
 {acc} cls : 80.47
[61/61 iteration of epoch 31/50] 
 {loss} cls : 1.596, total : 1.596 
 {acc} cls : 83.59
------------------------------
<Losses on train> cls : 1.325, total : 1.325
<Accuracies on train> cls : 76.10
Train epoch time: 165.003
------------------------------
<Accuracies on val> class : 78.85
------------------------------
<Accuracies on test> class : 54.64
------------------------------
<Accuracies on Art> test class : 52.12
------------------------------
<Accuracies on Clipart> test class : 41.28
------------------------------
<Accuracies on Product> test class : 69.16
------------------------------
Total epoch time: 262.865

New epoch - lr: 0.003
[1/61 iteration of epoch 32/50] 
 {loss} cls : 0.633, total : 0.633 
 {acc} cls : 100.00
[31/61 iteration of epoch 32/50] 
 {loss} cls : 0.511, total : 0.511 
 {acc} cls : 100.00
[61/61 iteration of epoch 32/50] 
 {loss} cls : 1.559, total : 1.559 
 {acc} cls : 67.97
------------------------------
<Losses on train> cls : 1.309, total : 1.309
<Accuracies on train> cls : 72.00
Train epoch time: 172.461
------------------------------
<Accuracies on val> class : 79.54
------------------------------
<Accuracies on test> class : 54.94
------------------------------
<Accuracies on Art> test class : 51.75
------------------------------
<Accuracies on Clipart> test class : 41.47
------------------------------
<Accuracies on Product> test class : 69.93
------------------------------
Total epoch time: 285.090

New epoch - lr: 0.003
[1/61 iteration of epoch 33/50] 
 {loss} cls : 1.530, total : 1.530 
 {acc} cls : 89.06
[31/61 iteration of epoch 33/50] 
 {loss} cls : 1.178, total : 1.178 
 {acc} cls : 98.44
[61/61 iteration of epoch 33/50] 
 {loss} cls : 1.857, total : 1.857 
 {acc} cls : 6.25
------------------------------
<Losses on train> cls : 1.413, total : 1.413
<Accuracies on train> cls : 70.17
Train epoch time: 179.271
------------------------------
<Accuracies on val> class : 76.32
------------------------------
<Accuracies on test> class : 54.95
------------------------------
<Accuracies on Art> test class : 52.33
------------------------------
<Accuracies on Clipart> test class : 39.82
------------------------------
<Accuracies on Product> test class : 71.25
------------------------------
Total epoch time: 291.371

New epoch - lr: 0.003
[1/61 iteration of epoch 34/50] 
 {loss} cls : 1.060, total : 1.060 
 {acc} cls : 99.22
[31/61 iteration of epoch 34/50] 
 {loss} cls : 1.631, total : 1.631 
 {acc} cls : 76.56
[61/61 iteration of epoch 34/50] 
 {loss} cls : 1.439, total : 1.439 
 {acc} cls : 92.19
------------------------------
<Losses on train> cls : 1.400, total : 1.400
<Accuracies on train> cls : 74.65
Train epoch time: 177.410
------------------------------
<Accuracies on val> class : 78.85
------------------------------
<Accuracies on test> class : 55.12
------------------------------
<Accuracies on Art> test class : 50.47
------------------------------
<Accuracies on Clipart> test class : 41.63
------------------------------
<Accuracies on Product> test class : 70.94
------------------------------
Total epoch time: 290.886

New epoch - lr: 0.003
[1/61 iteration of epoch 35/50] 
 {loss} cls : 1.083, total : 1.083 
 {acc} cls : 97.66
[31/61 iteration of epoch 35/50] 
 {loss} cls : 1.512, total : 1.512 
 {acc} cls : 85.16
[61/61 iteration of epoch 35/50] 
 {loss} cls : 0.492, total : 0.492 
 {acc} cls : 100.00
------------------------------
<Losses on train> cls : 1.324, total : 1.324
<Accuracies on train> cls : 70.61
Train epoch time: 174.308
------------------------------
<Accuracies on val> class : 78.85
------------------------------
<Accuracies on test> class : 54.19
------------------------------
<Accuracies on Art> test class : 51.75
------------------------------
<Accuracies on Clipart> test class : 39.68
------------------------------
<Accuracies on Product> test class : 69.79
------------------------------
Total epoch time: 289.482

New epoch - lr: 0.003
[1/61 iteration of epoch 36/50] 
 {loss} cls : 1.386, total : 1.386 
 {acc} cls : 89.06
[31/61 iteration of epoch 36/50] 
 {loss} cls : 1.666, total : 1.666 
 {acc} cls : 3.91
[61/61 iteration of epoch 36/50] 
 {loss} cls : 1.504, total : 1.504 
 {acc} cls : 91.41
------------------------------
<Losses on train> cls : 1.415, total : 1.415
<Accuracies on train> cls : 68.62
Train epoch time: 176.930
------------------------------
<Accuracies on val> class : 78.39
------------------------------
<Accuracies on test> class : 55.16
------------------------------
<Accuracies on Art> test class : 52.12
------------------------------
<Accuracies on Clipart> test class : 40.76
------------------------------
<Accuracies on Product> test class : 70.98
------------------------------
Total epoch time: 288.560

New epoch - lr: 0.003
[1/61 iteration of epoch 37/50] 
 {loss} cls : 1.824, total : 1.824 
 {acc} cls : 13.28
[31/61 iteration of epoch 37/50] 
 {loss} cls : 0.347, total : 0.347 
 {acc} cls : 100.00
[61/61 iteration of epoch 37/50] 
 {loss} cls : 1.786, total : 1.786 
 {acc} cls : 10.16
------------------------------
<Losses on train> cls : 1.277, total : 1.277
<Accuracies on train> cls : 75.22
Train epoch time: 180.620
------------------------------
<Accuracies on val> class : 77.47
------------------------------
<Accuracies on test> class : 54.88
------------------------------
<Accuracies on Art> test class : 52.04
------------------------------
<Accuracies on Clipart> test class : 41.58
------------------------------
<Accuracies on Product> test class : 69.52
------------------------------
Total epoch time: 291.192

New epoch - lr: 0.003
[1/61 iteration of epoch 38/50] 
 {loss} cls : 1.461, total : 1.461 
 {acc} cls : 89.06
[31/61 iteration of epoch 38/50] 
 {loss} cls : 1.823, total : 1.823 
 {acc} cls : 33.59
[61/61 iteration of epoch 38/50] 
 {loss} cls : 1.828, total : 1.828 
 {acc} cls : 4.69
------------------------------
<Losses on train> cls : 1.459, total : 1.459
<Accuracies on train> cls : 65.20
Train epoch time: 182.684
------------------------------
<Accuracies on val> class : 79.08
------------------------------
<Accuracies on test> class : 54.03
------------------------------
<Accuracies on Art> test class : 51.17
------------------------------
<Accuracies on Clipart> test class : 40.39
------------------------------
<Accuracies on Product> test class : 69.00
------------------------------
Total epoch time: 293.295

New epoch - lr: 0.003
[1/61 iteration of epoch 39/50] 
 {loss} cls : 1.737, total : 1.737 
 {acc} cls : 21.88
[31/61 iteration of epoch 39/50] 
 {loss} cls : 0.601, total : 0.601 
 {acc} cls : 99.22
[61/61 iteration of epoch 39/50] 
 {loss} cls : 1.172, total : 1.172 
 {acc} cls : 99.22
------------------------------
<Losses on train> cls : 1.330, total : 1.330
<Accuracies on train> cls : 75.32
Train epoch time: 177.999
------------------------------
<Accuracies on val> class : 79.54
------------------------------
<Accuracies on test> class : 54.64
------------------------------
<Accuracies on Art> test class : 52.41
------------------------------
<Accuracies on Clipart> test class : 39.56
------------------------------
<Accuracies on Product> test class : 70.69
------------------------------
Total epoch time: 282.625

New epoch - lr: 0.003
[1/61 iteration of epoch 40/50] 
 {loss} cls : 1.544, total : 1.544 
 {acc} cls : 82.81
[31/61 iteration of epoch 40/50] 
 {loss} cls : 1.841, total : 1.841 
 {acc} cls : 2.34
[61/61 iteration of epoch 40/50] 
 {loss} cls : 1.633, total : 1.633 
 {acc} cls : 23.44
------------------------------
<Losses on train> cls : 1.325, total : 1.325
<Accuracies on train> cls : 69.30
Train epoch time: 184.010
------------------------------
<Accuracies on val> class : 79.08
------------------------------
<Accuracies on test> class : 54.37
------------------------------
<Accuracies on Art> test class : 51.71
------------------------------
<Accuracies on Clipart> test class : 39.43
------------------------------
<Accuracies on Product> test class : 70.51
------------------------------
Total epoch time: 285.888

New epoch - lr: 0.003
[1/61 iteration of epoch 41/50] 
 {loss} cls : 1.088, total : 1.088 
 {acc} cls : 99.22
[31/61 iteration of epoch 41/50] 
 {loss} cls : 1.410, total : 1.410 
 {acc} cls : 93.75
[61/61 iteration of epoch 41/50] 
 {loss} cls : 1.791, total : 1.791 
 {acc} cls : 34.38
------------------------------
<Losses on train> cls : 1.281, total : 1.281
<Accuracies on train> cls : 74.33
Train epoch time: 186.641
------------------------------
<Accuracies on val> class : 77.93
------------------------------
<Accuracies on test> class : 54.22
------------------------------
<Accuracies on Art> test class : 51.50
------------------------------
<Accuracies on Clipart> test class : 40.39
------------------------------
<Accuracies on Product> test class : 69.29
------------------------------
Total epoch time: 288.250

New epoch - lr: 0.003
[1/61 iteration of epoch 42/50] 
 {loss} cls : 1.379, total : 1.379 
 {acc} cls : 68.75
[31/61 iteration of epoch 42/50] 
 {loss} cls : 1.412, total : 1.412 
 {acc} cls : 90.62
[61/61 iteration of epoch 42/50] 
 {loss} cls : 1.572, total : 1.572 
 {acc} cls : 54.69
------------------------------
<Losses on train> cls : 1.305, total : 1.305
<Accuracies on train> cls : 72.64
Train epoch time: 185.682
------------------------------
<Accuracies on val> class : 78.85
------------------------------
<Accuracies on test> class : 55.04
------------------------------
<Accuracies on Art> test class : 51.34
------------------------------
<Accuracies on Clipart> test class : 40.82
------------------------------
<Accuracies on Product> test class : 71.05
------------------------------
Total epoch time: 289.725

New epoch - lr: 0.003
[1/61 iteration of epoch 43/50] 
 {loss} cls : 0.808, total : 0.808 
 {acc} cls : 100.00
[31/61 iteration of epoch 43/50] 
 {loss} cls : 1.804, total : 1.804 
 {acc} cls : 22.66
[61/61 iteration of epoch 43/50] 
 {loss} cls : 1.730, total : 1.730 
 {acc} cls : 35.94
------------------------------
<Losses on train> cls : 1.354, total : 1.354
<Accuracies on train> cls : 70.11
Train epoch time: 189.760
------------------------------
<Accuracies on val> class : 78.85
------------------------------
<Accuracies on test> class : 53.97
------------------------------
<Accuracies on Art> test class : 51.09
------------------------------
<Accuracies on Clipart> test class : 40.00
------------------------------
<Accuracies on Product> test class : 69.27
------------------------------
Total epoch time: 291.695

New epoch - lr: 0.003
[1/61 iteration of epoch 44/50] 
 {loss} cls : 1.516, total : 1.516 
 {acc} cls : 81.25
[31/61 iteration of epoch 44/50] 
 {loss} cls : 1.601, total : 1.601 
 {acc} cls : 12.50
[61/61 iteration of epoch 44/50] 
 {loss} cls : 1.317, total : 1.317 
 {acc} cls : 94.53
------------------------------
<Losses on train> cls : 1.295, total : 1.295
<Accuracies on train> cls : 74.82
Train epoch time: 191.332
------------------------------
<Accuracies on val> class : 78.39
------------------------------
<Accuracies on test> class : 53.85
------------------------------
<Accuracies on Art> test class : 51.92
------------------------------
<Accuracies on Clipart> test class : 39.36
------------------------------
<Accuracies on Product> test class : 69.16
------------------------------
Total epoch time: 292.228

New epoch - lr: 0.0009000000000000002
[1/61 iteration of epoch 45/50] 
 {loss} cls : 1.610, total : 1.610 
 {acc} cls : 48.44
[31/61 iteration of epoch 45/50] 
 {loss} cls : 1.571, total : 1.571 
 {acc} cls : 39.06
[61/61 iteration of epoch 45/50] 
 {loss} cls : 0.851, total : 0.851 
 {acc} cls : 99.22
------------------------------
<Losses on train> cls : 1.266, total : 1.266
<Accuracies on train> cls : 70.98
Train epoch time: 189.020
------------------------------
<Accuracies on val> class : 79.31
------------------------------
<Accuracies on test> class : 54.50
------------------------------
<Accuracies on Art> test class : 52.29
------------------------------
<Accuracies on Clipart> test class : 40.64
------------------------------
<Accuracies on Product> test class : 69.34
------------------------------
Total epoch time: 293.077

New epoch - lr: 0.0009000000000000002
[1/61 iteration of epoch 46/50] 
 {loss} cls : 1.567, total : 1.567 
 {acc} cls : 53.91
[31/61 iteration of epoch 46/50] 
 {loss} cls : 1.221, total : 1.221 
 {acc} cls : 92.97
[61/61 iteration of epoch 46/50] 
 {loss} cls : 1.577, total : 1.577 
 {acc} cls : 41.41
------------------------------
<Losses on train> cls : 1.331, total : 1.331
<Accuracies on train> cls : 72.46
Train epoch time: 184.342
------------------------------
<Accuracies on val> class : 79.08
------------------------------
<Accuracies on test> class : 54.71
------------------------------
<Accuracies on Art> test class : 52.33
------------------------------
<Accuracies on Clipart> test class : 40.50
------------------------------
<Accuracies on Product> test class : 69.97
------------------------------
Total epoch time: 286.322

New epoch - lr: 0.0009000000000000002
[1/61 iteration of epoch 47/50] 
 {loss} cls : 1.063, total : 1.063 
 {acc} cls : 99.22
[31/61 iteration of epoch 47/50] 
 {loss} cls : 0.881, total : 0.881 
 {acc} cls : 98.44
[61/61 iteration of epoch 47/50] 
 {loss} cls : 1.972, total : 1.972 
 {acc} cls : 17.19
------------------------------
<Losses on train> cls : 1.273, total : 1.273
<Accuracies on train> cls : 69.35
Train epoch time: 192.536
------------------------------
<Accuracies on val> class : 78.85
------------------------------
<Accuracies on test> class : 54.05
------------------------------
<Accuracies on Art> test class : 52.16
------------------------------
<Accuracies on Clipart> test class : 39.73
------------------------------
<Accuracies on Product> test class : 69.16
------------------------------
Total epoch time: 294.205

New epoch - lr: 0.0009000000000000002
[1/61 iteration of epoch 48/50] 
 {loss} cls : 1.426, total : 1.426 
 {acc} cls : 76.56
[31/61 iteration of epoch 48/50] 
 {loss} cls : 0.623, total : 0.623 
 {acc} cls : 99.22
[61/61 iteration of epoch 48/50] 
 {loss} cls : 1.086, total : 1.086 
 {acc} cls : 99.22
------------------------------
<Losses on train> cls : 1.271, total : 1.271
<Accuracies on train> cls : 77.22
Train epoch time: 187.434
------------------------------
<Accuracies on val> class : 79.31
------------------------------
<Accuracies on test> class : 54.60
------------------------------
<Accuracies on Art> test class : 52.33
------------------------------
<Accuracies on Clipart> test class : 40.05
------------------------------
<Accuracies on Product> test class : 70.15
------------------------------
Total epoch time: 290.620

New epoch - lr: 0.0009000000000000002
[1/61 iteration of epoch 49/50] 
 {loss} cls : 1.701, total : 1.701 
 {acc} cls : 7.81
[31/61 iteration of epoch 49/50] 
 {loss} cls : 0.595, total : 0.595 
 {acc} cls : 100.00
[61/61 iteration of epoch 49/50] 
 {loss} cls : 1.308, total : 1.308 
 {acc} cls : 94.53
------------------------------
<Losses on train> cls : 1.312, total : 1.312
<Accuracies on train> cls : 66.94
Train epoch time: 189.527
------------------------------
<Accuracies on val> class : 79.77
------------------------------
<Accuracies on test> class : 54.88
------------------------------
<Accuracies on Art> test class : 52.20
------------------------------
<Accuracies on Clipart> test class : 41.05
------------------------------
<Accuracies on Product> test class : 69.95
------------------------------
Total epoch time: 291.348

New epoch - lr: 0.0009000000000000002
[1/61 iteration of epoch 50/50] 
 {loss} cls : 1.075, total : 1.075 
 {acc} cls : 100.00
[31/61 iteration of epoch 50/50] 
 {loss} cls : 1.611, total : 1.611 
 {acc} cls : 30.47
[61/61 iteration of epoch 50/50] 
 {loss} cls : 1.379, total : 1.379 
 {acc} cls : 88.28
------------------------------
<Losses on train> cls : 1.193, total : 1.193
<Accuracies on train> cls : 74.83
Train epoch time: 195.388
------------------------------
<Accuracies on val> class : 78.85
------------------------------
<Accuracies on test> class : 54.40
------------------------------
<Accuracies on Art> test class : 52.20
------------------------------
<Accuracies on Clipart> test class : 40.37
------------------------------
<Accuracies on Product> test class : 69.41
------------------------------
Total epoch time: 297.287

******************************
Best val 0.804598, corresponding test 0.555961 - best test: 0.563084

******************************
Best val 0.8045976758003235, corresponding Art test 0.532756507396698

******************************
Best val 0.8045976758003235, corresponding Clipart test 0.42588773369789124

******************************
Best val 0.8045976758003235, corresponding Product test 0.6965532898902893
