
Loading experiment PACS/ResNet18_step

Sample Strategy: all

New epoch - lr: 0.003
[1/32 iteration of epoch 1/30] 
 {loss} cls : 2.134, total : 2.134 
 {acc} cls : 10.94
[31/32 iteration of epoch 1/30] 
 {loss} cls : 0.223, total : 0.223 
 {acc} cls : 91.41
------------------------------
<Losses on train> cls : 1.219, total : 1.219
<Accuracies on train> cls : 71.53
Train epoch time: 56.428
------------------------------
<Accuracies on val> class : 85.65
------------------------------
<Accuracies on test> class : 73.22
------------------------------
<Accuracies on photo> test class : 91.38
------------------------------
<Accuracies on art_painting> test class : 73.24
------------------------------
<Accuracies on sketch> test class : 65.49
------------------------------
Total epoch time: 85.639

New epoch - lr: 0.003
[1/32 iteration of epoch 2/30] 
 {loss} cls : 0.298, total : 0.298 
 {acc} cls : 92.97
[31/32 iteration of epoch 2/30] 
 {loss} cls : 0.185, total : 0.185 
 {acc} cls : 95.31
------------------------------
<Losses on train> cls : 0.171, total : 0.171
<Accuracies on train> cls : 94.34
Train epoch time: 43.198
------------------------------
<Accuracies on val> class : 91.14
------------------------------
<Accuracies on test> class : 73.34
------------------------------
<Accuracies on photo> test class : 90.78
------------------------------
<Accuracies on art_painting> test class : 73.00
------------------------------
<Accuracies on sketch> test class : 66.10
------------------------------
Total epoch time: 71.261

New epoch - lr: 0.003
[1/32 iteration of epoch 3/30] 
 {loss} cls : 0.295, total : 0.295 
 {acc} cls : 92.19
[31/32 iteration of epoch 3/30] 
 {loss} cls : 0.053, total : 0.053 
 {acc} cls : 96.88
------------------------------
<Losses on train> cls : 0.110, total : 0.110
<Accuracies on train> cls : 96.22
Train epoch time: 36.022
------------------------------
<Accuracies on val> class : 92.83
------------------------------
<Accuracies on test> class : 73.18
------------------------------
<Accuracies on photo> test class : 91.14
------------------------------
<Accuracies on art_painting> test class : 73.10
------------------------------
<Accuracies on sketch> test class : 65.59
------------------------------
Total epoch time: 63.946

New epoch - lr: 0.003
[1/32 iteration of epoch 4/30] 
 {loss} cls : 0.079, total : 0.079 
 {acc} cls : 97.66
[31/32 iteration of epoch 4/30] 
 {loss} cls : 0.036, total : 0.036 
 {acc} cls : 100.00
------------------------------
<Losses on train> cls : 0.073, total : 0.073
<Accuracies on train> cls : 97.49
Train epoch time: 31.863
------------------------------
<Accuracies on val> class : 91.56
------------------------------
<Accuracies on test> class : 73.69
------------------------------
<Accuracies on photo> test class : 90.72
------------------------------
<Accuracies on art_painting> test class : 71.29
------------------------------
<Accuracies on sketch> test class : 67.70
------------------------------
Total epoch time: 58.430

New epoch - lr: 0.003
[1/32 iteration of epoch 5/30] 
 {loss} cls : 0.040, total : 0.040 
 {acc} cls : 98.44
[31/32 iteration of epoch 5/30] 
 {loss} cls : 0.101, total : 0.101 
 {acc} cls : 96.88
------------------------------
<Losses on train> cls : 0.070, total : 0.070
<Accuracies on train> cls : 97.71
Train epoch time: 29.261
------------------------------
<Accuracies on val> class : 92.83
------------------------------
<Accuracies on test> class : 73.64
------------------------------
<Accuracies on photo> test class : 91.20
------------------------------
<Accuracies on art_painting> test class : 74.61
------------------------------
<Accuracies on sketch> test class : 65.67
------------------------------
Total epoch time: 57.358

New epoch - lr: 0.003
[1/32 iteration of epoch 6/30] 
 {loss} cls : 0.036, total : 0.036 
 {acc} cls : 97.66
[31/32 iteration of epoch 6/30] 
 {loss} cls : 0.034, total : 0.034 
 {acc} cls : 98.44
------------------------------
<Losses on train> cls : 0.043, total : 0.043
<Accuracies on train> cls : 98.68
Train epoch time: 25.962
------------------------------
<Accuracies on val> class : 92.83
------------------------------
<Accuracies on test> class : 71.68
------------------------------
<Accuracies on photo> test class : 92.04
------------------------------
<Accuracies on art_painting> test class : 73.63
------------------------------
<Accuracies on sketch> test class : 62.00
------------------------------
Total epoch time: 54.430

New epoch - lr: 0.003
[1/32 iteration of epoch 7/30] 
 {loss} cls : 0.017, total : 0.017 
 {acc} cls : 100.00
[31/32 iteration of epoch 7/30] 
 {loss} cls : 0.090, total : 0.090 
 {acc} cls : 96.88
------------------------------
<Losses on train> cls : 0.034, total : 0.034
<Accuracies on train> cls : 98.78
Train epoch time: 25.157
------------------------------
<Accuracies on val> class : 92.83
------------------------------
<Accuracies on test> class : 72.84
------------------------------
<Accuracies on photo> test class : 91.44
------------------------------
<Accuracies on art_painting> test class : 73.97
------------------------------
<Accuracies on sketch> test class : 64.34
------------------------------
Total epoch time: 53.142

New epoch - lr: 0.003
[1/32 iteration of epoch 8/30] 
 {loss} cls : 0.020, total : 0.020 
 {acc} cls : 99.22
[31/32 iteration of epoch 8/30] 
 {loss} cls : 0.013, total : 0.013 
 {acc} cls : 100.00
------------------------------
<Losses on train> cls : 0.032, total : 0.032
<Accuracies on train> cls : 98.85
Train epoch time: 24.693
------------------------------
<Accuracies on val> class : 94.09
------------------------------
<Accuracies on test> class : 73.36
------------------------------
<Accuracies on photo> test class : 90.06
------------------------------
<Accuracies on art_painting> test class : 72.41
------------------------------
<Accuracies on sketch> test class : 66.76
------------------------------
Total epoch time: 51.744

New epoch - lr: 0.003
[1/32 iteration of epoch 9/30] 
 {loss} cls : 0.014, total : 0.014 
 {acc} cls : 100.00
[31/32 iteration of epoch 9/30] 
 {loss} cls : 0.028, total : 0.028 
 {acc} cls : 98.44
------------------------------
<Losses on train> cls : 0.026, total : 0.026
<Accuracies on train> cls : 99.10
Train epoch time: 24.313
------------------------------
<Accuracies on val> class : 92.83
------------------------------
<Accuracies on test> class : 75.73
------------------------------
<Accuracies on photo> test class : 91.50
------------------------------
<Accuracies on art_painting> test class : 74.90
------------------------------
<Accuracies on sketch> test class : 69.46
------------------------------
Total epoch time: 51.819

New epoch - lr: 0.003
[1/32 iteration of epoch 10/30] 
 {loss} cls : 0.022, total : 0.022 
 {acc} cls : 98.44
[31/32 iteration of epoch 10/30] 
 {loss} cls : 0.010, total : 0.010 
 {acc} cls : 100.00
------------------------------
<Losses on train> cls : 0.020, total : 0.020
<Accuracies on train> cls : 99.37
Train epoch time: 23.343
------------------------------
<Accuracies on val> class : 93.25
------------------------------
<Accuracies on test> class : 76.59
------------------------------
<Accuracies on photo> test class : 91.38
------------------------------
<Accuracies on art_painting> test class : 74.07
------------------------------
<Accuracies on sketch> test class : 71.62
------------------------------
Total epoch time: 51.319

New epoch - lr: 0.003
[1/32 iteration of epoch 11/30] 
 {loss} cls : 0.028, total : 0.028 
 {acc} cls : 99.22
[31/32 iteration of epoch 11/30] 
 {loss} cls : 0.032, total : 0.032 
 {acc} cls : 99.22
------------------------------
<Losses on train> cls : 0.021, total : 0.021
<Accuracies on train> cls : 99.46
Train epoch time: 21.684
------------------------------
<Accuracies on val> class : 94.09
------------------------------
<Accuracies on test> class : 72.96
------------------------------
<Accuracies on photo> test class : 90.06
------------------------------
<Accuracies on art_painting> test class : 73.19
------------------------------
<Accuracies on sketch> test class : 65.56
------------------------------
Total epoch time: 51.616

New epoch - lr: 0.003
[1/32 iteration of epoch 12/30] 
 {loss} cls : 0.025, total : 0.025 
 {acc} cls : 98.44
[31/32 iteration of epoch 12/30] 
 {loss} cls : 0.008, total : 0.008 
 {acc} cls : 100.00
------------------------------
<Losses on train> cls : 0.017, total : 0.017
<Accuracies on train> cls : 99.37
Train epoch time: 21.502
------------------------------
<Accuracies on val> class : 92.41
------------------------------
<Accuracies on test> class : 74.21
------------------------------
<Accuracies on photo> test class : 89.46
------------------------------
<Accuracies on art_painting> test class : 72.36
------------------------------
<Accuracies on sketch> test class : 68.69
------------------------------
Total epoch time: 50.690

New epoch - lr: 0.003
[1/32 iteration of epoch 13/30] 
 {loss} cls : 0.002, total : 0.002 
 {acc} cls : 100.00
[31/32 iteration of epoch 13/30] 
 {loss} cls : 0.006, total : 0.006 
 {acc} cls : 100.00
------------------------------
<Losses on train> cls : 0.015, total : 0.015
<Accuracies on train> cls : 99.58
Train epoch time: 21.491
------------------------------
<Accuracies on val> class : 92.83
------------------------------
<Accuracies on test> class : 74.07
------------------------------
<Accuracies on photo> test class : 90.66
------------------------------
<Accuracies on art_painting> test class : 76.12
------------------------------
<Accuracies on sketch> test class : 65.95
------------------------------
Total epoch time: 50.581

New epoch - lr: 0.003
[1/32 iteration of epoch 14/30] 
 {loss} cls : 0.009, total : 0.009 
 {acc} cls : 100.00
[31/32 iteration of epoch 14/30] 
 {loss} cls : 0.019, total : 0.019 
 {acc} cls : 98.44
------------------------------
<Losses on train> cls : 0.018, total : 0.018
<Accuracies on train> cls : 99.46
Train epoch time: 22.286
------------------------------
<Accuracies on val> class : 94.51
------------------------------
<Accuracies on test> class : 73.00
------------------------------
<Accuracies on photo> test class : 91.44
------------------------------
<Accuracies on art_painting> test class : 76.17
------------------------------
<Accuracies on sketch> test class : 63.50
------------------------------
Total epoch time: 50.962

New epoch - lr: 0.003
[1/32 iteration of epoch 15/30] 
 {loss} cls : 0.008, total : 0.008 
 {acc} cls : 100.00
[31/32 iteration of epoch 15/30] 
 {loss} cls : 0.003, total : 0.003 
 {acc} cls : 100.00
------------------------------
<Losses on train> cls : 0.016, total : 0.016
<Accuracies on train> cls : 99.54
Train epoch time: 22.533
------------------------------
<Accuracies on val> class : 93.25
------------------------------
<Accuracies on test> class : 74.92
------------------------------
<Accuracies on photo> test class : 90.60
------------------------------
<Accuracies on art_painting> test class : 75.15
------------------------------
<Accuracies on sketch> test class : 68.13
------------------------------
Total epoch time: 49.796

New epoch - lr: 0.003
[1/32 iteration of epoch 16/30] 
 {loss} cls : 0.004, total : 0.004 
 {acc} cls : 100.00
[31/32 iteration of epoch 16/30] 
 {loss} cls : 0.004, total : 0.004 
 {acc} cls : 100.00
------------------------------
<Losses on train> cls : 0.011, total : 0.011
<Accuracies on train> cls : 99.76
Train epoch time: 22.678
------------------------------
<Accuracies on val> class : 94.51
------------------------------
<Accuracies on test> class : 74.84
------------------------------
<Accuracies on photo> test class : 91.20
------------------------------
<Accuracies on art_painting> test class : 76.86
------------------------------
<Accuracies on sketch> test class : 66.84
------------------------------
Total epoch time: 50.752

New epoch - lr: 0.003
[1/32 iteration of epoch 17/30] 
 {loss} cls : 0.011, total : 0.011 
 {acc} cls : 100.00
[31/32 iteration of epoch 17/30] 
 {loss} cls : 0.012, total : 0.012 
 {acc} cls : 99.22
------------------------------
<Losses on train> cls : 0.010, total : 0.010
<Accuracies on train> cls : 99.73
Train epoch time: 22.689
------------------------------
<Accuracies on val> class : 94.09
------------------------------
<Accuracies on test> class : 73.28
------------------------------
<Accuracies on photo> test class : 90.60
------------------------------
<Accuracies on art_painting> test class : 74.90
------------------------------
<Accuracies on sketch> test class : 65.08
------------------------------
Total epoch time: 51.856

New epoch - lr: 0.003
[1/32 iteration of epoch 18/30] 
 {loss} cls : 0.007, total : 0.007 
 {acc} cls : 100.00
[31/32 iteration of epoch 18/30] 
 {loss} cls : 0.016, total : 0.016 
 {acc} cls : 99.22
------------------------------
<Losses on train> cls : 0.009, total : 0.009
<Accuracies on train> cls : 99.76
Train epoch time: 22.727
------------------------------
<Accuracies on val> class : 92.83
------------------------------
<Accuracies on test> class : 72.94
------------------------------
<Accuracies on photo> test class : 90.12
------------------------------
<Accuracies on art_painting> test class : 73.68
------------------------------
<Accuracies on sketch> test class : 65.26
------------------------------
Total epoch time: 51.799

New epoch - lr: 0.003
[1/32 iteration of epoch 19/30] 
 {loss} cls : 0.007, total : 0.007 
 {acc} cls : 100.00
[31/32 iteration of epoch 19/30] 
 {loss} cls : 0.007, total : 0.007 
 {acc} cls : 100.00
------------------------------
<Losses on train> cls : 0.012, total : 0.012
<Accuracies on train> cls : 99.61
Train epoch time: 21.102
------------------------------
<Accuracies on val> class : 94.09
------------------------------
<Accuracies on test> class : 74.74
------------------------------
<Accuracies on photo> test class : 90.12
------------------------------
<Accuracies on art_painting> test class : 75.44
------------------------------
<Accuracies on sketch> test class : 67.83
------------------------------
Total epoch time: 50.646

New epoch - lr: 0.003
[1/32 iteration of epoch 20/30] 
 {loss} cls : 0.002, total : 0.002 
 {acc} cls : 100.00
[31/32 iteration of epoch 20/30] 
 {loss} cls : 0.003, total : 0.003 
 {acc} cls : 100.00
------------------------------
<Losses on train> cls : 0.008, total : 0.008
<Accuracies on train> cls : 99.83
Train epoch time: 20.911
------------------------------
<Accuracies on val> class : 94.51
------------------------------
<Accuracies on test> class : 74.37
------------------------------
<Accuracies on photo> test class : 90.78
------------------------------
<Accuracies on art_painting> test class : 74.37
------------------------------
<Accuracies on sketch> test class : 67.40
------------------------------
Total epoch time: 50.651

New epoch - lr: 0.003
[1/32 iteration of epoch 21/30] 
 {loss} cls : 0.004, total : 0.004 
 {acc} cls : 100.00
[31/32 iteration of epoch 21/30] 
 {loss} cls : 0.005, total : 0.005 
 {acc} cls : 100.00
------------------------------
<Losses on train> cls : 0.008, total : 0.008
<Accuracies on train> cls : 99.80
Train epoch time: 21.099
------------------------------
<Accuracies on val> class : 93.67
------------------------------
<Accuracies on test> class : 74.66
------------------------------
<Accuracies on photo> test class : 91.20
------------------------------
<Accuracies on art_painting> test class : 75.98
------------------------------
<Accuracies on sketch> test class : 66.94
------------------------------
Total epoch time: 50.022

New epoch - lr: 0.003
[1/32 iteration of epoch 22/30] 
 {loss} cls : 0.002, total : 0.002 
 {acc} cls : 100.00
[31/32 iteration of epoch 22/30] 
 {loss} cls : 0.001, total : 0.001 
 {acc} cls : 100.00
------------------------------
<Losses on train> cls : 0.007, total : 0.007
<Accuracies on train> cls : 99.76
Train epoch time: 21.596
------------------------------
<Accuracies on val> class : 94.09
------------------------------
<Accuracies on test> class : 75.23
------------------------------
<Accuracies on photo> test class : 91.74
------------------------------
<Accuracies on art_painting> test class : 76.42
------------------------------
<Accuracies on sketch> test class : 67.60
------------------------------
Total epoch time: 50.140

New epoch - lr: 0.003
[1/32 iteration of epoch 23/30] 
 {loss} cls : 0.002, total : 0.002 
 {acc} cls : 100.00
[31/32 iteration of epoch 23/30] 
 {loss} cls : 0.002, total : 0.002 
 {acc} cls : 100.00
------------------------------
<Losses on train> cls : 0.006, total : 0.006
<Accuracies on train> cls : 99.83
Train epoch time: 22.115
------------------------------
<Accuracies on val> class : 95.36
------------------------------
<Accuracies on test> class : 74.21
------------------------------
<Accuracies on photo> test class : 90.12
------------------------------
<Accuracies on art_painting> test class : 73.29
------------------------------
<Accuracies on sketch> test class : 67.93
------------------------------
Total epoch time: 50.550

New epoch - lr: 0.003
[1/32 iteration of epoch 24/30] 
 {loss} cls : 0.005, total : 0.005 
 {acc} cls : 100.00
[31/32 iteration of epoch 24/30] 
 {loss} cls : 0.015, total : 0.015 
 {acc} cls : 99.22
------------------------------
<Losses on train> cls : 0.008, total : 0.008
<Accuracies on train> cls : 99.78
Train epoch time: 22.603
------------------------------
<Accuracies on val> class : 94.51
------------------------------
<Accuracies on test> class : 74.24
------------------------------
<Accuracies on photo> test class : 90.54
------------------------------
<Accuracies on art_painting> test class : 74.02
------------------------------
<Accuracies on sketch> test class : 67.42
------------------------------
Total epoch time: 51.112

New epoch - lr: 0.003
[1/32 iteration of epoch 25/30] 
 {loss} cls : 0.004, total : 0.004 
 {acc} cls : 100.00
[31/32 iteration of epoch 25/30] 
 {loss} cls : 0.003, total : 0.003 
 {acc} cls : 100.00
------------------------------
<Losses on train> cls : 0.005, total : 0.005
<Accuracies on train> cls : 99.85
Train epoch time: 23.260
------------------------------
<Accuracies on val> class : 94.51
------------------------------
<Accuracies on test> class : 73.72
------------------------------
<Accuracies on photo> test class : 90.30
------------------------------
<Accuracies on art_painting> test class : 73.10
------------------------------
<Accuracies on sketch> test class : 66.99
------------------------------
Total epoch time: 51.258

New epoch - lr: 0.003
[1/32 iteration of epoch 26/30] 
 {loss} cls : 0.010, total : 0.010 
 {acc} cls : 100.00
[31/32 iteration of epoch 26/30] 
 {loss} cls : 0.022, total : 0.022 
 {acc} cls : 98.44
------------------------------
<Losses on train> cls : 0.004, total : 0.004
<Accuracies on train> cls : 99.88
Train epoch time: 21.978
------------------------------
<Accuracies on val> class : 93.67
------------------------------
<Accuracies on test> class : 73.85
------------------------------
<Accuracies on photo> test class : 90.72
------------------------------
<Accuracies on art_painting> test class : 74.22
------------------------------
<Accuracies on sketch> test class : 66.48
------------------------------
Total epoch time: 50.665

New epoch - lr: 0.0009000000000000002
[1/32 iteration of epoch 27/30] 
 {loss} cls : 0.001, total : 0.001 
 {acc} cls : 100.00
[31/32 iteration of epoch 27/30] 
 {loss} cls : 0.002, total : 0.002 
 {acc} cls : 100.00
------------------------------
<Losses on train> cls : 0.004, total : 0.004
<Accuracies on train> cls : 99.95
Train epoch time: 21.703
------------------------------
<Accuracies on val> class : 94.51
------------------------------
<Accuracies on test> class : 73.85
------------------------------
<Accuracies on photo> test class : 90.90
------------------------------
<Accuracies on art_painting> test class : 74.02
------------------------------
<Accuracies on sketch> test class : 66.51
------------------------------
Total epoch time: 50.820

New epoch - lr: 0.0009000000000000002
[1/32 iteration of epoch 28/30] 
 {loss} cls : 0.002, total : 0.002 
 {acc} cls : 100.00
[31/32 iteration of epoch 28/30] 
 {loss} cls : 0.002, total : 0.002 
 {acc} cls : 100.00
------------------------------
<Losses on train> cls : 0.005, total : 0.005
<Accuracies on train> cls : 99.88
Train epoch time: 20.481
------------------------------
<Accuracies on val> class : 94.51
------------------------------
<Accuracies on test> class : 73.34
------------------------------
<Accuracies on photo> test class : 90.84
------------------------------
<Accuracies on art_painting> test class : 74.12
------------------------------
<Accuracies on sketch> test class : 65.49
------------------------------
Total epoch time: 48.497

New epoch - lr: 0.0009000000000000002
[1/32 iteration of epoch 29/30] 
 {loss} cls : 0.001, total : 0.001 
 {acc} cls : 100.00
[31/32 iteration of epoch 29/30] 
 {loss} cls : 0.002, total : 0.002 
 {acc} cls : 100.00
------------------------------
<Losses on train> cls : 0.005, total : 0.005
<Accuracies on train> cls : 99.88
Train epoch time: 20.307
------------------------------
<Accuracies on val> class : 94.51
------------------------------
<Accuracies on test> class : 74.12
------------------------------
<Accuracies on photo> test class : 90.84
------------------------------
<Accuracies on art_painting> test class : 74.51
------------------------------
<Accuracies on sketch> test class : 66.81
------------------------------
Total epoch time: 48.364

New epoch - lr: 0.0009000000000000002
[1/32 iteration of epoch 30/30] 
 {loss} cls : 0.001, total : 0.001 
 {acc} cls : 100.00
[31/32 iteration of epoch 30/30] 
 {loss} cls : 0.004, total : 0.004 
 {acc} cls : 100.00
------------------------------
<Losses on train> cls : 0.004, total : 0.004
<Accuracies on train> cls : 99.93
Train epoch time: 20.824
------------------------------
<Accuracies on val> class : 94.51
------------------------------
<Accuracies on test> class : 74.67
------------------------------
<Accuracies on photo> test class : 91.08
------------------------------
<Accuracies on art_painting> test class : 75.34
------------------------------
<Accuracies on sketch> test class : 67.35
------------------------------
Total epoch time: 47.796

******************************
Best val 0.953587, corresponding test 0.742121 - best test: 0.765921

******************************
Best val 0.9535865187644958, corresponding photo test 0.901197612285614

******************************
Best val 0.9535865187644958, corresponding art_painting test 0.73291015625

******************************
Best val 0.9535865187644958, corresponding sketch test 0.6793076992034912
