Exclude2 CIRL
WARNING:tensorflow:From /homes/55/jianhaoy/projects/EKI/utils/tf_logger.py:16: The name tf.summary.FileWriter is deprecated. Please use tf.compat.v1.summary.FileWriter instead.

WARNING:tensorflow:From /homes/55/jianhaoy/projects/EKI/utils/tf_logger.py:20: The name tf.Summary is deprecated. Please use tf.compat.v1.Summary instead.


Loading experiment PACS/ResNet18_multi

Train: ['/datasets/jianhaoy/PACSC/multi_labels2/photo-cartoon/photo_train.txt', '/datasets/jianhaoy/PACSC/multi_labels2/photo-cartoon/cartoon_train.txt', '/datasets/jianhaoy/PACSC/multi_labels2/photo-cartoon/art_painting_train.txt']

New epoch - lr: 0.001
[1/196 iteration of epoch 1/50] 
 {loss} sup : 2.194, inf : 2.094, fac : 0.189, total : 2.150 
 {acc} sup : 13.67, inf : 16.80
[31/196 iteration of epoch 1/50] 
 {loss} sup : 0.862, inf : 0.865, fac : 0.132, total : 0.868 
 {acc} sup : 70.31, inf : 70.31
[61/196 iteration of epoch 1/50] 
 {loss} sup : 0.642, inf : 0.630, fac : 0.115, total : 0.640 
 {acc} sup : 77.34, inf : 77.34
[91/196 iteration of epoch 1/50] 
 {loss} sup : 0.501, inf : 0.488, fac : 0.098, total : 0.498 
 {acc} sup : 82.03, inf : 81.25
[121/196 iteration of epoch 1/50] 
 {loss} sup : 0.488, inf : 0.488, fac : 0.092, total : 0.491 
 {acc} sup : 81.25, inf : 81.64
[151/196 iteration of epoch 1/50] 
 {loss} sup : 0.464, inf : 0.461, fac : 0.093, total : 0.466 
 {acc} sup : 82.81, inf : 83.20
[181/196 iteration of epoch 1/50] 
 {loss} sup : 0.419, inf : 0.419, fac : 0.091, total : 0.422 
 {acc} sup : 84.77, inf : 84.77
------------------------------
<Losses on train> sup : 0.642, inf : 0.645, fac : 0.113, total : 0.647
<Accuracies on train> sup : 77.17, inf : 76.89
Train epoch time: 637.722
------------------------------
<Accuracies on val> class : 84.74
------------------------------
<Accuracies on test> class : 76.88
------------------------------
Total epoch time: 645.068

New epoch - lr: 0.001
[1/196 iteration of epoch 2/50] 
 {loss} sup : 0.460, inf : 0.469, fac : 0.077, total : 0.480 
 {acc} sup : 84.38, inf : 83.98
[31/196 iteration of epoch 2/50] 
 {loss} sup : 0.349, inf : 0.362, fac : 0.070, total : 0.370 
 {acc} sup : 86.33, inf : 86.33
[61/196 iteration of epoch 2/50] 
 {loss} sup : 0.352, inf : 0.347, fac : 0.063, total : 0.362 
 {acc} sup : 87.50, inf : 86.72
[91/196 iteration of epoch 2/50] 
 {loss} sup : 0.527, inf : 0.521, fac : 0.066, total : 0.538 
 {acc} sup : 79.30, inf : 79.30
[121/196 iteration of epoch 2/50] 
 {loss} sup : 0.354, inf : 0.350, fac : 0.070, total : 0.366 
 {acc} sup : 87.50, inf : 87.50
[151/196 iteration of epoch 2/50] 
 {loss} sup : 0.366, inf : 0.366, fac : 0.054, total : 0.377 
 {acc} sup : 86.72, inf : 85.55
[181/196 iteration of epoch 2/50] 
 {loss} sup : 0.375, inf : 0.369, fac : 0.052, total : 0.383 
 {acc} sup : 88.28, inf : 88.67
------------------------------
<Losses on train> sup : 0.382, inf : 0.382, fac : 0.062, total : 0.395
<Accuracies on train> sup : 85.48, inf : 85.56
Train epoch time: 630.003
------------------------------
<Accuracies on val> class : 87.99
------------------------------
<Accuracies on test> class : 79.95
------------------------------
Total epoch time: 637.066

New epoch - lr: 0.001
[1/196 iteration of epoch 3/50] 
 {loss} sup : 0.391, inf : 0.392, fac : 0.046, total : 0.429 
 {acc} sup : 85.55, inf : 84.77
[31/196 iteration of epoch 3/50] 
 {loss} sup : 0.307, inf : 0.312, fac : 0.050, total : 0.351 
 {acc} sup : 85.55, inf : 84.77
[61/196 iteration of epoch 3/50] 
 {loss} sup : 0.340, inf : 0.345, fac : 0.046, total : 0.381 
 {acc} sup : 87.50, inf : 87.11
[91/196 iteration of epoch 3/50] 
 {loss} sup : 0.374, inf : 0.372, fac : 0.043, total : 0.409 
 {acc} sup : 85.55, inf : 87.11
[121/196 iteration of epoch 3/50] 
 {loss} sup : 0.476, inf : 0.484, fac : 0.045, total : 0.517 
 {acc} sup : 82.03, inf : 82.03
[151/196 iteration of epoch 3/50] 
 {loss} sup : 0.277, inf : 0.275, fac : 0.032, total : 0.303 
 {acc} sup : 92.19, inf : 91.80
[181/196 iteration of epoch 3/50] 
 {loss} sup : 0.317, inf : 0.316, fac : 0.035, total : 0.345 
 {acc} sup : 89.45, inf : 88.28
------------------------------
<Losses on train> sup : 0.343, inf : 0.343, fac : 0.039, total : 0.375
<Accuracies on train> sup : 86.95, inf : 86.90
Train epoch time: 632.400
------------------------------
<Accuracies on val> class : 88.80
------------------------------
<Accuracies on test> class : 81.95
------------------------------
Total epoch time: 639.633

New epoch - lr: 0.001
[1/196 iteration of epoch 4/50] 
 {loss} sup : 0.338, inf : 0.342, fac : 0.049, total : 0.450 
 {acc} sup : 86.72, inf : 86.72
[31/196 iteration of epoch 4/50] 
 {loss} sup : 0.296, inf : 0.297, fac : 0.027, total : 0.357 
 {acc} sup : 90.62, inf : 89.84
[61/196 iteration of epoch 4/50] 
 {loss} sup : 0.293, inf : 0.298, fac : 0.024, total : 0.348 
 {acc} sup : 86.72, inf : 86.33
[91/196 iteration of epoch 4/50] 
 {loss} sup : 0.309, inf : 0.304, fac : 0.016, total : 0.343 
 {acc} sup : 85.55, inf : 85.16
[121/196 iteration of epoch 4/50] 
 {loss} sup : 0.335, inf : 0.343, fac : 0.020, total : 0.384 
 {acc} sup : 84.77, inf : 84.77
[151/196 iteration of epoch 4/50] 
 {loss} sup : 0.387, inf : 0.383, fac : 0.023, total : 0.436 
 {acc} sup : 85.55, inf : 85.94
[181/196 iteration of epoch 4/50] 
 {loss} sup : 0.354, inf : 0.356, fac : 0.020, total : 0.399 
 {acc} sup : 85.94, inf : 86.33
------------------------------
<Losses on train> sup : 0.316, inf : 0.316, fac : 0.022, total : 0.365
<Accuracies on train> sup : 87.92, inf : 87.87
Train epoch time: 640.219
------------------------------
<Accuracies on val> class : 90.42
------------------------------
<Accuracies on test> class : 82.64
------------------------------
Total epoch time: 647.444

New epoch - lr: 0.001
[1/196 iteration of epoch 5/50] 
 {loss} sup : 0.346, inf : 0.352, fac : 0.023, total : 0.442 
 {acc} sup : 85.94, inf : 85.55
[31/196 iteration of epoch 5/50] 
 {loss} sup : 0.249, inf : 0.250, fac : 0.012, total : 0.297 
 {acc} sup : 88.67, inf : 88.67
[61/196 iteration of epoch 5/50] 
 {loss} sup : 0.257, inf : 0.258, fac : 0.009, total : 0.295 
 {acc} sup : 91.02, inf : 91.41
[91/196 iteration of epoch 5/50] 
 {loss} sup : 0.292, inf : 0.297, fac : 0.009, total : 0.333 
 {acc} sup : 88.28, inf : 88.28
[121/196 iteration of epoch 5/50] 
 {loss} sup : 0.354, inf : 0.359, fac : 0.010, total : 0.397 
 {acc} sup : 85.94, inf : 84.38
[151/196 iteration of epoch 5/50] 
 {loss} sup : 0.337, inf : 0.335, fac : 0.010, total : 0.375 
 {acc} sup : 85.16, inf : 85.55
[181/196 iteration of epoch 5/50] 
 {loss} sup : 0.327, inf : 0.327, fac : 0.014, total : 0.382 
 {acc} sup : 89.84, inf : 88.67
------------------------------
<Losses on train> sup : 0.297, inf : 0.297, fac : 0.013, total : 0.349
<Accuracies on train> sup : 88.45, inf : 88.51
Train epoch time: 633.731
------------------------------
<Accuracies on val> class : 89.61
------------------------------
<Accuracies on test> class : 82.34
------------------------------
Total epoch time: 640.294

New epoch - lr: 0.001
[1/196 iteration of epoch 6/50] 
 {loss} sup : 0.305, inf : 0.308, fac : 0.008, total : 0.348 
 {acc} sup : 89.45, inf : 89.06
[31/196 iteration of epoch 6/50] 
 {loss} sup : 0.215, inf : 0.217, fac : 0.007, total : 0.253 
 {acc} sup : 92.19, inf : 92.19
[61/196 iteration of epoch 6/50] 
 {loss} sup : 0.458, inf : 0.461, fac : 0.008, total : 0.498 
 {acc} sup : 82.81, inf : 82.42
[91/196 iteration of epoch 6/50] 
 {loss} sup : 0.291, inf : 0.288, fac : 0.006, total : 0.318 
 {acc} sup : 87.89, inf : 87.89
[121/196 iteration of epoch 6/50] 
 {loss} sup : 0.183, inf : 0.181, fac : 0.008, total : 0.224 
 {acc} sup : 92.19, inf : 92.58
[151/196 iteration of epoch 6/50] 
 {loss} sup : 0.319, inf : 0.317, fac : 0.007, total : 0.355 
 {acc} sup : 88.67, inf : 88.67
[181/196 iteration of epoch 6/50] 
 {loss} sup : 0.242, inf : 0.241, fac : 0.012, total : 0.300 
 {acc} sup : 91.41, inf : 91.41
------------------------------
<Losses on train> sup : 0.287, inf : 0.287, fac : 0.009, total : 0.329
<Accuracies on train> sup : 89.12, inf : 89.14
Train epoch time: 637.746
------------------------------
<Accuracies on val> class : 89.77
------------------------------
<Accuracies on test> class : 83.58
------------------------------
Total epoch time: 644.856

New epoch - lr: 0.001
[1/196 iteration of epoch 7/50] 
 {loss} sup : 0.450, inf : 0.316, fac : 0.009, total : 0.430 
 {acc} sup : 86.72, inf : 87.89
[31/196 iteration of epoch 7/50] 
 {loss} sup : 0.451, inf : 0.344, fac : 0.011, total : 0.455 
 {acc} sup : 86.33, inf : 86.33
[61/196 iteration of epoch 7/50] 
 {loss} sup : 0.363, inf : 0.275, fac : 0.007, total : 0.355 
 {acc} sup : 89.84, inf : 89.06
[91/196 iteration of epoch 7/50] 
 {loss} sup : 0.299, inf : 0.196, fac : 0.008, total : 0.287 
 {acc} sup : 91.80, inf : 94.14
[121/196 iteration of epoch 7/50] 
 {loss} sup : 0.388, inf : 0.341, fac : 0.006, total : 0.393 
 {acc} sup : 84.77, inf : 85.55
[151/196 iteration of epoch 7/50] 
 {loss} sup : 0.413, inf : 0.327, fac : 0.009, total : 0.415 
 {acc} sup : 87.89, inf : 87.89
[181/196 iteration of epoch 7/50] 
 {loss} sup : 0.236, inf : 0.166, fac : 0.008, total : 0.240 
 {acc} sup : 90.62, inf : 92.58
------------------------------
<Losses on train> sup : 0.381, inf : 0.304, fac : 0.007, total : 0.377
<Accuracies on train> sup : 87.82, inf : 88.74
Train epoch time: 630.661
------------------------------
<Accuracies on val> class : 89.94
------------------------------
<Accuracies on test> class : 84.30
------------------------------
Total epoch time: 637.270

New epoch - lr: 0.001
[1/196 iteration of epoch 8/50] 
 {loss} sup : 0.345, inf : 0.304, fac : 0.008, total : 0.362 
 {acc} sup : 89.45, inf : 87.89
[31/196 iteration of epoch 8/50] 
 {loss} sup : 0.338, inf : 0.291, fac : 0.007, total : 0.348 
 {acc} sup : 88.67, inf : 87.50
[61/196 iteration of epoch 8/50] 
 {loss} sup : 0.456, inf : 0.394, fac : 0.007, total : 0.459 
 {acc} sup : 82.81, inf : 83.98
[91/196 iteration of epoch 8/50] 
 {loss} sup : 0.345, inf : 0.306, fac : 0.005, total : 0.351 
 {acc} sup : 87.50, inf : 85.55
[121/196 iteration of epoch 8/50] 
 {loss} sup : 0.416, inf : 0.382, fac : 0.005, total : 0.426 
 {acc} sup : 85.55, inf : 85.16
[151/196 iteration of epoch 8/50] 
 {loss} sup : 0.280, inf : 0.254, fac : 0.003, total : 0.284 
 {acc} sup : 91.41, inf : 91.80
[181/196 iteration of epoch 8/50] 
 {loss} sup : 0.352, inf : 0.327, fac : 0.006, total : 0.370 
 {acc} sup : 86.72, inf : 87.89
------------------------------
<Losses on train> sup : 0.334, inf : 0.294, fac : 0.006, total : 0.344
<Accuracies on train> sup : 88.05, inf : 88.59
Train epoch time: 621.242
------------------------------
<Accuracies on val> class : 89.94
------------------------------
<Accuracies on test> class : 83.49
------------------------------
Total epoch time: 628.128

New epoch - lr: 0.001
[1/196 iteration of epoch 9/50] 
 {loss} sup : 0.397, inf : 0.346, fac : 0.007, total : 0.408 
 {acc} sup : 85.16, inf : 85.55
[31/196 iteration of epoch 9/50] 
 {loss} sup : 0.324, inf : 0.287, fac : 0.004, total : 0.327 
 {acc} sup : 87.50, inf : 87.89
[61/196 iteration of epoch 9/50] 
 {loss} sup : 0.323, inf : 0.305, fac : 0.005, total : 0.338 
 {acc} sup : 87.11, inf : 88.28
[91/196 iteration of epoch 9/50] 
 {loss} sup : 0.418, inf : 0.386, fac : 0.005, total : 0.425 
 {acc} sup : 85.94, inf : 86.72
[121/196 iteration of epoch 9/50] 
 {loss} sup : 0.400, inf : 0.365, fac : 0.005, total : 0.409 
 {acc} sup : 83.20, inf : 85.55
[151/196 iteration of epoch 9/50] 
 {loss} sup : 0.326, inf : 0.266, fac : 0.004, total : 0.317 
 {acc} sup : 88.28, inf : 89.84
[181/196 iteration of epoch 9/50] 
 {loss} sup : 0.442, inf : 0.426, fac : 0.002, total : 0.446 
 {acc} sup : 83.98, inf : 83.59
------------------------------
<Losses on train> sup : 0.314, inf : 0.284, fac : 0.005, total : 0.324
<Accuracies on train> sup : 88.67, inf : 89.16
Train epoch time: 607.316
------------------------------
<Accuracies on val> class : 90.26
------------------------------
<Accuracies on test> class : 83.92
------------------------------
Total epoch time: 614.287

New epoch - lr: 0.001
[1/196 iteration of epoch 10/50] 
 {loss} sup : 0.383, inf : 0.353, fac : 0.007, total : 0.403 
 {acc} sup : 86.33, inf : 85.16
[31/196 iteration of epoch 10/50] 
 {loss} sup : 0.330, inf : 0.330, fac : 0.005, total : 0.353 
 {acc} sup : 88.28, inf : 87.89
[61/196 iteration of epoch 10/50] 
 {loss} sup : 0.357, inf : 0.307, fac : 0.005, total : 0.358 
 {acc} sup : 88.67, inf : 89.06
[91/196 iteration of epoch 10/50] 
 {loss} sup : 0.339, inf : 0.333, fac : 0.006, total : 0.366 
 {acc} sup : 87.89, inf : 87.50
[121/196 iteration of epoch 10/50] 
 {loss} sup : 0.278, inf : 0.251, fac : 0.004, total : 0.284 
 {acc} sup : 92.19, inf : 92.58
[151/196 iteration of epoch 10/50] 
 {loss} sup : 0.319, inf : 0.327, fac : 0.004, total : 0.344 
 {acc} sup : 87.50, inf : 85.55
[181/196 iteration of epoch 10/50] 
 {loss} sup : 0.259, inf : 0.243, fac : 0.004, total : 0.269 
 {acc} sup : 90.23, inf : 89.84
------------------------------
<Losses on train> sup : 0.303, inf : 0.278, fac : 0.004, total : 0.313
<Accuracies on train> sup : 88.91, inf : 89.28
Train epoch time: 618.163
------------------------------
<Accuracies on val> class : 89.94
------------------------------
<Accuracies on test> class : 83.53
------------------------------
Total epoch time: 624.974

New epoch - lr: 0.001
[1/196 iteration of epoch 11/50] 
 {loss} sup : 0.286, inf : 0.258, fac : 0.004, total : 0.294 
 {acc} sup : 89.45, inf : 89.84
[31/196 iteration of epoch 11/50] 
 {loss} sup : 0.330, inf : 0.330, fac : 0.004, total : 0.352 
 {acc} sup : 88.28, inf : 87.11
[61/196 iteration of epoch 11/50] 
 {loss} sup : 0.369, inf : 0.331, fac : 0.004, total : 0.368 
 {acc} sup : 85.94, inf : 89.06
[91/196 iteration of epoch 11/50] 
 {loss} sup : 0.364, inf : 0.346, fac : 0.003, total : 0.372 
 {acc} sup : 84.77, inf : 85.55
[121/196 iteration of epoch 11/50] 
 {loss} sup : 0.259, inf : 0.243, fac : 0.005, total : 0.276 
 {acc} sup : 92.19, inf : 89.84
[151/196 iteration of epoch 11/50] 
 {loss} sup : 0.369, inf : 0.356, fac : 0.006, total : 0.393 
 {acc} sup : 85.55, inf : 86.33
[181/196 iteration of epoch 11/50] 
 {loss} sup : 0.280, inf : 0.252, fac : 0.004, total : 0.287 
 {acc} sup : 90.62, inf : 91.02
------------------------------
<Losses on train> sup : 0.300, inf : 0.277, fac : 0.004, total : 0.309
<Accuracies on train> sup : 88.72, inf : 89.18
Train epoch time: 620.901
------------------------------
<Accuracies on val> class : 89.29
------------------------------
<Accuracies on test> class : 83.70
------------------------------
Total epoch time: 626.958

New epoch - lr: 0.001
[1/196 iteration of epoch 12/50] 
 {loss} sup : 0.141, inf : 0.120, fac : 0.005, total : 0.156 
 {acc} sup : 95.31, inf : 95.70
[31/196 iteration of epoch 12/50] 
 {loss} sup : 0.324, inf : 0.304, fac : 0.005, total : 0.336 
 {acc} sup : 87.50, inf : 88.67
[61/196 iteration of epoch 12/50] 
 {loss} sup : 0.300, inf : 0.290, fac : 0.003, total : 0.310 
 {acc} sup : 89.45, inf : 89.84
[91/196 iteration of epoch 12/50] 
 {loss} sup : 0.297, inf : 0.279, fac : 0.002, total : 0.298 
 {acc} sup : 87.89, inf : 89.84
[121/196 iteration of epoch 12/50] 
 {loss} sup : 0.264, inf : 0.249, fac : 0.004, total : 0.279 
 {acc} sup : 91.02, inf : 91.02
[151/196 iteration of epoch 12/50] 
 {loss} sup : 0.325, inf : 0.287, fac : 0.004, total : 0.327 
 {acc} sup : 86.72, inf : 87.50
[181/196 iteration of epoch 12/50] 
 {loss} sup : 0.200, inf : 0.178, fac : 0.003, total : 0.205 
 {acc} sup : 93.75, inf : 93.75
------------------------------
<Losses on train> sup : 0.284, inf : 0.265, fac : 0.004, total : 0.294
<Accuracies on train> sup : 89.25, inf : 89.68
Train epoch time: 619.542
------------------------------
<Accuracies on val> class : 89.61
------------------------------
<Accuracies on test> class : 83.75
------------------------------
Total epoch time: 626.328

New epoch - lr: 0.001
[1/196 iteration of epoch 13/50] 
 {loss} sup : 0.260, inf : 0.221, fac : 0.003, total : 0.253 
 {acc} sup : 89.06, inf : 89.84
[31/196 iteration of epoch 13/50] 
 {loss} sup : 0.211, inf : 0.161, fac : 0.005, total : 0.212 
 {acc} sup : 91.80, inf : 93.75
[61/196 iteration of epoch 13/50] 
 {loss} sup : 0.241, inf : 0.214, fac : 0.003, total : 0.243 
 {acc} sup : 91.41, inf : 92.19
[91/196 iteration of epoch 13/50] 
 {loss} sup : 0.276, inf : 0.243, fac : 0.004, total : 0.281 
 {acc} sup : 91.80, inf : 90.62
[121/196 iteration of epoch 13/50] 
 {loss} sup : 0.261, inf : 0.244, fac : 0.002, total : 0.261 
 {acc} sup : 88.67, inf : 89.84
[151/196 iteration of epoch 13/50] 
 {loss} sup : 0.281, inf : 0.301, fac : 0.002, total : 0.303 
 {acc} sup : 88.28, inf : 89.06
[181/196 iteration of epoch 13/50] 
 {loss} sup : 0.195, inf : 0.175, fac : 0.003, total : 0.198 
 {acc} sup : 94.53, inf : 93.75
------------------------------
<Losses on train> sup : 0.278, inf : 0.261, fac : 0.004, total : 0.287
<Accuracies on train> sup : 89.45, inf : 89.78
Train epoch time: 631.710
------------------------------
<Accuracies on val> class : 88.80
------------------------------
<Accuracies on test> class : 82.98
------------------------------
Total epoch time: 638.519

New epoch - lr: 0.001
[1/196 iteration of epoch 14/50] 
 {loss} sup : 0.286, inf : 0.273, fac : 0.003, total : 0.293 
 {acc} sup : 89.45, inf : 88.67
[31/196 iteration of epoch 14/50] 
 {loss} sup : 0.277, inf : 0.251, fac : 0.004, total : 0.285 
 {acc} sup : 92.19, inf : 91.41
[61/196 iteration of epoch 14/50] 
 {loss} sup : 0.376, inf : 0.347, fac : 0.002, total : 0.374 
 {acc} sup : 85.16, inf : 86.72
[91/196 iteration of epoch 14/50] 
 {loss} sup : 0.287, inf : 0.289, fac : 0.002, total : 0.299 
 {acc} sup : 89.84, inf : 88.67
[121/196 iteration of epoch 14/50] 
 {loss} sup : 0.270, inf : 0.232, fac : 0.003, total : 0.264 
 {acc} sup : 91.41, inf : 92.58
[151/196 iteration of epoch 14/50] 
 {loss} sup : 0.189, inf : 0.188, fac : 0.003, total : 0.204 
 {acc} sup : 94.53, inf : 95.31
[181/196 iteration of epoch 14/50] 
 {loss} sup : 0.201, inf : 0.188, fac : 0.003, total : 0.211 
 {acc} sup : 91.41, inf : 92.19
------------------------------
<Losses on train> sup : 0.278, inf : 0.262, fac : 0.003, total : 0.287
<Accuracies on train> sup : 89.41, inf : 89.71
Train epoch time: 643.002
------------------------------
<Accuracies on val> class : 89.12
------------------------------
<Accuracies on test> class : 83.19
------------------------------
Total epoch time: 649.979

New epoch - lr: 0.001
[1/196 iteration of epoch 15/50] 
 {loss} sup : 0.251, inf : 0.222, fac : 0.003, total : 0.252 
 {acc} sup : 90.23, inf : 90.23
[31/196 iteration of epoch 15/50] 
 {loss} sup : 0.256, inf : 0.253, fac : 0.005, total : 0.282 
 {acc} sup : 91.02, inf : 89.45
[61/196 iteration of epoch 15/50] 
 {loss} sup : 0.230, inf : 0.217, fac : 0.003, total : 0.236 
 {acc} sup : 91.80, inf : 92.58
[91/196 iteration of epoch 15/50] 
 {loss} sup : 0.282, inf : 0.257, fac : 0.003, total : 0.285 
 {acc} sup : 89.45, inf : 92.19
[121/196 iteration of epoch 15/50] 
 {loss} sup : 0.306, inf : 0.294, fac : 0.003, total : 0.314 
 {acc} sup : 87.89, inf : 89.84
[151/196 iteration of epoch 15/50] 
 {loss} sup : 0.255, inf : 0.262, fac : 0.002, total : 0.269 
 {acc} sup : 90.62, inf : 91.41
[181/196 iteration of epoch 15/50] 
 {loss} sup : 0.336, inf : 0.323, fac : 0.004, total : 0.350 
 {acc} sup : 88.67, inf : 89.06
------------------------------
<Losses on train> sup : 0.274, inf : 0.259, fac : 0.003, total : 0.283
<Accuracies on train> sup : 89.65, inf : 89.89
Train epoch time: 645.379
------------------------------
<Accuracies on val> class : 90.26
------------------------------
<Accuracies on test> class : 83.70
------------------------------
Total epoch time: 652.175

New epoch - lr: 0.001
[1/196 iteration of epoch 16/50] 
 {loss} sup : 0.309, inf : 0.271, fac : 0.003, total : 0.305 
 {acc} sup : 86.72, inf : 87.50
[31/196 iteration of epoch 16/50] 
 {loss} sup : 0.175, inf : 0.154, fac : 0.004, total : 0.184 
 {acc} sup : 93.36, inf : 94.14
[61/196 iteration of epoch 16/50] 
 {loss} sup : 0.203, inf : 0.188, fac : 0.002, total : 0.207 
 {acc} sup : 92.19, inf : 93.36
[91/196 iteration of epoch 16/50] 
 {loss} sup : 0.262, inf : 0.225, fac : 0.002, total : 0.255 
 {acc} sup : 88.28, inf : 90.23
[121/196 iteration of epoch 16/50] 
 {loss} sup : 0.244, inf : 0.242, fac : 0.003, total : 0.257 
 {acc} sup : 91.02, inf : 91.02
[151/196 iteration of epoch 16/50] 
 {loss} sup : 0.273, inf : 0.268, fac : 0.004, total : 0.290 
 {acc} sup : 90.62, inf : 90.23
[181/196 iteration of epoch 16/50] 
 {loss} sup : 0.302, inf : 0.294, fac : 0.003, total : 0.312 
 {acc} sup : 89.06, inf : 88.28
------------------------------
<Losses on train> sup : 0.267, inf : 0.253, fac : 0.003, total : 0.276
<Accuracies on train> sup : 89.75, inf : 90.01
Train epoch time: 648.848
------------------------------
<Accuracies on val> class : 89.45
------------------------------
<Accuracies on test> class : 83.66
------------------------------
Total epoch time: 655.670

New epoch - lr: 0.001
[1/196 iteration of epoch 17/50] 
 {loss} sup : 0.296, inf : 0.279, fac : 0.002, total : 0.300 
 {acc} sup : 88.28, inf : 89.45
[31/196 iteration of epoch 17/50] 
 {loss} sup : 0.335, inf : 0.317, fac : 0.004, total : 0.347 
 {acc} sup : 87.11, inf : 87.89
[61/196 iteration of epoch 17/50] 
 {loss} sup : 0.222, inf : 0.213, fac : 0.003, total : 0.233 
 {acc} sup : 91.02, inf : 92.19
[91/196 iteration of epoch 17/50] 
 {loss} sup : 0.226, inf : 0.209, fac : 0.003, total : 0.233 
 {acc} sup : 91.41, inf : 92.19
[121/196 iteration of epoch 17/50] 
 {loss} sup : 0.200, inf : 0.187, fac : 0.005, total : 0.218 
 {acc} sup : 93.36, inf : 93.75
[151/196 iteration of epoch 17/50] 
 {loss} sup : 0.307, inf : 0.285, fac : 0.003, total : 0.310 
 {acc} sup : 88.28, inf : 89.06
[181/196 iteration of epoch 17/50] 
 {loss} sup : 0.240, inf : 0.222, fac : 0.004, total : 0.250 
 {acc} sup : 91.41, inf : 92.58
------------------------------
<Losses on train> sup : 0.267, inf : 0.254, fac : 0.003, total : 0.276
<Accuracies on train> sup : 89.60, inf : 90.00
Train epoch time: 648.530
------------------------------
<Accuracies on val> class : 88.47
------------------------------
<Accuracies on test> class : 83.32
------------------------------
Total epoch time: 655.686

New epoch - lr: 0.001
[1/196 iteration of epoch 18/50] 
 {loss} sup : 0.243, inf : 0.241, fac : 0.003, total : 0.258 
 {acc} sup : 92.19, inf : 89.45
[31/196 iteration of epoch 18/50] 
 {loss} sup : 0.190, inf : 0.182, fac : 0.003, total : 0.200 
 {acc} sup : 92.97, inf : 91.41
[61/196 iteration of epoch 18/50] 
 {loss} sup : 0.226, inf : 0.234, fac : 0.003, total : 0.244 
 {acc} sup : 92.19, inf : 90.62
[91/196 iteration of epoch 18/50] 
 {loss} sup : 0.225, inf : 0.257, fac : 0.004, total : 0.259 
 {acc} sup : 92.58, inf : 91.80
[121/196 iteration of epoch 18/50] 
 {loss} sup : 0.291, inf : 0.284, fac : 0.002, total : 0.297 
 {acc} sup : 88.67, inf : 88.28
[151/196 iteration of epoch 18/50] 
 {loss} sup : 0.259, inf : 0.259, fac : 0.005, total : 0.283 
 {acc} sup : 91.02, inf : 90.62
[181/196 iteration of epoch 18/50] 
 {loss} sup : 0.324, inf : 0.309, fac : 0.003, total : 0.331 
 {acc} sup : 86.72, inf : 87.11
------------------------------
<Losses on train> sup : 0.260, inf : 0.247, fac : 0.003, total : 0.269
<Accuracies on train> sup : 90.05, inf : 90.40
Train epoch time: 663.533
------------------------------
<Accuracies on val> class : 89.61
------------------------------
<Accuracies on test> class : 83.83
------------------------------
Total epoch time: 670.552

New epoch - lr: 0.001
[1/196 iteration of epoch 19/50] 
 {loss} sup : 0.220, inf : 0.208, fac : 0.002, total : 0.225 
 {acc} sup : 94.14, inf : 94.14
[31/196 iteration of epoch 19/50] 
 {loss} sup : 0.307, inf : 0.296, fac : 0.004, total : 0.320 
 {acc} sup : 87.11, inf : 86.72
[61/196 iteration of epoch 19/50] 
 {loss} sup : 0.299, inf : 0.300, fac : 0.004, total : 0.319 
 {acc} sup : 88.28, inf : 88.28
[91/196 iteration of epoch 19/50] 
 {loss} sup : 0.342, inf : 0.313, fac : 0.002, total : 0.338 
 {acc} sup : 85.16, inf : 85.94
[121/196 iteration of epoch 19/50] 
 {loss} sup : 0.304, inf : 0.296, fac : 0.003, total : 0.313 
 {acc} sup : 86.33, inf : 86.72
[151/196 iteration of epoch 19/50] 
 {loss} sup : 0.388, inf : 0.386, fac : 0.003, total : 0.400 
 {acc} sup : 85.55, inf : 84.77
[181/196 iteration of epoch 19/50] 
 {loss} sup : 0.251, inf : 0.229, fac : 0.002, total : 0.252 
 {acc} sup : 90.23, inf : 90.62
------------------------------
<Losses on train> sup : 0.262, inf : 0.250, fac : 0.003, total : 0.271
<Accuracies on train> sup : 90.03, inf : 90.29
Train epoch time: 642.049
------------------------------
<Accuracies on val> class : 88.96
------------------------------
<Accuracies on test> class : 83.36
------------------------------
Total epoch time: 648.465

New epoch - lr: 0.001
[1/196 iteration of epoch 20/50] 
 {loss} sup : 0.273, inf : 0.266, fac : 0.002, total : 0.280 
 {acc} sup : 89.45, inf : 89.45
[31/196 iteration of epoch 20/50] 
 {loss} sup : 0.242, inf : 0.252, fac : 0.003, total : 0.260 
 {acc} sup : 89.45, inf : 89.06
[61/196 iteration of epoch 20/50] 
 {loss} sup : 0.195, inf : 0.193, fac : 0.002, total : 0.203 
 {acc} sup : 93.36, inf : 92.58
[91/196 iteration of epoch 20/50] 
 {loss} sup : 0.271, inf : 0.265, fac : 0.002, total : 0.276 
 {acc} sup : 87.50, inf : 89.06
[121/196 iteration of epoch 20/50] 
 {loss} sup : 0.403, inf : 0.423, fac : 0.003, total : 0.427 
 {acc} sup : 85.55, inf : 85.94
[151/196 iteration of epoch 20/50] 
 {loss} sup : 0.161, inf : 0.132, fac : 0.003, total : 0.159 
 {acc} sup : 94.53, inf : 95.31
[181/196 iteration of epoch 20/50] 
 {loss} sup : 0.352, inf : 0.332, fac : 0.003, total : 0.357 
 {acc} sup : 85.55, inf : 86.33
------------------------------
<Losses on train> sup : 0.255, inf : 0.244, fac : 0.003, total : 0.263
<Accuracies on train> sup : 90.34, inf : 90.48
Train epoch time: 641.692
------------------------------
<Accuracies on val> class : 88.64
------------------------------
<Accuracies on test> class : 83.19
------------------------------
Total epoch time: 648.309

New epoch - lr: 0.001
[1/196 iteration of epoch 21/50] 
 {loss} sup : 0.314, inf : 0.325, fac : 0.003, total : 0.333 
 {acc} sup : 86.72, inf : 84.77
[31/196 iteration of epoch 21/50] 
 {loss} sup : 0.320, inf : 0.305, fac : 0.003, total : 0.330 
 {acc} sup : 86.72, inf : 86.72
[61/196 iteration of epoch 21/50] 
 {loss} sup : 0.191, inf : 0.193, fac : 0.002, total : 0.204 
 {acc} sup : 94.53, inf : 93.75
[91/196 iteration of epoch 21/50] 
 {loss} sup : 0.300, inf : 0.293, fac : 0.003, total : 0.310 
 {acc} sup : 87.11, inf : 87.50
[121/196 iteration of epoch 21/50] 
 {loss} sup : 0.158, inf : 0.155, fac : 0.003, total : 0.170 
 {acc} sup : 93.36, inf : 92.97
[151/196 iteration of epoch 21/50] 
 {loss} sup : 0.295, inf : 0.283, fac : 0.003, total : 0.304 
 {acc} sup : 87.50, inf : 88.28
[181/196 iteration of epoch 21/50] 
 {loss} sup : 0.386, inf : 0.373, fac : 0.003, total : 0.394 
 {acc} sup : 84.77, inf : 85.55
------------------------------
<Losses on train> sup : 0.252, inf : 0.242, fac : 0.003, total : 0.261
<Accuracies on train> sup : 90.22, inf : 90.47
Train epoch time: 633.163
------------------------------
<Accuracies on val> class : 88.80
------------------------------
<Accuracies on test> class : 82.64
------------------------------
Total epoch time: 639.770

New epoch - lr: 0.001
[1/196 iteration of epoch 22/50] 
 {loss} sup : 0.158, inf : 0.144, fac : 0.002, total : 0.160 
 {acc} sup : 95.31, inf : 96.48
[31/196 iteration of epoch 22/50] 
 {loss} sup : 0.233, inf : 0.240, fac : 0.003, total : 0.250 
 {acc} sup : 92.19, inf : 89.45
[61/196 iteration of epoch 22/50] 
 {loss} sup : 0.217, inf : 0.208, fac : 0.003, total : 0.228 
 {acc} sup : 91.41, inf : 91.02
[91/196 iteration of epoch 22/50] 
 {loss} sup : 0.271, inf : 0.233, fac : 0.002, total : 0.265 
 {acc} sup : 87.50, inf : 90.23
[121/196 iteration of epoch 22/50] 
 {loss} sup : 0.259, inf : 0.266, fac : 0.002, total : 0.274 
 {acc} sup : 89.84, inf : 89.45
[151/196 iteration of epoch 22/50] 
 {loss} sup : 0.240, inf : 0.219, fac : 0.002, total : 0.240 
 {acc} sup : 88.67, inf : 89.06
[181/196 iteration of epoch 22/50] 
 {loss} sup : 0.309, inf : 0.292, fac : 0.002, total : 0.310 
 {acc} sup : 87.11, inf : 87.11
------------------------------
<Losses on train> sup : 0.251, inf : 0.242, fac : 0.003, total : 0.259
<Accuracies on train> sup : 90.36, inf : 90.59
Train epoch time: 642.960
------------------------------
<Accuracies on val> class : 89.61
------------------------------
<Accuracies on test> class : 83.62
------------------------------
Total epoch time: 649.725

New epoch - lr: 0.001
[1/196 iteration of epoch 23/50] 
 {loss} sup : 0.242, inf : 0.225, fac : 0.002, total : 0.245 
 {acc} sup : 89.84, inf : 90.62
[31/196 iteration of epoch 23/50] 
 {loss} sup : 0.192, inf : 0.192, fac : 0.002, total : 0.202 
 {acc} sup : 91.02, inf : 91.02
[61/196 iteration of epoch 23/50] 
 {loss} sup : 0.248, inf : 0.238, fac : 0.003, total : 0.257 
 {acc} sup : 90.62, inf : 91.02
[91/196 iteration of epoch 23/50] 
 {loss} sup : 0.203, inf : 0.203, fac : 0.003, total : 0.216 
 {acc} sup : 91.41, inf : 90.62
[121/196 iteration of epoch 23/50] 
 {loss} sup : 0.167, inf : 0.169, fac : 0.002, total : 0.179 
 {acc} sup : 91.41, inf : 92.19
[151/196 iteration of epoch 23/50] 
 {loss} sup : 0.236, inf : 0.223, fac : 0.002, total : 0.239 
 {acc} sup : 92.58, inf : 92.58
[181/196 iteration of epoch 23/50] 
 {loss} sup : 0.230, inf : 0.209, fac : 0.003, total : 0.232 
 {acc} sup : 91.02, inf : 90.23
------------------------------
<Losses on train> sup : 0.250, inf : 0.239, fac : 0.003, total : 0.257
<Accuracies on train> sup : 90.28, inf : 90.55
Train epoch time: 640.628
------------------------------
<Accuracies on val> class : 89.12
------------------------------
<Accuracies on test> class : 83.23
------------------------------
Total epoch time: 647.341

New epoch - lr: 0.001
[1/196 iteration of epoch 24/50] 
 {loss} sup : 0.218, inf : 0.206, fac : 0.002, total : 0.223 
 {acc} sup : 92.58, inf : 91.80
[31/196 iteration of epoch 24/50] 
 {loss} sup : 0.221, inf : 0.219, fac : 0.003, total : 0.233 
 {acc} sup : 91.02, inf : 89.84
[61/196 iteration of epoch 24/50] 
 {loss} sup : 0.279, inf : 0.259, fac : 0.003, total : 0.282 
 {acc} sup : 89.84, inf : 91.02
[91/196 iteration of epoch 24/50] 
 {loss} sup : 0.328, inf : 0.324, fac : 0.002, total : 0.336 
 {acc} sup : 86.33, inf : 86.72
[121/196 iteration of epoch 24/50] 
 {loss} sup : 0.211, inf : 0.189, fac : 0.002, total : 0.212 
 {acc} sup : 92.19, inf : 92.58
[151/196 iteration of epoch 24/50] 
 {loss} sup : 0.193, inf : 0.174, fac : 0.002, total : 0.192 
 {acc} sup : 93.75, inf : 92.97
[181/196 iteration of epoch 24/50] 
 {loss} sup : 0.290, inf : 0.297, fac : 0.002, total : 0.305 
 {acc} sup : 88.67, inf : 87.50
------------------------------
<Losses on train> sup : 0.250, inf : 0.240, fac : 0.002, total : 0.257
<Accuracies on train> sup : 90.38, inf : 90.50
Train epoch time: 636.110
------------------------------
<Accuracies on val> class : 89.61
------------------------------
<Accuracies on test> class : 83.49
------------------------------
Total epoch time: 643.077

New epoch - lr: 0.001
[1/196 iteration of epoch 25/50] 
 {loss} sup : 0.223, inf : 0.211, fac : 0.002, total : 0.228 
 {acc} sup : 92.97, inf : 92.19
[31/196 iteration of epoch 25/50] 
 {loss} sup : 0.160, inf : 0.156, fac : 0.002, total : 0.169 
 {acc} sup : 93.36, inf : 92.97
[61/196 iteration of epoch 25/50] 
 {loss} sup : 0.281, inf : 0.264, fac : 0.003, total : 0.289 
 {acc} sup : 90.23, inf : 90.23
[91/196 iteration of epoch 25/50] 
 {loss} sup : 0.357, inf : 0.347, fac : 0.003, total : 0.368 
 {acc} sup : 85.94, inf : 87.11
[121/196 iteration of epoch 25/50] 
 {loss} sup : 0.181, inf : 0.171, fac : 0.003, total : 0.191 
 {acc} sup : 91.41, inf : 92.19
[151/196 iteration of epoch 25/50] 
 {loss} sup : 0.280, inf : 0.281, fac : 0.002, total : 0.290 
 {acc} sup : 89.45, inf : 88.67
[181/196 iteration of epoch 25/50] 
 {loss} sup : 0.261, inf : 0.259, fac : 0.002, total : 0.272 
 {acc} sup : 92.19, inf : 91.80
------------------------------
<Losses on train> sup : 0.246, inf : 0.237, fac : 0.002, total : 0.254
<Accuracies on train> sup : 90.47, inf : 90.74
Train epoch time: 638.226
------------------------------
<Accuracies on val> class : 88.64
------------------------------
<Accuracies on test> class : 83.58
------------------------------
Total epoch time: 645.034

New epoch - lr: 0.001
[1/196 iteration of epoch 26/50] 
 {loss} sup : 0.178, inf : 0.165, fac : 0.002, total : 0.182 
 {acc} sup : 92.58, inf : 92.97
[31/196 iteration of epoch 26/50] 
 {loss} sup : 0.220, inf : 0.203, fac : 0.002, total : 0.223 
 {acc} sup : 91.41, inf : 91.02
[61/196 iteration of epoch 26/50] 
 {loss} sup : 0.187, inf : 0.181, fac : 0.002, total : 0.195 
 {acc} sup : 92.19, inf : 92.19
[91/196 iteration of epoch 26/50] 
 {loss} sup : 0.230, inf : 0.222, fac : 0.002, total : 0.236 
 {acc} sup : 92.19, inf : 91.80
[121/196 iteration of epoch 26/50] 
 {loss} sup : 0.237, inf : 0.232, fac : 0.003, total : 0.247 
 {acc} sup : 89.45, inf : 89.06
[151/196 iteration of epoch 26/50] 
 {loss} sup : 0.180, inf : 0.160, fac : 0.002, total : 0.182 
 {acc} sup : 93.36, inf : 93.75
[181/196 iteration of epoch 26/50] 
 {loss} sup : 0.286, inf : 0.274, fac : 0.002, total : 0.292 
 {acc} sup : 88.67, inf : 88.67
------------------------------
<Losses on train> sup : 0.244, inf : 0.235, fac : 0.002, total : 0.252
<Accuracies on train> sup : 90.60, inf : 90.81
Train epoch time: 651.635
------------------------------
<Accuracies on val> class : 88.31
------------------------------
<Accuracies on test> class : 82.76
------------------------------
Total epoch time: 658.376

New epoch - lr: 0.001
[1/196 iteration of epoch 27/50] 
 {loss} sup : 0.229, inf : 0.235, fac : 0.003, total : 0.248 
 {acc} sup : 92.97, inf : 93.75
[31/196 iteration of epoch 27/50] 
 {loss} sup : 0.268, inf : 0.252, fac : 0.002, total : 0.271 
 {acc} sup : 89.45, inf : 89.06
[61/196 iteration of epoch 27/50] 
 {loss} sup : 0.298, inf : 0.286, fac : 0.002, total : 0.302 
 {acc} sup : 88.28, inf : 88.67
[91/196 iteration of epoch 27/50] 
 {loss} sup : 0.284, inf : 0.271, fac : 0.003, total : 0.293 
 {acc} sup : 88.28, inf : 88.28
[121/196 iteration of epoch 27/50] 
 {loss} sup : 0.272, inf : 0.264, fac : 0.002, total : 0.278 
 {acc} sup : 89.45, inf : 89.06
[151/196 iteration of epoch 27/50] 
 {loss} sup : 0.302, inf : 0.285, fac : 0.003, total : 0.307 
 {acc} sup : 87.89, inf : 87.89
[181/196 iteration of epoch 27/50] 
 {loss} sup : 0.316, inf : 0.322, fac : 0.003, total : 0.332 
 {acc} sup : 89.45, inf : 88.67
------------------------------
<Losses on train> sup : 0.248, inf : 0.240, fac : 0.002, total : 0.257
<Accuracies on train> sup : 90.46, inf : 90.55
Train epoch time: 657.272
------------------------------
<Accuracies on val> class : 88.47
------------------------------
<Accuracies on test> class : 83.19
------------------------------
Total epoch time: 664.101

New epoch - lr: 0.001
[1/196 iteration of epoch 28/50] 
 {loss} sup : 0.219, inf : 0.191, fac : 0.002, total : 0.214 
 {acc} sup : 92.97, inf : 94.14
[31/196 iteration of epoch 28/50] 
 {loss} sup : 0.359, inf : 0.351, fac : 0.002, total : 0.363 
 {acc} sup : 83.98, inf : 83.98
[61/196 iteration of epoch 28/50] 
 {loss} sup : 0.276, inf : 0.259, fac : 0.002, total : 0.278 
 {acc} sup : 89.84, inf : 89.84
[91/196 iteration of epoch 28/50] 
 {loss} sup : 0.221, inf : 0.234, fac : 0.005, total : 0.253 
 {acc} sup : 91.02, inf : 91.02
[121/196 iteration of epoch 28/50] 
 {loss} sup : 0.212, inf : 0.201, fac : 0.003, total : 0.224 
 {acc} sup : 91.41, inf : 91.02
[151/196 iteration of epoch 28/50] 
 {loss} sup : 0.248, inf : 0.240, fac : 0.003, total : 0.260 
 {acc} sup : 90.62, inf : 90.23
[181/196 iteration of epoch 28/50] 
 {loss} sup : 0.229, inf : 0.219, fac : 0.002, total : 0.235 
 {acc} sup : 90.23, inf : 90.23
------------------------------
<Losses on train> sup : 0.239, inf : 0.231, fac : 0.002, total : 0.247
<Accuracies on train> sup : 90.76, inf : 90.93
Train epoch time: 660.879
------------------------------
<Accuracies on val> class : 88.31
------------------------------
<Accuracies on test> class : 83.28
------------------------------
Total epoch time: 668.136

New epoch - lr: 0.001
[1/196 iteration of epoch 29/50] 
 {loss} sup : 0.259, inf : 0.253, fac : 0.002, total : 0.266 
 {acc} sup : 89.84, inf : 89.45
[31/196 iteration of epoch 29/50] 
 {loss} sup : 0.181, inf : 0.176, fac : 0.002, total : 0.189 
 {acc} sup : 93.75, inf : 94.14
[61/196 iteration of epoch 29/50] 
 {loss} sup : 0.295, inf : 0.286, fac : 0.002, total : 0.299 
 {acc} sup : 88.28, inf : 87.89
[91/196 iteration of epoch 29/50] 
 {loss} sup : 0.250, inf : 0.238, fac : 0.002, total : 0.254 
 {acc} sup : 90.62, inf : 91.41
[121/196 iteration of epoch 29/50] 
 {loss} sup : 0.167, inf : 0.154, fac : 0.002, total : 0.170 
 {acc} sup : 92.97, inf : 94.14
[151/196 iteration of epoch 29/50] 
 {loss} sup : 0.304, inf : 0.299, fac : 0.003, total : 0.317 
 {acc} sup : 88.28, inf : 87.89
[181/196 iteration of epoch 29/50] 
 {loss} sup : 0.200, inf : 0.191, fac : 0.002, total : 0.208 
 {acc} sup : 93.75, inf : 93.36
------------------------------
<Losses on train> sup : 0.237, inf : 0.230, fac : 0.002, total : 0.245
<Accuracies on train> sup : 90.68, inf : 90.92
Train epoch time: 649.166
------------------------------
<Accuracies on val> class : 88.80
------------------------------
<Accuracies on test> class : 83.75
------------------------------
Total epoch time: 655.207

New epoch - lr: 0.001
[1/196 iteration of epoch 30/50] 
 {loss} sup : 0.225, inf : 0.224, fac : 0.002, total : 0.233 
 {acc} sup : 91.02, inf : 91.02
[31/196 iteration of epoch 30/50] 
 {loss} sup : 0.317, inf : 0.300, fac : 0.002, total : 0.319 
 {acc} sup : 87.11, inf : 87.11
[61/196 iteration of epoch 30/50] 
 {loss} sup : 0.193, inf : 0.200, fac : 0.002, total : 0.206 
 {acc} sup : 94.53, inf : 92.58
[91/196 iteration of epoch 30/50] 
 {loss} sup : 0.122, inf : 0.106, fac : 0.002, total : 0.123 
 {acc} sup : 95.70, inf : 95.70
[121/196 iteration of epoch 30/50] 
 {loss} sup : 0.173, inf : 0.161, fac : 0.002, total : 0.177 
 {acc} sup : 91.80, inf : 92.58
[151/196 iteration of epoch 30/50] 
 {loss} sup : 0.228, inf : 0.215, fac : 0.003, total : 0.237 
 {acc} sup : 91.02, inf : 91.80
[181/196 iteration of epoch 30/50] 
 {loss} sup : 0.216, inf : 0.212, fac : 0.002, total : 0.222 
 {acc} sup : 92.97, inf : 93.36
------------------------------
<Losses on train> sup : 0.236, inf : 0.228, fac : 0.002, total : 0.243
<Accuracies on train> sup : 90.86, inf : 90.89
Train epoch time: 614.028
------------------------------
<Accuracies on val> class : 88.31
------------------------------
<Accuracies on test> class : 83.53
------------------------------
Total epoch time: 620.311

New epoch - lr: 0.001
[1/196 iteration of epoch 31/50] 
 {loss} sup : 0.233, inf : 0.222, fac : 0.003, total : 0.241 
 {acc} sup : 90.23, inf : 90.62
[31/196 iteration of epoch 31/50] 
 {loss} sup : 0.228, inf : 0.181, fac : 0.004, total : 0.224 
 {acc} sup : 89.84, inf : 94.53
[61/196 iteration of epoch 31/50] 
 {loss} sup : 0.181, inf : 0.176, fac : 0.002, total : 0.189 
 {acc} sup : 92.97, inf : 93.36
[91/196 iteration of epoch 31/50] 
 {loss} sup : 0.226, inf : 0.225, fac : 0.003, total : 0.238 
 {acc} sup : 90.23, inf : 91.41
[121/196 iteration of epoch 31/50] 
 {loss} sup : 0.252, inf : 0.259, fac : 0.002, total : 0.265 
 {acc} sup : 91.41, inf : 90.23
[151/196 iteration of epoch 31/50] 
 {loss} sup : 0.128, inf : 0.125, fac : 0.002, total : 0.137 
 {acc} sup : 94.53, inf : 95.31
[181/196 iteration of epoch 31/50] 
 {loss} sup : 0.271, inf : 0.259, fac : 0.002, total : 0.273 
 {acc} sup : 89.06, inf : 90.23
------------------------------
<Losses on train> sup : 0.236, inf : 0.229, fac : 0.002, total : 0.243
<Accuracies on train> sup : 90.83, inf : 91.05
Train epoch time: 615.289
------------------------------
<Accuracies on val> class : 88.31
------------------------------
<Accuracies on test> class : 83.19
------------------------------
Total epoch time: 621.852

New epoch - lr: 0.001
[1/196 iteration of epoch 32/50] 
 {loss} sup : 0.235, inf : 0.241, fac : 0.002, total : 0.245 
 {acc} sup : 90.23, inf : 90.23
[31/196 iteration of epoch 32/50] 
 {loss} sup : 0.350, inf : 0.339, fac : 0.002, total : 0.352 
 {acc} sup : 87.11, inf : 86.72
[61/196 iteration of epoch 32/50] 
 {loss} sup : 0.296, inf : 0.296, fac : 0.002, total : 0.308 
 {acc} sup : 87.11, inf : 87.11
[91/196 iteration of epoch 32/50] 
 {loss} sup : 0.306, inf : 0.301, fac : 0.002, total : 0.311 
 {acc} sup : 89.06, inf : 89.06
[121/196 iteration of epoch 32/50] 
 {loss} sup : 0.310, inf : 0.311, fac : 0.003, total : 0.323 
 {acc} sup : 86.72, inf : 87.50
[151/196 iteration of epoch 32/50] 
 {loss} sup : 0.235, inf : 0.220, fac : 0.002, total : 0.239 
 {acc} sup : 93.36, inf : 91.02
[181/196 iteration of epoch 32/50] 
 {loss} sup : 0.250, inf : 0.248, fac : 0.002, total : 0.260 
 {acc} sup : 89.84, inf : 90.23
------------------------------
<Losses on train> sup : 0.237, inf : 0.229, fac : 0.002, total : 0.244
<Accuracies on train> sup : 90.75, inf : 90.97
Train epoch time: 610.165
------------------------------
<Accuracies on val> class : 88.96
------------------------------
<Accuracies on test> class : 84.34
------------------------------
Total epoch time: 616.944

New epoch - lr: 0.001
[1/196 iteration of epoch 33/50] 
 {loss} sup : 0.271, inf : 0.267, fac : 0.003, total : 0.282 
 {acc} sup : 90.23, inf : 91.41
[31/196 iteration of epoch 33/50] 
 {loss} sup : 0.215, inf : 0.203, fac : 0.002, total : 0.218 
 {acc} sup : 90.62, inf : 91.80
[61/196 iteration of epoch 33/50] 
 {loss} sup : 0.208, inf : 0.201, fac : 0.001, total : 0.211 
 {acc} sup : 91.41, inf : 91.41
[91/196 iteration of epoch 33/50] 
 {loss} sup : 0.258, inf : 0.252, fac : 0.002, total : 0.264 
 {acc} sup : 88.28, inf : 87.50
[121/196 iteration of epoch 33/50] 
 {loss} sup : 0.233, inf : 0.209, fac : 0.002, total : 0.234 
 {acc} sup : 91.02, inf : 91.80
[151/196 iteration of epoch 33/50] 
 {loss} sup : 0.176, inf : 0.171, fac : 0.002, total : 0.184 
 {acc} sup : 92.97, inf : 93.36
[181/196 iteration of epoch 33/50] 
 {loss} sup : 0.234, inf : 0.227, fac : 0.002, total : 0.242 
 {acc} sup : 91.41, inf : 91.02
------------------------------
<Losses on train> sup : 0.234, inf : 0.226, fac : 0.002, total : 0.241
<Accuracies on train> sup : 90.84, inf : 91.03
Train epoch time: 606.151
------------------------------
<Accuracies on val> class : 87.99
------------------------------
<Accuracies on test> class : 83.49
------------------------------
Total epoch time: 612.600

New epoch - lr: 0.001
[1/196 iteration of epoch 34/50] 
 {loss} sup : 0.254, inf : 0.259, fac : 0.002, total : 0.266 
 {acc} sup : 89.84, inf : 89.45
[31/196 iteration of epoch 34/50] 
 {loss} sup : 0.200, inf : 0.186, fac : 0.003, total : 0.211 
 {acc} sup : 91.41, inf : 91.41
[61/196 iteration of epoch 34/50] 
 {loss} sup : 0.237, inf : 0.233, fac : 0.002, total : 0.246 
 {acc} sup : 90.62, inf : 89.84
[91/196 iteration of epoch 34/50] 
 {loss} sup : 0.193, inf : 0.177, fac : 0.002, total : 0.197 
 {acc} sup : 92.58, inf : 92.58
[121/196 iteration of epoch 34/50] 
 {loss} sup : 0.244, inf : 0.233, fac : 0.002, total : 0.246 
 {acc} sup : 89.06, inf : 90.23
[151/196 iteration of epoch 34/50] 
 {loss} sup : 0.277, inf : 0.278, fac : 0.002, total : 0.287 
 {acc} sup : 86.72, inf : 87.11
[181/196 iteration of epoch 34/50] 
 {loss} sup : 0.179, inf : 0.175, fac : 0.002, total : 0.188 
 {acc} sup : 91.41, inf : 91.41
------------------------------
<Losses on train> sup : 0.235, inf : 0.228, fac : 0.002, total : 0.242
<Accuracies on train> sup : 90.82, inf : 90.96
Train epoch time: 616.406
------------------------------
<Accuracies on val> class : 88.47
------------------------------
<Accuracies on test> class : 83.40
------------------------------
Total epoch time: 622.859

New epoch - lr: 0.001
[1/196 iteration of epoch 35/50] 
 {loss} sup : 0.244, inf : 0.240, fac : 0.002, total : 0.250 
 {acc} sup : 89.84, inf : 90.62
[31/196 iteration of epoch 35/50] 
 {loss} sup : 0.273, inf : 0.271, fac : 0.002, total : 0.281 
 {acc} sup : 90.62, inf : 89.84
[61/196 iteration of epoch 35/50] 
 {loss} sup : 0.129, inf : 0.117, fac : 0.002, total : 0.135 
 {acc} sup : 95.31, inf : 95.31
[91/196 iteration of epoch 35/50] 
 {loss} sup : 0.190, inf : 0.185, fac : 0.002, total : 0.197 
 {acc} sup : 92.97, inf : 92.19
[121/196 iteration of epoch 35/50] 
 {loss} sup : 0.240, inf : 0.226, fac : 0.002, total : 0.244 
 {acc} sup : 91.80, inf : 92.19
[151/196 iteration of epoch 35/50] 
 {loss} sup : 0.237, inf : 0.224, fac : 0.002, total : 0.243 
 {acc} sup : 91.41, inf : 91.80
[181/196 iteration of epoch 35/50] 
 {loss} sup : 0.159, inf : 0.154, fac : 0.002, total : 0.167 
 {acc} sup : 93.36, inf : 93.75
------------------------------
<Losses on train> sup : 0.229, inf : 0.223, fac : 0.002, total : 0.236
<Accuracies on train> sup : 91.04, inf : 91.18
Train epoch time: 608.765
------------------------------
<Accuracies on val> class : 89.12
------------------------------
<Accuracies on test> class : 83.36
------------------------------
Total epoch time: 615.131

New epoch - lr: 0.001
[1/196 iteration of epoch 36/50] 
 {loss} sup : 0.117, inf : 0.101, fac : 0.002, total : 0.118 
 {acc} sup : 95.31, inf : 94.53
[31/196 iteration of epoch 36/50] 
 {loss} sup : 0.155, inf : 0.154, fac : 0.002, total : 0.166 
 {acc} sup : 94.14, inf : 93.75
[61/196 iteration of epoch 36/50] 
 {loss} sup : 0.275, inf : 0.261, fac : 0.002, total : 0.277 
 {acc} sup : 88.28, inf : 88.28
[91/196 iteration of epoch 36/50] 
 {loss} sup : 0.161, inf : 0.154, fac : 0.003, total : 0.173 
 {acc} sup : 93.75, inf : 93.75
[121/196 iteration of epoch 36/50] 
 {loss} sup : 0.284, inf : 0.275, fac : 0.002, total : 0.287 
 {acc} sup : 87.50, inf : 87.50
[151/196 iteration of epoch 36/50] 
 {loss} sup : 0.261, inf : 0.237, fac : 0.002, total : 0.259 
 {acc} sup : 89.84, inf : 91.02
[181/196 iteration of epoch 36/50] 
 {loss} sup : 0.223, inf : 0.221, fac : 0.002, total : 0.234 
 {acc} sup : 91.80, inf : 93.36
------------------------------
<Losses on train> sup : 0.234, inf : 0.228, fac : 0.002, total : 0.241
<Accuracies on train> sup : 90.77, inf : 90.90
Train epoch time: 608.406
------------------------------
<Accuracies on val> class : 88.15
------------------------------
<Accuracies on test> class : 83.40
------------------------------
Total epoch time: 614.895

New epoch - lr: 0.001
[1/196 iteration of epoch 37/50] 
 {loss} sup : 0.345, inf : 0.345, fac : 0.002, total : 0.356 
 {acc} sup : 87.50, inf : 88.28
[31/196 iteration of epoch 37/50] 
 {loss} sup : 0.277, inf : 0.258, fac : 0.002, total : 0.277 
 {acc} sup : 89.45, inf : 89.45
[61/196 iteration of epoch 37/50] 
 {loss} sup : 0.226, inf : 0.222, fac : 0.002, total : 0.233 
 {acc} sup : 90.23, inf : 90.23
[91/196 iteration of epoch 37/50] 
 {loss} sup : 0.219, inf : 0.220, fac : 0.002, total : 0.232 
 {acc} sup : 93.75, inf : 92.97
[121/196 iteration of epoch 37/50] 
 {loss} sup : 0.248, inf : 0.250, fac : 0.002, total : 0.260 
 {acc} sup : 88.28, inf : 87.89
[151/196 iteration of epoch 37/50] 
 {loss} sup : 0.240, inf : 0.227, fac : 0.002, total : 0.245 
 {acc} sup : 89.84, inf : 89.45
[181/196 iteration of epoch 37/50] 
 {loss} sup : 0.274, inf : 0.268, fac : 0.002, total : 0.279 
 {acc} sup : 89.84, inf : 89.84
------------------------------
<Losses on train> sup : 0.232, inf : 0.227, fac : 0.002, total : 0.240
<Accuracies on train> sup : 90.93, inf : 91.02
Train epoch time: 610.246
------------------------------
<Accuracies on val> class : 90.26
------------------------------
<Accuracies on test> class : 84.43
------------------------------
Total epoch time: 617.000

New epoch - lr: 0.001
[1/196 iteration of epoch 38/50] 
 {loss} sup : 0.174, inf : 0.164, fac : 0.002, total : 0.178 
 {acc} sup : 92.19, inf : 92.97
[31/196 iteration of epoch 38/50] 
 {loss} sup : 0.162, inf : 0.159, fac : 0.002, total : 0.169 
 {acc} sup : 92.97, inf : 92.58
[61/196 iteration of epoch 38/50] 
 {loss} sup : 0.245, inf : 0.247, fac : 0.002, total : 0.256 
 {acc} sup : 88.67, inf : 88.28
[91/196 iteration of epoch 38/50] 
 {loss} sup : 0.325, inf : 0.328, fac : 0.001, total : 0.334 
 {acc} sup : 88.67, inf : 88.67
[121/196 iteration of epoch 38/50] 
 {loss} sup : 0.271, inf : 0.266, fac : 0.002, total : 0.278 
 {acc} sup : 88.67, inf : 89.45
[151/196 iteration of epoch 38/50] 
 {loss} sup : 0.222, inf : 0.217, fac : 0.002, total : 0.230 
 {acc} sup : 91.80, inf : 91.80
[181/196 iteration of epoch 38/50] 
 {loss} sup : 0.188, inf : 0.189, fac : 0.002, total : 0.201 
 {acc} sup : 91.41, inf : 93.36
------------------------------
<Losses on train> sup : 0.229, inf : 0.222, fac : 0.002, total : 0.236
<Accuracies on train> sup : 90.88, inf : 91.07
Train epoch time: 611.867
------------------------------
<Accuracies on val> class : 88.47
------------------------------
<Accuracies on test> class : 82.47
------------------------------
Total epoch time: 617.874

New epoch - lr: 0.001
[1/196 iteration of epoch 39/50] 
 {loss} sup : 0.229, inf : 0.216, fac : 0.003, total : 0.237 
 {acc} sup : 91.02, inf : 92.58
[31/196 iteration of epoch 39/50] 
 {loss} sup : 0.254, inf : 0.243, fac : 0.002, total : 0.257 
 {acc} sup : 90.23, inf : 90.23
[61/196 iteration of epoch 39/50] 
 {loss} sup : 0.194, inf : 0.180, fac : 0.003, total : 0.201 
 {acc} sup : 91.02, inf : 91.41
[91/196 iteration of epoch 39/50] 
 {loss} sup : 0.212, inf : 0.196, fac : 0.001, total : 0.211 
 {acc} sup : 91.80, inf : 93.36
[121/196 iteration of epoch 39/50] 
 {loss} sup : 0.224, inf : 0.221, fac : 0.001, total : 0.228 
 {acc} sup : 92.19, inf : 91.80
[151/196 iteration of epoch 39/50] 
 {loss} sup : 0.149, inf : 0.137, fac : 0.002, total : 0.152 
 {acc} sup : 93.75, inf : 94.14
[181/196 iteration of epoch 39/50] 
 {loss} sup : 0.242, inf : 0.238, fac : 0.002, total : 0.250 
 {acc} sup : 89.84, inf : 90.62
------------------------------
<Losses on train> sup : 0.230, inf : 0.224, fac : 0.002, total : 0.237
<Accuracies on train> sup : 91.09, inf : 91.16
Train epoch time: 667.673
------------------------------
<Accuracies on val> class : 87.82
------------------------------
<Accuracies on test> class : 83.45
------------------------------
Total epoch time: 674.331

New epoch - lr: 0.0001
[1/196 iteration of epoch 40/50] 
 {loss} sup : 0.239, inf : 0.233, fac : 0.002, total : 0.245 
 {acc} sup : 91.80, inf : 91.41
[31/196 iteration of epoch 40/50] 
 {loss} sup : 0.271, inf : 0.256, fac : 0.003, total : 0.278 
 {acc} sup : 89.45, inf : 89.84
[61/196 iteration of epoch 40/50] 
 {loss} sup : 0.215, inf : 0.204, fac : 0.003, total : 0.223 
 {acc} sup : 90.62, inf : 91.02
[91/196 iteration of epoch 40/50] 
 {loss} sup : 0.169, inf : 0.158, fac : 0.001, total : 0.171 
 {acc} sup : 92.19, inf : 92.58
[121/196 iteration of epoch 40/50] 
 {loss} sup : 0.344, inf : 0.332, fac : 0.002, total : 0.347 
 {acc} sup : 84.38, inf : 84.38
[151/196 iteration of epoch 40/50] 
 {loss} sup : 0.202, inf : 0.194, fac : 0.002, total : 0.207 
 {acc} sup : 93.36, inf : 92.58
[181/196 iteration of epoch 40/50] 
 {loss} sup : 0.239, inf : 0.234, fac : 0.002, total : 0.244 
 {acc} sup : 92.19, inf : 91.80
------------------------------
<Losses on train> sup : 0.229, inf : 0.223, fac : 0.002, total : 0.236
<Accuracies on train> sup : 90.91, inf : 91.05
Train epoch time: 647.861
------------------------------
<Accuracies on val> class : 88.64
------------------------------
<Accuracies on test> class : 83.49
------------------------------
Total epoch time: 654.003

New epoch - lr: 0.0001
[1/196 iteration of epoch 41/50] 
 {loss} sup : 0.305, inf : 0.296, fac : 0.001, total : 0.308 
 {acc} sup : 89.84, inf : 90.23
[31/196 iteration of epoch 41/50] 
 {loss} sup : 0.215, inf : 0.213, fac : 0.003, total : 0.228 
 {acc} sup : 90.62, inf : 91.02
[61/196 iteration of epoch 41/50] 
 {loss} sup : 0.314, inf : 0.316, fac : 0.002, total : 0.325 
 {acc} sup : 87.89, inf : 88.28
[91/196 iteration of epoch 41/50] 
 {loss} sup : 0.291, inf : 0.286, fac : 0.002, total : 0.299 
 {acc} sup : 88.28, inf : 88.67
[121/196 iteration of epoch 41/50] 
 {loss} sup : 0.175, inf : 0.166, fac : 0.002, total : 0.180 
 {acc} sup : 92.19, inf : 92.58
[151/196 iteration of epoch 41/50] 
 {loss} sup : 0.185, inf : 0.181, fac : 0.002, total : 0.192 
 {acc} sup : 92.97, inf : 93.36
[181/196 iteration of epoch 41/50] 
 {loss} sup : 0.264, inf : 0.258, fac : 0.002, total : 0.272 
 {acc} sup : 89.06, inf : 89.06
------------------------------
<Losses on train> sup : 0.230, inf : 0.224, fac : 0.002, total : 0.236
<Accuracies on train> sup : 91.13, inf : 91.26
Train epoch time: 638.703
------------------------------
<Accuracies on val> class : 88.80
------------------------------
<Accuracies on test> class : 83.87
------------------------------
Total epoch time: 644.970

New epoch - lr: 0.0001
[1/196 iteration of epoch 42/50] 
 {loss} sup : 0.267, inf : 0.269, fac : 0.003, total : 0.282 
 {acc} sup : 90.23, inf : 89.45
[31/196 iteration of epoch 42/50] 
 {loss} sup : 0.329, inf : 0.325, fac : 0.002, total : 0.337 
 {acc} sup : 88.28, inf : 86.72
[61/196 iteration of epoch 42/50] 
 {loss} sup : 0.237, inf : 0.242, fac : 0.002, total : 0.248 
 {acc} sup : 90.62, inf : 90.23
[91/196 iteration of epoch 42/50] 
 {loss} sup : 0.138, inf : 0.129, fac : 0.003, total : 0.147 
 {acc} sup : 94.14, inf : 94.53
[121/196 iteration of epoch 42/50] 
 {loss} sup : 0.297, inf : 0.287, fac : 0.002, total : 0.302 
 {acc} sup : 89.06, inf : 89.06
[151/196 iteration of epoch 42/50] 
 {loss} sup : 0.258, inf : 0.248, fac : 0.002, total : 0.262 
 {acc} sup : 91.02, inf : 90.62
[181/196 iteration of epoch 42/50] 
 {loss} sup : 0.271, inf : 0.284, fac : 0.002, total : 0.287 
 {acc} sup : 88.28, inf : 88.28
------------------------------
<Losses on train> sup : 0.226, inf : 0.220, fac : 0.002, total : 0.233
<Accuracies on train> sup : 91.10, inf : 91.13
Train epoch time: 641.071
------------------------------
<Accuracies on val> class : 88.31
------------------------------
<Accuracies on test> class : 83.58
------------------------------
Total epoch time: 647.205

New epoch - lr: 0.0001
[1/196 iteration of epoch 43/50] 
 {loss} sup : 0.219, inf : 0.216, fac : 0.002, total : 0.229 
 {acc} sup : 91.80, inf : 92.19
[31/196 iteration of epoch 43/50] 
 {loss} sup : 0.273, inf : 0.259, fac : 0.003, total : 0.281 
 {acc} sup : 90.62, inf : 90.23
[61/196 iteration of epoch 43/50] 
 {loss} sup : 0.328, inf : 0.329, fac : 0.003, total : 0.341 
 {acc} sup : 87.50, inf : 86.72
[91/196 iteration of epoch 43/50] 
 {loss} sup : 0.271, inf : 0.265, fac : 0.002, total : 0.277 
 {acc} sup : 88.28, inf : 88.28
[121/196 iteration of epoch 43/50] 
 {loss} sup : 0.271, inf : 0.277, fac : 0.003, total : 0.288 
 {acc} sup : 89.84, inf : 91.02
[151/196 iteration of epoch 43/50] 
 {loss} sup : 0.160, inf : 0.154, fac : 0.002, total : 0.168 
 {acc} sup : 93.75, inf : 93.36
[181/196 iteration of epoch 43/50] 
 {loss} sup : 0.297, inf : 0.293, fac : 0.002, total : 0.305 
 {acc} sup : 89.84, inf : 89.45
------------------------------
<Losses on train> sup : 0.232, inf : 0.226, fac : 0.002, total : 0.239
<Accuracies on train> sup : 90.91, inf : 91.07
Train epoch time: 640.615
------------------------------
<Accuracies on val> class : 88.80
------------------------------
<Accuracies on test> class : 83.87
------------------------------
Total epoch time: 647.116

New epoch - lr: 0.0001
[1/196 iteration of epoch 44/50] 
 {loss} sup : 0.264, inf : 0.255, fac : 0.002, total : 0.270 
 {acc} sup : 88.67, inf : 87.89
[31/196 iteration of epoch 44/50] 
 {loss} sup : 0.229, inf : 0.218, fac : 0.002, total : 0.232 
 {acc} sup : 91.80, inf : 91.41
[61/196 iteration of epoch 44/50] 
 {loss} sup : 0.225, inf : 0.224, fac : 0.002, total : 0.234 
 {acc} sup : 91.80, inf : 91.41
[91/196 iteration of epoch 44/50] 
 {loss} sup : 0.210, inf : 0.208, fac : 0.002, total : 0.218 
 {acc} sup : 92.97, inf : 92.97
[121/196 iteration of epoch 44/50] 
 {loss} sup : 0.180, inf : 0.183, fac : 0.002, total : 0.194 
 {acc} sup : 94.14, inf : 94.92
[151/196 iteration of epoch 44/50] 
 {loss} sup : 0.329, inf : 0.321, fac : 0.002, total : 0.333 
 {acc} sup : 87.50, inf : 87.89
[181/196 iteration of epoch 44/50] 
 {loss} sup : 0.261, inf : 0.243, fac : 0.002, total : 0.260 
 {acc} sup : 90.62, inf : 91.02
------------------------------
<Losses on train> sup : 0.226, inf : 0.220, fac : 0.002, total : 0.233
<Accuracies on train> sup : 91.15, inf : 91.27
Train epoch time: 644.828
------------------------------
<Accuracies on val> class : 88.64
------------------------------
<Accuracies on test> class : 83.06
------------------------------
Total epoch time: 651.324

New epoch - lr: 0.0001
[1/196 iteration of epoch 45/50] 
 {loss} sup : 0.261, inf : 0.249, fac : 0.003, total : 0.267 
 {acc} sup : 87.89, inf : 87.89
[31/196 iteration of epoch 45/50] 
 {loss} sup : 0.169, inf : 0.151, fac : 0.002, total : 0.167 
 {acc} sup : 91.80, inf : 92.58
[61/196 iteration of epoch 45/50] 
 {loss} sup : 0.227, inf : 0.228, fac : 0.002, total : 0.237 
 {acc} sup : 92.19, inf : 92.19
[91/196 iteration of epoch 45/50] 
 {loss} sup : 0.263, inf : 0.253, fac : 0.001, total : 0.265 
 {acc} sup : 89.45, inf : 90.23
[121/196 iteration of epoch 45/50] 
 {loss} sup : 0.201, inf : 0.190, fac : 0.002, total : 0.204 
 {acc} sup : 92.97, inf : 92.97
[151/196 iteration of epoch 45/50] 
 {loss} sup : 0.310, inf : 0.313, fac : 0.002, total : 0.321 
 {acc} sup : 88.28, inf : 87.11
[181/196 iteration of epoch 45/50] 
 {loss} sup : 0.274, inf : 0.269, fac : 0.002, total : 0.280 
 {acc} sup : 91.02, inf : 91.41
------------------------------
<Losses on train> sup : 0.228, inf : 0.223, fac : 0.002, total : 0.235
<Accuracies on train> sup : 91.13, inf : 91.24
Train epoch time: 631.194
------------------------------
<Accuracies on val> class : 87.99
------------------------------
<Accuracies on test> class : 83.87
------------------------------
Total epoch time: 637.246

New epoch - lr: 0.0001
[1/196 iteration of epoch 46/50] 
 {loss} sup : 0.174, inf : 0.174, fac : 0.001, total : 0.181 
 {acc} sup : 92.97, inf : 92.97
[31/196 iteration of epoch 46/50] 
 {loss} sup : 0.241, inf : 0.232, fac : 0.002, total : 0.247 
 {acc} sup : 90.62, inf : 89.84
[61/196 iteration of epoch 46/50] 
 {loss} sup : 0.242, inf : 0.235, fac : 0.002, total : 0.248 
 {acc} sup : 89.06, inf : 90.23
[91/196 iteration of epoch 46/50] 
 {loss} sup : 0.236, inf : 0.230, fac : 0.003, total : 0.247 
 {acc} sup : 91.80, inf : 91.80
[121/196 iteration of epoch 46/50] 
 {loss} sup : 0.282, inf : 0.269, fac : 0.002, total : 0.288 
 {acc} sup : 91.80, inf : 90.62
[151/196 iteration of epoch 46/50] 
 {loss} sup : 0.303, inf : 0.297, fac : 0.002, total : 0.308 
 {acc} sup : 87.50, inf : 87.89
[181/196 iteration of epoch 46/50] 
 {loss} sup : 0.149, inf : 0.136, fac : 0.001, total : 0.149 
 {acc} sup : 94.92, inf : 95.70
------------------------------
<Losses on train> sup : 0.224, inf : 0.217, fac : 0.002, total : 0.230
<Accuracies on train> sup : 91.23, inf : 91.48
Train epoch time: 595.720
------------------------------
<Accuracies on val> class : 88.31
------------------------------
<Accuracies on test> class : 83.45
------------------------------
Total epoch time: 601.591

New epoch - lr: 0.0001
[1/196 iteration of epoch 47/50] 
 {loss} sup : 0.199, inf : 0.202, fac : 0.002, total : 0.210 
 {acc} sup : 91.41, inf : 92.19
[31/196 iteration of epoch 47/50] 
 {loss} sup : 0.152, inf : 0.144, fac : 0.001, total : 0.155 
 {acc} sup : 94.53, inf : 94.53
[61/196 iteration of epoch 47/50] 
 {loss} sup : 0.157, inf : 0.153, fac : 0.002, total : 0.163 
 {acc} sup : 94.14, inf : 93.75
[91/196 iteration of epoch 47/50] 
 {loss} sup : 0.168, inf : 0.159, fac : 0.002, total : 0.173 
 {acc} sup : 93.75, inf : 94.14
[121/196 iteration of epoch 47/50] 
 {loss} sup : 0.160, inf : 0.150, fac : 0.002, total : 0.163 
 {acc} sup : 95.70, inf : 95.70
[151/196 iteration of epoch 47/50] 
 {loss} sup : 0.255, inf : 0.253, fac : 0.002, total : 0.264 
 {acc} sup : 89.84, inf : 88.67
[181/196 iteration of epoch 47/50] 
 {loss} sup : 0.344, inf : 0.345, fac : 0.002, total : 0.353 
 {acc} sup : 87.89, inf : 87.50
------------------------------
<Losses on train> sup : 0.226, inf : 0.220, fac : 0.002, total : 0.233
<Accuracies on train> sup : 91.14, inf : 91.30
Train epoch time: 669.924
------------------------------
<Accuracies on val> class : 87.99
------------------------------
<Accuracies on test> class : 82.21
------------------------------
Total epoch time: 676.004

New epoch - lr: 0.0001
[1/196 iteration of epoch 48/50] 
 {loss} sup : 0.239, inf : 0.235, fac : 0.002, total : 0.245 
 {acc} sup : 89.84, inf : 90.62
[31/196 iteration of epoch 48/50] 
 {loss} sup : 0.272, inf : 0.266, fac : 0.002, total : 0.277 
 {acc} sup : 87.89, inf : 87.89
[61/196 iteration of epoch 48/50] 
 {loss} sup : 0.194, inf : 0.187, fac : 0.002, total : 0.203 
 {acc} sup : 92.97, inf : 91.80
[91/196 iteration of epoch 48/50] 
 {loss} sup : 0.155, inf : 0.142, fac : 0.001, total : 0.156 
 {acc} sup : 93.36, inf : 93.75
[121/196 iteration of epoch 48/50] 
 {loss} sup : 0.263, inf : 0.253, fac : 0.002, total : 0.267 
 {acc} sup : 87.89, inf : 88.28
[151/196 iteration of epoch 48/50] 
 {loss} sup : 0.243, inf : 0.238, fac : 0.002, total : 0.249 
 {acc} sup : 91.80, inf : 92.58
[181/196 iteration of epoch 48/50] 
 {loss} sup : 0.161, inf : 0.154, fac : 0.002, total : 0.166 
 {acc} sup : 92.19, inf : 91.80
------------------------------
<Losses on train> sup : 0.222, inf : 0.215, fac : 0.002, total : 0.228
<Accuracies on train> sup : 91.29, inf : 91.42
Train epoch time: 644.743
------------------------------
<Accuracies on val> class : 88.15
------------------------------
<Accuracies on test> class : 83.02
------------------------------
Total epoch time: 650.654

New epoch - lr: 0.0001
[1/196 iteration of epoch 49/50] 
 {loss} sup : 0.226, inf : 0.216, fac : 0.002, total : 0.230 
 {acc} sup : 91.41, inf : 92.19
[31/196 iteration of epoch 49/50] 
 {loss} sup : 0.149, inf : 0.136, fac : 0.002, total : 0.151 
 {acc} sup : 93.36, inf : 93.75
[61/196 iteration of epoch 49/50] 
 {loss} sup : 0.134, inf : 0.130, fac : 0.002, total : 0.140 
 {acc} sup : 95.31, inf : 95.31
[91/196 iteration of epoch 49/50] 
 {loss} sup : 0.288, inf : 0.269, fac : 0.002, total : 0.289 
 {acc} sup : 87.50, inf : 87.50
[121/196 iteration of epoch 49/50] 
 {loss} sup : 0.174, inf : 0.165, fac : 0.002, total : 0.177 
 {acc} sup : 95.31, inf : 94.92
[151/196 iteration of epoch 49/50] 
 {loss} sup : 0.125, inf : 0.126, fac : 0.002, total : 0.134 
 {acc} sup : 95.70, inf : 94.92
[181/196 iteration of epoch 49/50] 
 {loss} sup : 0.222, inf : 0.220, fac : 0.002, total : 0.228 
 {acc} sup : 90.23, inf : 89.45
------------------------------
<Losses on train> sup : 0.224, inf : 0.218, fac : 0.002, total : 0.231
<Accuracies on train> sup : 91.25, inf : 91.39
Train epoch time: 638.134
------------------------------
<Accuracies on val> class : 87.99
------------------------------
<Accuracies on test> class : 82.42
------------------------------
Total epoch time: 644.528

New epoch - lr: 0.0001
[1/196 iteration of epoch 50/50] 
 {loss} sup : 0.282, inf : 0.286, fac : 0.003, total : 0.300 
 {acc} sup : 89.45, inf : 89.45
[31/196 iteration of epoch 50/50] 
 {loss} sup : 0.232, inf : 0.237, fac : 0.002, total : 0.243 
 {acc} sup : 90.23, inf : 90.23
[61/196 iteration of epoch 50/50] 
 {loss} sup : 0.302, inf : 0.302, fac : 0.002, total : 0.310 
 {acc} sup : 88.28, inf : 88.28
[91/196 iteration of epoch 50/50] 
 {loss} sup : 0.241, inf : 0.244, fac : 0.001, total : 0.249 
 {acc} sup : 91.80, inf : 92.19
[121/196 iteration of epoch 50/50] 
 {loss} sup : 0.310, inf : 0.294, fac : 0.002, total : 0.312 
 {acc} sup : 88.67, inf : 89.45
[151/196 iteration of epoch 50/50] 
 {loss} sup : 0.234, inf : 0.215, fac : 0.002, total : 0.235 
 {acc} sup : 91.41, inf : 90.23
[181/196 iteration of epoch 50/50] 
 {loss} sup : 0.109, inf : 0.110, fac : 0.002, total : 0.118 
 {acc} sup : 96.48, inf : 96.09
------------------------------
<Losses on train> sup : 0.230, inf : 0.224, fac : 0.002, total : 0.237
<Accuracies on train> sup : 90.97, inf : 91.10
Train epoch time: 626.292
------------------------------
<Accuracies on val> class : 88.15
------------------------------
<Accuracies on test> class : 82.64
------------------------------
Total epoch time: 632.472

******************************
Best val 0.844283, corresponding test 0.844283 - best test: 0.844283
