
Loading experiment PACS/ResNet18_step


New epoch - lr: 0.003
[1/110 iteration of epoch 1/30] 
 {loss} cls : 3.794, total : 3.794 
 {acc} cls : 0.00
[31/110 iteration of epoch 1/30] 
 {loss} cls : 1.885, total : 1.885 
 {acc} cls : 46.88
[61/110 iteration of epoch 1/30] 
 {loss} cls : 0.783, total : 0.783 
 {acc} cls : 56.25
[91/110 iteration of epoch 1/30] 
 {loss} cls : 0.981, total : 0.981 
 {acc} cls : 43.75
------------------------------
<Losses on train> cls : 1.570, total : 1.570
<Accuracies on train> cls : 49.32
Train epoch time: 20.878
------------------------------
<Accuracies on val> class : 84.67
------------------------------
<Accuracies on test> class : 32.58
------------------------------
<Accuracies on photo> test class : 22.93
------------------------------
<Accuracies on cartoon> test class : 48.93
------------------------------
<Accuracies on art_painting> test class : 21.73
------------------------------
Total epoch time: 43.900

New epoch - lr: 0.003
[1/110 iteration of epoch 2/30] 
 {loss} cls : 0.362, total : 0.362 
 {acc} cls : 87.50
[31/110 iteration of epoch 2/30] 
 {loss} cls : 0.756, total : 0.756 
 {acc} cls : 71.88
[61/110 iteration of epoch 2/30] 
 {loss} cls : 0.316, total : 0.316 
 {acc} cls : 90.62
[91/110 iteration of epoch 2/30] 
 {loss} cls : 0.593, total : 0.593 
 {acc} cls : 65.62
------------------------------
<Losses on train> cls : 0.559, total : 0.559
<Accuracies on train> cls : 76.70
Train epoch time: 19.804
------------------------------
<Accuracies on val> class : 93.22
------------------------------
<Accuracies on test> class : 41.03
------------------------------
<Accuracies on photo> test class : 42.63
------------------------------
<Accuracies on cartoon> test class : 46.08
------------------------------
<Accuracies on art_painting> test class : 33.94
------------------------------
Total epoch time: 42.608

New epoch - lr: 0.003
[1/110 iteration of epoch 3/30] 
 {loss} cls : 0.368, total : 0.368 
 {acc} cls : 87.50
[31/110 iteration of epoch 3/30] 
 {loss} cls : 0.272, total : 0.272 
 {acc} cls : 87.50
[61/110 iteration of epoch 3/30] 
 {loss} cls : 0.356, total : 0.356 
 {acc} cls : 78.12
[91/110 iteration of epoch 3/30] 
 {loss} cls : 0.563, total : 0.563 
 {acc} cls : 81.25
------------------------------
<Losses on train> cls : 0.365, total : 0.365
<Accuracies on train> cls : 85.31
Train epoch time: 19.187
------------------------------
<Accuracies on val> class : 92.96
------------------------------
<Accuracies on test> class : 45.51
------------------------------
<Accuracies on photo> test class : 40.30
------------------------------
<Accuracies on cartoon> test class : 52.26
------------------------------
<Accuracies on art_painting> test class : 42.04
------------------------------
Total epoch time: 43.193

New epoch - lr: 0.003
[1/110 iteration of epoch 4/30] 
 {loss} cls : 0.256, total : 0.256 
 {acc} cls : 93.75
[31/110 iteration of epoch 4/30] 
 {loss} cls : 0.252, total : 0.252 
 {acc} cls : 87.50
[61/110 iteration of epoch 4/30] 
 {loss} cls : 0.224, total : 0.224 
 {acc} cls : 93.75
[91/110 iteration of epoch 4/30] 
 {loss} cls : 0.737, total : 0.737 
 {acc} cls : 81.25
------------------------------
<Losses on train> cls : 0.272, total : 0.272
<Accuracies on train> cls : 90.91
Train epoch time: 17.860
------------------------------
<Accuracies on val> class : 91.71
------------------------------
<Accuracies on test> class : 50.30
------------------------------
<Accuracies on photo> test class : 46.47
------------------------------
<Accuracies on cartoon> test class : 57.51
------------------------------
<Accuracies on art_painting> test class : 45.17
------------------------------
Total epoch time: 43.507

New epoch - lr: 0.003
[1/110 iteration of epoch 5/30] 
 {loss} cls : 0.159, total : 0.159 
 {acc} cls : 90.62
[31/110 iteration of epoch 5/30] 
 {loss} cls : 0.138, total : 0.138 
 {acc} cls : 93.75
[61/110 iteration of epoch 5/30] 
 {loss} cls : 0.168, total : 0.168 
 {acc} cls : 96.88
[91/110 iteration of epoch 5/30] 
 {loss} cls : 0.215, total : 0.215 
 {acc} cls : 93.75
------------------------------
<Losses on train> cls : 0.213, total : 0.213
<Accuracies on train> cls : 93.01
Train epoch time: 17.321
------------------------------
<Accuracies on val> class : 91.71
------------------------------
<Accuracies on test> class : 47.48
------------------------------
<Accuracies on photo> test class : 44.79
------------------------------
<Accuracies on cartoon> test class : 55.50
------------------------------
<Accuracies on art_painting> test class : 40.48
------------------------------
Total epoch time: 44.898

New epoch - lr: 0.003
[1/110 iteration of epoch 6/30] 
 {loss} cls : 0.069, total : 0.069 
 {acc} cls : 100.00
[31/110 iteration of epoch 6/30] 
 {loss} cls : 0.094, total : 0.094 
 {acc} cls : 100.00
[61/110 iteration of epoch 6/30] 
 {loss} cls : 0.142, total : 0.142 
 {acc} cls : 93.75
[91/110 iteration of epoch 6/30] 
 {loss} cls : 0.316, total : 0.316 
 {acc} cls : 84.38
------------------------------
<Losses on train> cls : 0.175, total : 0.175
<Accuracies on train> cls : 93.89
Train epoch time: 15.709
------------------------------
<Accuracies on val> class : 91.71
------------------------------
<Accuracies on test> class : 53.07
------------------------------
<Accuracies on photo> test class : 49.40
------------------------------
<Accuracies on cartoon> test class : 63.48
------------------------------
<Accuracies on art_painting> test class : 44.14
------------------------------
Total epoch time: 43.542

New epoch - lr: 0.003
[1/110 iteration of epoch 7/30] 
 {loss} cls : 0.149, total : 0.149 
 {acc} cls : 96.88
[31/110 iteration of epoch 7/30] 
 {loss} cls : 0.421, total : 0.421 
 {acc} cls : 87.50
[61/110 iteration of epoch 7/30] 
 {loss} cls : 0.267, total : 0.267 
 {acc} cls : 87.50
[91/110 iteration of epoch 7/30] 
 {loss} cls : 0.155, total : 0.155 
 {acc} cls : 96.88
------------------------------
<Losses on train> cls : 0.174, total : 0.174
<Accuracies on train> cls : 94.18
Train epoch time: 15.471
------------------------------
<Accuracies on val> class : 93.22
------------------------------
<Accuracies on test> class : 49.09
------------------------------
<Accuracies on photo> test class : 46.83
------------------------------
<Accuracies on cartoon> test class : 60.75
------------------------------
<Accuracies on art_painting> test class : 37.60
------------------------------
Total epoch time: 44.705

New epoch - lr: 0.003
[1/110 iteration of epoch 8/30] 
 {loss} cls : 0.059, total : 0.059 
 {acc} cls : 100.00
[31/110 iteration of epoch 8/30] 
 {loss} cls : 0.081, total : 0.081 
 {acc} cls : 100.00
[61/110 iteration of epoch 8/30] 
 {loss} cls : 0.117, total : 0.117 
 {acc} cls : 96.88
[91/110 iteration of epoch 8/30] 
 {loss} cls : 0.244, total : 0.244 
 {acc} cls : 90.62
------------------------------
<Losses on train> cls : 0.127, total : 0.127
<Accuracies on train> cls : 95.88
Train epoch time: 14.980
------------------------------
<Accuracies on val> class : 93.72
------------------------------
<Accuracies on test> class : 48.00
------------------------------
<Accuracies on photo> test class : 48.14
------------------------------
<Accuracies on cartoon> test class : 56.87
------------------------------
<Accuracies on art_painting> test class : 37.74
------------------------------
Total epoch time: 43.867

New epoch - lr: 0.003
[1/110 iteration of epoch 9/30] 
 {loss} cls : 0.028, total : 0.028 
 {acc} cls : 100.00
[31/110 iteration of epoch 9/30] 
 {loss} cls : 0.061, total : 0.061 
 {acc} cls : 96.88
[61/110 iteration of epoch 9/30] 
 {loss} cls : 0.032, total : 0.032 
 {acc} cls : 100.00
[91/110 iteration of epoch 9/30] 
 {loss} cls : 0.097, total : 0.097 
 {acc} cls : 96.88
------------------------------
<Losses on train> cls : 0.103, total : 0.103
<Accuracies on train> cls : 96.48
Train epoch time: 15.450
------------------------------
<Accuracies on val> class : 91.46
------------------------------
<Accuracies on test> class : 46.59
------------------------------
<Accuracies on photo> test class : 41.80
------------------------------
<Accuracies on cartoon> test class : 61.86
------------------------------
<Accuracies on art_painting> test class : 33.01
------------------------------
Total epoch time: 43.971

New epoch - lr: 0.003
[1/110 iteration of epoch 10/30] 
 {loss} cls : 0.027, total : 0.027 
 {acc} cls : 100.00
[31/110 iteration of epoch 10/30] 
 {loss} cls : 0.085, total : 0.085 
 {acc} cls : 96.88
[61/110 iteration of epoch 10/30] 
 {loss} cls : 0.084, total : 0.084 
 {acc} cls : 96.88
[91/110 iteration of epoch 10/30] 
 {loss} cls : 0.202, total : 0.202 
 {acc} cls : 87.50
------------------------------
<Losses on train> cls : 0.117, total : 0.117
<Accuracies on train> cls : 95.97
Train epoch time: 15.320
------------------------------
<Accuracies on val> class : 94.22
------------------------------
<Accuracies on test> class : 48.94
------------------------------
<Accuracies on photo> test class : 41.50
------------------------------
<Accuracies on cartoon> test class : 61.05
------------------------------
<Accuracies on art_painting> test class : 41.16
------------------------------
Total epoch time: 44.783

New epoch - lr: 0.003
[1/110 iteration of epoch 11/30] 
 {loss} cls : 0.146, total : 0.146 
 {acc} cls : 93.75
[31/110 iteration of epoch 11/30] 
 {loss} cls : 0.034, total : 0.034 
 {acc} cls : 100.00
[61/110 iteration of epoch 11/30] 
 {loss} cls : 0.129, total : 0.129 
 {acc} cls : 96.88
[91/110 iteration of epoch 11/30] 
 {loss} cls : 0.134, total : 0.134 
 {acc} cls : 93.75
------------------------------
<Losses on train> cls : 0.106, total : 0.106
<Accuracies on train> cls : 96.48
Train epoch time: 15.375
------------------------------
<Accuracies on val> class : 94.97
------------------------------
<Accuracies on test> class : 51.04
------------------------------
<Accuracies on photo> test class : 45.99
------------------------------
<Accuracies on cartoon> test class : 61.35
------------------------------
<Accuracies on art_painting> test class : 43.36
------------------------------
Total epoch time: 44.449

New epoch - lr: 0.003
[1/110 iteration of epoch 12/30] 
 {loss} cls : 0.073, total : 0.073 
 {acc} cls : 100.00
[31/110 iteration of epoch 12/30] 
 {loss} cls : 0.044, total : 0.044 
 {acc} cls : 100.00
[61/110 iteration of epoch 12/30] 
 {loss} cls : 0.038, total : 0.038 
 {acc} cls : 100.00
[91/110 iteration of epoch 12/30] 
 {loss} cls : 0.103, total : 0.103 
 {acc} cls : 93.75
------------------------------
<Losses on train> cls : 0.090, total : 0.090
<Accuracies on train> cls : 96.96
Train epoch time: 16.063
------------------------------
<Accuracies on val> class : 95.23
------------------------------
<Accuracies on test> class : 50.66
------------------------------
<Accuracies on photo> test class : 45.63
------------------------------
<Accuracies on cartoon> test class : 60.67
------------------------------
<Accuracies on art_painting> test class : 43.31
------------------------------
Total epoch time: 44.978

New epoch - lr: 0.003
[1/110 iteration of epoch 13/30] 
 {loss} cls : 0.119, total : 0.119 
 {acc} cls : 96.88
[31/110 iteration of epoch 13/30] 
 {loss} cls : 0.393, total : 0.393 
 {acc} cls : 81.25
[61/110 iteration of epoch 13/30] 
 {loss} cls : 0.061, total : 0.061 
 {acc} cls : 96.88
[91/110 iteration of epoch 13/30] 
 {loss} cls : 0.104, total : 0.104 
 {acc} cls : 96.88
------------------------------
<Losses on train> cls : 0.085, total : 0.085
<Accuracies on train> cls : 96.96
Train epoch time: 16.710
------------------------------
<Accuracies on val> class : 95.48
------------------------------
<Accuracies on test> class : 51.96
------------------------------
<Accuracies on photo> test class : 47.90
------------------------------
<Accuracies on cartoon> test class : 60.67
------------------------------
<Accuracies on art_painting> test class : 45.31
------------------------------
Total epoch time: 45.510

New epoch - lr: 0.003
[1/110 iteration of epoch 14/30] 
 {loss} cls : 0.101, total : 0.101 
 {acc} cls : 96.88
[31/110 iteration of epoch 14/30] 
 {loss} cls : 0.029, total : 0.029 
 {acc} cls : 100.00
[61/110 iteration of epoch 14/30] 
 {loss} cls : 0.284, total : 0.284 
 {acc} cls : 87.50
[91/110 iteration of epoch 14/30] 
 {loss} cls : 0.025, total : 0.025 
 {acc} cls : 100.00
------------------------------
<Losses on train> cls : 0.064, total : 0.064
<Accuracies on train> cls : 98.10
Train epoch time: 16.408
------------------------------
<Accuracies on val> class : 94.47
------------------------------
<Accuracies on test> class : 51.91
------------------------------
<Accuracies on photo> test class : 46.23
------------------------------
<Accuracies on cartoon> test class : 60.71
------------------------------
<Accuracies on art_painting> test class : 46.48
------------------------------
Total epoch time: 42.658

New epoch - lr: 0.003
[1/110 iteration of epoch 15/30] 
 {loss} cls : 0.231, total : 0.231 
 {acc} cls : 93.75
[31/110 iteration of epoch 15/30] 
 {loss} cls : 0.026, total : 0.026 
 {acc} cls : 100.00
[61/110 iteration of epoch 15/30] 
 {loss} cls : 0.103, total : 0.103 
 {acc} cls : 93.75
[91/110 iteration of epoch 15/30] 
 {loss} cls : 0.038, total : 0.038 
 {acc} cls : 100.00
------------------------------
<Losses on train> cls : 0.075, total : 0.075
<Accuracies on train> cls : 97.93
Train epoch time: 17.946
------------------------------
<Accuracies on val> class : 92.96
------------------------------
<Accuracies on test> class : 52.49
------------------------------
<Accuracies on photo> test class : 46.77
------------------------------
<Accuracies on cartoon> test class : 62.37
------------------------------
<Accuracies on art_painting> test class : 45.85
------------------------------
Total epoch time: 41.996

New epoch - lr: 0.003
[1/110 iteration of epoch 16/30] 
 {loss} cls : 0.050, total : 0.050 
 {acc} cls : 100.00
[31/110 iteration of epoch 16/30] 
 {loss} cls : 0.257, total : 0.257 
 {acc} cls : 90.62
[61/110 iteration of epoch 16/30] 
 {loss} cls : 0.260, total : 0.260 
 {acc} cls : 93.75
[91/110 iteration of epoch 16/30] 
 {loss} cls : 0.072, total : 0.072 
 {acc} cls : 100.00
------------------------------
<Losses on train> cls : 0.089, total : 0.089
<Accuracies on train> cls : 97.56
Train epoch time: 19.006
------------------------------
<Accuracies on val> class : 94.47
------------------------------
<Accuracies on test> class : 49.62
------------------------------
<Accuracies on photo> test class : 41.68
------------------------------
<Accuracies on cartoon> test class : 61.82
------------------------------
<Accuracies on art_painting> test class : 42.14
------------------------------
Total epoch time: 42.385

New epoch - lr: 0.003
[1/110 iteration of epoch 17/30] 
 {loss} cls : 0.021, total : 0.021 
 {acc} cls : 100.00
[31/110 iteration of epoch 17/30] 
 {loss} cls : 0.141, total : 0.141 
 {acc} cls : 93.75
[61/110 iteration of epoch 17/30] 
 {loss} cls : 0.008, total : 0.008 
 {acc} cls : 100.00
[91/110 iteration of epoch 17/30] 
 {loss} cls : 0.421, total : 0.421 
 {acc} cls : 87.50
------------------------------
<Losses on train> cls : 0.067, total : 0.067
<Accuracies on train> cls : 98.01
Train epoch time: 18.329
------------------------------
<Accuracies on val> class : 91.46
------------------------------
<Accuracies on test> class : 47.26
------------------------------
<Accuracies on photo> test class : 43.35
------------------------------
<Accuracies on cartoon> test class : 55.12
------------------------------
<Accuracies on art_painting> test class : 41.46
------------------------------
Total epoch time: 43.282

New epoch - lr: 0.003
[1/110 iteration of epoch 18/30] 
 {loss} cls : 0.008, total : 0.008 
 {acc} cls : 100.00
[31/110 iteration of epoch 18/30] 
 {loss} cls : 0.032, total : 0.032 
 {acc} cls : 100.00
[61/110 iteration of epoch 18/30] 
 {loss} cls : 0.064, total : 0.064 
 {acc} cls : 96.88
[91/110 iteration of epoch 18/30] 
 {loss} cls : 0.050, total : 0.050 
 {acc} cls : 96.88
------------------------------
<Losses on train> cls : 0.085, total : 0.085
<Accuracies on train> cls : 96.70
Train epoch time: 18.070
------------------------------
<Accuracies on val> class : 92.71
------------------------------
<Accuracies on test> class : 50.61
------------------------------
<Accuracies on photo> test class : 46.77
------------------------------
<Accuracies on cartoon> test class : 60.75
------------------------------
<Accuracies on art_painting> test class : 42.14
------------------------------
Total epoch time: 44.296

New epoch - lr: 0.003
[1/110 iteration of epoch 19/30] 
 {loss} cls : 0.123, total : 0.123 
 {acc} cls : 96.88
[31/110 iteration of epoch 19/30] 
 {loss} cls : 0.019, total : 0.019 
 {acc} cls : 100.00
[61/110 iteration of epoch 19/30] 
 {loss} cls : 0.008, total : 0.008 
 {acc} cls : 100.00
[91/110 iteration of epoch 19/30] 
 {loss} cls : 0.080, total : 0.080 
 {acc} cls : 96.88
------------------------------
<Losses on train> cls : 0.050, total : 0.050
<Accuracies on train> cls : 98.49
Train epoch time: 18.085
------------------------------
<Accuracies on val> class : 94.72
------------------------------
<Accuracies on test> class : 51.47
------------------------------
<Accuracies on photo> test class : 47.43
------------------------------
<Accuracies on cartoon> test class : 61.86
------------------------------
<Accuracies on art_painting> test class : 42.87
------------------------------
Total epoch time: 44.928

New epoch - lr: 0.003
[1/110 iteration of epoch 20/30] 
 {loss} cls : 0.003, total : 0.003 
 {acc} cls : 100.00
[31/110 iteration of epoch 20/30] 
 {loss} cls : 0.125, total : 0.125 
 {acc} cls : 93.75
[61/110 iteration of epoch 20/30] 
 {loss} cls : 0.042, total : 0.042 
 {acc} cls : 100.00
[91/110 iteration of epoch 20/30] 
 {loss} cls : 0.061, total : 0.061 
 {acc} cls : 96.88
------------------------------
<Losses on train> cls : 0.036, total : 0.036
<Accuracies on train> cls : 98.98
Train epoch time: 16.298
------------------------------
<Accuracies on val> class : 94.72
------------------------------
<Accuracies on test> class : 52.19
------------------------------
<Accuracies on photo> test class : 48.14
------------------------------
<Accuracies on cartoon> test class : 62.12
------------------------------
<Accuracies on art_painting> test class : 44.14
------------------------------
Total epoch time: 45.299

New epoch - lr: 0.003
[1/110 iteration of epoch 21/30] 
 {loss} cls : 0.027, total : 0.027 
 {acc} cls : 100.00
[31/110 iteration of epoch 21/30] 
 {loss} cls : 0.105, total : 0.105 
 {acc} cls : 96.88
[61/110 iteration of epoch 21/30] 
 {loss} cls : 0.161, total : 0.161 
 {acc} cls : 96.88
[91/110 iteration of epoch 21/30] 
 {loss} cls : 0.087, total : 0.087 
 {acc} cls : 96.88
------------------------------
<Losses on train> cls : 0.086, total : 0.086
<Accuracies on train> cls : 97.10
Train epoch time: 16.856
------------------------------
<Accuracies on val> class : 94.47
------------------------------
<Accuracies on test> class : 48.23
------------------------------
<Accuracies on photo> test class : 41.44
------------------------------
<Accuracies on cartoon> test class : 63.95
------------------------------
<Accuracies on art_painting> test class : 35.79
------------------------------
Total epoch time: 45.818

New epoch - lr: 0.003
[1/110 iteration of epoch 22/30] 
 {loss} cls : 0.050, total : 0.050 
 {acc} cls : 100.00
[31/110 iteration of epoch 22/30] 
 {loss} cls : 0.017, total : 0.017 
 {acc} cls : 100.00
[61/110 iteration of epoch 22/30] 
 {loss} cls : 0.128, total : 0.128 
 {acc} cls : 96.88
[91/110 iteration of epoch 22/30] 
 {loss} cls : 0.043, total : 0.043 
 {acc} cls : 100.00
------------------------------
<Losses on train> cls : 0.035, total : 0.035
<Accuracies on train> cls : 99.09
Train epoch time: 16.086
------------------------------
<Accuracies on val> class : 92.71
------------------------------
<Accuracies on test> class : 53.22
------------------------------
<Accuracies on photo> test class : 48.38
------------------------------
<Accuracies on cartoon> test class : 63.95
------------------------------
<Accuracies on art_painting> test class : 44.87
------------------------------
Total epoch time: 45.144

New epoch - lr: 0.003
[1/110 iteration of epoch 23/30] 
 {loss} cls : 0.010, total : 0.010 
 {acc} cls : 100.00
[31/110 iteration of epoch 23/30] 
 {loss} cls : 0.028, total : 0.028 
 {acc} cls : 100.00
[61/110 iteration of epoch 23/30] 
 {loss} cls : 0.006, total : 0.006 
 {acc} cls : 100.00
[91/110 iteration of epoch 23/30] 
 {loss} cls : 0.025, total : 0.025 
 {acc} cls : 100.00
------------------------------
<Losses on train> cls : 0.042, total : 0.042
<Accuracies on train> cls : 98.44
Train epoch time: 15.372
------------------------------
<Accuracies on val> class : 94.97
------------------------------
<Accuracies on test> class : 53.13
------------------------------
<Accuracies on photo> test class : 49.46
------------------------------
<Accuracies on cartoon> test class : 63.69
------------------------------
<Accuracies on art_painting> test class : 44.04
------------------------------
Total epoch time: 45.175

New epoch - lr: 0.003
[1/110 iteration of epoch 24/30] 
 {loss} cls : 0.019, total : 0.019 
 {acc} cls : 100.00
[31/110 iteration of epoch 24/30] 
 {loss} cls : 0.027, total : 0.027 
 {acc} cls : 100.00
[61/110 iteration of epoch 24/30] 
 {loss} cls : 0.016, total : 0.016 
 {acc} cls : 100.00
[91/110 iteration of epoch 24/30] 
 {loss} cls : 0.033, total : 0.033 
 {acc} cls : 100.00
------------------------------
<Losses on train> cls : 0.026, total : 0.026
<Accuracies on train> cls : 99.32
Train epoch time: 15.270
------------------------------
<Accuracies on val> class : 93.47
------------------------------
<Accuracies on test> class : 45.78
------------------------------
<Accuracies on photo> test class : 43.23
------------------------------
<Accuracies on cartoon> test class : 55.80
------------------------------
<Accuracies on art_painting> test class : 36.38
------------------------------
Total epoch time: 45.106

New epoch - lr: 0.003
[1/110 iteration of epoch 25/30] 
 {loss} cls : 0.009, total : 0.009 
 {acc} cls : 100.00
[31/110 iteration of epoch 25/30] 
 {loss} cls : 0.003, total : 0.003 
 {acc} cls : 100.00
[61/110 iteration of epoch 25/30] 
 {loss} cls : 0.004, total : 0.004 
 {acc} cls : 100.00
[91/110 iteration of epoch 25/30] 
 {loss} cls : 0.059, total : 0.059 
 {acc} cls : 96.88
------------------------------
<Losses on train> cls : 0.023, total : 0.023
<Accuracies on train> cls : 99.38
Train epoch time: 15.305
------------------------------
<Accuracies on val> class : 93.72
------------------------------
<Accuracies on test> class : 50.03
------------------------------
<Accuracies on photo> test class : 48.26
------------------------------
<Accuracies on cartoon> test class : 59.98
------------------------------
<Accuracies on art_painting> test class : 40.09
------------------------------
Total epoch time: 44.582

New epoch - lr: 0.003
[1/110 iteration of epoch 26/30] 
 {loss} cls : 0.003, total : 0.003 
 {acc} cls : 100.00
[31/110 iteration of epoch 26/30] 
 {loss} cls : 0.009, total : 0.009 
 {acc} cls : 100.00
[61/110 iteration of epoch 26/30] 
 {loss} cls : 0.113, total : 0.113 
 {acc} cls : 96.88
[91/110 iteration of epoch 26/30] 
 {loss} cls : 0.032, total : 0.032 
 {acc} cls : 100.00
------------------------------
<Losses on train> cls : 0.023, total : 0.023
<Accuracies on train> cls : 99.55
Train epoch time: 15.422
------------------------------
<Accuracies on val> class : 94.97
------------------------------
<Accuracies on test> class : 48.61
------------------------------
<Accuracies on photo> test class : 45.81
------------------------------
<Accuracies on cartoon> test class : 59.43
------------------------------
<Accuracies on art_painting> test class : 38.53
------------------------------
Total epoch time: 43.844

New epoch - lr: 0.0009000000000000002
[1/110 iteration of epoch 27/30] 
 {loss} cls : 0.007, total : 0.007 
 {acc} cls : 100.00
[31/110 iteration of epoch 27/30] 
 {loss} cls : 0.144, total : 0.144 
 {acc} cls : 96.88
[61/110 iteration of epoch 27/30] 
 {loss} cls : 0.004, total : 0.004 
 {acc} cls : 100.00
[91/110 iteration of epoch 27/30] 
 {loss} cls : 0.012, total : 0.012 
 {acc} cls : 100.00
------------------------------
<Losses on train> cls : 0.018, total : 0.018
<Accuracies on train> cls : 99.49
Train epoch time: 16.051
------------------------------
<Accuracies on val> class : 95.23
------------------------------
<Accuracies on test> class : 52.41
------------------------------
<Accuracies on photo> test class : 50.18
------------------------------
<Accuracies on cartoon> test class : 63.57
------------------------------
<Accuracies on art_painting> test class : 41.46
------------------------------
Total epoch time: 43.191

New epoch - lr: 0.0009000000000000002
[1/110 iteration of epoch 28/30] 
 {loss} cls : 0.007, total : 0.007 
 {acc} cls : 100.00
[31/110 iteration of epoch 28/30] 
 {loss} cls : 0.002, total : 0.002 
 {acc} cls : 100.00
[61/110 iteration of epoch 28/30] 
 {loss} cls : 0.011, total : 0.011 
 {acc} cls : 100.00
[91/110 iteration of epoch 28/30] 
 {loss} cls : 0.134, total : 0.134 
 {acc} cls : 96.88
------------------------------
<Losses on train> cls : 0.052, total : 0.052
<Accuracies on train> cls : 97.73
Train epoch time: 16.973
------------------------------
<Accuracies on val> class : 94.97
------------------------------
<Accuracies on test> class : 51.50
------------------------------
<Accuracies on photo> test class : 48.50
------------------------------
<Accuracies on cartoon> test class : 62.33
------------------------------
<Accuracies on art_painting> test class : 41.55
------------------------------
Total epoch time: 43.221

New epoch - lr: 0.0009000000000000002
[1/110 iteration of epoch 29/30] 
 {loss} cls : 0.113, total : 0.113 
 {acc} cls : 100.00
[31/110 iteration of epoch 29/30] 
 {loss} cls : 0.019, total : 0.019 
 {acc} cls : 100.00
[61/110 iteration of epoch 29/30] 
 {loss} cls : 0.061, total : 0.061 
 {acc} cls : 96.88
[91/110 iteration of epoch 29/30] 
 {loss} cls : 0.111, total : 0.111 
 {acc} cls : 100.00
------------------------------
<Losses on train> cls : 0.095, total : 0.095
<Accuracies on train> cls : 95.03
Train epoch time: 18.355
------------------------------
<Accuracies on val> class : 94.72
------------------------------
<Accuracies on test> class : 52.05
------------------------------
<Accuracies on photo> test class : 49.46
------------------------------
<Accuracies on cartoon> test class : 63.01
------------------------------
<Accuracies on art_painting> test class : 41.60
------------------------------
Total epoch time: 44.098

New epoch - lr: 0.0009000000000000002
[1/110 iteration of epoch 30/30] 
 {loss} cls : 0.193, total : 0.193 
 {acc} cls : 93.75
[31/110 iteration of epoch 30/30] 
 {loss} cls : 0.011, total : 0.011 
 {acc} cls : 100.00
[61/110 iteration of epoch 30/30] 
 {loss} cls : 0.016, total : 0.016 
 {acc} cls : 100.00
[91/110 iteration of epoch 30/30] 
 {loss} cls : 0.019, total : 0.019 
 {acc} cls : 100.00
------------------------------
<Losses on train> cls : 0.039, total : 0.039
<Accuracies on train> cls : 98.49
Train epoch time: 18.352
------------------------------
<Accuracies on val> class : 95.73
------------------------------
<Accuracies on test> class : 51.60
------------------------------
<Accuracies on photo> test class : 49.16
------------------------------
<Accuracies on cartoon> test class : 60.62
------------------------------
<Accuracies on art_painting> test class : 43.26
------------------------------
Total epoch time: 43.933

******************************
Best val 0.957286, corresponding test 0.516001 - best test: 0.532168

******************************
Best val 0.9572864174842834, corresponding photo test 0.49161675572395325

******************************
Best val 0.9572864174842834, corresponding cartoon test 0.6062286496162415

******************************
Best val 0.9572864174842834, corresponding art_painting test 0.4326171875
