Exclude RSC
WARNING:tensorflow:From /homes/55/jianhaoy/projects/EKI/utils/tf_logger.py:16: The name tf.summary.FileWriter is deprecated. Please use tf.compat.v1.summary.FileWriter instead.

WARNING:tensorflow:From /homes/55/jianhaoy/projects/EKI/utils/tf_logger.py:20: The name tf.Summary is deprecated. Please use tf.compat.v1.Summary instead.


Loading experiment PACS/ResNet18_multi


New epoch - lr: 0.001
[1/86 iteration of epoch 1/50] 
 {loss} cls : 3.491, total : 3.491 
 {acc} cls : 0.00
[31/86 iteration of epoch 1/50] 
 {loss} cls : 1.456, total : 1.456 
 {acc} cls : 51.56
[61/86 iteration of epoch 1/50] 
 {loss} cls : 1.131, total : 1.131 
 {acc} cls : 50.00
------------------------------
<Losses on train> cls : 1.374, total : 1.374
<Accuracies on train> cls : 53.51
Train epoch time: 21.309
------------------------------
<Accuracies on val> class : 71.30
------------------------------
<Accuracies on test> class : 71.33
------------------------------
Total epoch time: 25.803

New epoch - lr: 0.001
[1/86 iteration of epoch 2/50] 
 {loss} cls : 0.697, total : 0.697 
 {acc} cls : 71.88
[31/86 iteration of epoch 2/50] 
 {loss} cls : 0.579, total : 0.579 
 {acc} cls : 75.00
[61/86 iteration of epoch 2/50] 
 {loss} cls : 0.555, total : 0.555 
 {acc} cls : 71.88
------------------------------
<Losses on train> cls : 0.603, total : 0.603
<Accuracies on train> cls : 76.74
Train epoch time: 20.833
------------------------------
<Accuracies on val> class : 79.41
------------------------------
<Accuracies on test> class : 75.73
------------------------------
Total epoch time: 25.329

New epoch - lr: 0.001
[1/86 iteration of epoch 3/50] 
 {loss} cls : 0.521, total : 0.521 
 {acc} cls : 75.00
[31/86 iteration of epoch 3/50] 
 {loss} cls : 0.579, total : 0.579 
 {acc} cls : 81.25
[61/86 iteration of epoch 3/50] 
 {loss} cls : 0.434, total : 0.434 
 {acc} cls : 82.81
------------------------------
<Losses on train> cls : 0.436, total : 0.436
<Accuracies on train> cls : 84.87
Train epoch time: 21.381
------------------------------
<Accuracies on val> class : 79.92
------------------------------
<Accuracies on test> class : 75.30
------------------------------
Total epoch time: 26.075

New epoch - lr: 0.001
[1/86 iteration of epoch 4/50] 
 {loss} cls : 0.382, total : 0.382 
 {acc} cls : 89.06
[31/86 iteration of epoch 4/50] 
 {loss} cls : 0.346, total : 0.346 
 {acc} cls : 90.62
[61/86 iteration of epoch 4/50] 
 {loss} cls : 0.358, total : 0.358 
 {acc} cls : 85.94
------------------------------
<Losses on train> cls : 0.341, total : 0.341
<Accuracies on train> cls : 88.77
Train epoch time: 21.283
------------------------------
<Accuracies on val> class : 76.45
------------------------------
<Accuracies on test> class : 75.85
------------------------------
Total epoch time: 25.361

New epoch - lr: 0.001
[1/86 iteration of epoch 5/50] 
 {loss} cls : 0.267, total : 0.267 
 {acc} cls : 90.62
[31/86 iteration of epoch 5/50] 
 {loss} cls : 0.276, total : 0.276 
 {acc} cls : 89.06
[61/86 iteration of epoch 5/50] 
 {loss} cls : 0.434, total : 0.434 
 {acc} cls : 82.81
------------------------------
<Losses on train> cls : 0.303, total : 0.303
<Accuracies on train> cls : 90.17
Train epoch time: 21.419
------------------------------
<Accuracies on val> class : 82.37
------------------------------
<Accuracies on test> class : 73.29
------------------------------
Total epoch time: 26.117

New epoch - lr: 0.001
[1/86 iteration of epoch 6/50] 
 {loss} cls : 0.267, total : 0.267 
 {acc} cls : 87.50
[31/86 iteration of epoch 6/50] 
 {loss} cls : 0.179, total : 0.179 
 {acc} cls : 95.31
[61/86 iteration of epoch 6/50] 
 {loss} cls : 0.245, total : 0.245 
 {acc} cls : 90.62
------------------------------
<Losses on train> cls : 0.245, total : 0.245
<Accuracies on train> cls : 92.35
Train epoch time: 21.582
------------------------------
<Accuracies on val> class : 80.05
------------------------------
<Accuracies on test> class : 76.79
------------------------------
Total epoch time: 25.868

New epoch - lr: 0.001
[1/86 iteration of epoch 7/50] 
 {loss} cls : 0.244, total : 0.244 
 {acc} cls : 90.62
[31/86 iteration of epoch 7/50] 
 {loss} cls : 0.287, total : 0.287 
 {acc} cls : 89.06
[61/86 iteration of epoch 7/50] 
 {loss} cls : 0.106, total : 0.106 
 {acc} cls : 98.44
------------------------------
<Losses on train> cls : 0.223, total : 0.223
<Accuracies on train> cls : 93.11
Train epoch time: 21.266
------------------------------
<Accuracies on val> class : 79.41
------------------------------
<Accuracies on test> class : 77.65
------------------------------
Total epoch time: 25.566

New epoch - lr: 0.001
[1/86 iteration of epoch 8/50] 
 {loss} cls : 0.254, total : 0.254 
 {acc} cls : 93.75
[31/86 iteration of epoch 8/50] 
 {loss} cls : 0.321, total : 0.321 
 {acc} cls : 89.06
[61/86 iteration of epoch 8/50] 
 {loss} cls : 0.180, total : 0.180 
 {acc} cls : 95.31
------------------------------
<Losses on train> cls : 0.200, total : 0.200
<Accuracies on train> cls : 93.77
Train epoch time: 21.085
------------------------------
<Accuracies on val> class : 81.72
------------------------------
<Accuracies on test> class : 78.88
------------------------------
Total epoch time: 25.271

New epoch - lr: 0.001
[1/86 iteration of epoch 9/50] 
 {loss} cls : 0.109, total : 0.109 
 {acc} cls : 96.88
[31/86 iteration of epoch 9/50] 
 {loss} cls : 0.157, total : 0.157 
 {acc} cls : 96.88
[61/86 iteration of epoch 9/50] 
 {loss} cls : 0.116, total : 0.116 
 {acc} cls : 96.88
------------------------------
<Losses on train> cls : 0.186, total : 0.186
<Accuracies on train> cls : 94.35
Train epoch time: 21.430
------------------------------
<Accuracies on val> class : 81.85
------------------------------
<Accuracies on test> class : 78.58
------------------------------
Total epoch time: 25.436

New epoch - lr: 0.001
[1/86 iteration of epoch 10/50] 
 {loss} cls : 0.113, total : 0.113 
 {acc} cls : 98.44
[31/86 iteration of epoch 10/50] 
 {loss} cls : 0.219, total : 0.219 
 {acc} cls : 90.62
[61/86 iteration of epoch 10/50] 
 {loss} cls : 0.394, total : 0.394 
 {acc} cls : 90.62
------------------------------
<Losses on train> cls : 0.169, total : 0.169
<Accuracies on train> cls : 95.26
Train epoch time: 21.470
------------------------------
<Accuracies on val> class : 83.66
------------------------------
<Accuracies on test> class : 78.80
------------------------------
Total epoch time: 26.038

New epoch - lr: 0.001
[1/86 iteration of epoch 11/50] 
 {loss} cls : 0.161, total : 0.161 
 {acc} cls : 95.31
[31/86 iteration of epoch 11/50] 
 {loss} cls : 0.148, total : 0.148 
 {acc} cls : 96.88
[61/86 iteration of epoch 11/50] 
 {loss} cls : 0.106, total : 0.106 
 {acc} cls : 98.44
------------------------------
<Losses on train> cls : 0.139, total : 0.139
<Accuracies on train> cls : 96.18
Train epoch time: 21.362
------------------------------
<Accuracies on val> class : 82.24
------------------------------
<Accuracies on test> class : 77.18
------------------------------
Total epoch time: 25.467

New epoch - lr: 0.001
[1/86 iteration of epoch 12/50] 
 {loss} cls : 0.088, total : 0.088 
 {acc} cls : 98.44
[31/86 iteration of epoch 12/50] 
 {loss} cls : 0.116, total : 0.116 
 {acc} cls : 96.88
[61/86 iteration of epoch 12/50] 
 {loss} cls : 0.059, total : 0.059 
 {acc} cls : 100.00
------------------------------
<Losses on train> cls : 0.138, total : 0.138
<Accuracies on train> cls : 95.78
Train epoch time: 21.617
------------------------------
<Accuracies on val> class : 80.95
------------------------------
<Accuracies on test> class : 78.28
------------------------------
Total epoch time: 25.909

New epoch - lr: 0.001
[1/86 iteration of epoch 13/50] 
 {loss} cls : 0.120, total : 0.120 
 {acc} cls : 92.19
[31/86 iteration of epoch 13/50] 
 {loss} cls : 0.103, total : 0.103 
 {acc} cls : 96.88
[61/86 iteration of epoch 13/50] 
 {loss} cls : 0.176, total : 0.176 
 {acc} cls : 92.19
------------------------------
<Losses on train> cls : 0.117, total : 0.117
<Accuracies on train> cls : 96.55
Train epoch time: 21.431
------------------------------
<Accuracies on val> class : 83.91
------------------------------
<Accuracies on test> class : 78.03
------------------------------
Total epoch time: 26.323

New epoch - lr: 0.001
[1/86 iteration of epoch 14/50] 
 {loss} cls : 0.069, total : 0.069 
 {acc} cls : 98.44
[31/86 iteration of epoch 14/50] 
 {loss} cls : 0.099, total : 0.099 
 {acc} cls : 96.88
[61/86 iteration of epoch 14/50] 
 {loss} cls : 0.077, total : 0.077 
 {acc} cls : 98.44
------------------------------
<Losses on train> cls : 0.108, total : 0.108
<Accuracies on train> cls : 96.75
Train epoch time: 21.183
------------------------------
<Accuracies on val> class : 81.60
------------------------------
<Accuracies on test> class : 77.65
------------------------------
Total epoch time: 25.243

New epoch - lr: 0.001
[1/86 iteration of epoch 15/50] 
 {loss} cls : 0.149, total : 0.149 
 {acc} cls : 93.75
[31/86 iteration of epoch 15/50] 
 {loss} cls : 0.063, total : 0.063 
 {acc} cls : 98.44
[61/86 iteration of epoch 15/50] 
 {loss} cls : 0.104, total : 0.104 
 {acc} cls : 96.88
------------------------------
<Losses on train> cls : 0.101, total : 0.101
<Accuracies on train> cls : 96.82
Train epoch time: 21.539
------------------------------
<Accuracies on val> class : 81.08
------------------------------
<Accuracies on test> class : 76.58
------------------------------
Total epoch time: 25.806

New epoch - lr: 0.001
[1/86 iteration of epoch 16/50] 
 {loss} cls : 0.091, total : 0.091 
 {acc} cls : 96.88
[31/86 iteration of epoch 16/50] 
 {loss} cls : 0.060, total : 0.060 
 {acc} cls : 98.44
[61/86 iteration of epoch 16/50] 
 {loss} cls : 0.051, total : 0.051 
 {acc} cls : 100.00
------------------------------
<Losses on train> cls : 0.090, total : 0.090
<Accuracies on train> cls : 97.22
Train epoch time: 21.221
------------------------------
<Accuracies on val> class : 81.72
------------------------------
<Accuracies on test> class : 78.71
------------------------------
Total epoch time: 25.274

New epoch - lr: 0.001
[1/86 iteration of epoch 17/50] 
 {loss} cls : 0.168, total : 0.168 
 {acc} cls : 95.31
[31/86 iteration of epoch 17/50] 
 {loss} cls : 0.035, total : 0.035 
 {acc} cls : 98.44
[61/86 iteration of epoch 17/50] 
 {loss} cls : 0.059, total : 0.059 
 {acc} cls : 98.44
------------------------------
<Losses on train> cls : 0.091, total : 0.091
<Accuracies on train> cls : 97.78
Train epoch time: 21.240
------------------------------
<Accuracies on val> class : 83.14
------------------------------
<Accuracies on test> class : 77.13
------------------------------
Total epoch time: 25.306

New epoch - lr: 0.001
[1/86 iteration of epoch 18/50] 
 {loss} cls : 0.047, total : 0.047 
 {acc} cls : 98.44
[31/86 iteration of epoch 18/50] 
 {loss} cls : 0.051, total : 0.051 
 {acc} cls : 98.44
[61/86 iteration of epoch 18/50] 
 {loss} cls : 0.088, total : 0.088 
 {acc} cls : 96.88
------------------------------
<Losses on train> cls : 0.079, total : 0.079
<Accuracies on train> cls : 97.80
Train epoch time: 21.466
------------------------------
<Accuracies on val> class : 79.79
------------------------------
<Accuracies on test> class : 76.41
------------------------------
Total epoch time: 25.475

New epoch - lr: 0.001
[1/86 iteration of epoch 19/50] 
 {loss} cls : 0.116, total : 0.116 
 {acc} cls : 95.31
[31/86 iteration of epoch 19/50] 
 {loss} cls : 0.054, total : 0.054 
 {acc} cls : 98.44
[61/86 iteration of epoch 19/50] 
 {loss} cls : 0.108, total : 0.108 
 {acc} cls : 96.88
------------------------------
<Losses on train> cls : 0.072, total : 0.072
<Accuracies on train> cls : 98.16
Train epoch time: 21.366
------------------------------
<Accuracies on val> class : 83.27
------------------------------
<Accuracies on test> class : 77.82
------------------------------
Total epoch time: 25.344

New epoch - lr: 0.001
[1/86 iteration of epoch 20/50] 
 {loss} cls : 0.134, total : 0.134 
 {acc} cls : 98.44
[31/86 iteration of epoch 20/50] 
 {loss} cls : 0.054, total : 0.054 
 {acc} cls : 100.00
[61/86 iteration of epoch 20/50] 
 {loss} cls : 0.085, total : 0.085 
 {acc} cls : 98.44
------------------------------
<Losses on train> cls : 0.069, total : 0.069
<Accuracies on train> cls : 98.04
Train epoch time: 21.331
------------------------------
<Accuracies on val> class : 82.24
------------------------------
<Accuracies on test> class : 78.33
------------------------------
Total epoch time: 25.287

New epoch - lr: 0.001
[1/86 iteration of epoch 21/50] 
 {loss} cls : 0.023, total : 0.023 
 {acc} cls : 100.00
[31/86 iteration of epoch 21/50] 
 {loss} cls : 0.059, total : 0.059 
 {acc} cls : 100.00
[61/86 iteration of epoch 21/50] 
 {loss} cls : 0.063, total : 0.063 
 {acc} cls : 100.00
------------------------------
<Losses on train> cls : 0.068, total : 0.068
<Accuracies on train> cls : 98.07
Train epoch time: 21.121
------------------------------
<Accuracies on val> class : 81.21
------------------------------
<Accuracies on test> class : 77.13
------------------------------
Total epoch time: 25.173

New epoch - lr: 0.001
[1/86 iteration of epoch 22/50] 
 {loss} cls : 0.078, total : 0.078 
 {acc} cls : 98.44
[31/86 iteration of epoch 22/50] 
 {loss} cls : 0.044, total : 0.044 
 {acc} cls : 100.00
[61/86 iteration of epoch 22/50] 
 {loss} cls : 0.038, total : 0.038 
 {acc} cls : 98.44
------------------------------
<Losses on train> cls : 0.064, total : 0.064
<Accuracies on train> cls : 98.55
Train epoch time: 21.344
------------------------------
<Accuracies on val> class : 82.24
------------------------------
<Accuracies on test> class : 77.77
------------------------------
Total epoch time: 25.289

New epoch - lr: 0.001
[1/86 iteration of epoch 23/50] 
 {loss} cls : 0.033, total : 0.033 
 {acc} cls : 100.00
[31/86 iteration of epoch 23/50] 
 {loss} cls : 0.016, total : 0.016 
 {acc} cls : 100.00
[61/86 iteration of epoch 23/50] 
 {loss} cls : 0.031, total : 0.031 
 {acc} cls : 98.44
------------------------------
<Losses on train> cls : 0.044, total : 0.044
<Accuracies on train> cls : 98.93
Train epoch time: 21.375
------------------------------
<Accuracies on val> class : 82.24
------------------------------
<Accuracies on test> class : 78.54
------------------------------
Total epoch time: 25.432

New epoch - lr: 0.001
[1/86 iteration of epoch 24/50] 
 {loss} cls : 0.082, total : 0.082 
 {acc} cls : 98.44
[31/86 iteration of epoch 24/50] 
 {loss} cls : 0.028, total : 0.028 
 {acc} cls : 100.00
[61/86 iteration of epoch 24/50] 
 {loss} cls : 0.039, total : 0.039 
 {acc} cls : 100.00
------------------------------
<Losses on train> cls : 0.060, total : 0.060
<Accuracies on train> cls : 98.31
Train epoch time: 21.056
------------------------------
<Accuracies on val> class : 78.25
------------------------------
<Accuracies on test> class : 77.52
------------------------------
Total epoch time: 24.974

New epoch - lr: 0.001
[1/86 iteration of epoch 25/50] 
 {loss} cls : 0.153, total : 0.153 
 {acc} cls : 93.75
[31/86 iteration of epoch 25/50] 
 {loss} cls : 0.019, total : 0.019 
 {acc} cls : 100.00
[61/86 iteration of epoch 25/50] 
 {loss} cls : 0.041, total : 0.041 
 {acc} cls : 100.00
------------------------------
<Losses on train> cls : 0.044, total : 0.044
<Accuracies on train> cls : 98.71
Train epoch time: 21.218
------------------------------
<Accuracies on val> class : 81.60
------------------------------
<Accuracies on test> class : 78.54
------------------------------
Total epoch time: 25.212

New epoch - lr: 0.001
[1/86 iteration of epoch 26/50] 
 {loss} cls : 0.055, total : 0.055 
 {acc} cls : 98.44
[31/86 iteration of epoch 26/50] 
 {loss} cls : 0.019, total : 0.019 
 {acc} cls : 100.00
[61/86 iteration of epoch 26/50] 
 {loss} cls : 0.071, total : 0.071 
 {acc} cls : 98.44
------------------------------
<Losses on train> cls : 0.038, total : 0.038
<Accuracies on train> cls : 98.95
Train epoch time: 21.441
------------------------------
<Accuracies on val> class : 79.15
------------------------------
<Accuracies on test> class : 77.39
------------------------------
Total epoch time: 25.429

New epoch - lr: 0.001
[1/86 iteration of epoch 27/50] 
 {loss} cls : 0.067, total : 0.067 
 {acc} cls : 98.44
[31/86 iteration of epoch 27/50] 
 {loss} cls : 0.041, total : 0.041 
 {acc} cls : 96.88
[61/86 iteration of epoch 27/50] 
 {loss} cls : 0.032, total : 0.032 
 {acc} cls : 100.00
------------------------------
<Losses on train> cls : 0.048, total : 0.048
<Accuracies on train> cls : 98.56
Train epoch time: 21.363
------------------------------
<Accuracies on val> class : 81.85
------------------------------
<Accuracies on test> class : 77.39
------------------------------
Total epoch time: 25.244

New epoch - lr: 0.001
[1/86 iteration of epoch 28/50] 
 {loss} cls : 0.024, total : 0.024 
 {acc} cls : 100.00
[31/86 iteration of epoch 28/50] 
 {loss} cls : 0.048, total : 0.048 
 {acc} cls : 100.00
[61/86 iteration of epoch 28/50] 
 {loss} cls : 0.011, total : 0.011 
 {acc} cls : 100.00
------------------------------
<Losses on train> cls : 0.043, total : 0.043
<Accuracies on train> cls : 98.84
Train epoch time: 21.429
------------------------------
<Accuracies on val> class : 81.21
------------------------------
<Accuracies on test> class : 76.96
------------------------------
Total epoch time: 25.501

New epoch - lr: 0.001
[1/86 iteration of epoch 29/50] 
 {loss} cls : 0.012, total : 0.012 
 {acc} cls : 100.00
[31/86 iteration of epoch 29/50] 
 {loss} cls : 0.042, total : 0.042 
 {acc} cls : 98.44
[61/86 iteration of epoch 29/50] 
 {loss} cls : 0.029, total : 0.029 
 {acc} cls : 100.00
------------------------------
<Losses on train> cls : 0.040, total : 0.040
<Accuracies on train> cls : 98.98
Train epoch time: 21.272
------------------------------
<Accuracies on val> class : 79.41
------------------------------
<Accuracies on test> class : 77.69
------------------------------
Total epoch time: 25.217

New epoch - lr: 0.001
[1/86 iteration of epoch 30/50] 
 {loss} cls : 0.025, total : 0.025 
 {acc} cls : 98.44
[31/86 iteration of epoch 30/50] 
 {loss} cls : 0.017, total : 0.017 
 {acc} cls : 100.00
[61/86 iteration of epoch 30/50] 
 {loss} cls : 0.025, total : 0.025 
 {acc} cls : 100.00
------------------------------
<Losses on train> cls : 0.033, total : 0.033
<Accuracies on train> cls : 99.20
Train epoch time: 21.288
------------------------------
<Accuracies on val> class : 81.08
------------------------------
<Accuracies on test> class : 76.28
------------------------------
Total epoch time: 25.496

New epoch - lr: 0.001
[1/86 iteration of epoch 31/50] 
 {loss} cls : 0.029, total : 0.029 
 {acc} cls : 100.00
[31/86 iteration of epoch 31/50] 
 {loss} cls : 0.027, total : 0.027 
 {acc} cls : 100.00
[61/86 iteration of epoch 31/50] 
 {loss} cls : 0.145, total : 0.145 
 {acc} cls : 96.88
------------------------------
<Losses on train> cls : 0.035, total : 0.035
<Accuracies on train> cls : 99.18
Train epoch time: 21.497
------------------------------
<Accuracies on val> class : 82.88
------------------------------
<Accuracies on test> class : 76.79
------------------------------
Total epoch time: 25.585

New epoch - lr: 0.001
[1/86 iteration of epoch 32/50] 
 {loss} cls : 0.024, total : 0.024 
 {acc} cls : 100.00
[31/86 iteration of epoch 32/50] 
 {loss} cls : 0.035, total : 0.035 
 {acc} cls : 98.44
[61/86 iteration of epoch 32/50] 
 {loss} cls : 0.088, total : 0.088 
 {acc} cls : 96.88
------------------------------
<Losses on train> cls : 0.044, total : 0.044
<Accuracies on train> cls : 98.35
Train epoch time: 20.790
------------------------------
<Accuracies on val> class : 81.60
------------------------------
<Accuracies on test> class : 76.83
------------------------------
Total epoch time: 24.654

New epoch - lr: 0.001
[1/86 iteration of epoch 33/50] 
 {loss} cls : 0.022, total : 0.022 
 {acc} cls : 98.44
[31/86 iteration of epoch 33/50] 
 {loss} cls : 0.014, total : 0.014 
 {acc} cls : 100.00
[61/86 iteration of epoch 33/50] 
 {loss} cls : 0.051, total : 0.051 
 {acc} cls : 98.44
------------------------------
<Losses on train> cls : 0.041, total : 0.041
<Accuracies on train> cls : 98.91
Train epoch time: 21.576
------------------------------
<Accuracies on val> class : 81.60
------------------------------
<Accuracies on test> class : 76.71
------------------------------
Total epoch time: 25.564

New epoch - lr: 0.001
[1/86 iteration of epoch 34/50] 
 {loss} cls : 0.072, total : 0.072 
 {acc} cls : 98.44
[31/86 iteration of epoch 34/50] 
 {loss} cls : 0.008, total : 0.008 
 {acc} cls : 100.00
[61/86 iteration of epoch 34/50] 
 {loss} cls : 0.028, total : 0.028 
 {acc} cls : 100.00
------------------------------
<Losses on train> cls : 0.103, total : 0.103
<Accuracies on train> cls : 94.59
Train epoch time: 20.928
------------------------------
<Accuracies on val> class : 83.53
------------------------------
<Accuracies on test> class : 77.56
------------------------------
Total epoch time: 24.888

New epoch - lr: 0.001
[1/86 iteration of epoch 35/50] 
 {loss} cls : 0.261, total : 0.261 
 {acc} cls : 78.12
[31/86 iteration of epoch 35/50] 
 {loss} cls : 0.025, total : 0.025 
 {acc} cls : 100.00
[61/86 iteration of epoch 35/50] 
 {loss} cls : 0.008, total : 0.008 
 {acc} cls : 100.00
------------------------------
<Losses on train> cls : 0.079, total : 0.079
<Accuracies on train> cls : 96.44
Train epoch time: 21.348
------------------------------
<Accuracies on val> class : 83.40
------------------------------
<Accuracies on test> class : 78.75
------------------------------
Total epoch time: 25.478

New epoch - lr: 0.001
[1/86 iteration of epoch 36/50] 
 {loss} cls : 0.032, total : 0.032 
 {acc} cls : 100.00
[31/86 iteration of epoch 36/50] 
 {loss} cls : 0.022, total : 0.022 
 {acc} cls : 100.00
[61/86 iteration of epoch 36/50] 
 {loss} cls : 0.035, total : 0.035 
 {acc} cls : 98.44
------------------------------
<Losses on train> cls : 0.033, total : 0.033
<Accuracies on train> cls : 99.36
Train epoch time: 21.183
------------------------------
<Accuracies on val> class : 82.75
------------------------------
<Accuracies on test> class : 79.82
------------------------------
Total epoch time: 25.322

New epoch - lr: 0.001
[1/86 iteration of epoch 37/50] 
 {loss} cls : 0.044, total : 0.044 
 {acc} cls : 100.00
[31/86 iteration of epoch 37/50] 
 {loss} cls : 0.026, total : 0.026 
 {acc} cls : 98.44
[61/86 iteration of epoch 37/50] 
 {loss} cls : 0.011, total : 0.011 
 {acc} cls : 100.00
------------------------------
<Losses on train> cls : 0.031, total : 0.031
<Accuracies on train> cls : 99.29
Train epoch time: 21.189
------------------------------
<Accuracies on val> class : 81.60
------------------------------
<Accuracies on test> class : 79.31
------------------------------
Total epoch time: 25.152

New epoch - lr: 0.001
[1/86 iteration of epoch 38/50] 
 {loss} cls : 0.003, total : 0.003 
 {acc} cls : 100.00
[31/86 iteration of epoch 38/50] 
 {loss} cls : 0.028, total : 0.028 
 {acc} cls : 100.00
[61/86 iteration of epoch 38/50] 
 {loss} cls : 0.007, total : 0.007 
 {acc} cls : 100.00
------------------------------
<Losses on train> cls : 0.020, total : 0.020
<Accuracies on train> cls : 99.51
Train epoch time: 21.537
------------------------------
<Accuracies on val> class : 82.37
------------------------------
<Accuracies on test> class : 79.31
------------------------------
Total epoch time: 25.532

New epoch - lr: 0.001
[1/86 iteration of epoch 39/50] 
 {loss} cls : 0.010, total : 0.010 
 {acc} cls : 100.00
[31/86 iteration of epoch 39/50] 
 {loss} cls : 0.129, total : 0.129 
 {acc} cls : 96.88
[61/86 iteration of epoch 39/50] 
 {loss} cls : 0.009, total : 0.009 
 {acc} cls : 100.00
------------------------------
<Losses on train> cls : 0.030, total : 0.030
<Accuracies on train> cls : 99.44
Train epoch time: 21.273
------------------------------
<Accuracies on val> class : 83.14
------------------------------
<Accuracies on test> class : 79.27
------------------------------
Total epoch time: 25.236

New epoch - lr: 0.0001
[1/86 iteration of epoch 40/50] 
 {loss} cls : 0.049, total : 0.049 
 {acc} cls : 98.44
[31/86 iteration of epoch 40/50] 
 {loss} cls : 0.096, total : 0.096 
 {acc} cls : 96.88
[61/86 iteration of epoch 40/50] 
 {loss} cls : 0.013, total : 0.013 
 {acc} cls : 100.00
------------------------------
<Losses on train> cls : 0.075, total : 0.075
<Accuracies on train> cls : 97.66
Train epoch time: 21.297
------------------------------
<Accuracies on val> class : 83.14
------------------------------
<Accuracies on test> class : 79.39
------------------------------
Total epoch time: 25.323

New epoch - lr: 0.0001
[1/86 iteration of epoch 41/50] 
 {loss} cls : 0.059, total : 0.059 
 {acc} cls : 100.00
[31/86 iteration of epoch 41/50] 
 {loss} cls : 0.120, total : 0.120 
 {acc} cls : 95.31
[61/86 iteration of epoch 41/50] 
 {loss} cls : 0.043, total : 0.043 
 {acc} cls : 100.00
------------------------------
<Losses on train> cls : 0.101, total : 0.101
<Accuracies on train> cls : 96.51
Train epoch time: 21.114
------------------------------
<Accuracies on val> class : 83.14
------------------------------
<Accuracies on test> class : 79.39
------------------------------
Total epoch time: 25.320

New epoch - lr: 0.0001
[1/86 iteration of epoch 42/50] 
 {loss} cls : 0.041, total : 0.041 
 {acc} cls : 100.00
[31/86 iteration of epoch 42/50] 
 {loss} cls : 0.191, total : 0.191 
 {acc} cls : 95.31
[61/86 iteration of epoch 42/50] 
 {loss} cls : 0.147, total : 0.147 
 {acc} cls : 95.31
------------------------------
<Losses on train> cls : 0.115, total : 0.115
<Accuracies on train> cls : 96.24
Train epoch time: 20.830
------------------------------
<Accuracies on val> class : 83.27
------------------------------
<Accuracies on test> class : 79.44
------------------------------
Total epoch time: 24.612

New epoch - lr: 0.0001
[1/86 iteration of epoch 43/50] 
 {loss} cls : 0.046, total : 0.046 
 {acc} cls : 100.00
[31/86 iteration of epoch 43/50] 
 {loss} cls : 0.183, total : 0.183 
 {acc} cls : 92.19
[61/86 iteration of epoch 43/50] 
 {loss} cls : 0.042, total : 0.042 
 {acc} cls : 100.00
------------------------------
<Losses on train> cls : 0.117, total : 0.117
<Accuracies on train> cls : 95.84
Train epoch time: 20.466
------------------------------
<Accuracies on val> class : 82.75
------------------------------
<Accuracies on test> class : 80.03
------------------------------
Total epoch time: 24.420

New epoch - lr: 0.0001
[1/86 iteration of epoch 44/50] 
 {loss} cls : 0.066, total : 0.066 
 {acc} cls : 100.00
[31/86 iteration of epoch 44/50] 
 {loss} cls : 0.060, total : 0.060 
 {acc} cls : 98.44
[61/86 iteration of epoch 44/50] 
 {loss} cls : 0.279, total : 0.279 
 {acc} cls : 79.69
------------------------------
<Losses on train> cls : 0.105, total : 0.105
<Accuracies on train> cls : 96.31
Train epoch time: 20.248
------------------------------
<Accuracies on val> class : 83.40
------------------------------
<Accuracies on test> class : 79.14
------------------------------
Total epoch time: 24.121

New epoch - lr: 0.0001
[1/86 iteration of epoch 45/50] 
 {loss} cls : 0.205, total : 0.205 
 {acc} cls : 95.31
[31/86 iteration of epoch 45/50] 
 {loss} cls : 0.075, total : 0.075 
 {acc} cls : 100.00
[61/86 iteration of epoch 45/50] 
 {loss} cls : 0.115, total : 0.115 
 {acc} cls : 98.44
------------------------------
<Losses on train> cls : 0.076, total : 0.076
<Accuracies on train> cls : 97.75
Train epoch time: 20.403
------------------------------
<Accuracies on val> class : 83.01
------------------------------
<Accuracies on test> class : 79.14
------------------------------
Total epoch time: 24.279

New epoch - lr: 0.0001
[1/86 iteration of epoch 46/50] 
 {loss} cls : 0.046, total : 0.046 
 {acc} cls : 100.00
[31/86 iteration of epoch 46/50] 
 {loss} cls : 0.133, total : 0.133 
 {acc} cls : 96.88
[61/86 iteration of epoch 46/50] 
 {loss} cls : 0.017, total : 0.017 
 {acc} cls : 100.00
------------------------------
<Losses on train> cls : 0.069, total : 0.069
<Accuracies on train> cls : 98.36
Train epoch time: 20.483
------------------------------
<Accuracies on val> class : 83.40
------------------------------
<Accuracies on test> class : 79.39
------------------------------
Total epoch time: 24.326

New epoch - lr: 0.0001
[1/86 iteration of epoch 47/50] 
 {loss} cls : 0.047, total : 0.047 
 {acc} cls : 96.88
[31/86 iteration of epoch 47/50] 
 {loss} cls : 0.225, total : 0.225 
 {acc} cls : 90.62
[61/86 iteration of epoch 47/50] 
 {loss} cls : 0.069, total : 0.069 
 {acc} cls : 100.00
------------------------------
<Losses on train> cls : 0.099, total : 0.099
<Accuracies on train> cls : 96.26
Train epoch time: 20.449
------------------------------
<Accuracies on val> class : 82.75
------------------------------
<Accuracies on test> class : 78.75
------------------------------
Total epoch time: 24.299

New epoch - lr: 0.0001
[1/86 iteration of epoch 48/50] 
 {loss} cls : 0.124, total : 0.124 
 {acc} cls : 95.31
[31/86 iteration of epoch 48/50] 
 {loss} cls : 0.045, total : 0.045 
 {acc} cls : 100.00
[61/86 iteration of epoch 48/50] 
 {loss} cls : 0.089, total : 0.089 
 {acc} cls : 98.44
------------------------------
<Losses on train> cls : 0.129, total : 0.129
<Accuracies on train> cls : 95.17
Train epoch time: 20.104
------------------------------
<Accuracies on val> class : 82.88
------------------------------
<Accuracies on test> class : 78.75
------------------------------
Total epoch time: 23.938

New epoch - lr: 0.0001
[1/86 iteration of epoch 49/50] 
 {loss} cls : 0.136, total : 0.136 
 {acc} cls : 89.06
[31/86 iteration of epoch 49/50] 
 {loss} cls : 0.026, total : 0.026 
 {acc} cls : 100.00
[61/86 iteration of epoch 49/50] 
 {loss} cls : 0.220, total : 0.220 
 {acc} cls : 93.75
------------------------------
<Losses on train> cls : 0.088, total : 0.088
<Accuracies on train> cls : 97.47
Train epoch time: 20.434
------------------------------
<Accuracies on val> class : 83.27
------------------------------
<Accuracies on test> class : 79.61
------------------------------
Total epoch time: 24.114

New epoch - lr: 0.0001
[1/86 iteration of epoch 50/50] 
 {loss} cls : 0.016, total : 0.016 
 {acc} cls : 100.00
[31/86 iteration of epoch 50/50] 
 {loss} cls : 0.074, total : 0.074 
 {acc} cls : 96.88
[61/86 iteration of epoch 50/50] 
 {loss} cls : 0.096, total : 0.096 
 {acc} cls : 95.31
------------------------------
<Losses on train> cls : 0.082, total : 0.082
<Accuracies on train> cls : 97.46
Train epoch time: 19.759
------------------------------
<Accuracies on val> class : 83.01
------------------------------
<Accuracies on test> class : 79.44
------------------------------
Total epoch time: 23.421

******************************
Best val 0.839125, corresponding test 0.78029 - best test: 0.800341
