
Loading experiment Officehome/ResNet18_step

Sample Strategy: all

New epoch - lr: 0.003
[1/61 iteration of epoch 1/50] 
 {loss} cls : 4.335, total : 4.335 
 {acc} cls : 0.78
[31/61 iteration of epoch 1/50] 
 {loss} cls : 1.335, total : 1.335 
 {acc} cls : 62.50
[61/61 iteration of epoch 1/50] 
 {loss} cls : 0.681, total : 0.681 
 {acc} cls : 85.94
------------------------------
<Losses on train> cls : 1.891, total : 1.891
<Accuracies on train> cls : 54.94
Train epoch time: 48.984
------------------------------
<Accuracies on val> class : 62.61
------------------------------
<Accuracies on test> class : 57.39
------------------------------
<Accuracies on Art> test class : 44.42
------------------------------
<Accuracies on Product> test class : 60.06
------------------------------
<Accuracies on Real_World> test class : 61.90
------------------------------
Total epoch time: 285.834

New epoch - lr: 0.003
[1/61 iteration of epoch 2/50] 
 {loss} cls : 0.721, total : 0.721 
 {acc} cls : 80.47
[31/61 iteration of epoch 2/50] 
 {loss} cls : 0.620, total : 0.620 
 {acc} cls : 83.59
[61/61 iteration of epoch 2/50] 
 {loss} cls : 0.623, total : 0.623 
 {acc} cls : 82.03
------------------------------
<Losses on train> cls : 0.665, total : 0.665
<Accuracies on train> cls : 81.81
Train epoch time: 47.055
------------------------------
<Accuracies on val> class : 68.12
------------------------------
<Accuracies on test> class : 59.64
------------------------------
<Accuracies on Art> test class : 48.33
------------------------------
<Accuracies on Product> test class : 61.16
------------------------------
<Accuracies on Real_World> test class : 64.38
------------------------------
Total epoch time: 282.438

New epoch - lr: 0.003
[1/61 iteration of epoch 3/50] 
 {loss} cls : 0.523, total : 0.523 
 {acc} cls : 86.72
[31/61 iteration of epoch 3/50] 
 {loss} cls : 0.456, total : 0.456 
 {acc} cls : 84.38
[61/61 iteration of epoch 3/50] 
 {loss} cls : 0.291, total : 0.291 
 {acc} cls : 92.19
------------------------------
<Losses on train> cls : 0.443, total : 0.443
<Accuracies on train> cls : 87.64
Train epoch time: 44.718
------------------------------
<Accuracies on val> class : 72.02
------------------------------
<Accuracies on test> class : 60.07
------------------------------
<Accuracies on Art> test class : 46.93
------------------------------
<Accuracies on Product> test class : 62.83
------------------------------
<Accuracies on Real_World> test class : 64.59
------------------------------
Total epoch time: 280.525

New epoch - lr: 0.003
[1/61 iteration of epoch 4/50] 
 {loss} cls : 0.407, total : 0.407 
 {acc} cls : 88.28
[31/61 iteration of epoch 4/50] 
 {loss} cls : 0.398, total : 0.398 
 {acc} cls : 87.50
[61/61 iteration of epoch 4/50] 
 {loss} cls : 0.454, total : 0.454 
 {acc} cls : 85.16
------------------------------
<Losses on train> cls : 0.354, total : 0.354
<Accuracies on train> cls : 89.64
Train epoch time: 46.176
------------------------------
<Accuracies on val> class : 71.10
------------------------------
<Accuracies on test> class : 60.77
------------------------------
<Accuracies on Art> test class : 48.33
------------------------------
<Accuracies on Product> test class : 62.27
------------------------------
<Accuracies on Real_World> test class : 66.17
------------------------------
Total epoch time: 285.093

New epoch - lr: 0.003
[1/61 iteration of epoch 5/50] 
 {loss} cls : 0.415, total : 0.415 
 {acc} cls : 88.28
[31/61 iteration of epoch 5/50] 
 {loss} cls : 0.298, total : 0.298 
 {acc} cls : 92.19
[61/61 iteration of epoch 5/50] 
 {loss} cls : 0.269, total : 0.269 
 {acc} cls : 92.19
------------------------------
<Losses on train> cls : 0.269, total : 0.269
<Accuracies on train> cls : 92.49
Train epoch time: 44.159
------------------------------
<Accuracies on val> class : 75.69
------------------------------
<Accuracies on test> class : 61.88
------------------------------
<Accuracies on Art> test class : 50.39
------------------------------
<Accuracies on Product> test class : 63.35
------------------------------
<Accuracies on Real_World> test class : 66.79
------------------------------
Total epoch time: 280.573

New epoch - lr: 0.003
[1/61 iteration of epoch 6/50] 
 {loss} cls : 0.253, total : 0.253 
 {acc} cls : 92.97
[31/61 iteration of epoch 6/50] 
 {loss} cls : 0.222, total : 0.222 
 {acc} cls : 93.75
[61/61 iteration of epoch 6/50] 
 {loss} cls : 0.183, total : 0.183 
 {acc} cls : 94.53
------------------------------
<Losses on train> cls : 0.215, total : 0.215
<Accuracies on train> cls : 94.20
Train epoch time: 44.126
------------------------------
<Accuracies on val> class : 75.92
------------------------------
<Accuracies on test> class : 61.71
------------------------------
<Accuracies on Art> test class : 49.65
------------------------------
<Accuracies on Product> test class : 63.78
------------------------------
<Accuracies on Real_World> test class : 66.33
------------------------------
Total epoch time: 282.782

New epoch - lr: 0.003
[1/61 iteration of epoch 7/50] 
 {loss} cls : 0.178, total : 0.178 
 {acc} cls : 95.31
[31/61 iteration of epoch 7/50] 
 {loss} cls : 0.211, total : 0.211 
 {acc} cls : 93.75
[61/61 iteration of epoch 7/50] 
 {loss} cls : 0.149, total : 0.149 
 {acc} cls : 96.88
------------------------------
<Losses on train> cls : 0.163, total : 0.163
<Accuracies on train> cls : 95.61
Train epoch time: 44.848
------------------------------
<Accuracies on val> class : 77.06
------------------------------
<Accuracies on test> class : 60.87
------------------------------
<Accuracies on Art> test class : 47.67
------------------------------
<Accuracies on Product> test class : 63.05
------------------------------
<Accuracies on Real_World> test class : 65.99
------------------------------
Total epoch time: 284.618

New epoch - lr: 0.003
[1/61 iteration of epoch 8/50] 
 {loss} cls : 0.141, total : 0.141 
 {acc} cls : 96.88
[31/61 iteration of epoch 8/50] 
 {loss} cls : 0.147, total : 0.147 
 {acc} cls : 94.53
[61/61 iteration of epoch 8/50] 
 {loss} cls : 0.185, total : 0.185 
 {acc} cls : 92.19
------------------------------
<Losses on train> cls : 0.147, total : 0.147
<Accuracies on train> cls : 96.14
Train epoch time: 44.596
------------------------------
<Accuracies on val> class : 77.06
------------------------------
<Accuracies on test> class : 61.50
------------------------------
<Accuracies on Art> test class : 48.21
------------------------------
<Accuracies on Product> test class : 63.53
------------------------------
<Accuracies on Real_World> test class : 66.83
------------------------------
Total epoch time: 284.656

New epoch - lr: 0.003
[1/61 iteration of epoch 9/50] 
 {loss} cls : 0.115, total : 0.115 
 {acc} cls : 98.44
[31/61 iteration of epoch 9/50] 
 {loss} cls : 0.134, total : 0.134 
 {acc} cls : 97.66
[61/61 iteration of epoch 9/50] 
 {loss} cls : 0.120, total : 0.120 
 {acc} cls : 98.44
------------------------------
<Losses on train> cls : 0.128, total : 0.128
<Accuracies on train> cls : 96.75
Train epoch time: 42.855
------------------------------
<Accuracies on val> class : 77.98
------------------------------
<Accuracies on test> class : 60.89
------------------------------
<Accuracies on Art> test class : 48.08
------------------------------
<Accuracies on Product> test class : 62.27
------------------------------
<Accuracies on Real_World> test class : 66.63
------------------------------
Total epoch time: 281.722

New epoch - lr: 0.003
[1/61 iteration of epoch 10/50] 
 {loss} cls : 0.140, total : 0.140 
 {acc} cls : 94.53
[31/61 iteration of epoch 10/50] 
 {loss} cls : 0.123, total : 0.123 
 {acc} cls : 96.88
[61/61 iteration of epoch 10/50] 
 {loss} cls : 0.113, total : 0.113 
 {acc} cls : 96.88
------------------------------
<Losses on train> cls : 0.121, total : 0.121
<Accuracies on train> cls : 96.73
Train epoch time: 44.550
------------------------------
<Accuracies on val> class : 75.23
------------------------------
<Accuracies on test> class : 60.76
------------------------------
<Accuracies on Art> test class : 48.62
------------------------------
<Accuracies on Product> test class : 62.27
------------------------------
<Accuracies on Real_World> test class : 65.99
------------------------------
Total epoch time: 282.732

New epoch - lr: 0.003
[1/61 iteration of epoch 11/50] 
 {loss} cls : 0.128, total : 0.128 
 {acc} cls : 94.53
[31/61 iteration of epoch 11/50] 
 {loss} cls : 0.092, total : 0.092 
 {acc} cls : 96.88
[61/61 iteration of epoch 11/50] 
 {loss} cls : 0.086, total : 0.086 
 {acc} cls : 97.66
------------------------------
<Losses on train> cls : 0.102, total : 0.102
<Accuracies on train> cls : 97.49
Train epoch time: 43.072
------------------------------
<Accuracies on val> class : 78.44
------------------------------
<Accuracies on test> class : 61.21
------------------------------
<Accuracies on Art> test class : 47.84
------------------------------
<Accuracies on Product> test class : 63.12
------------------------------
<Accuracies on Real_World> test class : 66.72
------------------------------
Total epoch time: 280.749

New epoch - lr: 0.003
[1/61 iteration of epoch 12/50] 
 {loss} cls : 0.047, total : 0.047 
 {acc} cls : 99.22
[31/61 iteration of epoch 12/50] 
 {loss} cls : 0.097, total : 0.097 
 {acc} cls : 97.66
[61/61 iteration of epoch 12/50] 
 {loss} cls : 0.180, total : 0.180 
 {acc} cls : 94.53
------------------------------
<Losses on train> cls : 0.091, total : 0.091
<Accuracies on train> cls : 97.52
Train epoch time: 43.924
------------------------------
<Accuracies on val> class : 76.38
------------------------------
<Accuracies on test> class : 61.50
------------------------------
<Accuracies on Art> test class : 48.17
------------------------------
<Accuracies on Product> test class : 63.93
------------------------------
<Accuracies on Real_World> test class : 66.44
------------------------------
Total epoch time: 283.621

New epoch - lr: 0.003
[1/61 iteration of epoch 13/50] 
 {loss} cls : 0.077, total : 0.077 
 {acc} cls : 98.44
[31/61 iteration of epoch 13/50] 
 {loss} cls : 0.075, total : 0.075 
 {acc} cls : 98.44
[61/61 iteration of epoch 13/50] 
 {loss} cls : 0.167, total : 0.167 
 {acc} cls : 95.31
------------------------------
<Losses on train> cls : 0.092, total : 0.092
<Accuracies on train> cls : 97.69
Train epoch time: 42.528
------------------------------
<Accuracies on val> class : 77.75
------------------------------
<Accuracies on test> class : 62.16
------------------------------
<Accuracies on Art> test class : 48.74
------------------------------
<Accuracies on Product> test class : 64.95
------------------------------
<Accuracies on Real_World> test class : 66.79
------------------------------
Total epoch time: 278.301

New epoch - lr: 0.003
[1/61 iteration of epoch 14/50] 
 {loss} cls : 0.089, total : 0.089 
 {acc} cls : 96.88
[31/61 iteration of epoch 14/50] 
 {loss} cls : 0.064, total : 0.064 
 {acc} cls : 98.44
[61/61 iteration of epoch 14/50] 
 {loss} cls : 0.056, total : 0.056 
 {acc} cls : 98.44
------------------------------
<Losses on train> cls : 0.083, total : 0.083
<Accuracies on train> cls : 97.81
Train epoch time: 41.864
------------------------------
<Accuracies on val> class : 77.98
------------------------------
<Accuracies on test> class : 62.18
------------------------------
<Accuracies on Art> test class : 49.44
------------------------------
<Accuracies on Product> test class : 64.45
------------------------------
<Accuracies on Real_World> test class : 66.97
------------------------------
Total epoch time: 274.934

New epoch - lr: 0.003
[1/61 iteration of epoch 15/50] 
 {loss} cls : 0.054, total : 0.054 
 {acc} cls : 99.22
[31/61 iteration of epoch 15/50] 
 {loss} cls : 0.071, total : 0.071 
 {acc} cls : 98.44
[61/61 iteration of epoch 15/50] 
 {loss} cls : 0.091, total : 0.091 
 {acc} cls : 97.66
------------------------------
<Losses on train> cls : 0.075, total : 0.075
<Accuracies on train> cls : 98.10
Train epoch time: 41.751
------------------------------
<Accuracies on val> class : 77.98
------------------------------
<Accuracies on test> class : 61.37
------------------------------
<Accuracies on Art> test class : 48.58
------------------------------
<Accuracies on Product> test class : 63.87
------------------------------
<Accuracies on Real_World> test class : 65.96
------------------------------
Total epoch time: 274.965

New epoch - lr: 0.003
[1/61 iteration of epoch 16/50] 
 {loss} cls : 0.040, total : 0.040 
 {acc} cls : 100.00
[31/61 iteration of epoch 16/50] 
 {loss} cls : 0.088, total : 0.088 
 {acc} cls : 98.44
[61/61 iteration of epoch 16/50] 
 {loss} cls : 0.044, total : 0.044 
 {acc} cls : 99.22
------------------------------
<Losses on train> cls : 0.075, total : 0.075
<Accuracies on train> cls : 98.08
Train epoch time: 41.922
------------------------------
<Accuracies on val> class : 77.75
------------------------------
<Accuracies on test> class : 61.85
------------------------------
<Accuracies on Art> test class : 49.69
------------------------------
<Accuracies on Product> test class : 63.60
------------------------------
<Accuracies on Real_World> test class : 66.83
------------------------------
Total epoch time: 275.626

New epoch - lr: 0.003
[1/61 iteration of epoch 17/50] 
 {loss} cls : 0.036, total : 0.036 
 {acc} cls : 99.22
[31/61 iteration of epoch 17/50] 
 {loss} cls : 0.042, total : 0.042 
 {acc} cls : 99.22
[61/61 iteration of epoch 17/50] 
 {loss} cls : 0.041, total : 0.041 
 {acc} cls : 100.00
------------------------------
<Losses on train> cls : 0.068, total : 0.068
<Accuracies on train> cls : 98.31
Train epoch time: 41.964
------------------------------
<Accuracies on val> class : 78.21
------------------------------
<Accuracies on test> class : 61.81
------------------------------
<Accuracies on Art> test class : 49.32
------------------------------
<Accuracies on Product> test class : 63.89
------------------------------
<Accuracies on Real_World> test class : 66.65
------------------------------
Total epoch time: 274.513

New epoch - lr: 0.003
[1/61 iteration of epoch 18/50] 
 {loss} cls : 0.032, total : 0.032 
 {acc} cls : 99.22
[31/61 iteration of epoch 18/50] 
 {loss} cls : 0.024, total : 0.024 
 {acc} cls : 100.00
[61/61 iteration of epoch 18/50] 
 {loss} cls : 0.085, total : 0.085 
 {acc} cls : 97.66
------------------------------
<Losses on train> cls : 0.053, total : 0.053
<Accuracies on train> cls : 98.60
Train epoch time: 43.754
------------------------------
<Accuracies on val> class : 79.59
------------------------------
<Accuracies on test> class : 62.41
------------------------------
<Accuracies on Art> test class : 49.24
------------------------------
<Accuracies on Product> test class : 64.52
------------------------------
<Accuracies on Real_World> test class : 67.59
------------------------------
Total epoch time: 279.239

New epoch - lr: 0.003
[1/61 iteration of epoch 19/50] 
 {loss} cls : 0.071, total : 0.071 
 {acc} cls : 98.44
[31/61 iteration of epoch 19/50] 
 {loss} cls : 0.066, total : 0.066 
 {acc} cls : 97.66
[61/61 iteration of epoch 19/50] 
 {loss} cls : 0.054, total : 0.054 
 {acc} cls : 99.22
------------------------------
<Losses on train> cls : 0.059, total : 0.059
<Accuracies on train> cls : 98.36
Train epoch time: 42.359
------------------------------
<Accuracies on val> class : 77.98
------------------------------
<Accuracies on test> class : 61.62
------------------------------
<Accuracies on Art> test class : 49.20
------------------------------
<Accuracies on Product> test class : 64.20
------------------------------
<Accuracies on Real_World> test class : 65.92
------------------------------
Total epoch time: 275.768

New epoch - lr: 0.003
[1/61 iteration of epoch 20/50] 
 {loss} cls : 0.039, total : 0.039 
 {acc} cls : 99.22
[31/61 iteration of epoch 20/50] 
 {loss} cls : 0.070, total : 0.070 
 {acc} cls : 97.66
[61/61 iteration of epoch 20/50] 
 {loss} cls : 0.054, total : 0.054 
 {acc} cls : 98.44
------------------------------
<Losses on train> cls : 0.054, total : 0.054
<Accuracies on train> cls : 98.59
Train epoch time: 39.535
------------------------------
<Accuracies on val> class : 76.83
------------------------------
<Accuracies on test> class : 61.32
------------------------------
<Accuracies on Art> test class : 48.91
------------------------------
<Accuracies on Product> test class : 63.66
------------------------------
<Accuracies on Real_World> test class : 65.85
------------------------------
Total epoch time: 263.046

New epoch - lr: 0.003
[1/61 iteration of epoch 21/50] 
 {loss} cls : 0.039, total : 0.039 
 {acc} cls : 100.00
[31/61 iteration of epoch 21/50] 
 {loss} cls : 0.054, total : 0.054 
 {acc} cls : 97.66
[61/61 iteration of epoch 21/50] 
 {loss} cls : 0.060, total : 0.060 
 {acc} cls : 98.44
------------------------------
<Losses on train> cls : 0.054, total : 0.054
<Accuracies on train> cls : 98.51
Train epoch time: 39.633
------------------------------
<Accuracies on val> class : 78.21
------------------------------
<Accuracies on test> class : 62.49
------------------------------
<Accuracies on Art> test class : 49.81
------------------------------
<Accuracies on Product> test class : 64.72
------------------------------
<Accuracies on Real_World> test class : 67.27
------------------------------
Total epoch time: 264.953

New epoch - lr: 0.003
[1/61 iteration of epoch 22/50] 
 {loss} cls : 0.059, total : 0.059 
 {acc} cls : 97.66
[31/61 iteration of epoch 22/50] 
 {loss} cls : 0.073, total : 0.073 
 {acc} cls : 97.66
[61/61 iteration of epoch 22/50] 
 {loss} cls : 0.050, total : 0.050 
 {acc} cls : 99.22
------------------------------
<Losses on train> cls : 0.052, total : 0.052
<Accuracies on train> cls : 98.66
Train epoch time: 40.034
------------------------------
<Accuracies on val> class : 78.44
------------------------------
<Accuracies on test> class : 62.73
------------------------------
<Accuracies on Art> test class : 49.69
------------------------------
<Accuracies on Product> test class : 65.47
------------------------------
<Accuracies on Real_World> test class : 67.20
------------------------------
Total epoch time: 263.809

New epoch - lr: 0.003
[1/61 iteration of epoch 23/50] 
 {loss} cls : 0.050, total : 0.050 
 {acc} cls : 98.44
[31/61 iteration of epoch 23/50] 
 {loss} cls : 0.075, total : 0.075 
 {acc} cls : 97.66
[61/61 iteration of epoch 23/50] 
 {loss} cls : 0.069, total : 0.069 
 {acc} cls : 98.44
------------------------------
<Losses on train> cls : 0.053, total : 0.053
<Accuracies on train> cls : 98.62
Train epoch time: 39.897
------------------------------
<Accuracies on val> class : 77.52
------------------------------
<Accuracies on test> class : 62.19
------------------------------
<Accuracies on Art> test class : 49.61
------------------------------
<Accuracies on Product> test class : 64.65
------------------------------
<Accuracies on Real_World> test class : 66.70
------------------------------
Total epoch time: 262.207

New epoch - lr: 0.003
[1/61 iteration of epoch 24/50] 
 {loss} cls : 0.107, total : 0.107 
 {acc} cls : 96.09
[31/61 iteration of epoch 24/50] 
 {loss} cls : 0.101, total : 0.101 
 {acc} cls : 96.09
[61/61 iteration of epoch 24/50] 
 {loss} cls : 0.104, total : 0.104 
 {acc} cls : 97.66
------------------------------
<Losses on train> cls : 0.051, total : 0.051
<Accuracies on train> cls : 98.62
Train epoch time: 40.329
------------------------------
<Accuracies on val> class : 77.75
------------------------------
<Accuracies on test> class : 61.89
------------------------------
<Accuracies on Art> test class : 49.20
------------------------------
<Accuracies on Product> test class : 64.32
------------------------------
<Accuracies on Real_World> test class : 66.49
------------------------------
Total epoch time: 265.246

New epoch - lr: 0.003
[1/61 iteration of epoch 25/50] 
 {loss} cls : 0.048, total : 0.048 
 {acc} cls : 97.66
[31/61 iteration of epoch 25/50] 
 {loss} cls : 0.017, total : 0.017 
 {acc} cls : 100.00
[61/61 iteration of epoch 25/50] 
 {loss} cls : 0.097, total : 0.097 
 {acc} cls : 96.88
------------------------------
<Losses on train> cls : 0.045, total : 0.045
<Accuracies on train> cls : 98.67
Train epoch time: 40.372
------------------------------
<Accuracies on val> class : 78.21
------------------------------
<Accuracies on test> class : 61.77
------------------------------
<Accuracies on Art> test class : 49.36
------------------------------
<Accuracies on Product> test class : 64.00
------------------------------
<Accuracies on Real_World> test class : 66.42
------------------------------
Total epoch time: 265.120

New epoch - lr: 0.003
[1/61 iteration of epoch 26/50] 
 {loss} cls : 0.105, total : 0.105 
 {acc} cls : 96.88
[31/61 iteration of epoch 26/50] 
 {loss} cls : 0.025, total : 0.025 
 {acc} cls : 100.00
[61/61 iteration of epoch 26/50] 
 {loss} cls : 0.031, total : 0.031 
 {acc} cls : 99.22
------------------------------
<Losses on train> cls : 0.051, total : 0.051
<Accuracies on train> cls : 98.60
Train epoch time: 39.770
------------------------------
<Accuracies on val> class : 76.61
------------------------------
<Accuracies on test> class : 61.69
------------------------------
<Accuracies on Art> test class : 48.87
------------------------------
<Accuracies on Product> test class : 63.53
------------------------------
<Accuracies on Real_World> test class : 66.97
------------------------------
Total epoch time: 262.930

New epoch - lr: 0.003
[1/61 iteration of epoch 27/50] 
 {loss} cls : 0.025, total : 0.025 
 {acc} cls : 99.22
[31/61 iteration of epoch 27/50] 
 {loss} cls : 0.047, total : 0.047 
 {acc} cls : 99.22
[61/61 iteration of epoch 27/50] 
 {loss} cls : 0.054, total : 0.054 
 {acc} cls : 98.44
------------------------------
<Losses on train> cls : 0.045, total : 0.045
<Accuracies on train> cls : 98.72
Train epoch time: 40.576
------------------------------
<Accuracies on val> class : 78.21
------------------------------
<Accuracies on test> class : 61.29
------------------------------
<Accuracies on Art> test class : 47.63
------------------------------
<Accuracies on Product> test class : 63.28
------------------------------
<Accuracies on Real_World> test class : 66.88
------------------------------
Total epoch time: 265.248

New epoch - lr: 0.003
[1/61 iteration of epoch 28/50] 
 {loss} cls : 0.038, total : 0.038 
 {acc} cls : 98.44
[31/61 iteration of epoch 28/50] 
 {loss} cls : 0.033, total : 0.033 
 {acc} cls : 99.22
[61/61 iteration of epoch 28/50] 
 {loss} cls : 0.012, total : 0.012 
 {acc} cls : 100.00
------------------------------
<Losses on train> cls : 0.044, total : 0.044
<Accuracies on train> cls : 98.80
Train epoch time: 40.370
------------------------------
<Accuracies on val> class : 78.67
------------------------------
<Accuracies on test> class : 62.55
------------------------------
<Accuracies on Art> test class : 49.11
------------------------------
<Accuracies on Product> test class : 65.01
------------------------------
<Accuracies on Real_World> test class : 67.52
------------------------------
Total epoch time: 262.497

New epoch - lr: 0.003
[1/61 iteration of epoch 29/50] 
 {loss} cls : 0.041, total : 0.041 
 {acc} cls : 98.44
[31/61 iteration of epoch 29/50] 
 {loss} cls : 0.066, total : 0.066 
 {acc} cls : 96.88
[61/61 iteration of epoch 29/50] 
 {loss} cls : 0.073, total : 0.073 
 {acc} cls : 96.88
------------------------------
<Losses on train> cls : 0.043, total : 0.043
<Accuracies on train> cls : 98.59
Train epoch time: 39.656
------------------------------
<Accuracies on val> class : 79.13
------------------------------
<Accuracies on test> class : 61.70
------------------------------
<Accuracies on Art> test class : 48.91
------------------------------
<Accuracies on Product> test class : 63.33
------------------------------
<Accuracies on Real_World> test class : 67.18
------------------------------
Total epoch time: 261.622

New epoch - lr: 0.003
[1/61 iteration of epoch 30/50] 
 {loss} cls : 0.032, total : 0.032 
 {acc} cls : 99.22
[31/61 iteration of epoch 30/50] 
 {loss} cls : 0.016, total : 0.016 
 {acc} cls : 100.00
[61/61 iteration of epoch 30/50] 
 {loss} cls : 0.029, total : 0.029 
 {acc} cls : 99.22
------------------------------
<Losses on train> cls : 0.040, total : 0.040
<Accuracies on train> cls : 98.85
Train epoch time: 41.168
------------------------------
<Accuracies on val> class : 77.29
------------------------------
<Accuracies on test> class : 62.10
------------------------------
<Accuracies on Art> test class : 48.33
------------------------------
<Accuracies on Product> test class : 64.95
------------------------------
<Accuracies on Real_World> test class : 66.88
------------------------------
Total epoch time: 266.603

New epoch - lr: 0.003
[1/61 iteration of epoch 31/50] 
 {loss} cls : 0.044, total : 0.044 
 {acc} cls : 98.44
[31/61 iteration of epoch 31/50] 
 {loss} cls : 0.018, total : 0.018 
 {acc} cls : 100.00
[61/61 iteration of epoch 31/50] 
 {loss} cls : 0.075, total : 0.075 
 {acc} cls : 98.44
------------------------------
<Losses on train> cls : 0.039, total : 0.039
<Accuracies on train> cls : 98.91
Train epoch time: 40.916
------------------------------
<Accuracies on val> class : 78.21
------------------------------
<Accuracies on test> class : 62.69
------------------------------
<Accuracies on Art> test class : 49.69
------------------------------
<Accuracies on Product> test class : 65.35
------------------------------
<Accuracies on Real_World> test class : 67.23
------------------------------
Total epoch time: 263.197

New epoch - lr: 0.003
[1/61 iteration of epoch 32/50] 
 {loss} cls : 0.052, total : 0.052 
 {acc} cls : 98.44
[31/61 iteration of epoch 32/50] 
 {loss} cls : 0.050, total : 0.050 
 {acc} cls : 99.22
[61/61 iteration of epoch 32/50] 
 {loss} cls : 0.086, total : 0.086 
 {acc} cls : 96.88
------------------------------
<Losses on train> cls : 0.046, total : 0.046
<Accuracies on train> cls : 98.62
Train epoch time: 39.872
------------------------------
<Accuracies on val> class : 79.13
------------------------------
<Accuracies on test> class : 61.67
------------------------------
<Accuracies on Art> test class : 48.00
------------------------------
<Accuracies on Product> test class : 64.29
------------------------------
<Accuracies on Real_World> test class : 66.61
------------------------------
Total epoch time: 263.287

New epoch - lr: 0.003
[1/61 iteration of epoch 33/50] 
 {loss} cls : 0.021, total : 0.021 
 {acc} cls : 99.22
[31/61 iteration of epoch 33/50] 
 {loss} cls : 0.029, total : 0.029 
 {acc} cls : 99.22
[61/61 iteration of epoch 33/50] 
 {loss} cls : 0.016, total : 0.016 
 {acc} cls : 100.00
------------------------------
<Losses on train> cls : 0.040, total : 0.040
<Accuracies on train> cls : 98.76
Train epoch time: 40.601
------------------------------
<Accuracies on val> class : 77.75
------------------------------
<Accuracies on test> class : 62.12
------------------------------
<Accuracies on Art> test class : 48.95
------------------------------
<Accuracies on Product> test class : 64.25
------------------------------
<Accuracies on Real_World> test class : 67.29
------------------------------
Total epoch time: 264.194

New epoch - lr: 0.003
[1/61 iteration of epoch 34/50] 
 {loss} cls : 0.076, total : 0.076 
 {acc} cls : 97.66
[31/61 iteration of epoch 34/50] 
 {loss} cls : 0.043, total : 0.043 
 {acc} cls : 98.44
[61/61 iteration of epoch 34/50] 
 {loss} cls : 0.041, total : 0.041 
 {acc} cls : 99.22
------------------------------
<Losses on train> cls : 0.039, total : 0.039
<Accuracies on train> cls : 98.81
Train epoch time: 40.292
------------------------------
<Accuracies on val> class : 78.44
------------------------------
<Accuracies on test> class : 62.19
------------------------------
<Accuracies on Art> test class : 48.83
------------------------------
<Accuracies on Product> test class : 64.74
------------------------------
<Accuracies on Real_World> test class : 67.04
------------------------------
Total epoch time: 262.664

New epoch - lr: 0.003
[1/61 iteration of epoch 35/50] 
 {loss} cls : 0.042, total : 0.042 
 {acc} cls : 99.22
[31/61 iteration of epoch 35/50] 
 {loss} cls : 0.066, total : 0.066 
 {acc} cls : 97.66
[61/61 iteration of epoch 35/50] 
 {loss} cls : 0.079, total : 0.079 
 {acc} cls : 96.88
------------------------------
<Losses on train> cls : 0.043, total : 0.043
<Accuracies on train> cls : 98.73
Train epoch time: 39.697
------------------------------
<Accuracies on val> class : 77.75
------------------------------
<Accuracies on test> class : 62.78
------------------------------
<Accuracies on Art> test class : 48.91
------------------------------
<Accuracies on Product> test class : 65.53
------------------------------
<Accuracies on Real_World> test class : 67.71
------------------------------
Total epoch time: 265.588

New epoch - lr: 0.003
[1/61 iteration of epoch 36/50] 
 {loss} cls : 0.018, total : 0.018 
 {acc} cls : 100.00
[31/61 iteration of epoch 36/50] 
 {loss} cls : 0.024, total : 0.024 
 {acc} cls : 99.22
[61/61 iteration of epoch 36/50] 
 {loss} cls : 0.050, total : 0.050 
 {acc} cls : 98.44
------------------------------
<Losses on train> cls : 0.040, total : 0.040
<Accuracies on train> cls : 98.72
Train epoch time: 40.315
------------------------------
<Accuracies on val> class : 77.75
------------------------------
<Accuracies on test> class : 62.28
------------------------------
<Accuracies on Art> test class : 48.91
------------------------------
<Accuracies on Product> test class : 64.90
------------------------------
<Accuracies on Real_World> test class : 67.06
------------------------------
Total epoch time: 268.729

New epoch - lr: 0.003
[1/61 iteration of epoch 37/50] 
 {loss} cls : 0.028, total : 0.028 
 {acc} cls : 99.22
[31/61 iteration of epoch 37/50] 
 {loss} cls : 0.030, total : 0.030 
 {acc} cls : 99.22
[61/61 iteration of epoch 37/50] 
 {loss} cls : 0.067, total : 0.067 
 {acc} cls : 97.66
------------------------------
<Losses on train> cls : 0.039, total : 0.039
<Accuracies on train> cls : 98.77
Train epoch time: 40.049
------------------------------
<Accuracies on val> class : 77.98
------------------------------
<Accuracies on test> class : 61.57
------------------------------
<Accuracies on Art> test class : 48.25
------------------------------
<Accuracies on Product> test class : 64.11
------------------------------
<Accuracies on Real_World> test class : 66.40
------------------------------
Total epoch time: 263.129

New epoch - lr: 0.003
[1/61 iteration of epoch 38/50] 
 {loss} cls : 0.023, total : 0.023 
 {acc} cls : 100.00
[31/61 iteration of epoch 38/50] 
 {loss} cls : 0.059, total : 0.059 
 {acc} cls : 97.66
[61/61 iteration of epoch 38/50] 
 {loss} cls : 0.021, total : 0.021 
 {acc} cls : 100.00
------------------------------
<Losses on train> cls : 0.038, total : 0.038
<Accuracies on train> cls : 98.89
Train epoch time: 40.606
------------------------------
<Accuracies on val> class : 79.13
------------------------------
<Accuracies on test> class : 62.41
------------------------------
<Accuracies on Art> test class : 49.94
------------------------------
<Accuracies on Product> test class : 64.63
------------------------------
<Accuracies on Real_World> test class : 67.09
------------------------------
Total epoch time: 282.423

New epoch - lr: 0.003
[1/61 iteration of epoch 39/50] 
 {loss} cls : 0.023, total : 0.023 
 {acc} cls : 99.22
[31/61 iteration of epoch 39/50] 
 {loss} cls : 0.053, total : 0.053 
 {acc} cls : 98.44
[61/61 iteration of epoch 39/50] 
 {loss} cls : 0.031, total : 0.031 
 {acc} cls : 99.22
------------------------------
<Losses on train> cls : 0.037, total : 0.037
<Accuracies on train> cls : 98.80
Train epoch time: 41.833
------------------------------
<Accuracies on val> class : 77.98
------------------------------
<Accuracies on test> class : 62.26
------------------------------
<Accuracies on Art> test class : 49.36
------------------------------
<Accuracies on Product> test class : 64.56
------------------------------
<Accuracies on Real_World> test class : 67.11
------------------------------
Total epoch time: 284.268

New epoch - lr: 0.003
[1/61 iteration of epoch 40/50] 
 {loss} cls : 0.022, total : 0.022 
 {acc} cls : 99.22
[31/61 iteration of epoch 40/50] 
 {loss} cls : 0.015, total : 0.015 
 {acc} cls : 100.00
[61/61 iteration of epoch 40/50] 
 {loss} cls : 0.021, total : 0.021 
 {acc} cls : 100.00
------------------------------
<Losses on train> cls : 0.037, total : 0.037
<Accuracies on train> cls : 98.90
Train epoch time: 43.197
------------------------------
<Accuracies on val> class : 77.75
------------------------------
<Accuracies on test> class : 61.68
------------------------------
<Accuracies on Art> test class : 48.95
------------------------------
<Accuracies on Product> test class : 64.09
------------------------------
<Accuracies on Real_World> test class : 66.31
------------------------------
Total epoch time: 286.645

New epoch - lr: 0.003
[1/61 iteration of epoch 41/50] 
 {loss} cls : 0.020, total : 0.020 
 {acc} cls : 99.22
[31/61 iteration of epoch 41/50] 
 {loss} cls : 0.026, total : 0.026 
 {acc} cls : 100.00
[61/61 iteration of epoch 41/50] 
 {loss} cls : 0.061, total : 0.061 
 {acc} cls : 97.66
------------------------------
<Losses on train> cls : 0.035, total : 0.035
<Accuracies on train> cls : 98.96
Train epoch time: 42.280
------------------------------
<Accuracies on val> class : 77.98
------------------------------
<Accuracies on test> class : 62.15
------------------------------
<Accuracies on Art> test class : 48.99
------------------------------
<Accuracies on Product> test class : 64.50
------------------------------
<Accuracies on Real_World> test class : 67.09
------------------------------
Total epoch time: 284.687

New epoch - lr: 0.003
[1/61 iteration of epoch 42/50] 
 {loss} cls : 0.032, total : 0.032 
 {acc} cls : 98.44
[31/61 iteration of epoch 42/50] 
 {loss} cls : 0.006, total : 0.006 
 {acc} cls : 100.00
[61/61 iteration of epoch 42/50] 
 {loss} cls : 0.019, total : 0.019 
 {acc} cls : 100.00
------------------------------
<Losses on train> cls : 0.038, total : 0.038
<Accuracies on train> cls : 98.77
Train epoch time: 41.713
------------------------------
<Accuracies on val> class : 77.52
------------------------------
<Accuracies on test> class : 62.20
------------------------------
<Accuracies on Art> test class : 48.95
------------------------------
<Accuracies on Product> test class : 64.65
------------------------------
<Accuracies on Real_World> test class : 67.09
------------------------------
Total epoch time: 282.007

New epoch - lr: 0.003
[1/61 iteration of epoch 43/50] 
 {loss} cls : 0.025, total : 0.025 
 {acc} cls : 100.00
[31/61 iteration of epoch 43/50] 
 {loss} cls : 0.030, total : 0.030 
 {acc} cls : 98.44
[61/61 iteration of epoch 43/50] 
 {loss} cls : 0.099, total : 0.099 
 {acc} cls : 96.88
------------------------------
<Losses on train> cls : 0.036, total : 0.036
<Accuracies on train> cls : 98.83
Train epoch time: 44.507
------------------------------
<Accuracies on val> class : 78.44
------------------------------
<Accuracies on test> class : 62.04
------------------------------
<Accuracies on Art> test class : 48.66
------------------------------
<Accuracies on Product> test class : 64.81
------------------------------
<Accuracies on Real_World> test class : 66.67
------------------------------
Total epoch time: 281.531

New epoch - lr: 0.003
[1/61 iteration of epoch 44/50] 
 {loss} cls : 0.061, total : 0.061 
 {acc} cls : 96.88
[31/61 iteration of epoch 44/50] 
 {loss} cls : 0.031, total : 0.031 
 {acc} cls : 99.22
[61/61 iteration of epoch 44/50] 
 {loss} cls : 0.056, total : 0.056 
 {acc} cls : 98.44
------------------------------
<Losses on train> cls : 0.035, total : 0.035
<Accuracies on train> cls : 98.89
Train epoch time: 44.103
------------------------------
<Accuracies on val> class : 77.98
------------------------------
<Accuracies on test> class : 61.98
------------------------------
<Accuracies on Art> test class : 48.91
------------------------------
<Accuracies on Product> test class : 64.23
------------------------------
<Accuracies on Real_World> test class : 66.97
------------------------------
Total epoch time: 284.696

New epoch - lr: 0.0009000000000000002
[1/61 iteration of epoch 45/50] 
 {loss} cls : 0.044, total : 0.044 
 {acc} cls : 98.44
[31/61 iteration of epoch 45/50] 
 {loss} cls : 0.020, total : 0.020 
 {acc} cls : 99.22
[61/61 iteration of epoch 45/50] 
 {loss} cls : 0.056, total : 0.056 
 {acc} cls : 98.44
------------------------------
<Losses on train> cls : 0.030, total : 0.030
<Accuracies on train> cls : 98.98
Train epoch time: 40.623
------------------------------
<Accuracies on val> class : 78.44
------------------------------
<Accuracies on test> class : 62.59
------------------------------
<Accuracies on Art> test class : 49.24
------------------------------
<Accuracies on Product> test class : 65.01
------------------------------
<Accuracies on Real_World> test class : 67.57
------------------------------
Total epoch time: 282.874

New epoch - lr: 0.0009000000000000002
[1/61 iteration of epoch 46/50] 
 {loss} cls : 0.015, total : 0.015 
 {acc} cls : 100.00
[31/61 iteration of epoch 46/50] 
 {loss} cls : 0.021, total : 0.021 
 {acc} cls : 99.22
[61/61 iteration of epoch 46/50] 
 {loss} cls : 0.028, total : 0.028 
 {acc} cls : 99.22
------------------------------
<Losses on train> cls : 0.028, total : 0.028
<Accuracies on train> cls : 99.07
Train epoch time: 42.066
------------------------------
<Accuracies on val> class : 78.21
------------------------------
<Accuracies on test> class : 62.46
------------------------------
<Accuracies on Art> test class : 48.91
------------------------------
<Accuracies on Product> test class : 65.10
------------------------------
<Accuracies on Real_World> test class : 67.32
------------------------------
Total epoch time: 286.234

New epoch - lr: 0.0009000000000000002
[1/61 iteration of epoch 47/50] 
 {loss} cls : 0.040, total : 0.040 
 {acc} cls : 99.22
[31/61 iteration of epoch 47/50] 
 {loss} cls : 0.030, total : 0.030 
 {acc} cls : 98.44
[61/61 iteration of epoch 47/50] 
 {loss} cls : 0.019, total : 0.019 
 {acc} cls : 99.22
------------------------------
<Losses on train> cls : 0.029, total : 0.029
<Accuracies on train> cls : 98.90
Train epoch time: 41.649
------------------------------
<Accuracies on val> class : 79.13
------------------------------
<Accuracies on test> class : 62.43
------------------------------
<Accuracies on Art> test class : 48.74
------------------------------
<Accuracies on Product> test class : 65.38
------------------------------
<Accuracies on Real_World> test class : 67.06
------------------------------
Total epoch time: 285.906

New epoch - lr: 0.0009000000000000002
[1/61 iteration of epoch 48/50] 
 {loss} cls : 0.029, total : 0.029 
 {acc} cls : 98.44
[31/61 iteration of epoch 48/50] 
 {loss} cls : 0.014, total : 0.014 
 {acc} cls : 100.00
[61/61 iteration of epoch 48/50] 
 {loss} cls : 0.076, total : 0.076 
 {acc} cls : 97.66
------------------------------
<Losses on train> cls : 0.028, total : 0.028
<Accuracies on train> cls : 98.94
Train epoch time: 41.551
------------------------------
<Accuracies on val> class : 78.44
------------------------------
<Accuracies on test> class : 62.72
------------------------------
<Accuracies on Art> test class : 49.07
------------------------------
<Accuracies on Product> test class : 65.58
------------------------------
<Accuracies on Real_World> test class : 67.41
------------------------------
Total epoch time: 279.025

New epoch - lr: 0.0009000000000000002
[1/61 iteration of epoch 49/50] 
 {loss} cls : 0.021, total : 0.021 
 {acc} cls : 99.22
[31/61 iteration of epoch 49/50] 
 {loss} cls : 0.031, total : 0.031 
 {acc} cls : 99.22
[61/61 iteration of epoch 49/50] 
 {loss} cls : 0.010, total : 0.010 
 {acc} cls : 100.00
------------------------------
<Losses on train> cls : 0.028, total : 0.028
<Accuracies on train> cls : 99.03
Train epoch time: 41.278
------------------------------
<Accuracies on val> class : 78.67
------------------------------
<Accuracies on test> class : 62.66
------------------------------
<Accuracies on Art> test class : 49.24
------------------------------
<Accuracies on Product> test class : 65.22
------------------------------
<Accuracies on Real_World> test class : 67.52
------------------------------
Total epoch time: 276.337

New epoch - lr: 0.0009000000000000002
[1/61 iteration of epoch 50/50] 
 {loss} cls : 0.019, total : 0.019 
 {acc} cls : 99.22
[31/61 iteration of epoch 50/50] 
 {loss} cls : 0.010, total : 0.010 
 {acc} cls : 100.00
[61/61 iteration of epoch 50/50] 
 {loss} cls : 0.024, total : 0.024 
 {acc} cls : 99.22
------------------------------
<Losses on train> cls : 0.027, total : 0.027
<Accuracies on train> cls : 99.00
Train epoch time: 44.523
------------------------------
<Accuracies on val> class : 79.13
------------------------------
<Accuracies on test> class : 62.51
------------------------------
<Accuracies on Art> test class : 49.16
------------------------------
<Accuracies on Product> test class : 65.28
------------------------------
<Accuracies on Real_World> test class : 67.13
------------------------------
Total epoch time: 270.248

******************************
Best val 0.795872, corresponding test 0.624076 - best test: 0.627818

******************************
Best val 0.7958715558052063, corresponding Art test 0.4923774302005768

******************************
Best val 0.7958715558052063, corresponding Product test 0.6451903581619263

******************************
Best val 0.7958715558052063, corresponding Real_World test 0.6759238243103027
