
Loading experiment Officehome/ResNet18_step


New epoch - lr: 0.003
[1/62 iteration of epoch 1/50] 
 {loss} cls : 4.470, total : 4.470 
 {acc} cls : 3.12
[31/62 iteration of epoch 1/50] 
 {loss} cls : 1.022, total : 1.022 
 {acc} cls : 77.34
[61/62 iteration of epoch 1/50] 
 {loss} cls : 0.533, total : 0.533 
 {acc} cls : 83.59
------------------------------
<Losses on train> cls : 1.734, total : 1.734
<Accuracies on train> cls : 57.93
Train epoch time: 35.594
------------------------------
<Accuracies on val> class : 82.17
------------------------------
<Accuracies on test> class : 44.36
------------------------------
<Accuracies on Art> test class : 33.87
------------------------------
<Accuracies on Clipart> test class : 36.17
------------------------------
<Accuracies on Real_World> test class : 58.41
------------------------------
Total epoch time: 269.318

New epoch - lr: 0.003
[1/62 iteration of epoch 2/50] 
 {loss} cls : 0.408, total : 0.408 
 {acc} cls : 91.41
[31/62 iteration of epoch 2/50] 
 {loss} cls : 0.486, total : 0.486 
 {acc} cls : 86.72
[61/62 iteration of epoch 2/50] 
 {loss} cls : 0.617, total : 0.617 
 {acc} cls : 84.38
------------------------------
<Losses on train> cls : 0.509, total : 0.509
<Accuracies on train> cls : 86.28
Train epoch time: 30.051
------------------------------
<Accuracies on val> class : 87.36
------------------------------
<Accuracies on test> class : 48.64
------------------------------
<Accuracies on Art> test class : 39.39
------------------------------
<Accuracies on Clipart> test class : 38.72
------------------------------
<Accuracies on Real_World> test class : 63.74
------------------------------
Total epoch time: 272.340

New epoch - lr: 0.003
[1/62 iteration of epoch 3/50] 
 {loss} cls : 0.247, total : 0.247 
 {acc} cls : 93.75
[31/62 iteration of epoch 3/50] 
 {loss} cls : 0.218, total : 0.218 
 {acc} cls : 94.53
[61/62 iteration of epoch 3/50] 
 {loss} cls : 0.242, total : 0.242 
 {acc} cls : 96.88
------------------------------
<Losses on train> cls : 0.264, total : 0.264
<Accuracies on train> cls : 92.83
Train epoch time: 29.117
------------------------------
<Accuracies on val> class : 89.16
------------------------------
<Accuracies on test> class : 49.98
------------------------------
<Accuracies on Art> test class : 39.31
------------------------------
<Accuracies on Clipart> test class : 41.83
------------------------------
<Accuracies on Real_World> test class : 64.08
------------------------------
Total epoch time: 270.034

New epoch - lr: 0.003
[1/62 iteration of epoch 4/50] 
 {loss} cls : 0.102, total : 0.102 
 {acc} cls : 100.00
[31/62 iteration of epoch 4/50] 
 {loss} cls : 0.150, total : 0.150 
 {acc} cls : 96.09
[61/62 iteration of epoch 4/50] 
 {loss} cls : 0.210, total : 0.210 
 {acc} cls : 92.19
------------------------------
<Losses on train> cls : 0.184, total : 0.184
<Accuracies on train> cls : 95.25
Train epoch time: 26.706
------------------------------
<Accuracies on val> class : 89.62
------------------------------
<Accuracies on test> class : 50.85
------------------------------
<Accuracies on Art> test class : 39.93
------------------------------
<Accuracies on Clipart> test class : 42.89
------------------------------
<Accuracies on Real_World> test class : 64.91
------------------------------
Total epoch time: 267.193

New epoch - lr: 0.003
[1/62 iteration of epoch 5/50] 
 {loss} cls : 0.068, total : 0.068 
 {acc} cls : 97.66
[31/62 iteration of epoch 5/50] 
 {loss} cls : 0.143, total : 0.143 
 {acc} cls : 96.88
[61/62 iteration of epoch 5/50] 
 {loss} cls : 0.092, total : 0.092 
 {acc} cls : 98.44
------------------------------
<Losses on train> cls : 0.130, total : 0.130
<Accuracies on train> cls : 96.91
Train epoch time: 27.912
------------------------------
<Accuracies on val> class : 90.29
------------------------------
<Accuracies on test> class : 51.27
------------------------------
<Accuracies on Art> test class : 41.24
------------------------------
<Accuracies on Clipart> test class : 42.66
------------------------------
<Accuracies on Real_World> test class : 65.48
------------------------------
Total epoch time: 263.054

New epoch - lr: 0.003
[1/62 iteration of epoch 6/50] 
 {loss} cls : 0.076, total : 0.076 
 {acc} cls : 99.22
[31/62 iteration of epoch 6/50] 
 {loss} cls : 0.235, total : 0.235 
 {acc} cls : 96.09
[61/62 iteration of epoch 6/50] 
 {loss} cls : 0.119, total : 0.119 
 {acc} cls : 98.44
------------------------------
<Losses on train> cls : 0.111, total : 0.111
<Accuracies on train> cls : 97.57
Train epoch time: 29.103
------------------------------
<Accuracies on val> class : 90.29
------------------------------
<Accuracies on test> class : 50.53
------------------------------
<Accuracies on Art> test class : 40.09
------------------------------
<Accuracies on Clipart> test class : 42.34
------------------------------
<Accuracies on Real_World> test class : 64.56
------------------------------
Total epoch time: 264.945

New epoch - lr: 0.003
[1/62 iteration of epoch 7/50] 
 {loss} cls : 0.045, total : 0.045 
 {acc} cls : 99.22
[31/62 iteration of epoch 7/50] 
 {loss} cls : 0.095, total : 0.095 
 {acc} cls : 97.66
[61/62 iteration of epoch 7/50] 
 {loss} cls : 0.060, total : 0.060 
 {acc} cls : 98.44
------------------------------
<Losses on train> cls : 0.091, total : 0.091
<Accuracies on train> cls : 97.85
Train epoch time: 27.640
------------------------------
<Accuracies on val> class : 91.20
------------------------------
<Accuracies on test> class : 51.61
------------------------------
<Accuracies on Art> test class : 41.57
------------------------------
<Accuracies on Clipart> test class : 43.53
------------------------------
<Accuracies on Real_World> test class : 65.30
------------------------------
Total epoch time: 278.013

New epoch - lr: 0.003
[1/62 iteration of epoch 8/50] 
 {loss} cls : 0.034, total : 0.034 
 {acc} cls : 100.00
[31/62 iteration of epoch 8/50] 
 {loss} cls : 0.052, total : 0.052 
 {acc} cls : 99.22
[61/62 iteration of epoch 8/50] 
 {loss} cls : 0.078, total : 0.078 
 {acc} cls : 98.44
------------------------------
<Losses on train> cls : 0.080, total : 0.080
<Accuracies on train> cls : 98.30
Train epoch time: 29.637
------------------------------
<Accuracies on val> class : 90.74
------------------------------
<Accuracies on test> class : 52.07
------------------------------
<Accuracies on Art> test class : 42.07
------------------------------
<Accuracies on Clipart> test class : 44.77
------------------------------
<Accuracies on Real_World> test class : 64.95
------------------------------
Total epoch time: 271.686

New epoch - lr: 0.003
[1/62 iteration of epoch 9/50] 
 {loss} cls : 0.046, total : 0.046 
 {acc} cls : 98.44
[31/62 iteration of epoch 9/50] 
 {loss} cls : 0.111, total : 0.111 
 {acc} cls : 98.44
[61/62 iteration of epoch 9/50] 
 {loss} cls : 0.057, total : 0.057 
 {acc} cls : 98.44
------------------------------
<Losses on train> cls : 0.066, total : 0.066
<Accuracies on train> cls : 98.61
Train epoch time: 29.368
------------------------------
<Accuracies on val> class : 91.65
------------------------------
<Accuracies on test> class : 52.50
------------------------------
<Accuracies on Art> test class : 42.93
------------------------------
<Accuracies on Clipart> test class : 44.54
------------------------------
<Accuracies on Real_World> test class : 65.80
------------------------------
Total epoch time: 262.431

New epoch - lr: 0.003
[1/62 iteration of epoch 10/50] 
 {loss} cls : 0.093, total : 0.093 
 {acc} cls : 97.66
[31/62 iteration of epoch 10/50] 
 {loss} cls : 0.034, total : 0.034 
 {acc} cls : 99.22
[61/62 iteration of epoch 10/50] 
 {loss} cls : 0.022, total : 0.022 
 {acc} cls : 100.00
------------------------------
<Losses on train> cls : 0.058, total : 0.058
<Accuracies on train> cls : 98.55
Train epoch time: 27.898
------------------------------
<Accuracies on val> class : 90.29
------------------------------
<Accuracies on test> class : 51.87
------------------------------
<Accuracies on Art> test class : 41.53
------------------------------
<Accuracies on Clipart> test class : 44.15
------------------------------
<Accuracies on Real_World> test class : 65.37
------------------------------
Total epoch time: 258.198

New epoch - lr: 0.003
[1/62 iteration of epoch 11/50] 
 {loss} cls : 0.089, total : 0.089 
 {acc} cls : 96.09
[31/62 iteration of epoch 11/50] 
 {loss} cls : 0.066, total : 0.066 
 {acc} cls : 97.66
[61/62 iteration of epoch 11/50] 
 {loss} cls : 0.090, total : 0.090 
 {acc} cls : 96.09
------------------------------
<Losses on train> cls : 0.053, total : 0.053
<Accuracies on train> cls : 98.75
Train epoch time: 28.377
------------------------------
<Accuracies on val> class : 90.07
------------------------------
<Accuracies on test> class : 52.34
------------------------------
<Accuracies on Art> test class : 41.70
------------------------------
<Accuracies on Clipart> test class : 45.15
------------------------------
<Accuracies on Real_World> test class : 65.46
------------------------------
Total epoch time: 259.234

New epoch - lr: 0.003
[1/62 iteration of epoch 12/50] 
 {loss} cls : 0.038, total : 0.038 
 {acc} cls : 99.22
[31/62 iteration of epoch 12/50] 
 {loss} cls : 0.034, total : 0.034 
 {acc} cls : 100.00
[61/62 iteration of epoch 12/50] 
 {loss} cls : 0.080, total : 0.080 
 {acc} cls : 98.44
------------------------------
<Losses on train> cls : 0.050, total : 0.050
<Accuracies on train> cls : 99.05
Train epoch time: 29.451
------------------------------
<Accuracies on val> class : 91.20
------------------------------
<Accuracies on test> class : 52.67
------------------------------
<Accuracies on Art> test class : 43.35
------------------------------
<Accuracies on Clipart> test class : 44.60
------------------------------
<Accuracies on Real_World> test class : 65.94
------------------------------
Total epoch time: 256.233

New epoch - lr: 0.003
[1/62 iteration of epoch 13/50] 
 {loss} cls : 0.030, total : 0.030 
 {acc} cls : 100.00
[31/62 iteration of epoch 13/50] 
 {loss} cls : 0.089, total : 0.089 
 {acc} cls : 97.66
[61/62 iteration of epoch 13/50] 
 {loss} cls : 0.022, total : 0.022 
 {acc} cls : 100.00
------------------------------
<Losses on train> cls : 0.044, total : 0.044
<Accuracies on train> cls : 98.89
Train epoch time: 28.049
------------------------------
<Accuracies on val> class : 90.97
------------------------------
<Accuracies on test> class : 52.27
------------------------------
<Accuracies on Art> test class : 42.48
------------------------------
<Accuracies on Clipart> test class : 44.86
------------------------------
<Accuracies on Real_World> test class : 65.16
------------------------------
Total epoch time: 253.043

New epoch - lr: 0.003
[1/62 iteration of epoch 14/50] 
 {loss} cls : 0.042, total : 0.042 
 {acc} cls : 98.44
[31/62 iteration of epoch 14/50] 
 {loss} cls : 0.057, total : 0.057 
 {acc} cls : 98.44
[61/62 iteration of epoch 14/50] 
 {loss} cls : 0.038, total : 0.038 
 {acc} cls : 99.22
------------------------------
<Losses on train> cls : 0.044, total : 0.044
<Accuracies on train> cls : 99.03
Train epoch time: 27.403
------------------------------
<Accuracies on val> class : 91.65
------------------------------
<Accuracies on test> class : 53.03
------------------------------
<Accuracies on Art> test class : 42.11
------------------------------
<Accuracies on Clipart> test class : 45.61
------------------------------
<Accuracies on Real_World> test class : 66.54
------------------------------
Total epoch time: 252.550

New epoch - lr: 0.003
[1/62 iteration of epoch 15/50] 
 {loss} cls : 0.085, total : 0.085 
 {acc} cls : 96.88
[31/62 iteration of epoch 15/50] 
 {loss} cls : 0.019, total : 0.019 
 {acc} cls : 100.00
[61/62 iteration of epoch 15/50] 
 {loss} cls : 0.055, total : 0.055 
 {acc} cls : 98.44
------------------------------
<Losses on train> cls : 0.035, total : 0.035
<Accuracies on train> cls : 99.29
Train epoch time: 26.418
------------------------------
<Accuracies on val> class : 91.65
------------------------------
<Accuracies on test> class : 52.26
------------------------------
<Accuracies on Art> test class : 41.29
------------------------------
<Accuracies on Clipart> test class : 44.97
------------------------------
<Accuracies on Real_World> test class : 65.69
------------------------------
Total epoch time: 252.961

New epoch - lr: 0.003
[1/62 iteration of epoch 16/50] 
 {loss} cls : 0.026, total : 0.026 
 {acc} cls : 99.22
[31/62 iteration of epoch 16/50] 
 {loss} cls : 0.017, total : 0.017 
 {acc} cls : 100.00
[61/62 iteration of epoch 16/50] 
 {loss} cls : 0.024, total : 0.024 
 {acc} cls : 99.22
------------------------------
<Losses on train> cls : 0.034, total : 0.034
<Accuracies on train> cls : 99.19
Train epoch time: 27.217
------------------------------
<Accuracies on val> class : 92.10
------------------------------
<Accuracies on test> class : 52.15
------------------------------
<Accuracies on Art> test class : 41.53
------------------------------
<Accuracies on Clipart> test class : 44.47
------------------------------
<Accuracies on Real_World> test class : 65.76
------------------------------
Total epoch time: 254.212

New epoch - lr: 0.003
[1/62 iteration of epoch 17/50] 
 {loss} cls : 0.031, total : 0.031 
 {acc} cls : 99.22
[31/62 iteration of epoch 17/50] 
 {loss} cls : 0.017, total : 0.017 
 {acc} cls : 100.00
[61/62 iteration of epoch 17/50] 
 {loss} cls : 0.038, total : 0.038 
 {acc} cls : 98.44
------------------------------
<Losses on train> cls : 0.032, total : 0.032
<Accuracies on train> cls : 99.31
Train epoch time: 26.879
------------------------------
<Accuracies on val> class : 92.10
------------------------------
<Accuracies on test> class : 52.87
------------------------------
<Accuracies on Art> test class : 42.81
------------------------------
<Accuracies on Clipart> test class : 45.18
------------------------------
<Accuracies on Real_World> test class : 66.19
------------------------------
Total epoch time: 254.380

New epoch - lr: 0.003
[1/62 iteration of epoch 18/50] 
 {loss} cls : 0.043, total : 0.043 
 {acc} cls : 99.22
[31/62 iteration of epoch 18/50] 
 {loss} cls : 0.023, total : 0.023 
 {acc} cls : 98.44
[61/62 iteration of epoch 18/50] 
 {loss} cls : 0.045, total : 0.045 
 {acc} cls : 97.66
------------------------------
<Losses on train> cls : 0.032, total : 0.032
<Accuracies on train> cls : 99.21
Train epoch time: 25.944
------------------------------
<Accuracies on val> class : 91.65
------------------------------
<Accuracies on test> class : 52.35
------------------------------
<Accuracies on Art> test class : 42.60
------------------------------
<Accuracies on Clipart> test class : 44.56
------------------------------
<Accuracies on Real_World> test class : 65.57
------------------------------
Total epoch time: 250.235

New epoch - lr: 0.003
[1/62 iteration of epoch 19/50] 
 {loss} cls : 0.087, total : 0.087 
 {acc} cls : 97.66
[31/62 iteration of epoch 19/50] 
 {loss} cls : 0.012, total : 0.012 
 {acc} cls : 100.00
[61/62 iteration of epoch 19/50] 
 {loss} cls : 0.038, total : 0.038 
 {acc} cls : 99.22
------------------------------
<Losses on train> cls : 0.029, total : 0.029
<Accuracies on train> cls : 99.34
Train epoch time: 25.039
------------------------------
<Accuracies on val> class : 91.65
------------------------------
<Accuracies on test> class : 52.07
------------------------------
<Accuracies on Art> test class : 41.12
------------------------------
<Accuracies on Clipart> test class : 44.74
------------------------------
<Accuracies on Real_World> test class : 65.50
------------------------------
Total epoch time: 249.292

New epoch - lr: 0.003
[1/62 iteration of epoch 20/50] 
 {loss} cls : 0.023, total : 0.023 
 {acc} cls : 99.22
[31/62 iteration of epoch 20/50] 
 {loss} cls : 0.009, total : 0.009 
 {acc} cls : 100.00
[61/62 iteration of epoch 20/50] 
 {loss} cls : 0.027, total : 0.027 
 {acc} cls : 99.22
------------------------------
<Losses on train> cls : 0.026, total : 0.026
<Accuracies on train> cls : 99.45
Train epoch time: 24.890
------------------------------
<Accuracies on val> class : 91.42
------------------------------
<Accuracies on test> class : 52.65
------------------------------
<Accuracies on Art> test class : 41.29
------------------------------
<Accuracies on Clipart> test class : 45.45
------------------------------
<Accuracies on Real_World> test class : 66.19
------------------------------
Total epoch time: 249.657

New epoch - lr: 0.003
[1/62 iteration of epoch 21/50] 
 {loss} cls : 0.018, total : 0.018 
 {acc} cls : 99.22
[31/62 iteration of epoch 21/50] 
 {loss} cls : 0.061, total : 0.061 
 {acc} cls : 99.22
[61/62 iteration of epoch 21/50] 
 {loss} cls : 0.053, total : 0.053 
 {acc} cls : 96.88
------------------------------
<Losses on train> cls : 0.028, total : 0.028
<Accuracies on train> cls : 99.28
Train epoch time: 25.350
------------------------------
<Accuracies on val> class : 91.65
------------------------------
<Accuracies on test> class : 52.78
------------------------------
<Accuracies on Art> test class : 42.03
------------------------------
<Accuracies on Clipart> test class : 45.09
------------------------------
<Accuracies on Real_World> test class : 66.47
------------------------------
Total epoch time: 249.902

New epoch - lr: 0.003
[1/62 iteration of epoch 22/50] 
 {loss} cls : 0.006, total : 0.006 
 {acc} cls : 100.00
[31/62 iteration of epoch 22/50] 
 {loss} cls : 0.010, total : 0.010 
 {acc} cls : 100.00
[61/62 iteration of epoch 22/50] 
 {loss} cls : 0.009, total : 0.009 
 {acc} cls : 100.00
------------------------------
<Losses on train> cls : 0.024, total : 0.024
<Accuracies on train> cls : 99.42
Train epoch time: 24.775
------------------------------
<Accuracies on val> class : 91.42
------------------------------
<Accuracies on test> class : 52.73
------------------------------
<Accuracies on Art> test class : 41.74
------------------------------
<Accuracies on Clipart> test class : 45.15
------------------------------
<Accuracies on Real_World> test class : 66.44
------------------------------
Total epoch time: 247.927

New epoch - lr: 0.003
[1/62 iteration of epoch 23/50] 
 {loss} cls : 0.010, total : 0.010 
 {acc} cls : 100.00
[31/62 iteration of epoch 23/50] 
 {loss} cls : 0.010, total : 0.010 
 {acc} cls : 100.00
[61/62 iteration of epoch 23/50] 
 {loss} cls : 0.009, total : 0.009 
 {acc} cls : 100.00
------------------------------
<Losses on train> cls : 0.024, total : 0.024
<Accuracies on train> cls : 99.40
Train epoch time: 25.522
------------------------------
<Accuracies on val> class : 91.42
------------------------------
<Accuracies on test> class : 52.74
------------------------------
<Accuracies on Art> test class : 41.82
------------------------------
<Accuracies on Clipart> test class : 45.20
------------------------------
<Accuracies on Real_World> test class : 66.38
------------------------------
Total epoch time: 250.666

New epoch - lr: 0.003
[1/62 iteration of epoch 24/50] 
 {loss} cls : 0.006, total : 0.006 
 {acc} cls : 100.00
[31/62 iteration of epoch 24/50] 
 {loss} cls : 0.010, total : 0.010 
 {acc} cls : 100.00
[61/62 iteration of epoch 24/50] 
 {loss} cls : 0.063, total : 0.063 
 {acc} cls : 97.66
------------------------------
<Losses on train> cls : 0.025, total : 0.025
<Accuracies on train> cls : 99.34
Train epoch time: 24.634
------------------------------
<Accuracies on val> class : 91.87
------------------------------
<Accuracies on test> class : 51.96
------------------------------
<Accuracies on Art> test class : 40.05
------------------------------
<Accuracies on Clipart> test class : 44.81
------------------------------
<Accuracies on Real_World> test class : 65.76
------------------------------
Total epoch time: 250.980

New epoch - lr: 0.003
[1/62 iteration of epoch 25/50] 
 {loss} cls : 0.015, total : 0.015 
 {acc} cls : 100.00
[31/62 iteration of epoch 25/50] 
 {loss} cls : 0.016, total : 0.016 
 {acc} cls : 99.22
[61/62 iteration of epoch 25/50] 
 {loss} cls : 0.007, total : 0.007 
 {acc} cls : 100.00
------------------------------
<Losses on train> cls : 0.023, total : 0.023
<Accuracies on train> cls : 99.46
Train epoch time: 25.855
------------------------------
<Accuracies on val> class : 90.74
------------------------------
<Accuracies on test> class : 52.62
------------------------------
<Accuracies on Art> test class : 41.37
------------------------------
<Accuracies on Clipart> test class : 45.29
------------------------------
<Accuracies on Real_World> test class : 66.24
------------------------------
Total epoch time: 250.912

New epoch - lr: 0.003
[1/62 iteration of epoch 26/50] 
 {loss} cls : 0.011, total : 0.011 
 {acc} cls : 100.00
[31/62 iteration of epoch 26/50] 
 {loss} cls : 0.010, total : 0.010 
 {acc} cls : 100.00
[61/62 iteration of epoch 26/50] 
 {loss} cls : 0.023, total : 0.023 
 {acc} cls : 99.22
------------------------------
<Losses on train> cls : 0.025, total : 0.025
<Accuracies on train> cls : 99.41
Train epoch time: 25.504
------------------------------
<Accuracies on val> class : 90.97
------------------------------
<Accuracies on test> class : 53.10
------------------------------
<Accuracies on Art> test class : 42.48
------------------------------
<Accuracies on Clipart> test class : 45.80
------------------------------
<Accuracies on Real_World> test class : 66.33
------------------------------
Total epoch time: 250.382

New epoch - lr: 0.003
[1/62 iteration of epoch 27/50] 
 {loss} cls : 0.010, total : 0.010 
 {acc} cls : 100.00
[31/62 iteration of epoch 27/50] 
 {loss} cls : 0.006, total : 0.006 
 {acc} cls : 100.00
[61/62 iteration of epoch 27/50] 
 {loss} cls : 0.022, total : 0.022 
 {acc} cls : 99.22
------------------------------
<Losses on train> cls : 0.020, total : 0.020
<Accuracies on train> cls : 99.55
Train epoch time: 24.816
------------------------------
<Accuracies on val> class : 91.42
------------------------------
<Accuracies on test> class : 53.12
------------------------------
<Accuracies on Art> test class : 41.94
------------------------------
<Accuracies on Clipart> test class : 46.23
------------------------------
<Accuracies on Real_World> test class : 66.24
------------------------------
Total epoch time: 246.982

New epoch - lr: 0.003
[1/62 iteration of epoch 28/50] 
 {loss} cls : 0.008, total : 0.008 
 {acc} cls : 100.00
[31/62 iteration of epoch 28/50] 
 {loss} cls : 0.013, total : 0.013 
 {acc} cls : 100.00
[61/62 iteration of epoch 28/50] 
 {loss} cls : 0.007, total : 0.007 
 {acc} cls : 100.00
------------------------------
<Losses on train> cls : 0.020, total : 0.020
<Accuracies on train> cls : 99.50
Train epoch time: 25.923
------------------------------
<Accuracies on val> class : 91.87
------------------------------
<Accuracies on test> class : 52.29
------------------------------
<Accuracies on Art> test class : 40.75
------------------------------
<Accuracies on Clipart> test class : 44.74
------------------------------
<Accuracies on Real_World> test class : 66.28
------------------------------
Total epoch time: 249.463

New epoch - lr: 0.003
[1/62 iteration of epoch 29/50] 
 {loss} cls : 0.016, total : 0.016 
 {acc} cls : 100.00
[31/62 iteration of epoch 29/50] 
 {loss} cls : 0.005, total : 0.005 
 {acc} cls : 100.00
[61/62 iteration of epoch 29/50] 
 {loss} cls : 0.004, total : 0.004 
 {acc} cls : 100.00
------------------------------
<Losses on train> cls : 0.018, total : 0.018
<Accuracies on train> cls : 99.56
Train epoch time: 25.408
------------------------------
<Accuracies on val> class : 91.42
------------------------------
<Accuracies on test> class : 52.62
------------------------------
<Accuracies on Art> test class : 41.90
------------------------------
<Accuracies on Clipart> test class : 45.13
------------------------------
<Accuracies on Real_World> test class : 66.10
------------------------------
Total epoch time: 249.936

New epoch - lr: 0.003
[1/62 iteration of epoch 30/50] 
 {loss} cls : 0.028, total : 0.028 
 {acc} cls : 98.44
[31/62 iteration of epoch 30/50] 
 {loss} cls : 0.007, total : 0.007 
 {acc} cls : 100.00
[61/62 iteration of epoch 30/50] 
 {loss} cls : 0.010, total : 0.010 
 {acc} cls : 100.00
------------------------------
<Losses on train> cls : 0.017, total : 0.017
<Accuracies on train> cls : 99.60
Train epoch time: 26.228
------------------------------
<Accuracies on val> class : 91.20
------------------------------
<Accuracies on test> class : 53.36
------------------------------
<Accuracies on Art> test class : 42.40
------------------------------
<Accuracies on Clipart> test class : 46.28
------------------------------
<Accuracies on Real_World> test class : 66.56
------------------------------
Total epoch time: 258.820

New epoch - lr: 0.003
[1/62 iteration of epoch 31/50] 
 {loss} cls : 0.017, total : 0.017 
 {acc} cls : 100.00
[31/62 iteration of epoch 31/50] 
 {loss} cls : 0.008, total : 0.008 
 {acc} cls : 100.00
[61/62 iteration of epoch 31/50] 
 {loss} cls : 0.010, total : 0.010 
 {acc} cls : 100.00
------------------------------
<Losses on train> cls : 0.017, total : 0.017
<Accuracies on train> cls : 99.57
Train epoch time: 25.703
------------------------------
<Accuracies on val> class : 91.87
------------------------------
<Accuracies on test> class : 52.46
------------------------------
<Accuracies on Art> test class : 41.74
------------------------------
<Accuracies on Clipart> test class : 44.93
------------------------------
<Accuracies on Real_World> test class : 65.99
------------------------------
Total epoch time: 251.013

New epoch - lr: 0.003
[1/62 iteration of epoch 32/50] 
 {loss} cls : 0.018, total : 0.018 
 {acc} cls : 100.00
[31/62 iteration of epoch 32/50] 
 {loss} cls : 0.010, total : 0.010 
 {acc} cls : 100.00
[61/62 iteration of epoch 32/50] 
 {loss} cls : 0.014, total : 0.014 
 {acc} cls : 100.00
------------------------------
<Losses on train> cls : 0.019, total : 0.019
<Accuracies on train> cls : 99.53
Train epoch time: 25.580
------------------------------
<Accuracies on val> class : 92.33
------------------------------
<Accuracies on test> class : 53.27
------------------------------
<Accuracies on Art> test class : 42.15
------------------------------
<Accuracies on Clipart> test class : 46.28
------------------------------
<Accuracies on Real_World> test class : 66.47
------------------------------
Total epoch time: 251.512

New epoch - lr: 0.003
[1/62 iteration of epoch 33/50] 
 {loss} cls : 0.013, total : 0.013 
 {acc} cls : 99.22
[31/62 iteration of epoch 33/50] 
 {loss} cls : 0.005, total : 0.005 
 {acc} cls : 100.00
[61/62 iteration of epoch 33/50] 
 {loss} cls : 0.010, total : 0.010 
 {acc} cls : 100.00
------------------------------
<Losses on train> cls : 0.016, total : 0.016
<Accuracies on train> cls : 99.58
Train epoch time: 25.460
------------------------------
<Accuracies on val> class : 91.65
------------------------------
<Accuracies on test> class : 53.13
------------------------------
<Accuracies on Art> test class : 42.40
------------------------------
<Accuracies on Clipart> test class : 45.80
------------------------------
<Accuracies on Real_World> test class : 66.47
------------------------------
Total epoch time: 249.965

New epoch - lr: 0.003
[1/62 iteration of epoch 34/50] 
 {loss} cls : 0.012, total : 0.012 
 {acc} cls : 100.00
[31/62 iteration of epoch 34/50] 
 {loss} cls : 0.009, total : 0.009 
 {acc} cls : 100.00
[61/62 iteration of epoch 34/50] 
 {loss} cls : 0.006, total : 0.006 
 {acc} cls : 100.00
------------------------------
<Losses on train> cls : 0.018, total : 0.018
<Accuracies on train> cls : 99.56
Train epoch time: 25.930
------------------------------
<Accuracies on val> class : 91.65
------------------------------
<Accuracies on test> class : 52.68
------------------------------
<Accuracies on Art> test class : 41.78
------------------------------
<Accuracies on Clipart> test class : 45.36
------------------------------
<Accuracies on Real_World> test class : 66.08
------------------------------
Total epoch time: 250.228

New epoch - lr: 0.003
[1/62 iteration of epoch 35/50] 
 {loss} cls : 0.007, total : 0.007 
 {acc} cls : 100.00
[31/62 iteration of epoch 35/50] 
 {loss} cls : 0.019, total : 0.019 
 {acc} cls : 98.44
[61/62 iteration of epoch 35/50] 
 {loss} cls : 0.083, total : 0.083 
 {acc} cls : 98.44
------------------------------
<Losses on train> cls : 0.017, total : 0.017
<Accuracies on train> cls : 99.52
Train epoch time: 25.289
------------------------------
<Accuracies on val> class : 92.10
------------------------------
<Accuracies on test> class : 53.26
------------------------------
<Accuracies on Art> test class : 42.89
------------------------------
<Accuracies on Clipart> test class : 45.82
------------------------------
<Accuracies on Real_World> test class : 66.49
------------------------------
Total epoch time: 253.272

New epoch - lr: 0.003
[1/62 iteration of epoch 36/50] 
 {loss} cls : 0.004, total : 0.004 
 {acc} cls : 100.00
[31/62 iteration of epoch 36/50] 
 {loss} cls : 0.036, total : 0.036 
 {acc} cls : 97.66
[61/62 iteration of epoch 36/50] 
 {loss} cls : 0.015, total : 0.015 
 {acc} cls : 100.00
------------------------------
<Losses on train> cls : 0.014, total : 0.014
<Accuracies on train> cls : 99.72
Train epoch time: 24.992
------------------------------
<Accuracies on val> class : 92.10
------------------------------
<Accuracies on test> class : 53.28
------------------------------
<Accuracies on Art> test class : 41.94
------------------------------
<Accuracies on Clipart> test class : 46.32
------------------------------
<Accuracies on Real_World> test class : 66.56
------------------------------
Total epoch time: 250.379

New epoch - lr: 0.003
[1/62 iteration of epoch 37/50] 
 {loss} cls : 0.003, total : 0.003 
 {acc} cls : 100.00
[31/62 iteration of epoch 37/50] 
 {loss} cls : 0.009, total : 0.009 
 {acc} cls : 100.00
[61/62 iteration of epoch 37/50] 
 {loss} cls : 0.048, total : 0.048 
 {acc} cls : 96.88
------------------------------
<Losses on train> cls : 0.016, total : 0.016
<Accuracies on train> cls : 99.53
Train epoch time: 25.933
------------------------------
<Accuracies on val> class : 91.87
------------------------------
<Accuracies on test> class : 53.55
------------------------------
<Accuracies on Art> test class : 42.15
------------------------------
<Accuracies on Clipart> test class : 46.78
------------------------------
<Accuracies on Real_World> test class : 66.67
------------------------------
Total epoch time: 250.149

New epoch - lr: 0.003
[1/62 iteration of epoch 38/50] 
 {loss} cls : 0.008, total : 0.008 
 {acc} cls : 100.00
[31/62 iteration of epoch 38/50] 
 {loss} cls : 0.006, total : 0.006 
 {acc} cls : 100.00
[61/62 iteration of epoch 38/50] 
 {loss} cls : 0.006, total : 0.006 
 {acc} cls : 100.00
------------------------------
<Losses on train> cls : 0.017, total : 0.017
<Accuracies on train> cls : 99.52
Train epoch time: 25.492
------------------------------
<Accuracies on val> class : 91.87
------------------------------
<Accuracies on test> class : 53.67
------------------------------
<Accuracies on Art> test class : 42.77
------------------------------
<Accuracies on Clipart> test class : 46.69
------------------------------
<Accuracies on Real_World> test class : 66.74
------------------------------
Total epoch time: 248.772

New epoch - lr: 0.003
[1/62 iteration of epoch 39/50] 
 {loss} cls : 0.006, total : 0.006 
 {acc} cls : 100.00
[31/62 iteration of epoch 39/50] 
 {loss} cls : 0.007, total : 0.007 
 {acc} cls : 100.00
[61/62 iteration of epoch 39/50] 
 {loss} cls : 0.013, total : 0.013 
 {acc} cls : 100.00
------------------------------
<Losses on train> cls : 0.016, total : 0.016
<Accuracies on train> cls : 99.58
Train epoch time: 25.601
------------------------------
<Accuracies on val> class : 91.87
------------------------------
<Accuracies on test> class : 53.32
------------------------------
<Accuracies on Art> test class : 42.19
------------------------------
<Accuracies on Clipart> test class : 46.37
------------------------------
<Accuracies on Real_World> test class : 66.49
------------------------------
Total epoch time: 250.201

New epoch - lr: 0.003
[1/62 iteration of epoch 40/50] 
 {loss} cls : 0.010, total : 0.010 
 {acc} cls : 100.00
[31/62 iteration of epoch 40/50] 
 {loss} cls : 0.005, total : 0.005 
 {acc} cls : 100.00
[61/62 iteration of epoch 40/50] 
 {loss} cls : 0.008, total : 0.008 
 {acc} cls : 100.00
------------------------------
<Losses on train> cls : 0.014, total : 0.014
<Accuracies on train> cls : 99.65
Train epoch time: 25.533
------------------------------
<Accuracies on val> class : 92.55
------------------------------
<Accuracies on test> class : 53.23
------------------------------
<Accuracies on Art> test class : 41.82
------------------------------
<Accuracies on Clipart> test class : 46.37
------------------------------
<Accuracies on Real_World> test class : 66.47
------------------------------
Total epoch time: 249.954

New epoch - lr: 0.003
[1/62 iteration of epoch 41/50] 
 {loss} cls : 0.004, total : 0.004 
 {acc} cls : 100.00
[31/62 iteration of epoch 41/50] 
 {loss} cls : 0.042, total : 0.042 
 {acc} cls : 97.66
[61/62 iteration of epoch 41/50] 
 {loss} cls : 0.042, total : 0.042 
 {acc} cls : 98.44
------------------------------
<Losses on train> cls : 0.014, total : 0.014
<Accuracies on train> cls : 99.62
Train epoch time: 25.733
------------------------------
<Accuracies on val> class : 91.87
------------------------------
<Accuracies on test> class : 53.33
------------------------------
<Accuracies on Art> test class : 42.15
------------------------------
<Accuracies on Clipart> test class : 46.55
------------------------------
<Accuracies on Real_World> test class : 66.35
------------------------------
Total epoch time: 249.509

New epoch - lr: 0.003
[1/62 iteration of epoch 42/50] 
 {loss} cls : 0.018, total : 0.018 
 {acc} cls : 99.22
[31/62 iteration of epoch 42/50] 
 {loss} cls : 0.027, total : 0.027 
 {acc} cls : 98.44
[61/62 iteration of epoch 42/50] 
 {loss} cls : 0.005, total : 0.005 
 {acc} cls : 100.00
------------------------------
<Losses on train> cls : 0.013, total : 0.013
<Accuracies on train> cls : 99.63
Train epoch time: 26.033
------------------------------
<Accuracies on val> class : 92.55
------------------------------
<Accuracies on test> class : 53.27
------------------------------
<Accuracies on Art> test class : 41.20
------------------------------
<Accuracies on Clipart> test class : 46.48
------------------------------
<Accuracies on Real_World> test class : 66.79
------------------------------
Total epoch time: 274.053

New epoch - lr: 0.003
[1/62 iteration of epoch 43/50] 
 {loss} cls : 0.027, total : 0.027 
 {acc} cls : 98.44
[31/62 iteration of epoch 43/50] 
 {loss} cls : 0.004, total : 0.004 
 {acc} cls : 100.00
[61/62 iteration of epoch 43/50] 
 {loss} cls : 0.007, total : 0.007 
 {acc} cls : 100.00
------------------------------
<Losses on train> cls : 0.014, total : 0.014
<Accuracies on train> cls : 99.57
Train epoch time: 27.028
------------------------------
<Accuracies on val> class : 92.33
------------------------------
<Accuracies on test> class : 53.74
------------------------------
<Accuracies on Art> test class : 42.40
------------------------------
<Accuracies on Clipart> test class : 46.67
------------------------------
<Accuracies on Real_World> test class : 67.16
------------------------------
Total epoch time: 272.769

New epoch - lr: 0.003
[1/62 iteration of epoch 44/50] 
 {loss} cls : 0.004, total : 0.004 
 {acc} cls : 100.00
[31/62 iteration of epoch 44/50] 
 {loss} cls : 0.007, total : 0.007 
 {acc} cls : 100.00
[61/62 iteration of epoch 44/50] 
 {loss} cls : 0.005, total : 0.005 
 {acc} cls : 100.00
------------------------------
<Losses on train> cls : 0.017, total : 0.017
<Accuracies on train> cls : 99.57
Train epoch time: 27.658
------------------------------
<Accuracies on val> class : 92.10
------------------------------
<Accuracies on test> class : 53.38
------------------------------
<Accuracies on Art> test class : 42.48
------------------------------
<Accuracies on Clipart> test class : 46.25
------------------------------
<Accuracies on Real_World> test class : 66.58
------------------------------
Total epoch time: 275.714

New epoch - lr: 0.0009000000000000002
[1/62 iteration of epoch 45/50] 
 {loss} cls : 0.022, total : 0.022 
 {acc} cls : 98.44
[31/62 iteration of epoch 45/50] 
 {loss} cls : 0.008, total : 0.008 
 {acc} cls : 100.00
[61/62 iteration of epoch 45/50] 
 {loss} cls : 0.006, total : 0.006 
 {acc} cls : 100.00
------------------------------
<Losses on train> cls : 0.012, total : 0.012
<Accuracies on train> cls : 99.66
Train epoch time: 28.097
------------------------------
<Accuracies on val> class : 92.33
------------------------------
<Accuracies on test> class : 53.63
------------------------------
<Accuracies on Art> test class : 42.11
------------------------------
<Accuracies on Clipart> test class : 46.62
------------------------------
<Accuracies on Real_World> test class : 67.06
------------------------------
Total epoch time: 274.404

New epoch - lr: 0.0009000000000000002
[1/62 iteration of epoch 46/50] 
 {loss} cls : 0.006, total : 0.006 
 {acc} cls : 100.00
[31/62 iteration of epoch 46/50] 
 {loss} cls : 0.007, total : 0.007 
 {acc} cls : 100.00
[61/62 iteration of epoch 46/50] 
 {loss} cls : 0.008, total : 0.008 
 {acc} cls : 100.00
------------------------------
<Losses on train> cls : 0.011, total : 0.011
<Accuracies on train> cls : 99.71
Train epoch time: 29.460
------------------------------
<Accuracies on val> class : 92.33
------------------------------
<Accuracies on test> class : 53.70
------------------------------
<Accuracies on Art> test class : 42.32
------------------------------
<Accuracies on Clipart> test class : 46.83
------------------------------
<Accuracies on Real_World> test class : 66.93
------------------------------
Total epoch time: 276.023

New epoch - lr: 0.0009000000000000002
[1/62 iteration of epoch 47/50] 
 {loss} cls : 0.007, total : 0.007 
 {acc} cls : 100.00
[31/62 iteration of epoch 47/50] 
 {loss} cls : 0.007, total : 0.007 
 {acc} cls : 100.00
[61/62 iteration of epoch 47/50] 
 {loss} cls : 0.004, total : 0.004 
 {acc} cls : 100.00
------------------------------
<Losses on train> cls : 0.014, total : 0.014
<Accuracies on train> cls : 99.61
Train epoch time: 28.008
------------------------------
<Accuracies on val> class : 92.55
------------------------------
<Accuracies on test> class : 53.96
------------------------------
<Accuracies on Art> test class : 42.65
------------------------------
<Accuracies on Clipart> test class : 47.24
------------------------------
<Accuracies on Real_World> test class : 67.00
------------------------------
Total epoch time: 272.549

New epoch - lr: 0.0009000000000000002
[1/62 iteration of epoch 48/50] 
 {loss} cls : 0.039, total : 0.039 
 {acc} cls : 99.22
[31/62 iteration of epoch 48/50] 
 {loss} cls : 0.009, total : 0.009 
 {acc} cls : 100.00
[61/62 iteration of epoch 48/50] 
 {loss} cls : 0.013, total : 0.013 
 {acc} cls : 100.00
------------------------------
<Losses on train> cls : 0.012, total : 0.012
<Accuracies on train> cls : 99.68
Train epoch time: 29.164
------------------------------
<Accuracies on val> class : 91.87
------------------------------
<Accuracies on test> class : 54.00
------------------------------
<Accuracies on Art> test class : 42.52
------------------------------
<Accuracies on Clipart> test class : 46.96
------------------------------
<Accuracies on Real_World> test class : 67.43
------------------------------
Total epoch time: 276.944

New epoch - lr: 0.0009000000000000002
[1/62 iteration of epoch 49/50] 
 {loss} cls : 0.003, total : 0.003 
 {acc} cls : 100.00
[31/62 iteration of epoch 49/50] 
 {loss} cls : 0.026, total : 0.026 
 {acc} cls : 99.22
[61/62 iteration of epoch 49/50] 
 {loss} cls : 0.006, total : 0.006 
 {acc} cls : 100.00
------------------------------
<Losses on train> cls : 0.011, total : 0.011
<Accuracies on train> cls : 99.72
Train epoch time: 30.276
------------------------------
<Accuracies on val> class : 92.55
------------------------------
<Accuracies on test> class : 53.74
------------------------------
<Accuracies on Art> test class : 42.23
------------------------------
<Accuracies on Clipart> test class : 46.78
------------------------------
<Accuracies on Real_World> test class : 67.13
------------------------------
Total epoch time: 279.447

New epoch - lr: 0.0009000000000000002
[1/62 iteration of epoch 50/50] 
 {loss} cls : 0.008, total : 0.008 
 {acc} cls : 100.00
[31/62 iteration of epoch 50/50] 
 {loss} cls : 0.007, total : 0.007 
 {acc} cls : 100.00
[61/62 iteration of epoch 50/50] 
 {loss} cls : 0.004, total : 0.004 
 {acc} cls : 100.00
------------------------------
<Losses on train> cls : 0.012, total : 0.012
<Accuracies on train> cls : 99.74
Train epoch time: 29.648
------------------------------
<Accuracies on val> class : 92.33
------------------------------
<Accuracies on test> class : 53.41
------------------------------
<Accuracies on Art> test class : 41.66
------------------------------
<Accuracies on Clipart> test class : 46.62
------------------------------
<Accuracies on Real_World> test class : 66.77
------------------------------
Total epoch time: 277.673

******************************
Best val 0.925508, corresponding test 0.537447 - best test: 0.539959

******************************
Best val 0.9255079030990601, corresponding Art test 0.42233210802078247

******************************
Best val 0.9255079030990601, corresponding Clipart test 0.4678121507167816

******************************
Best val 0.9255079030990601, corresponding Real_World test 0.6713334918022156
