
Loading experiment PACS/ResNet18_step

Sample Strategy: all_m

New epoch - lr: 0.003
[1/23 iteration of epoch 1/30] 
 {loss} cls : 2.176, total : 2.176 
 {acc} cls : 10.94
------------------------------
<Losses on train> cls : 1.130, total : 1.130
<Accuracies on train> cls : 74.83
Train epoch time: 124.587
------------------------------
<Accuracies on val> class : 97.66
------------------------------
<Accuracies on test> class : 53.20
------------------------------
<Accuracies on cartoon> test class : 58.92
------------------------------
<Accuracies on art_painting> test class : 65.23
------------------------------
<Accuracies on sketch> test class : 43.52
------------------------------
Total epoch time: 158.581

New epoch - lr: 0.003
[1/23 iteration of epoch 2/30] 
 {loss} cls : 0.123, total : 0.123 
 {acc} cls : 95.31
------------------------------
<Losses on train> cls : 0.090, total : 0.090
<Accuracies on train> cls : 96.84
Train epoch time: 76.100
------------------------------
<Accuracies on val> class : 99.42
------------------------------
<Accuracies on test> class : 60.47
------------------------------
<Accuracies on cartoon> test class : 57.72
------------------------------
<Accuracies on art_painting> test class : 70.65
------------------------------
<Accuracies on sketch> test class : 56.81
------------------------------
Total epoch time: 106.035

New epoch - lr: 0.003
[1/23 iteration of epoch 3/30] 
 {loss} cls : 0.054, total : 0.054 
 {acc} cls : 98.44
------------------------------
<Losses on train> cls : 0.048, total : 0.048
<Accuracies on train> cls : 98.44
Train epoch time: 91.377
------------------------------
<Accuracies on val> class : 99.42
------------------------------
<Accuracies on test> class : 61.09
------------------------------
<Accuracies on cartoon> test class : 65.61
------------------------------
<Accuracies on art_painting> test class : 71.58
------------------------------
<Accuracies on sketch> test class : 52.91
------------------------------
Total epoch time: 125.276

New epoch - lr: 0.003
[1/23 iteration of epoch 4/30] 
 {loss} cls : 0.046, total : 0.046 
 {acc} cls : 98.44
------------------------------
<Losses on train> cls : 0.058, total : 0.058
<Accuracies on train> cls : 98.20
Train epoch time: 132.114
------------------------------
<Accuracies on val> class : 98.83
------------------------------
<Accuracies on test> class : 66.18
------------------------------
<Accuracies on cartoon> test class : 65.06
------------------------------
<Accuracies on art_painting> test class : 70.65
------------------------------
<Accuracies on sketch> test class : 64.52
------------------------------
Total epoch time: 164.272

New epoch - lr: 0.003
[1/23 iteration of epoch 5/30] 
 {loss} cls : 0.047, total : 0.047 
 {acc} cls : 97.66
------------------------------
<Losses on train> cls : 0.056, total : 0.056
<Accuracies on train> cls : 98.20
Train epoch time: 77.935
------------------------------
<Accuracies on val> class : 97.66
------------------------------
<Accuracies on test> class : 60.85
------------------------------
<Accuracies on cartoon> test class : 63.05
------------------------------
<Accuracies on art_painting> test class : 70.07
------------------------------
<Accuracies on sketch> test class : 54.72
------------------------------
Total epoch time: 107.044

New epoch - lr: 0.003
[1/23 iteration of epoch 6/30] 
 {loss} cls : 0.009, total : 0.009 
 {acc} cls : 100.00
------------------------------
<Losses on train> cls : 0.042, total : 0.042
<Accuracies on train> cls : 98.64
Train epoch time: 63.238
------------------------------
<Accuracies on val> class : 98.83
------------------------------
<Accuracies on test> class : 61.58
------------------------------
<Accuracies on cartoon> test class : 66.08
------------------------------
<Accuracies on art_painting> test class : 69.63
------------------------------
<Accuracies on sketch> test class : 54.70
------------------------------
Total epoch time: 91.185

New epoch - lr: 0.003
[1/23 iteration of epoch 7/30] 
 {loss} cls : 0.047, total : 0.047 
 {acc} cls : 98.44
------------------------------
<Losses on train> cls : 0.035, total : 0.035
<Accuracies on train> cls : 98.88
Train epoch time: 65.113
------------------------------
<Accuracies on val> class : 99.42
------------------------------
<Accuracies on test> class : 60.69
------------------------------
<Accuracies on cartoon> test class : 64.63
------------------------------
<Accuracies on art_painting> test class : 70.02
------------------------------
<Accuracies on sketch> test class : 53.47
------------------------------
Total epoch time: 95.923

New epoch - lr: 0.003
[1/23 iteration of epoch 8/30] 
 {loss} cls : 0.037, total : 0.037 
 {acc} cls : 98.44
------------------------------
<Losses on train> cls : 0.034, total : 0.034
<Accuracies on train> cls : 98.91
Train epoch time: 61.931
------------------------------
<Accuracies on val> class : 99.42
------------------------------
<Accuracies on test> class : 62.42
------------------------------
<Accuracies on cartoon> test class : 70.35
------------------------------
<Accuracies on art_painting> test class : 68.26
------------------------------
<Accuracies on sketch> test class : 54.64
------------------------------
Total epoch time: 91.346

New epoch - lr: 0.003
[1/23 iteration of epoch 9/30] 
 {loss} cls : 0.016, total : 0.016 
 {acc} cls : 99.22
------------------------------
<Losses on train> cls : 0.020, total : 0.020
<Accuracies on train> cls : 99.32
Train epoch time: 65.098
------------------------------
<Accuracies on val> class : 99.42
------------------------------
<Accuracies on test> class : 64.33
------------------------------
<Accuracies on cartoon> test class : 68.47
------------------------------
<Accuracies on art_painting> test class : 70.51
------------------------------
<Accuracies on sketch> test class : 58.64
------------------------------
Total epoch time: 97.414

New epoch - lr: 0.003
[1/23 iteration of epoch 10/30] 
 {loss} cls : 0.001, total : 0.001 
 {acc} cls : 100.00
------------------------------
<Losses on train> cls : 0.016, total : 0.016
<Accuracies on train> cls : 99.42
Train epoch time: 61.899
------------------------------
<Accuracies on val> class : 99.42
------------------------------
<Accuracies on test> class : 67.11
------------------------------
<Accuracies on cartoon> test class : 66.55
------------------------------
<Accuracies on art_painting> test class : 70.46
------------------------------
<Accuracies on sketch> test class : 65.69
------------------------------
Total epoch time: 90.997

New epoch - lr: 0.003
[1/23 iteration of epoch 11/30] 
 {loss} cls : 0.003, total : 0.003 
 {acc} cls : 100.00
------------------------------
<Losses on train> cls : 0.020, total : 0.020
<Accuracies on train> cls : 99.49
Train epoch time: 62.537
------------------------------
<Accuracies on val> class : 98.83
------------------------------
<Accuracies on test> class : 68.50
------------------------------
<Accuracies on cartoon> test class : 68.73
------------------------------
<Accuracies on art_painting> test class : 71.78
------------------------------
<Accuracies on sketch> test class : 66.66
------------------------------
Total epoch time: 92.553

New epoch - lr: 0.003
[1/23 iteration of epoch 12/30] 
 {loss} cls : 0.018, total : 0.018 
 {acc} cls : 100.00
------------------------------
<Losses on train> cls : 0.019, total : 0.019
<Accuracies on train> cls : 99.39
Train epoch time: 78.131
------------------------------
<Accuracies on val> class : 99.42
------------------------------
<Accuracies on test> class : 65.99
------------------------------
<Accuracies on cartoon> test class : 69.28
------------------------------
<Accuracies on art_painting> test class : 71.00
------------------------------
<Accuracies on sketch> test class : 61.42
------------------------------
Total epoch time: 104.895

New epoch - lr: 0.003
[1/23 iteration of epoch 13/30] 
 {loss} cls : 0.001, total : 0.001 
 {acc} cls : 100.00
------------------------------
<Losses on train> cls : 0.023, total : 0.023
<Accuracies on train> cls : 99.32
Train epoch time: 50.008
------------------------------
<Accuracies on val> class : 98.83
------------------------------
<Accuracies on test> class : 66.85
------------------------------
<Accuracies on cartoon> test class : 67.24
------------------------------
<Accuracies on art_painting> test class : 71.68
------------------------------
<Accuracies on sketch> test class : 64.11
------------------------------
Total epoch time: 78.206

New epoch - lr: 0.003
[1/23 iteration of epoch 14/30] 
 {loss} cls : 0.006, total : 0.006 
 {acc} cls : 100.00
------------------------------
<Losses on train> cls : 0.018, total : 0.018
<Accuracies on train> cls : 99.35
Train epoch time: 46.615
------------------------------
<Accuracies on val> class : 98.83
------------------------------
<Accuracies on test> class : 66.43
------------------------------
<Accuracies on cartoon> test class : 70.09
------------------------------
<Accuracies on art_painting> test class : 71.09
------------------------------
<Accuracies on sketch> test class : 61.82
------------------------------
Total epoch time: 75.434

New epoch - lr: 0.003
[1/23 iteration of epoch 15/30] 
 {loss} cls : 0.049, total : 0.049 
 {acc} cls : 97.66
------------------------------
<Losses on train> cls : 0.018, total : 0.018
<Accuracies on train> cls : 99.35
Train epoch time: 53.603
------------------------------
<Accuracies on val> class : 99.42
------------------------------
<Accuracies on test> class : 64.07
------------------------------
<Accuracies on cartoon> test class : 65.66
------------------------------
<Accuracies on art_painting> test class : 70.85
------------------------------
<Accuracies on sketch> test class : 59.58
------------------------------
Total epoch time: 82.212

New epoch - lr: 0.003
[1/23 iteration of epoch 16/30] 
 {loss} cls : 0.002, total : 0.002 
 {acc} cls : 100.00
------------------------------
<Losses on train> cls : 0.018, total : 0.018
<Accuracies on train> cls : 99.35
Train epoch time: 46.612
------------------------------
<Accuracies on val> class : 99.42
------------------------------
<Accuracies on test> class : 69.69
------------------------------
<Accuracies on cartoon> test class : 70.56
------------------------------
<Accuracies on art_painting> test class : 70.61
------------------------------
<Accuracies on sketch> test class : 68.69
------------------------------
Total epoch time: 76.240

New epoch - lr: 0.003
[1/23 iteration of epoch 17/30] 
 {loss} cls : 0.003, total : 0.003 
 {acc} cls : 100.00
------------------------------
<Losses on train> cls : 0.018, total : 0.018
<Accuracies on train> cls : 99.39
Train epoch time: 53.993
------------------------------
<Accuracies on val> class : 98.83
------------------------------
<Accuracies on test> class : 71.49
------------------------------
<Accuracies on cartoon> test class : 71.63
------------------------------
<Accuracies on art_painting> test class : 73.14
------------------------------
<Accuracies on sketch> test class : 70.55
------------------------------
Total epoch time: 83.648

New epoch - lr: 0.003
[1/23 iteration of epoch 18/30] 
 {loss} cls : 0.039, total : 0.039 
 {acc} cls : 97.66
------------------------------
<Losses on train> cls : 0.014, total : 0.014
<Accuracies on train> cls : 99.63
Train epoch time: 36.505
------------------------------
<Accuracies on val> class : 98.83
------------------------------
<Accuracies on test> class : 69.72
------------------------------
<Accuracies on cartoon> test class : 70.86
------------------------------
<Accuracies on art_painting> test class : 70.51
------------------------------
<Accuracies on sketch> test class : 68.62
------------------------------
Total epoch time: 63.383

New epoch - lr: 0.003
[1/23 iteration of epoch 19/30] 
 {loss} cls : 0.028, total : 0.028 
 {acc} cls : 99.22
------------------------------
<Losses on train> cls : 0.015, total : 0.015
<Accuracies on train> cls : 99.63
Train epoch time: 33.064
------------------------------
<Accuracies on val> class : 97.66
------------------------------
<Accuracies on test> class : 69.82
------------------------------
<Accuracies on cartoon> test class : 71.63
------------------------------
<Accuracies on art_painting> test class : 70.75
------------------------------
<Accuracies on sketch> test class : 68.26
------------------------------
Total epoch time: 58.376

New epoch - lr: 0.003
[1/23 iteration of epoch 20/30] 
 {loss} cls : 0.005, total : 0.005 
 {acc} cls : 100.00
------------------------------
<Losses on train> cls : 0.018, total : 0.018
<Accuracies on train> cls : 99.42
Train epoch time: 53.387
------------------------------
<Accuracies on val> class : 98.83
------------------------------
<Accuracies on test> class : 70.03
------------------------------
<Accuracies on cartoon> test class : 70.22
------------------------------
<Accuracies on art_painting> test class : 70.46
------------------------------
<Accuracies on sketch> test class : 69.69
------------------------------
Total epoch time: 80.515

New epoch - lr: 0.003
[1/23 iteration of epoch 21/30] 
 {loss} cls : 0.012, total : 0.012 
 {acc} cls : 99.22
------------------------------
<Losses on train> cls : 0.012, total : 0.012
<Accuracies on train> cls : 99.59
Train epoch time: 44.648
------------------------------
<Accuracies on val> class : 98.83
------------------------------
<Accuracies on test> class : 69.39
------------------------------
<Accuracies on cartoon> test class : 74.74
------------------------------
<Accuracies on art_painting> test class : 71.97
------------------------------
<Accuracies on sketch> test class : 64.85
------------------------------
Total epoch time: 71.709

New epoch - lr: 0.003
[1/23 iteration of epoch 22/30] 
 {loss} cls : 0.023, total : 0.023 
 {acc} cls : 99.22
------------------------------
<Losses on train> cls : 0.011, total : 0.011
<Accuracies on train> cls : 99.63
Train epoch time: 35.264
------------------------------
<Accuracies on val> class : 98.83
------------------------------
<Accuracies on test> class : 67.25
------------------------------
<Accuracies on cartoon> test class : 69.45
------------------------------
<Accuracies on art_painting> test class : 71.97
------------------------------
<Accuracies on sketch> test class : 63.48
------------------------------
Total epoch time: 64.054

New epoch - lr: 0.003
[1/23 iteration of epoch 23/30] 
 {loss} cls : 0.001, total : 0.001 
 {acc} cls : 100.00
------------------------------
<Losses on train> cls : 0.008, total : 0.008
<Accuracies on train> cls : 99.69
Train epoch time: 35.040
------------------------------
<Accuracies on val> class : 98.83
------------------------------
<Accuracies on test> class : 69.72
------------------------------
<Accuracies on cartoon> test class : 71.16
------------------------------
<Accuracies on art_painting> test class : 71.78
------------------------------
<Accuracies on sketch> test class : 67.78
------------------------------
Total epoch time: 63.716

New epoch - lr: 0.003
[1/23 iteration of epoch 24/30] 
 {loss} cls : 0.000, total : 0.000 
 {acc} cls : 100.00
------------------------------
<Losses on train> cls : 0.008, total : 0.008
<Accuracies on train> cls : 99.80
Train epoch time: 34.878
------------------------------
<Accuracies on val> class : 98.83
------------------------------
<Accuracies on test> class : 69.61
------------------------------
<Accuracies on cartoon> test class : 70.09
------------------------------
<Accuracies on art_painting> test class : 71.34
------------------------------
<Accuracies on sketch> test class : 68.41
------------------------------
Total epoch time: 63.817

New epoch - lr: 0.003
[1/23 iteration of epoch 25/30] 
 {loss} cls : 0.025, total : 0.025 
 {acc} cls : 99.22
------------------------------
<Losses on train> cls : 0.011, total : 0.011
<Accuracies on train> cls : 99.66
Train epoch time: 30.556
------------------------------
<Accuracies on val> class : 98.83
------------------------------
<Accuracies on test> class : 70.21
------------------------------
<Accuracies on cartoon> test class : 70.95
------------------------------
<Accuracies on art_painting> test class : 72.31
------------------------------
<Accuracies on sketch> test class : 68.67
------------------------------
Total epoch time: 59.969

New epoch - lr: 0.003
[1/23 iteration of epoch 26/30] 
 {loss} cls : 0.000, total : 0.000 
 {acc} cls : 100.00
------------------------------
<Losses on train> cls : 0.012, total : 0.012
<Accuracies on train> cls : 99.63
Train epoch time: 36.016
------------------------------
<Accuracies on val> class : 98.83
------------------------------
<Accuracies on test> class : 71.94
------------------------------
<Accuracies on cartoon> test class : 72.44
------------------------------
<Accuracies on art_painting> test class : 71.83
------------------------------
<Accuracies on sketch> test class : 71.70
------------------------------
Total epoch time: 63.425

New epoch - lr: 0.0009000000000000002
[1/23 iteration of epoch 27/30] 
 {loss} cls : 0.007, total : 0.007 
 {acc} cls : 100.00
------------------------------
<Losses on train> cls : 0.010, total : 0.010
<Accuracies on train> cls : 99.76
Train epoch time: 34.182
------------------------------
<Accuracies on val> class : 98.83
------------------------------
<Accuracies on test> class : 72.21
------------------------------
<Accuracies on cartoon> test class : 73.93
------------------------------
<Accuracies on art_painting> test class : 71.88
------------------------------
<Accuracies on sketch> test class : 71.37
------------------------------
Total epoch time: 62.597

New epoch - lr: 0.0009000000000000002
[1/23 iteration of epoch 28/30] 
 {loss} cls : 0.006, total : 0.006 
 {acc} cls : 100.00
------------------------------
<Losses on train> cls : 0.008, total : 0.008
<Accuracies on train> cls : 99.73
Train epoch time: 31.099
------------------------------
<Accuracies on val> class : 98.83
------------------------------
<Accuracies on test> class : 70.29
------------------------------
<Accuracies on cartoon> test class : 73.12
------------------------------
<Accuracies on art_painting> test class : 72.80
------------------------------
<Accuracies on sketch> test class : 67.29
------------------------------
Total epoch time: 58.162

New epoch - lr: 0.0009000000000000002
[1/23 iteration of epoch 29/30] 
 {loss} cls : 0.017, total : 0.017 
 {acc} cls : 99.22
------------------------------
<Losses on train> cls : 0.009, total : 0.009
<Accuracies on train> cls : 99.66
Train epoch time: 40.291
------------------------------
<Accuracies on val> class : 98.83
------------------------------
<Accuracies on test> class : 71.29
------------------------------
<Accuracies on cartoon> test class : 73.72
------------------------------
<Accuracies on art_painting> test class : 73.05
------------------------------
<Accuracies on sketch> test class : 68.92
------------------------------
Total epoch time: 69.024

New epoch - lr: 0.0009000000000000002
[1/23 iteration of epoch 30/30] 
 {loss} cls : 0.002, total : 0.002 
 {acc} cls : 100.00
------------------------------
<Losses on train> cls : 0.010, total : 0.010
<Accuracies on train> cls : 99.73
Train epoch time: 30.519
------------------------------
<Accuracies on val> class : 98.83
------------------------------
<Accuracies on test> class : 71.11
------------------------------
<Accuracies on cartoon> test class : 73.89
------------------------------
<Accuracies on art_painting> test class : 73.58
------------------------------
<Accuracies on sketch> test class : 68.16
------------------------------
Total epoch time: 58.417

******************************
Best val 0.994152, corresponding test 0.696911 - best test: 0.722149

******************************
Best val 0.9941520690917969, corresponding cartoon test 0.7056313753128052

******************************
Best val 0.9941520690917969, corresponding art_painting test 0.7060546875

******************************
Best val 0.9941520690917969, corresponding sketch test 0.6869432330131531
