
Loading experiment Officehome/ResNet18_step


New epoch - lr: 0.003
[1/34 iteration of epoch 1/50] 
 {loss} cls : 4.331, total : 4.331 
 {acc} cls : 0.78
[31/34 iteration of epoch 1/50] 
 {loss} cls : 1.855, total : 1.855 
 {acc} cls : 50.78
------------------------------
<Losses on train> cls : 2.849, total : 2.849
<Accuracies on train> cls : 34.60
Train epoch time: 31.389
------------------------------
<Accuracies on val> class : 44.63
------------------------------
<Accuracies on test> class : 40.86
------------------------------
<Accuracies on Clipart> test class : 30.42
------------------------------
<Accuracies on Product> test class : 42.13
------------------------------
<Accuracies on Real_World> test class : 50.01
------------------------------
Total epoch time: 272.096

New epoch - lr: 0.003
[1/34 iteration of epoch 2/50] 
 {loss} cls : 1.642, total : 1.642 
 {acc} cls : 52.34
[31/34 iteration of epoch 2/50] 
 {loss} cls : 1.055, total : 1.055 
 {acc} cls : 70.31
------------------------------
<Losses on train> cls : 1.213, total : 1.213
<Accuracies on train> cls : 67.85
Train epoch time: 28.792
------------------------------
<Accuracies on val> class : 60.74
------------------------------
<Accuracies on test> class : 50.32
------------------------------
<Accuracies on Clipart> test class : 38.26
------------------------------
<Accuracies on Product> test class : 50.82
------------------------------
<Accuracies on Real_World> test class : 61.90
------------------------------
Total epoch time: 266.581

New epoch - lr: 0.003
[1/34 iteration of epoch 3/50] 
 {loss} cls : 0.926, total : 0.926 
 {acc} cls : 78.91
[31/34 iteration of epoch 3/50] 
 {loss} cls : 0.743, total : 0.743 
 {acc} cls : 77.34
------------------------------
<Losses on train> cls : 0.755, total : 0.755
<Accuracies on train> cls : 79.57
Train epoch time: 26.100
------------------------------
<Accuracies on val> class : 59.09
------------------------------
<Accuracies on test> class : 50.76
------------------------------
<Accuracies on Clipart> test class : 38.03
------------------------------
<Accuracies on Product> test class : 52.83
------------------------------
<Accuracies on Real_World> test class : 61.42
------------------------------
Total epoch time: 267.936

New epoch - lr: 0.003
[1/34 iteration of epoch 4/50] 
 {loss} cls : 0.491, total : 0.491 
 {acc} cls : 89.06
[31/34 iteration of epoch 4/50] 
 {loss} cls : 0.522, total : 0.522 
 {acc} cls : 83.59
------------------------------
<Losses on train> cls : 0.520, total : 0.520
<Accuracies on train> cls : 86.24
Train epoch time: 26.602
------------------------------
<Accuracies on val> class : 64.46
------------------------------
<Accuracies on test> class : 53.00
------------------------------
<Accuracies on Clipart> test class : 37.73
------------------------------
<Accuracies on Product> test class : 56.18
------------------------------
<Accuracies on Real_World> test class : 65.04
------------------------------
Total epoch time: 272.517

New epoch - lr: 0.003
[1/34 iteration of epoch 5/50] 
 {loss} cls : 0.297, total : 0.297 
 {acc} cls : 94.53
[31/34 iteration of epoch 5/50] 
 {loss} cls : 0.177, total : 0.177 
 {acc} cls : 99.22
------------------------------
<Losses on train> cls : 0.363, total : 0.363
<Accuracies on train> cls : 91.20
Train epoch time: 26.058
------------------------------
<Accuracies on val> class : 59.09
------------------------------
<Accuracies on test> class : 54.24
------------------------------
<Accuracies on Clipart> test class : 40.73
------------------------------
<Accuracies on Product> test class : 55.91
------------------------------
<Accuracies on Real_World> test class : 66.05
------------------------------
Total epoch time: 270.662

New epoch - lr: 0.003
[1/34 iteration of epoch 6/50] 
 {loss} cls : 0.321, total : 0.321 
 {acc} cls : 95.31
[31/34 iteration of epoch 6/50] 
 {loss} cls : 0.315, total : 0.315 
 {acc} cls : 91.41
------------------------------
<Losses on train> cls : 0.261, total : 0.261
<Accuracies on train> cls : 94.12
Train epoch time: 23.988
------------------------------
<Accuracies on val> class : 62.81
------------------------------
<Accuracies on test> class : 53.58
------------------------------
<Accuracies on Clipart> test class : 38.72
------------------------------
<Accuracies on Product> test class : 55.51
------------------------------
<Accuracies on Real_World> test class : 66.51
------------------------------
Total epoch time: 266.143

New epoch - lr: 0.003
[1/34 iteration of epoch 7/50] 
 {loss} cls : 0.169, total : 0.169 
 {acc} cls : 96.88
[31/34 iteration of epoch 7/50] 
 {loss} cls : 0.181, total : 0.181 
 {acc} cls : 98.44
------------------------------
<Losses on train> cls : 0.221, total : 0.221
<Accuracies on train> cls : 94.92
Train epoch time: 25.068
------------------------------
<Accuracies on val> class : 63.64
------------------------------
<Accuracies on test> class : 53.91
------------------------------
<Accuracies on Clipart> test class : 40.00
------------------------------
<Accuracies on Product> test class : 56.09
------------------------------
<Accuracies on Real_World> test class : 65.62
------------------------------
Total epoch time: 267.856

New epoch - lr: 0.003
[1/34 iteration of epoch 8/50] 
 {loss} cls : 0.249, total : 0.249 
 {acc} cls : 94.53
[31/34 iteration of epoch 8/50] 
 {loss} cls : 0.104, total : 0.104 
 {acc} cls : 98.44
------------------------------
<Losses on train> cls : 0.186, total : 0.186
<Accuracies on train> cls : 95.82
Train epoch time: 25.958
------------------------------
<Accuracies on val> class : 65.70
------------------------------
<Accuracies on test> class : 54.94
------------------------------
<Accuracies on Clipart> test class : 40.73
------------------------------
<Accuracies on Product> test class : 57.49
------------------------------
<Accuracies on Real_World> test class : 66.56
------------------------------
Total epoch time: 269.843

New epoch - lr: 0.003
[1/34 iteration of epoch 9/50] 
 {loss} cls : 0.243, total : 0.243 
 {acc} cls : 91.41
[31/34 iteration of epoch 9/50] 
 {loss} cls : 0.158, total : 0.158 
 {acc} cls : 97.66
------------------------------
<Losses on train> cls : 0.175, total : 0.175
<Accuracies on train> cls : 96.19
Train epoch time: 26.572
------------------------------
<Accuracies on val> class : 64.46
------------------------------
<Accuracies on test> class : 54.86
------------------------------
<Accuracies on Clipart> test class : 40.94
------------------------------
<Accuracies on Product> test class : 57.20
------------------------------
<Accuracies on Real_World> test class : 66.42
------------------------------
Total epoch time: 267.622

New epoch - lr: 0.003
[1/34 iteration of epoch 10/50] 
 {loss} cls : 0.076, total : 0.076 
 {acc} cls : 99.22
[31/34 iteration of epoch 10/50] 
 {loss} cls : 0.093, total : 0.093 
 {acc} cls : 96.88
------------------------------
<Losses on train> cls : 0.117, total : 0.117
<Accuracies on train> cls : 97.56
Train epoch time: 28.502
------------------------------
<Accuracies on val> class : 66.94
------------------------------
<Accuracies on test> class : 54.92
------------------------------
<Accuracies on Clipart> test class : 40.89
------------------------------
<Accuracies on Product> test class : 57.38
------------------------------
<Accuracies on Real_World> test class : 66.47
------------------------------
Total epoch time: 268.491

New epoch - lr: 0.003
[1/34 iteration of epoch 11/50] 
 {loss} cls : 0.077, total : 0.077 
 {acc} cls : 95.31
[31/34 iteration of epoch 11/50] 
 {loss} cls : 0.115, total : 0.115 
 {acc} cls : 97.66
------------------------------
<Losses on train> cls : 0.104, total : 0.104
<Accuracies on train> cls : 97.66
Train epoch time: 28.106
------------------------------
<Accuracies on val> class : 66.53
------------------------------
<Accuracies on test> class : 55.82
------------------------------
<Accuracies on Clipart> test class : 40.92
------------------------------
<Accuracies on Product> test class : 58.64
------------------------------
<Accuracies on Real_World> test class : 67.87
------------------------------
Total epoch time: 267.427

New epoch - lr: 0.003
[1/34 iteration of epoch 12/50] 
 {loss} cls : 0.033, total : 0.033 
 {acc} cls : 100.00
[31/34 iteration of epoch 12/50] 
 {loss} cls : 0.130, total : 0.130 
 {acc} cls : 97.66
------------------------------
<Losses on train> cls : 0.106, total : 0.106
<Accuracies on train> cls : 97.66
Train epoch time: 27.913
------------------------------
<Accuracies on val> class : 64.88
------------------------------
<Accuracies on test> class : 55.31
------------------------------
<Accuracies on Clipart> test class : 40.57
------------------------------
<Accuracies on Product> test class : 58.26
------------------------------
<Accuracies on Real_World> test class : 67.06
------------------------------
Total epoch time: 271.235

New epoch - lr: 0.003
[1/34 iteration of epoch 13/50] 
 {loss} cls : 0.101, total : 0.101 
 {acc} cls : 97.66
[31/34 iteration of epoch 13/50] 
 {loss} cls : 0.106, total : 0.106 
 {acc} cls : 98.44
------------------------------
<Losses on train> cls : 0.110, total : 0.110
<Accuracies on train> cls : 97.59
Train epoch time: 27.945
------------------------------
<Accuracies on val> class : 65.70
------------------------------
<Accuracies on test> class : 54.69
------------------------------
<Accuracies on Clipart> test class : 40.41
------------------------------
<Accuracies on Product> test class : 57.04
------------------------------
<Accuracies on Real_World> test class : 66.61
------------------------------
Total epoch time: 267.537

New epoch - lr: 0.003
[1/34 iteration of epoch 14/50] 
 {loss} cls : 0.075, total : 0.075 
 {acc} cls : 99.22
[31/34 iteration of epoch 14/50] 
 {loss} cls : 0.174, total : 0.174 
 {acc} cls : 96.88
------------------------------
<Losses on train> cls : 0.115, total : 0.115
<Accuracies on train> cls : 97.29
Train epoch time: 26.375
------------------------------
<Accuracies on val> class : 65.70
------------------------------
<Accuracies on test> class : 54.55
------------------------------
<Accuracies on Clipart> test class : 39.70
------------------------------
<Accuracies on Product> test class : 57.81
------------------------------
<Accuracies on Real_World> test class : 66.10
------------------------------
Total epoch time: 263.275

New epoch - lr: 0.003
[1/34 iteration of epoch 15/50] 
 {loss} cls : 0.121, total : 0.121 
 {acc} cls : 96.09
[31/34 iteration of epoch 15/50] 
 {loss} cls : 0.038, total : 0.038 
 {acc} cls : 100.00
------------------------------
<Losses on train> cls : 0.103, total : 0.103
<Accuracies on train> cls : 97.61
Train epoch time: 24.535
------------------------------
<Accuracies on val> class : 66.94
------------------------------
<Accuracies on test> class : 54.94
------------------------------
<Accuracies on Clipart> test class : 40.00
------------------------------
<Accuracies on Product> test class : 57.87
------------------------------
<Accuracies on Real_World> test class : 66.90
------------------------------
Total epoch time: 251.181

New epoch - lr: 0.003
[1/34 iteration of epoch 16/50] 
 {loss} cls : 0.052, total : 0.052 
 {acc} cls : 98.44
[31/34 iteration of epoch 16/50] 
 {loss} cls : 0.073, total : 0.073 
 {acc} cls : 98.44
------------------------------
<Losses on train> cls : 0.102, total : 0.102
<Accuracies on train> cls : 97.52
Train epoch time: 24.470
------------------------------
<Accuracies on val> class : 66.53
------------------------------
<Accuracies on test> class : 53.67
------------------------------
<Accuracies on Clipart> test class : 39.11
------------------------------
<Accuracies on Product> test class : 56.14
------------------------------
<Accuracies on Real_World> test class : 65.76
------------------------------
Total epoch time: 246.298

New epoch - lr: 0.003
[1/34 iteration of epoch 17/50] 
 {loss} cls : 0.065, total : 0.065 
 {acc} cls : 98.44
[31/34 iteration of epoch 17/50] 
 {loss} cls : 0.098, total : 0.098 
 {acc} cls : 97.66
------------------------------
<Losses on train> cls : 0.085, total : 0.085
<Accuracies on train> cls : 98.07
Train epoch time: 24.187
------------------------------
<Accuracies on val> class : 66.94
------------------------------
<Accuracies on test> class : 55.23
------------------------------
<Accuracies on Clipart> test class : 40.14
------------------------------
<Accuracies on Product> test class : 58.84
------------------------------
<Accuracies on Real_World> test class : 66.67
------------------------------
Total epoch time: 246.202

New epoch - lr: 0.003
[1/34 iteration of epoch 18/50] 
 {loss} cls : 0.059, total : 0.059 
 {acc} cls : 98.44
[31/34 iteration of epoch 18/50] 
 {loss} cls : 0.029, total : 0.029 
 {acc} cls : 100.00
------------------------------
<Losses on train> cls : 0.084, total : 0.084
<Accuracies on train> cls : 97.91
Train epoch time: 23.652
------------------------------
<Accuracies on val> class : 68.18
------------------------------
<Accuracies on test> class : 55.64
------------------------------
<Accuracies on Clipart> test class : 41.67
------------------------------
<Accuracies on Product> test class : 58.28
------------------------------
<Accuracies on Real_World> test class : 66.95
------------------------------
Total epoch time: 245.407

New epoch - lr: 0.003
[1/34 iteration of epoch 19/50] 
 {loss} cls : 0.114, total : 0.114 
 {acc} cls : 97.66
[31/34 iteration of epoch 19/50] 
 {loss} cls : 0.023, total : 0.023 
 {acc} cls : 100.00
------------------------------
<Losses on train> cls : 0.080, total : 0.080
<Accuracies on train> cls : 98.18
Train epoch time: 24.133
------------------------------
<Accuracies on val> class : 66.53
------------------------------
<Accuracies on test> class : 54.75
------------------------------
<Accuracies on Clipart> test class : 40.82
------------------------------
<Accuracies on Product> test class : 56.99
------------------------------
<Accuracies on Real_World> test class : 66.40
------------------------------
Total epoch time: 247.520

New epoch - lr: 0.003
[1/34 iteration of epoch 20/50] 
 {loss} cls : 0.076, total : 0.076 
 {acc} cls : 99.22
[31/34 iteration of epoch 20/50] 
 {loss} cls : 0.093, total : 0.093 
 {acc} cls : 97.66
------------------------------
<Losses on train> cls : 0.073, total : 0.073
<Accuracies on train> cls : 98.23
Train epoch time: 23.482
------------------------------
<Accuracies on val> class : 66.53
------------------------------
<Accuracies on test> class : 55.43
------------------------------
<Accuracies on Clipart> test class : 41.44
------------------------------
<Accuracies on Product> test class : 58.30
------------------------------
<Accuracies on Real_World> test class : 66.51
------------------------------
Total epoch time: 246.073

New epoch - lr: 0.003
[1/34 iteration of epoch 21/50] 
 {loss} cls : 0.056, total : 0.056 
 {acc} cls : 97.66
[31/34 iteration of epoch 21/50] 
 {loss} cls : 0.032, total : 0.032 
 {acc} cls : 100.00
------------------------------
<Losses on train> cls : 0.075, total : 0.075
<Accuracies on train> cls : 98.23
Train epoch time: 24.289
------------------------------
<Accuracies on val> class : 68.60
------------------------------
<Accuracies on test> class : 54.98
------------------------------
<Accuracies on Clipart> test class : 40.99
------------------------------
<Accuracies on Product> test class : 57.33
------------------------------
<Accuracies on Real_World> test class : 66.61
------------------------------
Total epoch time: 246.928

New epoch - lr: 0.003
[1/34 iteration of epoch 22/50] 
 {loss} cls : 0.021, total : 0.021 
 {acc} cls : 99.22
[31/34 iteration of epoch 22/50] 
 {loss} cls : 0.069, total : 0.069 
 {acc} cls : 97.66
------------------------------
<Losses on train> cls : 0.072, total : 0.072
<Accuracies on train> cls : 98.23
Train epoch time: 24.293
------------------------------
<Accuracies on val> class : 65.70
------------------------------
<Accuracies on test> class : 54.73
------------------------------
<Accuracies on Clipart> test class : 39.86
------------------------------
<Accuracies on Product> test class : 57.63
------------------------------
<Accuracies on Real_World> test class : 66.67
------------------------------
Total epoch time: 247.824

New epoch - lr: 0.003
[1/34 iteration of epoch 23/50] 
 {loss} cls : 0.060, total : 0.060 
 {acc} cls : 97.66
[31/34 iteration of epoch 23/50] 
 {loss} cls : 0.034, total : 0.034 
 {acc} cls : 100.00
------------------------------
<Losses on train> cls : 0.062, total : 0.062
<Accuracies on train> cls : 98.48
Train epoch time: 23.100
------------------------------
<Accuracies on val> class : 66.94
------------------------------
<Accuracies on test> class : 54.55
------------------------------
<Accuracies on Clipart> test class : 40.00
------------------------------
<Accuracies on Product> test class : 56.70
------------------------------
<Accuracies on Real_World> test class : 66.93
------------------------------
Total epoch time: 247.850

New epoch - lr: 0.003
[1/34 iteration of epoch 24/50] 
 {loss} cls : 0.086, total : 0.086 
 {acc} cls : 97.66
[31/34 iteration of epoch 24/50] 
 {loss} cls : 0.024, total : 0.024 
 {acc} cls : 100.00
------------------------------
<Losses on train> cls : 0.060, total : 0.060
<Accuracies on train> cls : 98.37
Train epoch time: 23.446
------------------------------
<Accuracies on val> class : 65.29
------------------------------
<Accuracies on test> class : 54.27
------------------------------
<Accuracies on Clipart> test class : 39.84
------------------------------
<Accuracies on Product> test class : 56.68
------------------------------
<Accuracies on Real_World> test class : 66.28
------------------------------
Total epoch time: 246.430

New epoch - lr: 0.003
[1/34 iteration of epoch 25/50] 
 {loss} cls : 0.073, total : 0.073 
 {acc} cls : 97.66
[31/34 iteration of epoch 25/50] 
 {loss} cls : 0.038, total : 0.038 
 {acc} cls : 100.00
------------------------------
<Losses on train> cls : 0.058, total : 0.058
<Accuracies on train> cls : 98.64
Train epoch time: 23.949
------------------------------
<Accuracies on val> class : 64.88
------------------------------
<Accuracies on test> class : 54.79
------------------------------
<Accuracies on Clipart> test class : 40.25
------------------------------
<Accuracies on Product> test class : 57.36
------------------------------
<Accuracies on Real_World> test class : 66.74
------------------------------
Total epoch time: 251.525

New epoch - lr: 0.003
[1/34 iteration of epoch 26/50] 
 {loss} cls : 0.080, total : 0.080 
 {acc} cls : 97.66
[31/34 iteration of epoch 26/50] 
 {loss} cls : 0.043, total : 0.043 
 {acc} cls : 99.22
------------------------------
<Losses on train> cls : 0.059, total : 0.059
<Accuracies on train> cls : 98.51
Train epoch time: 22.994
------------------------------
<Accuracies on val> class : 65.29
------------------------------
<Accuracies on test> class : 54.72
------------------------------
<Accuracies on Clipart> test class : 39.50
------------------------------
<Accuracies on Product> test class : 57.99
------------------------------
<Accuracies on Real_World> test class : 66.65
------------------------------
Total epoch time: 250.391

New epoch - lr: 0.003
[1/34 iteration of epoch 27/50] 
 {loss} cls : 0.085, total : 0.085 
 {acc} cls : 96.88
[31/34 iteration of epoch 27/50] 
 {loss} cls : 0.053, total : 0.053 
 {acc} cls : 99.22
------------------------------
<Losses on train> cls : 0.065, total : 0.065
<Accuracies on train> cls : 98.46
Train epoch time: 23.898
------------------------------
<Accuracies on val> class : 65.70
------------------------------
<Accuracies on test> class : 54.46
------------------------------
<Accuracies on Clipart> test class : 39.77
------------------------------
<Accuracies on Product> test class : 57.31
------------------------------
<Accuracies on Real_World> test class : 66.28
------------------------------
Total epoch time: 249.232

New epoch - lr: 0.003
[1/34 iteration of epoch 28/50] 
 {loss} cls : 0.037, total : 0.037 
 {acc} cls : 99.22
[31/34 iteration of epoch 28/50] 
 {loss} cls : 0.053, total : 0.053 
 {acc} cls : 98.44
------------------------------
<Losses on train> cls : 0.062, total : 0.062
<Accuracies on train> cls : 98.44
Train epoch time: 23.654
------------------------------
<Accuracies on val> class : 65.70
------------------------------
<Accuracies on test> class : 54.92
------------------------------
<Accuracies on Clipart> test class : 40.30
------------------------------
<Accuracies on Product> test class : 58.03
------------------------------
<Accuracies on Real_World> test class : 66.40
------------------------------
Total epoch time: 248.375

New epoch - lr: 0.003
[1/34 iteration of epoch 29/50] 
 {loss} cls : 0.046, total : 0.046 
 {acc} cls : 100.00
[31/34 iteration of epoch 29/50] 
 {loss} cls : 0.046, total : 0.046 
 {acc} cls : 99.22
------------------------------
<Losses on train> cls : 0.055, total : 0.055
<Accuracies on train> cls : 98.74
Train epoch time: 23.894
------------------------------
<Accuracies on val> class : 66.12
------------------------------
<Accuracies on test> class : 54.34
------------------------------
<Accuracies on Clipart> test class : 39.06
------------------------------
<Accuracies on Product> test class : 57.22
------------------------------
<Accuracies on Real_World> test class : 66.72
------------------------------
Total epoch time: 250.945

New epoch - lr: 0.003
[1/34 iteration of epoch 30/50] 
 {loss} cls : 0.048, total : 0.048 
 {acc} cls : 98.44
[31/34 iteration of epoch 30/50] 
 {loss} cls : 0.057, total : 0.057 
 {acc} cls : 98.44
------------------------------
<Losses on train> cls : 0.059, total : 0.059
<Accuracies on train> cls : 98.48
Train epoch time: 23.816
------------------------------
<Accuracies on val> class : 62.81
------------------------------
<Accuracies on test> class : 54.83
------------------------------
<Accuracies on Clipart> test class : 40.00
------------------------------
<Accuracies on Product> test class : 57.74
------------------------------
<Accuracies on Real_World> test class : 66.72
------------------------------
Total epoch time: 248.193

New epoch - lr: 0.003
[1/34 iteration of epoch 31/50] 
 {loss} cls : 0.050, total : 0.050 
 {acc} cls : 98.44
[31/34 iteration of epoch 31/50] 
 {loss} cls : 0.010, total : 0.010 
 {acc} cls : 100.00
------------------------------
<Losses on train> cls : 0.051, total : 0.051
<Accuracies on train> cls : 98.62
Train epoch time: 23.178
------------------------------
<Accuracies on val> class : 64.46
------------------------------
<Accuracies on test> class : 54.53
------------------------------
<Accuracies on Clipart> test class : 40.09
------------------------------
<Accuracies on Product> test class : 57.29
------------------------------
<Accuracies on Real_World> test class : 66.19
------------------------------
Total epoch time: 251.040

New epoch - lr: 0.003
[1/34 iteration of epoch 32/50] 
 {loss} cls : 0.034, total : 0.034 
 {acc} cls : 100.00
[31/34 iteration of epoch 32/50] 
 {loss} cls : 0.160, total : 0.160 
 {acc} cls : 96.09
------------------------------
<Losses on train> cls : 0.056, total : 0.056
<Accuracies on train> cls : 98.60
Train epoch time: 23.665
------------------------------
<Accuracies on val> class : 64.46
------------------------------
<Accuracies on test> class : 54.02
------------------------------
<Accuracies on Clipart> test class : 39.24
------------------------------
<Accuracies on Product> test class : 56.30
------------------------------
<Accuracies on Real_World> test class : 66.51
------------------------------
Total epoch time: 249.267

New epoch - lr: 0.003
[1/34 iteration of epoch 33/50] 
 {loss} cls : 0.051, total : 0.051 
 {acc} cls : 99.22
[31/34 iteration of epoch 33/50] 
 {loss} cls : 0.016, total : 0.016 
 {acc} cls : 100.00
------------------------------
<Losses on train> cls : 0.052, total : 0.052
<Accuracies on train> cls : 98.62
Train epoch time: 23.545
------------------------------
<Accuracies on val> class : 63.22
------------------------------
<Accuracies on test> class : 55.70
------------------------------
<Accuracies on Clipart> test class : 40.39
------------------------------
<Accuracies on Product> test class : 59.09
------------------------------
<Accuracies on Real_World> test class : 67.59
------------------------------
Total epoch time: 247.033

New epoch - lr: 0.003
[1/34 iteration of epoch 34/50] 
 {loss} cls : 0.047, total : 0.047 
 {acc} cls : 98.44
[31/34 iteration of epoch 34/50] 
 {loss} cls : 0.052, total : 0.052 
 {acc} cls : 99.22
------------------------------
<Losses on train> cls : 0.052, total : 0.052
<Accuracies on train> cls : 98.81
Train epoch time: 23.633
------------------------------
<Accuracies on val> class : 64.46
------------------------------
<Accuracies on test> class : 55.44
------------------------------
<Accuracies on Clipart> test class : 40.44
------------------------------
<Accuracies on Product> test class : 58.84
------------------------------
<Accuracies on Real_World> test class : 67.02
------------------------------
Total epoch time: 249.400

New epoch - lr: 0.003
[1/34 iteration of epoch 35/50] 
 {loss} cls : 0.024, total : 0.024 
 {acc} cls : 98.44
[31/34 iteration of epoch 35/50] 
 {loss} cls : 0.062, total : 0.062 
 {acc} cls : 98.44
------------------------------
<Losses on train> cls : 0.046, total : 0.046
<Accuracies on train> cls : 98.58
Train epoch time: 23.685
------------------------------
<Accuracies on val> class : 63.22
------------------------------
<Accuracies on test> class : 54.84
------------------------------
<Accuracies on Clipart> test class : 39.29
------------------------------
<Accuracies on Product> test class : 58.41
------------------------------
<Accuracies on Real_World> test class : 66.77
------------------------------
Total epoch time: 248.663

New epoch - lr: 0.003
[1/34 iteration of epoch 36/50] 
 {loss} cls : 0.028, total : 0.028 
 {acc} cls : 99.22
[31/34 iteration of epoch 36/50] 
 {loss} cls : 0.095, total : 0.095 
 {acc} cls : 96.88
------------------------------
<Losses on train> cls : 0.055, total : 0.055
<Accuracies on train> cls : 98.58
Train epoch time: 22.869
------------------------------
<Accuracies on val> class : 66.94
------------------------------
<Accuracies on test> class : 54.18
------------------------------
<Accuracies on Clipart> test class : 39.01
------------------------------
<Accuracies on Product> test class : 57.56
------------------------------
<Accuracies on Real_World> test class : 65.92
------------------------------
Total epoch time: 249.774

New epoch - lr: 0.003
[1/34 iteration of epoch 37/50] 
 {loss} cls : 0.077, total : 0.077 
 {acc} cls : 99.22
[31/34 iteration of epoch 37/50] 
 {loss} cls : 0.018, total : 0.018 
 {acc} cls : 99.22
------------------------------
<Losses on train> cls : 0.048, total : 0.048
<Accuracies on train> cls : 98.67
Train epoch time: 23.748
------------------------------
<Accuracies on val> class : 65.29
------------------------------
<Accuracies on test> class : 54.43
------------------------------
<Accuracies on Clipart> test class : 40.16
------------------------------
<Accuracies on Product> test class : 56.90
------------------------------
<Accuracies on Real_World> test class : 66.22
------------------------------
Total epoch time: 251.926

New epoch - lr: 0.003
[1/34 iteration of epoch 38/50] 
 {loss} cls : 0.074, total : 0.074 
 {acc} cls : 96.09
[31/34 iteration of epoch 38/50] 
 {loss} cls : 0.056, total : 0.056 
 {acc} cls : 97.66
------------------------------
<Losses on train> cls : 0.047, total : 0.047
<Accuracies on train> cls : 98.60
Train epoch time: 29.786
------------------------------
<Accuracies on val> class : 65.29
------------------------------
<Accuracies on test> class : 53.64
------------------------------
<Accuracies on Clipart> test class : 38.26
------------------------------
<Accuracies on Product> test class : 57.06
------------------------------
<Accuracies on Real_World> test class : 65.55
------------------------------
Total epoch time: 266.805

New epoch - lr: 0.003
[1/34 iteration of epoch 39/50] 
 {loss} cls : 0.030, total : 0.030 
 {acc} cls : 100.00
[31/34 iteration of epoch 39/50] 
 {loss} cls : 0.025, total : 0.025 
 {acc} cls : 99.22
------------------------------
<Losses on train> cls : 0.052, total : 0.052
<Accuracies on train> cls : 98.60
Train epoch time: 28.639
------------------------------
<Accuracies on val> class : 66.12
------------------------------
<Accuracies on test> class : 54.34
------------------------------
<Accuracies on Clipart> test class : 40.14
------------------------------
<Accuracies on Product> test class : 57.11
------------------------------
<Accuracies on Real_World> test class : 65.76
------------------------------
Total epoch time: 267.343

New epoch - lr: 0.003
[1/34 iteration of epoch 40/50] 
 {loss} cls : 0.016, total : 0.016 
 {acc} cls : 100.00
[31/34 iteration of epoch 40/50] 
 {loss} cls : 0.110, total : 0.110 
 {acc} cls : 96.09
------------------------------
<Losses on train> cls : 0.051, total : 0.051
<Accuracies on train> cls : 98.71
Train epoch time: 25.468
------------------------------
<Accuracies on val> class : 66.94
------------------------------
<Accuracies on test> class : 54.14
------------------------------
<Accuracies on Clipart> test class : 40.18
------------------------------
<Accuracies on Product> test class : 56.77
------------------------------
<Accuracies on Real_World> test class : 65.43
------------------------------
Total epoch time: 269.776

New epoch - lr: 0.003
[1/34 iteration of epoch 41/50] 
 {loss} cls : 0.031, total : 0.031 
 {acc} cls : 100.00
[31/34 iteration of epoch 41/50] 
 {loss} cls : 0.035, total : 0.035 
 {acc} cls : 99.22
------------------------------
<Losses on train> cls : 0.042, total : 0.042
<Accuracies on train> cls : 98.90
Train epoch time: 26.759
------------------------------
<Accuracies on val> class : 66.53
------------------------------
<Accuracies on test> class : 54.65
------------------------------
<Accuracies on Clipart> test class : 40.41
------------------------------
<Accuracies on Product> test class : 57.29
------------------------------
<Accuracies on Real_World> test class : 66.24
------------------------------
Total epoch time: 269.990

New epoch - lr: 0.003
[1/34 iteration of epoch 42/50] 
 {loss} cls : 0.044, total : 0.044 
 {acc} cls : 97.66
[31/34 iteration of epoch 42/50] 
 {loss} cls : 0.021, total : 0.021 
 {acc} cls : 99.22
------------------------------
<Losses on train> cls : 0.051, total : 0.051
<Accuracies on train> cls : 98.53
Train epoch time: 27.279
------------------------------
<Accuracies on val> class : 66.12
------------------------------
<Accuracies on test> class : 54.74
------------------------------
<Accuracies on Clipart> test class : 39.79
------------------------------
<Accuracies on Product> test class : 57.81
------------------------------
<Accuracies on Real_World> test class : 66.58
------------------------------
Total epoch time: 271.851

New epoch - lr: 0.003
[1/34 iteration of epoch 43/50] 
 {loss} cls : 0.055, total : 0.055 
 {acc} cls : 97.66
[31/34 iteration of epoch 43/50] 
 {loss} cls : 0.059, total : 0.059 
 {acc} cls : 96.09
------------------------------
<Losses on train> cls : 0.040, total : 0.040
<Accuracies on train> cls : 98.83
Train epoch time: 27.459
------------------------------
<Accuracies on val> class : 65.29
------------------------------
<Accuracies on test> class : 55.03
------------------------------
<Accuracies on Clipart> test class : 40.21
------------------------------
<Accuracies on Product> test class : 58.10
------------------------------
<Accuracies on Real_World> test class : 66.74
------------------------------
Total epoch time: 269.180

New epoch - lr: 0.003
[1/34 iteration of epoch 44/50] 
 {loss} cls : 0.043, total : 0.043 
 {acc} cls : 99.22
[31/34 iteration of epoch 44/50] 
 {loss} cls : 0.132, total : 0.132 
 {acc} cls : 96.88
------------------------------
<Losses on train> cls : 0.039, total : 0.039
<Accuracies on train> cls : 99.15
Train epoch time: 26.410
------------------------------
<Accuracies on val> class : 66.12
------------------------------
<Accuracies on test> class : 54.64
------------------------------
<Accuracies on Clipart> test class : 39.45
------------------------------
<Accuracies on Product> test class : 57.67
------------------------------
<Accuracies on Real_World> test class : 66.77
------------------------------
Total epoch time: 268.624

New epoch - lr: 0.0009000000000000002
[1/34 iteration of epoch 45/50] 
 {loss} cls : 0.066, total : 0.066 
 {acc} cls : 97.66
[31/34 iteration of epoch 45/50] 
 {loss} cls : 0.009, total : 0.009 
 {acc} cls : 100.00
------------------------------
<Losses on train> cls : 0.043, total : 0.043
<Accuracies on train> cls : 98.69
Train epoch time: 26.849
------------------------------
<Accuracies on val> class : 67.36
------------------------------
<Accuracies on test> class : 55.10
------------------------------
<Accuracies on Clipart> test class : 40.23
------------------------------
<Accuracies on Product> test class : 57.83
------------------------------
<Accuracies on Real_World> test class : 67.23
------------------------------
Total epoch time: 266.062

New epoch - lr: 0.0009000000000000002
[1/34 iteration of epoch 46/50] 
 {loss} cls : 0.013, total : 0.013 
 {acc} cls : 100.00
[31/34 iteration of epoch 46/50] 
 {loss} cls : 0.017, total : 0.017 
 {acc} cls : 100.00
------------------------------
<Losses on train> cls : 0.032, total : 0.032
<Accuracies on train> cls : 98.99
Train epoch time: 25.824
------------------------------
<Accuracies on val> class : 66.94
------------------------------
<Accuracies on test> class : 55.09
------------------------------
<Accuracies on Clipart> test class : 40.32
------------------------------
<Accuracies on Product> test class : 57.67
------------------------------
<Accuracies on Real_World> test class : 67.25
------------------------------
Total epoch time: 271.725

New epoch - lr: 0.0009000000000000002
[1/34 iteration of epoch 47/50] 
 {loss} cls : 0.038, total : 0.038 
 {acc} cls : 98.44
[31/34 iteration of epoch 47/50] 
 {loss} cls : 0.022, total : 0.022 
 {acc} cls : 100.00
------------------------------
<Losses on train> cls : 0.040, total : 0.040
<Accuracies on train> cls : 99.03
Train epoch time: 25.220
------------------------------
<Accuracies on val> class : 66.53
------------------------------
<Accuracies on test> class : 55.59
------------------------------
<Accuracies on Clipart> test class : 41.24
------------------------------
<Accuracies on Product> test class : 58.14
------------------------------
<Accuracies on Real_World> test class : 67.36
------------------------------
Total epoch time: 269.751

New epoch - lr: 0.0009000000000000002
[1/34 iteration of epoch 48/50] 
 {loss} cls : 0.014, total : 0.014 
 {acc} cls : 100.00
[31/34 iteration of epoch 48/50] 
 {loss} cls : 0.090, total : 0.090 
 {acc} cls : 98.44
------------------------------
<Losses on train> cls : 0.036, total : 0.036
<Accuracies on train> cls : 99.01
Train epoch time: 24.611
------------------------------
<Accuracies on val> class : 65.70
------------------------------
<Accuracies on test> class : 55.56
------------------------------
<Accuracies on Clipart> test class : 40.82
------------------------------
<Accuracies on Product> test class : 58.30
------------------------------
<Accuracies on Real_World> test class : 67.52
------------------------------
Total epoch time: 265.696

New epoch - lr: 0.0009000000000000002
[1/34 iteration of epoch 49/50] 
 {loss} cls : 0.007, total : 0.007 
 {acc} cls : 100.00
[31/34 iteration of epoch 49/50] 
 {loss} cls : 0.028, total : 0.028 
 {acc} cls : 98.44
------------------------------
<Losses on train> cls : 0.034, total : 0.034
<Accuracies on train> cls : 98.99
Train epoch time: 28.684
------------------------------
<Accuracies on val> class : 66.12
------------------------------
<Accuracies on test> class : 55.49
------------------------------
<Accuracies on Clipart> test class : 40.87
------------------------------
<Accuracies on Product> test class : 58.19
------------------------------
<Accuracies on Real_World> test class : 67.39
------------------------------
Total epoch time: 268.628

New epoch - lr: 0.0009000000000000002
[1/34 iteration of epoch 50/50] 
 {loss} cls : 0.025, total : 0.025 
 {acc} cls : 98.44
[31/34 iteration of epoch 50/50] 
 {loss} cls : 0.014, total : 0.014 
 {acc} cls : 100.00
------------------------------
<Losses on train> cls : 0.029, total : 0.029
<Accuracies on train> cls : 99.17
Train epoch time: 26.935
------------------------------
<Accuracies on val> class : 66.53
------------------------------
<Accuracies on test> class : 55.70
------------------------------
<Accuracies on Clipart> test class : 40.71
------------------------------
<Accuracies on Product> test class : 58.59
------------------------------
<Accuracies on Real_World> test class : 67.78
------------------------------
Total epoch time: 272.175

******************************
Best val 0.68595, corresponding test 0.549806 - best test: 0.558164

******************************
Best val 0.6859503984451294, corresponding Clipart test 0.40985107421875

******************************
Best val 0.6859503984451294, corresponding Product test 0.5733273029327393

******************************
Best val 0.6859503984451294, corresponding Real_World test 0.6660546064376831
