
Loading experiment Officehome/ResNet18_step


New epoch - lr: 0.003
[1/61 iteration of epoch 1/50] 
 {loss} cls : 4.416, total : 4.416 
 {acc} cls : 1.56
[31/61 iteration of epoch 1/50] 
 {loss} cls : 3.469, total : 3.469 
 {acc} cls : 18.75
[61/61 iteration of epoch 1/50] 
 {loss} cls : 2.230, total : 2.230 
 {acc} cls : 45.31
------------------------------
<Losses on train> cls : 3.467, total : 3.467
<Accuracies on train> cls : 18.06
Train epoch time: 106.926
------------------------------
<Accuracies on val> class : 38.39
------------------------------
<Accuracies on test> class : 22.54
------------------------------
<Accuracies on Art> test class : 18.83
------------------------------
<Accuracies on Clipart> test class : 22.63
------------------------------
<Accuracies on Product> test class : 24.46
------------------------------
Total epoch time: 217.952

New epoch - lr: 0.003
[1/61 iteration of epoch 2/50] 
 {loss} cls : 1.891, total : 1.891 
 {acc} cls : 51.56
[31/61 iteration of epoch 2/50] 
 {loss} cls : 1.636, total : 1.636 
 {acc} cls : 59.38
[61/61 iteration of epoch 2/50] 
 {loss} cls : 1.727, total : 1.727 
 {acc} cls : 46.88
------------------------------
<Losses on train> cls : 1.889, total : 1.889
<Accuracies on train> cls : 48.64
Train epoch time: 101.161
------------------------------
<Accuracies on val> class : 50.34
------------------------------
<Accuracies on test> class : 35.95
------------------------------
<Accuracies on Art> test class : 26.33
------------------------------
<Accuracies on Clipart> test class : 33.59
------------------------------
<Accuracies on Product> test class : 43.52
------------------------------
Total epoch time: 214.720

New epoch - lr: 0.003
[1/61 iteration of epoch 3/50] 
 {loss} cls : 1.367, total : 1.367 
 {acc} cls : 59.38
[31/61 iteration of epoch 3/50] 
 {loss} cls : 1.340, total : 1.340 
 {acc} cls : 60.94
[61/61 iteration of epoch 3/50] 
 {loss} cls : 0.994, total : 0.994 
 {acc} cls : 68.75
------------------------------
<Losses on train> cls : 1.264, total : 1.264
<Accuracies on train> cls : 63.42
Train epoch time: 98.172
------------------------------
<Accuracies on val> class : 61.84
------------------------------
<Accuracies on test> class : 39.83
------------------------------
<Accuracies on Art> test class : 32.18
------------------------------
<Accuracies on Clipart> test class : 35.49
------------------------------
<Accuracies on Product> test class : 48.28
------------------------------
Total epoch time: 217.439

New epoch - lr: 0.003
[1/61 iteration of epoch 4/50] 
 {loss} cls : 0.873, total : 0.873 
 {acc} cls : 71.88
[31/61 iteration of epoch 4/50] 
 {loss} cls : 0.780, total : 0.780 
 {acc} cls : 78.12
[61/61 iteration of epoch 4/50] 
 {loss} cls : 1.104, total : 1.104 
 {acc} cls : 64.06
------------------------------
<Losses on train> cls : 0.938, total : 0.938
<Accuracies on train> cls : 72.41
Train epoch time: 96.001
------------------------------
<Accuracies on val> class : 60.46
------------------------------
<Accuracies on test> class : 41.76
------------------------------
<Accuracies on Art> test class : 34.32
------------------------------
<Accuracies on Clipart> test class : 38.85
------------------------------
<Accuracies on Product> test class : 48.68
------------------------------
Total epoch time: 215.096

New epoch - lr: 0.003
[1/61 iteration of epoch 5/50] 
 {loss} cls : 0.600, total : 0.600 
 {acc} cls : 79.69
[31/61 iteration of epoch 5/50] 
 {loss} cls : 0.773, total : 0.773 
 {acc} cls : 82.81
[61/61 iteration of epoch 5/50] 
 {loss} cls : 0.594, total : 0.594 
 {acc} cls : 85.94
------------------------------
<Losses on train> cls : 0.649, total : 0.649
<Accuracies on train> cls : 80.97
Train epoch time: 102.526
------------------------------
<Accuracies on val> class : 65.29
------------------------------
<Accuracies on test> class : 42.44
------------------------------
<Accuracies on Art> test class : 35.76
------------------------------
<Accuracies on Clipart> test class : 37.80
------------------------------
<Accuracies on Product> test class : 50.64
------------------------------
Total epoch time: 219.543

New epoch - lr: 0.003
[1/61 iteration of epoch 6/50] 
 {loss} cls : 0.396, total : 0.396 
 {acc} cls : 90.62
[31/61 iteration of epoch 6/50] 
 {loss} cls : 0.592, total : 0.592 
 {acc} cls : 81.25
[61/61 iteration of epoch 6/50] 
 {loss} cls : 0.403, total : 0.403 
 {acc} cls : 84.38
------------------------------
<Losses on train> cls : 0.464, total : 0.464
<Accuracies on train> cls : 86.35
Train epoch time: 101.673
------------------------------
<Accuracies on val> class : 69.20
------------------------------
<Accuracies on test> class : 45.29
------------------------------
<Accuracies on Art> test class : 37.33
------------------------------
<Accuracies on Clipart> test class : 41.08
------------------------------
<Accuracies on Product> test class : 53.80
------------------------------
Total epoch time: 218.700

New epoch - lr: 0.003
[1/61 iteration of epoch 7/50] 
 {loss} cls : 0.322, total : 0.322 
 {acc} cls : 89.06
[31/61 iteration of epoch 7/50] 
 {loss} cls : 0.365, total : 0.365 
 {acc} cls : 89.06
[61/61 iteration of epoch 7/50] 
 {loss} cls : 0.321, total : 0.321 
 {acc} cls : 90.62
------------------------------
<Losses on train> cls : 0.337, total : 0.337
<Accuracies on train> cls : 90.16
Train epoch time: 102.322
------------------------------
<Accuracies on val> class : 68.74
------------------------------
<Accuracies on test> class : 45.17
------------------------------
<Accuracies on Art> test class : 38.81
------------------------------
<Accuracies on Clipart> test class : 40.71
------------------------------
<Accuracies on Product> test class : 53.03
------------------------------
Total epoch time: 218.719

New epoch - lr: 0.003
[1/61 iteration of epoch 8/50] 
 {loss} cls : 0.341, total : 0.341 
 {acc} cls : 90.62
[31/61 iteration of epoch 8/50] 
 {loss} cls : 0.213, total : 0.213 
 {acc} cls : 95.31
[61/61 iteration of epoch 8/50] 
 {loss} cls : 0.199, total : 0.199 
 {acc} cls : 92.19
------------------------------
<Losses on train> cls : 0.265, total : 0.265
<Accuracies on train> cls : 92.55
Train epoch time: 99.879
------------------------------
<Accuracies on val> class : 66.21
------------------------------
<Accuracies on test> class : 44.33
------------------------------
<Accuracies on Art> test class : 37.21
------------------------------
<Accuracies on Clipart> test class : 38.76
------------------------------
<Accuracies on Product> test class : 53.71
------------------------------
Total epoch time: 218.474

New epoch - lr: 0.003
[1/61 iteration of epoch 9/50] 
 {loss} cls : 0.125, total : 0.125 
 {acc} cls : 96.88
[31/61 iteration of epoch 9/50] 
 {loss} cls : 0.226, total : 0.226 
 {acc} cls : 96.88
[61/61 iteration of epoch 9/50] 
 {loss} cls : 0.299, total : 0.299 
 {acc} cls : 93.75
------------------------------
<Losses on train> cls : 0.195, total : 0.195
<Accuracies on train> cls : 94.60
Train epoch time: 98.005
------------------------------
<Accuracies on val> class : 67.36
------------------------------
<Accuracies on test> class : 44.84
------------------------------
<Accuracies on Art> test class : 37.21
------------------------------
<Accuracies on Clipart> test class : 41.05
------------------------------
<Accuracies on Product> test class : 52.74
------------------------------
Total epoch time: 215.179

New epoch - lr: 0.003
[1/61 iteration of epoch 10/50] 
 {loss} cls : 0.085, total : 0.085 
 {acc} cls : 100.00
[31/61 iteration of epoch 10/50] 
 {loss} cls : 0.135, total : 0.135 
 {acc} cls : 96.88
[61/61 iteration of epoch 10/50] 
 {loss} cls : 0.205, total : 0.205 
 {acc} cls : 92.19
------------------------------
<Losses on train> cls : 0.148, total : 0.148
<Accuracies on train> cls : 96.18
Train epoch time: 100.036
------------------------------
<Accuracies on val> class : 68.51
------------------------------
<Accuracies on test> class : 45.86
------------------------------
<Accuracies on Art> test class : 39.84
------------------------------
<Accuracies on Clipart> test class : 39.95
------------------------------
<Accuracies on Product> test class : 54.97
------------------------------
Total epoch time: 216.984

New epoch - lr: 0.003
[1/61 iteration of epoch 11/50] 
 {loss} cls : 0.069, total : 0.069 
 {acc} cls : 96.88
[31/61 iteration of epoch 11/50] 
 {loss} cls : 0.074, total : 0.074 
 {acc} cls : 98.44
[61/61 iteration of epoch 11/50] 
 {loss} cls : 0.060, total : 0.060 
 {acc} cls : 100.00
------------------------------
<Losses on train> cls : 0.114, total : 0.114
<Accuracies on train> cls : 96.98
Train epoch time: 104.873
------------------------------
<Accuracies on val> class : 66.44
------------------------------
<Accuracies on test> class : 46.44
------------------------------
<Accuracies on Art> test class : 39.64
------------------------------
<Accuracies on Clipart> test class : 41.88
------------------------------
<Accuracies on Product> test class : 54.65
------------------------------
Total epoch time: 210.092

New epoch - lr: 0.003
[1/61 iteration of epoch 12/50] 
 {loss} cls : 0.073, total : 0.073 
 {acc} cls : 98.44
[31/61 iteration of epoch 12/50] 
 {loss} cls : 0.131, total : 0.131 
 {acc} cls : 96.88
[61/61 iteration of epoch 12/50] 
 {loss} cls : 0.133, total : 0.133 
 {acc} cls : 98.44
------------------------------
<Losses on train> cls : 0.117, total : 0.117
<Accuracies on train> cls : 96.82
Train epoch time: 101.505
------------------------------
<Accuracies on val> class : 69.66
------------------------------
<Accuracies on test> class : 47.42
------------------------------
<Accuracies on Art> test class : 39.60
------------------------------
<Accuracies on Clipart> test class : 41.99
------------------------------
<Accuracies on Product> test class : 57.04
------------------------------
Total epoch time: 217.306

New epoch - lr: 0.003
[1/61 iteration of epoch 13/50] 
 {loss} cls : 0.114, total : 0.114 
 {acc} cls : 95.31
[31/61 iteration of epoch 13/50] 
 {loss} cls : 0.035, total : 0.035 
 {acc} cls : 100.00
[61/61 iteration of epoch 13/50] 
 {loss} cls : 0.187, total : 0.187 
 {acc} cls : 95.31
------------------------------
<Losses on train> cls : 0.083, total : 0.083
<Accuracies on train> cls : 97.90
Train epoch time: 99.537
------------------------------
<Accuracies on val> class : 69.20
------------------------------
<Accuracies on test> class : 46.48
------------------------------
<Accuracies on Art> test class : 38.77
------------------------------
<Accuracies on Clipart> test class : 41.63
------------------------------
<Accuracies on Product> test class : 55.46
------------------------------
Total epoch time: 218.554

New epoch - lr: 0.003
[1/61 iteration of epoch 14/50] 
 {loss} cls : 0.046, total : 0.046 
 {acc} cls : 98.44
[31/61 iteration of epoch 14/50] 
 {loss} cls : 0.039, total : 0.039 
 {acc} cls : 100.00
[61/61 iteration of epoch 14/50] 
 {loss} cls : 0.091, total : 0.091 
 {acc} cls : 96.88
------------------------------
<Losses on train> cls : 0.074, total : 0.074
<Accuracies on train> cls : 98.28
Train epoch time: 99.213
------------------------------
<Accuracies on val> class : 71.95
------------------------------
<Accuracies on test> class : 48.27
------------------------------
<Accuracies on Art> test class : 40.91
------------------------------
<Accuracies on Clipart> test class : 42.45
------------------------------
<Accuracies on Product> test class : 58.01
------------------------------
Total epoch time: 220.922

New epoch - lr: 0.003
[1/61 iteration of epoch 15/50] 
 {loss} cls : 0.056, total : 0.056 
 {acc} cls : 98.44
[31/61 iteration of epoch 15/50] 
 {loss} cls : 0.058, total : 0.058 
 {acc} cls : 100.00
[61/61 iteration of epoch 15/50] 
 {loss} cls : 0.107, total : 0.107 
 {acc} cls : 95.31
------------------------------
<Losses on train> cls : 0.060, total : 0.060
<Accuracies on train> cls : 98.59
Train epoch time: 102.602
------------------------------
<Accuracies on val> class : 68.74
------------------------------
<Accuracies on test> class : 46.97
------------------------------
<Accuracies on Art> test class : 39.47
------------------------------
<Accuracies on Clipart> test class : 41.35
------------------------------
<Accuracies on Product> test class : 56.59
------------------------------
Total epoch time: 214.735

New epoch - lr: 0.003
[1/61 iteration of epoch 16/50] 
 {loss} cls : 0.082, total : 0.082 
 {acc} cls : 98.44
[31/61 iteration of epoch 16/50] 
 {loss} cls : 0.054, total : 0.054 
 {acc} cls : 98.44
[61/61 iteration of epoch 16/50] 
 {loss} cls : 0.064, total : 0.064 
 {acc} cls : 98.44
------------------------------
<Losses on train> cls : 0.056, total : 0.056
<Accuracies on train> cls : 99.03
Train epoch time: 101.719
------------------------------
<Accuracies on val> class : 69.66
------------------------------
<Accuracies on test> class : 47.76
------------------------------
<Accuracies on Art> test class : 40.09
------------------------------
<Accuracies on Clipart> test class : 42.50
------------------------------
<Accuracies on Product> test class : 57.13
------------------------------
Total epoch time: 219.407

New epoch - lr: 0.003
[1/61 iteration of epoch 17/50] 
 {loss} cls : 0.021, total : 0.021 
 {acc} cls : 100.00
[31/61 iteration of epoch 17/50] 
 {loss} cls : 0.022, total : 0.022 
 {acc} cls : 100.00
[61/61 iteration of epoch 17/50] 
 {loss} cls : 0.035, total : 0.035 
 {acc} cls : 100.00
------------------------------
<Losses on train> cls : 0.058, total : 0.058
<Accuracies on train> cls : 98.59
Train epoch time: 99.435
------------------------------
<Accuracies on val> class : 71.72
------------------------------
<Accuracies on test> class : 48.04
------------------------------
<Accuracies on Art> test class : 39.84
------------------------------
<Accuracies on Clipart> test class : 42.77
------------------------------
<Accuracies on Product> test class : 57.69
------------------------------
Total epoch time: 207.799

New epoch - lr: 0.003
[1/61 iteration of epoch 18/50] 
 {loss} cls : 0.026, total : 0.026 
 {acc} cls : 98.44
[31/61 iteration of epoch 18/50] 
 {loss} cls : 0.300, total : 0.300 
 {acc} cls : 95.31
[61/61 iteration of epoch 18/50] 
 {loss} cls : 0.053, total : 0.053 
 {acc} cls : 98.44
------------------------------
<Losses on train> cls : 0.054, total : 0.054
<Accuracies on train> cls : 98.90
Train epoch time: 93.932
------------------------------
<Accuracies on val> class : 71.26
------------------------------
<Accuracies on test> class : 49.03
------------------------------
<Accuracies on Art> test class : 41.24
------------------------------
<Accuracies on Clipart> test class : 43.89
------------------------------
<Accuracies on Product> test class : 58.32
------------------------------
Total epoch time: 199.651

New epoch - lr: 0.003
[1/61 iteration of epoch 19/50] 
 {loss} cls : 0.017, total : 0.017 
 {acc} cls : 100.00
[31/61 iteration of epoch 19/50] 
 {loss} cls : 0.020, total : 0.020 
 {acc} cls : 100.00
[61/61 iteration of epoch 19/50] 
 {loss} cls : 0.165, total : 0.165 
 {acc} cls : 95.31
------------------------------
<Losses on train> cls : 0.050, total : 0.050
<Accuracies on train> cls : 98.82
Train epoch time: 96.300
------------------------------
<Accuracies on val> class : 69.89
------------------------------
<Accuracies on test> class : 48.11
------------------------------
<Accuracies on Art> test class : 39.97
------------------------------
<Accuracies on Clipart> test class : 43.23
------------------------------
<Accuracies on Product> test class : 57.36
------------------------------
Total epoch time: 195.497

New epoch - lr: 0.003
[1/61 iteration of epoch 20/50] 
 {loss} cls : 0.015, total : 0.015 
 {acc} cls : 100.00
[31/61 iteration of epoch 20/50] 
 {loss} cls : 0.037, total : 0.037 
 {acc} cls : 98.44
[61/61 iteration of epoch 20/50] 
 {loss} cls : 0.059, total : 0.059 
 {acc} cls : 98.44
------------------------------
<Losses on train> cls : 0.041, total : 0.041
<Accuracies on train> cls : 99.23
Train epoch time: 93.247
------------------------------
<Accuracies on val> class : 69.20
------------------------------
<Accuracies on test> class : 48.41
------------------------------
<Accuracies on Art> test class : 39.84
------------------------------
<Accuracies on Clipart> test class : 43.14
------------------------------
<Accuracies on Product> test class : 58.28
------------------------------
Total epoch time: 191.945

New epoch - lr: 0.003
[1/61 iteration of epoch 21/50] 
 {loss} cls : 0.021, total : 0.021 
 {acc} cls : 100.00
[31/61 iteration of epoch 21/50] 
 {loss} cls : 0.055, total : 0.055 
 {acc} cls : 100.00
[61/61 iteration of epoch 21/50] 
 {loss} cls : 0.017, total : 0.017 
 {acc} cls : 100.00
------------------------------
<Losses on train> cls : 0.050, total : 0.050
<Accuracies on train> cls : 98.77
Train epoch time: 89.399
------------------------------
<Accuracies on val> class : 70.57
------------------------------
<Accuracies on test> class : 48.44
------------------------------
<Accuracies on Art> test class : 40.38
------------------------------
<Accuracies on Clipart> test class : 42.38
------------------------------
<Accuracies on Product> test class : 58.80
------------------------------
Total epoch time: 193.124

New epoch - lr: 0.003
[1/61 iteration of epoch 22/50] 
 {loss} cls : 0.029, total : 0.029 
 {acc} cls : 98.44
[31/61 iteration of epoch 22/50] 
 {loss} cls : 0.061, total : 0.061 
 {acc} cls : 98.44
[61/61 iteration of epoch 22/50] 
 {loss} cls : 0.063, total : 0.063 
 {acc} cls : 96.88
------------------------------
<Losses on train> cls : 0.040, total : 0.040
<Accuracies on train> cls : 99.00
Train epoch time: 86.782
------------------------------
<Accuracies on val> class : 70.80
------------------------------
<Accuracies on test> class : 48.29
------------------------------
<Accuracies on Art> test class : 41.78
------------------------------
<Accuracies on Clipart> test class : 42.61
------------------------------
<Accuracies on Product> test class : 57.42
------------------------------
Total epoch time: 187.547

New epoch - lr: 0.003
[1/61 iteration of epoch 23/50] 
 {loss} cls : 0.026, total : 0.026 
 {acc} cls : 100.00
[31/61 iteration of epoch 23/50] 
 {loss} cls : 0.011, total : 0.011 
 {acc} cls : 100.00
[61/61 iteration of epoch 23/50] 
 {loss} cls : 0.011, total : 0.011 
 {acc} cls : 100.00
------------------------------
<Losses on train> cls : 0.032, total : 0.032
<Accuracies on train> cls : 99.36
Train epoch time: 91.316
------------------------------
<Accuracies on val> class : 69.89
------------------------------
<Accuracies on test> class : 49.20
------------------------------
<Accuracies on Art> test class : 41.99
------------------------------
<Accuracies on Clipart> test class : 43.37
------------------------------
<Accuracies on Product> test class : 58.89
------------------------------
Total epoch time: 188.361

New epoch - lr: 0.003
[1/61 iteration of epoch 24/50] 
 {loss} cls : 0.032, total : 0.032 
 {acc} cls : 98.44
[31/61 iteration of epoch 24/50] 
 {loss} cls : 0.008, total : 0.008 
 {acc} cls : 100.00
[61/61 iteration of epoch 24/50] 
 {loss} cls : 0.036, total : 0.036 
 {acc} cls : 100.00
------------------------------
<Losses on train> cls : 0.038, total : 0.038
<Accuracies on train> cls : 99.13
Train epoch time: 91.794
------------------------------
<Accuracies on val> class : 71.72
------------------------------
<Accuracies on test> class : 48.90
------------------------------
<Accuracies on Art> test class : 41.57
------------------------------
<Accuracies on Clipart> test class : 42.79
------------------------------
<Accuracies on Product> test class : 58.91
------------------------------
Total epoch time: 190.004

New epoch - lr: 0.003
[1/61 iteration of epoch 25/50] 
 {loss} cls : 0.011, total : 0.011 
 {acc} cls : 100.00
[31/61 iteration of epoch 25/50] 
 {loss} cls : 0.056, total : 0.056 
 {acc} cls : 96.88
[61/61 iteration of epoch 25/50] 
 {loss} cls : 0.014, total : 0.014 
 {acc} cls : 100.00
------------------------------
<Losses on train> cls : 0.031, total : 0.031
<Accuracies on train> cls : 99.28
Train epoch time: 92.488
------------------------------
<Accuracies on val> class : 70.34
------------------------------
<Accuracies on test> class : 48.32
------------------------------
<Accuracies on Art> test class : 40.54
------------------------------
<Accuracies on Clipart> test class : 42.08
------------------------------
<Accuracies on Product> test class : 58.71
------------------------------
Total epoch time: 193.935

New epoch - lr: 0.003
[1/61 iteration of epoch 26/50] 
 {loss} cls : 0.041, total : 0.041 
 {acc} cls : 98.44
[31/61 iteration of epoch 26/50] 
 {loss} cls : 0.009, total : 0.009 
 {acc} cls : 100.00
[61/61 iteration of epoch 26/50] 
 {loss} cls : 0.053, total : 0.053 
 {acc} cls : 98.44
------------------------------
<Losses on train> cls : 0.029, total : 0.029
<Accuracies on train> cls : 99.39
Train epoch time: 87.076
------------------------------
<Accuracies on val> class : 69.89
------------------------------
<Accuracies on test> class : 49.29
------------------------------
<Accuracies on Art> test class : 40.83
------------------------------
<Accuracies on Clipart> test class : 43.99
------------------------------
<Accuracies on Product> test class : 59.13
------------------------------
Total epoch time: 184.508

New epoch - lr: 0.003
[1/61 iteration of epoch 27/50] 
 {loss} cls : 0.021, total : 0.021 
 {acc} cls : 100.00
[31/61 iteration of epoch 27/50] 
 {loss} cls : 0.011, total : 0.011 
 {acc} cls : 100.00
[61/61 iteration of epoch 27/50] 
 {loss} cls : 0.031, total : 0.031 
 {acc} cls : 98.44
------------------------------
<Losses on train> cls : 0.025, total : 0.025
<Accuracies on train> cls : 99.46
Train epoch time: 91.784
------------------------------
<Accuracies on val> class : 69.20
------------------------------
<Accuracies on test> class : 48.92
------------------------------
<Accuracies on Art> test class : 41.57
------------------------------
<Accuracies on Clipart> test class : 43.00
------------------------------
<Accuracies on Product> test class : 58.75
------------------------------
Total epoch time: 188.422

New epoch - lr: 0.003
[1/61 iteration of epoch 28/50] 
 {loss} cls : 0.007, total : 0.007 
 {acc} cls : 100.00
[31/61 iteration of epoch 28/50] 
 {loss} cls : 0.007, total : 0.007 
 {acc} cls : 100.00
[61/61 iteration of epoch 28/50] 
 {loss} cls : 0.046, total : 0.046 
 {acc} cls : 96.88
------------------------------
<Losses on train> cls : 0.025, total : 0.025
<Accuracies on train> cls : 99.39
Train epoch time: 94.697
------------------------------
<Accuracies on val> class : 70.80
------------------------------
<Accuracies on test> class : 49.55
------------------------------
<Accuracies on Art> test class : 42.81
------------------------------
<Accuracies on Clipart> test class : 43.25
------------------------------
<Accuracies on Product> test class : 59.43
------------------------------
Total epoch time: 193.294

New epoch - lr: 0.003
[1/61 iteration of epoch 29/50] 
 {loss} cls : 0.017, total : 0.017 
 {acc} cls : 100.00
[31/61 iteration of epoch 29/50] 
 {loss} cls : 0.078, total : 0.078 
 {acc} cls : 96.88
[61/61 iteration of epoch 29/50] 
 {loss} cls : 0.020, total : 0.020 
 {acc} cls : 100.00
------------------------------
<Losses on train> cls : 0.025, total : 0.025
<Accuracies on train> cls : 99.44
Train epoch time: 88.916
------------------------------
<Accuracies on val> class : 71.03
------------------------------
<Accuracies on test> class : 49.64
------------------------------
<Accuracies on Art> test class : 41.66
------------------------------
<Accuracies on Clipart> test class : 44.58
------------------------------
<Accuracies on Product> test class : 58.98
------------------------------
Total epoch time: 188.807

New epoch - lr: 0.003
[1/61 iteration of epoch 30/50] 
 {loss} cls : 0.036, total : 0.036 
 {acc} cls : 98.44
[31/61 iteration of epoch 30/50] 
 {loss} cls : 0.011, total : 0.011 
 {acc} cls : 100.00
[61/61 iteration of epoch 30/50] 
 {loss} cls : 0.022, total : 0.022 
 {acc} cls : 98.44
------------------------------
<Losses on train> cls : 0.026, total : 0.026
<Accuracies on train> cls : 99.46
Train epoch time: 90.641
------------------------------
<Accuracies on val> class : 70.80
------------------------------
<Accuracies on test> class : 48.86
------------------------------
<Accuracies on Art> test class : 41.00
------------------------------
<Accuracies on Clipart> test class : 42.86
------------------------------
<Accuracies on Product> test class : 59.04
------------------------------
Total epoch time: 188.156

New epoch - lr: 0.003
[1/61 iteration of epoch 31/50] 
 {loss} cls : 0.020, total : 0.020 
 {acc} cls : 100.00
[31/61 iteration of epoch 31/50] 
 {loss} cls : 0.009, total : 0.009 
 {acc} cls : 100.00
[61/61 iteration of epoch 31/50] 
 {loss} cls : 0.085, total : 0.085 
 {acc} cls : 96.88
------------------------------
<Losses on train> cls : 0.023, total : 0.023
<Accuracies on train> cls : 99.44
Train epoch time: 92.559
------------------------------
<Accuracies on val> class : 70.11
------------------------------
<Accuracies on test> class : 49.29
------------------------------
<Accuracies on Art> test class : 41.45
------------------------------
<Accuracies on Clipart> test class : 43.78
------------------------------
<Accuracies on Product> test class : 59.00
------------------------------
Total epoch time: 189.491

New epoch - lr: 0.003
[1/61 iteration of epoch 32/50] 
 {loss} cls : 0.009, total : 0.009 
 {acc} cls : 100.00
[31/61 iteration of epoch 32/50] 
 {loss} cls : 0.014, total : 0.014 
 {acc} cls : 100.00
[61/61 iteration of epoch 32/50] 
 {loss} cls : 0.039, total : 0.039 
 {acc} cls : 98.44
------------------------------
<Losses on train> cls : 0.025, total : 0.025
<Accuracies on train> cls : 99.46
Train epoch time: 89.478
------------------------------
<Accuracies on val> class : 72.41
------------------------------
<Accuracies on test> class : 48.94
------------------------------
<Accuracies on Art> test class : 41.53
------------------------------
<Accuracies on Clipart> test class : 42.66
------------------------------
<Accuracies on Product> test class : 59.18
------------------------------
Total epoch time: 191.683

New epoch - lr: 0.003
[1/61 iteration of epoch 33/50] 
 {loss} cls : 0.014, total : 0.014 
 {acc} cls : 100.00
[31/61 iteration of epoch 33/50] 
 {loss} cls : 0.020, total : 0.020 
 {acc} cls : 100.00
[61/61 iteration of epoch 33/50] 
 {loss} cls : 0.015, total : 0.015 
 {acc} cls : 100.00
------------------------------
<Losses on train> cls : 0.024, total : 0.024
<Accuracies on train> cls : 99.46
Train epoch time: 90.120
------------------------------
<Accuracies on val> class : 70.11
------------------------------
<Accuracies on test> class : 49.61
------------------------------
<Accuracies on Art> test class : 42.36
------------------------------
<Accuracies on Clipart> test class : 43.83
------------------------------
<Accuracies on Product> test class : 59.27
------------------------------
Total epoch time: 189.424

New epoch - lr: 0.003
[1/61 iteration of epoch 34/50] 
 {loss} cls : 0.009, total : 0.009 
 {acc} cls : 100.00
[31/61 iteration of epoch 34/50] 
 {loss} cls : 0.073, total : 0.073 
 {acc} cls : 98.44
[61/61 iteration of epoch 34/50] 
 {loss} cls : 0.006, total : 0.006 
 {acc} cls : 100.00
------------------------------
<Losses on train> cls : 0.023, total : 0.023
<Accuracies on train> cls : 99.36
Train epoch time: 91.582
------------------------------
<Accuracies on val> class : 71.03
------------------------------
<Accuracies on test> class : 49.45
------------------------------
<Accuracies on Art> test class : 42.56
------------------------------
<Accuracies on Clipart> test class : 42.84
------------------------------
<Accuracies on Product> test class : 59.72
------------------------------
Total epoch time: 187.907

New epoch - lr: 0.003
[1/61 iteration of epoch 35/50] 
 {loss} cls : 0.017, total : 0.017 
 {acc} cls : 100.00
[31/61 iteration of epoch 35/50] 
 {loss} cls : 0.024, total : 0.024 
 {acc} cls : 98.44
[61/61 iteration of epoch 35/50] 
 {loss} cls : 0.014, total : 0.014 
 {acc} cls : 100.00
------------------------------
<Losses on train> cls : 0.022, total : 0.022
<Accuracies on train> cls : 99.51
Train epoch time: 92.914
------------------------------
<Accuracies on val> class : 71.49
------------------------------
<Accuracies on test> class : 49.59
------------------------------
<Accuracies on Art> test class : 41.41
------------------------------
<Accuracies on Clipart> test class : 43.94
------------------------------
<Accuracies on Product> test class : 59.63
------------------------------
Total epoch time: 190.282

New epoch - lr: 0.003
[1/61 iteration of epoch 36/50] 
 {loss} cls : 0.020, total : 0.020 
 {acc} cls : 100.00
[31/61 iteration of epoch 36/50] 
 {loss} cls : 0.008, total : 0.008 
 {acc} cls : 100.00
[61/61 iteration of epoch 36/50] 
 {loss} cls : 0.026, total : 0.026 
 {acc} cls : 98.44
------------------------------
<Losses on train> cls : 0.022, total : 0.022
<Accuracies on train> cls : 99.49
Train epoch time: 87.010
------------------------------
<Accuracies on val> class : 70.34
------------------------------
<Accuracies on test> class : 50.49
------------------------------
<Accuracies on Art> test class : 42.77
------------------------------
<Accuracies on Clipart> test class : 44.79
------------------------------
<Accuracies on Product> test class : 60.33
------------------------------
Total epoch time: 188.131

New epoch - lr: 0.003
[1/61 iteration of epoch 37/50] 
 {loss} cls : 0.009, total : 0.009 
 {acc} cls : 100.00
[31/61 iteration of epoch 37/50] 
 {loss} cls : 0.006, total : 0.006 
 {acc} cls : 100.00
[61/61 iteration of epoch 37/50] 
 {loss} cls : 0.008, total : 0.008 
 {acc} cls : 100.00
------------------------------
<Losses on train> cls : 0.024, total : 0.024
<Accuracies on train> cls : 99.46
Train epoch time: 87.872
------------------------------
<Accuracies on val> class : 70.80
------------------------------
<Accuracies on test> class : 49.57
------------------------------
<Accuracies on Art> test class : 42.03
------------------------------
<Accuracies on Clipart> test class : 43.64
------------------------------
<Accuracies on Product> test class : 59.52
------------------------------
Total epoch time: 183.684

New epoch - lr: 0.003
[1/61 iteration of epoch 38/50] 
 {loss} cls : 0.028, total : 0.028 
 {acc} cls : 100.00
[31/61 iteration of epoch 38/50] 
 {loss} cls : 0.010, total : 0.010 
 {acc} cls : 100.00
[61/61 iteration of epoch 38/50] 
 {loss} cls : 0.047, total : 0.047 
 {acc} cls : 96.88
------------------------------
<Losses on train> cls : 0.026, total : 0.026
<Accuracies on train> cls : 99.26
Train epoch time: 95.378
------------------------------
<Accuracies on val> class : 71.03
------------------------------
<Accuracies on test> class : 50.11
------------------------------
<Accuracies on Art> test class : 42.36
------------------------------
<Accuracies on Clipart> test class : 44.72
------------------------------
<Accuracies on Product> test class : 59.65
------------------------------
Total epoch time: 192.555

New epoch - lr: 0.003
[1/61 iteration of epoch 39/50] 
 {loss} cls : 0.007, total : 0.007 
 {acc} cls : 100.00
[31/61 iteration of epoch 39/50] 
 {loss} cls : 0.009, total : 0.009 
 {acc} cls : 100.00
[61/61 iteration of epoch 39/50] 
 {loss} cls : 0.015, total : 0.015 
 {acc} cls : 100.00
------------------------------
<Losses on train> cls : 0.025, total : 0.025
<Accuracies on train> cls : 99.46
Train epoch time: 88.522
------------------------------
<Accuracies on val> class : 70.80
------------------------------
<Accuracies on test> class : 49.80
------------------------------
<Accuracies on Art> test class : 42.56
------------------------------
<Accuracies on Clipart> test class : 44.28
------------------------------
<Accuracies on Product> test class : 59.18
------------------------------
Total epoch time: 189.207

New epoch - lr: 0.003
[1/61 iteration of epoch 40/50] 
 {loss} cls : 0.047, total : 0.047 
 {acc} cls : 98.44
[31/61 iteration of epoch 40/50] 
 {loss} cls : 0.006, total : 0.006 
 {acc} cls : 100.00
[61/61 iteration of epoch 40/50] 
 {loss} cls : 0.007, total : 0.007 
 {acc} cls : 100.00
------------------------------
<Losses on train> cls : 0.022, total : 0.022
<Accuracies on train> cls : 99.44
Train epoch time: 86.218
------------------------------
<Accuracies on val> class : 71.26
------------------------------
<Accuracies on test> class : 50.00
------------------------------
<Accuracies on Art> test class : 42.81
------------------------------
<Accuracies on Clipart> test class : 44.35
------------------------------
<Accuracies on Product> test class : 59.47
------------------------------
Total epoch time: 186.301

New epoch - lr: 0.003
[1/61 iteration of epoch 41/50] 
 {loss} cls : 0.014, total : 0.014 
 {acc} cls : 100.00
[31/61 iteration of epoch 41/50] 
 {loss} cls : 0.032, total : 0.032 
 {acc} cls : 98.44
[61/61 iteration of epoch 41/50] 
 {loss} cls : 0.007, total : 0.007 
 {acc} cls : 100.00
------------------------------
<Losses on train> cls : 0.018, total : 0.018
<Accuracies on train> cls : 99.59
Train epoch time: 90.434
------------------------------
<Accuracies on val> class : 70.34
------------------------------
<Accuracies on test> class : 49.79
------------------------------
<Accuracies on Art> test class : 42.60
------------------------------
<Accuracies on Clipart> test class : 43.44
------------------------------
<Accuracies on Product> test class : 59.97
------------------------------
Total epoch time: 186.508

New epoch - lr: 0.003
[1/61 iteration of epoch 42/50] 
 {loss} cls : 0.008, total : 0.008 
 {acc} cls : 100.00
[31/61 iteration of epoch 42/50] 
 {loss} cls : 0.016, total : 0.016 
 {acc} cls : 98.44
[61/61 iteration of epoch 42/50] 
 {loss} cls : 0.016, total : 0.016 
 {acc} cls : 100.00
------------------------------
<Losses on train> cls : 0.018, total : 0.018
<Accuracies on train> cls : 99.51
Train epoch time: 94.360
------------------------------
<Accuracies on val> class : 69.66
------------------------------
<Accuracies on test> class : 50.75
------------------------------
<Accuracies on Art> test class : 43.30
------------------------------
<Accuracies on Clipart> test class : 45.02
------------------------------
<Accuracies on Product> test class : 60.46
------------------------------
Total epoch time: 191.105

New epoch - lr: 0.003
[1/61 iteration of epoch 43/50] 
 {loss} cls : 0.036, total : 0.036 
 {acc} cls : 100.00
[31/61 iteration of epoch 43/50] 
 {loss} cls : 0.006, total : 0.006 
 {acc} cls : 100.00
[61/61 iteration of epoch 43/50] 
 {loss} cls : 0.035, total : 0.035 
 {acc} cls : 98.44
------------------------------
<Losses on train> cls : 0.022, total : 0.022
<Accuracies on train> cls : 99.49
Train epoch time: 87.461
------------------------------
<Accuracies on val> class : 71.49
------------------------------
<Accuracies on test> class : 50.24
------------------------------
<Accuracies on Art> test class : 42.69
------------------------------
<Accuracies on Clipart> test class : 44.05
------------------------------
<Accuracies on Product> test class : 60.46
------------------------------
Total epoch time: 189.396

New epoch - lr: 0.003
[1/61 iteration of epoch 44/50] 
 {loss} cls : 0.009, total : 0.009 
 {acc} cls : 100.00
[31/61 iteration of epoch 44/50] 
 {loss} cls : 0.007, total : 0.007 
 {acc} cls : 100.00
[61/61 iteration of epoch 44/50] 
 {loss} cls : 0.006, total : 0.006 
 {acc} cls : 100.00
------------------------------
<Losses on train> cls : 0.017, total : 0.017
<Accuracies on train> cls : 99.62
Train epoch time: 89.980
------------------------------
<Accuracies on val> class : 70.80
------------------------------
<Accuracies on test> class : 50.09
------------------------------
<Accuracies on Art> test class : 42.32
------------------------------
<Accuracies on Clipart> test class : 44.47
------------------------------
<Accuracies on Product> test class : 59.88
------------------------------
Total epoch time: 188.292

New epoch - lr: 0.0009000000000000002
[1/61 iteration of epoch 45/50] 
 {loss} cls : 0.007, total : 0.007 
 {acc} cls : 100.00
[31/61 iteration of epoch 45/50] 
 {loss} cls : 0.007, total : 0.007 
 {acc} cls : 100.00
[61/61 iteration of epoch 45/50] 
 {loss} cls : 0.017, total : 0.017 
 {acc} cls : 100.00
------------------------------
<Losses on train> cls : 0.015, total : 0.015
<Accuracies on train> cls : 99.69
Train epoch time: 93.930
------------------------------
<Accuracies on val> class : 71.03
------------------------------
<Accuracies on test> class : 50.31
------------------------------
<Accuracies on Art> test class : 43.14
------------------------------
<Accuracies on Clipart> test class : 44.35
------------------------------
<Accuracies on Product> test class : 60.08
------------------------------
Total epoch time: 189.566

New epoch - lr: 0.0009000000000000002
[1/61 iteration of epoch 46/50] 
 {loss} cls : 0.010, total : 0.010 
 {acc} cls : 100.00
[31/61 iteration of epoch 46/50] 
 {loss} cls : 0.004, total : 0.004 
 {acc} cls : 100.00
[61/61 iteration of epoch 46/50] 
 {loss} cls : 0.022, total : 0.022 
 {acc} cls : 98.44
------------------------------
<Losses on train> cls : 0.013, total : 0.013
<Accuracies on train> cls : 99.77
Train epoch time: 90.823
------------------------------
<Accuracies on val> class : 71.03
------------------------------
<Accuracies on test> class : 50.73
------------------------------
<Accuracies on Art> test class : 43.35
------------------------------
<Accuracies on Clipart> test class : 44.83
------------------------------
<Accuracies on Product> test class : 60.55
------------------------------
Total epoch time: 190.693

New epoch - lr: 0.0009000000000000002
[1/61 iteration of epoch 47/50] 
 {loss} cls : 0.014, total : 0.014 
 {acc} cls : 100.00
[31/61 iteration of epoch 47/50] 
 {loss} cls : 0.004, total : 0.004 
 {acc} cls : 100.00
[61/61 iteration of epoch 47/50] 
 {loss} cls : 0.006, total : 0.006 
 {acc} cls : 100.00
------------------------------
<Losses on train> cls : 0.014, total : 0.014
<Accuracies on train> cls : 99.69
Train epoch time: 92.337
------------------------------
<Accuracies on val> class : 70.80
------------------------------
<Accuracies on test> class : 50.62
------------------------------
<Accuracies on Art> test class : 42.56
------------------------------
<Accuracies on Clipart> test class : 44.79
------------------------------
<Accuracies on Product> test class : 60.76
------------------------------
Total epoch time: 194.754

New epoch - lr: 0.0009000000000000002
[1/61 iteration of epoch 48/50] 
 {loss} cls : 0.005, total : 0.005 
 {acc} cls : 100.00
[31/61 iteration of epoch 48/50] 
 {loss} cls : 0.039, total : 0.039 
 {acc} cls : 98.44
[61/61 iteration of epoch 48/50] 
 {loss} cls : 0.008, total : 0.008 
 {acc} cls : 100.00
------------------------------
<Losses on train> cls : 0.016, total : 0.016
<Accuracies on train> cls : 99.56
Train epoch time: 89.307
------------------------------
<Accuracies on val> class : 71.72
------------------------------
<Accuracies on test> class : 50.64
------------------------------
<Accuracies on Art> test class : 42.60
------------------------------
<Accuracies on Clipart> test class : 44.97
------------------------------
<Accuracies on Product> test class : 60.60
------------------------------
Total epoch time: 187.421

New epoch - lr: 0.0009000000000000002
[1/61 iteration of epoch 49/50] 
 {loss} cls : 0.026, total : 0.026 
 {acc} cls : 98.44
[31/61 iteration of epoch 49/50] 
 {loss} cls : 0.013, total : 0.013 
 {acc} cls : 100.00
[61/61 iteration of epoch 49/50] 
 {loss} cls : 0.008, total : 0.008 
 {acc} cls : 100.00
------------------------------
<Losses on train> cls : 0.013, total : 0.013
<Accuracies on train> cls : 99.64
Train epoch time: 92.584
------------------------------
<Accuracies on val> class : 71.26
------------------------------
<Accuracies on test> class : 51.02
------------------------------
<Accuracies on Art> test class : 42.77
------------------------------
<Accuracies on Clipart> test class : 45.73
------------------------------
<Accuracies on Product> test class : 60.73
------------------------------
Total epoch time: 188.860

New epoch - lr: 0.0009000000000000002
[1/61 iteration of epoch 50/50] 
 {loss} cls : 0.006, total : 0.006 
 {acc} cls : 100.00
[31/61 iteration of epoch 50/50] 
 {loss} cls : 0.006, total : 0.006 
 {acc} cls : 100.00
[61/61 iteration of epoch 50/50] 
 {loss} cls : 0.007, total : 0.007 
 {acc} cls : 100.00
------------------------------
<Losses on train> cls : 0.013, total : 0.013
<Accuracies on train> cls : 99.69
Train epoch time: 91.211
------------------------------
<Accuracies on val> class : 71.26
------------------------------
<Accuracies on test> class : 50.73
------------------------------
<Accuracies on Art> test class : 43.10
------------------------------
<Accuracies on Clipart> test class : 45.09
------------------------------
<Accuracies on Product> test class : 60.46
------------------------------
Total epoch time: 189.877

******************************
Best val 0.724138, corresponding test 0.489449 - best test: 0.510195

******************************
Best val 0.7241379022598267, corresponding Art test 0.4153275787830353

******************************
Best val 0.7241379022598267, corresponding Clipart test 0.42657503485679626

******************************
Best val 0.7241379022598267, corresponding Product test 0.5917999744415283
