
Loading experiment Officehome/ResNet18_step


New epoch - lr: 0.003
[1/34 iteration of epoch 1/50] 
 {loss} cls : 4.330, total : 4.330 
 {acc} cls : 0.00
[31/34 iteration of epoch 1/50] 
 {loss} cls : 3.161, total : 3.161 
 {acc} cls : 41.41
------------------------------
<Losses on train> cls : 3.286, total : 3.286
<Accuracies on train> cls : 15.65
Train epoch time: 52.144
------------------------------
<Accuracies on val> class : 51.24
------------------------------
<Accuracies on test> class : 37.84
------------------------------
<Accuracies on Clipart> test class : 27.49
------------------------------
<Accuracies on Product> test class : 39.02
------------------------------
<Accuracies on Real_World> test class : 47.00
------------------------------
Total epoch time: 293.304

New epoch - lr: 0.003
[1/34 iteration of epoch 2/50] 
 {loss} cls : 3.091, total : 3.091 
 {acc} cls : 36.72
[31/34 iteration of epoch 2/50] 
 {loss} cls : 2.673, total : 2.673 
 {acc} cls : 53.12
------------------------------
<Losses on train> cls : 2.374, total : 2.374
<Accuracies on train> cls : 35.64
Train epoch time: 54.122
------------------------------
<Accuracies on val> class : 58.68
------------------------------
<Accuracies on test> class : 47.15
------------------------------
<Accuracies on Clipart> test class : 33.38
------------------------------
<Accuracies on Product> test class : 49.13
------------------------------
<Accuracies on Real_World> test class : 58.94
------------------------------
Total epoch time: 292.969

New epoch - lr: 0.003
[1/34 iteration of epoch 3/50] 
 {loss} cls : 2.732, total : 2.732 
 {acc} cls : 47.66
[31/34 iteration of epoch 3/50] 
 {loss} cls : 1.714, total : 1.714 
 {acc} cls : 78.91
------------------------------
<Losses on train> cls : 2.120, total : 2.120
<Accuracies on train> cls : 28.58
Train epoch time: 52.988
------------------------------
<Accuracies on val> class : 61.57
------------------------------
<Accuracies on test> class : 48.96
------------------------------
<Accuracies on Clipart> test class : 35.35
------------------------------
<Accuracies on Product> test class : 50.82
------------------------------
<Accuracies on Real_World> test class : 60.68
------------------------------
Total epoch time: 296.862

New epoch - lr: 0.003
[1/34 iteration of epoch 4/50] 
 {loss} cls : 2.693, total : 2.693 
 {acc} cls : 57.03
[31/34 iteration of epoch 4/50] 
 {loss} cls : 2.732, total : 2.732 
 {acc} cls : 45.31
------------------------------
<Losses on train> cls : 2.092, total : 2.092
<Accuracies on train> cls : 37.82
Train epoch time: 51.400
------------------------------
<Accuracies on val> class : 60.33
------------------------------
<Accuracies on test> class : 50.43
------------------------------
<Accuracies on Clipart> test class : 36.84
------------------------------
<Accuracies on Product> test class : 51.59
------------------------------
<Accuracies on Real_World> test class : 62.86
------------------------------
Total epoch time: 292.236

New epoch - lr: 0.003
[1/34 iteration of epoch 5/50] 
 {loss} cls : 1.656, total : 1.656 
 {acc} cls : 81.25
[31/34 iteration of epoch 5/50] 
 {loss} cls : 1.081, total : 1.081 
 {acc} cls : 92.97
------------------------------
<Losses on train> cls : 1.872, total : 1.872
<Accuracies on train> cls : 46.12
Train epoch time: 50.168
------------------------------
<Accuracies on val> class : 61.16
------------------------------
<Accuracies on test> class : 51.90
------------------------------
<Accuracies on Clipart> test class : 38.83
------------------------------
<Accuracies on Product> test class : 53.14
------------------------------
<Accuracies on Real_World> test class : 63.71
------------------------------
Total epoch time: 292.865

New epoch - lr: 0.003
[1/34 iteration of epoch 6/50] 
 {loss} cls : 0.898, total : 0.898 
 {acc} cls : 89.84
[31/34 iteration of epoch 6/50] 
 {loss} cls : 1.738, total : 1.738 
 {acc} cls : 3.12
------------------------------
<Losses on train> cls : 1.775, total : 1.775
<Accuracies on train> cls : 45.50
Train epoch time: 51.181
------------------------------
<Accuracies on val> class : 64.05
------------------------------
<Accuracies on test> class : 51.46
------------------------------
<Accuracies on Clipart> test class : 37.02
------------------------------
<Accuracies on Product> test class : 53.68
------------------------------
<Accuracies on Real_World> test class : 63.67
------------------------------
Total epoch time: 292.749

New epoch - lr: 0.003
[1/34 iteration of epoch 7/50] 
 {loss} cls : 2.516, total : 2.516 
 {acc} cls : 11.72
[31/34 iteration of epoch 7/50] 
 {loss} cls : 1.697, total : 1.697 
 {acc} cls : 4.69
------------------------------
<Losses on train> cls : 1.770, total : 1.770
<Accuracies on train> cls : 35.98
Train epoch time: 49.571
------------------------------
<Accuracies on val> class : 62.81
------------------------------
<Accuracies on test> class : 52.44
------------------------------
<Accuracies on Clipart> test class : 38.53
------------------------------
<Accuracies on Product> test class : 54.63
------------------------------
<Accuracies on Real_World> test class : 64.15
------------------------------
Total epoch time: 300.375

New epoch - lr: 0.003
[1/34 iteration of epoch 8/50] 
 {loss} cls : 2.438, total : 2.438 
 {acc} cls : 20.31
[31/34 iteration of epoch 8/50] 
 {loss} cls : 1.769, total : 1.769 
 {acc} cls : 6.25
------------------------------
<Losses on train> cls : 2.033, total : 2.033
<Accuracies on train> cls : 38.92
Train epoch time: 45.676
------------------------------
<Accuracies on val> class : 65.29
------------------------------
<Accuracies on test> class : 50.89
------------------------------
<Accuracies on Clipart> test class : 37.16
------------------------------
<Accuracies on Product> test class : 52.89
------------------------------
<Accuracies on Real_World> test class : 62.61
------------------------------
Total epoch time: 295.639

New epoch - lr: 0.003
[1/34 iteration of epoch 9/50] 
 {loss} cls : 2.350, total : 2.350 
 {acc} cls : 65.62
[31/34 iteration of epoch 9/50] 
 {loss} cls : 2.582, total : 2.582 
 {acc} cls : 42.97
------------------------------
<Losses on train> cls : 1.767, total : 1.767
<Accuracies on train> cls : 55.77
Train epoch time: 45.992
------------------------------
<Accuracies on val> class : 61.16
------------------------------
<Accuracies on test> class : 50.90
------------------------------
<Accuracies on Clipart> test class : 37.92
------------------------------
<Accuracies on Product> test class : 52.15
------------------------------
<Accuracies on Real_World> test class : 62.63
------------------------------
Total epoch time: 290.344

New epoch - lr: 0.003
[1/34 iteration of epoch 10/50] 
 {loss} cls : 1.293, total : 1.293 
 {acc} cls : 3.12
[31/34 iteration of epoch 10/50] 
 {loss} cls : 2.442, total : 2.442 
 {acc} cls : 36.72
------------------------------
<Losses on train> cls : 1.937, total : 1.937
<Accuracies on train> cls : 56.66
Train epoch time: 43.943
------------------------------
<Accuracies on val> class : 62.40
------------------------------
<Accuracies on test> class : 50.86
------------------------------
<Accuracies on Clipart> test class : 37.21
------------------------------
<Accuracies on Product> test class : 52.83
------------------------------
<Accuracies on Real_World> test class : 62.54
------------------------------
Total epoch time: 294.180

New epoch - lr: 0.003
[1/34 iteration of epoch 11/50] 
 {loss} cls : 2.428, total : 2.428 
 {acc} cls : 38.28
[31/34 iteration of epoch 11/50] 
 {loss} cls : 2.330, total : 2.330 
 {acc} cls : 55.47
------------------------------
<Losses on train> cls : 1.559, total : 1.559
<Accuracies on train> cls : 46.71
Train epoch time: 44.261
------------------------------
<Accuracies on val> class : 61.98
------------------------------
<Accuracies on test> class : 51.07
------------------------------
<Accuracies on Clipart> test class : 38.01
------------------------------
<Accuracies on Product> test class : 52.26
------------------------------
<Accuracies on Real_World> test class : 62.93
------------------------------
Total epoch time: 292.570

New epoch - lr: 0.003
[1/34 iteration of epoch 12/50] 
 {loss} cls : 2.139, total : 2.139 
 {acc} cls : 76.56
[31/34 iteration of epoch 12/50] 
 {loss} cls : 1.995, total : 1.995 
 {acc} cls : 75.78
------------------------------
<Losses on train> cls : 1.984, total : 1.984
<Accuracies on train> cls : 48.46
Train epoch time: 43.480
------------------------------
<Accuracies on val> class : 59.09
------------------------------
<Accuracies on test> class : 49.72
------------------------------
<Accuracies on Clipart> test class : 35.72
------------------------------
<Accuracies on Product> test class : 51.30
------------------------------
<Accuracies on Real_World> test class : 62.13
------------------------------
Total epoch time: 288.807

New epoch - lr: 0.003
[1/34 iteration of epoch 13/50] 
 {loss} cls : 1.270, total : 1.270 
 {acc} cls : 2.34
[31/34 iteration of epoch 13/50] 
 {loss} cls : 0.756, total : 0.756 
 {acc} cls : 96.88
------------------------------
<Losses on train> cls : 1.634, total : 1.634
<Accuracies on train> cls : 46.90
Train epoch time: 43.400
------------------------------
<Accuracies on val> class : 58.26
------------------------------
<Accuracies on test> class : 49.14
------------------------------
<Accuracies on Clipart> test class : 35.23
------------------------------
<Accuracies on Product> test class : 50.93
------------------------------
<Accuracies on Real_World> test class : 61.23
------------------------------
Total epoch time: 288.106

New epoch - lr: 0.003
[1/34 iteration of epoch 14/50] 
 {loss} cls : 0.687, total : 0.687 
 {acc} cls : 3.91
[31/34 iteration of epoch 14/50] 
 {loss} cls : 2.370, total : 2.370 
 {acc} cls : 40.62
------------------------------
<Losses on train> cls : 1.537, total : 1.537
<Accuracies on train> cls : 37.43
Train epoch time: 43.634
------------------------------
<Accuracies on val> class : 57.85
------------------------------
<Accuracies on test> class : 48.82
------------------------------
<Accuracies on Clipart> test class : 35.19
------------------------------
<Accuracies on Product> test class : 50.62
------------------------------
<Accuracies on Real_World> test class : 60.64
------------------------------
Total epoch time: 270.088

New epoch - lr: 0.003
[1/34 iteration of epoch 15/50] 
 {loss} cls : 2.362, total : 2.362 
 {acc} cls : 24.22
[31/34 iteration of epoch 15/50] 
 {loss} cls : 2.353, total : 2.353 
 {acc} cls : 61.72
------------------------------
<Losses on train> cls : 1.597, total : 1.597
<Accuracies on train> cls : 43.84
Train epoch time: 42.130
------------------------------
<Accuracies on val> class : 59.09
------------------------------
<Accuracies on test> class : 50.07
------------------------------
<Accuracies on Clipart> test class : 35.17
------------------------------
<Accuracies on Product> test class : 52.11
------------------------------
<Accuracies on Real_World> test class : 62.93
------------------------------
Total epoch time: 274.776

New epoch - lr: 0.003
[1/34 iteration of epoch 16/50] 
 {loss} cls : 1.395, total : 1.395 
 {acc} cls : 5.47
[31/34 iteration of epoch 16/50] 
 {loss} cls : 2.237, total : 2.237 
 {acc} cls : 24.22
------------------------------
<Losses on train> cls : 1.587, total : 1.587
<Accuracies on train> cls : 60.75
Train epoch time: 41.235
------------------------------
<Accuracies on val> class : 59.92
------------------------------
<Accuracies on test> class : 51.77
------------------------------
<Accuracies on Clipart> test class : 38.01
------------------------------
<Accuracies on Product> test class : 53.71
------------------------------
<Accuracies on Real_World> test class : 63.60
------------------------------
Total epoch time: 271.643

New epoch - lr: 0.003
[1/34 iteration of epoch 17/50] 
 {loss} cls : 2.135, total : 2.135 
 {acc} cls : 19.53
[31/34 iteration of epoch 17/50] 
 {loss} cls : 2.330, total : 2.330 
 {acc} cls : 39.06
------------------------------
<Losses on train> cls : 1.567, total : 1.567
<Accuracies on train> cls : 36.19
Train epoch time: 42.141
------------------------------
<Accuracies on val> class : 60.33
------------------------------
<Accuracies on test> class : 50.46
------------------------------
<Accuracies on Clipart> test class : 37.43
------------------------------
<Accuracies on Product> test class : 51.99
------------------------------
<Accuracies on Real_World> test class : 61.95
------------------------------
Total epoch time: 273.067

New epoch - lr: 0.003
[1/34 iteration of epoch 18/50] 
 {loss} cls : 1.750, total : 1.750 
 {acc} cls : 6.25
[31/34 iteration of epoch 18/50] 
 {loss} cls : 0.962, total : 0.962 
 {acc} cls : 1.56
------------------------------
<Losses on train> cls : 1.782, total : 1.782
<Accuracies on train> cls : 46.23
Train epoch time: 42.091
------------------------------
<Accuracies on val> class : 59.50
------------------------------
<Accuracies on test> class : 48.02
------------------------------
<Accuracies on Clipart> test class : 34.00
------------------------------
<Accuracies on Product> test class : 49.22
------------------------------
<Accuracies on Real_World> test class : 60.84
------------------------------
Total epoch time: 272.229

New epoch - lr: 0.003
[1/34 iteration of epoch 19/50] 
 {loss} cls : 0.904, total : 0.904 
 {acc} cls : 2.34
[31/34 iteration of epoch 19/50] 
 {loss} cls : 0.441, total : 0.441 
 {acc} cls : 0.78
------------------------------
<Losses on train> cls : 1.393, total : 1.393
<Accuracies on train> cls : 60.87
Train epoch time: 44.179
------------------------------
<Accuracies on val> class : 61.57
------------------------------
<Accuracies on test> class : 49.53
------------------------------
<Accuracies on Clipart> test class : 36.79
------------------------------
<Accuracies on Product> test class : 50.03
------------------------------
<Accuracies on Real_World> test class : 61.76
------------------------------
Total epoch time: 275.722

New epoch - lr: 0.003
[1/34 iteration of epoch 20/50] 
 {loss} cls : 2.379, total : 2.379 
 {acc} cls : 53.91
[31/34 iteration of epoch 20/50] 
 {loss} cls : 1.411, total : 1.411 
 {acc} cls : 7.03
------------------------------
<Losses on train> cls : 1.414, total : 1.414
<Accuracies on train> cls : 48.37
Train epoch time: 42.308
------------------------------
<Accuracies on val> class : 61.57
------------------------------
<Accuracies on test> class : 50.09
------------------------------
<Accuracies on Clipart> test class : 36.66
------------------------------
<Accuracies on Product> test class : 52.60
------------------------------
<Accuracies on Real_World> test class : 61.01
------------------------------
Total epoch time: 273.595

New epoch - lr: 0.003
[1/34 iteration of epoch 21/50] 
 {loss} cls : 1.902, total : 1.902 
 {acc} cls : 81.25
[31/34 iteration of epoch 21/50] 
 {loss} cls : 2.155, total : 2.155 
 {acc} cls : 70.31
------------------------------
<Losses on train> cls : 1.574, total : 1.574
<Accuracies on train> cls : 41.29
Train epoch time: 42.536
------------------------------
<Accuracies on val> class : 60.74
------------------------------
<Accuracies on test> class : 49.14
------------------------------
<Accuracies on Clipart> test class : 35.69
------------------------------
<Accuracies on Product> test class : 50.57
------------------------------
<Accuracies on Real_World> test class : 61.14
------------------------------
Total epoch time: 273.916

New epoch - lr: 0.003
[1/34 iteration of epoch 22/50] 
 {loss} cls : 1.479, total : 1.479 
 {acc} cls : 4.69
[31/34 iteration of epoch 22/50] 
 {loss} cls : 1.405, total : 1.405 
 {acc} cls : 3.91
------------------------------
<Losses on train> cls : 1.687, total : 1.687
<Accuracies on train> cls : 44.39
Train epoch time: 42.753
------------------------------
<Accuracies on val> class : 61.98
------------------------------
<Accuracies on test> class : 49.03
------------------------------
<Accuracies on Clipart> test class : 34.87
------------------------------
<Accuracies on Product> test class : 51.00
------------------------------
<Accuracies on Real_World> test class : 61.21
------------------------------
Total epoch time: 271.949

New epoch - lr: 0.003
[1/34 iteration of epoch 23/50] 
 {loss} cls : 2.274, total : 2.274 
 {acc} cls : 44.53
[31/34 iteration of epoch 23/50] 
 {loss} cls : 2.223, total : 2.223 
 {acc} cls : 22.66
------------------------------
<Losses on train> cls : 1.666, total : 1.666
<Accuracies on train> cls : 49.24
Train epoch time: 41.669
------------------------------
<Accuracies on val> class : 59.50
------------------------------
<Accuracies on test> class : 49.97
------------------------------
<Accuracies on Clipart> test class : 36.82
------------------------------
<Accuracies on Product> test class : 51.48
------------------------------
<Accuracies on Real_World> test class : 61.60
------------------------------
Total epoch time: 271.654

New epoch - lr: 0.003
[1/34 iteration of epoch 24/50] 
 {loss} cls : 1.812, total : 1.812 
 {acc} cls : 86.72
[31/34 iteration of epoch 24/50] 
 {loss} cls : 1.926, total : 1.926 
 {acc} cls : 85.94
------------------------------
<Losses on train> cls : 1.686, total : 1.686
<Accuracies on train> cls : 53.88
Train epoch time: 41.556
------------------------------
<Accuracies on val> class : 58.68
------------------------------
<Accuracies on test> class : 47.84
------------------------------
<Accuracies on Clipart> test class : 32.83
------------------------------
<Accuracies on Product> test class : 49.74
------------------------------
<Accuracies on Real_World> test class : 60.94
------------------------------
Total epoch time: 275.918

New epoch - lr: 0.003
[1/34 iteration of epoch 25/50] 
 {loss} cls : 2.279, total : 2.279 
 {acc} cls : 60.16
[31/34 iteration of epoch 25/50] 
 {loss} cls : 1.186, total : 1.186 
 {acc} cls : 99.22
------------------------------
<Losses on train> cls : 1.503, total : 1.503
<Accuracies on train> cls : 51.10
Train epoch time: 42.943
------------------------------
<Accuracies on val> class : 61.98
------------------------------
<Accuracies on test> class : 49.78
------------------------------
<Accuracies on Clipart> test class : 36.38
------------------------------
<Accuracies on Product> test class : 50.96
------------------------------
<Accuracies on Real_World> test class : 61.99
------------------------------
Total epoch time: 274.916

New epoch - lr: 0.003
[1/34 iteration of epoch 26/50] 
 {loss} cls : 1.502, total : 1.502 
 {acc} cls : 5.47
[31/34 iteration of epoch 26/50] 
 {loss} cls : 1.648, total : 1.648 
 {acc} cls : 88.28
------------------------------
<Losses on train> cls : 1.609, total : 1.609
<Accuracies on train> cls : 56.16
Train epoch time: 42.537
------------------------------
<Accuracies on val> class : 59.92
------------------------------
<Accuracies on test> class : 48.56
------------------------------
<Accuracies on Clipart> test class : 34.87
------------------------------
<Accuracies on Product> test class : 50.28
------------------------------
<Accuracies on Real_World> test class : 60.52
------------------------------
Total epoch time: 275.149

New epoch - lr: 0.003
[1/34 iteration of epoch 27/50] 
 {loss} cls : 0.382, total : 0.382 
 {acc} cls : 0.78
[31/34 iteration of epoch 27/50] 
 {loss} cls : 1.697, total : 1.697 
 {acc} cls : 7.03
------------------------------
<Losses on train> cls : 1.673, total : 1.673
<Accuracies on train> cls : 40.35
Train epoch time: 41.439
------------------------------
<Accuracies on val> class : 61.16
------------------------------
<Accuracies on test> class : 48.64
------------------------------
<Accuracies on Clipart> test class : 33.42
------------------------------
<Accuracies on Product> test class : 51.36
------------------------------
<Accuracies on Real_World> test class : 61.12
------------------------------
Total epoch time: 271.978

New epoch - lr: 0.003
[1/34 iteration of epoch 28/50] 
 {loss} cls : 0.849, total : 0.849 
 {acc} cls : 3.91
[31/34 iteration of epoch 28/50] 
 {loss} cls : 1.630, total : 1.630 
 {acc} cls : 93.75
------------------------------
<Losses on train> cls : 1.528, total : 1.528
<Accuracies on train> cls : 54.85
Train epoch time: 42.250
------------------------------
<Accuracies on val> class : 60.74
------------------------------
<Accuracies on test> class : 49.18
------------------------------
<Accuracies on Clipart> test class : 34.59
------------------------------
<Accuracies on Product> test class : 52.04
------------------------------
<Accuracies on Real_World> test class : 60.87
------------------------------
Total epoch time: 275.192

New epoch - lr: 0.003
[1/34 iteration of epoch 29/50] 
 {loss} cls : 1.931, total : 1.931 
 {acc} cls : 79.69
[31/34 iteration of epoch 29/50] 
 {loss} cls : 1.777, total : 1.777 
 {acc} cls : 9.38
------------------------------
<Losses on train> cls : 1.562, total : 1.562
<Accuracies on train> cls : 43.04
Train epoch time: 42.058
------------------------------
<Accuracies on val> class : 59.09
------------------------------
<Accuracies on test> class : 47.68
------------------------------
<Accuracies on Clipart> test class : 32.69
------------------------------
<Accuracies on Product> test class : 49.92
------------------------------
<Accuracies on Real_World> test class : 60.41
------------------------------
Total epoch time: 277.023

New epoch - lr: 0.003
[1/34 iteration of epoch 30/50] 
 {loss} cls : 2.064, total : 2.064 
 {acc} cls : 75.78
[31/34 iteration of epoch 30/50] 
 {loss} cls : 0.775, total : 0.775 
 {acc} cls : 2.34
------------------------------
<Losses on train> cls : 1.557, total : 1.557
<Accuracies on train> cls : 58.36
Train epoch time: 42.034
------------------------------
<Accuracies on val> class : 61.98
------------------------------
<Accuracies on test> class : 48.73
------------------------------
<Accuracies on Clipart> test class : 34.68
------------------------------
<Accuracies on Product> test class : 50.51
------------------------------
<Accuracies on Real_World> test class : 61.01
------------------------------
Total epoch time: 274.658

New epoch - lr: 0.003
[1/34 iteration of epoch 31/50] 
 {loss} cls : 2.212, total : 2.212 
 {acc} cls : 62.50
[31/34 iteration of epoch 31/50] 
 {loss} cls : 2.179, total : 2.179 
 {acc} cls : 21.09
------------------------------
<Losses on train> cls : 1.559, total : 1.559
<Accuracies on train> cls : 45.08
Train epoch time: 41.043
------------------------------
<Accuracies on val> class : 59.92
------------------------------
<Accuracies on test> class : 46.89
------------------------------
<Accuracies on Clipart> test class : 33.24
------------------------------
<Accuracies on Product> test class : 48.48
------------------------------
<Accuracies on Real_World> test class : 58.94
------------------------------
Total epoch time: 272.310

New epoch - lr: 0.003
[1/34 iteration of epoch 32/50] 
 {loss} cls : 2.262, total : 2.262 
 {acc} cls : 36.72
[31/34 iteration of epoch 32/50] 
 {loss} cls : 0.771, total : 0.771 
 {acc} cls : 100.00
------------------------------
<Losses on train> cls : 1.462, total : 1.462
<Accuracies on train> cls : 50.99
Train epoch time: 42.246
------------------------------
<Accuracies on val> class : 60.74
------------------------------
<Accuracies on test> class : 48.70
------------------------------
<Accuracies on Clipart> test class : 35.37
------------------------------
<Accuracies on Product> test class : 50.03
------------------------------
<Accuracies on Real_World> test class : 60.68
------------------------------
Total epoch time: 275.081

New epoch - lr: 0.003
[1/34 iteration of epoch 33/50] 
 {loss} cls : 1.319, total : 1.319 
 {acc} cls : 92.97
[31/34 iteration of epoch 33/50] 
 {loss} cls : 2.087, total : 2.087 
 {acc} cls : 41.41
------------------------------
<Losses on train> cls : 1.771, total : 1.771
<Accuracies on train> cls : 61.31
Train epoch time: 42.082
------------------------------
<Accuracies on val> class : 57.02
------------------------------
<Accuracies on test> class : 47.27
------------------------------
<Accuracies on Clipart> test class : 33.31
------------------------------
<Accuracies on Product> test class : 48.88
------------------------------
<Accuracies on Real_World> test class : 59.61
------------------------------
Total epoch time: 271.119

New epoch - lr: 0.003
[1/34 iteration of epoch 34/50] 
 {loss} cls : 1.059, total : 1.059 
 {acc} cls : 1.56
[31/34 iteration of epoch 34/50] 
 {loss} cls : 1.572, total : 1.572 
 {acc} cls : 11.72
------------------------------
<Losses on train> cls : 1.340, total : 1.340
<Accuracies on train> cls : 45.01
Train epoch time: 42.874
------------------------------
<Accuracies on val> class : 59.09
------------------------------
<Accuracies on test> class : 48.99
------------------------------
<Accuracies on Clipart> test class : 35.17
------------------------------
<Accuracies on Product> test class : 50.06
------------------------------
<Accuracies on Real_World> test class : 61.74
------------------------------
Total epoch time: 274.945

New epoch - lr: 0.003
[1/34 iteration of epoch 35/50] 
 {loss} cls : 0.876, total : 0.876 
 {acc} cls : 99.22
[31/34 iteration of epoch 35/50] 
 {loss} cls : 0.697, total : 0.697 
 {acc} cls : 100.00
------------------------------
<Losses on train> cls : 1.403, total : 1.403
<Accuracies on train> cls : 39.87
Train epoch time: 41.728
------------------------------
<Accuracies on val> class : 58.26
------------------------------
<Accuracies on test> class : 49.02
------------------------------
<Accuracies on Clipart> test class : 36.27
------------------------------
<Accuracies on Product> test class : 50.35
------------------------------
<Accuracies on Real_World> test class : 60.43
------------------------------
Total epoch time: 272.226

New epoch - lr: 0.003
[1/34 iteration of epoch 36/50] 
 {loss} cls : 1.655, total : 1.655 
 {acc} cls : 87.50
[31/34 iteration of epoch 36/50] 
 {loss} cls : 1.556, total : 1.556 
 {acc} cls : 6.25
------------------------------
<Losses on train> cls : 1.356, total : 1.356
<Accuracies on train> cls : 48.71
Train epoch time: 41.140
------------------------------
<Accuracies on val> class : 61.98
------------------------------
<Accuracies on test> class : 49.04
------------------------------
<Accuracies on Clipart> test class : 35.72
------------------------------
<Accuracies on Product> test class : 50.35
------------------------------
<Accuracies on Real_World> test class : 61.05
------------------------------
Total epoch time: 273.485

New epoch - lr: 0.003
[1/34 iteration of epoch 37/50] 
 {loss} cls : 1.993, total : 1.993 
 {acc} cls : 68.75
[31/34 iteration of epoch 37/50] 
 {loss} cls : 2.089, total : 2.089 
 {acc} cls : 26.56
------------------------------
<Losses on train> cls : 1.371, total : 1.371
<Accuracies on train> cls : 49.95
Train epoch time: 41.740
------------------------------
<Accuracies on val> class : 61.57
------------------------------
<Accuracies on test> class : 48.83
------------------------------
<Accuracies on Clipart> test class : 34.36
------------------------------
<Accuracies on Product> test class : 50.57
------------------------------
<Accuracies on Real_World> test class : 61.53
------------------------------
Total epoch time: 272.093

New epoch - lr: 0.003
[1/34 iteration of epoch 38/50] 
 {loss} cls : 1.512, total : 1.512 
 {acc} cls : 90.62
[31/34 iteration of epoch 38/50] 
 {loss} cls : 2.081, total : 2.081 
 {acc} cls : 60.94
------------------------------
<Losses on train> cls : 1.565, total : 1.565
<Accuracies on train> cls : 45.77
Train epoch time: 42.440
------------------------------
<Accuracies on val> class : 58.68
------------------------------
<Accuracies on test> class : 46.75
------------------------------
<Accuracies on Clipart> test class : 33.36
------------------------------
<Accuracies on Product> test class : 47.78
------------------------------
<Accuracies on Real_World> test class : 59.12
------------------------------
Total epoch time: 273.116

New epoch - lr: 0.003
[1/34 iteration of epoch 39/50] 
 {loss} cls : 1.602, total : 1.602 
 {acc} cls : 88.28
[31/34 iteration of epoch 39/50] 
 {loss} cls : 2.214, total : 2.214 
 {acc} cls : 49.22
------------------------------
<Losses on train> cls : 1.450, total : 1.450
<Accuracies on train> cls : 49.26
Train epoch time: 42.212
------------------------------
<Accuracies on val> class : 61.57
------------------------------
<Accuracies on test> class : 47.98
------------------------------
<Accuracies on Clipart> test class : 34.57
------------------------------
<Accuracies on Product> test class : 49.76
------------------------------
<Accuracies on Real_World> test class : 59.61
------------------------------
Total epoch time: 272.857

New epoch - lr: 0.003
[1/34 iteration of epoch 40/50] 
 {loss} cls : 1.908, total : 1.908 
 {acc} cls : 73.44
[31/34 iteration of epoch 40/50] 
 {loss} cls : 2.210, total : 2.210 
 {acc} cls : 46.09
------------------------------
<Losses on train> cls : 1.391, total : 1.391
<Accuracies on train> cls : 46.71
Train epoch time: 42.653
------------------------------
<Accuracies on val> class : 61.16
------------------------------
<Accuracies on test> class : 48.41
------------------------------
<Accuracies on Clipart> test class : 35.05
------------------------------
<Accuracies on Product> test class : 49.20
------------------------------
<Accuracies on Real_World> test class : 60.98
------------------------------
Total epoch time: 274.676

New epoch - lr: 0.003
[1/34 iteration of epoch 41/50] 
 {loss} cls : 1.349, total : 1.349 
 {acc} cls : 95.31
[31/34 iteration of epoch 41/50] 
 {loss} cls : 1.474, total : 1.474 
 {acc} cls : 7.03
------------------------------
<Losses on train> cls : 1.049, total : 1.049
<Accuracies on train> cls : 43.29
Train epoch time: 42.964
------------------------------
<Accuracies on val> class : 59.50
------------------------------
<Accuracies on test> class : 49.33
------------------------------
<Accuracies on Clipart> test class : 36.33
------------------------------
<Accuracies on Product> test class : 50.96
------------------------------
<Accuracies on Real_World> test class : 60.68
------------------------------
Total epoch time: 275.060

New epoch - lr: 0.003
[1/34 iteration of epoch 42/50] 
 {loss} cls : 2.105, total : 2.105 
 {acc} cls : 42.19
[31/34 iteration of epoch 42/50] 
 {loss} cls : 1.210, total : 1.210 
 {acc} cls : 96.09
------------------------------
<Losses on train> cls : 1.526, total : 1.526
<Accuracies on train> cls : 50.41
Train epoch time: 42.978
------------------------------
<Accuracies on val> class : 59.09
------------------------------
<Accuracies on test> class : 47.66
------------------------------
<Accuracies on Clipart> test class : 33.52
------------------------------
<Accuracies on Product> test class : 48.57
------------------------------
<Accuracies on Real_World> test class : 60.89
------------------------------
Total epoch time: 276.397

New epoch - lr: 0.003
[1/34 iteration of epoch 43/50] 
 {loss} cls : 1.708, total : 1.708 
 {acc} cls : 83.59
[31/34 iteration of epoch 43/50] 
 {loss} cls : 1.870, total : 1.870 
 {acc} cls : 81.25
------------------------------
<Losses on train> cls : 1.387, total : 1.387
<Accuracies on train> cls : 50.34
Train epoch time: 42.895
------------------------------
<Accuracies on val> class : 59.50
------------------------------
<Accuracies on test> class : 46.15
------------------------------
<Accuracies on Clipart> test class : 31.89
------------------------------
<Accuracies on Product> test class : 46.79
------------------------------
<Accuracies on Real_World> test class : 59.79
------------------------------
Total epoch time: 274.211

New epoch - lr: 0.003
[1/34 iteration of epoch 44/50] 
 {loss} cls : 2.255, total : 2.255 
 {acc} cls : 38.28
[31/34 iteration of epoch 44/50] 
 {loss} cls : 1.047, total : 1.047 
 {acc} cls : 98.44
------------------------------
<Losses on train> cls : 1.286, total : 1.286
<Accuracies on train> cls : 53.58
Train epoch time: 43.013
------------------------------
<Accuracies on val> class : 60.33
------------------------------
<Accuracies on test> class : 47.26
------------------------------
<Accuracies on Clipart> test class : 33.22
------------------------------
<Accuracies on Product> test class : 49.07
------------------------------
<Accuracies on Real_World> test class : 59.49
------------------------------
Total epoch time: 276.060

New epoch - lr: 0.0009000000000000002
[1/34 iteration of epoch 45/50] 
 {loss} cls : 1.401, total : 1.401 
 {acc} cls : 95.31
[31/34 iteration of epoch 45/50] 
 {loss} cls : 1.012, total : 1.012 
 {acc} cls : 1.56
------------------------------
<Losses on train> cls : 1.286, total : 1.286
<Accuracies on train> cls : 52.34
Train epoch time: 43.994
------------------------------
<Accuracies on val> class : 63.22
------------------------------
<Accuracies on test> class : 49.43
------------------------------
<Accuracies on Clipart> test class : 35.92
------------------------------
<Accuracies on Product> test class : 50.93
------------------------------
<Accuracies on Real_World> test class : 61.44
------------------------------
Total epoch time: 277.340

New epoch - lr: 0.0009000000000000002
[1/34 iteration of epoch 46/50] 
 {loss} cls : 0.130, total : 0.130 
 {acc} cls : 2.34
[31/34 iteration of epoch 46/50] 
 {loss} cls : 1.952, total : 1.952 
 {acc} cls : 68.75
------------------------------
<Losses on train> cls : 1.538, total : 1.538
<Accuracies on train> cls : 56.34
Train epoch time: 43.698
------------------------------
<Accuracies on val> class : 59.50
------------------------------
<Accuracies on test> class : 47.33
------------------------------
<Accuracies on Clipart> test class : 33.04
------------------------------
<Accuracies on Product> test class : 48.61
------------------------------
<Accuracies on Real_World> test class : 60.34
------------------------------
Total epoch time: 275.397

New epoch - lr: 0.0009000000000000002
[1/34 iteration of epoch 47/50] 
 {loss} cls : 1.232, total : 1.232 
 {acc} cls : 5.47
[31/34 iteration of epoch 47/50] 
 {loss} cls : 1.902, total : 1.902 
 {acc} cls : 67.97
------------------------------
<Losses on train> cls : 1.486, total : 1.486
<Accuracies on train> cls : 47.06
Train epoch time: 44.320
------------------------------
<Accuracies on val> class : 60.74
------------------------------
<Accuracies on test> class : 47.22
------------------------------
<Accuracies on Clipart> test class : 33.75
------------------------------
<Accuracies on Product> test class : 47.85
------------------------------
<Accuracies on Real_World> test class : 60.06
------------------------------
Total epoch time: 275.049

New epoch - lr: 0.0009000000000000002
[1/34 iteration of epoch 48/50] 
 {loss} cls : 0.645, total : 0.645 
 {acc} cls : 2.34
[31/34 iteration of epoch 48/50] 
 {loss} cls : 1.080, total : 1.080 
 {acc} cls : 99.22
------------------------------
<Losses on train> cls : 1.424, total : 1.424
<Accuracies on train> cls : 53.81
Train epoch time: 44.839
------------------------------
<Accuracies on val> class : 57.85
------------------------------
<Accuracies on test> class : 47.00
------------------------------
<Accuracies on Clipart> test class : 33.10
------------------------------
<Accuracies on Product> test class : 48.25
------------------------------
<Accuracies on Real_World> test class : 59.65
------------------------------
Total epoch time: 275.043

New epoch - lr: 0.0009000000000000002
[1/34 iteration of epoch 49/50] 
 {loss} cls : 0.235, total : 0.235 
 {acc} cls : 2.34
[31/34 iteration of epoch 49/50] 
 {loss} cls : 1.740, total : 1.740 
 {acc} cls : 12.50
------------------------------
<Losses on train> cls : 1.351, total : 1.351
<Accuracies on train> cls : 42.51
Train epoch time: 43.426
------------------------------
<Accuracies on val> class : 57.85
------------------------------
<Accuracies on test> class : 46.79
------------------------------
<Accuracies on Clipart> test class : 33.10
------------------------------
<Accuracies on Product> test class : 47.65
------------------------------
<Accuracies on Real_World> test class : 59.63
------------------------------
Total epoch time: 285.147

New epoch - lr: 0.0009000000000000002
[1/34 iteration of epoch 50/50] 
 {loss} cls : 1.948, total : 1.948 
 {acc} cls : 68.75
[31/34 iteration of epoch 50/50] 
 {loss} cls : 1.789, total : 1.789 
 {acc} cls : 21.09
------------------------------
<Losses on train> cls : 1.278, total : 1.278
<Accuracies on train> cls : 41.22
Train epoch time: 43.872
------------------------------
<Accuracies on val> class : 60.33
------------------------------
<Accuracies on test> class : 47.93
------------------------------
<Accuracies on Clipart> test class : 34.34
------------------------------
<Accuracies on Product> test class : 49.27
------------------------------
<Accuracies on Real_World> test class : 60.18
------------------------------
Total epoch time: 292.122

******************************
Best val 0.652893, corresponding test 0.508928 - best test: 0.524428

******************************
Best val 0.6528925895690918, corresponding Clipart test 0.3715922236442566

******************************
Best val 0.6528925895690918, corresponding Product test 0.5289479494094849

******************************
Best val 0.6528925895690918, corresponding Real_World test 0.6261188983917236
