
Loading experiment Officehome/ResNet18_step


New epoch - lr: 0.003
[1/61 iteration of epoch 1/50] 
 {loss} cls : 4.334, total : 4.334 
 {acc} cls : 1.56
[31/61 iteration of epoch 1/50] 
 {loss} cls : 2.596, total : 2.596 
 {acc} cls : 50.78
[61/61 iteration of epoch 1/50] 
 {loss} cls : 2.589, total : 2.589 
 {acc} cls : 7.03
------------------------------
<Losses on train> cls : 2.750, total : 2.750
<Accuracies on train> cls : 24.41
Train epoch time: 189.697
------------------------------
<Accuracies on val> class : 71.49
------------------------------
<Accuracies on test> class : 50.34
------------------------------
<Accuracies on Art> test class : 51.30
------------------------------
<Accuracies on Clipart> test class : 36.33
------------------------------
<Accuracies on Product> test class : 63.60
------------------------------
Total epoch time: 289.015

New epoch - lr: 0.003
[1/61 iteration of epoch 2/50] 
 {loss} cls : 2.188, total : 2.188 
 {acc} cls : 10.16
[31/61 iteration of epoch 2/50] 
 {loss} cls : 2.856, total : 2.856 
 {acc} cls : 21.88
[61/61 iteration of epoch 2/50] 
 {loss} cls : 2.390, total : 2.390 
 {acc} cls : 14.06
------------------------------
<Losses on train> cls : 2.049, total : 2.049
<Accuracies on train> cls : 36.81
Train epoch time: 187.181
------------------------------
<Accuracies on val> class : 76.09
------------------------------
<Accuracies on test> class : 52.16
------------------------------
<Accuracies on Art> test class : 50.64
------------------------------
<Accuracies on Clipart> test class : 37.37
------------------------------
<Accuracies on Product> test class : 67.54
------------------------------
Total epoch time: 285.407

New epoch - lr: 0.003
[1/61 iteration of epoch 3/50] 
 {loss} cls : 1.334, total : 1.334 
 {acc} cls : 81.25
[31/61 iteration of epoch 3/50] 
 {loss} cls : 2.506, total : 2.506 
 {acc} cls : 53.91
[61/61 iteration of epoch 3/50] 
 {loss} cls : 2.298, total : 2.298 
 {acc} cls : 17.19
------------------------------
<Losses on train> cls : 1.915, total : 1.915
<Accuracies on train> cls : 42.80
Train epoch time: 189.548
------------------------------
<Accuracies on val> class : 74.94
------------------------------
<Accuracies on test> class : 50.80
------------------------------
<Accuracies on Art> test class : 51.05
------------------------------
<Accuracies on Clipart> test class : 35.83
------------------------------
<Accuracies on Product> test class : 65.38
------------------------------
Total epoch time: 287.926

New epoch - lr: 0.003
[1/61 iteration of epoch 4/50] 
 {loss} cls : 1.519, total : 1.519 
 {acc} cls : 2.34
[31/61 iteration of epoch 4/50] 
 {loss} cls : 2.594, total : 2.594 
 {acc} cls : 57.03
[61/61 iteration of epoch 4/50] 
 {loss} cls : 1.772, total : 1.772 
 {acc} cls : 78.91
------------------------------
<Losses on train> cls : 1.927, total : 1.927
<Accuracies on train> cls : 41.89
Train epoch time: 186.035
------------------------------
<Accuracies on val> class : 77.01
------------------------------
<Accuracies on test> class : 55.12
------------------------------
<Accuracies on Art> test class : 53.44
------------------------------
<Accuracies on Clipart> test class : 41.95
------------------------------
<Accuracies on Product> test class : 69.00
------------------------------
Total epoch time: 284.550

New epoch - lr: 0.003
[1/61 iteration of epoch 5/50] 
 {loss} cls : 1.061, total : 1.061 
 {acc} cls : 89.06
[31/61 iteration of epoch 5/50] 
 {loss} cls : 2.484, total : 2.484 
 {acc} cls : 21.88
[61/61 iteration of epoch 5/50] 
 {loss} cls : 2.532, total : 2.532 
 {acc} cls : 52.34
------------------------------
<Losses on train> cls : 1.887, total : 1.887
<Accuracies on train> cls : 43.80
Train epoch time: 192.149
------------------------------
<Accuracies on val> class : 77.24
------------------------------
<Accuracies on test> class : 53.25
------------------------------
<Accuracies on Art> test class : 51.63
------------------------------
<Accuracies on Clipart> test class : 39.59
------------------------------
<Accuracies on Product> test class : 67.56
------------------------------
Total epoch time: 293.430

New epoch - lr: 0.003
[1/61 iteration of epoch 6/50] 
 {loss} cls : 1.125, total : 1.125 
 {acc} cls : 1.56
[31/61 iteration of epoch 6/50] 
 {loss} cls : 0.784, total : 0.784 
 {acc} cls : 3.12
[61/61 iteration of epoch 6/50] 
 {loss} cls : 2.385, total : 2.385 
 {acc} cls : 35.16
------------------------------
<Losses on train> cls : 1.677, total : 1.677
<Accuracies on train> cls : 39.49
Train epoch time: 190.077
------------------------------
<Accuracies on val> class : 76.55
------------------------------
<Accuracies on test> class : 53.06
------------------------------
<Accuracies on Art> test class : 51.55
------------------------------
<Accuracies on Clipart> test class : 39.59
------------------------------
<Accuracies on Product> test class : 67.13
------------------------------
Total epoch time: 292.422

New epoch - lr: 0.003
[1/61 iteration of epoch 7/50] 
 {loss} cls : 2.000, total : 2.000 
 {acc} cls : 13.28
[31/61 iteration of epoch 7/50] 
 {loss} cls : 1.481, total : 1.481 
 {acc} cls : 3.91
[61/61 iteration of epoch 7/50] 
 {loss} cls : 0.892, total : 0.892 
 {acc} cls : 0.78
------------------------------
<Losses on train> cls : 1.756, total : 1.756
<Accuracies on train> cls : 44.71
Train epoch time: 186.411
------------------------------
<Accuracies on val> class : 76.09
------------------------------
<Accuracies on test> class : 52.28
------------------------------
<Accuracies on Art> test class : 50.89
------------------------------
<Accuracies on Clipart> test class : 37.89
------------------------------
<Accuracies on Product> test class : 67.20
------------------------------
Total epoch time: 288.469

New epoch - lr: 0.003
[1/61 iteration of epoch 8/50] 
 {loss} cls : 2.337, total : 2.337 
 {acc} cls : 18.75
[31/61 iteration of epoch 8/50] 
 {loss} cls : 2.314, total : 2.314 
 {acc} cls : 50.00
[61/61 iteration of epoch 8/50] 
 {loss} cls : 1.684, total : 1.684 
 {acc} cls : 85.16
------------------------------
<Losses on train> cls : 1.765, total : 1.765
<Accuracies on train> cls : 42.37
Train epoch time: 185.952
------------------------------
<Accuracies on val> class : 77.70
------------------------------
<Accuracies on test> class : 55.74
------------------------------
<Accuracies on Art> test class : 53.19
------------------------------
<Accuracies on Clipart> test class : 42.36
------------------------------
<Accuracies on Product> test class : 70.29
------------------------------
Total epoch time: 288.178

New epoch - lr: 0.003
[1/61 iteration of epoch 9/50] 
 {loss} cls : 1.888, total : 1.888 
 {acc} cls : 10.94
[31/61 iteration of epoch 9/50] 
 {loss} cls : 1.328, total : 1.328 
 {acc} cls : 92.19
[61/61 iteration of epoch 9/50] 
 {loss} cls : 0.834, total : 0.834 
 {acc} cls : 96.09
------------------------------
<Losses on train> cls : 1.626, total : 1.626
<Accuracies on train> cls : 49.44
Train epoch time: 187.837
------------------------------
<Accuracies on val> class : 79.31
------------------------------
<Accuracies on test> class : 52.71
------------------------------
<Accuracies on Art> test class : 50.68
------------------------------
<Accuracies on Clipart> test class : 38.42
------------------------------
<Accuracies on Product> test class : 67.88
------------------------------
Total epoch time: 291.110

New epoch - lr: 0.003
[1/61 iteration of epoch 10/50] 
 {loss} cls : 1.602, total : 1.602 
 {acc} cls : 7.03
[31/61 iteration of epoch 10/50] 
 {loss} cls : 2.300, total : 2.300 
 {acc} cls : 36.72
[61/61 iteration of epoch 10/50] 
 {loss} cls : 2.159, total : 2.159 
 {acc} cls : 19.53
------------------------------
<Losses on train> cls : 1.485, total : 1.485
<Accuracies on train> cls : 37.26
Train epoch time: 181.382
------------------------------
<Accuracies on val> class : 77.47
------------------------------
<Accuracies on test> class : 54.83
------------------------------
<Accuracies on Art> test class : 51.09
------------------------------
<Accuracies on Clipart> test class : 42.31
------------------------------
<Accuracies on Product> test class : 69.18
------------------------------
Total epoch time: 285.212

New epoch - lr: 0.003
[1/61 iteration of epoch 11/50] 
 {loss} cls : 0.359, total : 0.359 
 {acc} cls : 100.00
[31/61 iteration of epoch 11/50] 
 {loss} cls : 1.882, total : 1.882 
 {acc} cls : 10.16
[61/61 iteration of epoch 11/50] 
 {loss} cls : 2.190, total : 2.190 
 {acc} cls : 17.97
------------------------------
<Losses on train> cls : 1.535, total : 1.535
<Accuracies on train> cls : 39.43
Train epoch time: 179.389
------------------------------
<Accuracies on val> class : 78.16
------------------------------
<Accuracies on test> class : 53.75
------------------------------
<Accuracies on Art> test class : 50.97
------------------------------
<Accuracies on Clipart> test class : 40.85
------------------------------
<Accuracies on Product> test class : 67.97
------------------------------
Total epoch time: 287.164

New epoch - lr: 0.003
[1/61 iteration of epoch 12/50] 
 {loss} cls : 2.193, total : 2.193 
 {acc} cls : 61.72
[31/61 iteration of epoch 12/50] 
 {loss} cls : 1.196, total : 1.196 
 {acc} cls : 2.34
[61/61 iteration of epoch 12/50] 
 {loss} cls : 2.128, total : 2.128 
 {acc} cls : 67.97
------------------------------
<Losses on train> cls : 1.572, total : 1.572
<Accuracies on train> cls : 43.81
Train epoch time: 183.469
------------------------------
<Accuracies on val> class : 75.86
------------------------------
<Accuracies on test> class : 55.09
------------------------------
<Accuracies on Art> test class : 52.78
------------------------------
<Accuracies on Clipart> test class : 41.92
------------------------------
<Accuracies on Product> test class : 69.29
------------------------------
Total epoch time: 290.474

New epoch - lr: 0.003
[1/61 iteration of epoch 13/50] 
 {loss} cls : 2.236, total : 2.236 
 {acc} cls : 56.25
[31/61 iteration of epoch 13/50] 
 {loss} cls : 2.289, total : 2.289 
 {acc} cls : 48.44
[61/61 iteration of epoch 13/50] 
 {loss} cls : 1.408, total : 1.408 
 {acc} cls : 89.06
------------------------------
<Losses on train> cls : 1.606, total : 1.606
<Accuracies on train> cls : 44.72
Train epoch time: 186.470
------------------------------
<Accuracies on val> class : 76.55
------------------------------
<Accuracies on test> class : 53.25
------------------------------
<Accuracies on Art> test class : 48.99
------------------------------
<Accuracies on Clipart> test class : 39.84
------------------------------
<Accuracies on Product> test class : 68.78
------------------------------
Total epoch time: 284.987

New epoch - lr: 0.003
[1/61 iteration of epoch 14/50] 
 {loss} cls : 2.323, total : 2.323 
 {acc} cls : 46.09
[31/61 iteration of epoch 14/50] 
 {loss} cls : 1.147, total : 1.147 
 {acc} cls : 1.56
[61/61 iteration of epoch 14/50] 
 {loss} cls : 1.742, total : 1.742 
 {acc} cls : 81.25
------------------------------
<Losses on train> cls : 1.529, total : 1.529
<Accuracies on train> cls : 49.10
Train epoch time: 173.209
------------------------------
<Accuracies on val> class : 78.39
------------------------------
<Accuracies on test> class : 51.61
------------------------------
<Accuracies on Art> test class : 48.33
------------------------------
<Accuracies on Clipart> test class : 37.85
------------------------------
<Accuracies on Product> test class : 66.93
------------------------------
Total epoch time: 268.954

New epoch - lr: 0.003
[1/61 iteration of epoch 15/50] 
 {loss} cls : 2.279, total : 2.279 
 {acc} cls : 55.47
[31/61 iteration of epoch 15/50] 
 {loss} cls : 1.839, total : 1.839 
 {acc} cls : 14.06
[61/61 iteration of epoch 15/50] 
 {loss} cls : 0.231, total : 0.231 
 {acc} cls : 3.12
------------------------------
<Losses on train> cls : 1.531, total : 1.531
<Accuracies on train> cls : 41.36
Train epoch time: 169.930
------------------------------
<Accuracies on val> class : 76.09
------------------------------
<Accuracies on test> class : 54.27
------------------------------
<Accuracies on Art> test class : 51.30
------------------------------
<Accuracies on Clipart> test class : 41.03
------------------------------
<Accuracies on Product> test class : 68.91
------------------------------
Total epoch time: 267.700

New epoch - lr: 0.003
[1/61 iteration of epoch 16/50] 
 {loss} cls : 1.629, total : 1.629 
 {acc} cls : 92.19
[31/61 iteration of epoch 16/50] 
 {loss} cls : 2.022, total : 2.022 
 {acc} cls : 18.75
[61/61 iteration of epoch 16/50] 
 {loss} cls : 1.671, total : 1.671 
 {acc} cls : 85.94
------------------------------
<Losses on train> cls : 1.514, total : 1.514
<Accuracies on train> cls : 49.76
Train epoch time: 176.686
------------------------------
<Accuracies on val> class : 78.16
------------------------------
<Accuracies on test> class : 54.48
------------------------------
<Accuracies on Art> test class : 50.89
------------------------------
<Accuracies on Clipart> test class : 41.65
------------------------------
<Accuracies on Product> test class : 69.07
------------------------------
Total epoch time: 273.614

New epoch - lr: 0.003
[1/61 iteration of epoch 17/50] 
 {loss} cls : 1.289, total : 1.289 
 {acc} cls : 5.47
[31/61 iteration of epoch 17/50] 
 {loss} cls : 0.473, total : 0.473 
 {acc} cls : 6.25
[61/61 iteration of epoch 17/50] 
 {loss} cls : 2.180, total : 2.180 
 {acc} cls : 34.38
------------------------------
<Losses on train> cls : 1.438, total : 1.438
<Accuracies on train> cls : 53.79
Train epoch time: 173.731
------------------------------
<Accuracies on val> class : 77.47
------------------------------
<Accuracies on test> class : 52.71
------------------------------
<Accuracies on Art> test class : 50.97
------------------------------
<Accuracies on Clipart> test class : 40.05
------------------------------
<Accuracies on Product> test class : 66.12
------------------------------
Total epoch time: 269.492

New epoch - lr: 0.003
[1/61 iteration of epoch 18/50] 
 {loss} cls : 1.323, total : 1.323 
 {acc} cls : 3.91
[31/61 iteration of epoch 18/50] 
 {loss} cls : 1.376, total : 1.376 
 {acc} cls : 6.25
[61/61 iteration of epoch 18/50] 
 {loss} cls : 0.221, total : 0.221 
 {acc} cls : 0.78
------------------------------
<Losses on train> cls : 1.442, total : 1.442
<Accuracies on train> cls : 47.21
Train epoch time: 172.661
------------------------------
<Accuracies on val> class : 75.40
------------------------------
<Accuracies on test> class : 52.39
------------------------------
<Accuracies on Art> test class : 50.39
------------------------------
<Accuracies on Clipart> test class : 38.17
------------------------------
<Accuracies on Product> test class : 67.47
------------------------------
Total epoch time: 269.290

New epoch - lr: 0.003
[1/61 iteration of epoch 19/50] 
 {loss} cls : 1.374, total : 1.374 
 {acc} cls : 96.09
[31/61 iteration of epoch 19/50] 
 {loss} cls : 0.546, total : 0.546 
 {acc} cls : 0.78
[61/61 iteration of epoch 19/50] 
 {loss} cls : 2.096, total : 2.096 
 {acc} cls : 71.09
------------------------------
<Losses on train> cls : 1.558, total : 1.558
<Accuracies on train> cls : 45.72
Train epoch time: 168.956
------------------------------
<Accuracies on val> class : 77.93
------------------------------
<Accuracies on test> class : 53.79
------------------------------
<Accuracies on Art> test class : 50.19
------------------------------
<Accuracies on Clipart> test class : 40.16
------------------------------
<Accuracies on Product> test class : 69.16
------------------------------
Total epoch time: 264.872

New epoch - lr: 0.003
[1/61 iteration of epoch 20/50] 
 {loss} cls : 1.862, total : 1.862 
 {acc} cls : 9.38
[31/61 iteration of epoch 20/50] 
 {loss} cls : 1.900, total : 1.900 
 {acc} cls : 19.53
[61/61 iteration of epoch 20/50] 
 {loss} cls : 0.980, total : 0.980 
 {acc} cls : 96.09
------------------------------
<Losses on train> cls : 1.466, total : 1.466
<Accuracies on train> cls : 46.29
Train epoch time: 166.950
------------------------------
<Accuracies on val> class : 75.17
------------------------------
<Accuracies on test> class : 53.26
------------------------------
<Accuracies on Art> test class : 49.98
------------------------------
<Accuracies on Clipart> test class : 39.93
------------------------------
<Accuracies on Product> test class : 68.17
------------------------------
Total epoch time: 263.237

New epoch - lr: 0.003
[1/61 iteration of epoch 21/50] 
 {loss} cls : 0.188, total : 0.188 
 {acc} cls : 100.00
[31/61 iteration of epoch 21/50] 
 {loss} cls : 1.852, total : 1.852 
 {acc} cls : 73.44
[61/61 iteration of epoch 21/50] 
 {loss} cls : 2.125, total : 2.125 
 {acc} cls : 29.69
------------------------------
<Losses on train> cls : 1.366, total : 1.366
<Accuracies on train> cls : 50.32
Train epoch time: 170.121
------------------------------
<Accuracies on val> class : 75.63
------------------------------
<Accuracies on test> class : 53.01
------------------------------
<Accuracies on Art> test class : 50.56
------------------------------
<Accuracies on Clipart> test class : 38.65
------------------------------
<Accuracies on Product> test class : 68.48
------------------------------
Total epoch time: 266.564

New epoch - lr: 0.003
[1/61 iteration of epoch 22/50] 
 {loss} cls : 1.960, total : 1.960 
 {acc} cls : 16.41
[31/61 iteration of epoch 22/50] 
 {loss} cls : 1.470, total : 1.470 
 {acc} cls : 6.25
[61/61 iteration of epoch 22/50] 
 {loss} cls : 1.317, total : 1.317 
 {acc} cls : 93.75
------------------------------
<Losses on train> cls : 1.488, total : 1.488
<Accuracies on train> cls : 45.06
Train epoch time: 176.424
------------------------------
<Accuracies on val> class : 76.55
------------------------------
<Accuracies on test> class : 53.61
------------------------------
<Accuracies on Art> test class : 49.57
------------------------------
<Accuracies on Clipart> test class : 42.31
------------------------------
<Accuracies on Product> test class : 66.93
------------------------------
Total epoch time: 273.849

New epoch - lr: 0.003
[1/61 iteration of epoch 23/50] 
 {loss} cls : 0.174, total : 0.174 
 {acc} cls : 99.22
[31/61 iteration of epoch 23/50] 
 {loss} cls : 1.357, total : 1.357 
 {acc} cls : 90.62
[61/61 iteration of epoch 23/50] 
 {loss} cls : 1.847, total : 1.847 
 {acc} cls : 21.09
------------------------------
<Losses on train> cls : 1.399, total : 1.399
<Accuracies on train> cls : 48.53
Train epoch time: 173.883
------------------------------
<Accuracies on val> class : 78.16
------------------------------
<Accuracies on test> class : 53.39
------------------------------
<Accuracies on Art> test class : 50.47
------------------------------
<Accuracies on Clipart> test class : 41.28
------------------------------
<Accuracies on Product> test class : 66.88
------------------------------
Total epoch time: 271.895

New epoch - lr: 0.003
[1/61 iteration of epoch 24/50] 
 {loss} cls : 1.963, total : 1.963 
 {acc} cls : 21.09
[31/61 iteration of epoch 24/50] 
 {loss} cls : 1.483, total : 1.483 
 {acc} cls : 10.16
[61/61 iteration of epoch 24/50] 
 {loss} cls : 0.474, total : 0.474 
 {acc} cls : 99.22
------------------------------
<Losses on train> cls : 1.452, total : 1.452
<Accuracies on train> cls : 49.63
Train epoch time: 172.661
------------------------------
<Accuracies on val> class : 79.54
------------------------------
<Accuracies on test> class : 52.42
------------------------------
<Accuracies on Art> test class : 49.11
------------------------------
<Accuracies on Clipart> test class : 38.28
------------------------------
<Accuracies on Product> test class : 68.12
------------------------------
Total epoch time: 269.607

New epoch - lr: 0.003
[1/61 iteration of epoch 25/50] 
 {loss} cls : 1.768, total : 1.768 
 {acc} cls : 10.94
[31/61 iteration of epoch 25/50] 
 {loss} cls : 1.418, total : 1.418 
 {acc} cls : 3.12
[61/61 iteration of epoch 25/50] 
 {loss} cls : 0.739, total : 0.739 
 {acc} cls : 3.12
------------------------------
<Losses on train> cls : 1.481, total : 1.481
<Accuracies on train> cls : 43.19
Train epoch time: 166.885
------------------------------
<Accuracies on val> class : 77.01
------------------------------
<Accuracies on test> class : 50.57
------------------------------
<Accuracies on Art> test class : 46.31
------------------------------
<Accuracies on Clipart> test class : 36.66
------------------------------
<Accuracies on Product> test class : 66.57
------------------------------
Total epoch time: 263.554

New epoch - lr: 0.003
[1/61 iteration of epoch 26/50] 
 {loss} cls : 0.407, total : 0.407 
 {acc} cls : 100.00
[31/61 iteration of epoch 26/50] 
 {loss} cls : 1.878, total : 1.878 
 {acc} cls : 71.09
[61/61 iteration of epoch 26/50] 
 {loss} cls : 1.111, total : 1.111 
 {acc} cls : 96.88
------------------------------
<Losses on train> cls : 1.422, total : 1.422
<Accuracies on train> cls : 51.96
Train epoch time: 169.009
------------------------------
<Accuracies on val> class : 78.62
------------------------------
<Accuracies on test> class : 54.24
------------------------------
<Accuracies on Art> test class : 51.38
------------------------------
<Accuracies on Clipart> test class : 41.40
------------------------------
<Accuracies on Product> test class : 68.44
------------------------------
Total epoch time: 268.362

New epoch - lr: 0.003
[1/61 iteration of epoch 27/50] 
 {loss} cls : 0.680, total : 0.680 
 {acc} cls : 99.22
[31/61 iteration of epoch 27/50] 
 {loss} cls : 1.983, total : 1.983 
 {acc} cls : 54.69
[61/61 iteration of epoch 27/50] 
 {loss} cls : 1.865, total : 1.865 
 {acc} cls : 14.06
------------------------------
<Losses on train> cls : 1.509, total : 1.509
<Accuracies on train> cls : 53.25
Train epoch time: 175.440
------------------------------
<Accuracies on val> class : 77.47
------------------------------
<Accuracies on test> class : 51.81
------------------------------
<Accuracies on Art> test class : 48.29
------------------------------
<Accuracies on Clipart> test class : 37.78
------------------------------
<Accuracies on Product> test class : 67.54
------------------------------
Total epoch time: 273.845

New epoch - lr: 0.003
[1/61 iteration of epoch 28/50] 
 {loss} cls : 1.863, total : 1.863 
 {acc} cls : 75.78
[31/61 iteration of epoch 28/50] 
 {loss} cls : 1.660, total : 1.660 
 {acc} cls : 14.06
[61/61 iteration of epoch 28/50] 
 {loss} cls : 1.653, total : 1.653 
 {acc} cls : 13.28
------------------------------
<Losses on train> cls : 1.401, total : 1.401
<Accuracies on train> cls : 57.33
Train epoch time: 169.955
------------------------------
<Accuracies on val> class : 77.47
------------------------------
<Accuracies on test> class : 52.52
------------------------------
<Accuracies on Art> test class : 48.45
------------------------------
<Accuracies on Clipart> test class : 40.00
------------------------------
<Accuracies on Product> test class : 67.04
------------------------------
Total epoch time: 267.229

New epoch - lr: 0.003
[1/61 iteration of epoch 29/50] 
 {loss} cls : 0.847, total : 0.847 
 {acc} cls : 1.56
[31/61 iteration of epoch 29/50] 
 {loss} cls : 1.050, total : 1.050 
 {acc} cls : 2.34
[61/61 iteration of epoch 29/50] 
 {loss} cls : 1.678, total : 1.678 
 {acc} cls : 88.28
------------------------------
<Losses on train> cls : 1.356, total : 1.356
<Accuracies on train> cls : 43.19
Train epoch time: 172.573
------------------------------
<Accuracies on val> class : 77.47
------------------------------
<Accuracies on test> class : 54.55
------------------------------
<Accuracies on Art> test class : 50.76
------------------------------
<Accuracies on Clipart> test class : 41.33
------------------------------
<Accuracies on Product> test class : 69.63
------------------------------
Total epoch time: 270.653

New epoch - lr: 0.003
[1/61 iteration of epoch 30/50] 
 {loss} cls : 1.954, total : 1.954 
 {acc} cls : 60.94
[31/61 iteration of epoch 30/50] 
 {loss} cls : 1.194, total : 1.194 
 {acc} cls : 94.53
[61/61 iteration of epoch 30/50] 
 {loss} cls : 1.876, total : 1.876 
 {acc} cls : 71.09
------------------------------
<Losses on train> cls : 1.464, total : 1.464
<Accuracies on train> cls : 46.88
Train epoch time: 168.781
------------------------------
<Accuracies on val> class : 74.94
------------------------------
<Accuracies on test> class : 52.60
------------------------------
<Accuracies on Art> test class : 49.28
------------------------------
<Accuracies on Clipart> test class : 38.69
------------------------------
<Accuracies on Product> test class : 68.10
------------------------------
Total epoch time: 267.670

New epoch - lr: 0.003
[1/61 iteration of epoch 31/50] 
 {loss} cls : 1.964, total : 1.964 
 {acc} cls : 69.53
[31/61 iteration of epoch 31/50] 
 {loss} cls : 1.192, total : 1.192 
 {acc} cls : 5.47
[61/61 iteration of epoch 31/50] 
 {loss} cls : 1.717, total : 1.717 
 {acc} cls : 75.78
------------------------------
<Losses on train> cls : 1.380, total : 1.380
<Accuracies on train> cls : 42.17
Train epoch time: 162.708
------------------------------
<Accuracies on val> class : 77.24
------------------------------
<Accuracies on test> class : 51.93
------------------------------
<Accuracies on Art> test class : 48.87
------------------------------
<Accuracies on Clipart> test class : 37.98
------------------------------
<Accuracies on Product> test class : 67.31
------------------------------
Total epoch time: 264.065

New epoch - lr: 0.003
[1/61 iteration of epoch 32/50] 
 {loss} cls : 1.767, total : 1.767 
 {acc} cls : 22.66
[31/61 iteration of epoch 32/50] 
 {loss} cls : 1.941, total : 1.941 
 {acc} cls : 53.12
[61/61 iteration of epoch 32/50] 
 {loss} cls : 0.495, total : 0.495 
 {acc} cls : 98.44
------------------------------
<Losses on train> cls : 1.408, total : 1.408
<Accuracies on train> cls : 48.92
Train epoch time: 165.241
------------------------------
<Accuracies on val> class : 77.93
------------------------------
<Accuracies on test> class : 51.98
------------------------------
<Accuracies on Art> test class : 48.29
------------------------------
<Accuracies on Clipart> test class : 37.87
------------------------------
<Accuracies on Product> test class : 67.88
------------------------------
Total epoch time: 263.815

New epoch - lr: 0.003
[1/61 iteration of epoch 33/50] 
 {loss} cls : 1.954, total : 1.954 
 {acc} cls : 38.28
[31/61 iteration of epoch 33/50] 
 {loss} cls : 1.439, total : 1.439 
 {acc} cls : 85.16
[61/61 iteration of epoch 33/50] 
 {loss} cls : 0.684, total : 0.684 
 {acc} cls : 2.34
------------------------------
<Losses on train> cls : 1.418, total : 1.418
<Accuracies on train> cls : 38.70
Train epoch time: 163.592
------------------------------
<Accuracies on val> class : 76.78
------------------------------
<Accuracies on test> class : 51.81
------------------------------
<Accuracies on Art> test class : 48.62
------------------------------
<Accuracies on Clipart> test class : 38.67
------------------------------
<Accuracies on Product> test class : 66.48
------------------------------
Total epoch time: 262.581

New epoch - lr: 0.003
[1/61 iteration of epoch 34/50] 
 {loss} cls : 1.922, total : 1.922 
 {acc} cls : 25.78
[31/61 iteration of epoch 34/50] 
 {loss} cls : 1.820, total : 1.820 
 {acc} cls : 32.03
[61/61 iteration of epoch 34/50] 
 {loss} cls : 1.853, total : 1.853 
 {acc} cls : 63.28
------------------------------
<Losses on train> cls : 1.425, total : 1.425
<Accuracies on train> cls : 43.69
Train epoch time: 166.180
------------------------------
<Accuracies on val> class : 77.24
------------------------------
<Accuracies on test> class : 52.13
------------------------------
<Accuracies on Art> test class : 49.57
------------------------------
<Accuracies on Clipart> test class : 38.28
------------------------------
<Accuracies on Product> test class : 67.15
------------------------------
Total epoch time: 264.770

New epoch - lr: 0.003
[1/61 iteration of epoch 35/50] 
 {loss} cls : 1.625, total : 1.625 
 {acc} cls : 10.16
[31/61 iteration of epoch 35/50] 
 {loss} cls : 1.908, total : 1.908 
 {acc} cls : 32.81
[61/61 iteration of epoch 35/50] 
 {loss} cls : 1.022, total : 1.022 
 {acc} cls : 3.12
------------------------------
<Losses on train> cls : 1.305, total : 1.305
<Accuracies on train> cls : 41.79
Train epoch time: 164.266
------------------------------
<Accuracies on val> class : 80.00
------------------------------
<Accuracies on test> class : 52.35
------------------------------
<Accuracies on Art> test class : 49.40
------------------------------
<Accuracies on Clipart> test class : 38.17
------------------------------
<Accuracies on Product> test class : 67.90
------------------------------
Total epoch time: 261.099

New epoch - lr: 0.003
[1/61 iteration of epoch 36/50] 
 {loss} cls : 1.761, total : 1.761 
 {acc} cls : 78.12
[31/61 iteration of epoch 36/50] 
 {loss} cls : 1.597, total : 1.597 
 {acc} cls : 84.38
[61/61 iteration of epoch 36/50] 
 {loss} cls : 1.414, total : 1.414 
 {acc} cls : 10.94
------------------------------
<Losses on train> cls : 1.409, total : 1.409
<Accuracies on train> cls : 50.82
Train epoch time: 166.721
------------------------------
<Accuracies on val> class : 77.70
------------------------------
<Accuracies on test> class : 50.12
------------------------------
<Accuracies on Art> test class : 48.08
------------------------------
<Accuracies on Clipart> test class : 34.96
------------------------------
<Accuracies on Product> test class : 66.14
------------------------------
Total epoch time: 262.309

New epoch - lr: 0.003
[1/61 iteration of epoch 37/50] 
 {loss} cls : 1.562, total : 1.562 
 {acc} cls : 82.81
[31/61 iteration of epoch 37/50] 
 {loss} cls : 1.950, total : 1.950 
 {acc} cls : 37.50
[61/61 iteration of epoch 37/50] 
 {loss} cls : 0.849, total : 0.849 
 {acc} cls : 97.66
------------------------------
<Losses on train> cls : 1.341, total : 1.341
<Accuracies on train> cls : 47.61
Train epoch time: 170.311
------------------------------
<Accuracies on val> class : 79.54
------------------------------
<Accuracies on test> class : 52.68
------------------------------
<Accuracies on Art> test class : 48.87
------------------------------
<Accuracies on Clipart> test class : 39.20
------------------------------
<Accuracies on Product> test class : 68.03
------------------------------
Total epoch time: 265.065

New epoch - lr: 0.003
[1/61 iteration of epoch 38/50] 
 {loss} cls : 1.922, total : 1.922 
 {acc} cls : 51.56
[31/61 iteration of epoch 38/50] 
 {loss} cls : 0.457, total : 0.457 
 {acc} cls : 99.22
[61/61 iteration of epoch 38/50] 
 {loss} cls : 1.632, total : 1.632 
 {acc} cls : 20.31
------------------------------
<Losses on train> cls : 1.376, total : 1.376
<Accuracies on train> cls : 48.87
Train epoch time: 174.421
------------------------------
<Accuracies on val> class : 78.85
------------------------------
<Accuracies on test> class : 51.83
------------------------------
<Accuracies on Art> test class : 48.29
------------------------------
<Accuracies on Clipart> test class : 38.56
------------------------------
<Accuracies on Product> test class : 66.82
------------------------------
Total epoch time: 269.320

New epoch - lr: 0.003
[1/61 iteration of epoch 39/50] 
 {loss} cls : 0.161, total : 0.161 
 {acc} cls : 98.44
[31/61 iteration of epoch 39/50] 
 {loss} cls : 1.423, total : 1.423 
 {acc} cls : 91.41
[61/61 iteration of epoch 39/50] 
 {loss} cls : 1.655, total : 1.655 
 {acc} cls : 84.38
------------------------------
<Losses on train> cls : 1.343, total : 1.343
<Accuracies on train> cls : 55.69
Train epoch time: 168.687
------------------------------
<Accuracies on val> class : 77.24
------------------------------
<Accuracies on test> class : 51.71
------------------------------
<Accuracies on Art> test class : 47.84
------------------------------
<Accuracies on Clipart> test class : 37.64
------------------------------
<Accuracies on Product> test class : 67.67
------------------------------
Total epoch time: 262.431

New epoch - lr: 0.003
[1/61 iteration of epoch 40/50] 
 {loss} cls : 1.949, total : 1.949 
 {acc} cls : 46.09
[31/61 iteration of epoch 40/50] 
 {loss} cls : 1.785, total : 1.785 
 {acc} cls : 47.66
[61/61 iteration of epoch 40/50] 
 {loss} cls : 1.743, total : 1.743 
 {acc} cls : 77.34
------------------------------
<Losses on train> cls : 1.249, total : 1.249
<Accuracies on train> cls : 48.04
Train epoch time: 170.889
------------------------------
<Accuracies on val> class : 76.55
------------------------------
<Accuracies on test> class : 52.44
------------------------------
<Accuracies on Art> test class : 47.63
------------------------------
<Accuracies on Clipart> test class : 38.99
------------------------------
<Accuracies on Product> test class : 68.28
------------------------------
Total epoch time: 265.451

New epoch - lr: 0.003
[1/61 iteration of epoch 41/50] 
 {loss} cls : 1.825, total : 1.825 
 {acc} cls : 34.38
[31/61 iteration of epoch 41/50] 
 {loss} cls : 0.638, total : 0.638 
 {acc} cls : 100.00
[61/61 iteration of epoch 41/50] 
 {loss} cls : 1.883, total : 1.883 
 {acc} cls : 39.84
------------------------------
<Losses on train> cls : 1.358, total : 1.358
<Accuracies on train> cls : 50.82
Train epoch time: 167.350
------------------------------
<Accuracies on val> class : 77.70
------------------------------
<Accuracies on test> class : 51.42
------------------------------
<Accuracies on Art> test class : 48.62
------------------------------
<Accuracies on Clipart> test class : 37.53
------------------------------
<Accuracies on Product> test class : 66.61
------------------------------
Total epoch time: 261.122

New epoch - lr: 0.003
[1/61 iteration of epoch 42/50] 
 {loss} cls : 0.844, total : 0.844 
 {acc} cls : 4.69
[31/61 iteration of epoch 42/50] 
 {loss} cls : 1.944, total : 1.944 
 {acc} cls : 32.81
[61/61 iteration of epoch 42/50] 
 {loss} cls : 0.962, total : 0.962 
 {acc} cls : 96.88
------------------------------
<Losses on train> cls : 1.288, total : 1.288
<Accuracies on train> cls : 57.53
Train epoch time: 167.477
------------------------------
<Accuracies on val> class : 77.47
------------------------------
<Accuracies on test> class : 51.39
------------------------------
<Accuracies on Art> test class : 48.78
------------------------------
<Accuracies on Clipart> test class : 37.80
------------------------------
<Accuracies on Product> test class : 66.19
------------------------------
Total epoch time: 260.346

New epoch - lr: 0.003
[1/61 iteration of epoch 43/50] 
 {loss} cls : 1.824, total : 1.824 
 {acc} cls : 45.31
[31/61 iteration of epoch 43/50] 
 {loss} cls : 1.480, total : 1.480 
 {acc} cls : 13.28
[61/61 iteration of epoch 43/50] 
 {loss} cls : 1.485, total : 1.485 
 {acc} cls : 10.94
------------------------------
<Losses on train> cls : 1.388, total : 1.388
<Accuracies on train> cls : 53.94
Train epoch time: 169.983
------------------------------
<Accuracies on val> class : 77.01
------------------------------
<Accuracies on test> class : 49.97
------------------------------
<Accuracies on Art> test class : 47.01
------------------------------
<Accuracies on Clipart> test class : 36.04
------------------------------
<Accuracies on Product> test class : 65.28
------------------------------
Total epoch time: 263.778

New epoch - lr: 0.003
[1/61 iteration of epoch 44/50] 
 {loss} cls : 0.877, total : 0.877 
 {acc} cls : 98.44
[31/61 iteration of epoch 44/50] 
 {loss} cls : 1.789, total : 1.789 
 {acc} cls : 36.72
[61/61 iteration of epoch 44/50] 
 {loss} cls : 1.408, total : 1.408 
 {acc} cls : 13.28
------------------------------
<Losses on train> cls : 1.507, total : 1.507
<Accuracies on train> cls : 54.46
Train epoch time: 173.694
------------------------------
<Accuracies on val> class : 75.40
------------------------------
<Accuracies on test> class : 50.81
------------------------------
<Accuracies on Art> test class : 46.81
------------------------------
<Accuracies on Clipart> test class : 37.92
------------------------------
<Accuracies on Product> test class : 65.69
------------------------------
Total epoch time: 267.144

New epoch - lr: 0.0009000000000000002
[1/61 iteration of epoch 45/50] 
 {loss} cls : 1.752, total : 1.752 
 {acc} cls : 26.56
[31/61 iteration of epoch 45/50] 
 {loss} cls : 1.889, total : 1.889 
 {acc} cls : 59.38
[61/61 iteration of epoch 45/50] 
 {loss} cls : 1.551, total : 1.551 
 {acc} cls : 20.31
------------------------------
<Losses on train> cls : 1.262, total : 1.262
<Accuracies on train> cls : 47.62
Train epoch time: 168.570
------------------------------
<Accuracies on val> class : 79.77
------------------------------
<Accuracies on test> class : 52.41
------------------------------
<Accuracies on Art> test class : 49.44
------------------------------
<Accuracies on Clipart> test class : 38.28
------------------------------
<Accuracies on Product> test class : 67.92
------------------------------
Total epoch time: 262.525

New epoch - lr: 0.0009000000000000002
[1/61 iteration of epoch 46/50] 
 {loss} cls : 0.938, total : 0.938 
 {acc} cls : 96.88
[31/61 iteration of epoch 46/50] 
 {loss} cls : 1.783, total : 1.783 
 {acc} cls : 36.72
[61/61 iteration of epoch 46/50] 
 {loss} cls : 1.807, total : 1.807 
 {acc} cls : 39.84
------------------------------
<Losses on train> cls : 1.421, total : 1.421
<Accuracies on train> cls : 51.17
Train epoch time: 171.122
------------------------------
<Accuracies on val> class : 76.78
------------------------------
<Accuracies on test> class : 51.76
------------------------------
<Accuracies on Art> test class : 47.71
------------------------------
<Accuracies on Clipart> test class : 38.58
------------------------------
<Accuracies on Product> test class : 66.93
------------------------------
Total epoch time: 264.613

New epoch - lr: 0.0009000000000000002
[1/61 iteration of epoch 47/50] 
 {loss} cls : 1.152, total : 1.152 
 {acc} cls : 94.53
[31/61 iteration of epoch 47/50] 
 {loss} cls : 1.699, total : 1.699 
 {acc} cls : 30.47
[61/61 iteration of epoch 47/50] 
 {loss} cls : 1.798, total : 1.798 
 {acc} cls : 60.16
------------------------------
<Losses on train> cls : 1.254, total : 1.254
<Accuracies on train> cls : 51.32
Train epoch time: 169.399
------------------------------
<Accuracies on val> class : 78.39
------------------------------
<Accuracies on test> class : 52.23
------------------------------
<Accuracies on Art> test class : 49.86
------------------------------
<Accuracies on Clipart> test class : 37.80
------------------------------
<Accuracies on Product> test class : 67.72
------------------------------
Total epoch time: 264.204

New epoch - lr: 0.0009000000000000002
[1/61 iteration of epoch 48/50] 
 {loss} cls : 0.216, total : 0.216 
 {acc} cls : 100.00
[31/61 iteration of epoch 48/50] 
 {loss} cls : 1.451, total : 1.451 
 {acc} cls : 89.84
[61/61 iteration of epoch 48/50] 
 {loss} cls : 1.457, total : 1.457 
 {acc} cls : 84.38
------------------------------
<Losses on train> cls : 1.209, total : 1.209
<Accuracies on train> cls : 48.05
Train epoch time: 170.407
------------------------------
<Accuracies on val> class : 79.31
------------------------------
<Accuracies on test> class : 52.77
------------------------------
<Accuracies on Art> test class : 49.94
------------------------------
<Accuracies on Clipart> test class : 38.60
------------------------------
<Accuracies on Product> test class : 68.26
------------------------------
Total epoch time: 266.253

New epoch - lr: 0.0009000000000000002
[1/61 iteration of epoch 49/50] 
 {loss} cls : 0.751, total : 0.751 
 {acc} cls : 3.91
[31/61 iteration of epoch 49/50] 
 {loss} cls : 1.434, total : 1.434 
 {acc} cls : 84.38
[61/61 iteration of epoch 49/50] 
 {loss} cls : 0.612, total : 0.612 
 {acc} cls : 100.00
------------------------------
<Losses on train> cls : 1.186, total : 1.186
<Accuracies on train> cls : 58.12
Train epoch time: 168.684
------------------------------
<Accuracies on val> class : 79.08
------------------------------
<Accuracies on test> class : 52.58
------------------------------
<Accuracies on Art> test class : 49.11
------------------------------
<Accuracies on Clipart> test class : 38.69
------------------------------
<Accuracies on Product> test class : 68.12
------------------------------
Total epoch time: 266.156

New epoch - lr: 0.0009000000000000002
[1/61 iteration of epoch 50/50] 
 {loss} cls : 0.517, total : 0.517 
 {acc} cls : 100.00
[31/61 iteration of epoch 50/50] 
 {loss} cls : 0.692, total : 0.692 
 {acc} cls : 3.12
[61/61 iteration of epoch 50/50] 
 {loss} cls : 1.659, total : 1.659 
 {acc} cls : 63.28
------------------------------
<Losses on train> cls : 1.192, total : 1.192
<Accuracies on train> cls : 41.10
Train epoch time: 171.518
------------------------------
<Accuracies on val> class : 78.62
------------------------------
<Accuracies on test> class : 52.88
------------------------------
<Accuracies on Art> test class : 49.86
------------------------------
<Accuracies on Clipart> test class : 38.92
------------------------------
<Accuracies on Product> test class : 68.26
------------------------------
Total epoch time: 268.142

******************************
Best val 0.8, corresponding test 0.523462 - best test: 0.557386

******************************
Best val 0.800000011920929, corresponding Art test 0.4940255582332611

******************************
Best val 0.800000011920929, corresponding Clipart test 0.38167238235473633

******************************
Best val 0.800000011920929, corresponding Product test 0.6789817810058594
