Include CIRL
WARNING:tensorflow:From /homes/55/jianhaoy/projects/EKI/utils/tf_logger.py:16: The name tf.summary.FileWriter is deprecated. Please use tf.compat.v1.summary.FileWriter instead.

WARNING:tensorflow:From /homes/55/jianhaoy/projects/EKI/utils/tf_logger.py:20: The name tf.Summary is deprecated. Please use tf.compat.v1.Summary instead.


Loading experiment Officehome/ResNet18_multi

Train: ['/datasets/jianhaoy/officehome/multi_label_handcrafted/Real_World-Product/Art_train.txt', '/datasets/jianhaoy/officehome/multi_label_handcrafted/Real_World-Product/Clipart_train.txt', '/datasets/jianhaoy/officehome/multi_label_handcrafted/Real_World-Product/Product_train.txt', '/datasets/jianhaoy/officehome/multi_label_handcrafted/Real_World-Product/Real_World_train.txt']

New epoch - lr: 0.003
[1/245 iteration of epoch 1/50] 
 {loss} sup : 4.332, inf : 4.438, fac : 0.232, total : 4.393 
 {acc} sup : 1.56, inf : 0.78
[31/245 iteration of epoch 1/50] 
 {loss} sup : 2.098, inf : 2.062, fac : 0.110, total : 2.084 
 {acc} sup : 51.17, inf : 53.52
[61/245 iteration of epoch 1/50] 
 {loss} sup : 1.274, inf : 1.293, fac : 0.074, total : 1.286 
 {acc} sup : 68.36, inf : 66.80
[91/245 iteration of epoch 1/50] 
 {loss} sup : 1.065, inf : 1.033, fac : 0.067, total : 1.052 
 {acc} sup : 71.09, inf : 71.88
[121/245 iteration of epoch 1/50] 
 {loss} sup : 0.837, inf : 0.838, fac : 0.047, total : 0.839 
 {acc} sup : 77.73, inf : 78.52
[151/245 iteration of epoch 1/50] 
 {loss} sup : 0.675, inf : 0.676, fac : 0.032, total : 0.676 
 {acc} sup : 81.64, inf : 82.81
[181/245 iteration of epoch 1/50] 
 {loss} sup : 0.600, inf : 0.593, fac : 0.034, total : 0.598 
 {acc} sup : 84.77, inf : 83.98
[211/245 iteration of epoch 1/50] 
 {loss} sup : 0.711, inf : 0.744, fac : 0.030, total : 0.729 
 {acc} sup : 83.20, inf : 82.03
[241/245 iteration of epoch 1/50] 
 {loss} sup : 0.461, inf : 0.470, fac : 0.028, total : 0.467 
 {acc} sup : 85.94, inf : 85.94
------------------------------
<Losses on train> sup : 1.197, inf : 1.193, fac : 0.066, total : 1.197
<Accuracies on train> sup : 70.27, inf : 70.38
Train epoch time: 994.453
------------------------------
<Accuracies on val> class : 63.30
------------------------------
<Accuracies on test> class : 69.11
------------------------------
Total epoch time: 1026.701

New epoch - lr: 0.003
[1/245 iteration of epoch 2/50] 
 {loss} sup : 0.652, inf : 0.653, fac : 0.022, total : 0.657 
 {acc} sup : 81.25, inf : 82.03
[31/245 iteration of epoch 2/50] 
 {loss} sup : 0.680, inf : 0.684, fac : 0.029, total : 0.688 
 {acc} sup : 83.20, inf : 82.03
[61/245 iteration of epoch 2/50] 
 {loss} sup : 0.591, inf : 0.588, fac : 0.033, total : 0.596 
 {acc} sup : 83.20, inf : 83.98
[91/245 iteration of epoch 2/50] 
 {loss} sup : 0.609, inf : 0.612, fac : 0.027, total : 0.616 
 {acc} sup : 82.03, inf : 82.42
[121/245 iteration of epoch 2/50] 
 {loss} sup : 0.435, inf : 0.431, fac : 0.028, total : 0.439 
 {acc} sup : 86.33, inf : 87.11
[151/245 iteration of epoch 2/50] 
 {loss} sup : 0.608, inf : 0.622, fac : 0.026, total : 0.620 
 {acc} sup : 80.86, inf : 80.86
[181/245 iteration of epoch 2/50] 
 {loss} sup : 0.455, inf : 0.445, fac : 0.032, total : 0.457 
 {acc} sup : 88.28, inf : 87.89
[211/245 iteration of epoch 2/50] 
 {loss} sup : 0.567, inf : 0.566, fac : 0.028, total : 0.572 
 {acc} sup : 83.98, inf : 83.20
[241/245 iteration of epoch 2/50] 
 {loss} sup : 0.537, inf : 0.537, fac : 0.027, total : 0.543 
 {acc} sup : 83.98, inf : 83.20
------------------------------
<Losses on train> sup : 0.539, inf : 0.538, fac : 0.026, total : 0.543
<Accuracies on train> sup : 84.82, inf : 84.89
Train epoch time: 982.326
------------------------------
<Accuracies on val> class : 65.30
------------------------------
<Accuracies on test> class : 70.60
------------------------------
Total epoch time: 1013.783

New epoch - lr: 0.003
[1/245 iteration of epoch 3/50] 
 {loss} sup : 0.523, inf : 0.517, fac : 0.032, total : 0.547 
 {acc} sup : 85.16, inf : 86.33
[31/245 iteration of epoch 3/50] 
 {loss} sup : 0.402, inf : 0.392, fac : 0.018, total : 0.412 
 {acc} sup : 86.72, inf : 85.94
[61/245 iteration of epoch 3/50] 
 {loss} sup : 0.389, inf : 0.398, fac : 0.019, total : 0.409 
 {acc} sup : 91.41, inf : 89.84
[91/245 iteration of epoch 3/50] 
 {loss} sup : 0.326, inf : 0.331, fac : 0.016, total : 0.342 
 {acc} sup : 92.97, inf : 92.58
[121/245 iteration of epoch 3/50] 
 {loss} sup : 0.517, inf : 0.503, fac : 0.020, total : 0.527 
 {acc} sup : 85.55, inf : 85.55
[151/245 iteration of epoch 3/50] 
 {loss} sup : 0.366, inf : 0.363, fac : 0.018, total : 0.379 
 {acc} sup : 90.23, inf : 90.23
[181/245 iteration of epoch 3/50] 
 {loss} sup : 0.442, inf : 0.440, fac : 0.020, total : 0.458 
 {acc} sup : 86.72, inf : 86.33
[211/245 iteration of epoch 3/50] 
 {loss} sup : 0.405, inf : 0.402, fac : 0.015, total : 0.416 
 {acc} sup : 87.89, inf : 88.28
[241/245 iteration of epoch 3/50] 
 {loss} sup : 0.412, inf : 0.409, fac : 0.019, total : 0.427 
 {acc} sup : 85.55, inf : 85.94
------------------------------
<Losses on train> sup : 0.406, inf : 0.404, fac : 0.018, total : 0.420
<Accuracies on train> sup : 88.59, inf : 88.65
Train epoch time: 974.478
------------------------------
<Accuracies on val> class : 65.23
------------------------------
<Accuracies on test> class : 71.64
------------------------------
Total epoch time: 1006.410

New epoch - lr: 0.003
[1/245 iteration of epoch 4/50] 
 {loss} sup : 0.358, inf : 0.361, fac : 0.013, total : 0.390 
 {acc} sup : 89.45, inf : 89.84
[31/245 iteration of epoch 4/50] 
 {loss} sup : 0.299, inf : 0.296, fac : 0.014, total : 0.330 
 {acc} sup : 91.80, inf : 91.80
[61/245 iteration of epoch 4/50] 
 {loss} sup : 0.560, inf : 0.569, fac : 0.022, total : 0.614 
 {acc} sup : 85.16, inf : 85.16
[91/245 iteration of epoch 4/50] 
 {loss} sup : 0.199, inf : 0.200, fac : 0.010, total : 0.223 
 {acc} sup : 94.53, inf : 94.14
[121/245 iteration of epoch 4/50] 
 {loss} sup : 0.303, inf : 0.310, fac : 0.012, total : 0.334 
 {acc} sup : 92.97, inf : 92.58
[151/245 iteration of epoch 4/50] 
 {loss} sup : 0.232, inf : 0.235, fac : 0.010, total : 0.255 
 {acc} sup : 93.75, inf : 93.36
[181/245 iteration of epoch 4/50] 
 {loss} sup : 0.299, inf : 0.295, fac : 0.014, total : 0.329 
 {acc} sup : 92.58, inf : 93.36
[211/245 iteration of epoch 4/50] 
 {loss} sup : 0.260, inf : 0.262, fac : 0.015, total : 0.294 
 {acc} sup : 91.80, inf : 91.80
[241/245 iteration of epoch 4/50] 
 {loss} sup : 0.427, inf : 0.431, fac : 0.011, total : 0.454 
 {acc} sup : 87.11, inf : 87.11
------------------------------
<Losses on train> sup : 0.311, inf : 0.310, fac : 0.013, total : 0.339
<Accuracies on train> sup : 91.35, inf : 91.29
Train epoch time: 978.802
------------------------------
<Accuracies on val> class : 64.65
------------------------------
<Accuracies on test> class : 70.85
------------------------------
Total epoch time: 1010.607

New epoch - lr: 0.003
[1/245 iteration of epoch 5/50] 
 {loss} sup : 0.213, inf : 0.213, fac : 0.015, total : 0.275 
 {acc} sup : 95.31, inf : 95.31
[31/245 iteration of epoch 5/50] 
 {loss} sup : 0.204, inf : 0.206, fac : 0.007, total : 0.235 
 {acc} sup : 95.70, inf : 94.14
[61/245 iteration of epoch 5/50] 
 {loss} sup : 0.289, inf : 0.287, fac : 0.008, total : 0.323 
 {acc} sup : 92.97, inf : 92.97
[91/245 iteration of epoch 5/50] 
 {loss} sup : 0.268, inf : 0.252, fac : 0.006, total : 0.283 
 {acc} sup : 92.58, inf : 93.36
[121/245 iteration of epoch 5/50] 
 {loss} sup : 0.325, inf : 0.328, fac : 0.012, total : 0.377 
 {acc} sup : 91.02, inf : 91.02
[151/245 iteration of epoch 5/50] 
 {loss} sup : 0.263, inf : 0.256, fac : 0.008, total : 0.293 
 {acc} sup : 91.41, inf : 91.41
[181/245 iteration of epoch 5/50] 
 {loss} sup : 0.282, inf : 0.287, fac : 0.007, total : 0.313 
 {acc} sup : 92.58, inf : 91.80
[211/245 iteration of epoch 5/50] 
 {loss} sup : 0.294, inf : 0.292, fac : 0.015, total : 0.353 
 {acc} sup : 92.19, inf : 92.58
[241/245 iteration of epoch 5/50] 
 {loss} sup : 0.226, inf : 0.219, fac : 0.007, total : 0.249 
 {acc} sup : 92.97, inf : 93.36
------------------------------
<Losses on train> sup : 0.254, inf : 0.253, fac : 0.009, total : 0.292
<Accuracies on train> sup : 92.93, inf : 92.99
Train epoch time: 980.907
------------------------------
<Accuracies on val> class : 65.30
------------------------------
<Accuracies on test> class : 70.31
------------------------------
Total epoch time: 1012.525

New epoch - lr: 0.003
[1/245 iteration of epoch 6/50] 
 {loss} sup : 0.191, inf : 0.186, fac : 0.011, total : 0.243 
 {acc} sup : 93.75, inf : 93.75
[31/245 iteration of epoch 6/50] 
 {loss} sup : 0.278, inf : 0.284, fac : 0.006, total : 0.313 
 {acc} sup : 94.14, inf : 94.14
[61/245 iteration of epoch 6/50] 
 {loss} sup : 0.196, inf : 0.192, fac : 0.007, total : 0.232 
 {acc} sup : 94.92, inf : 95.31
[91/245 iteration of epoch 6/50] 
 {loss} sup : 0.231, inf : 0.233, fac : 0.007, total : 0.266 
 {acc} sup : 92.97, inf : 92.97
[121/245 iteration of epoch 6/50] 
 {loss} sup : 0.235, inf : 0.240, fac : 0.006, total : 0.267 
 {acc} sup : 94.14, inf : 93.75
[151/245 iteration of epoch 6/50] 
 {loss} sup : 0.290, inf : 0.286, fac : 0.007, total : 0.324 
 {acc} sup : 92.19, inf : 92.19
[181/245 iteration of epoch 6/50] 
 {loss} sup : 0.273, inf : 0.271, fac : 0.006, total : 0.305 
 {acc} sup : 91.02, inf : 91.41
[211/245 iteration of epoch 6/50] 
 {loss} sup : 0.278, inf : 0.280, fac : 0.008, total : 0.318 
 {acc} sup : 93.75, inf : 93.75
[241/245 iteration of epoch 6/50] 
 {loss} sup : 0.240, inf : 0.242, fac : 0.008, total : 0.284 
 {acc} sup : 91.41, inf : 91.41
------------------------------
<Losses on train> sup : 0.207, inf : 0.207, fac : 0.007, total : 0.244
<Accuracies on train> sup : 94.43, inf : 94.39
Train epoch time: 982.851
------------------------------
<Accuracies on val> class : 64.97
------------------------------
<Accuracies on test> class : 70.80
------------------------------
Total epoch time: 1015.363

New epoch - lr: 0.003
[1/245 iteration of epoch 7/50] 
 {loss} sup : 1.003, inf : 0.382, fac : 0.007, total : 0.729 
 {acc} sup : 85.16, inf : 91.80
[31/245 iteration of epoch 7/50] 
 {loss} sup : 0.780, inf : 0.367, fac : 0.006, total : 0.605 
 {acc} sup : 89.06, inf : 91.41
[61/245 iteration of epoch 7/50] 
 {loss} sup : 0.722, inf : 0.305, fac : 0.004, total : 0.534 
 {acc} sup : 88.28, inf : 92.97
[91/245 iteration of epoch 7/50] 
 {loss} sup : 0.743, inf : 0.423, fac : 0.006, total : 0.611 
 {acc} sup : 82.81, inf : 87.89
[121/245 iteration of epoch 7/50] 
 {loss} sup : 0.682, inf : 0.279, fac : 0.004, total : 0.500 
 {acc} sup : 87.11, inf : 92.58
[151/245 iteration of epoch 7/50] 
 {loss} sup : 0.625, inf : 0.347, fac : 0.006, total : 0.516 
 {acc} sup : 89.45, inf : 91.41
[181/245 iteration of epoch 7/50] 
 {loss} sup : 0.581, inf : 0.334, fac : 0.006, total : 0.488 
 {acc} sup : 89.06, inf : 92.58
[211/245 iteration of epoch 7/50] 
 {loss} sup : 0.510, inf : 0.278, fac : 0.005, total : 0.420 
 {acc} sup : 89.45, inf : 92.97
[241/245 iteration of epoch 7/50] 
 {loss} sup : 0.516, inf : 0.295, fac : 0.005, total : 0.430 
 {acc} sup : 89.06, inf : 92.19
------------------------------
<Losses on train> sup : 0.639, inf : 0.307, fac : 0.006, total : 0.503
<Accuracies on train> sup : 88.79, inf : 92.71
Train epoch time: 976.207
------------------------------
<Accuracies on val> class : 65.55
------------------------------
<Accuracies on test> class : 71.53
------------------------------
Total epoch time: 1008.548

New epoch - lr: 0.003
[1/245 iteration of epoch 8/50] 
 {loss} sup : 0.602, inf : 0.303, fac : 0.007, total : 0.486 
 {acc} sup : 87.11, inf : 92.97
[31/245 iteration of epoch 8/50] 
 {loss} sup : 0.464, inf : 0.227, fac : 0.005, total : 0.373 
 {acc} sup : 91.02, inf : 94.53
[61/245 iteration of epoch 8/50] 
 {loss} sup : 0.434, inf : 0.208, fac : 0.005, total : 0.344 
 {acc} sup : 92.19, inf : 94.53
[91/245 iteration of epoch 8/50] 
 {loss} sup : 0.422, inf : 0.268, fac : 0.006, total : 0.375 
 {acc} sup : 90.23, inf : 91.41
[121/245 iteration of epoch 8/50] 
 {loss} sup : 0.392, inf : 0.226, fac : 0.006, total : 0.339 
 {acc} sup : 90.62, inf : 94.14
[151/245 iteration of epoch 8/50] 
 {loss} sup : 0.313, inf : 0.155, fac : 0.005, total : 0.258 
 {acc} sup : 94.92, inf : 96.09
[181/245 iteration of epoch 8/50] 
 {loss} sup : 0.473, inf : 0.240, fac : 0.007, total : 0.389 
 {acc} sup : 88.67, inf : 93.36
[211/245 iteration of epoch 8/50] 
 {loss} sup : 0.417, inf : 0.209, fac : 0.005, total : 0.339 
 {acc} sup : 92.19, inf : 94.92
[241/245 iteration of epoch 8/50] 
 {loss} sup : 0.452, inf : 0.303, fac : 0.005, total : 0.400 
 {acc} sup : 89.84, inf : 91.41
------------------------------
<Losses on train> sup : 0.437, inf : 0.244, fac : 0.006, total : 0.368
<Accuracies on train> sup : 90.75, inf : 93.75
Train epoch time: 976.120
------------------------------
<Accuracies on val> class : 65.68
------------------------------
<Accuracies on test> class : 71.62
------------------------------
Total epoch time: 1008.645

New epoch - lr: 0.003
[1/245 iteration of epoch 9/50] 
 {loss} sup : 0.284, inf : 0.171, fac : 0.007, total : 0.262 
 {acc} sup : 95.70, inf : 95.70
[31/245 iteration of epoch 9/50] 
 {loss} sup : 0.414, inf : 0.213, fac : 0.005, total : 0.340 
 {acc} sup : 91.41, inf : 96.09
[61/245 iteration of epoch 9/50] 
 {loss} sup : 0.389, inf : 0.252, fac : 0.005, total : 0.346 
 {acc} sup : 91.41, inf : 92.19
[91/245 iteration of epoch 9/50] 
 {loss} sup : 0.399, inf : 0.237, fac : 0.006, total : 0.348 
 {acc} sup : 91.41, inf : 94.14
[121/245 iteration of epoch 9/50] 
 {loss} sup : 0.339, inf : 0.206, fac : 0.006, total : 0.301 
 {acc} sup : 91.02, inf : 93.75
[151/245 iteration of epoch 9/50] 
 {loss} sup : 0.385, inf : 0.272, fac : 0.006, total : 0.357 
 {acc} sup : 90.62, inf : 91.80
[181/245 iteration of epoch 9/50] 
 {loss} sup : 0.372, inf : 0.235, fac : 0.003, total : 0.320 
 {acc} sup : 89.45, inf : 94.14
[211/245 iteration of epoch 9/50] 
 {loss} sup : 0.315, inf : 0.207, fac : 0.004, total : 0.282 
 {acc} sup : 93.75, inf : 94.53
[241/245 iteration of epoch 9/50] 
 {loss} sup : 0.350, inf : 0.196, fac : 0.006, total : 0.301 
 {acc} sup : 92.58, inf : 95.31
------------------------------
<Losses on train> sup : 0.361, inf : 0.209, fac : 0.005, total : 0.311
<Accuracies on train> sup : 91.96, inf : 94.48
Train epoch time: 984.887
------------------------------
<Accuracies on val> class : 66.07
------------------------------
<Accuracies on test> class : 71.53
------------------------------
Total epoch time: 1017.088

New epoch - lr: 0.003
[1/245 iteration of epoch 10/50] 
 {loss} sup : 0.266, inf : 0.142, fac : 0.003, total : 0.221 
 {acc} sup : 94.53, inf : 96.48
[31/245 iteration of epoch 10/50] 
 {loss} sup : 0.286, inf : 0.130, fac : 0.003, total : 0.222 
 {acc} sup : 93.36, inf : 96.48
[61/245 iteration of epoch 10/50] 
 {loss} sup : 0.312, inf : 0.174, fac : 0.005, total : 0.269 
 {acc} sup : 93.36, inf : 95.31
[91/245 iteration of epoch 10/50] 
 {loss} sup : 0.389, inf : 0.310, fac : 0.005, total : 0.374 
 {acc} sup : 90.62, inf : 91.02
[121/245 iteration of epoch 10/50] 
 {loss} sup : 0.202, inf : 0.090, fac : 0.004, total : 0.168 
 {acc} sup : 97.27, inf : 98.05
[151/245 iteration of epoch 10/50] 
 {loss} sup : 0.265, inf : 0.177, fac : 0.004, total : 0.241 
 {acc} sup : 94.92, inf : 95.70
[181/245 iteration of epoch 10/50] 
 {loss} sup : 0.345, inf : 0.200, fac : 0.005, total : 0.298 
 {acc} sup : 92.19, inf : 94.92
[211/245 iteration of epoch 10/50] 
 {loss} sup : 0.250, inf : 0.143, fac : 0.004, total : 0.216 
 {acc} sup : 96.48, inf : 97.27
[241/245 iteration of epoch 10/50] 
 {loss} sup : 0.333, inf : 0.190, fac : 0.005, total : 0.287 
 {acc} sup : 92.58, inf : 95.70
------------------------------
<Losses on train> sup : 0.312, inf : 0.179, fac : 0.005, total : 0.270
<Accuracies on train> sup : 93.03, inf : 95.37
Train epoch time: 986.075
------------------------------
<Accuracies on val> class : 65.36
------------------------------
<Accuracies on test> class : 72.09
------------------------------
Total epoch time: 1019.111

New epoch - lr: 0.003
[1/245 iteration of epoch 11/50] 
 {loss} sup : 0.274, inf : 0.108, fac : 0.005, total : 0.214 
 {acc} sup : 95.31, inf : 98.44
[31/245 iteration of epoch 11/50] 
 {loss} sup : 0.325, inf : 0.206, fac : 0.005, total : 0.289 
 {acc} sup : 91.02, inf : 95.70
[61/245 iteration of epoch 11/50] 
 {loss} sup : 0.310, inf : 0.183, fac : 0.005, total : 0.271 
 {acc} sup : 92.97, inf : 94.92
[91/245 iteration of epoch 11/50] 
 {loss} sup : 0.278, inf : 0.168, fac : 0.004, total : 0.243 
 {acc} sup : 92.97, inf : 94.53
[121/245 iteration of epoch 11/50] 
 {loss} sup : 0.322, inf : 0.169, fac : 0.007, total : 0.281 
 {acc} sup : 90.62, inf : 94.92
[151/245 iteration of epoch 11/50] 
 {loss} sup : 0.304, inf : 0.155, fac : 0.004, total : 0.247 
 {acc} sup : 92.19, inf : 96.48
[181/245 iteration of epoch 11/50] 
 {loss} sup : 0.287, inf : 0.146, fac : 0.005, total : 0.243 
 {acc} sup : 94.53, inf : 96.48
[211/245 iteration of epoch 11/50] 
 {loss} sup : 0.287, inf : 0.168, fac : 0.005, total : 0.250 
 {acc} sup : 93.75, inf : 96.48
[241/245 iteration of epoch 11/50] 
 {loss} sup : 0.297, inf : 0.133, fac : 0.004, total : 0.233 
 {acc} sup : 93.75, inf : 98.05
------------------------------
<Losses on train> sup : 0.276, inf : 0.159, fac : 0.005, total : 0.241
<Accuracies on train> sup : 93.95, inf : 96.05
Train epoch time: 968.564
------------------------------
<Accuracies on val> class : 65.55
------------------------------
<Accuracies on test> class : 71.91
------------------------------
Total epoch time: 1000.829

New epoch - lr: 0.003
[1/245 iteration of epoch 12/50] 
 {loss} sup : 0.168, inf : 0.114, fac : 0.004, total : 0.160 
 {acc} sup : 97.66, inf : 97.27
[31/245 iteration of epoch 12/50] 
 {loss} sup : 0.281, inf : 0.143, fac : 0.004, total : 0.233 
 {acc} sup : 92.58, inf : 97.66
[61/245 iteration of epoch 12/50] 
 {loss} sup : 0.198, inf : 0.086, fac : 0.002, total : 0.155 
 {acc} sup : 96.09, inf : 97.27
[91/245 iteration of epoch 12/50] 
 {loss} sup : 0.184, inf : 0.072, fac : 0.003, total : 0.142 
 {acc} sup : 97.66, inf : 98.83
[121/245 iteration of epoch 12/50] 
 {loss} sup : 0.238, inf : 0.128, fac : 0.003, total : 0.196 
 {acc} sup : 95.70, inf : 96.48
[151/245 iteration of epoch 12/50] 
 {loss} sup : 0.214, inf : 0.115, fac : 0.003, total : 0.181 
 {acc} sup : 96.48, inf : 96.88
[181/245 iteration of epoch 12/50] 
 {loss} sup : 0.308, inf : 0.215, fac : 0.007, total : 0.295 
 {acc} sup : 93.36, inf : 94.14
[211/245 iteration of epoch 12/50] 
 {loss} sup : 0.222, inf : 0.094, fac : 0.004, total : 0.176 
 {acc} sup : 94.92, inf : 97.66
[241/245 iteration of epoch 12/50] 
 {loss} sup : 0.286, inf : 0.175, fac : 0.004, total : 0.253 
 {acc} sup : 92.97, inf : 94.14
------------------------------
<Losses on train> sup : 0.247, inf : 0.141, fac : 0.004, total : 0.216
<Accuracies on train> sup : 94.51, inf : 96.49
Train epoch time: 986.558
------------------------------
<Accuracies on val> class : 65.55
------------------------------
<Accuracies on test> class : 71.91
------------------------------
Total epoch time: 1017.326

New epoch - lr: 0.003
[1/245 iteration of epoch 13/50] 
 {loss} sup : 0.188, inf : 0.095, fac : 0.004, total : 0.162 
 {acc} sup : 96.09, inf : 98.05
[31/245 iteration of epoch 13/50] 
 {loss} sup : 0.196, inf : 0.112, fac : 0.003, total : 0.170 
 {acc} sup : 96.09, inf : 97.27
[61/245 iteration of epoch 13/50] 
 {loss} sup : 0.272, inf : 0.142, fac : 0.004, total : 0.226 
 {acc} sup : 93.36, inf : 96.09
[91/245 iteration of epoch 13/50] 
 {loss} sup : 0.210, inf : 0.120, fac : 0.003, total : 0.183 
 {acc} sup : 96.09, inf : 98.44
[121/245 iteration of epoch 13/50] 
 {loss} sup : 0.276, inf : 0.142, fac : 0.006, total : 0.238 
 {acc} sup : 91.02, inf : 96.48
[151/245 iteration of epoch 13/50] 
 {loss} sup : 0.210, inf : 0.133, fac : 0.006, total : 0.201 
 {acc} sup : 95.70, inf : 96.48
[181/245 iteration of epoch 13/50] 
 {loss} sup : 0.189, inf : 0.117, fac : 0.004, total : 0.172 
 {acc} sup : 96.48, inf : 97.27
[211/245 iteration of epoch 13/50] 
 {loss} sup : 0.234, inf : 0.127, fac : 0.004, total : 0.202 
 {acc} sup : 94.53, inf : 96.09
[241/245 iteration of epoch 13/50] 
 {loss} sup : 0.167, inf : 0.108, fac : 0.003, total : 0.153 
 {acc} sup : 96.48, inf : 96.88
------------------------------
<Losses on train> sup : 0.230, inf : 0.130, fac : 0.004, total : 0.202
<Accuracies on train> sup : 94.99, inf : 96.76
Train epoch time: 982.905
------------------------------
<Accuracies on val> class : 66.00
------------------------------
<Accuracies on test> class : 71.75
------------------------------
Total epoch time: 1014.499

New epoch - lr: 0.003
[1/245 iteration of epoch 14/50] 
 {loss} sup : 0.118, inf : 0.075, fac : 0.003, total : 0.114 
 {acc} sup : 98.05, inf : 98.44
[31/245 iteration of epoch 14/50] 
 {loss} sup : 0.266, inf : 0.209, fac : 0.004, total : 0.257 
 {acc} sup : 92.97, inf : 94.92
[61/245 iteration of epoch 14/50] 
 {loss} sup : 0.186, inf : 0.098, fac : 0.002, total : 0.154 
 {acc} sup : 95.70, inf : 97.27
[91/245 iteration of epoch 14/50] 
 {loss} sup : 0.163, inf : 0.089, fac : 0.003, total : 0.142 
 {acc} sup : 96.48, inf : 98.44
[121/245 iteration of epoch 14/50] 
 {loss} sup : 0.256, inf : 0.155, fac : 0.005, total : 0.230 
 {acc} sup : 92.19, inf : 94.53
[151/245 iteration of epoch 14/50] 
 {loss} sup : 0.157, inf : 0.077, fac : 0.003, total : 0.130 
 {acc} sup : 96.48, inf : 99.22
[181/245 iteration of epoch 14/50] 
 {loss} sup : 0.186, inf : 0.131, fac : 0.005, total : 0.185 
 {acc} sup : 97.27, inf : 95.70
[211/245 iteration of epoch 14/50] 
 {loss} sup : 0.204, inf : 0.140, fac : 0.003, total : 0.189 
 {acc} sup : 95.70, inf : 95.70
[241/245 iteration of epoch 14/50] 
 {loss} sup : 0.181, inf : 0.095, fac : 0.003, total : 0.155 
 {acc} sup : 95.31, inf : 98.05
------------------------------
<Losses on train> sup : 0.203, inf : 0.117, fac : 0.004, total : 0.180
<Accuracies on train> sup : 95.77, inf : 97.23
Train epoch time: 975.602
------------------------------
<Accuracies on val> class : 64.97
------------------------------
<Accuracies on test> class : 71.50
------------------------------
Total epoch time: 1008.339

New epoch - lr: 0.003
[1/245 iteration of epoch 15/50] 
 {loss} sup : 0.265, inf : 0.120, fac : 0.003, total : 0.208 
 {acc} sup : 93.36, inf : 97.27
[31/245 iteration of epoch 15/50] 
 {loss} sup : 0.186, inf : 0.110, fac : 0.005, total : 0.171 
 {acc} sup : 95.70, inf : 98.05
[61/245 iteration of epoch 15/50] 
 {loss} sup : 0.183, inf : 0.083, fac : 0.004, total : 0.153 
 {acc} sup : 94.92, inf : 98.83
[91/245 iteration of epoch 15/50] 
 {loss} sup : 0.173, inf : 0.094, fac : 0.003, total : 0.149 
 {acc} sup : 96.48, inf : 98.05
[121/245 iteration of epoch 15/50] 
 {loss} sup : 0.212, inf : 0.140, fac : 0.005, total : 0.200 
 {acc} sup : 96.48, inf : 97.27
[151/245 iteration of epoch 15/50] 
 {loss} sup : 0.222, inf : 0.162, fac : 0.005, total : 0.217 
 {acc} sup : 96.09, inf : 96.48
[181/245 iteration of epoch 15/50] 
 {loss} sup : 0.165, inf : 0.083, fac : 0.003, total : 0.140 
 {acc} sup : 97.27, inf : 98.05
[211/245 iteration of epoch 15/50] 
 {loss} sup : 0.220, inf : 0.122, fac : 0.004, total : 0.191 
 {acc} sup : 96.09, inf : 96.48
[241/245 iteration of epoch 15/50] 
 {loss} sup : 0.194, inf : 0.095, fac : 0.005, total : 0.168 
 {acc} sup : 96.09, inf : 98.44
------------------------------
<Losses on train> sup : 0.189, inf : 0.107, fac : 0.004, total : 0.168
<Accuracies on train> sup : 96.07, inf : 97.43
Train epoch time: 973.188
------------------------------
<Accuracies on val> class : 65.81
------------------------------
<Accuracies on test> class : 71.98
------------------------------
Total epoch time: 1005.436

New epoch - lr: 0.003
[1/245 iteration of epoch 16/50] 
 {loss} sup : 0.143, inf : 0.064, fac : 0.004, total : 0.123 
 {acc} sup : 96.88, inf : 99.61
[31/245 iteration of epoch 16/50] 
 {loss} sup : 0.232, inf : 0.139, fac : 0.006, total : 0.216 
 {acc} sup : 93.36, inf : 97.27
[61/245 iteration of epoch 16/50] 
 {loss} sup : 0.190, inf : 0.112, fac : 0.004, total : 0.172 
 {acc} sup : 94.92, inf : 96.88
[91/245 iteration of epoch 16/50] 
 {loss} sup : 0.124, inf : 0.071, fac : 0.003, total : 0.111 
 {acc} sup : 97.27, inf : 98.05
[121/245 iteration of epoch 16/50] 
 {loss} sup : 0.143, inf : 0.092, fac : 0.002, total : 0.129 
 {acc} sup : 97.66, inf : 97.66
[151/245 iteration of epoch 16/50] 
 {loss} sup : 0.212, inf : 0.135, fac : 0.006, total : 0.202 
 {acc} sup : 96.09, inf : 95.70
[181/245 iteration of epoch 16/50] 
 {loss} sup : 0.168, inf : 0.107, fac : 0.003, total : 0.155 
 {acc} sup : 96.09, inf : 97.66
[211/245 iteration of epoch 16/50] 
 {loss} sup : 0.183, inf : 0.116, fac : 0.003, total : 0.166 
 {acc} sup : 94.14, inf : 96.48
[241/245 iteration of epoch 16/50] 
 {loss} sup : 0.230, inf : 0.140, fac : 0.005, total : 0.208 
 {acc} sup : 94.14, inf : 96.09
------------------------------
<Losses on train> sup : 0.175, inf : 0.096, fac : 0.004, total : 0.155
<Accuracies on train> sup : 96.40, inf : 97.82
Train epoch time: 972.166
------------------------------
<Accuracies on val> class : 65.55
------------------------------
<Accuracies on test> class : 71.34
------------------------------
Total epoch time: 1004.613

New epoch - lr: 0.003
[1/245 iteration of epoch 17/50] 
 {loss} sup : 0.116, inf : 0.063, fac : 0.003, total : 0.105 
 {acc} sup : 98.83, inf : 99.22
[31/245 iteration of epoch 17/50] 
 {loss} sup : 0.128, inf : 0.082, fac : 0.003, total : 0.119 
 {acc} sup : 98.05, inf : 98.05
[61/245 iteration of epoch 17/50] 
 {loss} sup : 0.157, inf : 0.148, fac : 0.004, total : 0.173 
 {acc} sup : 96.88, inf : 96.09
[91/245 iteration of epoch 17/50] 
 {loss} sup : 0.137, inf : 0.096, fac : 0.004, total : 0.136 
 {acc} sup : 98.83, inf : 97.66
[121/245 iteration of epoch 17/50] 
 {loss} sup : 0.190, inf : 0.115, fac : 0.008, total : 0.192 
 {acc} sup : 96.09, inf : 96.88
[151/245 iteration of epoch 17/50] 
 {loss} sup : 0.118, inf : 0.076, fac : 0.004, total : 0.115 
 {acc} sup : 98.83, inf : 98.05
[181/245 iteration of epoch 17/50] 
 {loss} sup : 0.167, inf : 0.111, fac : 0.005, total : 0.163 
 {acc} sup : 96.48, inf : 97.27
[211/245 iteration of epoch 17/50] 
 {loss} sup : 0.223, inf : 0.121, fac : 0.005, total : 0.197 
 {acc} sup : 94.14, inf : 97.27
[241/245 iteration of epoch 17/50] 
 {loss} sup : 0.218, inf : 0.154, fac : 0.005, total : 0.209 
 {acc} sup : 94.92, inf : 96.88
------------------------------
<Losses on train> sup : 0.164, inf : 0.095, fac : 0.004, total : 0.148
<Accuracies on train> sup : 96.74, inf : 97.82
Train epoch time: 976.125
------------------------------
<Accuracies on val> class : 65.10
------------------------------
<Accuracies on test> class : 71.16
------------------------------
Total epoch time: 1008.690

New epoch - lr: 0.003
[1/245 iteration of epoch 18/50] 
 {loss} sup : 0.185, inf : 0.110, fac : 0.004, total : 0.166 
 {acc} sup : 96.09, inf : 97.27
[31/245 iteration of epoch 18/50] 
 {loss} sup : 0.220, inf : 0.158, fac : 0.004, total : 0.211 
 {acc} sup : 94.92, inf : 95.70
[61/245 iteration of epoch 18/50] 
 {loss} sup : 0.134, inf : 0.064, fac : 0.003, total : 0.116 
 {acc} sup : 97.66, inf : 99.22
[91/245 iteration of epoch 18/50] 
 {loss} sup : 0.128, inf : 0.079, fac : 0.002, total : 0.113 
 {acc} sup : 97.27, inf : 98.05
[121/245 iteration of epoch 18/50] 
 {loss} sup : 0.141, inf : 0.103, fac : 0.003, total : 0.138 
 {acc} sup : 96.09, inf : 97.27
[151/245 iteration of epoch 18/50] 
 {loss} sup : 0.161, inf : 0.073, fac : 0.002, total : 0.126 
 {acc} sup : 96.48, inf : 98.83
[181/245 iteration of epoch 18/50] 
 {loss} sup : 0.176, inf : 0.104, fac : 0.004, total : 0.158 
 {acc} sup : 96.88, inf : 97.66
[211/245 iteration of epoch 18/50] 
 {loss} sup : 0.193, inf : 0.081, fac : 0.004, total : 0.157 
 {acc} sup : 96.09, inf : 97.66
[241/245 iteration of epoch 18/50] 
 {loss} sup : 0.245, inf : 0.133, fac : 0.004, total : 0.210 
 {acc} sup : 94.14, inf : 96.88
------------------------------
<Losses on train> sup : 0.156, inf : 0.087, fac : 0.004, total : 0.139
<Accuracies on train> sup : 96.79, inf : 97.95
Train epoch time: 975.161
------------------------------
<Accuracies on val> class : 64.72
------------------------------
<Accuracies on test> class : 71.53
------------------------------
Total epoch time: 1007.373

New epoch - lr: 0.003
[1/245 iteration of epoch 19/50] 
 {loss} sup : 0.205, inf : 0.108, fac : 0.004, total : 0.175 
 {acc} sup : 94.92, inf : 97.66
[31/245 iteration of epoch 19/50] 
 {loss} sup : 0.141, inf : 0.072, fac : 0.004, total : 0.126 
 {acc} sup : 96.88, inf : 99.22
[61/245 iteration of epoch 19/50] 
 {loss} sup : 0.153, inf : 0.073, fac : 0.004, total : 0.135 
 {acc} sup : 97.66, inf : 98.83
[91/245 iteration of epoch 19/50] 
 {loss} sup : 0.142, inf : 0.082, fac : 0.005, total : 0.139 
 {acc} sup : 96.88, inf : 98.05
[121/245 iteration of epoch 19/50] 
 {loss} sup : 0.141, inf : 0.058, fac : 0.002, total : 0.111 
 {acc} sup : 97.66, inf : 99.22
[151/245 iteration of epoch 19/50] 
 {loss} sup : 0.155, inf : 0.098, fac : 0.003, total : 0.141 
 {acc} sup : 96.09, inf : 96.88
[181/245 iteration of epoch 19/50] 
 {loss} sup : 0.162, inf : 0.101, fac : 0.005, total : 0.155 
 {acc} sup : 96.09, inf : 97.66
[211/245 iteration of epoch 19/50] 
 {loss} sup : 0.121, inf : 0.062, fac : 0.004, total : 0.110 
 {acc} sup : 98.44, inf : 98.44
[241/245 iteration of epoch 19/50] 
 {loss} sup : 0.134, inf : 0.073, fac : 0.004, total : 0.124 
 {acc} sup : 98.44, inf : 99.22
------------------------------
<Losses on train> sup : 0.147, inf : 0.082, fac : 0.003, total : 0.132
<Accuracies on train> sup : 97.20, inf : 98.19
Train epoch time: 981.798
------------------------------
<Accuracies on val> class : 65.55
------------------------------
<Accuracies on test> class : 71.48
------------------------------
Total epoch time: 1012.803

New epoch - lr: 0.003
[1/245 iteration of epoch 20/50] 
 {loss} sup : 0.139, inf : 0.074, fac : 0.003, total : 0.120 
 {acc} sup : 98.05, inf : 98.05
[31/245 iteration of epoch 20/50] 
 {loss} sup : 0.122, inf : 0.063, fac : 0.003, total : 0.110 
 {acc} sup : 98.05, inf : 98.44
[61/245 iteration of epoch 20/50] 
 {loss} sup : 0.094, inf : 0.055, fac : 0.002, total : 0.087 
 {acc} sup : 98.44, inf : 99.22
[91/245 iteration of epoch 20/50] 
 {loss} sup : 0.139, inf : 0.101, fac : 0.004, total : 0.138 
 {acc} sup : 98.83, inf : 98.05
[121/245 iteration of epoch 20/50] 
 {loss} sup : 0.117, inf : 0.054, fac : 0.002, total : 0.096 
 {acc} sup : 96.88, inf : 97.27
[151/245 iteration of epoch 20/50] 
 {loss} sup : 0.112, inf : 0.053, fac : 0.003, total : 0.098 
 {acc} sup : 98.83, inf : 99.22
[181/245 iteration of epoch 20/50] 
 {loss} sup : 0.129, inf : 0.081, fac : 0.005, total : 0.132 
 {acc} sup : 98.05, inf : 98.05
[211/245 iteration of epoch 20/50] 
 {loss} sup : 0.209, inf : 0.153, fac : 0.005, total : 0.205 
 {acc} sup : 95.31, inf : 96.48
[241/245 iteration of epoch 20/50] 
 {loss} sup : 0.156, inf : 0.100, fac : 0.003, total : 0.142 
 {acc} sup : 97.27, inf : 97.27
------------------------------
<Losses on train> sup : 0.135, inf : 0.073, fac : 0.003, total : 0.120
<Accuracies on train> sup : 97.44, inf : 98.38
Train epoch time: 984.911
------------------------------
<Accuracies on val> class : 64.78
------------------------------
<Accuracies on test> class : 71.23
------------------------------
Total epoch time: 1014.573

New epoch - lr: 0.003
[1/245 iteration of epoch 21/50] 
 {loss} sup : 0.129, inf : 0.065, fac : 0.003, total : 0.112 
 {acc} sup : 96.88, inf : 98.83
[31/245 iteration of epoch 21/50] 
 {loss} sup : 0.121, inf : 0.080, fac : 0.003, total : 0.116 
 {acc} sup : 96.88, inf : 97.66
[61/245 iteration of epoch 21/50] 
 {loss} sup : 0.144, inf : 0.104, fac : 0.003, total : 0.139 
 {acc} sup : 96.88, inf : 96.88
[91/245 iteration of epoch 21/50] 
 {loss} sup : 0.094, inf : 0.051, fac : 0.003, total : 0.089 
 {acc} sup : 98.44, inf : 99.61
[121/245 iteration of epoch 21/50] 
 {loss} sup : 0.092, inf : 0.057, fac : 0.003, total : 0.088 
 {acc} sup : 98.44, inf : 100.00
[151/245 iteration of epoch 21/50] 
 {loss} sup : 0.145, inf : 0.114, fac : 0.005, total : 0.154 
 {acc} sup : 96.88, inf : 96.88
[181/245 iteration of epoch 21/50] 
 {loss} sup : 0.105, inf : 0.067, fac : 0.002, total : 0.097 
 {acc} sup : 98.83, inf : 98.44
[211/245 iteration of epoch 21/50] 
 {loss} sup : 0.146, inf : 0.093, fac : 0.003, total : 0.135 
 {acc} sup : 96.88, inf : 98.05
[241/245 iteration of epoch 21/50] 
 {loss} sup : 0.139, inf : 0.067, fac : 0.003, total : 0.120 
 {acc} sup : 98.05, inf : 98.83
------------------------------
<Losses on train> sup : 0.126, inf : 0.069, fac : 0.003, total : 0.113
<Accuracies on train> sup : 97.73, inf : 98.53
Train epoch time: 930.734
------------------------------
<Accuracies on val> class : 64.59
------------------------------
<Accuracies on test> class : 71.50
------------------------------
Total epoch time: 960.329

New epoch - lr: 0.003
[1/245 iteration of epoch 22/50] 
 {loss} sup : 0.106, inf : 0.045, fac : 0.003, total : 0.088 
 {acc} sup : 98.44, inf : 99.22
[31/245 iteration of epoch 22/50] 
 {loss} sup : 0.109, inf : 0.060, fac : 0.005, total : 0.109 
 {acc} sup : 97.66, inf : 99.22
[61/245 iteration of epoch 22/50] 
 {loss} sup : 0.188, inf : 0.119, fac : 0.004, total : 0.174 
 {acc} sup : 95.70, inf : 96.88
[91/245 iteration of epoch 22/50] 
 {loss} sup : 0.122, inf : 0.065, fac : 0.004, total : 0.116 
 {acc} sup : 96.88, inf : 98.05
[121/245 iteration of epoch 22/50] 
 {loss} sup : 0.131, inf : 0.072, fac : 0.003, total : 0.116 
 {acc} sup : 96.48, inf : 98.44
[151/245 iteration of epoch 22/50] 
 {loss} sup : 0.089, inf : 0.056, fac : 0.002, total : 0.084 
 {acc} sup : 98.44, inf : 98.05
[181/245 iteration of epoch 22/50] 
 {loss} sup : 0.110, inf : 0.050, fac : 0.003, total : 0.095 
 {acc} sup : 97.66, inf : 98.44
[211/245 iteration of epoch 22/50] 
 {loss} sup : 0.084, inf : 0.066, fac : 0.002, total : 0.086 
 {acc} sup : 99.22, inf : 98.83
[241/245 iteration of epoch 22/50] 
 {loss} sup : 0.120, inf : 0.062, fac : 0.002, total : 0.103 
 {acc} sup : 98.44, inf : 98.83
------------------------------
<Losses on train> sup : 0.123, inf : 0.068, fac : 0.003, total : 0.111
<Accuracies on train> sup : 97.78, inf : 98.50
Train epoch time: 901.904
------------------------------
<Accuracies on val> class : 65.55
------------------------------
<Accuracies on test> class : 71.73
------------------------------
Total epoch time: 931.306

New epoch - lr: 0.003
[1/245 iteration of epoch 23/50] 
 {loss} sup : 0.122, inf : 0.034, fac : 0.004, total : 0.098 
 {acc} sup : 98.83, inf : 99.61
[31/245 iteration of epoch 23/50] 
 {loss} sup : 0.111, inf : 0.065, fac : 0.004, total : 0.109 
 {acc} sup : 98.83, inf : 98.44
[61/245 iteration of epoch 23/50] 
 {loss} sup : 0.092, inf : 0.024, fac : 0.003, total : 0.073 
 {acc} sup : 98.44, inf : 100.00
[91/245 iteration of epoch 23/50] 
 {loss} sup : 0.155, inf : 0.091, fac : 0.003, total : 0.139 
 {acc} sup : 97.27, inf : 98.05
[121/245 iteration of epoch 23/50] 
 {loss} sup : 0.125, inf : 0.049, fac : 0.004, total : 0.105 
 {acc} sup : 98.05, inf : 98.83
[151/245 iteration of epoch 23/50] 
 {loss} sup : 0.157, inf : 0.074, fac : 0.003, total : 0.130 
 {acc} sup : 96.88, inf : 98.44
[181/245 iteration of epoch 23/50] 
 {loss} sup : 0.163, inf : 0.070, fac : 0.004, total : 0.135 
 {acc} sup : 97.27, inf : 97.66
[211/245 iteration of epoch 23/50] 
 {loss} sup : 0.108, inf : 0.059, fac : 0.003, total : 0.097 
 {acc} sup : 98.05, inf : 99.22
[241/245 iteration of epoch 23/50] 
 {loss} sup : 0.104, inf : 0.080, fac : 0.002, total : 0.103 
 {acc} sup : 97.66, inf : 97.27
------------------------------
<Losses on train> sup : 0.116, inf : 0.064, fac : 0.003, total : 0.105
<Accuracies on train> sup : 98.00, inf : 98.63
Train epoch time: 902.759
------------------------------
<Accuracies on val> class : 64.33
------------------------------
<Accuracies on test> class : 71.39
------------------------------
Total epoch time: 932.369

New epoch - lr: 0.003
[1/245 iteration of epoch 24/50] 
 {loss} sup : 0.101, inf : 0.053, fac : 0.003, total : 0.093 
 {acc} sup : 98.05, inf : 98.44
[31/245 iteration of epoch 24/50] 
 {loss} sup : 0.126, inf : 0.063, fac : 0.004, total : 0.114 
 {acc} sup : 96.48, inf : 98.05
[61/245 iteration of epoch 24/50] 
 {loss} sup : 0.149, inf : 0.089, fac : 0.003, total : 0.133 
 {acc} sup : 98.44, inf : 98.44
[91/245 iteration of epoch 24/50] 
 {loss} sup : 0.085, inf : 0.043, fac : 0.002, total : 0.076 
 {acc} sup : 98.83, inf : 99.22
[121/245 iteration of epoch 24/50] 
 {loss} sup : 0.156, inf : 0.090, fac : 0.003, total : 0.140 
 {acc} sup : 96.09, inf : 97.66
[151/245 iteration of epoch 24/50] 
 {loss} sup : 0.155, inf : 0.060, fac : 0.002, total : 0.118 
 {acc} sup : 97.27, inf : 99.22
[181/245 iteration of epoch 24/50] 
 {loss} sup : 0.065, inf : 0.028, fac : 0.002, total : 0.055 
 {acc} sup : 99.61, inf : 99.61
[211/245 iteration of epoch 24/50] 
 {loss} sup : 0.152, inf : 0.083, fac : 0.004, total : 0.135 
 {acc} sup : 95.70, inf : 98.44
[241/245 iteration of epoch 24/50] 
 {loss} sup : 0.114, inf : 0.066, fac : 0.002, total : 0.102 
 {acc} sup : 96.88, inf : 98.44
------------------------------
<Losses on train> sup : 0.111, inf : 0.061, fac : 0.003, total : 0.101
<Accuracies on train> sup : 98.03, inf : 98.69
Train epoch time: 928.160
------------------------------
<Accuracies on val> class : 65.17
------------------------------
<Accuracies on test> class : 71.41
------------------------------
Total epoch time: 957.132

New epoch - lr: 0.003
[1/245 iteration of epoch 25/50] 
 {loss} sup : 0.082, inf : 0.046, fac : 0.002, total : 0.076 
 {acc} sup : 98.83, inf : 99.22
[31/245 iteration of epoch 25/50] 
 {loss} sup : 0.087, inf : 0.069, fac : 0.003, total : 0.093 
 {acc} sup : 98.44, inf : 99.22
[61/245 iteration of epoch 25/50] 
 {loss} sup : 0.142, inf : 0.063, fac : 0.004, total : 0.120 
 {acc} sup : 96.88, inf : 98.83
[91/245 iteration of epoch 25/50] 
 {loss} sup : 0.066, inf : 0.048, fac : 0.003, total : 0.074 
 {acc} sup : 99.61, inf : 98.83
[121/245 iteration of epoch 25/50] 
 {loss} sup : 0.061, inf : 0.036, fac : 0.002, total : 0.060 
 {acc} sup : 99.22, inf : 99.61
[151/245 iteration of epoch 25/50] 
 {loss} sup : 0.078, inf : 0.026, fac : 0.002, total : 0.063 
 {acc} sup : 98.83, inf : 99.22
[181/245 iteration of epoch 25/50] 
 {loss} sup : 0.125, inf : 0.068, fac : 0.004, total : 0.116 
 {acc} sup : 97.66, inf : 98.44
[211/245 iteration of epoch 25/50] 
 {loss} sup : 0.121, inf : 0.073, fac : 0.002, total : 0.109 
 {acc} sup : 98.44, inf : 97.66
[241/245 iteration of epoch 25/50] 
 {loss} sup : 0.123, inf : 0.053, fac : 0.005, total : 0.113 
 {acc} sup : 98.05, inf : 98.83
------------------------------
<Losses on train> sup : 0.105, inf : 0.058, fac : 0.003, total : 0.096
<Accuracies on train> sup : 98.18, inf : 98.71
Train epoch time: 902.436
------------------------------
<Accuracies on val> class : 64.40
------------------------------
<Accuracies on test> class : 71.59
------------------------------
Total epoch time: 931.060

New epoch - lr: 0.003
[1/245 iteration of epoch 26/50] 
 {loss} sup : 0.093, inf : 0.055, fac : 0.003, total : 0.087 
 {acc} sup : 99.61, inf : 98.44
[31/245 iteration of epoch 26/50] 
 {loss} sup : 0.123, inf : 0.082, fac : 0.003, total : 0.117 
 {acc} sup : 96.88, inf : 98.05
[61/245 iteration of epoch 26/50] 
 {loss} sup : 0.114, inf : 0.038, fac : 0.002, total : 0.085 
 {acc} sup : 97.66, inf : 100.00
[91/245 iteration of epoch 26/50] 
 {loss} sup : 0.140, inf : 0.077, fac : 0.003, total : 0.124 
 {acc} sup : 97.27, inf : 98.44
[121/245 iteration of epoch 26/50] 
 {loss} sup : 0.130, inf : 0.057, fac : 0.004, total : 0.112 
 {acc} sup : 98.44, inf : 98.83
[151/245 iteration of epoch 26/50] 
 {loss} sup : 0.112, inf : 0.049, fac : 0.003, total : 0.096 
 {acc} sup : 97.66, inf : 98.83
[181/245 iteration of epoch 26/50] 
 {loss} sup : 0.099, inf : 0.039, fac : 0.003, total : 0.082 
 {acc} sup : 98.05, inf : 98.83
[211/245 iteration of epoch 26/50] 
 {loss} sup : 0.102, inf : 0.047, fac : 0.003, total : 0.089 
 {acc} sup : 98.05, inf : 99.22
[241/245 iteration of epoch 26/50] 
 {loss} sup : 0.153, inf : 0.068, fac : 0.004, total : 0.131 
 {acc} sup : 96.88, inf : 98.83
------------------------------
<Losses on train> sup : 0.105, inf : 0.058, fac : 0.003, total : 0.095
<Accuracies on train> sup : 98.24, inf : 98.83
Train epoch time: 912.962
------------------------------
<Accuracies on val> class : 64.91
------------------------------
<Accuracies on test> class : 71.25
------------------------------
Total epoch time: 942.000

New epoch - lr: 0.003
[1/245 iteration of epoch 27/50] 
 {loss} sup : 0.099, inf : 0.058, fac : 0.004, total : 0.098 
 {acc} sup : 97.66, inf : 99.61
[31/245 iteration of epoch 27/50] 
 {loss} sup : 0.097, inf : 0.063, fac : 0.003, total : 0.096 
 {acc} sup : 97.27, inf : 98.83
[61/245 iteration of epoch 27/50] 
 {loss} sup : 0.079, inf : 0.030, fac : 0.002, total : 0.066 
 {acc} sup : 98.44, inf : 99.61
[91/245 iteration of epoch 27/50] 
 {loss} sup : 0.098, inf : 0.065, fac : 0.003, total : 0.098 
 {acc} sup : 98.83, inf : 98.44
[121/245 iteration of epoch 27/50] 
 {loss} sup : 0.053, inf : 0.027, fac : 0.002, total : 0.049 
 {acc} sup : 100.00, inf : 99.61
[151/245 iteration of epoch 27/50] 
 {loss} sup : 0.067, inf : 0.026, fac : 0.002, total : 0.055 
 {acc} sup : 99.61, inf : 100.00
[181/245 iteration of epoch 27/50] 
 {loss} sup : 0.098, inf : 0.043, fac : 0.001, total : 0.077 
 {acc} sup : 98.05, inf : 99.22
[211/245 iteration of epoch 27/50] 
 {loss} sup : 0.123, inf : 0.065, fac : 0.003, total : 0.108 
 {acc} sup : 97.66, inf : 98.05
[241/245 iteration of epoch 27/50] 
 {loss} sup : 0.084, inf : 0.066, fac : 0.003, total : 0.088 
 {acc} sup : 98.83, inf : 98.44
------------------------------
<Losses on train> sup : 0.100, inf : 0.056, fac : 0.003, total : 0.092
<Accuracies on train> sup : 98.37, inf : 98.86
Train epoch time: 912.825
------------------------------
<Accuracies on val> class : 64.78
------------------------------
<Accuracies on test> class : 71.21
------------------------------
Total epoch time: 941.261

New epoch - lr: 0.003
[1/245 iteration of epoch 28/50] 
 {loss} sup : 0.101, inf : 0.064, fac : 0.002, total : 0.094 
 {acc} sup : 98.05, inf : 98.83
[31/245 iteration of epoch 28/50] 
 {loss} sup : 0.095, inf : 0.038, fac : 0.004, total : 0.084 
 {acc} sup : 98.44, inf : 99.22
[61/245 iteration of epoch 28/50] 
 {loss} sup : 0.122, inf : 0.081, fac : 0.003, total : 0.114 
 {acc} sup : 98.05, inf : 98.44
[91/245 iteration of epoch 28/50] 
 {loss} sup : 0.107, inf : 0.066, fac : 0.002, total : 0.098 
 {acc} sup : 97.66, inf : 98.05
[121/245 iteration of epoch 28/50] 
 {loss} sup : 0.070, inf : 0.037, fac : 0.002, total : 0.065 
 {acc} sup : 99.22, inf : 99.22
[151/245 iteration of epoch 28/50] 
 {loss} sup : 0.101, inf : 0.067, fac : 0.003, total : 0.101 
 {acc} sup : 97.66, inf : 98.44
[181/245 iteration of epoch 28/50] 
 {loss} sup : 0.083, inf : 0.065, fac : 0.003, total : 0.088 
 {acc} sup : 98.83, inf : 98.05
[211/245 iteration of epoch 28/50] 
 {loss} sup : 0.071, inf : 0.034, fac : 0.002, total : 0.060 
 {acc} sup : 99.22, inf : 99.61
[241/245 iteration of epoch 28/50] 
 {loss} sup : 0.069, inf : 0.036, fac : 0.003, total : 0.067 
 {acc} sup : 99.22, inf : 98.83
------------------------------
<Losses on train> sup : 0.098, inf : 0.054, fac : 0.003, total : 0.090
<Accuracies on train> sup : 98.40, inf : 98.87
Train epoch time: 906.001
------------------------------
<Accuracies on val> class : 64.46
------------------------------
<Accuracies on test> class : 70.65
------------------------------
Total epoch time: 934.594

New epoch - lr: 0.003
[1/245 iteration of epoch 29/50] 
 {loss} sup : 0.092, inf : 0.046, fac : 0.003, total : 0.083 
 {acc} sup : 96.88, inf : 98.83
[31/245 iteration of epoch 29/50] 
 {loss} sup : 0.088, inf : 0.036, fac : 0.002, total : 0.072 
 {acc} sup : 98.83, inf : 100.00
[61/245 iteration of epoch 29/50] 
 {loss} sup : 0.072, inf : 0.049, fac : 0.003, total : 0.074 
 {acc} sup : 99.61, inf : 99.22
[91/245 iteration of epoch 29/50] 
 {loss} sup : 0.108, inf : 0.068, fac : 0.002, total : 0.101 
 {acc} sup : 98.05, inf : 98.83
[121/245 iteration of epoch 29/50] 
 {loss} sup : 0.070, inf : 0.043, fac : 0.002, total : 0.065 
 {acc} sup : 98.83, inf : 99.61
[151/245 iteration of epoch 29/50] 
 {loss} sup : 0.101, inf : 0.047, fac : 0.004, total : 0.093 
 {acc} sup : 98.44, inf : 99.22
[181/245 iteration of epoch 29/50] 
 {loss} sup : 0.088, inf : 0.039, fac : 0.003, total : 0.079 
 {acc} sup : 98.44, inf : 99.22
[211/245 iteration of epoch 29/50] 
 {loss} sup : 0.096, inf : 0.038, fac : 0.002, total : 0.076 
 {acc} sup : 98.44, inf : 99.22
[241/245 iteration of epoch 29/50] 
 {loss} sup : 0.074, inf : 0.021, fac : 0.002, total : 0.057 
 {acc} sup : 99.61, inf : 100.00
------------------------------
<Losses on train> sup : 0.093, inf : 0.051, fac : 0.003, total : 0.085
<Accuracies on train> sup : 98.53, inf : 98.97
Train epoch time: 906.254
------------------------------
<Accuracies on val> class : 64.40
------------------------------
<Accuracies on test> class : 71.30
------------------------------
Total epoch time: 936.347

New epoch - lr: 0.003
[1/245 iteration of epoch 30/50] 
 {loss} sup : 0.074, inf : 0.047, fac : 0.002, total : 0.070 
 {acc} sup : 99.22, inf : 99.61
[31/245 iteration of epoch 30/50] 
 {loss} sup : 0.075, inf : 0.031, fac : 0.002, total : 0.065 
 {acc} sup : 99.22, inf : 100.00
[61/245 iteration of epoch 30/50] 
 {loss} sup : 0.055, inf : 0.027, fac : 0.001, total : 0.048 
 {acc} sup : 98.83, inf : 99.22
[91/245 iteration of epoch 30/50] 
 {loss} sup : 0.087, inf : 0.066, fac : 0.002, total : 0.087 
 {acc} sup : 98.44, inf : 98.83
[121/245 iteration of epoch 30/50] 
 {loss} sup : 0.070, inf : 0.033, fac : 0.002, total : 0.062 
 {acc} sup : 99.22, inf : 99.22
[151/245 iteration of epoch 30/50] 
 {loss} sup : 0.078, inf : 0.050, fac : 0.003, total : 0.081 
 {acc} sup : 98.83, inf : 98.83
[181/245 iteration of epoch 30/50] 
 {loss} sup : 0.074, inf : 0.048, fac : 0.002, total : 0.072 
 {acc} sup : 98.83, inf : 99.22
[211/245 iteration of epoch 30/50] 
 {loss} sup : 0.091, inf : 0.055, fac : 0.003, total : 0.085 
 {acc} sup : 98.83, inf : 98.83
[241/245 iteration of epoch 30/50] 
 {loss} sup : 0.104, inf : 0.047, fac : 0.002, total : 0.087 
 {acc} sup : 98.44, inf : 98.83
------------------------------
<Losses on train> sup : 0.090, inf : 0.050, fac : 0.003, total : 0.083
<Accuracies on train> sup : 98.61, inf : 99.06
Train epoch time: 908.289
------------------------------
<Accuracies on val> class : 64.27
------------------------------
<Accuracies on test> class : 71.32
------------------------------
Total epoch time: 937.804

New epoch - lr: 0.003
[1/245 iteration of epoch 31/50] 
 {loss} sup : 0.075, inf : 0.042, fac : 0.002, total : 0.071 
 {acc} sup : 99.22, inf : 99.22
[31/245 iteration of epoch 31/50] 
 {loss} sup : 0.102, inf : 0.056, fac : 0.003, total : 0.095 
 {acc} sup : 98.44, inf : 98.05
[61/245 iteration of epoch 31/50] 
 {loss} sup : 0.056, inf : 0.034, fac : 0.002, total : 0.055 
 {acc} sup : 99.22, inf : 98.83
[91/245 iteration of epoch 31/50] 
 {loss} sup : 0.095, inf : 0.070, fac : 0.003, total : 0.098 
 {acc} sup : 98.05, inf : 98.44
[121/245 iteration of epoch 31/50] 
 {loss} sup : 0.052, inf : 0.020, fac : 0.001, total : 0.041 
 {acc} sup : 99.22, inf : 99.61
[151/245 iteration of epoch 31/50] 
 {loss} sup : 0.075, inf : 0.038, fac : 0.004, total : 0.075 
 {acc} sup : 98.83, inf : 99.22
[181/245 iteration of epoch 31/50] 
 {loss} sup : 0.058, inf : 0.033, fac : 0.001, total : 0.053 
 {acc} sup : 99.61, inf : 99.61
[211/245 iteration of epoch 31/50] 
 {loss} sup : 0.094, inf : 0.046, fac : 0.003, total : 0.083 
 {acc} sup : 98.05, inf : 98.83
[241/245 iteration of epoch 31/50] 
 {loss} sup : 0.087, inf : 0.054, fac : 0.003, total : 0.085 
 {acc} sup : 99.22, inf : 98.83
------------------------------
<Losses on train> sup : 0.088, inf : 0.050, fac : 0.003, total : 0.081
<Accuracies on train> sup : 98.65, inf : 98.97
Train epoch time: 901.907
------------------------------
<Accuracies on val> class : 64.27
------------------------------
<Accuracies on test> class : 71.14
------------------------------
Total epoch time: 930.277

New epoch - lr: 0.003
[1/245 iteration of epoch 32/50] 
 {loss} sup : 0.080, inf : 0.041, fac : 0.003, total : 0.076 
 {acc} sup : 98.83, inf : 99.61
[31/245 iteration of epoch 32/50] 
 {loss} sup : 0.060, inf : 0.035, fac : 0.002, total : 0.055 
 {acc} sup : 99.22, inf : 99.61
[61/245 iteration of epoch 32/50] 
 {loss} sup : 0.049, inf : 0.016, fac : 0.001, total : 0.039 
 {acc} sup : 100.00, inf : 100.00
[91/245 iteration of epoch 32/50] 
 {loss} sup : 0.154, inf : 0.087, fac : 0.003, total : 0.135 
 {acc} sup : 96.09, inf : 97.27
[121/245 iteration of epoch 32/50] 
 {loss} sup : 0.102, inf : 0.061, fac : 0.002, total : 0.092 
 {acc} sup : 98.05, inf : 98.44
[151/245 iteration of epoch 32/50] 
 {loss} sup : 0.108, inf : 0.057, fac : 0.003, total : 0.099 
 {acc} sup : 97.27, inf : 98.83
[181/245 iteration of epoch 32/50] 
 {loss} sup : 0.122, inf : 0.075, fac : 0.004, total : 0.116 
 {acc} sup : 97.27, inf : 98.05
[211/245 iteration of epoch 32/50] 
 {loss} sup : 0.105, inf : 0.053, fac : 0.002, total : 0.090 
 {acc} sup : 97.66, inf : 98.05
[241/245 iteration of epoch 32/50] 
 {loss} sup : 0.087, inf : 0.072, fac : 0.003, total : 0.096 
 {acc} sup : 98.44, inf : 98.05
------------------------------
<Losses on train> sup : 0.086, inf : 0.049, fac : 0.002, total : 0.080
<Accuracies on train> sup : 98.59, inf : 99.00
Train epoch time: 906.327
------------------------------
<Accuracies on val> class : 63.95
------------------------------
<Accuracies on test> class : 70.87
------------------------------
Total epoch time: 936.335

New epoch - lr: 0.003
[1/245 iteration of epoch 33/50] 
 {loss} sup : 0.056, inf : 0.025, fac : 0.002, total : 0.050 
 {acc} sup : 99.61, inf : 99.61
[31/245 iteration of epoch 33/50] 
 {loss} sup : 0.075, inf : 0.025, fac : 0.003, total : 0.063 
 {acc} sup : 98.83, inf : 99.61
[61/245 iteration of epoch 33/50] 
 {loss} sup : 0.085, inf : 0.058, fac : 0.003, total : 0.087 
 {acc} sup : 98.44, inf : 98.83
[91/245 iteration of epoch 33/50] 
 {loss} sup : 0.096, inf : 0.047, fac : 0.003, total : 0.088 
 {acc} sup : 98.05, inf : 99.61
[121/245 iteration of epoch 33/50] 
 {loss} sup : 0.082, inf : 0.048, fac : 0.003, total : 0.079 
 {acc} sup : 98.83, inf : 98.83
[151/245 iteration of epoch 33/50] 
 {loss} sup : 0.063, inf : 0.034, fac : 0.002, total : 0.061 
 {acc} sup : 99.61, inf : 99.22
[181/245 iteration of epoch 33/50] 
 {loss} sup : 0.056, inf : 0.041, fac : 0.002, total : 0.058 
 {acc} sup : 99.61, inf : 99.22
[211/245 iteration of epoch 33/50] 
 {loss} sup : 0.079, inf : 0.051, fac : 0.002, total : 0.077 
 {acc} sup : 98.44, inf : 99.22
[241/245 iteration of epoch 33/50] 
 {loss} sup : 0.076, inf : 0.051, fac : 0.002, total : 0.072 
 {acc} sup : 99.22, inf : 98.83
------------------------------
<Losses on train> sup : 0.084, inf : 0.046, fac : 0.002, total : 0.077
<Accuracies on train> sup : 98.71, inf : 99.09
Train epoch time: 904.493
------------------------------
<Accuracies on val> class : 63.50
------------------------------
<Accuracies on test> class : 71.16
------------------------------
Total epoch time: 935.046

New epoch - lr: 0.003
[1/245 iteration of epoch 34/50] 
 {loss} sup : 0.077, inf : 0.049, fac : 0.003, total : 0.079 
 {acc} sup : 99.22, inf : 98.83
[31/245 iteration of epoch 34/50] 
 {loss} sup : 0.070, inf : 0.031, fac : 0.002, total : 0.063 
 {acc} sup : 99.22, inf : 99.61
[61/245 iteration of epoch 34/50] 
 {loss} sup : 0.079, inf : 0.051, fac : 0.004, total : 0.087 
 {acc} sup : 98.83, inf : 98.44
[91/245 iteration of epoch 34/50] 
 {loss} sup : 0.086, inf : 0.041, fac : 0.002, total : 0.073 
 {acc} sup : 98.44, inf : 99.22
[121/245 iteration of epoch 34/50] 
 {loss} sup : 0.067, inf : 0.043, fac : 0.003, total : 0.068 
 {acc} sup : 99.61, inf : 98.83
[151/245 iteration of epoch 34/50] 
 {loss} sup : 0.058, inf : 0.034, fac : 0.002, total : 0.058 
 {acc} sup : 99.22, inf : 99.61
[181/245 iteration of epoch 34/50] 
 {loss} sup : 0.138, inf : 0.087, fac : 0.003, total : 0.129 
 {acc} sup : 98.05, inf : 98.44
[211/245 iteration of epoch 34/50] 
 {loss} sup : 0.097, inf : 0.047, fac : 0.002, total : 0.082 
 {acc} sup : 97.66, inf : 99.22
[241/245 iteration of epoch 34/50] 
 {loss} sup : 0.151, inf : 0.094, fac : 0.003, total : 0.137 
 {acc} sup : 98.05, inf : 98.05
------------------------------
<Losses on train> sup : 0.083, inf : 0.046, fac : 0.002, total : 0.077
<Accuracies on train> sup : 98.68, inf : 99.08
Train epoch time: 917.294
------------------------------
<Accuracies on val> class : 63.43
------------------------------
<Accuracies on test> class : 70.85
------------------------------
Total epoch time: 947.244

New epoch - lr: 0.003
[1/245 iteration of epoch 35/50] 
 {loss} sup : 0.062, inf : 0.036, fac : 0.002, total : 0.056 
 {acc} sup : 99.61, inf : 99.61
[31/245 iteration of epoch 35/50] 
 {loss} sup : 0.101, inf : 0.078, fac : 0.003, total : 0.103 
 {acc} sup : 98.44, inf : 97.66
[61/245 iteration of epoch 35/50] 
 {loss} sup : 0.091, inf : 0.046, fac : 0.003, total : 0.082 
 {acc} sup : 98.83, inf : 99.22
[91/245 iteration of epoch 35/50] 
 {loss} sup : 0.053, inf : 0.018, fac : 0.001, total : 0.040 
 {acc} sup : 99.61, inf : 100.00
[121/245 iteration of epoch 35/50] 
 {loss} sup : 0.036, inf : 0.017, fac : 0.001, total : 0.032 
 {acc} sup : 100.00, inf : 100.00
[151/245 iteration of epoch 35/50] 
 {loss} sup : 0.112, inf : 0.071, fac : 0.003, total : 0.104 
 {acc} sup : 98.44, inf : 98.05
[181/245 iteration of epoch 35/50] 
 {loss} sup : 0.060, inf : 0.029, fac : 0.002, total : 0.054 
 {acc} sup : 99.61, inf : 99.61
[211/245 iteration of epoch 35/50] 
 {loss} sup : 0.056, inf : 0.018, fac : 0.001, total : 0.043 
 {acc} sup : 99.22, inf : 100.00
[241/245 iteration of epoch 35/50] 
 {loss} sup : 0.065, inf : 0.035, fac : 0.002, total : 0.062 
 {acc} sup : 99.22, inf : 99.61
------------------------------
<Losses on train> sup : 0.079, inf : 0.043, fac : 0.002, total : 0.072
<Accuracies on train> sup : 98.82, inf : 99.13
Train epoch time: 913.112
------------------------------
<Accuracies on val> class : 63.62
------------------------------
<Accuracies on test> class : 70.96
------------------------------
Total epoch time: 942.992

New epoch - lr: 0.003
[1/245 iteration of epoch 36/50] 
 {loss} sup : 0.097, inf : 0.044, fac : 0.002, total : 0.080 
 {acc} sup : 96.88, inf : 98.83
[31/245 iteration of epoch 36/50] 
 {loss} sup : 0.095, inf : 0.035, fac : 0.003, total : 0.080 
 {acc} sup : 98.44, inf : 99.22
[61/245 iteration of epoch 36/50] 
 {loss} sup : 0.069, inf : 0.038, fac : 0.002, total : 0.065 
 {acc} sup : 99.22, inf : 100.00
[91/245 iteration of epoch 36/50] 
 {loss} sup : 0.074, inf : 0.034, fac : 0.002, total : 0.066 
 {acc} sup : 99.61, inf : 99.61
[121/245 iteration of epoch 36/50] 
 {loss} sup : 0.063, inf : 0.019, fac : 0.001, total : 0.048 
 {acc} sup : 99.22, inf : 100.00
[151/245 iteration of epoch 36/50] 
 {loss} sup : 0.089, inf : 0.045, fac : 0.004, total : 0.087 
 {acc} sup : 98.83, inf : 99.22
[181/245 iteration of epoch 36/50] 
 {loss} sup : 0.065, inf : 0.028, fac : 0.002, total : 0.058 
 {acc} sup : 99.61, inf : 99.61
[211/245 iteration of epoch 36/50] 
 {loss} sup : 0.078, inf : 0.059, fac : 0.002, total : 0.080 
 {acc} sup : 98.83, inf : 98.05
[241/245 iteration of epoch 36/50] 
 {loss} sup : 0.048, inf : 0.030, fac : 0.002, total : 0.050 
 {acc} sup : 99.61, inf : 100.00
------------------------------
<Losses on train> sup : 0.077, inf : 0.043, fac : 0.002, total : 0.071
<Accuracies on train> sup : 98.81, inf : 99.13
Train epoch time: 920.307
------------------------------
<Accuracies on val> class : 63.82
------------------------------
<Accuracies on test> class : 70.98
------------------------------
Total epoch time: 949.912

New epoch - lr: 0.003
[1/245 iteration of epoch 37/50] 
 {loss} sup : 0.077, inf : 0.050, fac : 0.003, total : 0.079 
 {acc} sup : 98.83, inf : 98.83
[31/245 iteration of epoch 37/50] 
 {loss} sup : 0.065, inf : 0.049, fac : 0.002, total : 0.066 
 {acc} sup : 99.61, inf : 99.22
[61/245 iteration of epoch 37/50] 
 {loss} sup : 0.056, inf : 0.021, fac : 0.001, total : 0.043 
 {acc} sup : 99.22, inf : 100.00
[91/245 iteration of epoch 37/50] 
 {loss} sup : 0.082, inf : 0.042, fac : 0.003, total : 0.076 
 {acc} sup : 98.83, inf : 99.22
[121/245 iteration of epoch 37/50] 
 {loss} sup : 0.066, inf : 0.038, fac : 0.002, total : 0.060 
 {acc} sup : 99.22, inf : 99.22
[151/245 iteration of epoch 37/50] 
 {loss} sup : 0.079, inf : 0.046, fac : 0.002, total : 0.072 
 {acc} sup : 98.83, inf : 98.83
[181/245 iteration of epoch 37/50] 
 {loss} sup : 0.120, inf : 0.067, fac : 0.003, total : 0.109 
 {acc} sup : 96.88, inf : 98.05
[211/245 iteration of epoch 37/50] 
 {loss} sup : 0.071, inf : 0.037, fac : 0.002, total : 0.063 
 {acc} sup : 98.05, inf : 98.83
[241/245 iteration of epoch 37/50] 
 {loss} sup : 0.105, inf : 0.078, fac : 0.002, total : 0.102 
 {acc} sup : 98.44, inf : 98.83
------------------------------
<Losses on train> sup : 0.074, inf : 0.041, fac : 0.002, total : 0.069
<Accuracies on train> sup : 98.92, inf : 99.20
Train epoch time: 910.647
------------------------------
<Accuracies on val> class : 64.33
------------------------------
<Accuracies on test> class : 70.74
------------------------------
Total epoch time: 940.155

New epoch - lr: 0.003
[1/245 iteration of epoch 38/50] 
 {loss} sup : 0.069, inf : 0.040, fac : 0.002, total : 0.064 
 {acc} sup : 98.83, inf : 99.22
[31/245 iteration of epoch 38/50] 
 {loss} sup : 0.076, inf : 0.037, fac : 0.002, total : 0.066 
 {acc} sup : 99.22, inf : 99.22
[61/245 iteration of epoch 38/50] 
 {loss} sup : 0.041, inf : 0.024, fac : 0.001, total : 0.039 
 {acc} sup : 99.61, inf : 99.61
[91/245 iteration of epoch 38/50] 
 {loss} sup : 0.064, inf : 0.032, fac : 0.002, total : 0.058 
 {acc} sup : 99.22, inf : 99.61
[121/245 iteration of epoch 38/50] 
 {loss} sup : 0.084, inf : 0.047, fac : 0.003, total : 0.080 
 {acc} sup : 97.66, inf : 98.05
[151/245 iteration of epoch 38/50] 
 {loss} sup : 0.119, inf : 0.074, fac : 0.002, total : 0.108 
 {acc} sup : 98.05, inf : 98.44
[181/245 iteration of epoch 38/50] 
 {loss} sup : 0.070, inf : 0.026, fac : 0.002, total : 0.060 
 {acc} sup : 98.83, inf : 99.22
[211/245 iteration of epoch 38/50] 
 {loss} sup : 0.070, inf : 0.028, fac : 0.002, total : 0.059 
 {acc} sup : 98.44, inf : 99.61
[241/245 iteration of epoch 38/50] 
 {loss} sup : 0.114, inf : 0.071, fac : 0.002, total : 0.104 
 {acc} sup : 97.27, inf : 97.66
------------------------------
<Losses on train> sup : 0.074, inf : 0.042, fac : 0.002, total : 0.069
<Accuracies on train> sup : 98.89, inf : 99.16
Train epoch time: 911.764
------------------------------
<Accuracies on val> class : 63.56
------------------------------
<Accuracies on test> class : 71.16
------------------------------
Total epoch time: 940.786

New epoch - lr: 0.003
[1/245 iteration of epoch 39/50] 
 {loss} sup : 0.062, inf : 0.022, fac : 0.002, total : 0.052 
 {acc} sup : 98.83, inf : 99.22
[31/245 iteration of epoch 39/50] 
 {loss} sup : 0.059, inf : 0.021, fac : 0.001, total : 0.047 
 {acc} sup : 99.22, inf : 99.61
[61/245 iteration of epoch 39/50] 
 {loss} sup : 0.085, inf : 0.033, fac : 0.002, total : 0.072 
 {acc} sup : 98.83, inf : 99.22
[91/245 iteration of epoch 39/50] 
 {loss} sup : 0.083, inf : 0.035, fac : 0.003, total : 0.076 
 {acc} sup : 98.44, inf : 99.22
[121/245 iteration of epoch 39/50] 
 {loss} sup : 0.080, inf : 0.048, fac : 0.001, total : 0.070 
 {acc} sup : 98.05, inf : 99.22
[151/245 iteration of epoch 39/50] 
 {loss} sup : 0.084, inf : 0.049, fac : 0.003, total : 0.079 
 {acc} sup : 99.22, inf : 98.83
[181/245 iteration of epoch 39/50] 
 {loss} sup : 0.055, inf : 0.030, fac : 0.002, total : 0.051 
 {acc} sup : 99.61, inf : 98.83
[211/245 iteration of epoch 39/50] 
 {loss} sup : 0.065, inf : 0.032, fac : 0.003, total : 0.062 
 {acc} sup : 99.61, inf : 99.22
[241/245 iteration of epoch 39/50] 
 {loss} sup : 0.069, inf : 0.026, fac : 0.003, total : 0.063 
 {acc} sup : 99.22, inf : 99.61
------------------------------
<Losses on train> sup : 0.071, inf : 0.039, fac : 0.002, total : 0.066
<Accuracies on train> sup : 98.99, inf : 99.23
Train epoch time: 914.294
------------------------------
<Accuracies on val> class : 63.05
------------------------------
<Accuracies on test> class : 70.92
------------------------------
Total epoch time: 944.287

New epoch - lr: 0.0009000000000000002
[1/245 iteration of epoch 40/50] 
 {loss} sup : 0.106, inf : 0.055, fac : 0.003, total : 0.097 
 {acc} sup : 99.22, inf : 98.44
[31/245 iteration of epoch 40/50] 
 {loss} sup : 0.078, inf : 0.040, fac : 0.002, total : 0.068 
 {acc} sup : 98.44, inf : 99.22
[61/245 iteration of epoch 40/50] 
 {loss} sup : 0.067, inf : 0.035, fac : 0.002, total : 0.063 
 {acc} sup : 99.22, inf : 99.22
[91/245 iteration of epoch 40/50] 
 {loss} sup : 0.058, inf : 0.039, fac : 0.002, total : 0.056 
 {acc} sup : 99.61, inf : 99.22
[121/245 iteration of epoch 40/50] 
 {loss} sup : 0.062, inf : 0.014, fac : 0.002, total : 0.046 
 {acc} sup : 98.44, inf : 100.00
[151/245 iteration of epoch 40/50] 
 {loss} sup : 0.079, inf : 0.050, fac : 0.003, total : 0.077 
 {acc} sup : 98.83, inf : 98.44
[181/245 iteration of epoch 40/50] 
 {loss} sup : 0.053, inf : 0.032, fac : 0.002, total : 0.051 
 {acc} sup : 99.61, inf : 99.22
[211/245 iteration of epoch 40/50] 
 {loss} sup : 0.069, inf : 0.040, fac : 0.002, total : 0.063 
 {acc} sup : 99.22, inf : 98.83
[241/245 iteration of epoch 40/50] 
 {loss} sup : 0.091, inf : 0.076, fac : 0.002, total : 0.095 
 {acc} sup : 98.44, inf : 98.44
------------------------------
<Losses on train> sup : 0.068, inf : 0.038, fac : 0.002, total : 0.064
<Accuracies on train> sup : 98.98, inf : 99.24
Train epoch time: 912.512
------------------------------
<Accuracies on val> class : 64.20
------------------------------
<Accuracies on test> class : 71.10
------------------------------
Total epoch time: 941.357

New epoch - lr: 0.0009000000000000002
[1/245 iteration of epoch 41/50] 
 {loss} sup : 0.078, inf : 0.064, fac : 0.003, total : 0.087 
 {acc} sup : 99.22, inf : 98.05
[31/245 iteration of epoch 41/50] 
 {loss} sup : 0.067, inf : 0.045, fac : 0.002, total : 0.064 
 {acc} sup : 98.05, inf : 98.83
[61/245 iteration of epoch 41/50] 
 {loss} sup : 0.120, inf : 0.074, fac : 0.003, total : 0.110 
 {acc} sup : 98.05, inf : 98.83
[91/245 iteration of epoch 41/50] 
 {loss} sup : 0.055, inf : 0.032, fac : 0.002, total : 0.051 
 {acc} sup : 99.22, inf : 99.22
[121/245 iteration of epoch 41/50] 
 {loss} sup : 0.101, inf : 0.093, fac : 0.003, total : 0.111 
 {acc} sup : 98.05, inf : 97.27
[151/245 iteration of epoch 41/50] 
 {loss} sup : 0.110, inf : 0.111, fac : 0.003, total : 0.127 
 {acc} sup : 97.66, inf : 96.88
[181/245 iteration of epoch 41/50] 
 {loss} sup : 0.065, inf : 0.038, fac : 0.002, total : 0.064 
 {acc} sup : 99.22, inf : 98.83
[211/245 iteration of epoch 41/50] 
 {loss} sup : 0.051, inf : 0.023, fac : 0.001, total : 0.043 
 {acc} sup : 99.61, inf : 100.00
[241/245 iteration of epoch 41/50] 
 {loss} sup : 0.087, inf : 0.057, fac : 0.002, total : 0.084 
 {acc} sup : 98.44, inf : 98.44
------------------------------
<Losses on train> sup : 0.065, inf : 0.037, fac : 0.002, total : 0.061
<Accuracies on train> sup : 99.08, inf : 99.31
Train epoch time: 913.409
------------------------------
<Accuracies on val> class : 63.88
------------------------------
<Accuracies on test> class : 71.19
------------------------------
Total epoch time: 941.338

New epoch - lr: 0.0009000000000000002
[1/245 iteration of epoch 42/50] 
 {loss} sup : 0.056, inf : 0.019, fac : 0.002, total : 0.047 
 {acc} sup : 99.61, inf : 99.61
[31/245 iteration of epoch 42/50] 
 {loss} sup : 0.087, inf : 0.061, fac : 0.004, total : 0.092 
 {acc} sup : 97.66, inf : 98.44
[61/245 iteration of epoch 42/50] 
 {loss} sup : 0.061, inf : 0.042, fac : 0.002, total : 0.061 
 {acc} sup : 99.61, inf : 98.83
[91/245 iteration of epoch 42/50] 
 {loss} sup : 0.086, inf : 0.047, fac : 0.002, total : 0.076 
 {acc} sup : 98.83, inf : 98.83
[121/245 iteration of epoch 42/50] 
 {loss} sup : 0.055, inf : 0.041, fac : 0.003, total : 0.061 
 {acc} sup : 100.00, inf : 98.83
[151/245 iteration of epoch 42/50] 
 {loss} sup : 0.054, inf : 0.024, fac : 0.001, total : 0.045 
 {acc} sup : 100.00, inf : 99.61
[181/245 iteration of epoch 42/50] 
 {loss} sup : 0.052, inf : 0.018, fac : 0.002, total : 0.043 
 {acc} sup : 99.22, inf : 100.00
[211/245 iteration of epoch 42/50] 
 {loss} sup : 0.064, inf : 0.041, fac : 0.001, total : 0.059 
 {acc} sup : 98.83, inf : 99.22
[241/245 iteration of epoch 42/50] 
 {loss} sup : 0.051, inf : 0.035, fac : 0.002, total : 0.052 
 {acc} sup : 99.61, inf : 99.61
------------------------------
<Losses on train> sup : 0.064, inf : 0.036, fac : 0.002, total : 0.061
<Accuracies on train> sup : 99.10, inf : 99.34
Train epoch time: 897.097
------------------------------
<Accuracies on val> class : 64.01
------------------------------
<Accuracies on test> class : 70.80
------------------------------
Total epoch time: 925.742

New epoch - lr: 0.0009000000000000002
[1/245 iteration of epoch 43/50] 
 {loss} sup : 0.060, inf : 0.041, fac : 0.002, total : 0.062 
 {acc} sup : 99.22, inf : 99.61
[31/245 iteration of epoch 43/50] 
 {loss} sup : 0.067, inf : 0.039, fac : 0.002, total : 0.062 
 {acc} sup : 98.44, inf : 98.83
[61/245 iteration of epoch 43/50] 
 {loss} sup : 0.048, inf : 0.027, fac : 0.002, total : 0.047 
 {acc} sup : 99.22, inf : 100.00
[91/245 iteration of epoch 43/50] 
 {loss} sup : 0.063, inf : 0.038, fac : 0.001, total : 0.058 
 {acc} sup : 99.61, inf : 98.44
[121/245 iteration of epoch 43/50] 
 {loss} sup : 0.077, inf : 0.055, fac : 0.002, total : 0.076 
 {acc} sup : 98.83, inf : 98.83
[151/245 iteration of epoch 43/50] 
 {loss} sup : 0.069, inf : 0.052, fac : 0.003, total : 0.073 
 {acc} sup : 98.44, inf : 98.44
[181/245 iteration of epoch 43/50] 
 {loss} sup : 0.051, inf : 0.025, fac : 0.002, total : 0.046 
 {acc} sup : 98.83, inf : 100.00
[211/245 iteration of epoch 43/50] 
 {loss} sup : 0.049, inf : 0.023, fac : 0.001, total : 0.042 
 {acc} sup : 99.61, inf : 99.61
[241/245 iteration of epoch 43/50] 
 {loss} sup : 0.105, inf : 0.060, fac : 0.003, total : 0.098 
 {acc} sup : 98.05, inf : 98.83
------------------------------
<Losses on train> sup : 0.064, inf : 0.036, fac : 0.002, total : 0.060
<Accuracies on train> sup : 99.11, inf : 99.36
Train epoch time: 903.781
------------------------------
<Accuracies on val> class : 63.82
------------------------------
<Accuracies on test> class : 70.87
------------------------------
Total epoch time: 930.200

New epoch - lr: 0.0009000000000000002
[1/245 iteration of epoch 44/50] 
 {loss} sup : 0.062, inf : 0.029, fac : 0.001, total : 0.052 
 {acc} sup : 99.22, inf : 100.00
[31/245 iteration of epoch 44/50] 
 {loss} sup : 0.071, inf : 0.044, fac : 0.002, total : 0.067 
 {acc} sup : 98.83, inf : 99.22
[61/245 iteration of epoch 44/50] 
 {loss} sup : 0.046, inf : 0.035, fac : 0.002, total : 0.050 
 {acc} sup : 100.00, inf : 98.83
[91/245 iteration of epoch 44/50] 
 {loss} sup : 0.054, inf : 0.018, fac : 0.001, total : 0.043 
 {acc} sup : 99.22, inf : 99.61
[121/245 iteration of epoch 44/50] 
 {loss} sup : 0.072, inf : 0.046, fac : 0.002, total : 0.070 
 {acc} sup : 99.22, inf : 99.22
[151/245 iteration of epoch 44/50] 
 {loss} sup : 0.089, inf : 0.057, fac : 0.002, total : 0.082 
 {acc} sup : 99.22, inf : 98.83
[181/245 iteration of epoch 44/50] 
 {loss} sup : 0.046, inf : 0.035, fac : 0.003, total : 0.053 
 {acc} sup : 99.61, inf : 99.22
[211/245 iteration of epoch 44/50] 
 {loss} sup : 0.057, inf : 0.038, fac : 0.003, total : 0.061 
 {acc} sup : 99.61, inf : 99.61
[241/245 iteration of epoch 44/50] 
 {loss} sup : 0.076, inf : 0.055, fac : 0.003, total : 0.079 
 {acc} sup : 99.22, inf : 98.83
------------------------------
<Losses on train> sup : 0.064, inf : 0.036, fac : 0.002, total : 0.060
<Accuracies on train> sup : 99.11, inf : 99.35
Train epoch time: 849.964
------------------------------
<Accuracies on val> class : 63.88
------------------------------
<Accuracies on test> class : 71.16
------------------------------
Total epoch time: 876.841

New epoch - lr: 0.0009000000000000002
[1/245 iteration of epoch 45/50] 
 {loss} sup : 0.055, inf : 0.030, fac : 0.002, total : 0.051 
 {acc} sup : 99.22, inf : 98.83
[31/245 iteration of epoch 45/50] 
 {loss} sup : 0.034, inf : 0.009, fac : 0.001, total : 0.027 
 {acc} sup : 100.00, inf : 100.00
[61/245 iteration of epoch 45/50] 
 {loss} sup : 0.053, inf : 0.037, fac : 0.002, total : 0.053 
 {acc} sup : 99.22, inf : 99.22
[91/245 iteration of epoch 45/50] 
 {loss} sup : 0.067, inf : 0.055, fac : 0.002, total : 0.073 
 {acc} sup : 99.22, inf : 98.83
[121/245 iteration of epoch 45/50] 
 {loss} sup : 0.095, inf : 0.029, fac : 0.003, total : 0.075 
 {acc} sup : 98.44, inf : 99.61
[151/245 iteration of epoch 45/50] 
 {loss} sup : 0.049, inf : 0.027, fac : 0.002, total : 0.046 
 {acc} sup : 99.22, inf : 99.61
[181/245 iteration of epoch 45/50] 
 {loss} sup : 0.029, inf : 0.012, fac : 0.001, total : 0.027 
 {acc} sup : 99.61, inf : 100.00
[211/245 iteration of epoch 45/50] 
 {loss} sup : 0.072, inf : 0.051, fac : 0.003, total : 0.076 
 {acc} sup : 98.44, inf : 99.22
[241/245 iteration of epoch 45/50] 
 {loss} sup : 0.059, inf : 0.042, fac : 0.003, total : 0.063 
 {acc} sup : 99.22, inf : 99.61
------------------------------
<Losses on train> sup : 0.063, inf : 0.037, fac : 0.002, total : 0.060
<Accuracies on train> sup : 99.11, inf : 99.35
Train epoch time: 856.691
------------------------------
<Accuracies on val> class : 64.14
------------------------------
<Accuracies on test> class : 71.07
------------------------------
Total epoch time: 883.080

New epoch - lr: 0.0009000000000000002
[1/245 iteration of epoch 46/50] 
 {loss} sup : 0.080, inf : 0.039, fac : 0.001, total : 0.067 
 {acc} sup : 98.05, inf : 98.83
[31/245 iteration of epoch 46/50] 
 {loss} sup : 0.049, inf : 0.033, fac : 0.001, total : 0.048 
 {acc} sup : 99.61, inf : 99.22
[61/245 iteration of epoch 46/50] 
 {loss} sup : 0.074, inf : 0.037, fac : 0.002, total : 0.065 
 {acc} sup : 99.22, inf : 99.22
[91/245 iteration of epoch 46/50] 
 {loss} sup : 0.058, inf : 0.048, fac : 0.001, total : 0.059 
 {acc} sup : 99.22, inf : 99.22
[121/245 iteration of epoch 46/50] 
 {loss} sup : 0.049, inf : 0.033, fac : 0.002, total : 0.050 
 {acc} sup : 99.61, inf : 99.22
[151/245 iteration of epoch 46/50] 
 {loss} sup : 0.064, inf : 0.027, fac : 0.002, total : 0.054 
 {acc} sup : 99.61, inf : 100.00
[181/245 iteration of epoch 46/50] 
 {loss} sup : 0.048, inf : 0.026, fac : 0.003, total : 0.050 
 {acc} sup : 99.22, inf : 100.00
[211/245 iteration of epoch 46/50] 
 {loss} sup : 0.084, inf : 0.063, fac : 0.002, total : 0.083 
 {acc} sup : 98.44, inf : 98.44
[241/245 iteration of epoch 46/50] 
 {loss} sup : 0.038, inf : 0.017, fac : 0.001, total : 0.033 
 {acc} sup : 99.61, inf : 99.61
------------------------------
<Losses on train> sup : 0.061, inf : 0.036, fac : 0.002, total : 0.059
<Accuracies on train> sup : 99.13, inf : 99.32
Train epoch time: 854.017
------------------------------
<Accuracies on val> class : 63.43
------------------------------
<Accuracies on test> class : 70.80
------------------------------
Total epoch time: 880.589

New epoch - lr: 0.0009000000000000002
[1/245 iteration of epoch 47/50] 
 {loss} sup : 0.062, inf : 0.030, fac : 0.002, total : 0.055 
 {acc} sup : 98.83, inf : 99.61
[31/245 iteration of epoch 47/50] 
 {loss} sup : 0.056, inf : 0.033, fac : 0.002, total : 0.052 
 {acc} sup : 99.22, inf : 99.61
[61/245 iteration of epoch 47/50] 
 {loss} sup : 0.057, inf : 0.032, fac : 0.002, total : 0.054 
 {acc} sup : 99.22, inf : 99.22
[91/245 iteration of epoch 47/50] 
 {loss} sup : 0.057, inf : 0.032, fac : 0.002, total : 0.055 
 {acc} sup : 99.22, inf : 99.61
[121/245 iteration of epoch 47/50] 
 {loss} sup : 0.050, inf : 0.029, fac : 0.003, total : 0.055 
 {acc} sup : 99.61, inf : 98.83
[151/245 iteration of epoch 47/50] 
 {loss} sup : 0.050, inf : 0.053, fac : 0.002, total : 0.059 
 {acc} sup : 99.61, inf : 99.22
[181/245 iteration of epoch 47/50] 
 {loss} sup : 0.068, inf : 0.040, fac : 0.001, total : 0.059 
 {acc} sup : 99.22, inf : 98.83
[211/245 iteration of epoch 47/50] 
 {loss} sup : 0.089, inf : 0.071, fac : 0.002, total : 0.092 
 {acc} sup : 97.66, inf : 98.05
[241/245 iteration of epoch 47/50] 
 {loss} sup : 0.072, inf : 0.038, fac : 0.002, total : 0.063 
 {acc} sup : 99.22, inf : 99.22
------------------------------
<Losses on train> sup : 0.062, inf : 0.037, fac : 0.002, total : 0.060
<Accuracies on train> sup : 99.13, inf : 99.31
Train epoch time: 841.576
------------------------------
<Accuracies on val> class : 63.88
------------------------------
<Accuracies on test> class : 71.01
------------------------------
Total epoch time: 867.572

New epoch - lr: 0.0009000000000000002
[1/245 iteration of epoch 48/50] 
 {loss} sup : 0.118, inf : 0.088, fac : 0.003, total : 0.116 
 {acc} sup : 98.05, inf : 97.66
[31/245 iteration of epoch 48/50] 
 {loss} sup : 0.054, inf : 0.031, fac : 0.002, total : 0.053 
 {acc} sup : 99.22, inf : 99.22
[61/245 iteration of epoch 48/50] 
 {loss} sup : 0.050, inf : 0.034, fac : 0.002, total : 0.051 
 {acc} sup : 100.00, inf : 99.61
[91/245 iteration of epoch 48/50] 
 {loss} sup : 0.047, inf : 0.042, fac : 0.002, total : 0.054 
 {acc} sup : 99.22, inf : 99.61
[121/245 iteration of epoch 48/50] 
 {loss} sup : 0.074, inf : 0.050, fac : 0.003, total : 0.075 
 {acc} sup : 98.44, inf : 99.22
[151/245 iteration of epoch 48/50] 
 {loss} sup : 0.032, inf : 0.008, fac : 0.001, total : 0.026 
 {acc} sup : 100.00, inf : 100.00
[181/245 iteration of epoch 48/50] 
 {loss} sup : 0.068, inf : 0.035, fac : 0.001, total : 0.057 
 {acc} sup : 99.22, inf : 99.22
[211/245 iteration of epoch 48/50] 
 {loss} sup : 0.068, inf : 0.062, fac : 0.002, total : 0.076 
 {acc} sup : 99.61, inf : 98.05
[241/245 iteration of epoch 48/50] 
 {loss} sup : 0.045, inf : 0.023, fac : 0.001, total : 0.040 
 {acc} sup : 100.00, inf : 100.00
------------------------------
<Losses on train> sup : 0.063, inf : 0.037, fac : 0.002, total : 0.060
<Accuracies on train> sup : 99.15, inf : 99.33
Train epoch time: 826.747
------------------------------
<Accuracies on val> class : 64.46
------------------------------
<Accuracies on test> class : 71.01
------------------------------
Total epoch time: 852.692

New epoch - lr: 0.0009000000000000002
[1/245 iteration of epoch 49/50] 
 {loss} sup : 0.053, inf : 0.029, fac : 0.002, total : 0.051 
 {acc} sup : 100.00, inf : 100.00
[31/245 iteration of epoch 49/50] 
 {loss} sup : 0.052, inf : 0.025, fac : 0.002, total : 0.047 
 {acc} sup : 99.61, inf : 99.61
[61/245 iteration of epoch 49/50] 
 {loss} sup : 0.059, inf : 0.030, fac : 0.002, total : 0.054 
 {acc} sup : 98.83, inf : 99.22
[91/245 iteration of epoch 49/50] 
 {loss} sup : 0.059, inf : 0.021, fac : 0.002, total : 0.051 
 {acc} sup : 99.22, inf : 99.61
[121/245 iteration of epoch 49/50] 
 {loss} sup : 0.067, inf : 0.043, fac : 0.002, total : 0.064 
 {acc} sup : 98.83, inf : 99.61
[151/245 iteration of epoch 49/50] 
 {loss} sup : 0.056, inf : 0.026, fac : 0.002, total : 0.049 
 {acc} sup : 99.61, inf : 99.61
[181/245 iteration of epoch 49/50] 
 {loss} sup : 0.046, inf : 0.035, fac : 0.002, total : 0.050 
 {acc} sup : 100.00, inf : 99.61
[211/245 iteration of epoch 49/50] 
 {loss} sup : 0.054, inf : 0.032, fac : 0.001, total : 0.050 
 {acc} sup : 99.61, inf : 99.61
[241/245 iteration of epoch 49/50] 
 {loss} sup : 0.030, inf : 0.013, fac : 0.002, total : 0.030 
 {acc} sup : 100.00, inf : 99.61
------------------------------
<Losses on train> sup : 0.062, inf : 0.036, fac : 0.002, total : 0.059
<Accuracies on train> sup : 99.15, inf : 99.33
Train epoch time: 826.157
------------------------------
<Accuracies on val> class : 63.88
------------------------------
<Accuracies on test> class : 71.25
------------------------------
Total epoch time: 852.399

New epoch - lr: 0.0009000000000000002
[1/245 iteration of epoch 50/50] 
 {loss} sup : 0.098, inf : 0.050, fac : 0.002, total : 0.083 
 {acc} sup : 98.05, inf : 98.44
[31/245 iteration of epoch 50/50] 
 {loss} sup : 0.056, inf : 0.033, fac : 0.002, total : 0.054 
 {acc} sup : 98.44, inf : 99.61
[61/245 iteration of epoch 50/50] 
 {loss} sup : 0.033, inf : 0.014, fac : 0.001, total : 0.029 
 {acc} sup : 100.00, inf : 100.00
[91/245 iteration of epoch 50/50] 
 {loss} sup : 0.048, inf : 0.031, fac : 0.002, total : 0.047 
 {acc} sup : 99.61, inf : 99.61
[121/245 iteration of epoch 50/50] 
 {loss} sup : 0.061, inf : 0.025, fac : 0.002, total : 0.054 
 {acc} sup : 98.44, inf : 100.00
[151/245 iteration of epoch 50/50] 
 {loss} sup : 0.051, inf : 0.032, fac : 0.002, total : 0.049 
 {acc} sup : 99.61, inf : 99.22
[181/245 iteration of epoch 50/50] 
 {loss} sup : 0.054, inf : 0.021, fac : 0.002, total : 0.046 
 {acc} sup : 98.83, inf : 99.61
[211/245 iteration of epoch 50/50] 
 {loss} sup : 0.042, inf : 0.024, fac : 0.002, total : 0.042 
 {acc} sup : 99.61, inf : 100.00
[241/245 iteration of epoch 50/50] 
 {loss} sup : 0.078, inf : 0.033, fac : 0.001, total : 0.062 
 {acc} sup : 98.05, inf : 99.22
------------------------------
<Losses on train> sup : 0.061, inf : 0.036, fac : 0.002, total : 0.058
<Accuracies on train> sup : 99.13, inf : 99.33
Train epoch time: 820.019
------------------------------
<Accuracies on val> class : 64.07
------------------------------
<Accuracies on test> class : 71.07
------------------------------
Total epoch time: 844.679

******************************
Best val 0.720883, corresponding test 0.720883 - best test: 0.720883
