
Loading experiment Officehome/ResNet18_step

Sample Strategy: all

New epoch - lr: 0.003
[1/61 iteration of epoch 1/50] 
 {loss} cls : 4.431, total : 4.431 
 {acc} cls : 0.78
[31/61 iteration of epoch 1/50] 
 {loss} cls : 1.713, total : 1.713 
 {acc} cls : 50.78
[61/61 iteration of epoch 1/50] 
 {loss} cls : 1.378, total : 1.378 
 {acc} cls : 64.06
------------------------------
<Losses on train> cls : 2.022, total : 2.022
<Accuracies on train> cls : 50.50
Train epoch time: 136.244
------------------------------
<Accuracies on val> class : 73.33
------------------------------
<Accuracies on test> class : 54.56
------------------------------
<Accuracies on Art> test class : 49.90
------------------------------
<Accuracies on Clipart> test class : 45.34
------------------------------
<Accuracies on Product> test class : 66.19
------------------------------
Total epoch time: 236.196

New epoch - lr: 0.003
[1/61 iteration of epoch 2/50] 
 {loss} cls : 1.137, total : 1.137 
 {acc} cls : 68.75
[31/61 iteration of epoch 2/50] 
 {loss} cls : 1.116, total : 1.116 
 {acc} cls : 69.53
[61/61 iteration of epoch 2/50] 
 {loss} cls : 0.876, total : 0.876 
 {acc} cls : 78.12
------------------------------
<Losses on train> cls : 1.031, total : 1.031
<Accuracies on train> cls : 71.91
Train epoch time: 157.128
------------------------------
<Accuracies on val> class : 74.48
------------------------------
<Accuracies on test> class : 57.36
------------------------------
<Accuracies on Art> test class : 53.28
------------------------------
<Accuracies on Clipart> test class : 48.57
------------------------------
<Accuracies on Product> test class : 68.24
------------------------------
Total epoch time: 275.340

New epoch - lr: 0.003
[1/61 iteration of epoch 3/50] 
 {loss} cls : 0.875, total : 0.875 
 {acc} cls : 72.66
[31/61 iteration of epoch 3/50] 
 {loss} cls : 0.698, total : 0.698 
 {acc} cls : 79.69
[61/61 iteration of epoch 3/50] 
 {loss} cls : 0.779, total : 0.779 
 {acc} cls : 79.69
------------------------------
<Losses on train> cls : 0.829, total : 0.829
<Accuracies on train> cls : 76.78
Train epoch time: 139.043
------------------------------
<Accuracies on val> class : 78.62
------------------------------
<Accuracies on test> class : 57.43
------------------------------
<Accuracies on Art> test class : 52.12
------------------------------
<Accuracies on Clipart> test class : 48.32
------------------------------
<Accuracies on Product> test class : 69.29
------------------------------
Total epoch time: 249.387

New epoch - lr: 0.003
[1/61 iteration of epoch 4/50] 
 {loss} cls : 0.891, total : 0.891 
 {acc} cls : 75.78
[31/61 iteration of epoch 4/50] 
 {loss} cls : 0.707, total : 0.707 
 {acc} cls : 82.03
[61/61 iteration of epoch 4/50] 
 {loss} cls : 0.721, total : 0.721 
 {acc} cls : 78.12
------------------------------
<Losses on train> cls : 0.730, total : 0.730
<Accuracies on train> cls : 79.93
Train epoch time: 156.554
------------------------------
<Accuracies on val> class : 78.39
------------------------------
<Accuracies on test> class : 59.10
------------------------------
<Accuracies on Art> test class : 56.70
------------------------------
<Accuracies on Clipart> test class : 50.61
------------------------------
<Accuracies on Product> test class : 68.75
------------------------------
Total epoch time: 313.285

New epoch - lr: 0.003
[1/61 iteration of epoch 5/50] 
 {loss} cls : 0.677, total : 0.677 
 {acc} cls : 82.03
[31/61 iteration of epoch 5/50] 
 {loss} cls : 0.645, total : 0.645 
 {acc} cls : 84.38
[61/61 iteration of epoch 5/50] 
 {loss} cls : 0.734, total : 0.734 
 {acc} cls : 77.34
------------------------------
<Losses on train> cls : 0.673, total : 0.673
<Accuracies on train> cls : 81.53
Train epoch time: 194.298
------------------------------
<Accuracies on val> class : 78.39
------------------------------
<Accuracies on test> class : 58.97
------------------------------
<Accuracies on Art> test class : 56.00
------------------------------
<Accuracies on Clipart> test class : 49.85
------------------------------
<Accuracies on Product> test class : 69.57
------------------------------
Total epoch time: 325.618

New epoch - lr: 0.003
[1/61 iteration of epoch 6/50] 
 {loss} cls : 0.568, total : 0.568 
 {acc} cls : 85.16
[31/61 iteration of epoch 6/50] 
 {loss} cls : 0.501, total : 0.501 
 {acc} cls : 88.28
[61/61 iteration of epoch 6/50] 
 {loss} cls : 0.740, total : 0.740 
 {acc} cls : 77.34
------------------------------
<Losses on train> cls : 0.584, total : 0.584
<Accuracies on train> cls : 84.20
Train epoch time: 119.621
------------------------------
<Accuracies on val> class : 80.23
------------------------------
<Accuracies on test> class : 60.36
------------------------------
<Accuracies on Art> test class : 56.82
------------------------------
<Accuracies on Clipart> test class : 51.16
------------------------------
<Accuracies on Product> test class : 71.34
------------------------------
Total epoch time: 225.502

New epoch - lr: 0.003
[1/61 iteration of epoch 7/50] 
 {loss} cls : 0.602, total : 0.602 
 {acc} cls : 85.16
[31/61 iteration of epoch 7/50] 
 {loss} cls : 0.649, total : 0.649 
 {acc} cls : 79.69
[61/61 iteration of epoch 7/50] 
 {loss} cls : 0.348, total : 0.348 
 {acc} cls : 90.62
------------------------------
<Losses on train> cls : 0.525, total : 0.525
<Accuracies on train> cls : 85.71
Train epoch time: 213.956
------------------------------
<Accuracies on val> class : 79.54
------------------------------
<Accuracies on test> class : 60.91
------------------------------
<Accuracies on Art> test class : 57.07
------------------------------
<Accuracies on Clipart> test class : 52.05
------------------------------
<Accuracies on Product> test class : 71.73
------------------------------
Total epoch time: 316.872

New epoch - lr: 0.003
[1/61 iteration of epoch 8/50] 
 {loss} cls : 0.515, total : 0.515 
 {acc} cls : 85.94
[31/61 iteration of epoch 8/50] 
 {loss} cls : 0.446, total : 0.446 
 {acc} cls : 89.84
[61/61 iteration of epoch 8/50] 
 {loss} cls : 0.575, total : 0.575 
 {acc} cls : 87.50
------------------------------
<Losses on train> cls : 0.493, total : 0.493
<Accuracies on train> cls : 86.64
Train epoch time: 155.899
------------------------------
<Accuracies on val> class : 80.00
------------------------------
<Accuracies on test> class : 59.75
------------------------------
<Accuracies on Art> test class : 56.24
------------------------------
<Accuracies on Clipart> test class : 50.65
------------------------------
<Accuracies on Product> test class : 70.62
------------------------------
Total epoch time: 267.978

New epoch - lr: 0.003
[1/61 iteration of epoch 9/50] 
 {loss} cls : 0.444, total : 0.444 
 {acc} cls : 89.06
[31/61 iteration of epoch 9/50] 
 {loss} cls : 0.404, total : 0.404 
 {acc} cls : 87.50
[61/61 iteration of epoch 9/50] 
 {loss} cls : 0.481, total : 0.481 
 {acc} cls : 86.72
------------------------------
<Losses on train> cls : 0.460, total : 0.460
<Accuracies on train> cls : 87.13
Train epoch time: 141.751
------------------------------
<Accuracies on val> class : 81.15
------------------------------
<Accuracies on test> class : 59.85
------------------------------
<Accuracies on Art> test class : 58.01
------------------------------
<Accuracies on Clipart> test class : 49.44
------------------------------
<Accuracies on Product> test class : 71.10
------------------------------
Total epoch time: 240.244

New epoch - lr: 0.003
[1/61 iteration of epoch 10/50] 
 {loss} cls : 0.566, total : 0.566 
 {acc} cls : 86.72
[31/61 iteration of epoch 10/50] 
 {loss} cls : 0.414, total : 0.414 
 {acc} cls : 93.75
[61/61 iteration of epoch 10/50] 
 {loss} cls : 0.335, total : 0.335 
 {acc} cls : 91.41
------------------------------
<Losses on train> cls : 0.406, total : 0.406
<Accuracies on train> cls : 88.41
Train epoch time: 133.094
------------------------------
<Accuracies on val> class : 78.62
------------------------------
<Accuracies on test> class : 59.96
------------------------------
<Accuracies on Art> test class : 56.16
------------------------------
<Accuracies on Clipart> test class : 50.54
------------------------------
<Accuracies on Product> test class : 71.30
------------------------------
Total epoch time: 240.713

New epoch - lr: 0.003
[1/61 iteration of epoch 11/50] 
 {loss} cls : 0.391, total : 0.391 
 {acc} cls : 88.28
[31/61 iteration of epoch 11/50] 
 {loss} cls : 0.346, total : 0.346 
 {acc} cls : 89.84
[61/61 iteration of epoch 11/50] 
 {loss} cls : 0.388, total : 0.388 
 {acc} cls : 90.62
------------------------------
<Losses on train> cls : 0.401, total : 0.401
<Accuracies on train> cls : 89.15
Train epoch time: 132.418
------------------------------
<Accuracies on val> class : 80.46
------------------------------
<Accuracies on test> class : 60.36
------------------------------
<Accuracies on Art> test class : 56.90
------------------------------
<Accuracies on Clipart> test class : 50.36
------------------------------
<Accuracies on Product> test class : 72.09
------------------------------
Total epoch time: 242.463

New epoch - lr: 0.003
[1/61 iteration of epoch 12/50] 
 {loss} cls : 0.323, total : 0.323 
 {acc} cls : 89.84
[31/61 iteration of epoch 12/50] 
 {loss} cls : 0.310, total : 0.310 
 {acc} cls : 91.41
[61/61 iteration of epoch 12/50] 
 {loss} cls : 0.344, total : 0.344 
 {acc} cls : 90.62
------------------------------
<Losses on train> cls : 0.349, total : 0.349
<Accuracies on train> cls : 90.68
Train epoch time: 125.511
------------------------------
<Accuracies on val> class : 79.08
------------------------------
<Accuracies on test> class : 59.67
------------------------------
<Accuracies on Art> test class : 56.53
------------------------------
<Accuracies on Clipart> test class : 49.62
------------------------------
<Accuracies on Product> test class : 71.25
------------------------------
Total epoch time: 228.981

New epoch - lr: 0.003
[1/61 iteration of epoch 13/50] 
 {loss} cls : 0.330, total : 0.330 
 {acc} cls : 88.28
[31/61 iteration of epoch 13/50] 
 {loss} cls : 0.330, total : 0.330 
 {acc} cls : 92.19
[61/61 iteration of epoch 13/50] 
 {loss} cls : 0.278, total : 0.278 
 {acc} cls : 93.75
------------------------------
<Losses on train> cls : 0.338, total : 0.338
<Accuracies on train> cls : 90.28
Train epoch time: 117.625
------------------------------
<Accuracies on val> class : 80.69
------------------------------
<Accuracies on test> class : 59.98
------------------------------
<Accuracies on Art> test class : 57.23
------------------------------
<Accuracies on Clipart> test class : 50.84
------------------------------
<Accuracies on Product> test class : 70.47
------------------------------
Total epoch time: 217.434

New epoch - lr: 0.003
[1/61 iteration of epoch 14/50] 
 {loss} cls : 0.191, total : 0.191 
 {acc} cls : 94.53
[31/61 iteration of epoch 14/50] 
 {loss} cls : 0.126, total : 0.126 
 {acc} cls : 98.44
[61/61 iteration of epoch 14/50] 
 {loss} cls : 0.311, total : 0.311 
 {acc} cls : 90.62
------------------------------
<Losses on train> cls : 0.310, total : 0.310
<Accuracies on train> cls : 91.28
Train epoch time: 128.445
------------------------------
<Accuracies on val> class : 79.31
------------------------------
<Accuracies on test> class : 60.07
------------------------------
<Accuracies on Art> test class : 55.62
------------------------------
<Accuracies on Clipart> test class : 51.66
------------------------------
<Accuracies on Product> test class : 70.78
------------------------------
Total epoch time: 241.480

New epoch - lr: 0.003
[1/61 iteration of epoch 15/50] 
 {loss} cls : 0.334, total : 0.334 
 {acc} cls : 89.84
[31/61 iteration of epoch 15/50] 
 {loss} cls : 0.202, total : 0.202 
 {acc} cls : 92.19
[61/61 iteration of epoch 15/50] 
 {loss} cls : 0.323, total : 0.323 
 {acc} cls : 91.41
------------------------------
<Losses on train> cls : 0.297, total : 0.297
<Accuracies on train> cls : 91.89
Train epoch time: 130.269
------------------------------
<Accuracies on val> class : 79.08
------------------------------
<Accuracies on test> class : 59.20
------------------------------
<Accuracies on Art> test class : 55.83
------------------------------
<Accuracies on Clipart> test class : 49.44
------------------------------
<Accuracies on Product> test class : 70.65
------------------------------
Total epoch time: 241.143

New epoch - lr: 0.003
[1/61 iteration of epoch 16/50] 
 {loss} cls : 0.231, total : 0.231 
 {acc} cls : 92.97
[31/61 iteration of epoch 16/50] 
 {loss} cls : 0.261, total : 0.261 
 {acc} cls : 91.41
[61/61 iteration of epoch 16/50] 
 {loss} cls : 0.207, total : 0.207 
 {acc} cls : 92.97
------------------------------
<Losses on train> cls : 0.276, total : 0.276
<Accuracies on train> cls : 92.37
Train epoch time: 108.607
------------------------------
<Accuracies on val> class : 79.31
------------------------------
<Accuracies on test> class : 59.04
------------------------------
<Accuracies on Art> test class : 54.88
------------------------------
<Accuracies on Clipart> test class : 49.67
------------------------------
<Accuracies on Product> test class : 70.53
------------------------------
Total epoch time: 212.575

New epoch - lr: 0.003
[1/61 iteration of epoch 17/50] 
 {loss} cls : 0.364, total : 0.364 
 {acc} cls : 92.19
[31/61 iteration of epoch 17/50] 
 {loss} cls : 0.268, total : 0.268 
 {acc} cls : 91.41
[61/61 iteration of epoch 17/50] 
 {loss} cls : 0.279, total : 0.279 
 {acc} cls : 92.97
------------------------------
<Losses on train> cls : 0.241, total : 0.241
<Accuracies on train> cls : 93.81
Train epoch time: 136.890
------------------------------
<Accuracies on val> class : 81.15
------------------------------
<Accuracies on test> class : 59.99
------------------------------
<Accuracies on Art> test class : 55.38
------------------------------
<Accuracies on Clipart> test class : 51.27
------------------------------
<Accuracies on Product> test class : 71.07
------------------------------
Total epoch time: 231.200

New epoch - lr: 0.003
[1/61 iteration of epoch 18/50] 
 {loss} cls : 0.278, total : 0.278 
 {acc} cls : 92.19
[31/61 iteration of epoch 18/50] 
 {loss} cls : 0.191, total : 0.191 
 {acc} cls : 94.53
[61/61 iteration of epoch 18/50] 
 {loss} cls : 0.265, total : 0.265 
 {acc} cls : 93.75
------------------------------
<Losses on train> cls : 0.235, total : 0.235
<Accuracies on train> cls : 93.89
Train epoch time: 130.204
------------------------------
<Accuracies on val> class : 80.00
------------------------------
<Accuracies on test> class : 59.73
------------------------------
<Accuracies on Art> test class : 56.16
------------------------------
<Accuracies on Clipart> test class : 50.77
------------------------------
<Accuracies on Product> test class : 70.49
------------------------------
Total epoch time: 232.735

New epoch - lr: 0.003
[1/61 iteration of epoch 19/50] 
 {loss} cls : 0.194, total : 0.194 
 {acc} cls : 95.31
[31/61 iteration of epoch 19/50] 
 {loss} cls : 0.136, total : 0.136 
 {acc} cls : 96.88
[61/61 iteration of epoch 19/50] 
 {loss} cls : 0.206, total : 0.206 
 {acc} cls : 95.31
------------------------------
<Losses on train> cls : 0.216, total : 0.216
<Accuracies on train> cls : 94.43
Train epoch time: 136.212
------------------------------
<Accuracies on val> class : 79.77
------------------------------
<Accuracies on test> class : 59.91
------------------------------
<Accuracies on Art> test class : 56.08
------------------------------
<Accuracies on Clipart> test class : 50.86
------------------------------
<Accuracies on Product> test class : 70.89
------------------------------
Total epoch time: 245.550

New epoch - lr: 0.003
[1/61 iteration of epoch 20/50] 
 {loss} cls : 0.111, total : 0.111 
 {acc} cls : 96.88
[31/61 iteration of epoch 20/50] 
 {loss} cls : 0.242, total : 0.242 
 {acc} cls : 92.19
[61/61 iteration of epoch 20/50] 
 {loss} cls : 0.131, total : 0.131 
 {acc} cls : 98.44
------------------------------
<Losses on train> cls : 0.196, total : 0.196
<Accuracies on train> cls : 94.97
Train epoch time: 164.087
------------------------------
<Accuracies on val> class : 80.92
------------------------------
<Accuracies on test> class : 60.92
------------------------------
<Accuracies on Art> test class : 56.90
------------------------------
<Accuracies on Clipart> test class : 52.10
------------------------------
<Accuracies on Product> test class : 71.80
------------------------------
Total epoch time: 287.740

New epoch - lr: 0.003
[1/61 iteration of epoch 21/50] 
 {loss} cls : 0.255, total : 0.255 
 {acc} cls : 92.97
[31/61 iteration of epoch 21/50] 
 {loss} cls : 0.192, total : 0.192 
 {acc} cls : 93.75
[61/61 iteration of epoch 21/50] 
 {loss} cls : 0.194, total : 0.194 
 {acc} cls : 96.09
------------------------------
<Losses on train> cls : 0.189, total : 0.189
<Accuracies on train> cls : 94.97
Train epoch time: 142.194
------------------------------
<Accuracies on val> class : 80.46
------------------------------
<Accuracies on test> class : 59.51
------------------------------
<Accuracies on Art> test class : 55.13
------------------------------
<Accuracies on Clipart> test class : 51.29
------------------------------
<Accuracies on Product> test class : 69.99
------------------------------
Total epoch time: 251.664

New epoch - lr: 0.003
[1/61 iteration of epoch 22/50] 
 {loss} cls : 0.207, total : 0.207 
 {acc} cls : 95.31
[31/61 iteration of epoch 22/50] 
 {loss} cls : 0.263, total : 0.263 
 {acc} cls : 94.53
[61/61 iteration of epoch 22/50] 
 {loss} cls : 0.254, total : 0.254 
 {acc} cls : 90.62
------------------------------
<Losses on train> cls : 0.190, total : 0.190
<Accuracies on train> cls : 95.16
Train epoch time: 120.415
------------------------------
<Accuracies on val> class : 79.54
------------------------------
<Accuracies on test> class : 60.02
------------------------------
<Accuracies on Art> test class : 55.25
------------------------------
<Accuracies on Clipart> test class : 51.68
------------------------------
<Accuracies on Product> test class : 70.83
------------------------------
Total epoch time: 218.053

New epoch - lr: 0.003
[1/61 iteration of epoch 23/50] 
 {loss} cls : 0.114, total : 0.114 
 {acc} cls : 96.88
[31/61 iteration of epoch 23/50] 
 {loss} cls : 0.094, total : 0.094 
 {acc} cls : 97.66
[61/61 iteration of epoch 23/50] 
 {loss} cls : 0.221, total : 0.221 
 {acc} cls : 95.31
------------------------------
<Losses on train> cls : 0.174, total : 0.174
<Accuracies on train> cls : 95.41
Train epoch time: 126.959
------------------------------
<Accuracies on val> class : 80.46
------------------------------
<Accuracies on test> class : 60.09
------------------------------
<Accuracies on Art> test class : 55.46
------------------------------
<Accuracies on Clipart> test class : 51.32
------------------------------
<Accuracies on Product> test class : 71.25
------------------------------
Total epoch time: 220.241

New epoch - lr: 0.003
[1/61 iteration of epoch 24/50] 
 {loss} cls : 0.166, total : 0.166 
 {acc} cls : 96.09
[31/61 iteration of epoch 24/50] 
 {loss} cls : 0.128, total : 0.128 
 {acc} cls : 96.88
[61/61 iteration of epoch 24/50] 
 {loss} cls : 0.259, total : 0.259 
 {acc} cls : 92.19
------------------------------
<Losses on train> cls : 0.160, total : 0.160
<Accuracies on train> cls : 95.76
Train epoch time: 137.129
------------------------------
<Accuracies on val> class : 79.31
------------------------------
<Accuracies on test> class : 59.44
------------------------------
<Accuracies on Art> test class : 55.01
------------------------------
<Accuracies on Clipart> test class : 50.72
------------------------------
<Accuracies on Product> test class : 70.44
------------------------------
Total epoch time: 233.192

New epoch - lr: 0.003
[1/61 iteration of epoch 25/50] 
 {loss} cls : 0.057, total : 0.057 
 {acc} cls : 98.44
[31/61 iteration of epoch 25/50] 
 {loss} cls : 0.169, total : 0.169 
 {acc} cls : 96.09
[61/61 iteration of epoch 25/50] 
 {loss} cls : 0.128, total : 0.128 
 {acc} cls : 96.09
------------------------------
<Losses on train> cls : 0.153, total : 0.153
<Accuracies on train> cls : 95.62
Train epoch time: 117.802
------------------------------
<Accuracies on val> class : 80.23
------------------------------
<Accuracies on test> class : 59.76
------------------------------
<Accuracies on Art> test class : 56.24
------------------------------
<Accuracies on Clipart> test class : 50.40
------------------------------
<Accuracies on Product> test class : 70.89
------------------------------
Total epoch time: 227.803

New epoch - lr: 0.003
[1/61 iteration of epoch 26/50] 
 {loss} cls : 0.182, total : 0.182 
 {acc} cls : 94.53
[31/61 iteration of epoch 26/50] 
 {loss} cls : 0.120, total : 0.120 
 {acc} cls : 97.66
[61/61 iteration of epoch 26/50] 
 {loss} cls : 0.150, total : 0.150 
 {acc} cls : 94.53
------------------------------
<Losses on train> cls : 0.143, total : 0.143
<Accuracies on train> cls : 96.03
Train epoch time: 134.359
------------------------------
<Accuracies on val> class : 79.77
------------------------------
<Accuracies on test> class : 60.33
------------------------------
<Accuracies on Art> test class : 56.78
------------------------------
<Accuracies on Clipart> test class : 51.32
------------------------------
<Accuracies on Product> test class : 71.14
------------------------------
Total epoch time: 230.659

New epoch - lr: 0.003
[1/61 iteration of epoch 27/50] 
 {loss} cls : 0.122, total : 0.122 
 {acc} cls : 97.66
[31/61 iteration of epoch 27/50] 
 {loss} cls : 0.147, total : 0.147 
 {acc} cls : 95.31
[61/61 iteration of epoch 27/50] 
 {loss} cls : 0.174, total : 0.174 
 {acc} cls : 96.09
------------------------------
<Losses on train> cls : 0.138, total : 0.138
<Accuracies on train> cls : 96.38
Train epoch time: 117.954
------------------------------
<Accuracies on val> class : 80.46
------------------------------
<Accuracies on test> class : 59.62
------------------------------
<Accuracies on Art> test class : 55.67
------------------------------
<Accuracies on Clipart> test class : 50.08
------------------------------
<Accuracies on Product> test class : 71.16
------------------------------
Total epoch time: 211.488

New epoch - lr: 0.003
[1/61 iteration of epoch 28/50] 
 {loss} cls : 0.127, total : 0.127 
 {acc} cls : 96.09
[31/61 iteration of epoch 28/50] 
 {loss} cls : 0.152, total : 0.152 
 {acc} cls : 95.31
[61/61 iteration of epoch 28/50] 
 {loss} cls : 0.130, total : 0.130 
 {acc} cls : 98.44
------------------------------
<Losses on train> cls : 0.125, total : 0.125
<Accuracies on train> cls : 96.66
Train epoch time: 120.804
------------------------------
<Accuracies on val> class : 78.85
------------------------------
<Accuracies on test> class : 59.84
------------------------------
<Accuracies on Art> test class : 55.83
------------------------------
<Accuracies on Clipart> test class : 51.87
------------------------------
<Accuracies on Product> test class : 69.88
------------------------------
Total epoch time: 214.747

New epoch - lr: 0.003
[1/61 iteration of epoch 29/50] 
 {loss} cls : 0.140, total : 0.140 
 {acc} cls : 95.31
[31/61 iteration of epoch 29/50] 
 {loss} cls : 0.070, total : 0.070 
 {acc} cls : 99.22
[61/61 iteration of epoch 29/50] 
 {loss} cls : 0.169, total : 0.169 
 {acc} cls : 92.97
------------------------------
<Losses on train> cls : 0.122, total : 0.122
<Accuracies on train> cls : 96.63
Train epoch time: 128.044
------------------------------
<Accuracies on val> class : 79.54
------------------------------
<Accuracies on test> class : 60.23
------------------------------
<Accuracies on Art> test class : 56.57
------------------------------
<Accuracies on Clipart> test class : 51.45
------------------------------
<Accuracies on Product> test class : 70.85
------------------------------
Total epoch time: 243.305

New epoch - lr: 0.003
[1/61 iteration of epoch 30/50] 
 {loss} cls : 0.098, total : 0.098 
 {acc} cls : 97.66
[31/61 iteration of epoch 30/50] 
 {loss} cls : 0.162, total : 0.162 
 {acc} cls : 97.66
[61/61 iteration of epoch 30/50] 
 {loss} cls : 0.130, total : 0.130 
 {acc} cls : 96.88
------------------------------
<Losses on train> cls : 0.111, total : 0.111
<Accuracies on train> cls : 97.31
Train epoch time: 115.177
------------------------------
<Accuracies on val> class : 79.77
------------------------------
<Accuracies on test> class : 60.78
------------------------------
<Accuracies on Art> test class : 56.53
------------------------------
<Accuracies on Clipart> test class : 52.37
------------------------------
<Accuracies on Product> test class : 71.37
------------------------------
Total epoch time: 222.556

New epoch - lr: 0.003
[1/61 iteration of epoch 31/50] 
 {loss} cls : 0.112, total : 0.112 
 {acc} cls : 96.88
[31/61 iteration of epoch 31/50] 
 {loss} cls : 0.044, total : 0.044 
 {acc} cls : 99.22
[61/61 iteration of epoch 31/50] 
 {loss} cls : 0.142, total : 0.142 
 {acc} cls : 94.53
------------------------------
<Losses on train> cls : 0.105, total : 0.105
<Accuracies on train> cls : 97.16
Train epoch time: 129.634
------------------------------
<Accuracies on val> class : 79.31
------------------------------
<Accuracies on test> class : 60.74
------------------------------
<Accuracies on Art> test class : 55.42
------------------------------
<Accuracies on Clipart> test class : 52.16
------------------------------
<Accuracies on Product> test class : 72.09
------------------------------
Total epoch time: 231.669

New epoch - lr: 0.003
[1/61 iteration of epoch 32/50] 
 {loss} cls : 0.083, total : 0.083 
 {acc} cls : 98.44
[31/61 iteration of epoch 32/50] 
 {loss} cls : 0.130, total : 0.130 
 {acc} cls : 96.09
[61/61 iteration of epoch 32/50] 
 {loss} cls : 0.159, total : 0.159 
 {acc} cls : 95.31
------------------------------
<Losses on train> cls : 0.105, total : 0.105
<Accuracies on train> cls : 97.37
Train epoch time: 129.981
------------------------------
<Accuracies on val> class : 80.69
------------------------------
<Accuracies on test> class : 60.38
------------------------------
<Accuracies on Art> test class : 57.19
------------------------------
<Accuracies on Clipart> test class : 51.48
------------------------------
<Accuracies on Product> test class : 70.87
------------------------------
Total epoch time: 224.241

New epoch - lr: 0.003
[1/61 iteration of epoch 33/50] 
 {loss} cls : 0.056, total : 0.056 
 {acc} cls : 98.44
[31/61 iteration of epoch 33/50] 
 {loss} cls : 0.100, total : 0.100 
 {acc} cls : 97.66
[61/61 iteration of epoch 33/50] 
 {loss} cls : 0.105, total : 0.105 
 {acc} cls : 97.66
------------------------------
<Losses on train> cls : 0.100, total : 0.100
<Accuracies on train> cls : 97.52
Train epoch time: 117.143
------------------------------
<Accuracies on val> class : 80.00
------------------------------
<Accuracies on test> class : 60.33
------------------------------
<Accuracies on Art> test class : 56.37
------------------------------
<Accuracies on Clipart> test class : 51.50
------------------------------
<Accuracies on Product> test class : 71.19
------------------------------
Total epoch time: 212.058

New epoch - lr: 0.003
[1/61 iteration of epoch 34/50] 
 {loss} cls : 0.061, total : 0.061 
 {acc} cls : 97.66
[31/61 iteration of epoch 34/50] 
 {loss} cls : 0.116, total : 0.116 
 {acc} cls : 96.09
[61/61 iteration of epoch 34/50] 
 {loss} cls : 0.079, total : 0.079 
 {acc} cls : 98.44
------------------------------
<Losses on train> cls : 0.089, total : 0.089
<Accuracies on train> cls : 97.66
Train epoch time: 112.188
------------------------------
<Accuracies on val> class : 78.62
------------------------------
<Accuracies on test> class : 59.77
------------------------------
<Accuracies on Art> test class : 56.16
------------------------------
<Accuracies on Clipart> test class : 50.70
------------------------------
<Accuracies on Product> test class : 70.67
------------------------------
Total epoch time: 217.470

New epoch - lr: 0.003
[1/61 iteration of epoch 35/50] 
 {loss} cls : 0.092, total : 0.092 
 {acc} cls : 98.44
[31/61 iteration of epoch 35/50] 
 {loss} cls : 0.109, total : 0.109 
 {acc} cls : 97.66
[61/61 iteration of epoch 35/50] 
 {loss} cls : 0.079, total : 0.079 
 {acc} cls : 98.44
------------------------------
<Losses on train> cls : 0.089, total : 0.089
<Accuracies on train> cls : 97.80
Train epoch time: 118.242
------------------------------
<Accuracies on val> class : 79.54
------------------------------
<Accuracies on test> class : 59.83
------------------------------
<Accuracies on Art> test class : 55.95
------------------------------
<Accuracies on Clipart> test class : 51.11
------------------------------
<Accuracies on Product> test class : 70.53
------------------------------
Total epoch time: 217.980

New epoch - lr: 0.003
[1/61 iteration of epoch 36/50] 
 {loss} cls : 0.092, total : 0.092 
 {acc} cls : 98.44
[31/61 iteration of epoch 36/50] 
 {loss} cls : 0.049, total : 0.049 
 {acc} cls : 98.44
[61/61 iteration of epoch 36/50] 
 {loss} cls : 0.075, total : 0.075 
 {acc} cls : 97.66
------------------------------
<Losses on train> cls : 0.081, total : 0.081
<Accuracies on train> cls : 98.14
Train epoch time: 138.186
------------------------------
<Accuracies on val> class : 79.54
------------------------------
<Accuracies on test> class : 60.48
------------------------------
<Accuracies on Art> test class : 56.20
------------------------------
<Accuracies on Clipart> test class : 52.12
------------------------------
<Accuracies on Product> test class : 71.03
------------------------------
Total epoch time: 286.493

New epoch - lr: 0.003
[1/61 iteration of epoch 37/50] 
 {loss} cls : 0.093, total : 0.093 
 {acc} cls : 98.44
[31/61 iteration of epoch 37/50] 
 {loss} cls : 0.073, total : 0.073 
 {acc} cls : 99.22
[61/61 iteration of epoch 37/50] 
 {loss} cls : 0.082, total : 0.082 
 {acc} cls : 97.66
------------------------------
<Losses on train> cls : 0.082, total : 0.082
<Accuracies on train> cls : 98.00
Train epoch time: 126.132
------------------------------
<Accuracies on val> class : 79.54
------------------------------
<Accuracies on test> class : 60.10
------------------------------
<Accuracies on Art> test class : 56.45
------------------------------
<Accuracies on Clipart> test class : 51.29
------------------------------
<Accuracies on Product> test class : 70.76
------------------------------
Total epoch time: 235.799

New epoch - lr: 0.003
[1/61 iteration of epoch 38/50] 
 {loss} cls : 0.049, total : 0.049 
 {acc} cls : 98.44
[31/61 iteration of epoch 38/50] 
 {loss} cls : 0.051, total : 0.051 
 {acc} cls : 100.00
[61/61 iteration of epoch 38/50] 
 {loss} cls : 0.051, total : 0.051 
 {acc} cls : 99.22
------------------------------
<Losses on train> cls : 0.073, total : 0.073
<Accuracies on train> cls : 98.37
Train epoch time: 115.727
------------------------------
<Accuracies on val> class : 79.31
------------------------------
<Accuracies on test> class : 60.90
------------------------------
<Accuracies on Art> test class : 56.00
------------------------------
<Accuracies on Clipart> test class : 52.33
------------------------------
<Accuracies on Product> test class : 72.02
------------------------------
Total epoch time: 223.141

New epoch - lr: 0.003
[1/61 iteration of epoch 39/50] 
 {loss} cls : 0.058, total : 0.058 
 {acc} cls : 97.66
[31/61 iteration of epoch 39/50] 
 {loss} cls : 0.100, total : 0.100 
 {acc} cls : 96.88
[61/61 iteration of epoch 39/50] 
 {loss} cls : 0.109, total : 0.109 
 {acc} cls : 96.88
------------------------------
<Losses on train> cls : 0.072, total : 0.072
<Accuracies on train> cls : 98.08
Train epoch time: 114.494
------------------------------
<Accuracies on val> class : 79.08
------------------------------
<Accuracies on test> class : 59.87
------------------------------
<Accuracies on Art> test class : 55.34
------------------------------
<Accuracies on Clipart> test class : 50.86
------------------------------
<Accuracies on Product> test class : 71.21
------------------------------
Total epoch time: 213.380

New epoch - lr: 0.003
[1/61 iteration of epoch 40/50] 
 {loss} cls : 0.061, total : 0.061 
 {acc} cls : 99.22
[31/61 iteration of epoch 40/50] 
 {loss} cls : 0.065, total : 0.065 
 {acc} cls : 99.22
[61/61 iteration of epoch 40/50] 
 {loss} cls : 0.079, total : 0.079 
 {acc} cls : 97.66
------------------------------
<Losses on train> cls : 0.066, total : 0.066
<Accuracies on train> cls : 98.37
Train epoch time: 118.336
------------------------------
<Accuracies on val> class : 80.23
------------------------------
<Accuracies on test> class : 59.93
------------------------------
<Accuracies on Art> test class : 55.67
------------------------------
<Accuracies on Clipart> test class : 51.36
------------------------------
<Accuracies on Product> test class : 70.69
------------------------------
Total epoch time: 211.406

New epoch - lr: 0.003
[1/61 iteration of epoch 41/50] 
 {loss} cls : 0.056, total : 0.056 
 {acc} cls : 98.44
[31/61 iteration of epoch 41/50] 
 {loss} cls : 0.057, total : 0.057 
 {acc} cls : 99.22
[61/61 iteration of epoch 41/50] 
 {loss} cls : 0.125, total : 0.125 
 {acc} cls : 94.53
------------------------------
<Losses on train> cls : 0.067, total : 0.067
<Accuracies on train> cls : 98.57
Train epoch time: 127.616
------------------------------
<Accuracies on val> class : 80.92
------------------------------
<Accuracies on test> class : 59.75
------------------------------
<Accuracies on Art> test class : 55.46
------------------------------
<Accuracies on Clipart> test class : 50.65
------------------------------
<Accuracies on Product> test class : 71.05
------------------------------
Total epoch time: 222.448

New epoch - lr: 0.003
[1/61 iteration of epoch 42/50] 
 {loss} cls : 0.030, total : 0.030 
 {acc} cls : 99.22
[31/61 iteration of epoch 42/50] 
 {loss} cls : 0.069, total : 0.069 
 {acc} cls : 98.44
[61/61 iteration of epoch 42/50] 
 {loss} cls : 0.087, total : 0.087 
 {acc} cls : 97.66
------------------------------
<Losses on train> cls : 0.061, total : 0.061
<Accuracies on train> cls : 98.58
Train epoch time: 136.002
------------------------------
<Accuracies on val> class : 79.31
------------------------------
<Accuracies on test> class : 60.40
------------------------------
<Accuracies on Art> test class : 56.08
------------------------------
<Accuracies on Clipart> test class : 52.03
------------------------------
<Accuracies on Product> test class : 71.01
------------------------------
Total epoch time: 273.168

New epoch - lr: 0.003
[1/61 iteration of epoch 43/50] 
 {loss} cls : 0.051, total : 0.051 
 {acc} cls : 97.66
[31/61 iteration of epoch 43/50] 
 {loss} cls : 0.060, total : 0.060 
 {acc} cls : 98.44
[61/61 iteration of epoch 43/50] 
 {loss} cls : 0.123, total : 0.123 
 {acc} cls : 96.09
------------------------------
<Losses on train> cls : 0.064, total : 0.064
<Accuracies on train> cls : 98.50
Train epoch time: 141.602
------------------------------
<Accuracies on val> class : 80.46
------------------------------
<Accuracies on test> class : 60.28
------------------------------
<Accuracies on Art> test class : 56.20
------------------------------
<Accuracies on Clipart> test class : 51.59
------------------------------
<Accuracies on Product> test class : 71.05
------------------------------
Total epoch time: 256.349

New epoch - lr: 0.003
[1/61 iteration of epoch 44/50] 
 {loss} cls : 0.054, total : 0.054 
 {acc} cls : 100.00
[31/61 iteration of epoch 44/50] 
 {loss} cls : 0.046, total : 0.046 
 {acc} cls : 100.00
[61/61 iteration of epoch 44/50] 
 {loss} cls : 0.134, total : 0.134 
 {acc} cls : 96.09
------------------------------
<Losses on train> cls : 0.062, total : 0.062
<Accuracies on train> cls : 98.60
Train epoch time: 115.167
------------------------------
<Accuracies on val> class : 79.54
------------------------------
<Accuracies on test> class : 60.33
------------------------------
<Accuracies on Art> test class : 56.41
------------------------------
<Accuracies on Clipart> test class : 51.89
------------------------------
<Accuracies on Product> test class : 70.78
------------------------------
Total epoch time: 210.585

New epoch - lr: 0.0009000000000000002
[1/61 iteration of epoch 45/50] 
 {loss} cls : 0.035, total : 0.035 
 {acc} cls : 99.22
[31/61 iteration of epoch 45/50] 
 {loss} cls : 0.037, total : 0.037 
 {acc} cls : 99.22
[61/61 iteration of epoch 45/50] 
 {loss} cls : 0.060, total : 0.060 
 {acc} cls : 98.44
------------------------------
<Losses on train> cls : 0.053, total : 0.053
<Accuracies on train> cls : 98.81
Train epoch time: 145.604
------------------------------
<Accuracies on val> class : 80.00
------------------------------
<Accuracies on test> class : 60.89
------------------------------
<Accuracies on Art> test class : 56.57
------------------------------
<Accuracies on Clipart> test class : 52.33
------------------------------
<Accuracies on Product> test class : 71.66
------------------------------
Total epoch time: 239.131

New epoch - lr: 0.0009000000000000002
[1/61 iteration of epoch 46/50] 
 {loss} cls : 0.044, total : 0.044 
 {acc} cls : 98.44
[31/61 iteration of epoch 46/50] 
 {loss} cls : 0.033, total : 0.033 
 {acc} cls : 100.00
[61/61 iteration of epoch 46/50] 
 {loss} cls : 0.095, total : 0.095 
 {acc} cls : 97.66
------------------------------
<Losses on train> cls : 0.046, total : 0.046
<Accuracies on train> cls : 99.04
Train epoch time: 139.091
------------------------------
<Accuracies on val> class : 81.15
------------------------------
<Accuracies on test> class : 60.83
------------------------------
<Accuracies on Art> test class : 56.74
------------------------------
<Accuracies on Clipart> test class : 52.33
------------------------------
<Accuracies on Product> test class : 71.44
------------------------------
Total epoch time: 264.523

New epoch - lr: 0.0009000000000000002
[1/61 iteration of epoch 47/50] 
 {loss} cls : 0.057, total : 0.057 
 {acc} cls : 98.44
[31/61 iteration of epoch 47/50] 
 {loss} cls : 0.046, total : 0.046 
 {acc} cls : 98.44
[61/61 iteration of epoch 47/50] 
 {loss} cls : 0.035, total : 0.035 
 {acc} cls : 99.22
------------------------------
<Losses on train> cls : 0.042, total : 0.042
<Accuracies on train> cls : 99.19
Train epoch time: 121.044
------------------------------
<Accuracies on val> class : 80.00
------------------------------
<Accuracies on test> class : 60.71
------------------------------
<Accuracies on Art> test class : 55.95
------------------------------
<Accuracies on Clipart> test class : 52.19
------------------------------
<Accuracies on Product> test class : 71.68
------------------------------
Total epoch time: 217.847

New epoch - lr: 0.0009000000000000002
[1/61 iteration of epoch 48/50] 
 {loss} cls : 0.065, total : 0.065 
 {acc} cls : 97.66
[31/61 iteration of epoch 48/50] 
 {loss} cls : 0.032, total : 0.032 
 {acc} cls : 100.00
[61/61 iteration of epoch 48/50] 
 {loss} cls : 0.043, total : 0.043 
 {acc} cls : 99.22
------------------------------
<Losses on train> cls : 0.039, total : 0.039
<Accuracies on train> cls : 99.23
Train epoch time: 116.530
------------------------------
<Accuracies on val> class : 80.23
------------------------------
<Accuracies on test> class : 60.89
------------------------------
<Accuracies on Art> test class : 56.61
------------------------------
<Accuracies on Clipart> test class : 52.44
------------------------------
<Accuracies on Product> test class : 71.53
------------------------------
Total epoch time: 219.480

New epoch - lr: 0.0009000000000000002
[1/61 iteration of epoch 49/50] 
 {loss} cls : 0.028, total : 0.028 
 {acc} cls : 99.22
[31/61 iteration of epoch 49/50] 
 {loss} cls : 0.022, total : 0.022 
 {acc} cls : 100.00
[61/61 iteration of epoch 49/50] 
 {loss} cls : 0.049, total : 0.049 
 {acc} cls : 97.66
------------------------------
<Losses on train> cls : 0.043, total : 0.043
<Accuracies on train> cls : 99.17
Train epoch time: 149.060
------------------------------
<Accuracies on val> class : 79.77
------------------------------
<Accuracies on test> class : 61.24
------------------------------
<Accuracies on Art> test class : 56.94
------------------------------
<Accuracies on Clipart> test class : 52.67
------------------------------
<Accuracies on Product> test class : 72.02
------------------------------
Total epoch time: 246.011

New epoch - lr: 0.0009000000000000002
[1/61 iteration of epoch 50/50] 
 {loss} cls : 0.027, total : 0.027 
 {acc} cls : 100.00
[31/61 iteration of epoch 50/50] 
 {loss} cls : 0.042, total : 0.042 
 {acc} cls : 99.22
[61/61 iteration of epoch 50/50] 
 {loss} cls : 0.071, total : 0.071 
 {acc} cls : 96.88
------------------------------
<Losses on train> cls : 0.036, total : 0.036
<Accuracies on train> cls : 99.35
Train epoch time: 125.341
------------------------------
<Accuracies on val> class : 80.23
------------------------------
<Accuracies on test> class : 61.14
------------------------------
<Accuracies on Art> test class : 56.41
------------------------------
<Accuracies on Clipart> test class : 52.69
------------------------------
<Accuracies on Product> test class : 72.04
------------------------------
Total epoch time: 226.541

******************************
Best val 0.811494, corresponding test 0.608316 - best test: 0.612412

******************************
Best val 0.8114942312240601, corresponding Art test 0.5673671364784241

******************************
Best val 0.8114942312240601, corresponding Clipart test 0.5232531428337097

******************************
Best val 0.8114942312240601, corresponding Product test 0.7143501043319702
