
Loading experiment Officehome/ResNet18_step

Sample Strategy: all

New epoch - lr: 0.003
[1/34 iteration of epoch 1/50] 
 {loss} cls : 4.449, total : 4.449 
 {acc} cls : 0.00
[31/34 iteration of epoch 1/50] 
 {loss} cls : 1.576, total : 1.576 
 {acc} cls : 64.84
------------------------------
<Losses on train> cls : 2.566, total : 2.566
<Accuracies on train> cls : 41.27
Train epoch time: 42.682
------------------------------
<Accuracies on val> class : 51.24
------------------------------
<Accuracies on test> class : 47.29
------------------------------
<Accuracies on Clipart> test class : 38.24
------------------------------
<Accuracies on Product> test class : 46.74
------------------------------
<Accuracies on Real_World> test class : 56.92
------------------------------
Total epoch time: 291.835

New epoch - lr: 0.003
[1/34 iteration of epoch 2/50] 
 {loss} cls : 1.213, total : 1.213 
 {acc} cls : 65.62
[31/34 iteration of epoch 2/50] 
 {loss} cls : 0.971, total : 0.971 
 {acc} cls : 76.56
------------------------------
<Losses on train> cls : 1.109, total : 1.109
<Accuracies on train> cls : 70.34
Train epoch time: 41.381
------------------------------
<Accuracies on val> class : 57.85
------------------------------
<Accuracies on test> class : 60.17
------------------------------
<Accuracies on Clipart> test class : 47.79
------------------------------
<Accuracies on Product> test class : 62.58
------------------------------
<Accuracies on Real_World> test class : 70.12
------------------------------
Total epoch time: 287.289

New epoch - lr: 0.003
[1/34 iteration of epoch 3/50] 
 {loss} cls : 0.934, total : 0.934 
 {acc} cls : 73.44
[31/34 iteration of epoch 3/50] 
 {loss} cls : 0.733, total : 0.733 
 {acc} cls : 80.47
------------------------------
<Losses on train> cls : 0.814, total : 0.814
<Accuracies on train> cls : 77.39
Train epoch time: 37.949
------------------------------
<Accuracies on val> class : 56.61
------------------------------
<Accuracies on test> class : 59.78
------------------------------
<Accuracies on Clipart> test class : 46.32
------------------------------
<Accuracies on Product> test class : 62.58
------------------------------
<Accuracies on Real_World> test class : 70.39
------------------------------
Total epoch time: 284.668

New epoch - lr: 0.003
[1/34 iteration of epoch 4/50] 
 {loss} cls : 0.530, total : 0.530 
 {acc} cls : 88.28
[31/34 iteration of epoch 4/50] 
 {loss} cls : 0.675, total : 0.675 
 {acc} cls : 80.47
------------------------------
<Losses on train> cls : 0.625, total : 0.625
<Accuracies on train> cls : 82.35
Train epoch time: 38.064
------------------------------
<Accuracies on val> class : 61.16
------------------------------
<Accuracies on test> class : 61.51
------------------------------
<Accuracies on Clipart> test class : 50.10
------------------------------
<Accuracies on Product> test class : 63.44
------------------------------
<Accuracies on Real_World> test class : 70.97
------------------------------
Total epoch time: 287.713

New epoch - lr: 0.003
[1/34 iteration of epoch 5/50] 
 {loss} cls : 0.465, total : 0.465 
 {acc} cls : 86.72
[31/34 iteration of epoch 5/50] 
 {loss} cls : 0.413, total : 0.413 
 {acc} cls : 85.16
------------------------------
<Losses on train> cls : 0.528, total : 0.528
<Accuracies on train> cls : 85.04
Train epoch time: 37.688
------------------------------
<Accuracies on val> class : 60.33
------------------------------
<Accuracies on test> class : 60.63
------------------------------
<Accuracies on Clipart> test class : 49.60
------------------------------
<Accuracies on Product> test class : 61.64
------------------------------
<Accuracies on Real_World> test class : 70.64
------------------------------
Total epoch time: 286.221

New epoch - lr: 0.003
[1/34 iteration of epoch 6/50] 
 {loss} cls : 0.507, total : 0.507 
 {acc} cls : 87.50
[31/34 iteration of epoch 6/50] 
 {loss} cls : 0.407, total : 0.407 
 {acc} cls : 90.62
------------------------------
<Losses on train> cls : 0.460, total : 0.460
<Accuracies on train> cls : 87.73
Train epoch time: 36.839
------------------------------
<Accuracies on val> class : 60.33
------------------------------
<Accuracies on test> class : 62.87
------------------------------
<Accuracies on Clipart> test class : 50.45
------------------------------
<Accuracies on Product> test class : 65.17
------------------------------
<Accuracies on Real_World> test class : 72.96
------------------------------
Total epoch time: 284.581

New epoch - lr: 0.003
[1/34 iteration of epoch 7/50] 
 {loss} cls : 0.227, total : 0.227 
 {acc} cls : 96.09
[31/34 iteration of epoch 7/50] 
 {loss} cls : 0.402, total : 0.402 
 {acc} cls : 88.28
------------------------------
<Losses on train> cls : 0.381, total : 0.381
<Accuracies on train> cls : 89.82
Train epoch time: 37.173
------------------------------
<Accuracies on val> class : 61.98
------------------------------
<Accuracies on test> class : 62.58
------------------------------
<Accuracies on Clipart> test class : 50.13
------------------------------
<Accuracies on Product> test class : 65.51
------------------------------
<Accuracies on Real_World> test class : 72.07
------------------------------
Total epoch time: 286.268

New epoch - lr: 0.003
[1/34 iteration of epoch 8/50] 
 {loss} cls : 0.295, total : 0.295 
 {acc} cls : 92.19
[31/34 iteration of epoch 8/50] 
 {loss} cls : 0.399, total : 0.399 
 {acc} cls : 92.19
------------------------------
<Losses on train> cls : 0.343, total : 0.343
<Accuracies on train> cls : 90.88
Train epoch time: 38.767
------------------------------
<Accuracies on val> class : 65.29
------------------------------
<Accuracies on test> class : 62.96
------------------------------
<Accuracies on Clipart> test class : 51.18
------------------------------
<Accuracies on Product> test class : 65.35
------------------------------
<Accuracies on Real_World> test class : 72.32
------------------------------
Total epoch time: 286.948

New epoch - lr: 0.003
[1/34 iteration of epoch 9/50] 
 {loss} cls : 0.315, total : 0.315 
 {acc} cls : 93.75
[31/34 iteration of epoch 9/50] 
 {loss} cls : 0.305, total : 0.305 
 {acc} cls : 92.19
------------------------------
<Losses on train> cls : 0.291, total : 0.291
<Accuracies on train> cls : 92.53
Train epoch time: 37.720
------------------------------
<Accuracies on val> class : 63.64
------------------------------
<Accuracies on test> class : 61.69
------------------------------
<Accuracies on Clipart> test class : 50.22
------------------------------
<Accuracies on Product> test class : 63.35
------------------------------
<Accuracies on Real_World> test class : 71.49
------------------------------
Total epoch time: 286.052

New epoch - lr: 0.003
[1/34 iteration of epoch 10/50] 
 {loss} cls : 0.217, total : 0.217 
 {acc} cls : 93.75
[31/34 iteration of epoch 10/50] 
 {loss} cls : 0.267, total : 0.267 
 {acc} cls : 93.75
------------------------------
<Losses on train> cls : 0.256, total : 0.256
<Accuracies on train> cls : 93.52
Train epoch time: 37.677
------------------------------
<Accuracies on val> class : 64.88
------------------------------
<Accuracies on test> class : 63.99
------------------------------
<Accuracies on Clipart> test class : 51.66
------------------------------
<Accuracies on Product> test class : 67.09
------------------------------
<Accuracies on Real_World> test class : 73.19
------------------------------
Total epoch time: 286.440

New epoch - lr: 0.003
[1/34 iteration of epoch 11/50] 
 {loss} cls : 0.166, total : 0.166 
 {acc} cls : 96.09
[31/34 iteration of epoch 11/50] 
 {loss} cls : 0.183, total : 0.183 
 {acc} cls : 96.88
------------------------------
<Losses on train> cls : 0.211, total : 0.211
<Accuracies on train> cls : 95.08
Train epoch time: 37.794
------------------------------
<Accuracies on val> class : 66.94
------------------------------
<Accuracies on test> class : 63.53
------------------------------
<Accuracies on Clipart> test class : 51.13
------------------------------
<Accuracies on Product> test class : 66.41
------------------------------
<Accuracies on Real_World> test class : 73.01
------------------------------
Total epoch time: 288.530

New epoch - lr: 0.003
[1/34 iteration of epoch 12/50] 
 {loss} cls : 0.137, total : 0.137 
 {acc} cls : 97.66
[31/34 iteration of epoch 12/50] 
 {loss} cls : 0.289, total : 0.289 
 {acc} cls : 93.75
------------------------------
<Losses on train> cls : 0.187, total : 0.187
<Accuracies on train> cls : 95.40
Train epoch time: 39.896
------------------------------
<Accuracies on val> class : 65.29
------------------------------
<Accuracies on test> class : 63.52
------------------------------
<Accuracies on Clipart> test class : 51.78
------------------------------
<Accuracies on Product> test class : 65.67
------------------------------
<Accuracies on Real_World> test class : 73.10
------------------------------
Total epoch time: 283.600

New epoch - lr: 0.003
[1/34 iteration of epoch 13/50] 
 {loss} cls : 0.139, total : 0.139 
 {acc} cls : 95.31
[31/34 iteration of epoch 13/50] 
 {loss} cls : 0.205, total : 0.205 
 {acc} cls : 93.75
------------------------------
<Losses on train> cls : 0.187, total : 0.187
<Accuracies on train> cls : 95.11
Train epoch time: 38.931
------------------------------
<Accuracies on val> class : 65.70
------------------------------
<Accuracies on test> class : 63.59
------------------------------
<Accuracies on Clipart> test class : 52.03
------------------------------
<Accuracies on Product> test class : 65.65
------------------------------
<Accuracies on Real_World> test class : 73.08
------------------------------
Total epoch time: 281.060

New epoch - lr: 0.003
[1/34 iteration of epoch 14/50] 
 {loss} cls : 0.215, total : 0.215 
 {acc} cls : 95.31
[31/34 iteration of epoch 14/50] 
 {loss} cls : 0.114, total : 0.114 
 {acc} cls : 96.88
------------------------------
<Losses on train> cls : 0.168, total : 0.168
<Accuracies on train> cls : 95.66
Train epoch time: 39.282
------------------------------
<Accuracies on val> class : 66.94
------------------------------
<Accuracies on test> class : 63.57
------------------------------
<Accuracies on Clipart> test class : 51.71
------------------------------
<Accuracies on Product> test class : 66.05
------------------------------
<Accuracies on Real_World> test class : 72.94
------------------------------
Total epoch time: 281.183

New epoch - lr: 0.003
[1/34 iteration of epoch 15/50] 
 {loss} cls : 0.081, total : 0.081 
 {acc} cls : 97.66
[31/34 iteration of epoch 15/50] 
 {loss} cls : 0.111, total : 0.111 
 {acc} cls : 98.44
------------------------------
<Losses on train> cls : 0.155, total : 0.155
<Accuracies on train> cls : 96.19
Train epoch time: 35.836
------------------------------
<Accuracies on val> class : 63.22
------------------------------
<Accuracies on test> class : 62.78
------------------------------
<Accuracies on Clipart> test class : 51.11
------------------------------
<Accuracies on Product> test class : 65.65
------------------------------
<Accuracies on Real_World> test class : 71.54
------------------------------
Total epoch time: 265.103

New epoch - lr: 0.003
[1/34 iteration of epoch 16/50] 
 {loss} cls : 0.117, total : 0.117 
 {acc} cls : 96.09
[31/34 iteration of epoch 16/50] 
 {loss} cls : 0.166, total : 0.166 
 {acc} cls : 95.31
------------------------------
<Losses on train> cls : 0.142, total : 0.142
<Accuracies on train> cls : 96.71
Train epoch time: 35.766
------------------------------
<Accuracies on val> class : 66.12
------------------------------
<Accuracies on test> class : 62.69
------------------------------
<Accuracies on Clipart> test class : 50.40
------------------------------
<Accuracies on Product> test class : 65.04
------------------------------
<Accuracies on Real_World> test class : 72.60
------------------------------
Total epoch time: 267.721

New epoch - lr: 0.003
[1/34 iteration of epoch 17/50] 
 {loss} cls : 0.136, total : 0.136 
 {acc} cls : 97.66
[31/34 iteration of epoch 17/50] 
 {loss} cls : 0.102, total : 0.102 
 {acc} cls : 97.66
------------------------------
<Losses on train> cls : 0.129, total : 0.129
<Accuracies on train> cls : 97.01
Train epoch time: 36.847
------------------------------
<Accuracies on val> class : 63.64
------------------------------
<Accuracies on test> class : 62.91
------------------------------
<Accuracies on Clipart> test class : 51.04
------------------------------
<Accuracies on Product> test class : 65.40
------------------------------
<Accuracies on Real_World> test class : 72.27
------------------------------
Total epoch time: 263.924

New epoch - lr: 0.003
[1/34 iteration of epoch 18/50] 
 {loss} cls : 0.112, total : 0.112 
 {acc} cls : 97.66
[31/34 iteration of epoch 18/50] 
 {loss} cls : 0.089, total : 0.089 
 {acc} cls : 99.22
------------------------------
<Losses on train> cls : 0.113, total : 0.113
<Accuracies on train> cls : 97.20
Train epoch time: 38.172
------------------------------
<Accuracies on val> class : 63.22
------------------------------
<Accuracies on test> class : 63.12
------------------------------
<Accuracies on Clipart> test class : 51.55
------------------------------
<Accuracies on Product> test class : 65.13
------------------------------
<Accuracies on Real_World> test class : 72.66
------------------------------
Total epoch time: 264.717

New epoch - lr: 0.003
[1/34 iteration of epoch 19/50] 
 {loss} cls : 0.103, total : 0.103 
 {acc} cls : 96.88
[31/34 iteration of epoch 19/50] 
 {loss} cls : 0.127, total : 0.127 
 {acc} cls : 97.66
------------------------------
<Losses on train> cls : 0.112, total : 0.112
<Accuracies on train> cls : 97.40
Train epoch time: 40.587
------------------------------
<Accuracies on val> class : 64.88
------------------------------
<Accuracies on test> class : 62.84
------------------------------
<Accuracies on Clipart> test class : 51.50
------------------------------
<Accuracies on Product> test class : 64.92
------------------------------
<Accuracies on Real_World> test class : 72.07
------------------------------
Total epoch time: 266.628

New epoch - lr: 0.003
[1/34 iteration of epoch 20/50] 
 {loss} cls : 0.083, total : 0.083 
 {acc} cls : 96.88
[31/34 iteration of epoch 20/50] 
 {loss} cls : 0.061, total : 0.061 
 {acc} cls : 99.22
------------------------------
<Losses on train> cls : 0.100, total : 0.100
<Accuracies on train> cls : 97.70
Train epoch time: 38.995
------------------------------
<Accuracies on val> class : 66.94
------------------------------
<Accuracies on test> class : 63.36
------------------------------
<Accuracies on Clipart> test class : 51.52
------------------------------
<Accuracies on Product> test class : 65.40
------------------------------
<Accuracies on Real_World> test class : 73.15
------------------------------
Total epoch time: 266.847

New epoch - lr: 0.003
[1/34 iteration of epoch 21/50] 
 {loss} cls : 0.107, total : 0.107 
 {acc} cls : 96.88
[31/34 iteration of epoch 21/50] 
 {loss} cls : 0.057, total : 0.057 
 {acc} cls : 99.22
------------------------------
<Losses on train> cls : 0.100, total : 0.100
<Accuracies on train> cls : 97.56
Train epoch time: 36.955
------------------------------
<Accuracies on val> class : 65.70
------------------------------
<Accuracies on test> class : 63.56
------------------------------
<Accuracies on Clipart> test class : 51.73
------------------------------
<Accuracies on Product> test class : 66.05
------------------------------
<Accuracies on Real_World> test class : 72.87
------------------------------
Total epoch time: 262.975

New epoch - lr: 0.003
[1/34 iteration of epoch 22/50] 
 {loss} cls : 0.060, total : 0.060 
 {acc} cls : 99.22
[31/34 iteration of epoch 22/50] 
 {loss} cls : 0.113, total : 0.113 
 {acc} cls : 97.66
------------------------------
<Losses on train> cls : 0.097, total : 0.097
<Accuracies on train> cls : 97.75
Train epoch time: 35.669
------------------------------
<Accuracies on val> class : 66.94
------------------------------
<Accuracies on test> class : 63.38
------------------------------
<Accuracies on Clipart> test class : 51.96
------------------------------
<Accuracies on Product> test class : 65.19
------------------------------
<Accuracies on Real_World> test class : 72.99
------------------------------
Total epoch time: 268.385

New epoch - lr: 0.003
[1/34 iteration of epoch 23/50] 
 {loss} cls : 0.085, total : 0.085 
 {acc} cls : 98.44
[31/34 iteration of epoch 23/50] 
 {loss} cls : 0.127, total : 0.127 
 {acc} cls : 96.88
------------------------------
<Losses on train> cls : 0.086, total : 0.086
<Accuracies on train> cls : 98.00
Train epoch time: 36.413
------------------------------
<Accuracies on val> class : 65.70
------------------------------
<Accuracies on test> class : 63.44
------------------------------
<Accuracies on Clipart> test class : 51.68
------------------------------
<Accuracies on Product> test class : 65.69
------------------------------
<Accuracies on Real_World> test class : 72.92
------------------------------
Total epoch time: 272.255

New epoch - lr: 0.003
[1/34 iteration of epoch 24/50] 
 {loss} cls : 0.063, total : 0.063 
 {acc} cls : 97.66
[31/34 iteration of epoch 24/50] 
 {loss} cls : 0.040, total : 0.040 
 {acc} cls : 100.00
------------------------------
<Losses on train> cls : 0.087, total : 0.087
<Accuracies on train> cls : 97.84
Train epoch time: 36.072
------------------------------
<Accuracies on val> class : 66.12
------------------------------
<Accuracies on test> class : 64.00
------------------------------
<Accuracies on Clipart> test class : 52.69
------------------------------
<Accuracies on Product> test class : 66.46
------------------------------
<Accuracies on Real_World> test class : 72.83
------------------------------
Total epoch time: 269.860

New epoch - lr: 0.003
[1/34 iteration of epoch 25/50] 
 {loss} cls : 0.072, total : 0.072 
 {acc} cls : 98.44
[31/34 iteration of epoch 25/50] 
 {loss} cls : 0.057, total : 0.057 
 {acc} cls : 99.22
------------------------------
<Losses on train> cls : 0.070, total : 0.070
<Accuracies on train> cls : 98.37
Train epoch time: 36.488
------------------------------
<Accuracies on val> class : 69.42
------------------------------
<Accuracies on test> class : 64.81
------------------------------
<Accuracies on Clipart> test class : 53.70
------------------------------
<Accuracies on Product> test class : 67.27
------------------------------
<Accuracies on Real_World> test class : 73.42
------------------------------
Total epoch time: 269.962

New epoch - lr: 0.003
[1/34 iteration of epoch 26/50] 
 {loss} cls : 0.050, total : 0.050 
 {acc} cls : 99.22
[31/34 iteration of epoch 26/50] 
 {loss} cls : 0.109, total : 0.109 
 {acc} cls : 96.88
------------------------------
<Losses on train> cls : 0.071, total : 0.071
<Accuracies on train> cls : 98.58
Train epoch time: 35.996
------------------------------
<Accuracies on val> class : 66.12
------------------------------
<Accuracies on test> class : 63.45
------------------------------
<Accuracies on Clipart> test class : 51.84
------------------------------
<Accuracies on Product> test class : 65.98
------------------------------
<Accuracies on Real_World> test class : 72.48
------------------------------
Total epoch time: 270.008

New epoch - lr: 0.003
[1/34 iteration of epoch 27/50] 
 {loss} cls : 0.109, total : 0.109 
 {acc} cls : 96.88
[31/34 iteration of epoch 27/50] 
 {loss} cls : 0.055, total : 0.055 
 {acc} cls : 99.22
------------------------------
<Losses on train> cls : 0.060, total : 0.060
<Accuracies on train> cls : 98.83
Train epoch time: 36.592
------------------------------
<Accuracies on val> class : 64.88
------------------------------
<Accuracies on test> class : 64.43
------------------------------
<Accuracies on Clipart> test class : 53.49
------------------------------
<Accuracies on Product> test class : 66.84
------------------------------
<Accuracies on Real_World> test class : 72.94
------------------------------
Total epoch time: 268.847

New epoch - lr: 0.003
[1/34 iteration of epoch 28/50] 
 {loss} cls : 0.055, total : 0.055 
 {acc} cls : 98.44
[31/34 iteration of epoch 28/50] 
 {loss} cls : 0.128, total : 0.128 
 {acc} cls : 96.09
------------------------------
<Losses on train> cls : 0.065, total : 0.065
<Accuracies on train> cls : 98.62
Train epoch time: 35.943
------------------------------
<Accuracies on val> class : 68.18
------------------------------
<Accuracies on test> class : 64.30
------------------------------
<Accuracies on Clipart> test class : 53.15
------------------------------
<Accuracies on Product> test class : 67.11
------------------------------
<Accuracies on Real_World> test class : 72.60
------------------------------
Total epoch time: 269.734

New epoch - lr: 0.003
[1/34 iteration of epoch 29/50] 
 {loss} cls : 0.026, total : 0.026 
 {acc} cls : 100.00
[31/34 iteration of epoch 29/50] 
 {loss} cls : 0.044, total : 0.044 
 {acc} cls : 100.00
------------------------------
<Losses on train> cls : 0.062, total : 0.062
<Accuracies on train> cls : 98.71
Train epoch time: 35.549
------------------------------
<Accuracies on val> class : 66.12
------------------------------
<Accuracies on test> class : 63.81
------------------------------
<Accuracies on Clipart> test class : 52.69
------------------------------
<Accuracies on Product> test class : 66.05
------------------------------
<Accuracies on Real_World> test class : 72.66
------------------------------
Total epoch time: 267.541

New epoch - lr: 0.003
[1/34 iteration of epoch 30/50] 
 {loss} cls : 0.047, total : 0.047 
 {acc} cls : 99.22
[31/34 iteration of epoch 30/50] 
 {loss} cls : 0.085, total : 0.085 
 {acc} cls : 97.66
------------------------------
<Losses on train> cls : 0.057, total : 0.057
<Accuracies on train> cls : 98.74
Train epoch time: 36.496
------------------------------
<Accuracies on val> class : 66.94
------------------------------
<Accuracies on test> class : 63.15
------------------------------
<Accuracies on Clipart> test class : 51.57
------------------------------
<Accuracies on Product> test class : 66.01
------------------------------
<Accuracies on Real_World> test class : 71.84
------------------------------
Total epoch time: 268.022

New epoch - lr: 0.003
[1/34 iteration of epoch 31/50] 
 {loss} cls : 0.050, total : 0.050 
 {acc} cls : 99.22
[31/34 iteration of epoch 31/50] 
 {loss} cls : 0.030, total : 0.030 
 {acc} cls : 100.00
------------------------------
<Losses on train> cls : 0.062, total : 0.062
<Accuracies on train> cls : 98.53
Train epoch time: 36.798
------------------------------
<Accuracies on val> class : 65.70
------------------------------
<Accuracies on test> class : 64.60
------------------------------
<Accuracies on Clipart> test class : 53.08
------------------------------
<Accuracies on Product> test class : 67.43
------------------------------
<Accuracies on Real_World> test class : 73.26
------------------------------
Total epoch time: 268.571

New epoch - lr: 0.003
[1/34 iteration of epoch 32/50] 
 {loss} cls : 0.060, total : 0.060 
 {acc} cls : 99.22
[31/34 iteration of epoch 32/50] 
 {loss} cls : 0.034, total : 0.034 
 {acc} cls : 100.00
------------------------------
<Losses on train> cls : 0.050, total : 0.050
<Accuracies on train> cls : 99.10
Train epoch time: 35.714
------------------------------
<Accuracies on val> class : 66.53
------------------------------
<Accuracies on test> class : 63.48
------------------------------
<Accuracies on Clipart> test class : 52.14
------------------------------
<Accuracies on Product> test class : 65.74
------------------------------
<Accuracies on Real_World> test class : 72.55
------------------------------
Total epoch time: 268.262

New epoch - lr: 0.003
[1/34 iteration of epoch 33/50] 
 {loss} cls : 0.022, total : 0.022 
 {acc} cls : 99.22
[31/34 iteration of epoch 33/50] 
 {loss} cls : 0.117, total : 0.117 
 {acc} cls : 96.09
------------------------------
<Losses on train> cls : 0.055, total : 0.055
<Accuracies on train> cls : 98.94
Train epoch time: 36.438
------------------------------
<Accuracies on val> class : 67.36
------------------------------
<Accuracies on test> class : 63.92
------------------------------
<Accuracies on Clipart> test class : 52.55
------------------------------
<Accuracies on Product> test class : 66.70
------------------------------
<Accuracies on Real_World> test class : 72.48
------------------------------
Total epoch time: 269.950

New epoch - lr: 0.003
[1/34 iteration of epoch 34/50] 
 {loss} cls : 0.036, total : 0.036 
 {acc} cls : 100.00
[31/34 iteration of epoch 34/50] 
 {loss} cls : 0.082, total : 0.082 
 {acc} cls : 96.88
------------------------------
<Losses on train> cls : 0.048, total : 0.048
<Accuracies on train> cls : 98.99
Train epoch time: 36.736
------------------------------
<Accuracies on val> class : 64.05
------------------------------
<Accuracies on test> class : 63.76
------------------------------
<Accuracies on Clipart> test class : 51.96
------------------------------
<Accuracies on Product> test class : 66.43
------------------------------
<Accuracies on Real_World> test class : 72.87
------------------------------
Total epoch time: 271.940

New epoch - lr: 0.003
[1/34 iteration of epoch 35/50] 
 {loss} cls : 0.062, total : 0.062 
 {acc} cls : 99.22
[31/34 iteration of epoch 35/50] 
 {loss} cls : 0.028, total : 0.028 
 {acc} cls : 100.00
------------------------------
<Losses on train> cls : 0.044, total : 0.044
<Accuracies on train> cls : 99.22
Train epoch time: 36.965
------------------------------
<Accuracies on val> class : 66.94
------------------------------
<Accuracies on test> class : 64.19
------------------------------
<Accuracies on Clipart> test class : 52.85
------------------------------
<Accuracies on Product> test class : 66.57
------------------------------
<Accuracies on Real_World> test class : 73.12
------------------------------
Total epoch time: 270.365

New epoch - lr: 0.003
[1/34 iteration of epoch 36/50] 
 {loss} cls : 0.017, total : 0.017 
 {acc} cls : 100.00
[31/34 iteration of epoch 36/50] 
 {loss} cls : 0.058, total : 0.058 
 {acc} cls : 97.66
------------------------------
<Losses on train> cls : 0.046, total : 0.046
<Accuracies on train> cls : 98.99
Train epoch time: 36.337
------------------------------
<Accuracies on val> class : 65.70
------------------------------
<Accuracies on test> class : 63.59
------------------------------
<Accuracies on Clipart> test class : 52.39
------------------------------
<Accuracies on Product> test class : 66.12
------------------------------
<Accuracies on Real_World> test class : 72.23
------------------------------
Total epoch time: 268.373

New epoch - lr: 0.003
[1/34 iteration of epoch 37/50] 
 {loss} cls : 0.040, total : 0.040 
 {acc} cls : 99.22
[31/34 iteration of epoch 37/50] 
 {loss} cls : 0.028, total : 0.028 
 {acc} cls : 100.00
------------------------------
<Losses on train> cls : 0.037, total : 0.037
<Accuracies on train> cls : 99.40
Train epoch time: 39.066
------------------------------
<Accuracies on val> class : 66.12
------------------------------
<Accuracies on test> class : 64.18
------------------------------
<Accuracies on Clipart> test class : 53.26
------------------------------
<Accuracies on Product> test class : 66.30
------------------------------
<Accuracies on Real_World> test class : 72.96
------------------------------
Total epoch time: 272.067

New epoch - lr: 0.003
[1/34 iteration of epoch 38/50] 
 {loss} cls : 0.045, total : 0.045 
 {acc} cls : 100.00
[31/34 iteration of epoch 38/50] 
 {loss} cls : 0.049, total : 0.049 
 {acc} cls : 99.22
------------------------------
<Losses on train> cls : 0.039, total : 0.039
<Accuracies on train> cls : 99.33
Train epoch time: 39.652
------------------------------
<Accuracies on val> class : 65.70
------------------------------
<Accuracies on test> class : 64.40
------------------------------
<Accuracies on Clipart> test class : 52.88
------------------------------
<Accuracies on Product> test class : 67.31
------------------------------
<Accuracies on Real_World> test class : 72.99
------------------------------
Total epoch time: 271.777

New epoch - lr: 0.003
[1/34 iteration of epoch 39/50] 
 {loss} cls : 0.027, total : 0.027 
 {acc} cls : 100.00
[31/34 iteration of epoch 39/50] 
 {loss} cls : 0.064, total : 0.064 
 {acc} cls : 98.44
------------------------------
<Losses on train> cls : 0.043, total : 0.043
<Accuracies on train> cls : 99.20
Train epoch time: 37.172
------------------------------
<Accuracies on val> class : 65.70
------------------------------
<Accuracies on test> class : 64.33
------------------------------
<Accuracies on Clipart> test class : 52.88
------------------------------
<Accuracies on Product> test class : 67.18
------------------------------
<Accuracies on Real_World> test class : 72.89
------------------------------
Total epoch time: 268.398

New epoch - lr: 0.003
[1/34 iteration of epoch 40/50] 
 {loss} cls : 0.049, total : 0.049 
 {acc} cls : 98.44
[31/34 iteration of epoch 40/50] 
 {loss} cls : 0.032, total : 0.032 
 {acc} cls : 100.00
------------------------------
<Losses on train> cls : 0.037, total : 0.037
<Accuracies on train> cls : 99.38
Train epoch time: 41.530
------------------------------
<Accuracies on val> class : 67.36
------------------------------
<Accuracies on test> class : 63.77
------------------------------
<Accuracies on Clipart> test class : 51.66
------------------------------
<Accuracies on Product> test class : 66.59
------------------------------
<Accuracies on Real_World> test class : 73.03
------------------------------
Total epoch time: 282.504

New epoch - lr: 0.003
[1/34 iteration of epoch 41/50] 
 {loss} cls : 0.021, total : 0.021 
 {acc} cls : 100.00
[31/34 iteration of epoch 41/50] 
 {loss} cls : 0.038, total : 0.038 
 {acc} cls : 99.22
------------------------------
<Losses on train> cls : 0.041, total : 0.041
<Accuracies on train> cls : 99.13
Train epoch time: 38.913
------------------------------
<Accuracies on val> class : 66.12
------------------------------
<Accuracies on test> class : 64.21
------------------------------
<Accuracies on Clipart> test class : 52.76
------------------------------
<Accuracies on Product> test class : 66.73
------------------------------
<Accuracies on Real_World> test class : 73.12
------------------------------
Total epoch time: 291.023

New epoch - lr: 0.003
[1/34 iteration of epoch 42/50] 
 {loss} cls : 0.039, total : 0.039 
 {acc} cls : 98.44
[31/34 iteration of epoch 42/50] 
 {loss} cls : 0.049, total : 0.049 
 {acc} cls : 98.44
------------------------------
<Losses on train> cls : 0.034, total : 0.034
<Accuracies on train> cls : 99.43
Train epoch time: 40.215
------------------------------
<Accuracies on val> class : 66.53
------------------------------
<Accuracies on test> class : 63.93
------------------------------
<Accuracies on Clipart> test class : 52.60
------------------------------
<Accuracies on Product> test class : 66.66
------------------------------
<Accuracies on Real_World> test class : 72.50
------------------------------
Total epoch time: 288.470

New epoch - lr: 0.003
[1/34 iteration of epoch 43/50] 
 {loss} cls : 0.058, total : 0.058 
 {acc} cls : 97.66
[31/34 iteration of epoch 43/50] 
 {loss} cls : 0.032, total : 0.032 
 {acc} cls : 100.00
------------------------------
<Losses on train> cls : 0.033, total : 0.033
<Accuracies on train> cls : 99.54
Train epoch time: 39.415
------------------------------
<Accuracies on val> class : 66.94
------------------------------
<Accuracies on test> class : 64.08
------------------------------
<Accuracies on Clipart> test class : 52.81
------------------------------
<Accuracies on Product> test class : 66.50
------------------------------
<Accuracies on Real_World> test class : 72.92
------------------------------
Total epoch time: 284.521

New epoch - lr: 0.003
[1/34 iteration of epoch 44/50] 
 {loss} cls : 0.064, total : 0.064 
 {acc} cls : 99.22
[31/34 iteration of epoch 44/50] 
 {loss} cls : 0.030, total : 0.030 
 {acc} cls : 99.22
------------------------------
<Losses on train> cls : 0.036, total : 0.036
<Accuracies on train> cls : 99.38
Train epoch time: 41.912
------------------------------
<Accuracies on val> class : 66.12
------------------------------
<Accuracies on test> class : 64.22
------------------------------
<Accuracies on Clipart> test class : 52.71
------------------------------
<Accuracies on Product> test class : 66.75
------------------------------
<Accuracies on Real_World> test class : 73.17
------------------------------
Total epoch time: 290.497

New epoch - lr: 0.0009000000000000002
[1/34 iteration of epoch 45/50] 
 {loss} cls : 0.012, total : 0.012 
 {acc} cls : 100.00
[31/34 iteration of epoch 45/50] 
 {loss} cls : 0.041, total : 0.041 
 {acc} cls : 99.22
------------------------------
<Losses on train> cls : 0.028, total : 0.028
<Accuracies on train> cls : 99.61
Train epoch time: 41.137
------------------------------
<Accuracies on val> class : 66.12
------------------------------
<Accuracies on test> class : 64.32
------------------------------
<Accuracies on Clipart> test class : 52.92
------------------------------
<Accuracies on Product> test class : 66.75
------------------------------
<Accuracies on Real_World> test class : 73.26
------------------------------
Total epoch time: 290.158

New epoch - lr: 0.0009000000000000002
[1/34 iteration of epoch 46/50] 
 {loss} cls : 0.022, total : 0.022 
 {acc} cls : 100.00
[31/34 iteration of epoch 46/50] 
 {loss} cls : 0.025, total : 0.025 
 {acc} cls : 99.22
------------------------------
<Losses on train> cls : 0.028, total : 0.028
<Accuracies on train> cls : 99.52
Train epoch time: 38.754
------------------------------
<Accuracies on val> class : 66.94
------------------------------
<Accuracies on test> class : 64.24
------------------------------
<Accuracies on Clipart> test class : 53.08
------------------------------
<Accuracies on Product> test class : 66.55
------------------------------
<Accuracies on Real_World> test class : 73.05
------------------------------
Total epoch time: 286.313

New epoch - lr: 0.0009000000000000002
[1/34 iteration of epoch 47/50] 
 {loss} cls : 0.024, total : 0.024 
 {acc} cls : 99.22
[31/34 iteration of epoch 47/50] 
 {loss} cls : 0.017, total : 0.017 
 {acc} cls : 100.00
------------------------------
<Losses on train> cls : 0.026, total : 0.026
<Accuracies on train> cls : 99.52
Train epoch time: 39.144
------------------------------
<Accuracies on val> class : 66.12
------------------------------
<Accuracies on test> class : 64.45
------------------------------
<Accuracies on Clipart> test class : 53.17
------------------------------
<Accuracies on Product> test class : 66.93
------------------------------
<Accuracies on Real_World> test class : 73.22
------------------------------
Total epoch time: 289.711

New epoch - lr: 0.0009000000000000002
[1/34 iteration of epoch 48/50] 
 {loss} cls : 0.018, total : 0.018 
 {acc} cls : 100.00
[31/34 iteration of epoch 48/50] 
 {loss} cls : 0.023, total : 0.023 
 {acc} cls : 100.00
------------------------------
<Losses on train> cls : 0.026, total : 0.026
<Accuracies on train> cls : 99.49
Train epoch time: 39.572
------------------------------
<Accuracies on val> class : 66.53
------------------------------
<Accuracies on test> class : 64.56
------------------------------
<Accuracies on Clipart> test class : 53.63
------------------------------
<Accuracies on Product> test class : 66.82
------------------------------
<Accuracies on Real_World> test class : 73.22
------------------------------
Total epoch time: 290.509

New epoch - lr: 0.0009000000000000002
[1/34 iteration of epoch 49/50] 
 {loss} cls : 0.032, total : 0.032 
 {acc} cls : 99.22
[31/34 iteration of epoch 49/50] 
 {loss} cls : 0.022, total : 0.022 
 {acc} cls : 100.00
------------------------------
<Losses on train> cls : 0.027, total : 0.027
<Accuracies on train> cls : 99.54
Train epoch time: 39.463
------------------------------
<Accuracies on val> class : 67.36
------------------------------
<Accuracies on test> class : 64.54
------------------------------
<Accuracies on Clipart> test class : 53.47
------------------------------
<Accuracies on Product> test class : 66.77
------------------------------
<Accuracies on Real_World> test class : 73.35
------------------------------
Total epoch time: 288.154

New epoch - lr: 0.0009000000000000002
[1/34 iteration of epoch 50/50] 
 {loss} cls : 0.023, total : 0.023 
 {acc} cls : 100.00
[31/34 iteration of epoch 50/50] 
 {loss} cls : 0.020, total : 0.020 
 {acc} cls : 100.00
------------------------------
<Losses on train> cls : 0.024, total : 0.024
<Accuracies on train> cls : 99.59
Train epoch time: 38.920
------------------------------
<Accuracies on val> class : 66.94
------------------------------
<Accuracies on test> class : 64.49
------------------------------
<Accuracies on Clipart> test class : 53.24
------------------------------
<Accuracies on Product> test class : 67.04
------------------------------
<Accuracies on Real_World> test class : 73.17
------------------------------
Total epoch time: 285.368

******************************
Best val 0.694215, corresponding test 0.648051 - best test: 0.648051

******************************
Best val 0.6942148804664612, corresponding Clipart test 0.5369988679885864

******************************
Best val 0.6942148804664612, corresponding Product test 0.6726740002632141

******************************
Best val 0.6942148804664612, corresponding Real_World test 0.7342208027839661
