
Loading experiment CelebA/ResNet18_step


New epoch - lr: 0.003
[1/70 iteration of epoch 1/30] 
 {loss} cls : 0.850, total : 0.850 
 {acc} cls : 43.75
[31/70 iteration of epoch 1/30] 
 {loss} cls : 0.176, total : 0.176 
 {acc} cls : 96.09
[61/70 iteration of epoch 1/30] 
 {loss} cls : 0.114, total : 0.114 
 {acc} cls : 94.53
------------------------------
<Losses on train> cls : 0.497, total : 0.497
<Accuracies on train> cls : 90.58
Train epoch time: 9.054
------------------------------
<Accuracies on val> class : 97.00
------------------------------
<Accuracies on test> class : 76.32
------------------------------
<Accuracies on in> test class : 97.20
------------------------------
<Accuracies on flip> test class : 62.60
------------------------------
<Accuracies on random> test class : 79.60
------------------------------
Total epoch time: 16.138

New epoch - lr: 0.003
[1/70 iteration of epoch 2/30] 
 {loss} cls : 0.124, total : 0.124 
 {acc} cls : 94.53
[31/70 iteration of epoch 2/30] 
 {loss} cls : 0.021, total : 0.021 
 {acc} cls : 99.22
[61/70 iteration of epoch 2/30] 
 {loss} cls : 0.065, total : 0.065 
 {acc} cls : 96.09
------------------------------
<Losses on train> cls : 0.073, total : 0.073
<Accuracies on train> cls : 97.47
Train epoch time: 9.003
------------------------------
<Accuracies on val> class : 98.40
------------------------------
<Accuracies on test> class : 83.28
------------------------------
<Accuracies on in> test class : 97.80
------------------------------
<Accuracies on flip> test class : 73.20
------------------------------
<Accuracies on random> test class : 86.10
------------------------------
Total epoch time: 15.816

New epoch - lr: 0.003
[1/70 iteration of epoch 3/30] 
 {loss} cls : 0.182, total : 0.182 
 {acc} cls : 97.66
[31/70 iteration of epoch 3/30] 
 {loss} cls : 0.005, total : 0.005 
 {acc} cls : 100.00
[61/70 iteration of epoch 3/30] 
 {loss} cls : 0.303, total : 0.303 
 {acc} cls : 93.75
------------------------------
<Losses on train> cls : 0.054, total : 0.054
<Accuracies on train> cls : 98.33
Train epoch time: 9.420
------------------------------
<Accuracies on val> class : 99.00
------------------------------
<Accuracies on test> class : 83.32
------------------------------
<Accuracies on in> test class : 99.40
------------------------------
<Accuracies on flip> test class : 72.80
------------------------------
<Accuracies on random> test class : 85.80
------------------------------
Total epoch time: 15.978

New epoch - lr: 0.003
[1/70 iteration of epoch 4/30] 
 {loss} cls : 0.018, total : 0.018 
 {acc} cls : 99.22
[31/70 iteration of epoch 4/30] 
 {loss} cls : 0.020, total : 0.020 
 {acc} cls : 99.22
[61/70 iteration of epoch 4/30] 
 {loss} cls : 0.010, total : 0.010 
 {acc} cls : 100.00
------------------------------
<Losses on train> cls : 0.034, total : 0.034
<Accuracies on train> cls : 98.82
Train epoch time: 9.103
------------------------------
<Accuracies on val> class : 99.40
------------------------------
<Accuracies on test> class : 84.04
------------------------------
<Accuracies on in> test class : 98.40
------------------------------
<Accuracies on flip> test class : 73.40
------------------------------
<Accuracies on random> test class : 87.50
------------------------------
Total epoch time: 15.783

New epoch - lr: 0.003
[1/70 iteration of epoch 5/30] 
 {loss} cls : 0.064, total : 0.064 
 {acc} cls : 98.44
[31/70 iteration of epoch 5/30] 
 {loss} cls : 0.013, total : 0.013 
 {acc} cls : 100.00
[61/70 iteration of epoch 5/30] 
 {loss} cls : 0.034, total : 0.034 
 {acc} cls : 99.22
------------------------------
<Losses on train> cls : 0.026, total : 0.026
<Accuracies on train> cls : 99.19
Train epoch time: 9.029
------------------------------
<Accuracies on val> class : 99.60
------------------------------
<Accuracies on test> class : 85.24
------------------------------
<Accuracies on in> test class : 98.80
------------------------------
<Accuracies on flip> test class : 76.10
------------------------------
<Accuracies on random> test class : 87.60
------------------------------
Total epoch time: 15.929

New epoch - lr: 0.003
[1/70 iteration of epoch 6/30] 
 {loss} cls : 0.007, total : 0.007 
 {acc} cls : 100.00
[31/70 iteration of epoch 6/30] 
 {loss} cls : 0.007, total : 0.007 
 {acc} cls : 100.00
[61/70 iteration of epoch 6/30] 
 {loss} cls : 0.015, total : 0.015 
 {acc} cls : 99.22
------------------------------
<Losses on train> cls : 0.018, total : 0.018
<Accuracies on train> cls : 99.34
Train epoch time: 9.064
------------------------------
<Accuracies on val> class : 98.60
------------------------------
<Accuracies on test> class : 81.68
------------------------------
<Accuracies on in> test class : 98.40
------------------------------
<Accuracies on flip> test class : 71.10
------------------------------
<Accuracies on random> test class : 83.90
------------------------------
Total epoch time: 15.115

New epoch - lr: 0.003
[1/70 iteration of epoch 7/30] 
 {loss} cls : 0.044, total : 0.044 
 {acc} cls : 99.22
[31/70 iteration of epoch 7/30] 
 {loss} cls : 0.031, total : 0.031 
 {acc} cls : 99.22
[61/70 iteration of epoch 7/30] 
 {loss} cls : 0.009, total : 0.009 
 {acc} cls : 100.00
------------------------------
<Losses on train> cls : 0.013, total : 0.013
<Accuracies on train> cls : 99.56
Train epoch time: 9.203
------------------------------
<Accuracies on val> class : 99.80
------------------------------
<Accuracies on test> class : 85.04
------------------------------
<Accuracies on in> test class : 99.00
------------------------------
<Accuracies on flip> test class : 75.20
------------------------------
<Accuracies on random> test class : 87.90
------------------------------
Total epoch time: 16.313

New epoch - lr: 0.003
[1/70 iteration of epoch 8/30] 
 {loss} cls : 0.002, total : 0.002 
 {acc} cls : 100.00
[31/70 iteration of epoch 8/30] 
 {loss} cls : 0.010, total : 0.010 
 {acc} cls : 99.22
[61/70 iteration of epoch 8/30] 
 {loss} cls : 0.002, total : 0.002 
 {acc} cls : 100.00
------------------------------
<Losses on train> cls : 0.012, total : 0.012
<Accuracies on train> cls : 99.54
Train epoch time: 9.035
------------------------------
<Accuracies on val> class : 99.60
------------------------------
<Accuracies on test> class : 83.56
------------------------------
<Accuracies on in> test class : 99.00
------------------------------
<Accuracies on flip> test class : 73.20
------------------------------
<Accuracies on random> test class : 86.20
------------------------------
Total epoch time: 15.573

New epoch - lr: 0.003
[1/70 iteration of epoch 9/30] 
 {loss} cls : 0.008, total : 0.008 
 {acc} cls : 99.22
[31/70 iteration of epoch 9/30] 
 {loss} cls : 0.002, total : 0.002 
 {acc} cls : 100.00
[61/70 iteration of epoch 9/30] 
 {loss} cls : 0.016, total : 0.016 
 {acc} cls : 99.22
------------------------------
<Losses on train> cls : 0.012, total : 0.012
<Accuracies on train> cls : 99.60
Train epoch time: 9.157
------------------------------
<Accuracies on val> class : 99.20
------------------------------
<Accuracies on test> class : 82.00
------------------------------
<Accuracies on in> test class : 99.00
------------------------------
<Accuracies on flip> test class : 71.20
------------------------------
<Accuracies on random> test class : 84.30
------------------------------
Total epoch time: 15.565

New epoch - lr: 0.003
[1/70 iteration of epoch 10/30] 
 {loss} cls : 0.011, total : 0.011 
 {acc} cls : 100.00
[31/70 iteration of epoch 10/30] 
 {loss} cls : 0.010, total : 0.010 
 {acc} cls : 99.22
[61/70 iteration of epoch 10/30] 
 {loss} cls : 0.003, total : 0.003 
 {acc} cls : 100.00
------------------------------
<Losses on train> cls : 0.007, total : 0.007
<Accuracies on train> cls : 99.74
Train epoch time: 9.490
------------------------------
<Accuracies on val> class : 99.80
------------------------------
<Accuracies on test> class : 86.48
------------------------------
<Accuracies on in> test class : 99.00
------------------------------
<Accuracies on flip> test class : 77.70
------------------------------
<Accuracies on random> test class : 89.00
------------------------------
Total epoch time: 16.694

New epoch - lr: 0.003
[1/70 iteration of epoch 11/30] 
 {loss} cls : 0.000, total : 0.000 
 {acc} cls : 100.00
[31/70 iteration of epoch 11/30] 
 {loss} cls : 0.000, total : 0.000 
 {acc} cls : 100.00
[61/70 iteration of epoch 11/30] 
 {loss} cls : 0.005, total : 0.005 
 {acc} cls : 100.00
------------------------------
<Losses on train> cls : 0.008, total : 0.008
<Accuracies on train> cls : 99.72
Train epoch time: 9.125
------------------------------
<Accuracies on val> class : 99.60
------------------------------
<Accuracies on test> class : 85.44
------------------------------
<Accuracies on in> test class : 98.80
------------------------------
<Accuracies on flip> test class : 75.70
------------------------------
<Accuracies on random> test class : 88.50
------------------------------
Total epoch time: 15.243

New epoch - lr: 0.003
[1/70 iteration of epoch 12/30] 
 {loss} cls : 0.014, total : 0.014 
 {acc} cls : 99.22
[31/70 iteration of epoch 12/30] 
 {loss} cls : 0.003, total : 0.003 
 {acc} cls : 100.00
[61/70 iteration of epoch 12/30] 
 {loss} cls : 0.005, total : 0.005 
 {acc} cls : 100.00
------------------------------
<Losses on train> cls : 0.007, total : 0.007
<Accuracies on train> cls : 99.70
Train epoch time: 9.695
------------------------------
<Accuracies on val> class : 99.80
------------------------------
<Accuracies on test> class : 86.20
------------------------------
<Accuracies on in> test class : 99.00
------------------------------
<Accuracies on flip> test class : 77.10
------------------------------
<Accuracies on random> test class : 88.90
------------------------------
Total epoch time: 17.268

New epoch - lr: 0.003
[1/70 iteration of epoch 13/30] 
 {loss} cls : 0.001, total : 0.001 
 {acc} cls : 100.00
[31/70 iteration of epoch 13/30] 
 {loss} cls : 0.011, total : 0.011 
 {acc} cls : 99.22
[61/70 iteration of epoch 13/30] 
 {loss} cls : 0.001, total : 0.001 
 {acc} cls : 100.00
------------------------------
<Losses on train> cls : 0.006, total : 0.006
<Accuracies on train> cls : 99.77
Train epoch time: 9.349
------------------------------
<Accuracies on val> class : 99.80
------------------------------
<Accuracies on test> class : 88.08
------------------------------
<Accuracies on in> test class : 99.40
------------------------------
<Accuracies on flip> test class : 80.00
------------------------------
<Accuracies on random> test class : 90.50
------------------------------
Total epoch time: 16.394

New epoch - lr: 0.003
[1/70 iteration of epoch 14/30] 
 {loss} cls : 0.000, total : 0.000 
 {acc} cls : 100.00
[31/70 iteration of epoch 14/30] 
 {loss} cls : 0.000, total : 0.000 
 {acc} cls : 100.00
[61/70 iteration of epoch 14/30] 
 {loss} cls : 0.028, total : 0.028 
 {acc} cls : 99.22
------------------------------
<Losses on train> cls : 0.006, total : 0.006
<Accuracies on train> cls : 99.82
Train epoch time: 9.656
------------------------------
<Accuracies on val> class : 99.80
------------------------------
<Accuracies on test> class : 84.76
------------------------------
<Accuracies on in> test class : 99.20
------------------------------
<Accuracies on flip> test class : 74.40
------------------------------
<Accuracies on random> test class : 87.90
------------------------------
Total epoch time: 16.053

New epoch - lr: 0.003
[1/70 iteration of epoch 15/30] 
 {loss} cls : 0.003, total : 0.003 
 {acc} cls : 100.00
[31/70 iteration of epoch 15/30] 
 {loss} cls : 0.000, total : 0.000 
 {acc} cls : 100.00
[61/70 iteration of epoch 15/30] 
 {loss} cls : 0.000, total : 0.000 
 {acc} cls : 100.00
------------------------------
<Losses on train> cls : 0.003, total : 0.003
<Accuracies on train> cls : 99.91
Train epoch time: 9.221
------------------------------
<Accuracies on val> class : 99.60
------------------------------
<Accuracies on test> class : 84.40
------------------------------
<Accuracies on in> test class : 99.20
------------------------------
<Accuracies on flip> test class : 73.70
------------------------------
<Accuracies on random> test class : 87.70
------------------------------
Total epoch time: 15.344

New epoch - lr: 0.003
[1/70 iteration of epoch 16/30] 
 {loss} cls : 0.002, total : 0.002 
 {acc} cls : 100.00
[31/70 iteration of epoch 16/30] 
 {loss} cls : 0.006, total : 0.006 
 {acc} cls : 100.00
[61/70 iteration of epoch 16/30] 
 {loss} cls : 0.000, total : 0.000 
 {acc} cls : 100.00
------------------------------
<Losses on train> cls : 0.002, total : 0.002
<Accuracies on train> cls : 99.94
Train epoch time: 9.334
------------------------------
<Accuracies on val> class : 99.60
------------------------------
<Accuracies on test> class : 83.56
------------------------------
<Accuracies on in> test class : 99.20
------------------------------
<Accuracies on flip> test class : 73.20
------------------------------
<Accuracies on random> test class : 86.10
------------------------------
Total epoch time: 15.613

New epoch - lr: 0.003
[1/70 iteration of epoch 17/30] 
 {loss} cls : 0.000, total : 0.000 
 {acc} cls : 100.00
[31/70 iteration of epoch 17/30] 
 {loss} cls : 0.000, total : 0.000 
 {acc} cls : 100.00
[61/70 iteration of epoch 17/30] 
 {loss} cls : 0.000, total : 0.000 
 {acc} cls : 100.00
------------------------------
<Losses on train> cls : 0.003, total : 0.003
<Accuracies on train> cls : 99.89
Train epoch time: 9.241
------------------------------
<Accuracies on val> class : 99.80
------------------------------
<Accuracies on test> class : 86.28
------------------------------
<Accuracies on in> test class : 99.20
------------------------------
<Accuracies on flip> test class : 77.30
------------------------------
<Accuracies on random> test class : 88.80
------------------------------
Total epoch time: 17.829

New epoch - lr: 0.003
[1/70 iteration of epoch 18/30] 
 {loss} cls : 0.002, total : 0.002 
 {acc} cls : 100.00
[31/70 iteration of epoch 18/30] 
 {loss} cls : 0.008, total : 0.008 
 {acc} cls : 100.00
[61/70 iteration of epoch 18/30] 
 {loss} cls : 0.000, total : 0.000 
 {acc} cls : 100.00
------------------------------
<Losses on train> cls : 0.004, total : 0.004
<Accuracies on train> cls : 99.91
Train epoch time: 9.187
------------------------------
<Accuracies on val> class : 99.60
------------------------------
<Accuracies on test> class : 85.52
------------------------------
<Accuracies on in> test class : 99.20
------------------------------
<Accuracies on flip> test class : 76.70
------------------------------
<Accuracies on random> test class : 87.50
------------------------------
Total epoch time: 15.386

New epoch - lr: 0.003
[1/70 iteration of epoch 19/30] 
 {loss} cls : 0.000, total : 0.000 
 {acc} cls : 100.00
[31/70 iteration of epoch 19/30] 
 {loss} cls : 0.002, total : 0.002 
 {acc} cls : 100.00
[61/70 iteration of epoch 19/30] 
 {loss} cls : 0.000, total : 0.000 
 {acc} cls : 100.00
------------------------------
<Losses on train> cls : 0.006, total : 0.006
<Accuracies on train> cls : 99.79
Train epoch time: 9.432
------------------------------
<Accuracies on val> class : 99.60
------------------------------
<Accuracies on test> class : 86.80
------------------------------
<Accuracies on in> test class : 99.20
------------------------------
<Accuracies on flip> test class : 78.50
------------------------------
<Accuracies on random> test class : 88.90
------------------------------
Total epoch time: 15.644

New epoch - lr: 0.003
[1/70 iteration of epoch 20/30] 
 {loss} cls : 0.000, total : 0.000 
 {acc} cls : 100.00
[31/70 iteration of epoch 20/30] 
 {loss} cls : 0.000, total : 0.000 
 {acc} cls : 100.00
[61/70 iteration of epoch 20/30] 
 {loss} cls : 0.018, total : 0.018 
 {acc} cls : 99.22
------------------------------
<Losses on train> cls : 0.003, total : 0.003
<Accuracies on train> cls : 99.89
Train epoch time: 9.427
------------------------------
<Accuracies on val> class : 99.80
------------------------------
<Accuracies on test> class : 85.76
------------------------------
<Accuracies on in> test class : 99.20
------------------------------
<Accuracies on flip> test class : 76.10
------------------------------
<Accuracies on random> test class : 88.70
------------------------------
Total epoch time: 16.243

New epoch - lr: 0.003
[1/70 iteration of epoch 21/30] 
 {loss} cls : 0.004, total : 0.004 
 {acc} cls : 100.00
[31/70 iteration of epoch 21/30] 
 {loss} cls : 0.001, total : 0.001 
 {acc} cls : 100.00
[61/70 iteration of epoch 21/30] 
 {loss} cls : 0.000, total : 0.000 
 {acc} cls : 100.00
------------------------------
<Losses on train> cls : 0.004, total : 0.004
<Accuracies on train> cls : 99.85
Train epoch time: 9.664
------------------------------
<Accuracies on val> class : 99.60
------------------------------
<Accuracies on test> class : 85.88
------------------------------
<Accuracies on in> test class : 99.20
------------------------------
<Accuracies on flip> test class : 76.30
------------------------------
<Accuracies on random> test class : 88.80
------------------------------
Total epoch time: 15.535

New epoch - lr: 0.003
[1/70 iteration of epoch 22/30] 
 {loss} cls : 0.059, total : 0.059 
 {acc} cls : 99.22
[31/70 iteration of epoch 22/30] 
 {loss} cls : 0.005, total : 0.005 
 {acc} cls : 100.00
[61/70 iteration of epoch 22/30] 
 {loss} cls : 0.008, total : 0.008 
 {acc} cls : 99.22
------------------------------
<Losses on train> cls : 0.007, total : 0.007
<Accuracies on train> cls : 99.79
Train epoch time: 9.404
------------------------------
<Accuracies on val> class : 99.40
------------------------------
<Accuracies on test> class : 86.24
------------------------------
<Accuracies on in> test class : 99.20
------------------------------
<Accuracies on flip> test class : 76.70
------------------------------
<Accuracies on random> test class : 89.30
------------------------------
Total epoch time: 15.203

New epoch - lr: 0.003
[1/70 iteration of epoch 23/30] 
 {loss} cls : 0.027, total : 0.027 
 {acc} cls : 98.44
[31/70 iteration of epoch 23/30] 
 {loss} cls : 0.000, total : 0.000 
 {acc} cls : 100.00
[61/70 iteration of epoch 23/30] 
 {loss} cls : 0.017, total : 0.017 
 {acc} cls : 99.22
------------------------------
<Losses on train> cls : 0.004, total : 0.004
<Accuracies on train> cls : 99.89
Train epoch time: 9.435
------------------------------
<Accuracies on val> class : 99.40
------------------------------
<Accuracies on test> class : 86.72
------------------------------
<Accuracies on in> test class : 98.80
------------------------------
<Accuracies on flip> test class : 77.70
------------------------------
<Accuracies on random> test class : 89.70
------------------------------
Total epoch time: 15.450

New epoch - lr: 0.003
[1/70 iteration of epoch 24/30] 
 {loss} cls : 0.000, total : 0.000 
 {acc} cls : 100.00
[31/70 iteration of epoch 24/30] 
 {loss} cls : 0.003, total : 0.003 
 {acc} cls : 100.00
[61/70 iteration of epoch 24/30] 
 {loss} cls : 0.027, total : 0.027 
 {acc} cls : 99.22
------------------------------
<Losses on train> cls : 0.003, total : 0.003
<Accuracies on train> cls : 99.90
Train epoch time: 9.516
------------------------------
<Accuracies on val> class : 99.40
------------------------------
<Accuracies on test> class : 85.88
------------------------------
<Accuracies on in> test class : 99.00
------------------------------
<Accuracies on flip> test class : 75.90
------------------------------
<Accuracies on random> test class : 89.30
------------------------------
Total epoch time: 15.318

New epoch - lr: 0.003
[1/70 iteration of epoch 25/30] 
 {loss} cls : 0.000, total : 0.000 
 {acc} cls : 100.00
[31/70 iteration of epoch 25/30] 
 {loss} cls : 0.000, total : 0.000 
 {acc} cls : 100.00
[61/70 iteration of epoch 25/30] 
 {loss} cls : 0.008, total : 0.008 
 {acc} cls : 99.22
------------------------------
<Losses on train> cls : 0.002, total : 0.002
<Accuracies on train> cls : 99.97
Train epoch time: 9.775
------------------------------
<Accuracies on val> class : 99.40
------------------------------
<Accuracies on test> class : 86.52
------------------------------
<Accuracies on in> test class : 99.20
------------------------------
<Accuracies on flip> test class : 77.40
------------------------------
<Accuracies on random> test class : 89.30
------------------------------
Total epoch time: 15.592

New epoch - lr: 0.003
[1/70 iteration of epoch 26/30] 
 {loss} cls : 0.004, total : 0.004 
 {acc} cls : 100.00
[31/70 iteration of epoch 26/30] 
 {loss} cls : 0.002, total : 0.002 
 {acc} cls : 100.00
[61/70 iteration of epoch 26/30] 
 {loss} cls : 0.001, total : 0.001 
 {acc} cls : 100.00
------------------------------
<Losses on train> cls : 0.002, total : 0.002
<Accuracies on train> cls : 99.93
Train epoch time: 9.667
------------------------------
<Accuracies on val> class : 99.60
------------------------------
<Accuracies on test> class : 86.96
------------------------------
<Accuracies on in> test class : 99.20
------------------------------
<Accuracies on flip> test class : 78.10
------------------------------
<Accuracies on random> test class : 89.70
------------------------------
Total epoch time: 15.571

New epoch - lr: 0.0009000000000000002
[1/70 iteration of epoch 27/30] 
 {loss} cls : 0.000, total : 0.000 
 {acc} cls : 100.00
[31/70 iteration of epoch 27/30] 
 {loss} cls : 0.005, total : 0.005 
 {acc} cls : 100.00
[61/70 iteration of epoch 27/30] 
 {loss} cls : 0.000, total : 0.000 
 {acc} cls : 100.00
------------------------------
<Losses on train> cls : 0.002, total : 0.002
<Accuracies on train> cls : 99.93
Train epoch time: 9.359
------------------------------
<Accuracies on val> class : 99.60
------------------------------
<Accuracies on test> class : 87.28
------------------------------
<Accuracies on in> test class : 99.20
------------------------------
<Accuracies on flip> test class : 78.70
------------------------------
<Accuracies on random> test class : 89.90
------------------------------
Total epoch time: 15.116

New epoch - lr: 0.0009000000000000002
[1/70 iteration of epoch 28/30] 
 {loss} cls : 0.000, total : 0.000 
 {acc} cls : 100.00
[31/70 iteration of epoch 28/30] 
 {loss} cls : 0.000, total : 0.000 
 {acc} cls : 100.00
[61/70 iteration of epoch 28/30] 
 {loss} cls : 0.014, total : 0.014 
 {acc} cls : 99.22
------------------------------
<Losses on train> cls : 0.002, total : 0.002
<Accuracies on train> cls : 99.93
Train epoch time: 9.499
------------------------------
<Accuracies on val> class : 99.60
------------------------------
<Accuracies on test> class : 87.04
------------------------------
<Accuracies on in> test class : 99.20
------------------------------
<Accuracies on flip> test class : 78.10
------------------------------
<Accuracies on random> test class : 89.90
------------------------------
Total epoch time: 15.325

New epoch - lr: 0.0009000000000000002
[1/70 iteration of epoch 29/30] 
 {loss} cls : 0.000, total : 0.000 
 {acc} cls : 100.00
[31/70 iteration of epoch 29/30] 
 {loss} cls : 0.001, total : 0.001 
 {acc} cls : 100.00
[61/70 iteration of epoch 29/30] 
 {loss} cls : 0.000, total : 0.000 
 {acc} cls : 100.00
------------------------------
<Losses on train> cls : 0.002, total : 0.002
<Accuracies on train> cls : 99.90
Train epoch time: 9.618
------------------------------
<Accuracies on val> class : 99.20
------------------------------
<Accuracies on test> class : 85.52
------------------------------
<Accuracies on in> test class : 99.20
------------------------------
<Accuracies on flip> test class : 76.60
------------------------------
<Accuracies on random> test class : 87.60
------------------------------
Total epoch time: 15.424

New epoch - lr: 0.0009000000000000002
[1/70 iteration of epoch 30/30] 
 {loss} cls : 0.001, total : 0.001 
 {acc} cls : 100.00
[31/70 iteration of epoch 30/30] 
 {loss} cls : 0.011, total : 0.011 
 {acc} cls : 99.22
[61/70 iteration of epoch 30/30] 
 {loss} cls : 0.000, total : 0.000 
 {acc} cls : 100.00
------------------------------
<Losses on train> cls : 0.001, total : 0.001
<Accuracies on train> cls : 99.97
Train epoch time: 9.714
------------------------------
<Accuracies on val> class : 99.40
------------------------------
<Accuracies on test> class : 86.08
------------------------------
<Accuracies on in> test class : 99.20
------------------------------
<Accuracies on flip> test class : 76.90
------------------------------
<Accuracies on random> test class : 88.70
------------------------------
Total epoch time: 15.623

******************************
Best val 0.998, corresponding test 0.8576 - best test: 0.8808

******************************
Best val 0.9980000257492065, corresponding in test 0.9919999837875366

******************************
Best val 0.9980000257492065, corresponding flip test 0.7609999775886536

******************************
Best val 0.9980000257492065, corresponding random test 0.8870000243186951
