
Loading experiment Officehome/ResNet18_step


New epoch - lr: 0.003
[1/61 iteration of epoch 1/50] 
 {loss} cls : 4.476, total : 4.476 
 {acc} cls : 0.00
[31/61 iteration of epoch 1/50] 
 {loss} cls : 1.124, total : 1.124 
 {acc} cls : 67.97
[61/61 iteration of epoch 1/50] 
 {loss} cls : 1.549, total : 1.549 
 {acc} cls : 63.28
------------------------------
<Losses on train> cls : 1.878, total : 1.878
<Accuracies on train> cls : 53.71
Train epoch time: 104.645
------------------------------
<Accuracies on val> class : 73.56
------------------------------
<Accuracies on test> class : 50.78
------------------------------
<Accuracies on Art> test class : 48.29
------------------------------
<Accuracies on Clipart> test class : 38.51
------------------------------
<Accuracies on Product> test class : 64.20
------------------------------
Total epoch time: 201.918

New epoch - lr: 0.003
[1/61 iteration of epoch 2/50] 
 {loss} cls : 0.672, total : 0.672 
 {acc} cls : 78.91
[31/61 iteration of epoch 2/50] 
 {loss} cls : 0.579, total : 0.579 
 {acc} cls : 81.25
[61/61 iteration of epoch 2/50] 
 {loss} cls : 0.833, total : 0.833 
 {acc} cls : 75.78
------------------------------
<Losses on train> cls : 0.711, total : 0.711
<Accuracies on train> cls : 79.18
Train epoch time: 102.232
------------------------------
<Accuracies on val> class : 79.08
------------------------------
<Accuracies on test> class : 54.52
------------------------------
<Accuracies on Art> test class : 54.51
------------------------------
<Accuracies on Clipart> test class : 42.59
------------------------------
<Accuracies on Product> test class : 66.25
------------------------------
Total epoch time: 202.750

New epoch - lr: 0.003
[1/61 iteration of epoch 3/50] 
 {loss} cls : 0.403, total : 0.403 
 {acc} cls : 88.28
[31/61 iteration of epoch 3/50] 
 {loss} cls : 0.413, total : 0.413 
 {acc} cls : 89.84
[61/61 iteration of epoch 3/50] 
 {loss} cls : 0.572, total : 0.572 
 {acc} cls : 81.25
------------------------------
<Losses on train> cls : 0.488, total : 0.488
<Accuracies on train> cls : 85.63
Train epoch time: 89.779
------------------------------
<Accuracies on val> class : 79.08
------------------------------
<Accuracies on test> class : 55.52
------------------------------
<Accuracies on Art> test class : 53.56
------------------------------
<Accuracies on Clipart> test class : 43.00
------------------------------
<Accuracies on Product> test class : 68.89
------------------------------
Total epoch time: 200.869

New epoch - lr: 0.003
[1/61 iteration of epoch 4/50] 
 {loss} cls : 0.293, total : 0.293 
 {acc} cls : 90.62
[31/61 iteration of epoch 4/50] 
 {loss} cls : 0.194, total : 0.194 
 {acc} cls : 97.66
[61/61 iteration of epoch 4/50] 
 {loss} cls : 0.376, total : 0.376 
 {acc} cls : 89.06
------------------------------
<Losses on train> cls : 0.324, total : 0.324
<Accuracies on train> cls : 90.60
Train epoch time: 90.662
------------------------------
<Accuracies on val> class : 82.53
------------------------------
<Accuracies on test> class : 55.82
------------------------------
<Accuracies on Art> test class : 54.06
------------------------------
<Accuracies on Clipart> test class : 43.41
------------------------------
<Accuracies on Product> test class : 68.98
------------------------------
Total epoch time: 187.553

New epoch - lr: 0.003
[1/61 iteration of epoch 5/50] 
 {loss} cls : 0.192, total : 0.192 
 {acc} cls : 96.09
[31/61 iteration of epoch 5/50] 
 {loss} cls : 0.304, total : 0.304 
 {acc} cls : 91.41
[61/61 iteration of epoch 5/50] 
 {loss} cls : 0.232, total : 0.232 
 {acc} cls : 92.19
------------------------------
<Losses on train> cls : 0.249, total : 0.249
<Accuracies on train> cls : 93.05
Train epoch time: 101.082
------------------------------
<Accuracies on val> class : 81.38
------------------------------
<Accuracies on test> class : 56.00
------------------------------
<Accuracies on Art> test class : 54.43
------------------------------
<Accuracies on Clipart> test class : 43.25
------------------------------
<Accuracies on Product> test class : 69.38
------------------------------
Total epoch time: 197.929

New epoch - lr: 0.003
[1/61 iteration of epoch 6/50] 
 {loss} cls : 0.110, total : 0.110 
 {acc} cls : 98.44
[31/61 iteration of epoch 6/50] 
 {loss} cls : 0.192, total : 0.192 
 {acc} cls : 93.75
[61/61 iteration of epoch 6/50] 
 {loss} cls : 0.330, total : 0.330 
 {acc} cls : 89.84
------------------------------
<Losses on train> cls : 0.207, total : 0.207
<Accuracies on train> cls : 94.36
Train epoch time: 89.492
------------------------------
<Accuracies on val> class : 80.46
------------------------------
<Accuracies on test> class : 55.83
------------------------------
<Accuracies on Art> test class : 55.58
------------------------------
<Accuracies on Clipart> test class : 42.98
------------------------------
<Accuracies on Product> test class : 68.60
------------------------------
Total epoch time: 202.912

New epoch - lr: 0.003
[1/61 iteration of epoch 7/50] 
 {loss} cls : 0.241, total : 0.241 
 {acc} cls : 93.75
[31/61 iteration of epoch 7/50] 
 {loss} cls : 0.128, total : 0.128 
 {acc} cls : 97.66
[61/61 iteration of epoch 7/50] 
 {loss} cls : 0.057, total : 0.057 
 {acc} cls : 99.22
------------------------------
<Losses on train> cls : 0.155, total : 0.155
<Accuracies on train> cls : 95.89
Train epoch time: 88.992
------------------------------
<Accuracies on val> class : 81.84
------------------------------
<Accuracies on test> class : 57.36
------------------------------
<Accuracies on Art> test class : 55.13
------------------------------
<Accuracies on Clipart> test class : 44.86
------------------------------
<Accuracies on Product> test class : 70.87
------------------------------
Total epoch time: 193.939

New epoch - lr: 0.003
[1/61 iteration of epoch 8/50] 
 {loss} cls : 0.218, total : 0.218 
 {acc} cls : 93.75
[31/61 iteration of epoch 8/50] 
 {loss} cls : 0.133, total : 0.133 
 {acc} cls : 96.88
[61/61 iteration of epoch 8/50] 
 {loss} cls : 0.080, total : 0.080 
 {acc} cls : 99.22
------------------------------
<Losses on train> cls : 0.137, total : 0.137
<Accuracies on train> cls : 96.22
Train epoch time: 96.198
------------------------------
<Accuracies on val> class : 80.46
------------------------------
<Accuracies on test> class : 55.73
------------------------------
<Accuracies on Art> test class : 54.43
------------------------------
<Accuracies on Clipart> test class : 42.47
------------------------------
<Accuracies on Product> test class : 69.48
------------------------------
Total epoch time: 193.357

New epoch - lr: 0.003
[1/61 iteration of epoch 9/50] 
 {loss} cls : 0.075, total : 0.075 
 {acc} cls : 97.66
[31/61 iteration of epoch 9/50] 
 {loss} cls : 0.204, total : 0.204 
 {acc} cls : 92.97
[61/61 iteration of epoch 9/50] 
 {loss} cls : 0.199, total : 0.199 
 {acc} cls : 93.75
------------------------------
<Losses on train> cls : 0.128, total : 0.128
<Accuracies on train> cls : 96.59
Train epoch time: 105.938
------------------------------
<Accuracies on val> class : 80.69
------------------------------
<Accuracies on test> class : 56.62
------------------------------
<Accuracies on Art> test class : 54.96
------------------------------
<Accuracies on Clipart> test class : 43.83
------------------------------
<Accuracies on Product> test class : 70.11
------------------------------
Total epoch time: 203.023

New epoch - lr: 0.003
[1/61 iteration of epoch 10/50] 
 {loss} cls : 0.125, total : 0.125 
 {acc} cls : 97.66
[31/61 iteration of epoch 10/50] 
 {loss} cls : 0.115, total : 0.115 
 {acc} cls : 96.88
[61/61 iteration of epoch 10/50] 
 {loss} cls : 0.049, total : 0.049 
 {acc} cls : 99.22
------------------------------
<Losses on train> cls : 0.116, total : 0.116
<Accuracies on train> cls : 97.03
Train epoch time: 88.065
------------------------------
<Accuracies on val> class : 82.76
------------------------------
<Accuracies on test> class : 57.92
------------------------------
<Accuracies on Art> test class : 56.00
------------------------------
<Accuracies on Clipart> test class : 45.22
------------------------------
<Accuracies on Product> test class : 71.46
------------------------------
Total epoch time: 200.849

New epoch - lr: 0.003
[1/61 iteration of epoch 11/50] 
 {loss} cls : 0.041, total : 0.041 
 {acc} cls : 99.22
[31/61 iteration of epoch 11/50] 
 {loss} cls : 0.097, total : 0.097 
 {acc} cls : 96.09
[61/61 iteration of epoch 11/50] 
 {loss} cls : 0.130, total : 0.130 
 {acc} cls : 96.88
------------------------------
<Losses on train> cls : 0.101, total : 0.101
<Accuracies on train> cls : 97.22
Train epoch time: 87.908
------------------------------
<Accuracies on val> class : 82.30
------------------------------
<Accuracies on test> class : 57.87
------------------------------
<Accuracies on Art> test class : 55.09
------------------------------
<Accuracies on Clipart> test class : 45.89
------------------------------
<Accuracies on Product> test class : 71.16
------------------------------
Total epoch time: 185.977

New epoch - lr: 0.003
[1/61 iteration of epoch 12/50] 
 {loss} cls : 0.074, total : 0.074 
 {acc} cls : 99.22
[31/61 iteration of epoch 12/50] 
 {loss} cls : 0.070, total : 0.070 
 {acc} cls : 99.22
[61/61 iteration of epoch 12/50] 
 {loss} cls : 0.081, total : 0.081 
 {acc} cls : 96.88
------------------------------
<Losses on train> cls : 0.093, total : 0.093
<Accuracies on train> cls : 97.54
Train epoch time: 102.440
------------------------------
<Accuracies on val> class : 81.38
------------------------------
<Accuracies on test> class : 56.86
------------------------------
<Accuracies on Art> test class : 54.84
------------------------------
<Accuracies on Clipart> test class : 44.05
------------------------------
<Accuracies on Product> test class : 70.56
------------------------------
Total epoch time: 198.529

New epoch - lr: 0.003
[1/61 iteration of epoch 13/50] 
 {loss} cls : 0.087, total : 0.087 
 {acc} cls : 97.66
[31/61 iteration of epoch 13/50] 
 {loss} cls : 0.064, total : 0.064 
 {acc} cls : 99.22
[61/61 iteration of epoch 13/50] 
 {loss} cls : 0.089, total : 0.089 
 {acc} cls : 97.66
------------------------------
<Losses on train> cls : 0.085, total : 0.085
<Accuracies on train> cls : 97.95
Train epoch time: 91.580
------------------------------
<Accuracies on val> class : 80.92
------------------------------
<Accuracies on test> class : 58.17
------------------------------
<Accuracies on Art> test class : 56.12
------------------------------
<Accuracies on Clipart> test class : 45.15
------------------------------
<Accuracies on Product> test class : 72.09
------------------------------
Total epoch time: 201.202

New epoch - lr: 0.003
[1/61 iteration of epoch 14/50] 
 {loss} cls : 0.084, total : 0.084 
 {acc} cls : 96.88
[31/61 iteration of epoch 14/50] 
 {loss} cls : 0.029, total : 0.029 
 {acc} cls : 100.00
[61/61 iteration of epoch 14/50] 
 {loss} cls : 0.059, total : 0.059 
 {acc} cls : 98.44
------------------------------
<Losses on train> cls : 0.078, total : 0.078
<Accuracies on train> cls : 97.99
Train epoch time: 87.113
------------------------------
<Accuracies on val> class : 81.15
------------------------------
<Accuracies on test> class : 57.65
------------------------------
<Accuracies on Art> test class : 55.75
------------------------------
<Accuracies on Clipart> test class : 44.40
------------------------------
<Accuracies on Product> test class : 71.73
------------------------------
Total epoch time: 196.276

New epoch - lr: 0.003
[1/61 iteration of epoch 15/50] 
 {loss} cls : 0.063, total : 0.063 
 {acc} cls : 98.44
[31/61 iteration of epoch 15/50] 
 {loss} cls : 0.042, total : 0.042 
 {acc} cls : 99.22
[61/61 iteration of epoch 15/50] 
 {loss} cls : 0.084, total : 0.084 
 {acc} cls : 96.88
------------------------------
<Losses on train> cls : 0.070, total : 0.070
<Accuracies on train> cls : 98.37
Train epoch time: 90.541
------------------------------
<Accuracies on val> class : 80.46
------------------------------
<Accuracies on test> class : 57.47
------------------------------
<Accuracies on Art> test class : 54.68
------------------------------
<Accuracies on Clipart> test class : 44.60
------------------------------
<Accuracies on Product> test class : 71.64
------------------------------
Total epoch time: 186.730

New epoch - lr: 0.003
[1/61 iteration of epoch 16/50] 
 {loss} cls : 0.080, total : 0.080 
 {acc} cls : 94.53
[31/61 iteration of epoch 16/50] 
 {loss} cls : 0.038, total : 0.038 
 {acc} cls : 100.00
[61/61 iteration of epoch 16/50] 
 {loss} cls : 0.076, total : 0.076 
 {acc} cls : 96.88
------------------------------
<Losses on train> cls : 0.067, total : 0.067
<Accuracies on train> cls : 98.34
Train epoch time: 101.874
------------------------------
<Accuracies on val> class : 82.76
------------------------------
<Accuracies on test> class : 57.52
------------------------------
<Accuracies on Art> test class : 56.74
------------------------------
<Accuracies on Clipart> test class : 43.60
------------------------------
<Accuracies on Product> test class : 71.64
------------------------------
Total epoch time: 198.624

New epoch - lr: 0.003
[1/61 iteration of epoch 17/50] 
 {loss} cls : 0.036, total : 0.036 
 {acc} cls : 99.22
[31/61 iteration of epoch 17/50] 
 {loss} cls : 0.066, total : 0.066 
 {acc} cls : 98.44
[61/61 iteration of epoch 17/50] 
 {loss} cls : 0.043, total : 0.043 
 {acc} cls : 99.22
------------------------------
<Losses on train> cls : 0.064, total : 0.064
<Accuracies on train> cls : 98.50
Train epoch time: 89.666
------------------------------
<Accuracies on val> class : 81.61
------------------------------
<Accuracies on test> class : 58.36
------------------------------
<Accuracies on Art> test class : 56.32
------------------------------
<Accuracies on Clipart> test class : 44.99
------------------------------
<Accuracies on Product> test class : 72.61
------------------------------
Total epoch time: 204.659

New epoch - lr: 0.003
[1/61 iteration of epoch 18/50] 
 {loss} cls : 0.053, total : 0.053 
 {acc} cls : 100.00
[31/61 iteration of epoch 18/50] 
 {loss} cls : 0.047, total : 0.047 
 {acc} cls : 98.44
[61/61 iteration of epoch 18/50] 
 {loss} cls : 0.170, total : 0.170 
 {acc} cls : 96.09
------------------------------
<Losses on train> cls : 0.059, total : 0.059
<Accuracies on train> cls : 98.51
Train epoch time: 89.576
------------------------------
<Accuracies on val> class : 82.30
------------------------------
<Accuracies on test> class : 57.37
------------------------------
<Accuracies on Art> test class : 55.62
------------------------------
<Accuracies on Clipart> test class : 44.38
------------------------------
<Accuracies on Product> test class : 71.10
------------------------------
Total epoch time: 186.092

New epoch - lr: 0.003
[1/61 iteration of epoch 19/50] 
 {loss} cls : 0.029, total : 0.029 
 {acc} cls : 99.22
[31/61 iteration of epoch 19/50] 
 {loss} cls : 0.028, total : 0.028 
 {acc} cls : 98.44
[61/61 iteration of epoch 19/50] 
 {loss} cls : 0.074, total : 0.074 
 {acc} cls : 97.66
------------------------------
<Losses on train> cls : 0.057, total : 0.057
<Accuracies on train> cls : 98.44
Train epoch time: 100.138
------------------------------
<Accuracies on val> class : 81.84
------------------------------
<Accuracies on test> class : 57.80
------------------------------
<Accuracies on Art> test class : 56.90
------------------------------
<Accuracies on Clipart> test class : 43.48
------------------------------
<Accuracies on Product> test class : 72.38
------------------------------
Total epoch time: 196.536

New epoch - lr: 0.003
[1/61 iteration of epoch 20/50] 
 {loss} cls : 0.037, total : 0.037 
 {acc} cls : 98.44
[31/61 iteration of epoch 20/50] 
 {loss} cls : 0.019, total : 0.019 
 {acc} cls : 100.00
[61/61 iteration of epoch 20/50] 
 {loss} cls : 0.050, total : 0.050 
 {acc} cls : 99.22
------------------------------
<Losses on train> cls : 0.057, total : 0.057
<Accuracies on train> cls : 98.66
Train epoch time: 93.265
------------------------------
<Accuracies on val> class : 81.84
------------------------------
<Accuracies on test> class : 58.09
------------------------------
<Accuracies on Art> test class : 56.53
------------------------------
<Accuracies on Clipart> test class : 45.57
------------------------------
<Accuracies on Product> test class : 71.25
------------------------------
Total epoch time: 196.324

New epoch - lr: 0.003
[1/61 iteration of epoch 21/50] 
 {loss} cls : 0.089, total : 0.089 
 {acc} cls : 96.88
[31/61 iteration of epoch 21/50] 
 {loss} cls : 0.017, total : 0.017 
 {acc} cls : 100.00
[61/61 iteration of epoch 21/50] 
 {loss} cls : 0.028, total : 0.028 
 {acc} cls : 99.22
------------------------------
<Losses on train> cls : 0.053, total : 0.053
<Accuracies on train> cls : 98.64
Train epoch time: 88.356
------------------------------
<Accuracies on val> class : 80.92
------------------------------
<Accuracies on test> class : 57.86
------------------------------
<Accuracies on Art> test class : 55.46
------------------------------
<Accuracies on Clipart> test class : 45.41
------------------------------
<Accuracies on Product> test class : 71.41
------------------------------
Total epoch time: 189.382

New epoch - lr: 0.003
[1/61 iteration of epoch 22/50] 
 {loss} cls : 0.129, total : 0.129 
 {acc} cls : 96.88
[31/61 iteration of epoch 22/50] 
 {loss} cls : 0.076, total : 0.076 
 {acc} cls : 98.44
[61/61 iteration of epoch 22/50] 
 {loss} cls : 0.011, total : 0.011 
 {acc} cls : 100.00
------------------------------
<Losses on train> cls : 0.053, total : 0.053
<Accuracies on train> cls : 98.68
Train epoch time: 88.507
------------------------------
<Accuracies on val> class : 82.07
------------------------------
<Accuracies on test> class : 58.47
------------------------------
<Accuracies on Art> test class : 56.70
------------------------------
<Accuracies on Clipart> test class : 45.91
------------------------------
<Accuracies on Product> test class : 71.80
------------------------------
Total epoch time: 181.419

New epoch - lr: 0.003
[1/61 iteration of epoch 23/50] 
 {loss} cls : 0.085, total : 0.085 
 {acc} cls : 97.66
[31/61 iteration of epoch 23/50] 
 {loss} cls : 0.063, total : 0.063 
 {acc} cls : 97.66
[61/61 iteration of epoch 23/50] 
 {loss} cls : 0.075, total : 0.075 
 {acc} cls : 96.88
------------------------------
<Losses on train> cls : 0.051, total : 0.051
<Accuracies on train> cls : 98.66
Train epoch time: 91.242
------------------------------
<Accuracies on val> class : 82.30
------------------------------
<Accuracies on test> class : 57.47
------------------------------
<Accuracies on Art> test class : 55.91
------------------------------
<Accuracies on Clipart> test class : 43.85
------------------------------
<Accuracies on Product> test class : 71.71
------------------------------
Total epoch time: 183.848

New epoch - lr: 0.003
[1/61 iteration of epoch 24/50] 
 {loss} cls : 0.011, total : 0.011 
 {acc} cls : 100.00
[31/61 iteration of epoch 24/50] 
 {loss} cls : 0.055, total : 0.055 
 {acc} cls : 97.66
[61/61 iteration of epoch 24/50] 
 {loss} cls : 0.132, total : 0.132 
 {acc} cls : 96.09
------------------------------
<Losses on train> cls : 0.050, total : 0.050
<Accuracies on train> cls : 98.80
Train epoch time: 87.993
------------------------------
<Accuracies on val> class : 81.84
------------------------------
<Accuracies on test> class : 57.94
------------------------------
<Accuracies on Art> test class : 55.79
------------------------------
<Accuracies on Clipart> test class : 44.49
------------------------------
<Accuracies on Product> test class : 72.34
------------------------------
Total epoch time: 187.422

New epoch - lr: 0.003
[1/61 iteration of epoch 25/50] 
 {loss} cls : 0.064, total : 0.064 
 {acc} cls : 97.66
[31/61 iteration of epoch 25/50] 
 {loss} cls : 0.030, total : 0.030 
 {acc} cls : 100.00
[61/61 iteration of epoch 25/50] 
 {loss} cls : 0.023, total : 0.023 
 {acc} cls : 100.00
------------------------------
<Losses on train> cls : 0.051, total : 0.051
<Accuracies on train> cls : 98.73
Train epoch time: 83.513
------------------------------
<Accuracies on val> class : 82.07
------------------------------
<Accuracies on test> class : 57.42
------------------------------
<Accuracies on Art> test class : 56.57
------------------------------
<Accuracies on Clipart> test class : 43.18
------------------------------
<Accuracies on Product> test class : 71.89
------------------------------
Total epoch time: 179.265

New epoch - lr: 0.003
[1/61 iteration of epoch 26/50] 
 {loss} cls : 0.054, total : 0.054 
 {acc} cls : 99.22
[31/61 iteration of epoch 26/50] 
 {loss} cls : 0.053, total : 0.053 
 {acc} cls : 99.22
[61/61 iteration of epoch 26/50] 
 {loss} cls : 0.013, total : 0.013 
 {acc} cls : 100.00
------------------------------
<Losses on train> cls : 0.051, total : 0.051
<Accuracies on train> cls : 98.77
Train epoch time: 87.713
------------------------------
<Accuracies on val> class : 82.30
------------------------------
<Accuracies on test> class : 57.45
------------------------------
<Accuracies on Art> test class : 55.58
------------------------------
<Accuracies on Clipart> test class : 44.08
------------------------------
<Accuracies on Product> test class : 71.62
------------------------------
Total epoch time: 180.900

New epoch - lr: 0.003
[1/61 iteration of epoch 27/50] 
 {loss} cls : 0.021, total : 0.021 
 {acc} cls : 99.22
[31/61 iteration of epoch 27/50] 
 {loss} cls : 0.032, total : 0.032 
 {acc} cls : 100.00
[61/61 iteration of epoch 27/50] 
 {loss} cls : 0.063, total : 0.063 
 {acc} cls : 97.66
------------------------------
<Losses on train> cls : 0.037, total : 0.037
<Accuracies on train> cls : 99.12
Train epoch time: 89.660
------------------------------
<Accuracies on val> class : 82.07
------------------------------
<Accuracies on test> class : 57.79
------------------------------
<Accuracies on Art> test class : 56.12
------------------------------
<Accuracies on Clipart> test class : 44.24
------------------------------
<Accuracies on Product> test class : 72.02
------------------------------
Total epoch time: 182.767

New epoch - lr: 0.003
[1/61 iteration of epoch 28/50] 
 {loss} cls : 0.010, total : 0.010 
 {acc} cls : 100.00
[31/61 iteration of epoch 28/50] 
 {loss} cls : 0.046, total : 0.046 
 {acc} cls : 98.44
[61/61 iteration of epoch 28/50] 
 {loss} cls : 0.020, total : 0.020 
 {acc} cls : 99.22
------------------------------
<Losses on train> cls : 0.043, total : 0.043
<Accuracies on train> cls : 98.94
Train epoch time: 86.353
------------------------------
<Accuracies on val> class : 81.61
------------------------------
<Accuracies on test> class : 57.84
------------------------------
<Accuracies on Art> test class : 56.37
------------------------------
<Accuracies on Clipart> test class : 43.94
------------------------------
<Accuracies on Product> test class : 72.31
------------------------------
Total epoch time: 184.933

New epoch - lr: 0.003
[1/61 iteration of epoch 29/50] 
 {loss} cls : 0.038, total : 0.038 
 {acc} cls : 99.22
[31/61 iteration of epoch 29/50] 
 {loss} cls : 0.033, total : 0.033 
 {acc} cls : 98.44
[61/61 iteration of epoch 29/50] 
 {loss} cls : 0.060, total : 0.060 
 {acc} cls : 98.44
------------------------------
<Losses on train> cls : 0.052, total : 0.052
<Accuracies on train> cls : 98.57
Train epoch time: 87.708
------------------------------
<Accuracies on val> class : 80.69
------------------------------
<Accuracies on test> class : 57.18
------------------------------
<Accuracies on Art> test class : 56.16
------------------------------
<Accuracies on Clipart> test class : 43.51
------------------------------
<Accuracies on Product> test class : 71.19
------------------------------
Total epoch time: 181.905

New epoch - lr: 0.003
[1/61 iteration of epoch 30/50] 
 {loss} cls : 0.097, total : 0.097 
 {acc} cls : 96.09
[31/61 iteration of epoch 30/50] 
 {loss} cls : 0.045, total : 0.045 
 {acc} cls : 99.22
[61/61 iteration of epoch 30/50] 
 {loss} cls : 0.055, total : 0.055 
 {acc} cls : 98.44
------------------------------
<Losses on train> cls : 0.043, total : 0.043
<Accuracies on train> cls : 99.00
Train epoch time: 90.965
------------------------------
<Accuracies on val> class : 81.38
------------------------------
<Accuracies on test> class : 57.39
------------------------------
<Accuracies on Art> test class : 56.32
------------------------------
<Accuracies on Clipart> test class : 43.48
------------------------------
<Accuracies on Product> test class : 71.64
------------------------------
Total epoch time: 183.003

New epoch - lr: 0.003
[1/61 iteration of epoch 31/50] 
 {loss} cls : 0.038, total : 0.038 
 {acc} cls : 99.22
[31/61 iteration of epoch 31/50] 
 {loss} cls : 0.030, total : 0.030 
 {acc} cls : 100.00
[61/61 iteration of epoch 31/50] 
 {loss} cls : 0.047, total : 0.047 
 {acc} cls : 98.44
------------------------------
<Losses on train> cls : 0.042, total : 0.042
<Accuracies on train> cls : 98.91
Train epoch time: 89.904
------------------------------
<Accuracies on val> class : 82.07
------------------------------
<Accuracies on test> class : 57.83
------------------------------
<Accuracies on Art> test class : 56.49
------------------------------
<Accuracies on Clipart> test class : 44.01
------------------------------
<Accuracies on Product> test class : 72.16
------------------------------
Total epoch time: 184.629

New epoch - lr: 0.003
[1/61 iteration of epoch 32/50] 
 {loss} cls : 0.028, total : 0.028 
 {acc} cls : 99.22
[31/61 iteration of epoch 32/50] 
 {loss} cls : 0.045, total : 0.045 
 {acc} cls : 97.66
[61/61 iteration of epoch 32/50] 
 {loss} cls : 0.024, total : 0.024 
 {acc} cls : 100.00
------------------------------
<Losses on train> cls : 0.039, total : 0.039
<Accuracies on train> cls : 99.00
Train epoch time: 88.352
------------------------------
<Accuracies on val> class : 82.07
------------------------------
<Accuracies on test> class : 57.37
------------------------------
<Accuracies on Art> test class : 56.04
------------------------------
<Accuracies on Clipart> test class : 43.21
------------------------------
<Accuracies on Product> test class : 72.02
------------------------------
Total epoch time: 186.393

New epoch - lr: 0.003
[1/61 iteration of epoch 33/50] 
 {loss} cls : 0.046, total : 0.046 
 {acc} cls : 98.44
[31/61 iteration of epoch 33/50] 
 {loss} cls : 0.124, total : 0.124 
 {acc} cls : 96.09
[61/61 iteration of epoch 33/50] 
 {loss} cls : 0.005, total : 0.005 
 {acc} cls : 100.00
------------------------------
<Losses on train> cls : 0.046, total : 0.046
<Accuracies on train> cls : 98.77
Train epoch time: 85.194
------------------------------
<Accuracies on val> class : 82.07
------------------------------
<Accuracies on test> class : 57.88
------------------------------
<Accuracies on Art> test class : 55.91
------------------------------
<Accuracies on Clipart> test class : 44.08
------------------------------
<Accuracies on Product> test class : 72.52
------------------------------
Total epoch time: 178.889

New epoch - lr: 0.003
[1/61 iteration of epoch 34/50] 
 {loss} cls : 0.050, total : 0.050 
 {acc} cls : 97.66
[31/61 iteration of epoch 34/50] 
 {loss} cls : 0.015, total : 0.015 
 {acc} cls : 100.00
[61/61 iteration of epoch 34/50] 
 {loss} cls : 0.024, total : 0.024 
 {acc} cls : 100.00
------------------------------
<Losses on train> cls : 0.037, total : 0.037
<Accuracies on train> cls : 98.99
Train epoch time: 91.116
------------------------------
<Accuracies on val> class : 83.45
------------------------------
<Accuracies on test> class : 57.80
------------------------------
<Accuracies on Art> test class : 56.16
------------------------------
<Accuracies on Clipart> test class : 44.03
------------------------------
<Accuracies on Product> test class : 72.25
------------------------------
Total epoch time: 184.367

New epoch - lr: 0.003
[1/61 iteration of epoch 35/50] 
 {loss} cls : 0.021, total : 0.021 
 {acc} cls : 99.22
[31/61 iteration of epoch 35/50] 
 {loss} cls : 0.036, total : 0.036 
 {acc} cls : 98.44
[61/61 iteration of epoch 35/50] 
 {loss} cls : 0.020, total : 0.020 
 {acc} cls : 100.00
------------------------------
<Losses on train> cls : 0.037, total : 0.037
<Accuracies on train> cls : 99.05
Train epoch time: 86.244
------------------------------
<Accuracies on val> class : 81.38
------------------------------
<Accuracies on test> class : 57.40
------------------------------
<Accuracies on Art> test class : 55.95
------------------------------
<Accuracies on Clipart> test class : 43.37
------------------------------
<Accuracies on Product> test class : 72.00
------------------------------
Total epoch time: 183.532

New epoch - lr: 0.003
[1/61 iteration of epoch 36/50] 
 {loss} cls : 0.024, total : 0.024 
 {acc} cls : 99.22
[31/61 iteration of epoch 36/50] 
 {loss} cls : 0.038, total : 0.038 
 {acc} cls : 99.22
[61/61 iteration of epoch 36/50] 
 {loss} cls : 0.031, total : 0.031 
 {acc} cls : 99.22
------------------------------
<Losses on train> cls : 0.033, total : 0.033
<Accuracies on train> cls : 99.17
Train epoch time: 87.178
------------------------------
<Accuracies on val> class : 82.30
------------------------------
<Accuracies on test> class : 58.41
------------------------------
<Accuracies on Art> test class : 56.61
------------------------------
<Accuracies on Clipart> test class : 45.15
------------------------------
<Accuracies on Product> test class : 72.43
------------------------------
Total epoch time: 182.198

New epoch - lr: 0.003
[1/61 iteration of epoch 37/50] 
 {loss} cls : 0.013, total : 0.013 
 {acc} cls : 100.00
[31/61 iteration of epoch 37/50] 
 {loss} cls : 0.066, total : 0.066 
 {acc} cls : 98.44
[61/61 iteration of epoch 37/50] 
 {loss} cls : 0.124, total : 0.124 
 {acc} cls : 97.66
------------------------------
<Losses on train> cls : 0.039, total : 0.039
<Accuracies on train> cls : 98.86
Train epoch time: 89.007
------------------------------
<Accuracies on val> class : 81.61
------------------------------
<Accuracies on test> class : 57.72
------------------------------
<Accuracies on Art> test class : 56.74
------------------------------
<Accuracies on Clipart> test class : 43.71
------------------------------
<Accuracies on Product> test class : 72.04
------------------------------
Total epoch time: 182.433

New epoch - lr: 0.003
[1/61 iteration of epoch 38/50] 
 {loss} cls : 0.030, total : 0.030 
 {acc} cls : 99.22
[31/61 iteration of epoch 38/50] 
 {loss} cls : 0.011, total : 0.011 
 {acc} cls : 100.00
[61/61 iteration of epoch 38/50] 
 {loss} cls : 0.075, total : 0.075 
 {acc} cls : 96.09
------------------------------
<Losses on train> cls : 0.043, total : 0.043
<Accuracies on train> cls : 98.81
Train epoch time: 93.632
------------------------------
<Accuracies on val> class : 80.69
------------------------------
<Accuracies on test> class : 57.97
------------------------------
<Accuracies on Art> test class : 56.49
------------------------------
<Accuracies on Clipart> test class : 44.51
------------------------------
<Accuracies on Product> test class : 72.02
------------------------------
Total epoch time: 185.542

New epoch - lr: 0.003
[1/61 iteration of epoch 39/50] 
 {loss} cls : 0.020, total : 0.020 
 {acc} cls : 100.00
[31/61 iteration of epoch 39/50] 
 {loss} cls : 0.013, total : 0.013 
 {acc} cls : 100.00
[61/61 iteration of epoch 39/50] 
 {loss} cls : 0.012, total : 0.012 
 {acc} cls : 100.00
------------------------------
<Losses on train> cls : 0.035, total : 0.035
<Accuracies on train> cls : 99.13
Train epoch time: 87.812
------------------------------
<Accuracies on val> class : 82.53
------------------------------
<Accuracies on test> class : 58.55
------------------------------
<Accuracies on Art> test class : 57.52
------------------------------
<Accuracies on Clipart> test class : 45.38
------------------------------
<Accuracies on Product> test class : 72.07
------------------------------
Total epoch time: 186.555

New epoch - lr: 0.003
[1/61 iteration of epoch 40/50] 
 {loss} cls : 0.033, total : 0.033 
 {acc} cls : 97.66
[31/61 iteration of epoch 40/50] 
 {loss} cls : 0.007, total : 0.007 
 {acc} cls : 100.00
[61/61 iteration of epoch 40/50] 
 {loss} cls : 0.016, total : 0.016 
 {acc} cls : 100.00
------------------------------
<Losses on train> cls : 0.036, total : 0.036
<Accuracies on train> cls : 99.05
Train epoch time: 85.555
------------------------------
<Accuracies on val> class : 82.07
------------------------------
<Accuracies on test> class : 58.12
------------------------------
<Accuracies on Art> test class : 55.83
------------------------------
<Accuracies on Clipart> test class : 45.04
------------------------------
<Accuracies on Product> test class : 72.22
------------------------------
Total epoch time: 178.300

New epoch - lr: 0.003
[1/61 iteration of epoch 41/50] 
 {loss} cls : 0.014, total : 0.014 
 {acc} cls : 100.00
[31/61 iteration of epoch 41/50] 
 {loss} cls : 0.011, total : 0.011 
 {acc} cls : 100.00
[61/61 iteration of epoch 41/50] 
 {loss} cls : 0.028, total : 0.028 
 {acc} cls : 98.44
------------------------------
<Losses on train> cls : 0.031, total : 0.031
<Accuracies on train> cls : 99.13
Train epoch time: 89.250
------------------------------
<Accuracies on val> class : 82.30
------------------------------
<Accuracies on test> class : 58.95
------------------------------
<Accuracies on Art> test class : 56.70
------------------------------
<Accuracies on Clipart> test class : 46.03
------------------------------
<Accuracies on Product> test class : 72.90
------------------------------
Total epoch time: 182.189

New epoch - lr: 0.003
[1/61 iteration of epoch 42/50] 
 {loss} cls : 0.021, total : 0.021 
 {acc} cls : 100.00
[31/61 iteration of epoch 42/50] 
 {loss} cls : 0.009, total : 0.009 
 {acc} cls : 100.00
[61/61 iteration of epoch 42/50] 
 {loss} cls : 0.045, total : 0.045 
 {acc} cls : 98.44
------------------------------
<Losses on train> cls : 0.031, total : 0.031
<Accuracies on train> cls : 99.23
Train epoch time: 85.002
------------------------------
<Accuracies on val> class : 83.22
------------------------------
<Accuracies on test> class : 58.83
------------------------------
<Accuracies on Art> test class : 56.86
------------------------------
<Accuracies on Clipart> test class : 45.52
------------------------------
<Accuracies on Product> test class : 72.99
------------------------------
Total epoch time: 182.697

New epoch - lr: 0.003
[1/61 iteration of epoch 43/50] 
 {loss} cls : 0.004, total : 0.004 
 {acc} cls : 100.00
[31/61 iteration of epoch 43/50] 
 {loss} cls : 0.031, total : 0.031 
 {acc} cls : 100.00
[61/61 iteration of epoch 43/50] 
 {loss} cls : 0.059, total : 0.059 
 {acc} cls : 98.44
------------------------------
<Losses on train> cls : 0.034, total : 0.034
<Accuracies on train> cls : 99.18
Train epoch time: 88.519
------------------------------
<Accuracies on val> class : 82.30
------------------------------
<Accuracies on test> class : 57.99
------------------------------
<Accuracies on Art> test class : 55.58
------------------------------
<Accuracies on Clipart> test class : 44.70
------------------------------
<Accuracies on Product> test class : 72.38
------------------------------
Total epoch time: 186.204

New epoch - lr: 0.003
[1/61 iteration of epoch 44/50] 
 {loss} cls : 0.029, total : 0.029 
 {acc} cls : 98.44
[31/61 iteration of epoch 44/50] 
 {loss} cls : 0.042, total : 0.042 
 {acc} cls : 99.22
[61/61 iteration of epoch 44/50] 
 {loss} cls : 0.031, total : 0.031 
 {acc} cls : 99.22
------------------------------
<Losses on train> cls : 0.028, total : 0.028
<Accuracies on train> cls : 99.36
Train epoch time: 86.687
------------------------------
<Accuracies on val> class : 82.99
------------------------------
<Accuracies on test> class : 58.23
------------------------------
<Accuracies on Art> test class : 56.98
------------------------------
<Accuracies on Clipart> test class : 44.54
------------------------------
<Accuracies on Product> test class : 72.38
------------------------------
Total epoch time: 179.267

New epoch - lr: 0.0009000000000000002
[1/61 iteration of epoch 45/50] 
 {loss} cls : 0.051, total : 0.051 
 {acc} cls : 97.66
[31/61 iteration of epoch 45/50] 
 {loss} cls : 0.018, total : 0.018 
 {acc} cls : 99.22
[61/61 iteration of epoch 45/50] 
 {loss} cls : 0.068, total : 0.068 
 {acc} cls : 97.66
------------------------------
<Losses on train> cls : 0.030, total : 0.030
<Accuracies on train> cls : 99.10
Train epoch time: 90.244
------------------------------
<Accuracies on val> class : 82.53
------------------------------
<Accuracies on test> class : 59.26
------------------------------
<Accuracies on Art> test class : 57.27
------------------------------
<Accuracies on Clipart> test class : 45.82
------------------------------
<Accuracies on Product> test class : 73.58
------------------------------
Total epoch time: 182.478

New epoch - lr: 0.0009000000000000002
[1/61 iteration of epoch 46/50] 
 {loss} cls : 0.008, total : 0.008 
 {acc} cls : 100.00
[31/61 iteration of epoch 46/50] 
 {loss} cls : 0.020, total : 0.020 
 {acc} cls : 99.22
[61/61 iteration of epoch 46/50] 
 {loss} cls : 0.042, total : 0.042 
 {acc} cls : 99.22
------------------------------
<Losses on train> cls : 0.029, total : 0.029
<Accuracies on train> cls : 99.19
Train epoch time: 85.947
------------------------------
<Accuracies on val> class : 82.07
------------------------------
<Accuracies on test> class : 59.11
------------------------------
<Accuracies on Art> test class : 57.73
------------------------------
<Accuracies on Clipart> test class : 45.34
------------------------------
<Accuracies on Product> test class : 73.42
------------------------------
Total epoch time: 184.646

New epoch - lr: 0.0009000000000000002
[1/61 iteration of epoch 47/50] 
 {loss} cls : 0.024, total : 0.024 
 {acc} cls : 99.22
[31/61 iteration of epoch 47/50] 
 {loss} cls : 0.039, total : 0.039 
 {acc} cls : 98.44
[61/61 iteration of epoch 47/50] 
 {loss} cls : 0.034, total : 0.034 
 {acc} cls : 99.22
------------------------------
<Losses on train> cls : 0.028, total : 0.028
<Accuracies on train> cls : 99.17
Train epoch time: 86.994
------------------------------
<Accuracies on val> class : 82.30
------------------------------
<Accuracies on test> class : 59.21
------------------------------
<Accuracies on Art> test class : 57.60
------------------------------
<Accuracies on Clipart> test class : 45.64
------------------------------
<Accuracies on Product> test class : 73.44
------------------------------
Total epoch time: 180.011

New epoch - lr: 0.0009000000000000002
[1/61 iteration of epoch 48/50] 
 {loss} cls : 0.029, total : 0.029 
 {acc} cls : 99.22
[31/61 iteration of epoch 48/50] 
 {loss} cls : 0.009, total : 0.009 
 {acc} cls : 100.00
[61/61 iteration of epoch 48/50] 
 {loss} cls : 0.096, total : 0.096 
 {acc} cls : 97.66
------------------------------
<Losses on train> cls : 0.024, total : 0.024
<Accuracies on train> cls : 99.28
Train epoch time: 90.675
------------------------------
<Accuracies on val> class : 83.22
------------------------------
<Accuracies on test> class : 59.13
------------------------------
<Accuracies on Art> test class : 58.06
------------------------------
<Accuracies on Clipart> test class : 45.34
------------------------------
<Accuracies on Product> test class : 73.28
------------------------------
Total epoch time: 182.987

New epoch - lr: 0.0009000000000000002
[1/61 iteration of epoch 49/50] 
 {loss} cls : 0.012, total : 0.012 
 {acc} cls : 100.00
[31/61 iteration of epoch 49/50] 
 {loss} cls : 0.108, total : 0.108 
 {acc} cls : 97.66
[61/61 iteration of epoch 49/50] 
 {loss} cls : 0.009, total : 0.009 
 {acc} cls : 100.00
------------------------------
<Losses on train> cls : 0.027, total : 0.027
<Accuracies on train> cls : 99.22
Train epoch time: 90.177
------------------------------
<Accuracies on val> class : 81.61
------------------------------
<Accuracies on test> class : 59.11
------------------------------
<Accuracies on Art> test class : 57.44
------------------------------
<Accuracies on Clipart> test class : 45.41
------------------------------
<Accuracies on Product> test class : 73.51
------------------------------
Total epoch time: 182.652

New epoch - lr: 0.0009000000000000002
[1/61 iteration of epoch 50/50] 
 {loss} cls : 0.022, total : 0.022 
 {acc} cls : 99.22
[31/61 iteration of epoch 50/50] 
 {loss} cls : 0.041, total : 0.041 
 {acc} cls : 99.22
[61/61 iteration of epoch 50/50] 
 {loss} cls : 0.017, total : 0.017 
 {acc} cls : 100.00
------------------------------
<Losses on train> cls : 0.027, total : 0.027
<Accuracies on train> cls : 99.15
Train epoch time: 86.080
------------------------------
<Accuracies on val> class : 82.30
------------------------------
<Accuracies on test> class : 59.28
------------------------------
<Accuracies on Art> test class : 57.15
------------------------------
<Accuracies on Clipart> test class : 45.89
------------------------------
<Accuracies on Product> test class : 73.62
------------------------------
Total epoch time: 182.543

******************************
Best val 0.834483, corresponding test 0.578043 - best test: 0.592823

******************************
Best val 0.834482729434967, corresponding Art test 0.5615986585617065

******************************
Best val 0.834482729434967, corresponding Clipart test 0.4403207302093506

******************************
Best val 0.834482729434967, corresponding Product test 0.7224600315093994
