
Loading experiment PACS/ResNet18_step

Sample Strategy: all_m

New epoch - lr: 0.003
[1/23 iteration of epoch 1/30] 
 {loss} cls : 2.085, total : 2.085 
 {acc} cls : 14.06
------------------------------
<Losses on train> cls : 0.935, total : 0.935
<Accuracies on train> cls : 77.79
Train epoch time: 10.640
------------------------------
<Accuracies on val> class : 97.08
------------------------------
<Accuracies on test> class : 53.89
------------------------------
<Accuracies on cartoon> test class : 54.52
------------------------------
<Accuracies on art_painting> test class : 66.31
------------------------------
<Accuracies on sketch> test class : 47.03
------------------------------
Total epoch time: 27.921

New epoch - lr: 0.003
[1/23 iteration of epoch 2/30] 
 {loss} cls : 0.055, total : 0.055 
 {acc} cls : 98.44
------------------------------
<Losses on train> cls : 0.088, total : 0.088
<Accuracies on train> cls : 97.28
Train epoch time: 10.443
------------------------------
<Accuracies on val> class : 99.42
------------------------------
<Accuracies on test> class : 54.90
------------------------------
<Accuracies on cartoon> test class : 58.96
------------------------------
<Accuracies on art_painting> test class : 67.19
------------------------------
<Accuracies on sketch> test class : 46.07
------------------------------
Total epoch time: 27.537

New epoch - lr: 0.003
[1/23 iteration of epoch 3/30] 
 {loss} cls : 0.041, total : 0.041 
 {acc} cls : 98.44
------------------------------
<Losses on train> cls : 0.068, total : 0.068
<Accuracies on train> cls : 97.49
Train epoch time: 10.264
------------------------------
<Accuracies on val> class : 97.08
------------------------------
<Accuracies on test> class : 56.21
------------------------------
<Accuracies on cartoon> test class : 54.18
------------------------------
<Accuracies on art_painting> test class : 65.19
------------------------------
<Accuracies on sketch> test class : 52.74
------------------------------
Total epoch time: 26.922

New epoch - lr: 0.003
[1/23 iteration of epoch 4/30] 
 {loss} cls : 0.011, total : 0.011 
 {acc} cls : 99.22
------------------------------
<Losses on train> cls : 0.038, total : 0.038
<Accuracies on train> cls : 98.68
Train epoch time: 10.039
------------------------------
<Accuracies on val> class : 99.42
------------------------------
<Accuracies on test> class : 57.24
------------------------------
<Accuracies on cartoon> test class : 59.64
------------------------------
<Accuracies on art_painting> test class : 69.43
------------------------------
<Accuracies on sketch> test class : 49.45
------------------------------
Total epoch time: 27.108

New epoch - lr: 0.003
[1/23 iteration of epoch 5/30] 
 {loss} cls : 0.042, total : 0.042 
 {acc} cls : 99.22
------------------------------
<Losses on train> cls : 0.030, total : 0.030
<Accuracies on train> cls : 98.91
Train epoch time: 10.001
------------------------------
<Accuracies on val> class : 98.83
------------------------------
<Accuracies on test> class : 59.06
------------------------------
<Accuracies on cartoon> test class : 59.73
------------------------------
<Accuracies on art_painting> test class : 67.58
------------------------------
<Accuracies on sketch> test class : 54.21
------------------------------
Total epoch time: 26.744

New epoch - lr: 0.003
[1/23 iteration of epoch 6/30] 
 {loss} cls : 0.010, total : 0.010 
 {acc} cls : 100.00
------------------------------
<Losses on train> cls : 0.029, total : 0.029
<Accuracies on train> cls : 99.12
Train epoch time: 10.258
------------------------------
<Accuracies on val> class : 98.83
------------------------------
<Accuracies on test> class : 61.89
------------------------------
<Accuracies on cartoon> test class : 59.04
------------------------------
<Accuracies on art_painting> test class : 67.38
------------------------------
<Accuracies on sketch> test class : 60.73
------------------------------
Total epoch time: 27.022

New epoch - lr: 0.003
[1/23 iteration of epoch 7/30] 
 {loss} cls : 0.042, total : 0.042 
 {acc} cls : 97.66
------------------------------
<Losses on train> cls : 0.032, total : 0.032
<Accuracies on train> cls : 98.98
Train epoch time: 10.287
------------------------------
<Accuracies on val> class : 98.25
------------------------------
<Accuracies on test> class : 63.39
------------------------------
<Accuracies on cartoon> test class : 59.98
------------------------------
<Accuracies on art_painting> test class : 70.17
------------------------------
<Accuracies on sketch> test class : 61.90
------------------------------
Total epoch time: 27.135

New epoch - lr: 0.003
[1/23 iteration of epoch 8/30] 
 {loss} cls : 0.006, total : 0.006 
 {acc} cls : 100.00
------------------------------
<Losses on train> cls : 0.029, total : 0.029
<Accuracies on train> cls : 99.05
Train epoch time: 10.380
------------------------------
<Accuracies on val> class : 99.42
------------------------------
<Accuracies on test> class : 60.77
------------------------------
<Accuracies on cartoon> test class : 62.20
------------------------------
<Accuracies on art_painting> test class : 70.21
------------------------------
<Accuracies on sketch> test class : 55.00
------------------------------
Total epoch time: 27.345

New epoch - lr: 0.003
[1/23 iteration of epoch 9/30] 
 {loss} cls : 0.003, total : 0.003 
 {acc} cls : 100.00
------------------------------
<Losses on train> cls : 0.021, total : 0.021
<Accuracies on train> cls : 99.12
Train epoch time: 10.030
------------------------------
<Accuracies on val> class : 98.83
------------------------------
<Accuracies on test> class : 60.89
------------------------------
<Accuracies on cartoon> test class : 66.30
------------------------------
<Accuracies on art_painting> test class : 69.78
------------------------------
<Accuracies on sketch> test class : 53.04
------------------------------
Total epoch time: 26.742

New epoch - lr: 0.003
[1/23 iteration of epoch 10/30] 
 {loss} cls : 0.029, total : 0.029 
 {acc} cls : 98.44
------------------------------
<Losses on train> cls : 0.021, total : 0.021
<Accuracies on train> cls : 99.29
Train epoch time: 10.319
------------------------------
<Accuracies on val> class : 99.42
------------------------------
<Accuracies on test> class : 61.51
------------------------------
<Accuracies on cartoon> test class : 67.24
------------------------------
<Accuracies on art_painting> test class : 69.87
------------------------------
<Accuracies on sketch> test class : 53.73
------------------------------
Total epoch time: 27.357

New epoch - lr: 0.003
[1/23 iteration of epoch 11/30] 
 {loss} cls : 0.037, total : 0.037 
 {acc} cls : 97.66
------------------------------
<Losses on train> cls : 0.013, total : 0.013
<Accuracies on train> cls : 99.63
Train epoch time: 9.955
------------------------------
<Accuracies on val> class : 99.42
------------------------------
<Accuracies on test> class : 60.67
------------------------------
<Accuracies on cartoon> test class : 62.54
------------------------------
<Accuracies on art_painting> test class : 68.90
------------------------------
<Accuracies on sketch> test class : 55.26
------------------------------
Total epoch time: 26.985

New epoch - lr: 0.003
[1/23 iteration of epoch 12/30] 
 {loss} cls : 0.007, total : 0.007 
 {acc} cls : 100.00
------------------------------
<Losses on train> cls : 0.015, total : 0.015
<Accuracies on train> cls : 99.59
Train epoch time: 10.187
------------------------------
<Accuracies on val> class : 99.42
------------------------------
<Accuracies on test> class : 63.56
------------------------------
<Accuracies on cartoon> test class : 66.60
------------------------------
<Accuracies on art_painting> test class : 70.80
------------------------------
<Accuracies on sketch> test class : 57.98
------------------------------
Total epoch time: 27.154

New epoch - lr: 0.003
[1/23 iteration of epoch 13/30] 
 {loss} cls : 0.008, total : 0.008 
 {acc} cls : 100.00
------------------------------
<Losses on train> cls : 0.010, total : 0.010
<Accuracies on train> cls : 99.80
Train epoch time: 9.794
------------------------------
<Accuracies on val> class : 98.83
------------------------------
<Accuracies on test> class : 65.28
------------------------------
<Accuracies on cartoon> test class : 65.02
------------------------------
<Accuracies on art_painting> test class : 70.17
------------------------------
<Accuracies on sketch> test class : 62.89
------------------------------
Total epoch time: 26.479

New epoch - lr: 0.003
[1/23 iteration of epoch 14/30] 
 {loss} cls : 0.016, total : 0.016 
 {acc} cls : 98.44
------------------------------
<Losses on train> cls : 0.016, total : 0.016
<Accuracies on train> cls : 99.52
Train epoch time: 9.876
------------------------------
<Accuracies on val> class : 98.83
------------------------------
<Accuracies on test> class : 62.08
------------------------------
<Accuracies on cartoon> test class : 64.21
------------------------------
<Accuracies on art_painting> test class : 71.88
------------------------------
<Accuracies on sketch> test class : 55.71
------------------------------
Total epoch time: 26.543

New epoch - lr: 0.003
[1/23 iteration of epoch 15/30] 
 {loss} cls : 0.012, total : 0.012 
 {acc} cls : 99.22
------------------------------
<Losses on train> cls : 0.013, total : 0.013
<Accuracies on train> cls : 99.46
Train epoch time: 9.808
------------------------------
<Accuracies on val> class : 98.83
------------------------------
<Accuracies on test> class : 68.61
------------------------------
<Accuracies on cartoon> test class : 69.67
------------------------------
<Accuracies on art_painting> test class : 68.85
------------------------------
<Accuracies on sketch> test class : 67.85
------------------------------
Total epoch time: 26.477

New epoch - lr: 0.003
[1/23 iteration of epoch 16/30] 
 {loss} cls : 0.053, total : 0.053 
 {acc} cls : 98.44
------------------------------
<Losses on train> cls : 0.018, total : 0.018
<Accuracies on train> cls : 99.52
Train epoch time: 9.856
------------------------------
<Accuracies on val> class : 98.83
------------------------------
<Accuracies on test> class : 67.42
------------------------------
<Accuracies on cartoon> test class : 66.64
------------------------------
<Accuracies on art_painting> test class : 72.27
------------------------------
<Accuracies on sketch> test class : 65.36
------------------------------
Total epoch time: 26.577

New epoch - lr: 0.003
[1/23 iteration of epoch 17/30] 
 {loss} cls : 0.022, total : 0.022 
 {acc} cls : 99.22
------------------------------
<Losses on train> cls : 0.009, total : 0.009
<Accuracies on train> cls : 99.69
Train epoch time: 10.292
------------------------------
<Accuracies on val> class : 99.42
------------------------------
<Accuracies on test> class : 69.26
------------------------------
<Accuracies on cartoon> test class : 69.24
------------------------------
<Accuracies on art_painting> test class : 71.19
------------------------------
<Accuracies on sketch> test class : 68.26
------------------------------
Total epoch time: 27.370

New epoch - lr: 0.003
[1/23 iteration of epoch 18/30] 
 {loss} cls : 0.001, total : 0.001 
 {acc} cls : 100.00
------------------------------
<Losses on train> cls : 0.009, total : 0.009
<Accuracies on train> cls : 99.73
Train epoch time: 10.429
------------------------------
<Accuracies on val> class : 98.83
------------------------------
<Accuracies on test> class : 68.30
------------------------------
<Accuracies on cartoon> test class : 68.90
------------------------------
<Accuracies on art_painting> test class : 71.88
------------------------------
<Accuracies on sketch> test class : 66.07
------------------------------
Total epoch time: 27.142

New epoch - lr: 0.003
[1/23 iteration of epoch 19/30] 
 {loss} cls : 0.016, total : 0.016 
 {acc} cls : 99.22
------------------------------
<Losses on train> cls : 0.013, total : 0.013
<Accuracies on train> cls : 99.49
Train epoch time: 10.434
------------------------------
<Accuracies on val> class : 98.83
------------------------------
<Accuracies on test> class : 69.43
------------------------------
<Accuracies on cartoon> test class : 69.92
------------------------------
<Accuracies on art_painting> test class : 71.78
------------------------------
<Accuracies on sketch> test class : 67.91
------------------------------
Total epoch time: 27.060

New epoch - lr: 0.003
[1/23 iteration of epoch 20/30] 
 {loss} cls : 0.001, total : 0.001 
 {acc} cls : 100.00
------------------------------
<Losses on train> cls : 0.011, total : 0.011
<Accuracies on train> cls : 99.59
Train epoch time: 10.488
------------------------------
<Accuracies on val> class : 99.42
------------------------------
<Accuracies on test> class : 67.72
------------------------------
<Accuracies on cartoon> test class : 70.09
------------------------------
<Accuracies on art_painting> test class : 69.92
------------------------------
<Accuracies on sketch> test class : 65.16
------------------------------
Total epoch time: 27.579

New epoch - lr: 0.003
[1/23 iteration of epoch 21/30] 
 {loss} cls : 0.003, total : 0.003 
 {acc} cls : 100.00
------------------------------
<Losses on train> cls : 0.007, total : 0.007
<Accuracies on train> cls : 99.93
Train epoch time: 9.811
------------------------------
<Accuracies on val> class : 99.42
------------------------------
<Accuracies on test> class : 67.10
------------------------------
<Accuracies on cartoon> test class : 66.68
------------------------------
<Accuracies on art_painting> test class : 72.36
------------------------------
<Accuracies on sketch> test class : 64.60
------------------------------
Total epoch time: 26.940

New epoch - lr: 0.003
[1/23 iteration of epoch 22/30] 
 {loss} cls : 0.020, total : 0.020 
 {acc} cls : 99.22
------------------------------
<Losses on train> cls : 0.012, total : 0.012
<Accuracies on train> cls : 99.59
Train epoch time: 9.953
------------------------------
<Accuracies on val> class : 98.83
------------------------------
<Accuracies on test> class : 68.33
------------------------------
<Accuracies on cartoon> test class : 67.02
------------------------------
<Accuracies on art_painting> test class : 73.39
------------------------------
<Accuracies on sketch> test class : 66.48
------------------------------
Total epoch time: 26.689

New epoch - lr: 0.003
[1/23 iteration of epoch 23/30] 
 {loss} cls : 0.007, total : 0.007 
 {acc} cls : 99.22
------------------------------
<Losses on train> cls : 0.009, total : 0.009
<Accuracies on train> cls : 99.66
Train epoch time: 10.076
------------------------------
<Accuracies on val> class : 99.42
------------------------------
<Accuracies on test> class : 65.48
------------------------------
<Accuracies on cartoon> test class : 67.06
------------------------------
<Accuracies on art_painting> test class : 72.02
------------------------------
<Accuracies on sketch> test class : 61.14
------------------------------
Total epoch time: 27.137

New epoch - lr: 0.003
[1/23 iteration of epoch 24/30] 
 {loss} cls : 0.013, total : 0.013 
 {acc} cls : 99.22
------------------------------
<Losses on train> cls : 0.005, total : 0.005
<Accuracies on train> cls : 99.86
Train epoch time: 10.049
------------------------------
<Accuracies on val> class : 99.42
------------------------------
<Accuracies on test> class : 66.89
------------------------------
<Accuracies on cartoon> test class : 68.73
------------------------------
<Accuracies on art_painting> test class : 72.27
------------------------------
<Accuracies on sketch> test class : 62.99
------------------------------
Total epoch time: 27.210

New epoch - lr: 0.003
[1/23 iteration of epoch 25/30] 
 {loss} cls : 0.001, total : 0.001 
 {acc} cls : 100.00
------------------------------
<Losses on train> cls : 0.004, total : 0.004
<Accuracies on train> cls : 99.97
Train epoch time: 10.307
------------------------------
<Accuracies on val> class : 99.42
------------------------------
<Accuracies on test> class : 68.10
------------------------------
<Accuracies on cartoon> test class : 69.45
------------------------------
<Accuracies on art_painting> test class : 72.85
------------------------------
<Accuracies on sketch> test class : 64.83
------------------------------
Total epoch time: 27.219

New epoch - lr: 0.003
[1/23 iteration of epoch 26/30] 
 {loss} cls : 0.002, total : 0.002 
 {acc} cls : 100.00
------------------------------
<Losses on train> cls : 0.006, total : 0.006
<Accuracies on train> cls : 99.73
Train epoch time: 9.984
------------------------------
<Accuracies on val> class : 99.42
------------------------------
<Accuracies on test> class : 66.67
------------------------------
<Accuracies on cartoon> test class : 69.41
------------------------------
<Accuracies on art_painting> test class : 73.19
------------------------------
<Accuracies on sketch> test class : 61.64
------------------------------
Total epoch time: 27.181

New epoch - lr: 0.0009000000000000002
[1/23 iteration of epoch 27/30] 
 {loss} cls : 0.027, total : 0.027 
 {acc} cls : 99.22
------------------------------
<Losses on train> cls : 0.004, total : 0.004
<Accuracies on train> cls : 99.93
Train epoch time: 9.887
------------------------------
<Accuracies on val> class : 99.42
------------------------------
<Accuracies on test> class : 65.59
------------------------------
<Accuracies on cartoon> test class : 67.79
------------------------------
<Accuracies on art_painting> test class : 73.88
------------------------------
<Accuracies on sketch> test class : 59.96
------------------------------
Total epoch time: 27.012

New epoch - lr: 0.0009000000000000002
[1/23 iteration of epoch 28/30] 
 {loss} cls : 0.002, total : 0.002 
 {acc} cls : 100.00
------------------------------
<Losses on train> cls : 0.006, total : 0.006
<Accuracies on train> cls : 99.86
Train epoch time: 9.893
------------------------------
<Accuracies on val> class : 99.42
------------------------------
<Accuracies on test> class : 65.99
------------------------------
<Accuracies on cartoon> test class : 68.56
------------------------------
<Accuracies on art_painting> test class : 72.85
------------------------------
<Accuracies on sketch> test class : 60.88
------------------------------
Total epoch time: 26.961

New epoch - lr: 0.0009000000000000002
[1/23 iteration of epoch 29/30] 
 {loss} cls : 0.001, total : 0.001 
 {acc} cls : 100.00
------------------------------
<Losses on train> cls : 0.005, total : 0.005
<Accuracies on train> cls : 99.93
Train epoch time: 9.741
------------------------------
<Accuracies on val> class : 99.42
------------------------------
<Accuracies on test> class : 65.92
------------------------------
<Accuracies on cartoon> test class : 68.77
------------------------------
<Accuracies on art_painting> test class : 71.63
------------------------------
<Accuracies on sketch> test class : 61.24
------------------------------
Total epoch time: 26.863

New epoch - lr: 0.0009000000000000002
[1/23 iteration of epoch 30/30] 
 {loss} cls : 0.001, total : 0.001 
 {acc} cls : 100.00
------------------------------
<Losses on train> cls : 0.003, total : 0.003
<Accuracies on train> cls : 100.00
Train epoch time: 10.016
------------------------------
<Accuracies on val> class : 99.42
------------------------------
<Accuracies on test> class : 67.47
------------------------------
<Accuracies on cartoon> test class : 69.54
------------------------------
<Accuracies on art_painting> test class : 71.63
------------------------------
<Accuracies on sketch> test class : 64.06
------------------------------
Total epoch time: 27.039

******************************
Best val 0.994152, corresponding test 0.674679 - best test: 0.694268

******************************
Best val 0.9941520690917969, corresponding cartoon test 0.6953924894332886

******************************
Best val 0.9941520690917969, corresponding art_painting test 0.71630859375

******************************
Best val 0.9941520690917969, corresponding sketch test 0.6406210064888
