
Loading experiment Officehome/ResNet18_step


New epoch - lr: 0.003
[1/17 iteration of epoch 1/50] 
 {loss} cls : 4.443, total : 4.443 
 {acc} cls : 0.78
------------------------------
<Losses on train> cls : 3.395, total : 3.395
<Accuracies on train> cls : 24.49
Train epoch time: 60.023
------------------------------
<Accuracies on val> class : 39.67
------------------------------
<Accuracies on test> class : 33.26
------------------------------
<Accuracies on Clipart> test class : 25.52
------------------------------
<Accuracies on Product> test class : 31.88
------------------------------
<Accuracies on Real_World> test class : 42.44
------------------------------
Total epoch time: 296.666

New epoch - lr: 0.003
[1/17 iteration of epoch 2/50] 
 {loss} cls : 2.063, total : 2.063 
 {acc} cls : 55.47
------------------------------
<Losses on train> cls : 1.561, total : 1.561
<Accuracies on train> cls : 62.50
Train epoch time: 24.250
------------------------------
<Accuracies on val> class : 52.07
