Exclude2 CIRL
WARNING:tensorflow:From /homes/55/jianhaoy/projects/EKI/utils/tf_logger.py:16: The name tf.summary.FileWriter is deprecated. Please use tf.compat.v1.summary.FileWriter instead.

WARNING:tensorflow:From /homes/55/jianhaoy/projects/EKI/utils/tf_logger.py:20: The name tf.Summary is deprecated. Please use tf.compat.v1.Summary instead.


Loading experiment PACS/ResNet18_multi

Train: ['/datasets/jianhaoy/PACSC/multi_label_handcrafted2/art_painting-cartoon/photo_train.txt', '/datasets/jianhaoy/PACSC/multi_label_handcrafted2/art_painting-cartoon/cartoon_train.txt', '/datasets/jianhaoy/PACSC/multi_label_handcrafted2/art_painting-cartoon/art_painting_train.txt']

New epoch - lr: 0.001
[1/180 iteration of epoch 1/50] 
 {loss} sup : 2.157, inf : 2.091, fac : 0.260, total : 2.132 
 {acc} sup : 13.67, inf : 14.06
[31/180 iteration of epoch 1/50] 
 {loss} sup : 0.667, inf : 0.660, fac : 0.164, total : 0.669 
 {acc} sup : 79.69, inf : 81.64
[61/180 iteration of epoch 1/50] 
 {loss} sup : 0.531, inf : 0.533, fac : 0.102, total : 0.535 
 {acc} sup : 82.03, inf : 80.47
[91/180 iteration of epoch 1/50] 
 {loss} sup : 0.455, inf : 0.444, fac : 0.089, total : 0.453 
 {acc} sup : 82.81, inf : 82.42
[121/180 iteration of epoch 1/50] 
 {loss} sup : 0.507, inf : 0.506, fac : 0.114, total : 0.510 
 {acc} sup : 81.25, inf : 82.03
[151/180 iteration of epoch 1/50] 
 {loss} sup : 0.343, inf : 0.342, fac : 0.096, total : 0.346 
 {acc} sup : 85.55, inf : 86.33
------------------------------
<Losses on train> sup : 0.618, inf : 0.617, fac : 0.124, total : 0.622
<Accuracies on train> sup : 77.90, inf : 78.00
Train epoch time: 503.965
------------------------------
Total epoch time: 504.107

New epoch - lr: 0.001
[1/180 iteration of epoch 2/50] 
 {loss} sup : 0.316, inf : 0.323, fac : 0.065, total : 0.332 
 {acc} sup : 87.89, inf : 87.11
[31/180 iteration of epoch 2/50] 
 {loss} sup : 0.405, inf : 0.401, fac : 0.075, total : 0.418 
 {acc} sup : 83.98, inf : 84.77
[61/180 iteration of epoch 2/50] 
 {loss} sup : 0.384, inf : 0.383, fac : 0.055, total : 0.395 
 {acc} sup : 85.55, inf : 86.33
[91/180 iteration of epoch 2/50] 
 {loss} sup : 0.382, inf : 0.376, fac : 0.080, total : 0.395 
 {acc} sup : 83.98, inf : 83.98
[121/180 iteration of epoch 2/50] 
 {loss} sup : 0.357, inf : 0.354, fac : 0.062, total : 0.368 
 {acc} sup : 85.55, inf : 87.50
[151/180 iteration of epoch 2/50] 
 {loss} sup : 0.291, inf : 0.287, fac : 0.083, total : 0.306 
 {acc} sup : 88.67, inf : 90.23
------------------------------
<Losses on train> sup : 0.370, inf : 0.369, fac : 0.070, total : 0.384
<Accuracies on train> sup : 85.80, inf : 85.88
Train epoch time: 462.623
------------------------------
Total epoch time: 462.795

New epoch - lr: 0.001
[1/180 iteration of epoch 3/50] 
 {loss} sup : 0.326, inf : 0.321, fac : 0.076, total : 0.387 
 {acc} sup : 86.33, inf : 87.11
[31/180 iteration of epoch 3/50] 
 {loss} sup : 0.340, inf : 0.334, fac : 0.046, total : 0.375 
 {acc} sup : 87.11, inf : 87.11
[61/180 iteration of epoch 3/50] 
 {loss} sup : 0.334, inf : 0.334, fac : 0.047, total : 0.372 
 {acc} sup : 85.55, inf : 85.94
[91/180 iteration of epoch 3/50] 
 {loss} sup : 0.384, inf : 0.382, fac : 0.039, total : 0.415 
 {acc} sup : 84.77, inf : 84.38
[121/180 iteration of epoch 3/50] 
 {loss} sup : 0.282, inf : 0.280, fac : 0.040, total : 0.314 
 {acc} sup : 89.06, inf : 90.23
[151/180 iteration of epoch 3/50] 
 {loss} sup : 0.243, inf : 0.246, fac : 0.027, total : 0.266 
 {acc} sup : 90.62, inf : 91.02
------------------------------
<Losses on train> sup : 0.338, inf : 0.338, fac : 0.043, total : 0.373
<Accuracies on train> sup : 86.82, inf : 86.84
Train epoch time: 472.772
------------------------------
Total epoch time: 472.918

New epoch - lr: 0.001
[1/180 iteration of epoch 4/50] 
 {loss} sup : 0.382, inf : 0.382, fac : 0.040, total : 0.471 
 {acc} sup : 81.64, inf : 82.42
[31/180 iteration of epoch 4/50] 
 {loss} sup : 0.297, inf : 0.294, fac : 0.027, total : 0.357 
 {acc} sup : 89.06, inf : 89.06
[61/180 iteration of epoch 4/50] 
 {loss} sup : 0.355, inf : 0.354, fac : 0.026, total : 0.414 
 {acc} sup : 85.94, inf : 85.94
[91/180 iteration of epoch 4/50] 
 {loss} sup : 0.380, inf : 0.376, fac : 0.020, total : 0.423 
 {acc} sup : 85.55, inf : 84.77
[121/180 iteration of epoch 4/50] 
 {loss} sup : 0.340, inf : 0.339, fac : 0.020, total : 0.384 
 {acc} sup : 88.67, inf : 87.50
[151/180 iteration of epoch 4/50] 
 {loss} sup : 0.289, inf : 0.289, fac : 0.021, total : 0.336 
 {acc} sup : 89.84, inf : 89.45
------------------------------
<Losses on train> sup : 0.320, inf : 0.320, fac : 0.022, total : 0.370
<Accuracies on train> sup : 87.50, inf : 87.44
Train epoch time: 468.595
------------------------------
Total epoch time: 468.738

New epoch - lr: 0.001
[1/180 iteration of epoch 5/50] 
 {loss} sup : 0.359, inf : 0.363, fac : 0.016, total : 0.425 
 {acc} sup : 88.28, inf : 87.89
[31/180 iteration of epoch 5/50] 
 {loss} sup : 0.303, inf : 0.301, fac : 0.019, total : 0.378 
 {acc} sup : 87.11, inf : 86.72
[61/180 iteration of epoch 5/50] 
 {loss} sup : 0.315, inf : 0.311, fac : 0.013, total : 0.367 
 {acc} sup : 88.28, inf : 87.50
[91/180 iteration of epoch 5/50] 
 {loss} sup : 0.298, inf : 0.297, fac : 0.013, total : 0.351 
 {acc} sup : 88.67, inf : 88.67
[121/180 iteration of epoch 5/50] 
 {loss} sup : 0.318, inf : 0.317, fac : 0.011, total : 0.364 
 {acc} sup : 86.33, inf : 87.50
[151/180 iteration of epoch 5/50] 
 {loss} sup : 0.248, inf : 0.249, fac : 0.010, total : 0.288 
 {acc} sup : 89.45, inf : 89.45
------------------------------
<Losses on train> sup : 0.308, inf : 0.307, fac : 0.013, total : 0.362
<Accuracies on train> sup : 87.86, inf : 87.88
Train epoch time: 469.343
------------------------------
Total epoch time: 469.535

New epoch - lr: 0.001
[1/180 iteration of epoch 6/50] 
 {loss} sup : 0.321, inf : 0.319, fac : 0.009, total : 0.365 
 {acc} sup : 85.55, inf : 85.94
[31/180 iteration of epoch 6/50] 
 {loss} sup : 0.440, inf : 0.436, fac : 0.008, total : 0.480 
 {acc} sup : 81.25, inf : 81.64
[61/180 iteration of epoch 6/50] 
 {loss} sup : 0.331, inf : 0.330, fac : 0.008, total : 0.370 
 {acc} sup : 87.11, inf : 87.50
[91/180 iteration of epoch 6/50] 
 {loss} sup : 0.371, inf : 0.371, fac : 0.009, total : 0.415 
 {acc} sup : 83.98, inf : 84.77
[121/180 iteration of epoch 6/50] 
 {loss} sup : 0.242, inf : 0.242, fac : 0.007, total : 0.278 
 {acc} sup : 91.41, inf : 91.80
[151/180 iteration of epoch 6/50] 
 {loss} sup : 0.215, inf : 0.214, fac : 0.005, total : 0.239 
 {acc} sup : 91.41, inf : 90.62
------------------------------
<Losses on train> sup : 0.301, inf : 0.301, fac : 0.008, total : 0.343
<Accuracies on train> sup : 87.89, inf : 87.94
Train epoch time: 468.479
------------------------------
Total epoch time: 468.585

New epoch - lr: 0.001
[1/180 iteration of epoch 7/50] 
 {loss} sup : 0.472, inf : 0.362, fac : 0.008, total : 0.457 
 {acc} sup : 83.20, inf : 88.28
[31/180 iteration of epoch 7/50] 
 {loss} sup : 0.395, inf : 0.310, fac : 0.006, total : 0.380 
 {acc} sup : 87.89, inf : 88.67
[61/180 iteration of epoch 7/50] 
 {loss} sup : 0.395, inf : 0.307, fac : 0.007, total : 0.387 
 {acc} sup : 85.94, inf : 89.06
[91/180 iteration of epoch 7/50] 
 {loss} sup : 0.418, inf : 0.350, fac : 0.007, total : 0.418 
 {acc} sup : 83.98, inf : 85.94
[121/180 iteration of epoch 7/50] 
 {loss} sup : 0.401, inf : 0.336, fac : 0.005, total : 0.395 
 {acc} sup : 86.72, inf : 87.50
[151/180 iteration of epoch 7/50] 
 {loss} sup : 0.460, inf : 0.408, fac : 0.004, total : 0.453 
 {acc} sup : 85.55, inf : 84.77
------------------------------
<Losses on train> sup : 0.390, inf : 0.318, fac : 0.007, total : 0.387
<Accuracies on train> sup : 86.98, inf : 87.78
Train epoch time: 467.027
------------------------------
Total epoch time: 467.202

New epoch - lr: 0.001
[1/180 iteration of epoch 8/50] 
 {loss} sup : 0.326, inf : 0.295, fac : 0.005, total : 0.336 
 {acc} sup : 86.33, inf : 87.50
[31/180 iteration of epoch 8/50] 
 {loss} sup : 0.386, inf : 0.333, fac : 0.005, total : 0.384 
 {acc} sup : 85.55, inf : 85.16
[61/180 iteration of epoch 8/50] 
 {loss} sup : 0.427, inf : 0.383, fac : 0.006, total : 0.435 
 {acc} sup : 83.59, inf : 85.55
[91/180 iteration of epoch 8/50] 
 {loss} sup : 0.364, inf : 0.334, fac : 0.004, total : 0.368 
 {acc} sup : 87.50, inf : 86.33
[121/180 iteration of epoch 8/50] 
 {loss} sup : 0.487, inf : 0.457, fac : 0.007, total : 0.505 
 {acc} sup : 83.20, inf : 79.30
[151/180 iteration of epoch 8/50] 
 {loss} sup : 0.350, inf : 0.318, fac : 0.004, total : 0.354 
 {acc} sup : 89.06, inf : 87.89
------------------------------
<Losses on train> sup : 0.343, inf : 0.304, fac : 0.006, total : 0.352
<Accuracies on train> sup : 87.50, inf : 88.04
Train epoch time: 470.502
------------------------------
Total epoch time: 470.633

New epoch - lr: 0.001
[1/180 iteration of epoch 9/50] 
 {loss} sup : 0.299, inf : 0.275, fac : 0.004, total : 0.307 
 {acc} sup : 88.28, inf : 89.45
[31/180 iteration of epoch 9/50] 
 {loss} sup : 0.364, inf : 0.342, fac : 0.008, total : 0.391 
 {acc} sup : 87.89, inf : 87.89
[61/180 iteration of epoch 9/50] 
 {loss} sup : 0.261, inf : 0.232, fac : 0.006, total : 0.277 
 {acc} sup : 91.41, inf : 90.23
[91/180 iteration of epoch 9/50] 
 {loss} sup : 0.356, inf : 0.324, fac : 0.003, total : 0.355 
 {acc} sup : 85.55, inf : 87.11
[121/180 iteration of epoch 9/50] 
 {loss} sup : 0.356, inf : 0.305, fac : 0.004, total : 0.353 
 {acc} sup : 86.72, inf : 88.67
[151/180 iteration of epoch 9/50] 
 {loss} sup : 0.372, inf : 0.326, fac : 0.005, total : 0.373 
 {acc} sup : 85.94, inf : 87.11
------------------------------
<Losses on train> sup : 0.323, inf : 0.296, fac : 0.005, total : 0.333
<Accuracies on train> sup : 88.01, inf : 88.24
Train epoch time: 461.645
------------------------------
Total epoch time: 461.877

New epoch - lr: 0.001
[1/180 iteration of epoch 10/50] 
 {loss} sup : 0.252, inf : 0.238, fac : 0.004, total : 0.264 
 {acc} sup : 89.45, inf : 89.06
[31/180 iteration of epoch 10/50] 
 {loss} sup : 0.336, inf : 0.319, fac : 0.004, total : 0.346 
 {acc} sup : 86.33, inf : 87.89
[61/180 iteration of epoch 10/50] 
 {loss} sup : 0.326, inf : 0.291, fac : 0.004, total : 0.327 
 {acc} sup : 88.28, inf : 90.23
[91/180 iteration of epoch 10/50] 
 {loss} sup : 0.304, inf : 0.282, fac : 0.005, total : 0.317 
 {acc} sup : 88.67, inf : 88.67
[121/180 iteration of epoch 10/50] 
 {loss} sup : 0.179, inf : 0.150, fac : 0.004, total : 0.183 
 {acc} sup : 94.14, inf : 94.92
[151/180 iteration of epoch 10/50] 
 {loss} sup : 0.174, inf : 0.145, fac : 0.005, total : 0.183 
 {acc} sup : 94.53, inf : 92.58
------------------------------
<Losses on train> sup : 0.313, inf : 0.289, fac : 0.004, total : 0.322
<Accuracies on train> sup : 88.03, inf : 88.54
Train epoch time: 471.571
------------------------------
Total epoch time: 471.795

New epoch - lr: 0.001
[1/180 iteration of epoch 11/50] 
 {loss} sup : 0.299, inf : 0.290, fac : 0.004, total : 0.312 
 {acc} sup : 89.84, inf : 89.06
[31/180 iteration of epoch 11/50] 
 {loss} sup : 0.457, inf : 0.447, fac : 0.003, total : 0.467 
 {acc} sup : 80.08, inf : 82.81
[61/180 iteration of epoch 11/50] 
 {loss} sup : 0.269, inf : 0.252, fac : 0.003, total : 0.276 
 {acc} sup : 91.02, inf : 91.02
[91/180 iteration of epoch 11/50] 
 {loss} sup : 0.424, inf : 0.411, fac : 0.002, total : 0.430 
 {acc} sup : 84.38, inf : 83.20
[121/180 iteration of epoch 11/50] 
 {loss} sup : 0.239, inf : 0.234, fac : 0.005, total : 0.261 
 {acc} sup : 91.41, inf : 91.02
[151/180 iteration of epoch 11/50] 
 {loss} sup : 0.328, inf : 0.274, fac : 0.004, total : 0.320 
 {acc} sup : 87.50, inf : 87.11
------------------------------
<Losses on train> sup : 0.312, inf : 0.291, fac : 0.004, total : 0.322
<Accuracies on train> sup : 87.88, inf : 88.40
Train epoch time: 477.632
------------------------------
Total epoch time: 477.830

New epoch - lr: 0.001
[1/180 iteration of epoch 12/50] 
 {loss} sup : 0.205, inf : 0.192, fac : 0.004, total : 0.218 
 {acc} sup : 92.97, inf : 92.19
[31/180 iteration of epoch 12/50] 
 {loss} sup : 0.205, inf : 0.176, fac : 0.002, total : 0.203 
 {acc} sup : 93.36, inf : 94.53
[61/180 iteration of epoch 12/50] 
 {loss} sup : 0.286, inf : 0.281, fac : 0.003, total : 0.298 
 {acc} sup : 89.06, inf : 89.84
[91/180 iteration of epoch 12/50] 
 {loss} sup : 0.339, inf : 0.314, fac : 0.004, total : 0.346 
 {acc} sup : 86.33, inf : 88.28
[121/180 iteration of epoch 12/50] 
 {loss} sup : 0.420, inf : 0.406, fac : 0.004, total : 0.431 
 {acc} sup : 83.59, inf : 83.20
[151/180 iteration of epoch 12/50] 
 {loss} sup : 0.356, inf : 0.341, fac : 0.003, total : 0.363 
 {acc} sup : 85.55, inf : 85.55
------------------------------
<Losses on train> sup : 0.300, inf : 0.282, fac : 0.004, total : 0.309
<Accuracies on train> sup : 88.38, inf : 88.80
Train epoch time: 474.459
------------------------------
Total epoch time: 474.637

New epoch - lr: 0.001
[1/180 iteration of epoch 13/50] 
 {loss} sup : 0.293, inf : 0.271, fac : 0.004, total : 0.303 
 {acc} sup : 89.84, inf : 89.45
[31/180 iteration of epoch 13/50] 
 {loss} sup : 0.300, inf : 0.278, fac : 0.005, total : 0.315 
 {acc} sup : 87.50, inf : 90.23
[61/180 iteration of epoch 13/50] 
 {loss} sup : 0.375, inf : 0.349, fac : 0.003, total : 0.377 
 {acc} sup : 87.11, inf : 87.50
[91/180 iteration of epoch 13/50] 
 {loss} sup : 0.295, inf : 0.281, fac : 0.003, total : 0.303 
 {acc} sup : 88.28, inf : 88.67
[121/180 iteration of epoch 13/50] 
 {loss} sup : 0.200, inf : 0.188, fac : 0.002, total : 0.205 
 {acc} sup : 90.62, inf : 92.19
[151/180 iteration of epoch 13/50] 
 {loss} sup : 0.224, inf : 0.204, fac : 0.002, total : 0.225 
 {acc} sup : 90.62, inf : 91.02
------------------------------
<Losses on train> sup : 0.301, inf : 0.284, fac : 0.003, total : 0.309
<Accuracies on train> sup : 88.32, inf : 88.65
Train epoch time: 480.274
------------------------------
Total epoch time: 480.471

New epoch - lr: 0.001
[1/180 iteration of epoch 14/50] 
 {loss} sup : 0.360, inf : 0.357, fac : 0.003, total : 0.374 
 {acc} sup : 86.72, inf : 85.94
[31/180 iteration of epoch 14/50] 
 {loss} sup : 0.194, inf : 0.191, fac : 0.003, total : 0.209 
 {acc} sup : 93.36, inf : 92.97
[61/180 iteration of epoch 14/50] 
 {loss} sup : 0.314, inf : 0.287, fac : 0.003, total : 0.317 
 {acc} sup : 87.50, inf : 88.67
[91/180 iteration of epoch 14/50] 
 {loss} sup : 0.285, inf : 0.267, fac : 0.004, total : 0.293 
 {acc} sup : 87.89, inf : 88.28
[121/180 iteration of epoch 14/50] 
 {loss} sup : 0.178, inf : 0.161, fac : 0.003, total : 0.184 
 {acc} sup : 94.53, inf : 94.92
[151/180 iteration of epoch 14/50] 
 {loss} sup : 0.232, inf : 0.215, fac : 0.003, total : 0.240 
 {acc} sup : 90.62, inf : 92.97
------------------------------
<Losses on train> sup : 0.294, inf : 0.279, fac : 0.003, total : 0.302
<Accuracies on train> sup : 88.52, inf : 88.85
Train epoch time: 469.450
------------------------------
Total epoch time: 470.134

New epoch - lr: 0.001
[1/180 iteration of epoch 15/50] 
 {loss} sup : 0.258, inf : 0.241, fac : 0.003, total : 0.263 
 {acc} sup : 89.84, inf : 90.62
[31/180 iteration of epoch 15/50] 
 {loss} sup : 0.338, inf : 0.311, fac : 0.003, total : 0.340 
 {acc} sup : 85.16, inf : 89.06
[61/180 iteration of epoch 15/50] 
 {loss} sup : 0.349, inf : 0.347, fac : 0.002, total : 0.360 
 {acc} sup : 85.94, inf : 86.33
[91/180 iteration of epoch 15/50] 
 {loss} sup : 0.199, inf : 0.190, fac : 0.004, total : 0.214 
 {acc} sup : 94.14, inf : 95.70
[121/180 iteration of epoch 15/50] 
 {loss} sup : 0.414, inf : 0.397, fac : 0.003, total : 0.419 
 {acc} sup : 83.98, inf : 83.98
[151/180 iteration of epoch 15/50] 
 {loss} sup : 0.330, inf : 0.313, fac : 0.002, total : 0.332 
 {acc} sup : 87.11, inf : 87.89
------------------------------
<Losses on train> sup : 0.291, inf : 0.277, fac : 0.003, total : 0.300
<Accuracies on train> sup : 88.63, inf : 88.97
Train epoch time: 457.675
------------------------------
Total epoch time: 457.887

New epoch - lr: 0.001
[1/180 iteration of epoch 16/50] 
 {loss} sup : 0.308, inf : 0.268, fac : 0.002, total : 0.300 
 {acc} sup : 90.23, inf : 89.45
[31/180 iteration of epoch 16/50] 
 {loss} sup : 0.237, inf : 0.235, fac : 0.003, total : 0.252 
 {acc} sup : 90.23, inf : 89.06
[61/180 iteration of epoch 16/50] 
 {loss} sup : 0.301, inf : 0.268, fac : 0.002, total : 0.297 
 {acc} sup : 88.28, inf : 89.06
[91/180 iteration of epoch 16/50] 
 {loss} sup : 0.273, inf : 0.274, fac : 0.003, total : 0.288 
 {acc} sup : 89.06, inf : 89.06
[121/180 iteration of epoch 16/50] 
 {loss} sup : 0.291, inf : 0.276, fac : 0.002, total : 0.293 
 {acc} sup : 88.67, inf : 89.84
[151/180 iteration of epoch 16/50] 
 {loss} sup : 0.212, inf : 0.210, fac : 0.002, total : 0.223 
 {acc} sup : 91.41, inf : 91.41
------------------------------
<Losses on train> sup : 0.283, inf : 0.270, fac : 0.003, total : 0.291
<Accuracies on train> sup : 89.02, inf : 89.22
Train epoch time: 470.609
------------------------------
Total epoch time: 470.865

New epoch - lr: 0.001
[1/180 iteration of epoch 17/50] 
 {loss} sup : 0.313, inf : 0.289, fac : 0.004, total : 0.321 
 {acc} sup : 87.11, inf : 89.84
[31/180 iteration of epoch 17/50] 
 {loss} sup : 0.277, inf : 0.268, fac : 0.003, total : 0.286 
 {acc} sup : 89.06, inf : 89.45
[61/180 iteration of epoch 17/50] 
 {loss} sup : 0.343, inf : 0.341, fac : 0.002, total : 0.353 
 {acc} sup : 84.77, inf : 86.72
[91/180 iteration of epoch 17/50] 
 {loss} sup : 0.282, inf : 0.273, fac : 0.002, total : 0.289 
 {acc} sup : 89.06, inf : 87.89
[121/180 iteration of epoch 17/50] 
 {loss} sup : 0.242, inf : 0.223, fac : 0.002, total : 0.242 
 {acc} sup : 89.45, inf : 88.67
[151/180 iteration of epoch 17/50] 
 {loss} sup : 0.271, inf : 0.250, fac : 0.004, total : 0.282 
 {acc} sup : 89.45, inf : 91.41
------------------------------
<Losses on train> sup : 0.280, inf : 0.268, fac : 0.003, total : 0.288
<Accuracies on train> sup : 88.98, inf : 89.26
Train epoch time: 472.126
------------------------------
Total epoch time: 472.451

New epoch - lr: 0.001
[1/180 iteration of epoch 18/50] 
 {loss} sup : 0.375, inf : 0.350, fac : 0.002, total : 0.372 
 {acc} sup : 85.94, inf : 87.11
[31/180 iteration of epoch 18/50] 
 {loss} sup : 0.234, inf : 0.219, fac : 0.002, total : 0.238 
 {acc} sup : 91.41, inf : 91.80
[61/180 iteration of epoch 18/50] 
 {loss} sup : 0.241, inf : 0.225, fac : 0.002, total : 0.245 
 {acc} sup : 90.23, inf : 92.19
[91/180 iteration of epoch 18/50] 
 {loss} sup : 0.370, inf : 0.355, fac : 0.004, total : 0.381 
 {acc} sup : 83.98, inf : 83.59
[121/180 iteration of epoch 18/50] 
 {loss} sup : 0.289, inf : 0.281, fac : 0.003, total : 0.299 
 {acc} sup : 89.45, inf : 90.62
[151/180 iteration of epoch 18/50] 
 {loss} sup : 0.258, inf : 0.243, fac : 0.002, total : 0.261 
 {acc} sup : 89.84, inf : 90.62
------------------------------
<Losses on train> sup : 0.281, inf : 0.270, fac : 0.003, total : 0.289
<Accuracies on train> sup : 89.01, inf : 89.21
Train epoch time: 468.868
------------------------------
Total epoch time: 469.066

New epoch - lr: 0.001
[1/180 iteration of epoch 19/50] 
 {loss} sup : 0.363, inf : 0.372, fac : 0.002, total : 0.379 
 {acc} sup : 84.38, inf : 83.20
[31/180 iteration of epoch 19/50] 
 {loss} sup : 0.347, inf : 0.368, fac : 0.003, total : 0.372 
 {acc} sup : 87.89, inf : 87.89
[61/180 iteration of epoch 19/50] 
 {loss} sup : 0.229, inf : 0.203, fac : 0.002, total : 0.228 
 {acc} sup : 91.02, inf : 91.80
[91/180 iteration of epoch 19/50] 
 {loss} sup : 0.235, inf : 0.238, fac : 0.003, total : 0.249 
 {acc} sup : 91.80, inf : 91.41
[121/180 iteration of epoch 19/50] 
 {loss} sup : 0.187, inf : 0.182, fac : 0.003, total : 0.200 
 {acc} sup : 92.58, inf : 93.75
[151/180 iteration of epoch 19/50] 
 {loss} sup : 0.193, inf : 0.194, fac : 0.002, total : 0.206 
 {acc} sup : 93.36, inf : 92.58
------------------------------
<Losses on train> sup : 0.277, inf : 0.267, fac : 0.003, total : 0.285
<Accuracies on train> sup : 89.10, inf : 89.24
Train epoch time: 469.121
------------------------------
Total epoch time: 469.504

New epoch - lr: 0.001
[1/180 iteration of epoch 20/50] 
 {loss} sup : 0.253, inf : 0.240, fac : 0.003, total : 0.260 
 {acc} sup : 88.28, inf : 89.06
[31/180 iteration of epoch 20/50] 
 {loss} sup : 0.255, inf : 0.257, fac : 0.002, total : 0.267 
 {acc} sup : 88.67, inf : 89.45
[61/180 iteration of epoch 20/50] 
 {loss} sup : 0.353, inf : 0.383, fac : 0.003, total : 0.385 
 {acc} sup : 87.50, inf : 87.50
[91/180 iteration of epoch 20/50] 
 {loss} sup : 0.343, inf : 0.335, fac : 0.002, total : 0.351 
 {acc} sup : 85.55, inf : 83.98
[121/180 iteration of epoch 20/50] 
 {loss} sup : 0.317, inf : 0.332, fac : 0.002, total : 0.335 
 {acc} sup : 87.11, inf : 84.77
[151/180 iteration of epoch 20/50] 
 {loss} sup : 0.263, inf : 0.260, fac : 0.004, total : 0.279 
 {acc} sup : 89.45, inf : 90.62
------------------------------
<Losses on train> sup : 0.273, inf : 0.262, fac : 0.003, total : 0.280
<Accuracies on train> sup : 89.23, inf : 89.32
Train epoch time: 470.273
------------------------------
Total epoch time: 470.497

New epoch - lr: 0.001
[1/180 iteration of epoch 21/50] 
 {loss} sup : 0.327, inf : 0.315, fac : 0.002, total : 0.332 
 {acc} sup : 88.67, inf : 88.28
[31/180 iteration of epoch 21/50] 
 {loss} sup : 0.369, inf : 0.346, fac : 0.003, total : 0.371 
 {acc} sup : 86.33, inf : 86.72
[61/180 iteration of epoch 21/50] 
 {loss} sup : 0.320, inf : 0.311, fac : 0.006, total : 0.344 
 {acc} sup : 85.94, inf : 85.55
[91/180 iteration of epoch 21/50] 
 {loss} sup : 0.193, inf : 0.179, fac : 0.003, total : 0.202 
 {acc} sup : 91.80, inf : 91.80
[121/180 iteration of epoch 21/50] 
 {loss} sup : 0.191, inf : 0.183, fac : 0.003, total : 0.201 
 {acc} sup : 92.19, inf : 92.19
[151/180 iteration of epoch 21/50] 
 {loss} sup : 0.203, inf : 0.189, fac : 0.002, total : 0.207 
 {acc} sup : 92.58, inf : 91.80
------------------------------
<Losses on train> sup : 0.271, inf : 0.260, fac : 0.003, total : 0.278
<Accuracies on train> sup : 89.34, inf : 89.40
Train epoch time: 470.347
------------------------------
Total epoch time: 471.275

New epoch - lr: 0.001
[1/180 iteration of epoch 22/50] 
 {loss} sup : 0.223, inf : 0.205, fac : 0.002, total : 0.226 
 {acc} sup : 91.02, inf : 90.23
[31/180 iteration of epoch 22/50] 
 {loss} sup : 0.320, inf : 0.321, fac : 0.003, total : 0.333 
 {acc} sup : 85.55, inf : 86.33
[61/180 iteration of epoch 22/50] 
 {loss} sup : 0.229, inf : 0.215, fac : 0.002, total : 0.233 
 {acc} sup : 91.41, inf : 91.80
[91/180 iteration of epoch 22/50] 
 {loss} sup : 0.198, inf : 0.190, fac : 0.002, total : 0.205 
 {acc} sup : 89.84, inf : 90.23
[121/180 iteration of epoch 22/50] 
 {loss} sup : 0.388, inf : 0.382, fac : 0.002, total : 0.393 
 {acc} sup : 84.38, inf : 83.59
[151/180 iteration of epoch 22/50] 
 {loss} sup : 0.250, inf : 0.233, fac : 0.003, total : 0.255 
 {acc} sup : 89.45, inf : 89.45
------------------------------
<Losses on train> sup : 0.276, inf : 0.266, fac : 0.002, total : 0.283
<Accuracies on train> sup : 88.99, inf : 89.31
Train epoch time: 469.539
------------------------------
Total epoch time: 469.701

New epoch - lr: 0.001
[1/180 iteration of epoch 23/50] 
 {loss} sup : 0.274, inf : 0.265, fac : 0.003, total : 0.286 
 {acc} sup : 89.06, inf : 88.67
[31/180 iteration of epoch 23/50] 
 {loss} sup : 0.221, inf : 0.216, fac : 0.003, total : 0.232 
 {acc} sup : 91.02, inf : 91.41
[61/180 iteration of epoch 23/50] 
 {loss} sup : 0.305, inf : 0.274, fac : 0.002, total : 0.301 
 {acc} sup : 87.89, inf : 90.23
[91/180 iteration of epoch 23/50] 
 {loss} sup : 0.191, inf : 0.192, fac : 0.003, total : 0.207 
 {acc} sup : 92.58, inf : 92.58
[121/180 iteration of epoch 23/50] 
 {loss} sup : 0.206, inf : 0.200, fac : 0.002, total : 0.213 
 {acc} sup : 92.58, inf : 91.02
[151/180 iteration of epoch 23/50] 
 {loss} sup : 0.329, inf : 0.326, fac : 0.003, total : 0.341 
 {acc} sup : 87.89, inf : 86.72
------------------------------
<Losses on train> sup : 0.268, inf : 0.258, fac : 0.002, total : 0.275
<Accuracies on train> sup : 89.42, inf : 89.66
Train epoch time: 472.626
------------------------------
Total epoch time: 472.764

New epoch - lr: 0.001
[1/180 iteration of epoch 24/50] 
 {loss} sup : 0.272, inf : 0.255, fac : 0.002, total : 0.272 
 {acc} sup : 89.84, inf : 90.62
[31/180 iteration of epoch 24/50] 
 {loss} sup : 0.216, inf : 0.202, fac : 0.002, total : 0.217 
 {acc} sup : 90.62, inf : 91.41
[61/180 iteration of epoch 24/50] 
 {loss} sup : 0.250, inf : 0.256, fac : 0.001, total : 0.261 
 {acc} sup : 91.02, inf : 92.97
[91/180 iteration of epoch 24/50] 
 {loss} sup : 0.228, inf : 0.213, fac : 0.002, total : 0.228 
 {acc} sup : 89.84, inf : 89.06
[121/180 iteration of epoch 24/50] 
 {loss} sup : 0.218, inf : 0.210, fac : 0.002, total : 0.226 
 {acc} sup : 90.62, inf : 90.62
[151/180 iteration of epoch 24/50] 
 {loss} sup : 0.242, inf : 0.227, fac : 0.002, total : 0.246 
 {acc} sup : 89.84, inf : 90.23
------------------------------
<Losses on train> sup : 0.266, inf : 0.256, fac : 0.002, total : 0.273
<Accuracies on train> sup : 89.42, inf : 89.68
Train epoch time: 471.126
------------------------------
Total epoch time: 471.828

New epoch - lr: 0.001
[1/180 iteration of epoch 25/50] 
 {loss} sup : 0.172, inf : 0.155, fac : 0.002, total : 0.174 
 {acc} sup : 93.75, inf : 93.36
[31/180 iteration of epoch 25/50] 
 {loss} sup : 0.242, inf : 0.237, fac : 0.002, total : 0.249 
 {acc} sup : 89.84, inf : 91.41
[61/180 iteration of epoch 25/50] 
 {loss} sup : 0.308, inf : 0.296, fac : 0.002, total : 0.313 
 {acc} sup : 86.72, inf : 88.67
[91/180 iteration of epoch 25/50] 
 {loss} sup : 0.187, inf : 0.176, fac : 0.002, total : 0.189 
 {acc} sup : 92.97, inf : 93.36
[121/180 iteration of epoch 25/50] 
 {loss} sup : 0.218, inf : 0.215, fac : 0.002, total : 0.228 
 {acc} sup : 91.80, inf : 91.41
[151/180 iteration of epoch 25/50] 
 {loss} sup : 0.263, inf : 0.256, fac : 0.002, total : 0.270 
 {acc} sup : 90.62, inf : 90.62
------------------------------
<Losses on train> sup : 0.268, inf : 0.260, fac : 0.002, total : 0.275
<Accuracies on train> sup : 89.24, inf : 89.42
Train epoch time: 466.901
------------------------------
Total epoch time: 467.235

New epoch - lr: 0.001
[1/180 iteration of epoch 26/50] 
 {loss} sup : 0.234, inf : 0.227, fac : 0.003, total : 0.245 
 {acc} sup : 89.84, inf : 91.02
[31/180 iteration of epoch 26/50] 
 {loss} sup : 0.207, inf : 0.199, fac : 0.002, total : 0.215 
 {acc} sup : 92.58, inf : 94.14
[61/180 iteration of epoch 26/50] 
 {loss} sup : 0.190, inf : 0.195, fac : 0.003, total : 0.206 
 {acc} sup : 92.58, inf : 92.19
[91/180 iteration of epoch 26/50] 
 {loss} sup : 0.187, inf : 0.186, fac : 0.002, total : 0.197 
 {acc} sup : 92.58, inf : 91.41
[121/180 iteration of epoch 26/50] 
 {loss} sup : 0.172, inf : 0.159, fac : 0.002, total : 0.175 
 {acc} sup : 92.97, inf : 93.36
[151/180 iteration of epoch 26/50] 
 {loss} sup : 0.169, inf : 0.160, fac : 0.003, total : 0.177 
 {acc} sup : 94.53, inf : 93.75
------------------------------
<Losses on train> sup : 0.267, inf : 0.258, fac : 0.002, total : 0.274
<Accuracies on train> sup : 89.25, inf : 89.59
Train epoch time: 471.398
------------------------------
Total epoch time: 471.638

New epoch - lr: 0.001
[1/180 iteration of epoch 27/50] 
 {loss} sup : 0.292, inf : 0.295, fac : 0.002, total : 0.302 
 {acc} sup : 87.50, inf : 89.06
[31/180 iteration of epoch 27/50] 
 {loss} sup : 0.296, inf : 0.304, fac : 0.002, total : 0.310 
 {acc} sup : 87.89, inf : 86.33
[61/180 iteration of epoch 27/50] 
 {loss} sup : 0.201, inf : 0.191, fac : 0.002, total : 0.207 
 {acc} sup : 91.41, inf : 92.97
[91/180 iteration of epoch 27/50] 
 {loss} sup : 0.182, inf : 0.187, fac : 0.002, total : 0.194 
 {acc} sup : 93.75, inf : 92.58
[121/180 iteration of epoch 27/50] 
 {loss} sup : 0.284, inf : 0.276, fac : 0.002, total : 0.289 
 {acc} sup : 89.45, inf : 88.67
[151/180 iteration of epoch 27/50] 
 {loss} sup : 0.275, inf : 0.266, fac : 0.002, total : 0.280 
 {acc} sup : 89.06, inf : 90.23
------------------------------
<Losses on train> sup : 0.263, inf : 0.256, fac : 0.002, total : 0.271
<Accuracies on train> sup : 89.46, inf : 89.54
Train epoch time: 468.604
------------------------------
Total epoch time: 468.846

New epoch - lr: 0.001
[1/180 iteration of epoch 28/50] 
 {loss} sup : 0.244, inf : 0.235, fac : 0.002, total : 0.251 
 {acc} sup : 89.06, inf : 87.89
[31/180 iteration of epoch 28/50] 
 {loss} sup : 0.182, inf : 0.170, fac : 0.001, total : 0.183 
 {acc} sup : 92.97, inf : 93.36
[61/180 iteration of epoch 28/50] 
 {loss} sup : 0.172, inf : 0.165, fac : 0.003, total : 0.181 
 {acc} sup : 93.36, inf : 93.36
[91/180 iteration of epoch 28/50] 
 {loss} sup : 0.364, inf : 0.353, fac : 0.002, total : 0.367 
 {acc} sup : 85.94, inf : 85.94
[121/180 iteration of epoch 28/50] 
 {loss} sup : 0.288, inf : 0.272, fac : 0.002, total : 0.288 
 {acc} sup : 88.67, inf : 89.06
[151/180 iteration of epoch 28/50] 
 {loss} sup : 0.327, inf : 0.320, fac : 0.002, total : 0.335 
 {acc} sup : 86.33, inf : 86.33
------------------------------
<Losses on train> sup : 0.265, inf : 0.257, fac : 0.002, total : 0.272
<Accuracies on train> sup : 89.49, inf : 89.61
Train epoch time: 459.464
------------------------------
Total epoch time: 459.697

New epoch - lr: 0.001
[1/180 iteration of epoch 29/50] 
 {loss} sup : 0.253, inf : 0.246, fac : 0.002, total : 0.261 
 {acc} sup : 91.02, inf : 89.45
[31/180 iteration of epoch 29/50] 
 {loss} sup : 0.195, inf : 0.188, fac : 0.002, total : 0.201 
 {acc} sup : 90.62, inf : 90.62
[61/180 iteration of epoch 29/50] 
 {loss} sup : 0.278, inf : 0.265, fac : 0.002, total : 0.280 
 {acc} sup : 87.89, inf : 87.50
[91/180 iteration of epoch 29/50] 
 {loss} sup : 0.343, inf : 0.339, fac : 0.002, total : 0.352 
 {acc} sup : 83.98, inf : 84.38
[121/180 iteration of epoch 29/50] 
 {loss} sup : 0.273, inf : 0.244, fac : 0.003, total : 0.271 
 {acc} sup : 89.06, inf : 91.80
[151/180 iteration of epoch 29/50] 
 {loss} sup : 0.247, inf : 0.239, fac : 0.002, total : 0.253 
 {acc} sup : 91.80, inf : 89.84
------------------------------
<Losses on train> sup : 0.264, inf : 0.257, fac : 0.002, total : 0.272
<Accuracies on train> sup : 89.37, inf : 89.62
Train epoch time: 470.245
------------------------------
Total epoch time: 470.458

New epoch - lr: 0.001
[1/180 iteration of epoch 30/50] 
 {loss} sup : 0.312, inf : 0.308, fac : 0.002, total : 0.320 
 {acc} sup : 88.67, inf : 89.06
[31/180 iteration of epoch 30/50] 
 {loss} sup : 0.231, inf : 0.224, fac : 0.001, total : 0.235 
 {acc} sup : 92.97, inf : 92.19
[61/180 iteration of epoch 30/50] 
 {loss} sup : 0.277, inf : 0.268, fac : 0.002, total : 0.283 
 {acc} sup : 88.28, inf : 88.28
[91/180 iteration of epoch 30/50] 
 {loss} sup : 0.321, inf : 0.289, fac : 0.004, total : 0.323 
 {acc} sup : 87.50, inf : 89.06
[121/180 iteration of epoch 30/50] 
 {loss} sup : 0.224, inf : 0.227, fac : 0.002, total : 0.237 
 {acc} sup : 91.80, inf : 91.02
[151/180 iteration of epoch 30/50] 
 {loss} sup : 0.231, inf : 0.222, fac : 0.002, total : 0.239 
 {acc} sup : 89.06, inf : 90.23
------------------------------
<Losses on train> sup : 0.256, inf : 0.249, fac : 0.002, total : 0.263
<Accuracies on train> sup : 89.86, inf : 90.09
Train epoch time: 472.398
------------------------------
Total epoch time: 472.812

New epoch - lr: 0.001
[1/180 iteration of epoch 31/50] 
 {loss} sup : 0.219, inf : 0.209, fac : 0.002, total : 0.225 
 {acc} sup : 91.80, inf : 91.41
[31/180 iteration of epoch 31/50] 
 {loss} sup : 0.333, inf : 0.328, fac : 0.002, total : 0.341 
 {acc} sup : 84.77, inf : 84.77
[61/180 iteration of epoch 31/50] 
 {loss} sup : 0.304, inf : 0.297, fac : 0.001, total : 0.307 
 {acc} sup : 85.55, inf : 85.16
[91/180 iteration of epoch 31/50] 
 {loss} sup : 0.304, inf : 0.303, fac : 0.003, total : 0.317 
 {acc} sup : 87.11, inf : 87.50
[121/180 iteration of epoch 31/50] 
 {loss} sup : 0.200, inf : 0.200, fac : 0.002, total : 0.210 
 {acc} sup : 92.97, inf : 92.19
[151/180 iteration of epoch 31/50] 
 {loss} sup : 0.283, inf : 0.283, fac : 0.002, total : 0.294 
 {acc} sup : 87.89, inf : 89.45
------------------------------
<Losses on train> sup : 0.260, inf : 0.254, fac : 0.002, total : 0.267
<Accuracies on train> sup : 89.63, inf : 89.65
Train epoch time: 472.851
------------------------------
Total epoch time: 473.226

New epoch - lr: 0.001
[1/180 iteration of epoch 32/50] 
 {loss} sup : 0.256, inf : 0.249, fac : 0.003, total : 0.267 
 {acc} sup : 89.06, inf : 90.23
[31/180 iteration of epoch 32/50] 
 {loss} sup : 0.335, inf : 0.326, fac : 0.002, total : 0.340 
 {acc} sup : 87.89, inf : 87.11
[61/180 iteration of epoch 32/50] 
 {loss} sup : 0.250, inf : 0.251, fac : 0.001, total : 0.257 
 {acc} sup : 89.84, inf : 90.23
[91/180 iteration of epoch 32/50] 
 {loss} sup : 0.291, inf : 0.281, fac : 0.002, total : 0.295 
 {acc} sup : 89.06, inf : 89.06
[121/180 iteration of epoch 32/50] 
 {loss} sup : 0.242, inf : 0.232, fac : 0.002, total : 0.246 
 {acc} sup : 90.62, inf : 91.41
[151/180 iteration of epoch 32/50] 
 {loss} sup : 0.251, inf : 0.245, fac : 0.002, total : 0.256 
 {acc} sup : 90.23, inf : 90.62
------------------------------
<Losses on train> sup : 0.261, inf : 0.253, fac : 0.002, total : 0.267
<Accuracies on train> sup : 89.53, inf : 89.76
Train epoch time: 471.716
------------------------------
Total epoch time: 471.942

New epoch - lr: 0.001
[1/180 iteration of epoch 33/50] 
 {loss} sup : 0.290, inf : 0.268, fac : 0.003, total : 0.295 
 {acc} sup : 87.89, inf : 89.06
[31/180 iteration of epoch 33/50] 
 {loss} sup : 0.219, inf : 0.214, fac : 0.002, total : 0.226 
 {acc} sup : 90.23, inf : 89.45
[61/180 iteration of epoch 33/50] 
 {loss} sup : 0.199, inf : 0.188, fac : 0.002, total : 0.203 
 {acc} sup : 90.23, inf : 90.62
[91/180 iteration of epoch 33/50] 
 {loss} sup : 0.176, inf : 0.184, fac : 0.002, total : 0.190 
 {acc} sup : 92.58, inf : 92.97
[121/180 iteration of epoch 33/50] 
 {loss} sup : 0.234, inf : 0.234, fac : 0.002, total : 0.246 
 {acc} sup : 89.45, inf : 90.23
[151/180 iteration of epoch 33/50] 
 {loss} sup : 0.227, inf : 0.228, fac : 0.002, total : 0.236 
 {acc} sup : 90.23, inf : 89.45
------------------------------
<Losses on train> sup : 0.253, inf : 0.247, fac : 0.002, total : 0.260
<Accuracies on train> sup : 89.84, inf : 90.05
Train epoch time: 467.896
------------------------------
Total epoch time: 468.170

New epoch - lr: 0.001
[1/180 iteration of epoch 34/50] 
 {loss} sup : 0.188, inf : 0.178, fac : 0.002, total : 0.192 
 {acc} sup : 92.58, inf : 91.80
[31/180 iteration of epoch 34/50] 
 {loss} sup : 0.317, inf : 0.319, fac : 0.002, total : 0.327 
 {acc} sup : 85.16, inf : 85.55
[61/180 iteration of epoch 34/50] 
 {loss} sup : 0.351, inf : 0.348, fac : 0.001, total : 0.357 
 {acc} sup : 87.11, inf : 87.89
[91/180 iteration of epoch 34/50] 
 {loss} sup : 0.196, inf : 0.193, fac : 0.002, total : 0.204 
 {acc} sup : 92.58, inf : 92.58
[121/180 iteration of epoch 34/50] 
 {loss} sup : 0.284, inf : 0.277, fac : 0.002, total : 0.289 
 {acc} sup : 88.67, inf : 89.84
[151/180 iteration of epoch 34/50] 
 {loss} sup : 0.240, inf : 0.222, fac : 0.002, total : 0.239 
 {acc} sup : 91.02, inf : 91.41
------------------------------
<Losses on train> sup : 0.257, inf : 0.250, fac : 0.002, total : 0.263
<Accuracies on train> sup : 89.78, inf : 89.95
Train epoch time: 470.280
------------------------------
Total epoch time: 470.541

New epoch - lr: 0.001
[1/180 iteration of epoch 35/50] 
 {loss} sup : 0.291, inf : 0.290, fac : 0.002, total : 0.300 
 {acc} sup : 88.28, inf : 88.28
[31/180 iteration of epoch 35/50] 
 {loss} sup : 0.305, inf : 0.295, fac : 0.002, total : 0.308 
 {acc} sup : 87.89, inf : 87.89
[61/180 iteration of epoch 35/50] 
 {loss} sup : 0.265, inf : 0.260, fac : 0.002, total : 0.272 
 {acc} sup : 91.02, inf : 90.23
[91/180 iteration of epoch 35/50] 
 {loss} sup : 0.322, inf : 0.308, fac : 0.002, total : 0.325 
 {acc} sup : 87.89, inf : 89.84
[121/180 iteration of epoch 35/50] 
 {loss} sup : 0.236, inf : 0.240, fac : 0.002, total : 0.250 
 {acc} sup : 90.23, inf : 90.23
[151/180 iteration of epoch 35/50] 
 {loss} sup : 0.262, inf : 0.256, fac : 0.001, total : 0.266 
 {acc} sup : 91.41, inf : 91.41
------------------------------
<Losses on train> sup : 0.255, inf : 0.249, fac : 0.002, total : 0.262
<Accuracies on train> sup : 89.79, inf : 89.93
Train epoch time: 464.531
------------------------------
Total epoch time: 464.724

New epoch - lr: 0.001
[1/180 iteration of epoch 36/50] 
 {loss} sup : 0.246, inf : 0.251, fac : 0.002, total : 0.257 
 {acc} sup : 90.62, inf : 89.06
[31/180 iteration of epoch 36/50] 
 {loss} sup : 0.304, inf : 0.287, fac : 0.002, total : 0.303 
 {acc} sup : 86.72, inf : 85.94
[61/180 iteration of epoch 36/50] 
 {loss} sup : 0.362, inf : 0.345, fac : 0.002, total : 0.363 
 {acc} sup : 86.33, inf : 86.33
[91/180 iteration of epoch 36/50] 
 {loss} sup : 0.200, inf : 0.196, fac : 0.002, total : 0.206 
 {acc} sup : 92.97, inf : 93.75
[121/180 iteration of epoch 36/50] 
 {loss} sup : 0.225, inf : 0.231, fac : 0.002, total : 0.236 
 {acc} sup : 92.19, inf : 91.41
[151/180 iteration of epoch 36/50] 
 {loss} sup : 0.296, inf : 0.293, fac : 0.002, total : 0.303 
 {acc} sup : 87.50, inf : 86.72
------------------------------
<Losses on train> sup : 0.253, inf : 0.247, fac : 0.002, total : 0.260
<Accuracies on train> sup : 89.84, inf : 90.10
Train epoch time: 458.597
------------------------------
Total epoch time: 458.807

New epoch - lr: 0.001
[1/180 iteration of epoch 37/50] 
 {loss} sup : 0.231, inf : 0.231, fac : 0.002, total : 0.239 
 {acc} sup : 89.45, inf : 89.84
[31/180 iteration of epoch 37/50] 
 {loss} sup : 0.210, inf : 0.201, fac : 0.001, total : 0.213 
 {acc} sup : 91.02, inf : 91.41
[61/180 iteration of epoch 37/50] 
 {loss} sup : 0.185, inf : 0.186, fac : 0.002, total : 0.195 
 {acc} sup : 92.58, inf : 90.62
[91/180 iteration of epoch 37/50] 
 {loss} sup : 0.241, inf : 0.218, fac : 0.001, total : 0.237 
 {acc} sup : 91.02, inf : 91.41
[121/180 iteration of epoch 37/50] 
 {loss} sup : 0.221, inf : 0.220, fac : 0.002, total : 0.230 
 {acc} sup : 90.23, inf : 90.62
[151/180 iteration of epoch 37/50] 
 {loss} sup : 0.264, inf : 0.268, fac : 0.002, total : 0.276 
 {acc} sup : 90.23, inf : 89.45
------------------------------
<Losses on train> sup : 0.251, inf : 0.245, fac : 0.002, total : 0.258
<Accuracies on train> sup : 89.95, inf : 90.10
Train epoch time: 462.500
------------------------------
<Accuracies on val> class : 84.42
------------------------------
<Accuracies on test> class : 81.66
------------------------------
Total epoch time: 468.646

New epoch - lr: 0.001
[1/180 iteration of epoch 38/50] 
 {loss} sup : 0.231, inf : 0.209, fac : 0.002, total : 0.231 
 {acc} sup : 91.80, inf : 92.97
[31/180 iteration of epoch 38/50] 
 {loss} sup : 0.316, inf : 0.313, fac : 0.002, total : 0.326 
 {acc} sup : 86.72, inf : 87.50
[61/180 iteration of epoch 38/50] 
 {loss} sup : 0.365, inf : 0.341, fac : 0.002, total : 0.362 
 {acc} sup : 85.55, inf : 86.33
[91/180 iteration of epoch 38/50] 
 {loss} sup : 0.219, inf : 0.216, fac : 0.002, total : 0.227 
 {acc} sup : 91.41, inf : 90.23
[121/180 iteration of epoch 38/50] 
 {loss} sup : 0.191, inf : 0.189, fac : 0.002, total : 0.199 
 {acc} sup : 92.58, inf : 93.36
[151/180 iteration of epoch 38/50] 
 {loss} sup : 0.261, inf : 0.272, fac : 0.002, total : 0.279 
 {acc} sup : 88.67, inf : 89.84
------------------------------
<Losses on train> sup : 0.259, inf : 0.253, fac : 0.002, total : 0.265
<Accuracies on train> sup : 89.68, inf : 89.68
Train epoch time: 459.974
------------------------------
<Accuracies on val> class : 84.25
------------------------------
<Accuracies on test> class : 81.61
------------------------------
Total epoch time: 464.980

New epoch - lr: 0.001
[1/180 iteration of epoch 39/50] 
 {loss} sup : 0.303, inf : 0.290, fac : 0.002, total : 0.308 
 {acc} sup : 86.72, inf : 88.67
[31/180 iteration of epoch 39/50] 
 {loss} sup : 0.298, inf : 0.295, fac : 0.002, total : 0.305 
 {acc} sup : 88.28, inf : 88.67
[61/180 iteration of epoch 39/50] 
 {loss} sup : 0.296, inf : 0.297, fac : 0.001, total : 0.304 
 {acc} sup : 88.67, inf : 88.67
[91/180 iteration of epoch 39/50] 
 {loss} sup : 0.165, inf : 0.163, fac : 0.002, total : 0.172 
 {acc} sup : 93.75, inf : 92.97
[121/180 iteration of epoch 39/50] 
 {loss} sup : 0.188, inf : 0.188, fac : 0.001, total : 0.195 
 {acc} sup : 93.75, inf : 94.53
[151/180 iteration of epoch 39/50] 
 {loss} sup : 0.212, inf : 0.202, fac : 0.002, total : 0.216 
 {acc} sup : 92.58, inf : 92.58
------------------------------
<Losses on train> sup : 0.253, inf : 0.246, fac : 0.002, total : 0.259
<Accuracies on train> sup : 89.84, inf : 90.08
Train epoch time: 457.346
------------------------------
<Accuracies on val> class : 84.58
------------------------------
<Accuracies on test> class : 81.61
------------------------------
Total epoch time: 462.391

New epoch - lr: 0.0001
[1/180 iteration of epoch 40/50] 
 {loss} sup : 0.218, inf : 0.208, fac : 0.001, total : 0.219 
 {acc} sup : 91.80, inf : 91.41
[31/180 iteration of epoch 40/50] 
 {loss} sup : 0.243, inf : 0.241, fac : 0.002, total : 0.252 
 {acc} sup : 90.62, inf : 91.41
[61/180 iteration of epoch 40/50] 
 {loss} sup : 0.243, inf : 0.233, fac : 0.002, total : 0.247 
 {acc} sup : 91.02, inf : 90.62
[91/180 iteration of epoch 40/50] 
 {loss} sup : 0.229, inf : 0.226, fac : 0.002, total : 0.240 
 {acc} sup : 92.19, inf : 93.36
[121/180 iteration of epoch 40/50] 
 {loss} sup : 0.239, inf : 0.218, fac : 0.002, total : 0.240 
 {acc} sup : 90.62, inf : 91.41
[151/180 iteration of epoch 40/50] 
 {loss} sup : 0.268, inf : 0.245, fac : 0.002, total : 0.265 
 {acc} sup : 90.23, inf : 90.62
------------------------------
<Losses on train> sup : 0.252, inf : 0.246, fac : 0.002, total : 0.258
<Accuracies on train> sup : 89.79, inf : 90.09
Train epoch time: 458.999
------------------------------
<Accuracies on val> class : 83.77
------------------------------
<Accuracies on test> class : 81.53
------------------------------
Total epoch time: 463.943

New epoch - lr: 0.0001
[1/180 iteration of epoch 41/50] 
 {loss} sup : 0.234, inf : 0.229, fac : 0.002, total : 0.240 
 {acc} sup : 93.36, inf : 91.41
[31/180 iteration of epoch 41/50] 
 {loss} sup : 0.235, inf : 0.238, fac : 0.002, total : 0.247 
 {acc} sup : 90.23, inf : 89.84
[61/180 iteration of epoch 41/50] 
 {loss} sup : 0.235, inf : 0.230, fac : 0.001, total : 0.240 
 {acc} sup : 91.02, inf : 91.41
[91/180 iteration of epoch 41/50] 
 {loss} sup : 0.219, inf : 0.203, fac : 0.001, total : 0.218 
 {acc} sup : 92.58, inf : 92.58
[121/180 iteration of epoch 41/50] 
 {loss} sup : 0.196, inf : 0.186, fac : 0.002, total : 0.202 
 {acc} sup : 93.75, inf : 92.58
[151/180 iteration of epoch 41/50] 
 {loss} sup : 0.239, inf : 0.237, fac : 0.002, total : 0.247 
 {acc} sup : 90.62, inf : 89.84
------------------------------
<Losses on train> sup : 0.250, inf : 0.245, fac : 0.002, total : 0.257
<Accuracies on train> sup : 89.99, inf : 89.97
Train epoch time: 458.133
------------------------------
<Accuracies on val> class : 85.23
------------------------------
<Accuracies on test> class : 81.74
------------------------------
Total epoch time: 464.020

New epoch - lr: 0.0001
[1/180 iteration of epoch 42/50] 
 {loss} sup : 0.289, inf : 0.275, fac : 0.001, total : 0.289 
 {acc} sup : 89.06, inf : 89.45
[31/180 iteration of epoch 42/50] 
 {loss} sup : 0.168, inf : 0.161, fac : 0.003, total : 0.179 
 {acc} sup : 94.14, inf : 93.75
[61/180 iteration of epoch 42/50] 
 {loss} sup : 0.336, inf : 0.319, fac : 0.002, total : 0.337 
 {acc} sup : 89.06, inf : 88.67
[91/180 iteration of epoch 42/50] 
 {loss} sup : 0.269, inf : 0.261, fac : 0.002, total : 0.273 
 {acc} sup : 89.45, inf : 90.23
[121/180 iteration of epoch 42/50] 
 {loss} sup : 0.184, inf : 0.176, fac : 0.002, total : 0.189 
 {acc} sup : 92.19, inf : 93.75
[151/180 iteration of epoch 42/50] 
 {loss} sup : 0.282, inf : 0.269, fac : 0.002, total : 0.287 
 {acc} sup : 88.28, inf : 89.84
------------------------------
<Losses on train> sup : 0.248, inf : 0.242, fac : 0.002, total : 0.254
<Accuracies on train> sup : 90.10, inf : 90.13
Train epoch time: 462.027
------------------------------
<Accuracies on val> class : 84.58
------------------------------
<Accuracies on test> class : 81.27
------------------------------
Total epoch time: 467.179

New epoch - lr: 0.0001
[1/180 iteration of epoch 43/50] 
 {loss} sup : 0.280, inf : 0.275, fac : 0.003, total : 0.291 
 {acc} sup : 88.28, inf : 88.28
[31/180 iteration of epoch 43/50] 
 {loss} sup : 0.213, inf : 0.212, fac : 0.002, total : 0.222 
 {acc} sup : 91.41, inf : 91.41
[61/180 iteration of epoch 43/50] 
 {loss} sup : 0.199, inf : 0.191, fac : 0.001, total : 0.200 
 {acc} sup : 92.97, inf : 92.97
[91/180 iteration of epoch 43/50] 
 {loss} sup : 0.175, inf : 0.157, fac : 0.002, total : 0.178 
 {acc} sup : 92.58, inf : 93.75
[121/180 iteration of epoch 43/50] 
 {loss} sup : 0.126, inf : 0.120, fac : 0.001, total : 0.130 
 {acc} sup : 96.48, inf : 97.27
[151/180 iteration of epoch 43/50] 
 {loss} sup : 0.202, inf : 0.196, fac : 0.002, total : 0.207 
 {acc} sup : 91.80, inf : 91.02
------------------------------
<Losses on train> sup : 0.253, inf : 0.247, fac : 0.002, total : 0.259
<Accuracies on train> sup : 89.92, inf : 89.95
Train epoch time: 458.952
------------------------------
<Accuracies on val> class : 84.09
------------------------------
<Accuracies on test> class : 81.14
------------------------------
Total epoch time: 463.935

New epoch - lr: 0.0001
[1/180 iteration of epoch 44/50] 
 {loss} sup : 0.293, inf : 0.289, fac : 0.002, total : 0.303 
 {acc} sup : 86.33, inf : 86.33
[31/180 iteration of epoch 44/50] 
 {loss} sup : 0.240, inf : 0.244, fac : 0.002, total : 0.252 
 {acc} sup : 89.06, inf : 89.84
[61/180 iteration of epoch 44/50] 
 {loss} sup : 0.223, inf : 0.221, fac : 0.002, total : 0.232 
 {acc} sup : 89.45, inf : 91.02
[91/180 iteration of epoch 44/50] 
 {loss} sup : 0.159, inf : 0.148, fac : 0.003, total : 0.168 
 {acc} sup : 92.97, inf : 94.53
[121/180 iteration of epoch 44/50] 
 {loss} sup : 0.229, inf : 0.220, fac : 0.002, total : 0.232 
 {acc} sup : 90.62, inf : 90.23
[151/180 iteration of epoch 44/50] 
 {loss} sup : 0.275, inf : 0.269, fac : 0.002, total : 0.281 
 {acc} sup : 89.06, inf : 86.72
------------------------------
<Losses on train> sup : 0.250, inf : 0.244, fac : 0.002, total : 0.256
<Accuracies on train> sup : 90.00, inf : 90.23
Train epoch time: 461.260
------------------------------
<Accuracies on val> class : 84.42
------------------------------
<Accuracies on test> class : 81.53
------------------------------
Total epoch time: 466.325

New epoch - lr: 0.0001
[1/180 iteration of epoch 45/50] 
 {loss} sup : 0.231, inf : 0.226, fac : 0.002, total : 0.238 
 {acc} sup : 90.23, inf : 89.84
[31/180 iteration of epoch 45/50] 
 {loss} sup : 0.280, inf : 0.299, fac : 0.002, total : 0.299 
 {acc} sup : 88.28, inf : 87.50
[61/180 iteration of epoch 45/50] 
 {loss} sup : 0.255, inf : 0.260, fac : 0.002, total : 0.268 
 {acc} sup : 90.23, inf : 89.45
[91/180 iteration of epoch 45/50] 
 {loss} sup : 0.214, inf : 0.202, fac : 0.002, total : 0.219 
 {acc} sup : 91.02, inf : 91.02
[121/180 iteration of epoch 45/50] 
 {loss} sup : 0.212, inf : 0.209, fac : 0.002, total : 0.219 
 {acc} sup : 89.84, inf : 89.06
[151/180 iteration of epoch 45/50] 
 {loss} sup : 0.272, inf : 0.264, fac : 0.002, total : 0.278 
 {acc} sup : 89.45, inf : 89.84
------------------------------
<Losses on train> sup : 0.248, inf : 0.243, fac : 0.002, total : 0.255
<Accuracies on train> sup : 90.12, inf : 90.13
Train epoch time: 459.534
------------------------------
<Accuracies on val> class : 84.90
------------------------------
<Accuracies on test> class : 81.66
------------------------------
Total epoch time: 464.585

New epoch - lr: 0.0001
[1/180 iteration of epoch 46/50] 
 {loss} sup : 0.169, inf : 0.161, fac : 0.002, total : 0.175 
 {acc} sup : 94.14, inf : 93.36
[31/180 iteration of epoch 46/50] 
 {loss} sup : 0.247, inf : 0.244, fac : 0.002, total : 0.254 
 {acc} sup : 90.62, inf : 90.23
[61/180 iteration of epoch 46/50] 
 {loss} sup : 0.267, inf : 0.263, fac : 0.003, total : 0.279 
 {acc} sup : 87.89, inf : 90.23
[91/180 iteration of epoch 46/50] 
 {loss} sup : 0.203, inf : 0.188, fac : 0.001, total : 0.203 
 {acc} sup : 90.62, inf : 91.41
[121/180 iteration of epoch 46/50] 
 {loss} sup : 0.251, inf : 0.254, fac : 0.002, total : 0.265 
 {acc} sup : 89.84, inf : 91.41
[151/180 iteration of epoch 46/50] 
 {loss} sup : 0.178, inf : 0.192, fac : 0.002, total : 0.194 
 {acc} sup : 92.97, inf : 94.53
------------------------------
<Losses on train> sup : 0.246, inf : 0.241, fac : 0.002, total : 0.253
<Accuracies on train> sup : 90.18, inf : 90.33
Train epoch time: 458.723
------------------------------
<Accuracies on val> class : 83.93
------------------------------
<Accuracies on test> class : 81.83
------------------------------
Total epoch time: 464.119

New epoch - lr: 0.0001
[1/180 iteration of epoch 47/50] 
 {loss} sup : 0.169, inf : 0.169, fac : 0.001, total : 0.176 
 {acc} sup : 92.97, inf : 93.75
[31/180 iteration of epoch 47/50] 
 {loss} sup : 0.271, inf : 0.262, fac : 0.002, total : 0.275 
 {acc} sup : 88.28, inf : 90.23
[61/180 iteration of epoch 47/50] 
 {loss} sup : 0.227, inf : 0.223, fac : 0.002, total : 0.237 
 {acc} sup : 89.84, inf : 89.45
[91/180 iteration of epoch 47/50] 
 {loss} sup : 0.308, inf : 0.300, fac : 0.002, total : 0.312 
 {acc} sup : 87.89, inf : 87.89
[121/180 iteration of epoch 47/50] 
 {loss} sup : 0.251, inf : 0.246, fac : 0.002, total : 0.257 
 {acc} sup : 88.67, inf : 88.67
[151/180 iteration of epoch 47/50] 
 {loss} sup : 0.319, inf : 0.318, fac : 0.002, total : 0.329 
 {acc} sup : 87.89, inf : 86.33
------------------------------
<Losses on train> sup : 0.252, inf : 0.244, fac : 0.002, total : 0.257
<Accuracies on train> sup : 89.84, inf : 90.02
Train epoch time: 455.267
------------------------------
<Accuracies on val> class : 84.42
------------------------------
<Accuracies on test> class : 82.30
------------------------------
Total epoch time: 460.781

New epoch - lr: 0.0001
[1/180 iteration of epoch 48/50] 
 {loss} sup : 0.292, inf : 0.273, fac : 0.002, total : 0.292 
 {acc} sup : 85.94, inf : 87.50
[31/180 iteration of epoch 48/50] 
 {loss} sup : 0.223, inf : 0.210, fac : 0.001, total : 0.224 
 {acc} sup : 89.45, inf : 89.45
[61/180 iteration of epoch 48/50] 
 {loss} sup : 0.307, inf : 0.296, fac : 0.001, total : 0.308 
 {acc} sup : 87.50, inf : 88.67
[91/180 iteration of epoch 48/50] 
 {loss} sup : 0.278, inf : 0.268, fac : 0.001, total : 0.280 
 {acc} sup : 89.06, inf : 89.45
[121/180 iteration of epoch 48/50] 
 {loss} sup : 0.230, inf : 0.225, fac : 0.002, total : 0.237 
 {acc} sup : 91.02, inf : 91.41
[151/180 iteration of epoch 48/50] 
 {loss} sup : 0.224, inf : 0.209, fac : 0.002, total : 0.225 
 {acc} sup : 92.58, inf : 91.80
------------------------------
<Losses on train> sup : 0.248, inf : 0.242, fac : 0.002, total : 0.254
<Accuracies on train> sup : 90.17, inf : 90.35
Train epoch time: 460.002
------------------------------
<Accuracies on val> class : 84.42
------------------------------
<Accuracies on test> class : 82.08
------------------------------
Total epoch time: 464.925

New epoch - lr: 0.0001
[1/180 iteration of epoch 49/50] 
 {loss} sup : 0.261, inf : 0.243, fac : 0.002, total : 0.263 
 {acc} sup : 89.84, inf : 91.02
[31/180 iteration of epoch 49/50] 
 {loss} sup : 0.189, inf : 0.187, fac : 0.001, total : 0.195 
 {acc} sup : 92.97, inf : 92.97
[61/180 iteration of epoch 49/50] 
 {loss} sup : 0.216, inf : 0.208, fac : 0.002, total : 0.221 
 {acc} sup : 92.58, inf : 93.36
[91/180 iteration of epoch 49/50] 
 {loss} sup : 0.291, inf : 0.288, fac : 0.002, total : 0.298 
 {acc} sup : 87.89, inf : 89.84
[121/180 iteration of epoch 49/50] 
 {loss} sup : 0.158, inf : 0.165, fac : 0.002, total : 0.169 
 {acc} sup : 93.36, inf : 92.97
[151/180 iteration of epoch 49/50] 
 {loss} sup : 0.280, inf : 0.267, fac : 0.001, total : 0.280 
 {acc} sup : 88.67, inf : 90.23
------------------------------
<Losses on train> sup : 0.250, inf : 0.244, fac : 0.002, total : 0.256
<Accuracies on train> sup : 90.00, inf : 90.20
Train epoch time: 461.894
------------------------------
<Accuracies on val> class : 84.74
------------------------------
<Accuracies on test> class : 81.74
------------------------------
Total epoch time: 467.063

New epoch - lr: 0.0001
[1/180 iteration of epoch 50/50] 
 {loss} sup : 0.282, inf : 0.267, fac : 0.002, total : 0.283 
 {acc} sup : 88.67, inf : 87.50
[31/180 iteration of epoch 50/50] 
 {loss} sup : 0.317, inf : 0.299, fac : 0.002, total : 0.318 
 {acc} sup : 86.33, inf : 87.89
[61/180 iteration of epoch 50/50] 
 {loss} sup : 0.222, inf : 0.225, fac : 0.002, total : 0.232 
 {acc} sup : 91.80, inf : 92.19
[91/180 iteration of epoch 50/50] 
 {loss} sup : 0.247, inf : 0.243, fac : 0.003, total : 0.262 
 {acc} sup : 91.02, inf : 91.02
[121/180 iteration of epoch 50/50] 
 {loss} sup : 0.259, inf : 0.257, fac : 0.002, total : 0.269 
 {acc} sup : 90.23, inf : 90.62
[151/180 iteration of epoch 50/50] 
 {loss} sup : 0.246, inf : 0.242, fac : 0.001, total : 0.249 
 {acc} sup : 90.62, inf : 89.45
------------------------------
<Losses on train> sup : 0.251, inf : 0.245, fac : 0.002, total : 0.257
<Accuracies on train> sup : 89.97, inf : 90.12
Train epoch time: 462.154
------------------------------
<Accuracies on val> class : 84.25
------------------------------
<Accuracies on test> class : 81.27
------------------------------
Total epoch time: 467.204

******************************
Best val 0.822952, corresponding test 0.822952 - best test: 0.822952
