Exclude2 CIRL
WARNING:tensorflow:From /homes/55/jianhaoy/projects/EKI/utils/tf_logger.py:16: The name tf.summary.FileWriter is deprecated. Please use tf.compat.v1.summary.FileWriter instead.

WARNING:tensorflow:From /homes/55/jianhaoy/projects/EKI/utils/tf_logger.py:20: The name tf.Summary is deprecated. Please use tf.compat.v1.Summary instead.


Loading experiment PACS/ResNet18_multi

Train: ['/datasets/jianhaoy/PACSC/multi_label_handcrafted2/sketch-cartoon/photo_train.txt', '/datasets/jianhaoy/PACSC/multi_label_handcrafted2/sketch-cartoon/cartoon_train.txt', '/datasets/jianhaoy/PACSC/multi_label_handcrafted2/sketch-cartoon/art_painting_train.txt']

New epoch - lr: 0.001
[1/104 iteration of epoch 1/50] 
 {loss} sup : 2.150, inf : 2.165, fac : 0.171, total : 2.163 
 {acc} sup : 10.55, inf : 16.41
[31/104 iteration of epoch 1/50] 
 {loss} sup : 0.577, inf : 0.594, fac : 0.170, total : 0.591 
 {acc} sup : 83.98, inf : 85.16
[61/104 iteration of epoch 1/50] 
 {loss} sup : 0.367, inf : 0.369, fac : 0.118, total : 0.372 
 {acc} sup : 91.80, inf : 89.45
[91/104 iteration of epoch 1/50] 
 {loss} sup : 0.368, inf : 0.371, fac : 0.108, total : 0.373 
 {acc} sup : 84.77, inf : 85.94
------------------------------
<Losses on train> sup : 0.628, inf : 0.628, fac : 0.121, total : 0.632
<Accuracies on train> sup : 79.66, inf : 79.85
Train epoch time: 258.445
------------------------------
Total epoch time: 258.500

New epoch - lr: 0.001
[1/104 iteration of epoch 2/50] 
 {loss} sup : 0.354, inf : 0.353, fac : 0.072, total : 0.368 
 {acc} sup : 89.84, inf : 90.62
[31/104 iteration of epoch 2/50] 
 {loss} sup : 0.225, inf : 0.228, fac : 0.081, total : 0.243 
 {acc} sup : 91.41, inf : 92.19
[61/104 iteration of epoch 2/50] 
 {loss} sup : 0.303, inf : 0.298, fac : 0.077, total : 0.316 
 {acc} sup : 89.06, inf : 89.84
[91/104 iteration of epoch 2/50] 
 {loss} sup : 0.164, inf : 0.160, fac : 0.066, total : 0.175 
 {acc} sup : 94.53, inf : 95.31
------------------------------
<Losses on train> sup : 0.235, inf : 0.235, fac : 0.078, total : 0.251
<Accuracies on train> sup : 92.56, inf : 92.47
Train epoch time: 246.869
------------------------------
Total epoch time: 246.944

New epoch - lr: 0.001
[1/104 iteration of epoch 3/50] 
 {loss} sup : 0.214, inf : 0.233, fac : 0.062, total : 0.275 
 {acc} sup : 91.02, inf : 90.62
[31/104 iteration of epoch 3/50] 
 {loss} sup : 0.206, inf : 0.213, fac : 0.062, total : 0.261 
 {acc} sup : 93.75, inf : 93.36
[61/104 iteration of epoch 3/50] 
 {loss} sup : 0.200, inf : 0.199, fac : 0.050, total : 0.241 
 {acc} sup : 92.97, inf : 92.97
[91/104 iteration of epoch 3/50] 
 {loss} sup : 0.132, inf : 0.137, fac : 0.047, total : 0.173 
 {acc} sup : 96.48, inf : 96.48
------------------------------
<Losses on train> sup : 0.172, inf : 0.172, fac : 0.056, total : 0.219
<Accuracies on train> sup : 94.38, inf : 94.47
Train epoch time: 246.958
------------------------------
Total epoch time: 247.045

New epoch - lr: 0.001
[1/104 iteration of epoch 4/50] 
 {loss} sup : 0.116, inf : 0.118, fac : 0.054, total : 0.238 
 {acc} sup : 96.88, inf : 96.09
[31/104 iteration of epoch 4/50] 
 {loss} sup : 0.109, inf : 0.113, fac : 0.042, total : 0.205 
 {acc} sup : 96.09, inf : 96.09
[61/104 iteration of epoch 4/50] 
 {loss} sup : 0.213, inf : 0.210, fac : 0.038, total : 0.298 
 {acc} sup : 93.75, inf : 94.53
[91/104 iteration of epoch 4/50] 
 {loss} sup : 0.093, inf : 0.097, fac : 0.028, total : 0.159 
 {acc} sup : 96.88, inf : 97.66
------------------------------
<Losses on train> sup : 0.138, inf : 0.138, fac : 0.037, total : 0.221
<Accuracies on train> sup : 95.56, inf : 95.58
Train epoch time: 248.326
------------------------------
Total epoch time: 248.400

New epoch - lr: 0.001
[1/104 iteration of epoch 5/50] 
 {loss} sup : 0.133, inf : 0.131, fac : 0.035, total : 0.277 
 {acc} sup : 96.88, inf : 96.48
[31/104 iteration of epoch 5/50] 
 {loss} sup : 0.127, inf : 0.117, fac : 0.019, total : 0.199 
 {acc} sup : 95.70, inf : 96.48
[61/104 iteration of epoch 5/50] 
 {loss} sup : 0.149, inf : 0.143, fac : 0.026, total : 0.251 
 {acc} sup : 96.48, inf : 96.88
[91/104 iteration of epoch 5/50] 
 {loss} sup : 0.137, inf : 0.137, fac : 0.022, total : 0.229 
 {acc} sup : 94.92, inf : 94.92
------------------------------
<Losses on train> sup : 0.122, inf : 0.123, fac : 0.022, total : 0.214
<Accuracies on train> sup : 96.01, inf : 95.94
Train epoch time: 245.587
------------------------------
Total epoch time: 245.651

New epoch - lr: 0.001
[1/104 iteration of epoch 6/50] 
 {loss} sup : 0.123, inf : 0.129, fac : 0.023, total : 0.241 
 {acc} sup : 96.09, inf : 96.09
[31/104 iteration of epoch 6/50] 
 {loss} sup : 0.142, inf : 0.143, fac : 0.013, total : 0.207 
 {acc} sup : 94.14, inf : 94.14
[61/104 iteration of epoch 6/50] 
 {loss} sup : 0.060, inf : 0.067, fac : 0.015, total : 0.141 
 {acc} sup : 98.44, inf : 97.66
[91/104 iteration of epoch 6/50] 
 {loss} sup : 0.117, inf : 0.109, fac : 0.012, total : 0.175 
 {acc} sup : 95.70, inf : 96.09
------------------------------
<Losses on train> sup : 0.108, inf : 0.109, fac : 0.015, total : 0.182
<Accuracies on train> sup : 96.51, inf : 96.42
Train epoch time: 247.189
------------------------------
Total epoch time: 247.289

New epoch - lr: 0.001
[1/104 iteration of epoch 7/50] 
 {loss} sup : 0.313, inf : 0.110, fac : 0.010, total : 0.262 
 {acc} sup : 96.48, inf : 99.22
[31/104 iteration of epoch 7/50] 
 {loss} sup : 0.247, inf : 0.108, fac : 0.009, total : 0.224 
 {acc} sup : 96.88, inf : 97.66
[61/104 iteration of epoch 7/50] 
 {loss} sup : 0.186, inf : 0.088, fac : 0.009, total : 0.184 
 {acc} sup : 96.48, inf : 98.05
[91/104 iteration of epoch 7/50] 
 {loss} sup : 0.155, inf : 0.095, fac : 0.009, total : 0.168 
 {acc} sup : 97.27, inf : 96.88
------------------------------
<Losses on train> sup : 0.248, inf : 0.133, fac : 0.011, total : 0.245
<Accuracies on train> sup : 95.25, inf : 96.48
Train epoch time: 248.528
------------------------------
Total epoch time: 248.590

New epoch - lr: 0.001
[1/104 iteration of epoch 8/50] 
 {loss} sup : 0.175, inf : 0.130, fac : 0.008, total : 0.195 
 {acc} sup : 97.66, inf : 96.48
[31/104 iteration of epoch 8/50] 
 {loss} sup : 0.189, inf : 0.144, fac : 0.010, total : 0.217 
 {acc} sup : 94.92, inf : 95.70
[61/104 iteration of epoch 8/50] 
 {loss} sup : 0.198, inf : 0.160, fac : 0.010, total : 0.227 
 {acc} sup : 94.53, inf : 95.31
[91/104 iteration of epoch 8/50] 
 {loss} sup : 0.166, inf : 0.114, fac : 0.012, total : 0.198 
 {acc} sup : 95.70, inf : 96.88
------------------------------
<Losses on train> sup : 0.171, inf : 0.110, fac : 0.009, total : 0.183
<Accuracies on train> sup : 95.96, inf : 96.69
Train epoch time: 252.305
------------------------------
Total epoch time: 252.392

New epoch - lr: 0.001
[1/104 iteration of epoch 9/50] 
 {loss} sup : 0.116, inf : 0.048, fac : 0.004, total : 0.104 
 {acc} sup : 97.27, inf : 98.83
[31/104 iteration of epoch 9/50] 
 {loss} sup : 0.141, inf : 0.098, fac : 0.008, total : 0.162 
 {acc} sup : 97.27, inf : 96.09
[61/104 iteration of epoch 9/50] 
 {loss} sup : 0.154, inf : 0.093, fac : 0.008, total : 0.164 
 {acc} sup : 96.88, inf : 98.05
[91/104 iteration of epoch 9/50] 
 {loss} sup : 0.145, inf : 0.102, fac : 0.006, total : 0.155 
 {acc} sup : 96.48, inf : 98.05
------------------------------
<Losses on train> sup : 0.149, inf : 0.102, fac : 0.007, total : 0.162
<Accuracies on train> sup : 96.23, inf : 96.89
Train epoch time: 255.369
------------------------------
Total epoch time: 255.433

New epoch - lr: 0.001
[1/104 iteration of epoch 10/50] 
 {loss} sup : 0.116, inf : 0.067, fac : 0.004, total : 0.111 
 {acc} sup : 96.48, inf : 98.05
[31/104 iteration of epoch 10/50] 
 {loss} sup : 0.174, inf : 0.126, fac : 0.007, total : 0.184 
 {acc} sup : 96.09, inf : 95.31
[61/104 iteration of epoch 10/50] 
 {loss} sup : 0.098, inf : 0.063, fac : 0.006, total : 0.111 
 {acc} sup : 97.27, inf : 98.44
[91/104 iteration of epoch 10/50] 
 {loss} sup : 0.143, inf : 0.096, fac : 0.007, total : 0.153 
 {acc} sup : 95.31, inf : 96.48
------------------------------
<Losses on train> sup : 0.129, inf : 0.089, fac : 0.006, total : 0.141
<Accuracies on train> sup : 96.63, inf : 97.18
Train epoch time: 254.794
------------------------------
Total epoch time: 254.873

New epoch - lr: 0.001
[1/104 iteration of epoch 11/50] 
 {loss} sup : 0.085, inf : 0.042, fac : 0.005, total : 0.089 
 {acc} sup : 98.83, inf : 99.22
[31/104 iteration of epoch 11/50] 
 {loss} sup : 0.148, inf : 0.111, fac : 0.007, total : 0.162 
 {acc} sup : 96.48, inf : 96.88
[61/104 iteration of epoch 11/50] 
 {loss} sup : 0.092, inf : 0.062, fac : 0.006, total : 0.105 
 {acc} sup : 97.27, inf : 98.44
[91/104 iteration of epoch 11/50] 
 {loss} sup : 0.136, inf : 0.110, fac : 0.004, total : 0.141 
 {acc} sup : 97.27, inf : 97.27
------------------------------
<Losses on train> sup : 0.119, inf : 0.085, fac : 0.006, total : 0.132
<Accuracies on train> sup : 96.71, inf : 97.34
Train epoch time: 256.103
------------------------------
Total epoch time: 256.165

New epoch - lr: 0.001
[1/104 iteration of epoch 12/50] 
 {loss} sup : 0.133, inf : 0.093, fac : 0.006, total : 0.141 
 {acc} sup : 96.09, inf : 96.88
[31/104 iteration of epoch 12/50] 
 {loss} sup : 0.096, inf : 0.044, fac : 0.006, total : 0.100 
 {acc} sup : 96.88, inf : 99.22
[61/104 iteration of epoch 12/50] 
 {loss} sup : 0.090, inf : 0.076, fac : 0.005, total : 0.110 
 {acc} sup : 98.05, inf : 98.05
[91/104 iteration of epoch 12/50] 
 {loss} sup : 0.062, inf : 0.041, fac : 0.003, total : 0.068 
 {acc} sup : 97.66, inf : 98.83
------------------------------
<Losses on train> sup : 0.104, inf : 0.075, fac : 0.005, total : 0.116
<Accuracies on train> sup : 97.13, inf : 97.74
Train epoch time: 256.536
------------------------------
Total epoch time: 256.602

New epoch - lr: 0.001
[1/104 iteration of epoch 13/50] 
 {loss} sup : 0.117, inf : 0.074, fac : 0.006, total : 0.125 
 {acc} sup : 96.88, inf : 98.44
[31/104 iteration of epoch 13/50] 
 {loss} sup : 0.105, inf : 0.078, fac : 0.007, total : 0.129 
 {acc} sup : 97.27, inf : 97.27
[61/104 iteration of epoch 13/50] 
 {loss} sup : 0.093, inf : 0.062, fac : 0.007, total : 0.110 
 {acc} sup : 97.27, inf : 98.05
[91/104 iteration of epoch 13/50] 
 {loss} sup : 0.100, inf : 0.081, fac : 0.005, total : 0.117 
 {acc} sup : 97.27, inf : 97.66
------------------------------
<Losses on train> sup : 0.100, inf : 0.070, fac : 0.005, total : 0.110
<Accuracies on train> sup : 97.22, inf : 97.92
Train epoch time: 255.140
------------------------------
Total epoch time: 255.218

New epoch - lr: 0.001
[1/104 iteration of epoch 14/50] 
 {loss} sup : 0.075, inf : 0.046, fac : 0.004, total : 0.081 
 {acc} sup : 97.66, inf : 99.22
[31/104 iteration of epoch 14/50] 
 {loss} sup : 0.090, inf : 0.064, fac : 0.006, total : 0.105 
 {acc} sup : 96.88, inf : 98.05
[61/104 iteration of epoch 14/50] 
 {loss} sup : 0.069, inf : 0.063, fac : 0.004, total : 0.085 
 {acc} sup : 98.44, inf : 97.66
[91/104 iteration of epoch 14/50] 
 {loss} sup : 0.116, inf : 0.080, fac : 0.004, total : 0.118 
 {acc} sup : 97.66, inf : 98.44
------------------------------
<Losses on train> sup : 0.093, inf : 0.066, fac : 0.005, total : 0.103
<Accuracies on train> sup : 97.40, inf : 97.95
Train epoch time: 256.164
------------------------------
Total epoch time: 256.259

New epoch - lr: 0.001
[1/104 iteration of epoch 15/50] 
 {loss} sup : 0.062, inf : 0.055, fac : 0.005, total : 0.082 
 {acc} sup : 98.44, inf : 98.05
[31/104 iteration of epoch 15/50] 
 {loss} sup : 0.096, inf : 0.036, fac : 0.005, total : 0.092 
 {acc} sup : 96.88, inf : 99.61
[61/104 iteration of epoch 15/50] 
 {loss} sup : 0.097, inf : 0.066, fac : 0.003, total : 0.098 
 {acc} sup : 97.27, inf : 98.83
[91/104 iteration of epoch 15/50] 
 {loss} sup : 0.122, inf : 0.068, fac : 0.004, total : 0.113 
 {acc} sup : 96.48, inf : 97.27
------------------------------
<Losses on train> sup : 0.085, inf : 0.061, fac : 0.004, total : 0.095
<Accuracies on train> sup : 97.61, inf : 98.11
Train epoch time: 256.084
------------------------------
Total epoch time: 256.147

New epoch - lr: 0.001
[1/104 iteration of epoch 16/50] 
 {loss} sup : 0.091, inf : 0.052, fac : 0.003, total : 0.085 
 {acc} sup : 97.66, inf : 99.22
[31/104 iteration of epoch 16/50] 
 {loss} sup : 0.085, inf : 0.081, fac : 0.004, total : 0.101 
 {acc} sup : 97.27, inf : 96.48
[61/104 iteration of epoch 16/50] 
 {loss} sup : 0.112, inf : 0.099, fac : 0.004, total : 0.126 
 {acc} sup : 97.27, inf : 96.88
[91/104 iteration of epoch 16/50] 
 {loss} sup : 0.056, inf : 0.034, fac : 0.006, total : 0.073 
 {acc} sup : 98.44, inf : 99.22
------------------------------
<Losses on train> sup : 0.083, inf : 0.062, fac : 0.004, total : 0.094
<Accuracies on train> sup : 97.60, inf : 98.04
Train epoch time: 254.884
------------------------------
Total epoch time: 254.987

New epoch - lr: 0.001
[1/104 iteration of epoch 17/50] 
 {loss} sup : 0.062, inf : 0.018, fac : 0.005, total : 0.064 
 {acc} sup : 98.44, inf : 100.00
[31/104 iteration of epoch 17/50] 
 {loss} sup : 0.065, inf : 0.048, fac : 0.004, total : 0.075 
 {acc} sup : 98.05, inf : 98.44
[61/104 iteration of epoch 17/50] 
 {loss} sup : 0.146, inf : 0.112, fac : 0.005, total : 0.154 
 {acc} sup : 96.09, inf : 97.66
[91/104 iteration of epoch 17/50] 
 {loss} sup : 0.051, inf : 0.060, fac : 0.004, total : 0.076 
 {acc} sup : 98.83, inf : 97.66
------------------------------
<Losses on train> sup : 0.074, inf : 0.053, fac : 0.004, total : 0.083
<Accuracies on train> sup : 97.95, inf : 98.41
Train epoch time: 254.957
------------------------------
Total epoch time: 255.021

New epoch - lr: 0.001
[1/104 iteration of epoch 18/50] 
 {loss} sup : 0.050, inf : 0.033, fac : 0.004, total : 0.063 
 {acc} sup : 98.83, inf : 99.61
[31/104 iteration of epoch 18/50] 
 {loss} sup : 0.065, inf : 0.053, fac : 0.004, total : 0.077 
 {acc} sup : 98.05, inf : 97.66
[61/104 iteration of epoch 18/50] 
 {loss} sup : 0.061, inf : 0.046, fac : 0.003, total : 0.068 
 {acc} sup : 98.05, inf : 98.83
[91/104 iteration of epoch 18/50] 
 {loss} sup : 0.074, inf : 0.041, fac : 0.004, total : 0.076 
 {acc} sup : 98.83, inf : 99.22
------------------------------
<Losses on train> sup : 0.072, inf : 0.055, fac : 0.004, total : 0.083
<Accuracies on train> sup : 97.98, inf : 98.23
Train epoch time: 253.293
------------------------------
Total epoch time: 253.378

New epoch - lr: 0.001
[1/104 iteration of epoch 19/50] 
 {loss} sup : 0.055, inf : 0.056, fac : 0.004, total : 0.075 
 {acc} sup : 98.44, inf : 98.05
[31/104 iteration of epoch 19/50] 
 {loss} sup : 0.085, inf : 0.070, fac : 0.003, total : 0.093 
 {acc} sup : 97.66, inf : 98.05
[61/104 iteration of epoch 19/50] 
 {loss} sup : 0.054, inf : 0.043, fac : 0.004, total : 0.070 
 {acc} sup : 98.83, inf : 98.83
[91/104 iteration of epoch 19/50] 
 {loss} sup : 0.053, inf : 0.038, fac : 0.004, total : 0.066 
 {acc} sup : 98.44, inf : 99.22
------------------------------
<Losses on train> sup : 0.063, inf : 0.046, fac : 0.004, total : 0.073
<Accuracies on train> sup : 98.30, inf : 98.60
Train epoch time: 255.291
------------------------------
Total epoch time: 255.378

New epoch - lr: 0.001
[1/104 iteration of epoch 20/50] 
 {loss} sup : 0.041, inf : 0.032, fac : 0.004, total : 0.055 
 {acc} sup : 99.22, inf : 98.83
[31/104 iteration of epoch 20/50] 
 {loss} sup : 0.079, inf : 0.067, fac : 0.005, total : 0.099 
 {acc} sup : 97.27, inf : 98.05
[61/104 iteration of epoch 20/50] 
 {loss} sup : 0.059, inf : 0.035, fac : 0.004, total : 0.067 
 {acc} sup : 98.05, inf : 98.44
[91/104 iteration of epoch 20/50] 
 {loss} sup : 0.062, inf : 0.041, fac : 0.002, total : 0.061 
 {acc} sup : 98.05, inf : 98.83
------------------------------
<Losses on train> sup : 0.063, inf : 0.046, fac : 0.004, total : 0.073
<Accuracies on train> sup : 98.15, inf : 98.56
Train epoch time: 256.131
------------------------------
Total epoch time: 256.229

New epoch - lr: 0.001
[1/104 iteration of epoch 21/50] 
 {loss} sup : 0.089, inf : 0.082, fac : 0.004, total : 0.104 
 {acc} sup : 96.88, inf : 97.27
[31/104 iteration of epoch 21/50] 
 {loss} sup : 0.061, inf : 0.036, fac : 0.003, total : 0.063 
 {acc} sup : 98.44, inf : 98.44
[61/104 iteration of epoch 21/50] 
 {loss} sup : 0.099, inf : 0.091, fac : 0.004, total : 0.114 
 {acc} sup : 97.66, inf : 97.66
[91/104 iteration of epoch 21/50] 
 {loss} sup : 0.076, inf : 0.063, fac : 0.004, total : 0.088 
 {acc} sup : 98.05, inf : 98.83
------------------------------
<Losses on train> sup : 0.061, inf : 0.042, fac : 0.003, total : 0.069
<Accuracies on train> sup : 98.26, inf : 98.70
Train epoch time: 253.590
------------------------------
Total epoch time: 253.656

New epoch - lr: 0.001
[1/104 iteration of epoch 22/50] 
 {loss} sup : 0.047, inf : 0.026, fac : 0.003, total : 0.053 
 {acc} sup : 99.22, inf : 99.22
[31/104 iteration of epoch 22/50] 
 {loss} sup : 0.104, inf : 0.065, fac : 0.003, total : 0.099 
 {acc} sup : 96.48, inf : 97.66
[61/104 iteration of epoch 22/50] 
 {loss} sup : 0.091, inf : 0.107, fac : 0.003, total : 0.114 
 {acc} sup : 96.88, inf : 97.66
[91/104 iteration of epoch 22/50] 
 {loss} sup : 0.052, inf : 0.024, fac : 0.003, total : 0.052 
 {acc} sup : 98.44, inf : 98.83
------------------------------
<Losses on train> sup : 0.057, inf : 0.041, fac : 0.003, total : 0.066
<Accuracies on train> sup : 98.41, inf : 98.72
Train epoch time: 257.809
------------------------------
Total epoch time: 257.882

New epoch - lr: 0.001
[1/104 iteration of epoch 23/50] 
 {loss} sup : 0.042, inf : 0.028, fac : 0.003, total : 0.049 
 {acc} sup : 98.83, inf : 99.22
[31/104 iteration of epoch 23/50] 
 {loss} sup : 0.044, inf : 0.023, fac : 0.004, total : 0.051 
 {acc} sup : 98.83, inf : 99.61
[61/104 iteration of epoch 23/50] 
 {loss} sup : 0.050, inf : 0.033, fac : 0.002, total : 0.054 
 {acc} sup : 98.83, inf : 98.83
[91/104 iteration of epoch 23/50] 
 {loss} sup : 0.027, inf : 0.020, fac : 0.003, total : 0.038 
 {acc} sup : 100.00, inf : 99.61
------------------------------
<Losses on train> sup : 0.058, inf : 0.043, fac : 0.003, total : 0.067
<Accuracies on train> sup : 98.32, inf : 98.64
Train epoch time: 254.029
------------------------------
Total epoch time: 254.102

New epoch - lr: 0.001
[1/104 iteration of epoch 24/50] 
 {loss} sup : 0.028, inf : 0.015, fac : 0.002, total : 0.033 
 {acc} sup : 99.61, inf : 99.61
[31/104 iteration of epoch 24/50] 
 {loss} sup : 0.019, inf : 0.024, fac : 0.003, total : 0.039 
 {acc} sup : 100.00, inf : 99.22
[61/104 iteration of epoch 24/50] 
 {loss} sup : 0.058, inf : 0.061, fac : 0.003, total : 0.076 
 {acc} sup : 98.44, inf : 97.27
[91/104 iteration of epoch 24/50] 
 {loss} sup : 0.104, inf : 0.077, fac : 0.004, total : 0.111 
 {acc} sup : 96.09, inf : 97.27
------------------------------
<Losses on train> sup : 0.052, inf : 0.036, fac : 0.003, total : 0.060
<Accuracies on train> sup : 98.55, inf : 98.92
Train epoch time: 255.318
------------------------------
Total epoch time: 255.409

New epoch - lr: 0.001
[1/104 iteration of epoch 25/50] 
 {loss} sup : 0.021, inf : 0.013, fac : 0.003, total : 0.030 
 {acc} sup : 100.00, inf : 100.00
[31/104 iteration of epoch 25/50] 
 {loss} sup : 0.083, inf : 0.048, fac : 0.004, total : 0.085 
 {acc} sup : 97.66, inf : 98.83
[61/104 iteration of epoch 25/50] 
 {loss} sup : 0.026, inf : 0.023, fac : 0.003, total : 0.038 
 {acc} sup : 99.61, inf : 99.61
[91/104 iteration of epoch 25/50] 
 {loss} sup : 0.072, inf : 0.043, fac : 0.003, total : 0.072 
 {acc} sup : 97.66, inf : 98.44
------------------------------
<Losses on train> sup : 0.048, inf : 0.034, fac : 0.003, total : 0.056
<Accuracies on train> sup : 98.61, inf : 98.99
Train epoch time: 254.128
------------------------------
Total epoch time: 254.195

New epoch - lr: 0.001
[1/104 iteration of epoch 26/50] 
 {loss} sup : 0.031, inf : 0.026, fac : 0.002, total : 0.041 
 {acc} sup : 99.22, inf : 99.22
[31/104 iteration of epoch 26/50] 
 {loss} sup : 0.036, inf : 0.027, fac : 0.003, total : 0.046 
 {acc} sup : 99.22, inf : 98.83
[61/104 iteration of epoch 26/50] 
 {loss} sup : 0.063, inf : 0.048, fac : 0.003, total : 0.069 
 {acc} sup : 98.44, inf : 98.44
[91/104 iteration of epoch 26/50] 
 {loss} sup : 0.093, inf : 0.084, fac : 0.003, total : 0.103 
 {acc} sup : 97.66, inf : 97.66
------------------------------
<Losses on train> sup : 0.049, inf : 0.034, fac : 0.003, total : 0.056
<Accuracies on train> sup : 98.66, inf : 98.98
Train epoch time: 254.262
------------------------------
Total epoch time: 254.341

New epoch - lr: 0.001
[1/104 iteration of epoch 27/50] 
 {loss} sup : 0.070, inf : 0.053, fac : 0.003, total : 0.077 
 {acc} sup : 99.22, inf : 99.22
[31/104 iteration of epoch 27/50] 
 {loss} sup : 0.029, inf : 0.016, fac : 0.002, total : 0.033 
 {acc} sup : 99.22, inf : 99.61
[61/104 iteration of epoch 27/50] 
 {loss} sup : 0.021, inf : 0.014, fac : 0.002, total : 0.027 
 {acc} sup : 99.61, inf : 99.61
[91/104 iteration of epoch 27/50] 
 {loss} sup : 0.040, inf : 0.027, fac : 0.003, total : 0.047 
 {acc} sup : 99.22, inf : 99.22
------------------------------
<Losses on train> sup : 0.042, inf : 0.030, fac : 0.003, total : 0.050
<Accuracies on train> sup : 98.84, inf : 99.13
Train epoch time: 253.931
------------------------------
Total epoch time: 253.996

New epoch - lr: 0.001
[1/104 iteration of epoch 28/50] 
 {loss} sup : 0.029, inf : 0.024, fac : 0.003, total : 0.041 
 {acc} sup : 99.22, inf : 98.83
[31/104 iteration of epoch 28/50] 
 {loss} sup : 0.058, inf : 0.060, fac : 0.004, total : 0.077 
 {acc} sup : 98.44, inf : 98.05
[61/104 iteration of epoch 28/50] 
 {loss} sup : 0.052, inf : 0.041, fac : 0.003, total : 0.064 
 {acc} sup : 98.44, inf : 98.44
[91/104 iteration of epoch 28/50] 
 {loss} sup : 0.091, inf : 0.070, fac : 0.004, total : 0.100 
 {acc} sup : 96.88, inf : 98.05
------------------------------
<Losses on train> sup : 0.042, inf : 0.029, fac : 0.003, total : 0.050
<Accuracies on train> sup : 98.85, inf : 99.09
Train epoch time: 253.543
------------------------------
Total epoch time: 253.633

New epoch - lr: 0.001
[1/104 iteration of epoch 29/50] 
 {loss} sup : 0.049, inf : 0.052, fac : 0.004, total : 0.069 
 {acc} sup : 98.44, inf : 98.83
[31/104 iteration of epoch 29/50] 
 {loss} sup : 0.073, inf : 0.042, fac : 0.003, total : 0.071 
 {acc} sup : 96.88, inf : 98.44
[61/104 iteration of epoch 29/50] 
 {loss} sup : 0.024, inf : 0.017, fac : 0.003, total : 0.034 
 {acc} sup : 100.00, inf : 100.00
[91/104 iteration of epoch 29/50] 
 {loss} sup : 0.057, inf : 0.047, fac : 0.003, total : 0.065 
 {acc} sup : 98.05, inf : 98.83
------------------------------
<Losses on train> sup : 0.042, inf : 0.030, fac : 0.003, total : 0.050
<Accuracies on train> sup : 98.81, inf : 99.06
Train epoch time: 255.083
------------------------------
Total epoch time: 255.145

New epoch - lr: 0.001
[1/104 iteration of epoch 30/50] 
 {loss} sup : 0.033, inf : 0.035, fac : 0.003, total : 0.050 
 {acc} sup : 99.22, inf : 99.61
[31/104 iteration of epoch 30/50] 
 {loss} sup : 0.026, inf : 0.015, fac : 0.003, total : 0.035 
 {acc} sup : 99.61, inf : 99.61
[61/104 iteration of epoch 30/50] 
 {loss} sup : 0.031, inf : 0.012, fac : 0.002, total : 0.034 
 {acc} sup : 99.22, inf : 99.61
[91/104 iteration of epoch 30/50] 
 {loss} sup : 0.036, inf : 0.015, fac : 0.002, total : 0.038 
 {acc} sup : 98.83, inf : 99.61
------------------------------
<Losses on train> sup : 0.041, inf : 0.030, fac : 0.003, total : 0.049
<Accuracies on train> sup : 98.88, inf : 99.10
Train epoch time: 255.631
------------------------------
Total epoch time: 255.980

New epoch - lr: 0.001
[1/104 iteration of epoch 31/50] 
 {loss} sup : 0.047, inf : 0.016, fac : 0.002, total : 0.043 
 {acc} sup : 99.22, inf : 100.00
[31/104 iteration of epoch 31/50] 
 {loss} sup : 0.038, inf : 0.017, fac : 0.003, total : 0.041 
 {acc} sup : 98.83, inf : 99.61
[61/104 iteration of epoch 31/50] 
 {loss} sup : 0.053, inf : 0.031, fac : 0.002, total : 0.054 
 {acc} sup : 98.44, inf : 98.44
[91/104 iteration of epoch 31/50] 
 {loss} sup : 0.042, inf : 0.035, fac : 0.003, total : 0.051 
 {acc} sup : 99.22, inf : 99.22
------------------------------
<Losses on train> sup : 0.038, inf : 0.026, fac : 0.003, total : 0.045
<Accuracies on train> sup : 98.99, inf : 99.21
Train epoch time: 263.368
------------------------------
Total epoch time: 263.433

New epoch - lr: 0.001
[1/104 iteration of epoch 32/50] 
 {loss} sup : 0.052, inf : 0.056, fac : 0.003, total : 0.069 
 {acc} sup : 98.44, inf : 97.66
[31/104 iteration of epoch 32/50] 
 {loss} sup : 0.046, inf : 0.050, fac : 0.003, total : 0.061 
 {acc} sup : 98.83, inf : 98.83
[61/104 iteration of epoch 32/50] 
 {loss} sup : 0.045, inf : 0.028, fac : 0.003, total : 0.049 
 {acc} sup : 98.44, inf : 98.83
[91/104 iteration of epoch 32/50] 
 {loss} sup : 0.037, inf : 0.031, fac : 0.002, total : 0.045 
 {acc} sup : 98.44, inf : 98.44
------------------------------
<Losses on train> sup : 0.040, inf : 0.029, fac : 0.003, total : 0.048
<Accuracies on train> sup : 98.96, inf : 99.12
Train epoch time: 254.336
------------------------------
Total epoch time: 254.511

New epoch - lr: 0.001
[1/104 iteration of epoch 33/50] 
 {loss} sup : 0.034, inf : 0.025, fac : 0.003, total : 0.042 
 {acc} sup : 99.61, inf : 99.61
[31/104 iteration of epoch 33/50] 
 {loss} sup : 0.013, inf : 0.006, fac : 0.002, total : 0.019 
 {acc} sup : 99.61, inf : 100.00
[61/104 iteration of epoch 33/50] 
 {loss} sup : 0.085, inf : 0.064, fac : 0.003, total : 0.089 
 {acc} sup : 97.27, inf : 98.05
[91/104 iteration of epoch 33/50] 
 {loss} sup : 0.016, inf : 0.009, fac : 0.002, total : 0.025 
 {acc} sup : 100.00, inf : 100.00
------------------------------
<Losses on train> sup : 0.035, inf : 0.025, fac : 0.003, total : 0.043
<Accuracies on train> sup : 99.03, inf : 99.30
Train epoch time: 254.150
------------------------------
Total epoch time: 254.215

New epoch - lr: 0.001
[1/104 iteration of epoch 34/50] 
 {loss} sup : 0.080, inf : 0.072, fac : 0.002, total : 0.087 
 {acc} sup : 97.27, inf : 98.05
[31/104 iteration of epoch 34/50] 
 {loss} sup : 0.036, inf : 0.019, fac : 0.003, total : 0.041 
 {acc} sup : 99.22, inf : 99.61
[61/104 iteration of epoch 34/50] 
 {loss} sup : 0.040, inf : 0.027, fac : 0.002, total : 0.045 
 {acc} sup : 98.44, inf : 98.83
[91/104 iteration of epoch 34/50] 
 {loss} sup : 0.048, inf : 0.030, fac : 0.003, total : 0.053 
 {acc} sup : 98.05, inf : 98.83
------------------------------
<Losses on train> sup : 0.035, inf : 0.025, fac : 0.003, total : 0.042
<Accuracies on train> sup : 99.05, inf : 99.22
Train epoch time: 254.925
------------------------------
Total epoch time: 255.054

New epoch - lr: 0.001
[1/104 iteration of epoch 35/50] 
 {loss} sup : 0.041, inf : 0.020, fac : 0.003, total : 0.047 
 {acc} sup : 98.44, inf : 99.22
[31/104 iteration of epoch 35/50] 
 {loss} sup : 0.047, inf : 0.037, fac : 0.005, total : 0.065 
 {acc} sup : 99.22, inf : 98.83
[61/104 iteration of epoch 35/50] 
 {loss} sup : 0.040, inf : 0.032, fac : 0.002, total : 0.046 
 {acc} sup : 98.44, inf : 98.44
[91/104 iteration of epoch 35/50] 
 {loss} sup : 0.031, inf : 0.019, fac : 0.002, total : 0.037 
 {acc} sup : 99.22, inf : 99.61
------------------------------
<Losses on train> sup : 0.035, inf : 0.026, fac : 0.003, total : 0.044
<Accuracies on train> sup : 99.06, inf : 99.25
Train epoch time: 253.959
------------------------------
Total epoch time: 254.031

New epoch - lr: 0.001
[1/104 iteration of epoch 36/50] 
 {loss} sup : 0.045, inf : 0.031, fac : 0.002, total : 0.050 
 {acc} sup : 99.22, inf : 99.22
[31/104 iteration of epoch 36/50] 
 {loss} sup : 0.029, inf : 0.033, fac : 0.003, total : 0.045 
 {acc} sup : 99.61, inf : 99.22
[61/104 iteration of epoch 36/50] 
 {loss} sup : 0.023, inf : 0.013, fac : 0.003, total : 0.032 
 {acc} sup : 100.00, inf : 99.61
[91/104 iteration of epoch 36/50] 
 {loss} sup : 0.043, inf : 0.040, fac : 0.003, total : 0.055 
 {acc} sup : 98.83, inf : 98.83
------------------------------
<Losses on train> sup : 0.031, inf : 0.021, fac : 0.002, total : 0.038
<Accuracies on train> sup : 99.20, inf : 99.33
Train epoch time: 255.357
------------------------------
Total epoch time: 255.515

New epoch - lr: 0.001
[1/104 iteration of epoch 37/50] 
 {loss} sup : 0.020, inf : 0.010, fac : 0.003, total : 0.028 
 {acc} sup : 100.00, inf : 99.61
[31/104 iteration of epoch 37/50] 
 {loss} sup : 0.042, inf : 0.037, fac : 0.002, total : 0.052 
 {acc} sup : 98.83, inf : 98.44
[61/104 iteration of epoch 37/50] 
 {loss} sup : 0.044, inf : 0.025, fac : 0.002, total : 0.045 
 {acc} sup : 98.05, inf : 98.83
[91/104 iteration of epoch 37/50] 
 {loss} sup : 0.032, inf : 0.012, fac : 0.002, total : 0.033 
 {acc} sup : 98.83, inf : 100.00
------------------------------
<Losses on train> sup : 0.032, inf : 0.022, fac : 0.002, total : 0.039
<Accuracies on train> sup : 99.12, inf : 99.37
Train epoch time: 253.322
------------------------------
<Accuracies on val> class : 92.37
------------------------------
<Accuracies on test> class : 83.75
------------------------------
Total epoch time: 285.223

New epoch - lr: 0.001
[1/104 iteration of epoch 38/50] 
 {loss} sup : 0.044, inf : 0.033, fac : 0.003, total : 0.052 
 {acc} sup : 98.83, inf : 98.83
[31/104 iteration of epoch 38/50] 
 {loss} sup : 0.036, inf : 0.021, fac : 0.002, total : 0.039 
 {acc} sup : 98.83, inf : 99.22
[61/104 iteration of epoch 38/50] 
 {loss} sup : 0.035, inf : 0.024, fac : 0.002, total : 0.040 
 {acc} sup : 98.44, inf : 98.83
[91/104 iteration of epoch 38/50] 
 {loss} sup : 0.019, inf : 0.027, fac : 0.002, total : 0.032 
 {acc} sup : 99.61, inf : 98.83
------------------------------
<Losses on train> sup : 0.031, inf : 0.020, fac : 0.002, total : 0.038
<Accuracies on train> sup : 99.19, inf : 99.41
Train epoch time: 255.311
------------------------------
<Accuracies on val> class : 91.88
------------------------------
<Accuracies on test> class : 84.04
------------------------------
Total epoch time: 260.308

New epoch - lr: 0.001
[1/104 iteration of epoch 39/50] 
 {loss} sup : 0.061, inf : 0.055, fac : 0.002, total : 0.071 
 {acc} sup : 98.05, inf : 98.44
[31/104 iteration of epoch 39/50] 
 {loss} sup : 0.055, inf : 0.039, fac : 0.002, total : 0.058 
 {acc} sup : 97.66, inf : 98.83
[61/104 iteration of epoch 39/50] 
 {loss} sup : 0.027, inf : 0.015, fac : 0.003, total : 0.035 
 {acc} sup : 99.61, inf : 99.61
[91/104 iteration of epoch 39/50] 
 {loss} sup : 0.029, inf : 0.008, fac : 0.002, total : 0.029 
 {acc} sup : 99.61, inf : 100.00
------------------------------
<Losses on train> sup : 0.030, inf : 0.020, fac : 0.002, total : 0.037
<Accuracies on train> sup : 99.25, inf : 99.46
Train epoch time: 255.461
------------------------------
<Accuracies on val> class : 91.72
------------------------------
<Accuracies on test> class : 83.70
------------------------------
Total epoch time: 259.920

New epoch - lr: 0.0001
[1/104 iteration of epoch 40/50] 
 {loss} sup : 0.059, inf : 0.039, fac : 0.003, total : 0.062 
 {acc} sup : 97.66, inf : 98.83
[31/104 iteration of epoch 40/50] 
 {loss} sup : 0.023, inf : 0.019, fac : 0.002, total : 0.030 
 {acc} sup : 99.22, inf : 99.22
[61/104 iteration of epoch 40/50] 
 {loss} sup : 0.017, inf : 0.006, fac : 0.003, total : 0.024 
 {acc} sup : 99.61, inf : 100.00
[91/104 iteration of epoch 40/50] 
 {loss} sup : 0.013, inf : 0.005, fac : 0.002, total : 0.019 
 {acc} sup : 99.61, inf : 100.00
------------------------------
<Losses on train> sup : 0.030, inf : 0.022, fac : 0.002, total : 0.038
<Accuracies on train> sup : 99.23, inf : 99.37
Train epoch time: 253.578
------------------------------
<Accuracies on val> class : 92.37
------------------------------
<Accuracies on test> class : 83.92
------------------------------
Total epoch time: 257.981

New epoch - lr: 0.0001
[1/104 iteration of epoch 41/50] 
 {loss} sup : 0.025, inf : 0.015, fac : 0.002, total : 0.030 
 {acc} sup : 100.00, inf : 99.61
[31/104 iteration of epoch 41/50] 
 {loss} sup : 0.015, inf : 0.007, fac : 0.001, total : 0.018 
 {acc} sup : 99.61, inf : 100.00
[61/104 iteration of epoch 41/50] 
 {loss} sup : 0.035, inf : 0.025, fac : 0.002, total : 0.041 
 {acc} sup : 99.22, inf : 98.44
[91/104 iteration of epoch 41/50] 
 {loss} sup : 0.021, inf : 0.012, fac : 0.002, total : 0.029 
 {acc} sup : 99.61, inf : 99.22
------------------------------
<Losses on train> sup : 0.027, inf : 0.020, fac : 0.002, total : 0.035
<Accuracies on train> sup : 99.33, inf : 99.38
Train epoch time: 254.635
------------------------------
<Accuracies on val> class : 92.05
------------------------------
<Accuracies on test> class : 83.75
------------------------------
Total epoch time: 259.386

New epoch - lr: 0.0001
[1/104 iteration of epoch 42/50] 
 {loss} sup : 0.031, inf : 0.034, fac : 0.002, total : 0.041 
 {acc} sup : 99.22, inf : 99.22
[31/104 iteration of epoch 42/50] 
 {loss} sup : 0.027, inf : 0.022, fac : 0.002, total : 0.035 
 {acc} sup : 99.22, inf : 99.22
[61/104 iteration of epoch 42/50] 
 {loss} sup : 0.029, inf : 0.022, fac : 0.002, total : 0.037 
 {acc} sup : 99.22, inf : 99.61
[91/104 iteration of epoch 42/50] 
 {loss} sup : 0.047, inf : 0.022, fac : 0.002, total : 0.043 
 {acc} sup : 99.22, inf : 98.83
------------------------------
<Losses on train> sup : 0.030, inf : 0.021, fac : 0.002, total : 0.037
<Accuracies on train> sup : 99.24, inf : 99.40
Train epoch time: 253.267
------------------------------
<Accuracies on val> class : 91.23
------------------------------
<Accuracies on test> class : 84.00
------------------------------
Total epoch time: 257.556

New epoch - lr: 0.0001
[1/104 iteration of epoch 43/50] 
 {loss} sup : 0.019, inf : 0.008, fac : 0.003, total : 0.027 
 {acc} sup : 100.00, inf : 100.00
[31/104 iteration of epoch 43/50] 
 {loss} sup : 0.023, inf : 0.010, fac : 0.002, total : 0.026 
 {acc} sup : 99.61, inf : 99.61
[61/104 iteration of epoch 43/50] 
 {loss} sup : 0.023, inf : 0.012, fac : 0.003, total : 0.030 
 {acc} sup : 99.22, inf : 100.00
[91/104 iteration of epoch 43/50] 
 {loss} sup : 0.057, inf : 0.026, fac : 0.003, total : 0.055 
 {acc} sup : 98.05, inf : 99.22
------------------------------
<Losses on train> sup : 0.029, inf : 0.020, fac : 0.002, total : 0.036
<Accuracies on train> sup : 99.21, inf : 99.39
Train epoch time: 253.330
------------------------------
<Accuracies on val> class : 91.88
------------------------------
<Accuracies on test> class : 83.87
------------------------------
Total epoch time: 258.002

New epoch - lr: 0.0001
[1/104 iteration of epoch 44/50] 
 {loss} sup : 0.037, inf : 0.025, fac : 0.002, total : 0.042 
 {acc} sup : 98.83, inf : 99.22
[31/104 iteration of epoch 44/50] 
 {loss} sup : 0.033, inf : 0.015, fac : 0.002, total : 0.034 
 {acc} sup : 98.83, inf : 99.22
[61/104 iteration of epoch 44/50] 
 {loss} sup : 0.034, inf : 0.017, fac : 0.002, total : 0.038 
 {acc} sup : 98.83, inf : 99.61
[91/104 iteration of epoch 44/50] 
 {loss} sup : 0.035, inf : 0.022, fac : 0.002, total : 0.040 
 {acc} sup : 98.83, inf : 98.83
------------------------------
<Losses on train> sup : 0.029, inf : 0.022, fac : 0.002, total : 0.037
<Accuracies on train> sup : 99.23, inf : 99.38
Train epoch time: 253.501
------------------------------
<Accuracies on val> class : 92.37
------------------------------
<Accuracies on test> class : 84.51
------------------------------
Total epoch time: 258.315

New epoch - lr: 0.0001
[1/104 iteration of epoch 45/50] 
 {loss} sup : 0.071, inf : 0.053, fac : 0.002, total : 0.072 
 {acc} sup : 98.44, inf : 98.05
[31/104 iteration of epoch 45/50] 
 {loss} sup : 0.014, inf : 0.011, fac : 0.002, total : 0.021 
 {acc} sup : 100.00, inf : 99.61
[61/104 iteration of epoch 45/50] 
 {loss} sup : 0.025, inf : 0.019, fac : 0.003, total : 0.035 
 {acc} sup : 99.61, inf : 99.61
[91/104 iteration of epoch 45/50] 
 {loss} sup : 0.045, inf : 0.026, fac : 0.003, total : 0.049 
 {acc} sup : 98.44, inf : 98.83
------------------------------
<Losses on train> sup : 0.028, inf : 0.021, fac : 0.002, total : 0.036
<Accuracies on train> sup : 99.29, inf : 99.41
Train epoch time: 253.870
------------------------------
<Accuracies on val> class : 92.05
------------------------------
<Accuracies on test> class : 84.56
------------------------------
Total epoch time: 259.536

New epoch - lr: 0.0001
[1/104 iteration of epoch 46/50] 
 {loss} sup : 0.045, inf : 0.035, fac : 0.003, total : 0.055 
 {acc} sup : 98.83, inf : 98.83
[31/104 iteration of epoch 46/50] 
 {loss} sup : 0.025, inf : 0.012, fac : 0.002, total : 0.028 
 {acc} sup : 99.22, inf : 100.00
[61/104 iteration of epoch 46/50] 
 {loss} sup : 0.019, inf : 0.013, fac : 0.003, total : 0.031 
 {acc} sup : 99.61, inf : 99.61
[91/104 iteration of epoch 46/50] 
 {loss} sup : 0.068, inf : 0.046, fac : 0.003, total : 0.070 
 {acc} sup : 98.05, inf : 98.44
------------------------------
<Losses on train> sup : 0.030, inf : 0.021, fac : 0.002, total : 0.037
<Accuracies on train> sup : 99.22, inf : 99.38
Train epoch time: 252.984
------------------------------
<Accuracies on val> class : 91.88
------------------------------
<Accuracies on test> class : 83.70
------------------------------
Total epoch time: 257.189

New epoch - lr: 0.0001
[1/104 iteration of epoch 47/50] 
 {loss} sup : 0.057, inf : 0.050, fac : 0.002, total : 0.066 
 {acc} sup : 98.05, inf : 98.83
[31/104 iteration of epoch 47/50] 
 {loss} sup : 0.023, inf : 0.017, fac : 0.003, total : 0.036 
 {acc} sup : 100.00, inf : 99.22
[61/104 iteration of epoch 47/50] 
 {loss} sup : 0.009, inf : 0.003, fac : 0.002, total : 0.015 
 {acc} sup : 100.00, inf : 100.00
[91/104 iteration of epoch 47/50] 
 {loss} sup : 0.039, inf : 0.034, fac : 0.002, total : 0.048 
 {acc} sup : 99.22, inf : 99.22
------------------------------
<Losses on train> sup : 0.029, inf : 0.022, fac : 0.002, total : 0.037
<Accuracies on train> sup : 99.23, inf : 99.34
Train epoch time: 253.702
------------------------------
<Accuracies on val> class : 91.88
------------------------------
<Accuracies on test> class : 84.04
------------------------------
Total epoch time: 258.102

New epoch - lr: 0.0001
[1/104 iteration of epoch 48/50] 
 {loss} sup : 0.041, inf : 0.030, fac : 0.002, total : 0.045 
 {acc} sup : 99.22, inf : 98.44
[31/104 iteration of epoch 48/50] 
 {loss} sup : 0.019, inf : 0.008, fac : 0.002, total : 0.023 
 {acc} sup : 99.61, inf : 100.00
[61/104 iteration of epoch 48/50] 
 {loss} sup : 0.018, inf : 0.021, fac : 0.002, total : 0.030 
 {acc} sup : 100.00, inf : 99.61
[91/104 iteration of epoch 48/50] 
 {loss} sup : 0.040, inf : 0.046, fac : 0.002, total : 0.054 
 {acc} sup : 99.22, inf : 99.22
------------------------------
<Losses on train> sup : 0.029, inf : 0.021, fac : 0.002, total : 0.037
<Accuracies on train> sup : 99.23, inf : 99.42
Train epoch time: 253.630
------------------------------
<Accuracies on val> class : 92.37
------------------------------
<Accuracies on test> class : 84.56
------------------------------
Total epoch time: 258.366

New epoch - lr: 0.0001
[1/104 iteration of epoch 49/50] 
 {loss} sup : 0.030, inf : 0.025, fac : 0.003, total : 0.040 
 {acc} sup : 99.22, inf : 98.83
[31/104 iteration of epoch 49/50] 
 {loss} sup : 0.061, inf : 0.024, fac : 0.002, total : 0.055 
 {acc} sup : 98.44, inf : 99.22
[61/104 iteration of epoch 49/50] 
 {loss} sup : 0.026, inf : 0.017, fac : 0.003, total : 0.036 
 {acc} sup : 99.61, inf : 99.22
[91/104 iteration of epoch 49/50] 
 {loss} sup : 0.026, inf : 0.020, fac : 0.003, total : 0.036 
 {acc} sup : 99.22, inf : 99.22
------------------------------
<Losses on train> sup : 0.028, inf : 0.019, fac : 0.002, total : 0.034
<Accuracies on train> sup : 99.25, inf : 99.44
Train epoch time: 254.348
------------------------------
<Accuracies on val> class : 92.21
------------------------------
<Accuracies on test> class : 83.96
------------------------------
Total epoch time: 258.766

New epoch - lr: 0.0001
[1/104 iteration of epoch 50/50] 
 {loss} sup : 0.038, inf : 0.029, fac : 0.002, total : 0.043 
 {acc} sup : 98.44, inf : 99.22
[31/104 iteration of epoch 50/50] 
 {loss} sup : 0.029, inf : 0.024, fac : 0.002, total : 0.039 
 {acc} sup : 99.61, inf : 99.22
[61/104 iteration of epoch 50/50] 
 {loss} sup : 0.031, inf : 0.024, fac : 0.002, total : 0.037 
 {acc} sup : 99.61, inf : 99.22
[91/104 iteration of epoch 50/50] 
 {loss} sup : 0.017, inf : 0.008, fac : 0.002, total : 0.023 
 {acc} sup : 99.61, inf : 99.61
------------------------------
<Losses on train> sup : 0.028, inf : 0.019, fac : 0.002, total : 0.035
<Accuracies on train> sup : 99.27, inf : 99.45
Train epoch time: 251.921
------------------------------
<Accuracies on val> class : 91.23
------------------------------
<Accuracies on test> class : 83.58
------------------------------
Total epoch time: 256.014

******************************
Best val 0.845563, corresponding test 0.845563 - best test: 0.845563
