
Loading experiment PACS/ResNet18_step

Sample Strategy: all

New epoch - lr: 0.003
[1/55 iteration of epoch 1/30] 
 {loss} cls : 2.219, total : 2.219 
 {acc} cls : 10.94
[31/55 iteration of epoch 1/30] 
 {loss} cls : 0.645, total : 0.645 
 {acc} cls : 76.56
------------------------------
<Losses on train> cls : 1.196, total : 1.196
<Accuracies on train> cls : 66.93
Train epoch time: 36.726
------------------------------
<Accuracies on val> class : 86.43
------------------------------
<Accuracies on test> class : 48.81
------------------------------
<Accuracies on photo> test class : 53.89
------------------------------
<Accuracies on cartoon> test class : 52.13
------------------------------
<Accuracies on art_painting> test class : 40.87
------------------------------
Total epoch time: 60.396

New epoch - lr: 0.003
[1/55 iteration of epoch 2/30] 
 {loss} cls : 0.634, total : 0.634 
 {acc} cls : 77.34
[31/55 iteration of epoch 2/30] 
 {loss} cls : 0.425, total : 0.425 
 {acc} cls : 85.94
------------------------------
<Losses on train> cls : 0.421, total : 0.421
<Accuracies on train> cls : 84.20
Train epoch time: 35.337
------------------------------
<Accuracies on val> class : 93.47
------------------------------
<Accuracies on test> class : 68.56
------------------------------
<Accuracies on photo> test class : 67.90
------------------------------
<Accuracies on cartoon> test class : 71.20
------------------------------
<Accuracies on art_painting> test class : 66.06
------------------------------
Total epoch time: 59.545

New epoch - lr: 0.003
[1/55 iteration of epoch 3/30] 
 {loss} cls : 0.274, total : 0.274 
 {acc} cls : 89.84
[31/55 iteration of epoch 3/30] 
 {loss} cls : 0.419, total : 0.419 
 {acc} cls : 85.94
------------------------------
<Losses on train> cls : 0.346, total : 0.346
<Accuracies on train> cls : 87.05
Train epoch time: 35.129
------------------------------
<Accuracies on val> class : 92.46
------------------------------
<Accuracies on test> class : 58.86
------------------------------
<Accuracies on photo> test class : 55.87
------------------------------
<Accuracies on cartoon> test class : 69.03
------------------------------
<Accuracies on art_painting> test class : 49.66
------------------------------
Total epoch time: 59.677

New epoch - lr: 0.003
[1/55 iteration of epoch 4/30] 
 {loss} cls : 0.333, total : 0.333 
 {acc} cls : 84.38
[31/55 iteration of epoch 4/30] 
 {loss} cls : 0.385, total : 0.385 
 {acc} cls : 87.50
------------------------------
<Losses on train> cls : 0.322, total : 0.322
<Accuracies on train> cls : 87.77
Train epoch time: 34.908
------------------------------
<Accuracies on val> class : 91.71
------------------------------
<Accuracies on test> class : 58.74
------------------------------
<Accuracies on photo> test class : 55.21
------------------------------
<Accuracies on cartoon> test class : 67.62
------------------------------
<Accuracies on art_painting> test class : 51.46
------------------------------
Total epoch time: 58.428

New epoch - lr: 0.003
[1/55 iteration of epoch 5/30] 
 {loss} cls : 0.396, total : 0.396 
 {acc} cls : 86.72
[31/55 iteration of epoch 5/30] 
 {loss} cls : 0.397, total : 0.397 
 {acc} cls : 84.38
------------------------------
<Losses on train> cls : 0.295, total : 0.295
<Accuracies on train> cls : 88.69
Train epoch time: 35.707
------------------------------
<Accuracies on val> class : 91.21
------------------------------
<Accuracies on test> class : 62.98
------------------------------
<Accuracies on photo> test class : 60.24
------------------------------
<Accuracies on cartoon> test class : 70.14
------------------------------
<Accuracies on art_painting> test class : 57.03
------------------------------
Total epoch time: 58.015

New epoch - lr: 0.003
[1/55 iteration of epoch 6/30] 
 {loss} cls : 0.276, total : 0.276 
 {acc} cls : 88.28
[31/55 iteration of epoch 6/30] 
 {loss} cls : 0.304, total : 0.304 
 {acc} cls : 87.50
------------------------------
<Losses on train> cls : 0.289, total : 0.289
<Accuracies on train> cls : 88.65
Train epoch time: 35.822
------------------------------
<Accuracies on val> class : 92.96
------------------------------
<Accuracies on test> class : 68.11
------------------------------
<Accuracies on photo> test class : 65.39
------------------------------
<Accuracies on cartoon> test class : 73.98
------------------------------
<Accuracies on art_painting> test class : 63.62
------------------------------
Total epoch time: 57.838

New epoch - lr: 0.003
[1/55 iteration of epoch 7/30] 
 {loss} cls : 0.283, total : 0.283 
 {acc} cls : 88.28
[31/55 iteration of epoch 7/30] 
 {loss} cls : 0.257, total : 0.257 
 {acc} cls : 90.62
------------------------------
<Losses on train> cls : 0.270, total : 0.270
<Accuracies on train> cls : 89.18
Train epoch time: 35.246
------------------------------
<Accuracies on val> class : 93.22
------------------------------
<Accuracies on test> class : 66.07
------------------------------
<Accuracies on photo> test class : 63.23
------------------------------
<Accuracies on cartoon> test class : 73.38
------------------------------
<Accuracies on art_painting> test class : 60.01
------------------------------
Total epoch time: 58.136

New epoch - lr: 0.003
[1/55 iteration of epoch 8/30] 
 {loss} cls : 0.313, total : 0.313 
 {acc} cls : 88.28
[31/55 iteration of epoch 8/30] 
 {loss} cls : 0.196, total : 0.196 
 {acc} cls : 92.19
------------------------------
<Losses on train> cls : 0.265, total : 0.265
<Accuracies on train> cls : 89.39
Train epoch time: 35.669
------------------------------
<Accuracies on val> class : 94.47
------------------------------
<Accuracies on test> class : 64.71
------------------------------
<Accuracies on photo> test class : 61.38
------------------------------
<Accuracies on cartoon> test class : 71.89
------------------------------
<Accuracies on art_painting> test class : 59.23
------------------------------
Total epoch time: 59.081

New epoch - lr: 0.003
[1/55 iteration of epoch 9/30] 
 {loss} cls : 0.331, total : 0.331 
 {acc} cls : 88.28
[31/55 iteration of epoch 9/30] 
 {loss} cls : 0.348, total : 0.348 
 {acc} cls : 85.94
------------------------------
<Losses on train> cls : 0.263, total : 0.263
<Accuracies on train> cls : 89.23
Train epoch time: 34.734
------------------------------
<Accuracies on val> class : 94.22
------------------------------
<Accuracies on test> class : 63.61
------------------------------
<Accuracies on photo> test class : 60.90
------------------------------
<Accuracies on cartoon> test class : 71.89
------------------------------
<Accuracies on art_painting> test class : 56.35
------------------------------
Total epoch time: 57.981

New epoch - lr: 0.003
[1/55 iteration of epoch 10/30] 
 {loss} cls : 0.192, total : 0.192 
 {acc} cls : 93.75
[31/55 iteration of epoch 10/30] 
 {loss} cls : 0.168, total : 0.168 
 {acc} cls : 93.75
------------------------------
<Losses on train> cls : 0.251, total : 0.251
<Accuracies on train> cls : 90.30
Train epoch time: 35.781
------------------------------
<Accuracies on val> class : 94.72
------------------------------
<Accuracies on test> class : 64.90
------------------------------
<Accuracies on photo> test class : 61.50
------------------------------
<Accuracies on cartoon> test class : 72.10
------------------------------
<Accuracies on art_painting> test class : 59.42
------------------------------
Total epoch time: 59.660

New epoch - lr: 0.003
[1/55 iteration of epoch 11/30] 
 {loss} cls : 0.280, total : 0.280 
 {acc} cls : 86.72
[31/55 iteration of epoch 11/30] 
 {loss} cls : 0.242, total : 0.242 
 {acc} cls : 92.19
------------------------------
<Losses on train> cls : 0.245, total : 0.245
<Accuracies on train> cls : 90.24
Train epoch time: 35.426
------------------------------
<Accuracies on val> class : 92.71
------------------------------
<Accuracies on test> class : 60.62
------------------------------
<Accuracies on photo> test class : 58.68
------------------------------
<Accuracies on cartoon> test class : 68.47
------------------------------
<Accuracies on art_painting> test class : 53.22
------------------------------
Total epoch time: 58.822

New epoch - lr: 0.003
[1/55 iteration of epoch 12/30] 
 {loss} cls : 0.163, total : 0.163 
 {acc} cls : 92.19
[31/55 iteration of epoch 12/30] 
 {loss} cls : 0.267, total : 0.267 
 {acc} cls : 87.50
------------------------------
<Losses on train> cls : 0.231, total : 0.231
<Accuracies on train> cls : 90.55
Train epoch time: 36.407
------------------------------
<Accuracies on val> class : 92.71
------------------------------
<Accuracies on test> class : 64.45
------------------------------
<Accuracies on photo> test class : 62.28
------------------------------
<Accuracies on cartoon> test class : 72.65
------------------------------
<Accuracies on art_painting> test class : 56.84
------------------------------
Total epoch time: 59.910

New epoch - lr: 0.003
[1/55 iteration of epoch 13/30] 
 {loss} cls : 0.248, total : 0.248 
 {acc} cls : 89.84
[31/55 iteration of epoch 13/30] 
 {loss} cls : 0.396, total : 0.396 
 {acc} cls : 84.38
------------------------------
<Losses on train> cls : 0.230, total : 0.230
<Accuracies on train> cls : 90.82
Train epoch time: 36.499
------------------------------
<Accuracies on val> class : 93.22
------------------------------
<Accuracies on test> class : 66.02
------------------------------
<Accuracies on photo> test class : 64.07
------------------------------
<Accuracies on cartoon> test class : 72.40
------------------------------
<Accuracies on art_painting> test class : 60.30
------------------------------
Total epoch time: 59.395

New epoch - lr: 0.003
[1/55 iteration of epoch 14/30] 
 {loss} cls : 0.235, total : 0.235 
 {acc} cls : 90.62
[31/55 iteration of epoch 14/30] 
 {loss} cls : 0.360, total : 0.360 
 {acc} cls : 84.38
------------------------------
<Losses on train> cls : 0.224, total : 0.224
<Accuracies on train> cls : 91.25
Train epoch time: 36.297
------------------------------
<Accuracies on val> class : 94.22
------------------------------
<Accuracies on test> class : 61.89
------------------------------
<Accuracies on photo> test class : 59.16
------------------------------
<Accuracies on cartoon> test class : 70.48
------------------------------
<Accuracies on art_painting> test class : 54.30
------------------------------
Total epoch time: 59.235

New epoch - lr: 0.003
[1/55 iteration of epoch 15/30] 
 {loss} cls : 0.252, total : 0.252 
 {acc} cls : 89.06
[31/55 iteration of epoch 15/30] 
 {loss} cls : 0.183, total : 0.183 
 {acc} cls : 94.53
------------------------------
<Losses on train> cls : 0.225, total : 0.225
<Accuracies on train> cls : 91.21
Train epoch time: 35.049
------------------------------
<Accuracies on val> class : 91.21
------------------------------
<Accuracies on test> class : 61.23
------------------------------
<Accuracies on photo> test class : 59.10
------------------------------
<Accuracies on cartoon> test class : 69.71
------------------------------
<Accuracies on art_painting> test class : 53.27
------------------------------
Total epoch time: 59.565

New epoch - lr: 0.003
[1/55 iteration of epoch 16/30] 
 {loss} cls : 0.169, total : 0.169 
 {acc} cls : 92.19
[31/55 iteration of epoch 16/30] 
 {loss} cls : 0.188, total : 0.188 
 {acc} cls : 94.53
------------------------------
<Losses on train> cls : 0.232, total : 0.232
<Accuracies on train> cls : 90.94
Train epoch time: 35.301
------------------------------
<Accuracies on val> class : 94.47
------------------------------
<Accuracies on test> class : 66.40
------------------------------
<Accuracies on photo> test class : 66.35
------------------------------
<Accuracies on cartoon> test class : 72.82
------------------------------
<Accuracies on art_painting> test class : 59.08
------------------------------
Total epoch time: 59.066

New epoch - lr: 0.003
[1/55 iteration of epoch 17/30] 
 {loss} cls : 0.203, total : 0.203 
 {acc} cls : 92.19
[31/55 iteration of epoch 17/30] 
 {loss} cls : 0.222, total : 0.222 
 {acc} cls : 92.19
------------------------------
<Losses on train> cls : 0.223, total : 0.223
<Accuracies on train> cls : 91.04
Train epoch time: 36.181
------------------------------
<Accuracies on val> class : 93.22
------------------------------
<Accuracies on test> class : 66.86
------------------------------
<Accuracies on photo> test class : 67.49
------------------------------
<Accuracies on cartoon> test class : 72.31
------------------------------
<Accuracies on art_painting> test class : 60.11
------------------------------
Total epoch time: 58.776

New epoch - lr: 0.003
[1/55 iteration of epoch 18/30] 
 {loss} cls : 0.209, total : 0.209 
 {acc} cls : 92.19
[31/55 iteration of epoch 18/30] 
 {loss} cls : 0.185, total : 0.185 
 {acc} cls : 93.75
------------------------------
<Losses on train> cls : 0.215, total : 0.215
<Accuracies on train> cls : 91.09
Train epoch time: 36.367
------------------------------
<Accuracies on val> class : 94.72
------------------------------
<Accuracies on test> class : 69.96
------------------------------
<Accuracies on photo> test class : 70.06
------------------------------
<Accuracies on cartoon> test class : 75.51
------------------------------
<Accuracies on art_painting> test class : 63.53
------------------------------
Total epoch time: 59.948

New epoch - lr: 0.003
[1/55 iteration of epoch 19/30] 
 {loss} cls : 0.292, total : 0.292 
 {acc} cls : 87.50
[31/55 iteration of epoch 19/30] 
 {loss} cls : 0.180, total : 0.180 
 {acc} cls : 92.97
------------------------------
<Losses on train> cls : 0.214, total : 0.214
<Accuracies on train> cls : 91.31
Train epoch time: 36.009
------------------------------
<Accuracies on val> class : 93.22
------------------------------
<Accuracies on test> class : 65.46
------------------------------
<Accuracies on photo> test class : 63.83
------------------------------
<Accuracies on cartoon> test class : 74.36
------------------------------
<Accuracies on art_painting> test class : 56.59
------------------------------
Total epoch time: 59.982

New epoch - lr: 0.003
[1/55 iteration of epoch 20/30] 
 {loss} cls : 0.244, total : 0.244 
 {acc} cls : 89.84
[31/55 iteration of epoch 20/30] 
 {loss} cls : 0.296, total : 0.296 
 {acc} cls : 87.50
------------------------------
<Losses on train> cls : 0.211, total : 0.211
<Accuracies on train> cls : 91.62
Train epoch time: 35.079
------------------------------
<Accuracies on val> class : 94.97
------------------------------
<Accuracies on test> class : 62.41
------------------------------
<Accuracies on photo> test class : 61.14
------------------------------
<Accuracies on cartoon> test class : 71.42
------------------------------
<Accuracies on art_painting> test class : 53.12
------------------------------
Total epoch time: 59.657

New epoch - lr: 0.003
[1/55 iteration of epoch 21/30] 
 {loss} cls : 0.280, total : 0.280 
 {acc} cls : 89.06
[31/55 iteration of epoch 21/30] 
 {loss} cls : 0.201, total : 0.201 
 {acc} cls : 93.75
------------------------------
<Losses on train> cls : 0.204, total : 0.204
<Accuracies on train> cls : 91.97
Train epoch time: 36.025
------------------------------
<Accuracies on val> class : 93.97
------------------------------
<Accuracies on test> class : 62.87
------------------------------
<Accuracies on photo> test class : 60.60
------------------------------
<Accuracies on cartoon> test class : 71.97
------------------------------
<Accuracies on art_painting> test class : 54.30
------------------------------
Total epoch time: 58.418

New epoch - lr: 0.003
[1/55 iteration of epoch 22/30] 
 {loss} cls : 0.243, total : 0.243 
 {acc} cls : 91.41
[31/55 iteration of epoch 22/30] 
 {loss} cls : 0.186, total : 0.186 
 {acc} cls : 90.62
------------------------------
<Losses on train> cls : 0.209, total : 0.209
<Accuracies on train> cls : 91.55
Train epoch time: 36.297
------------------------------
<Accuracies on val> class : 94.47
------------------------------
<Accuracies on test> class : 69.35
------------------------------
<Accuracies on photo> test class : 71.56
------------------------------
<Accuracies on cartoon> test class : 75.30
------------------------------
<Accuracies on art_painting> test class : 60.74
------------------------------
Total epoch time: 59.037

New epoch - lr: 0.003
[1/55 iteration of epoch 23/30] 
 {loss} cls : 0.186, total : 0.186 
 {acc} cls : 92.19
[31/55 iteration of epoch 23/30] 
 {loss} cls : 0.208, total : 0.208 
 {acc} cls : 92.19
------------------------------
<Losses on train> cls : 0.199, total : 0.199
<Accuracies on train> cls : 91.96
Train epoch time: 35.204
------------------------------
<Accuracies on val> class : 94.47
------------------------------
<Accuracies on test> class : 65.98
------------------------------
<Accuracies on photo> test class : 65.69
------------------------------
<Accuracies on cartoon> test class : 73.34
------------------------------
<Accuracies on art_painting> test class : 57.81
------------------------------
Total epoch time: 59.449

New epoch - lr: 0.003
[1/55 iteration of epoch 24/30] 
 {loss} cls : 0.172, total : 0.172 
 {acc} cls : 92.97
[31/55 iteration of epoch 24/30] 
 {loss} cls : 0.175, total : 0.175 
 {acc} cls : 92.97
------------------------------
<Losses on train> cls : 0.199, total : 0.199
<Accuracies on train> cls : 92.02
Train epoch time: 35.186
------------------------------
<Accuracies on val> class : 93.97
------------------------------
<Accuracies on test> class : 65.92
------------------------------
<Accuracies on photo> test class : 66.89
------------------------------
<Accuracies on cartoon> test class : 72.95
------------------------------
<Accuracies on art_painting> test class : 57.08
------------------------------
Total epoch time: 60.096

New epoch - lr: 0.003
[1/55 iteration of epoch 25/30] 
 {loss} cls : 0.257, total : 0.257 
 {acc} cls : 88.28
[31/55 iteration of epoch 25/30] 
 {loss} cls : 0.197, total : 0.197 
 {acc} cls : 91.41
------------------------------
<Losses on train> cls : 0.211, total : 0.211
<Accuracies on train> cls : 91.35
Train epoch time: 34.663
------------------------------
<Accuracies on val> class : 93.97
------------------------------
<Accuracies on test> class : 68.21
------------------------------
<Accuracies on photo> test class : 70.24
------------------------------
<Accuracies on cartoon> test class : 74.96
------------------------------
<Accuracies on art_painting> test class : 58.84
------------------------------
Total epoch time: 57.421

New epoch - lr: 0.003
[1/55 iteration of epoch 26/30] 
 {loss} cls : 0.178, total : 0.178 
 {acc} cls : 93.75
[31/55 iteration of epoch 26/30] 
 {loss} cls : 0.192, total : 0.192 
 {acc} cls : 92.97
------------------------------
<Losses on train> cls : 0.192, total : 0.192
<Accuracies on train> cls : 92.09
Train epoch time: 33.013
------------------------------
<Accuracies on val> class : 93.47
------------------------------
<Accuracies on test> class : 62.44
------------------------------
<Accuracies on photo> test class : 58.74
------------------------------
<Accuracies on cartoon> test class : 73.72
------------------------------
<Accuracies on art_painting> test class : 52.54
------------------------------
Total epoch time: 53.969

New epoch - lr: 0.0009000000000000002
[1/55 iteration of epoch 27/30] 
 {loss} cls : 0.230, total : 0.230 
 {acc} cls : 89.84
[31/55 iteration of epoch 27/30] 
 {loss} cls : 0.212, total : 0.212 
 {acc} cls : 90.62
------------------------------
<Losses on train> cls : 0.193, total : 0.193
<Accuracies on train> cls : 92.30
Train epoch time: 28.640
------------------------------
<Accuracies on val> class : 94.47
------------------------------
<Accuracies on test> class : 66.15
------------------------------
<Accuracies on photo> test class : 65.93
------------------------------
<Accuracies on cartoon> test class : 74.70
------------------------------
<Accuracies on art_painting> test class : 56.54
------------------------------
Total epoch time: 48.934

New epoch - lr: 0.0009000000000000002
[1/55 iteration of epoch 28/30] 
 {loss} cls : 0.153, total : 0.153 
 {acc} cls : 94.53
[31/55 iteration of epoch 28/30] 
 {loss} cls : 0.164, total : 0.164 
 {acc} cls : 93.75
------------------------------
<Losses on train> cls : 0.198, total : 0.198
<Accuracies on train> cls : 91.99
Train epoch time: 28.933
------------------------------
<Accuracies on val> class : 94.72
------------------------------
<Accuracies on test> class : 63.11
------------------------------
<Accuracies on photo> test class : 59.88
------------------------------
<Accuracies on cartoon> test class : 72.99
------------------------------
<Accuracies on art_painting> test class : 54.44
------------------------------
Total epoch time: 48.815

New epoch - lr: 0.0009000000000000002
[1/55 iteration of epoch 29/30] 
 {loss} cls : 0.226, total : 0.226 
 {acc} cls : 89.84
[31/55 iteration of epoch 29/30] 
 {loss} cls : 0.241, total : 0.241 
 {acc} cls : 90.62
------------------------------
<Losses on train> cls : 0.198, total : 0.198
<Accuracies on train> cls : 91.85
Train epoch time: 29.426
------------------------------
<Accuracies on val> class : 94.47
------------------------------
<Accuracies on test> class : 66.22
------------------------------
<Accuracies on photo> test class : 64.07
------------------------------
<Accuracies on cartoon> test class : 74.02
------------------------------
<Accuracies on art_painting> test class : 59.03
------------------------------
Total epoch time: 49.808

New epoch - lr: 0.0009000000000000002
[1/55 iteration of epoch 30/30] 
 {loss} cls : 0.220, total : 0.220 
 {acc} cls : 90.62
[31/55 iteration of epoch 30/30] 
 {loss} cls : 0.146, total : 0.146 
 {acc} cls : 95.31
------------------------------
<Losses on train> cls : 0.190, total : 0.190
<Accuracies on train> cls : 92.51
Train epoch time: 29.203
------------------------------
<Accuracies on val> class : 94.47
------------------------------
<Accuracies on test> class : 65.42
------------------------------
<Accuracies on photo> test class : 63.59
------------------------------
<Accuracies on cartoon> test class : 73.46
------------------------------
<Accuracies on art_painting> test class : 57.71
------------------------------
Total epoch time: 49.549

******************************
Best val 0.949749, corresponding test 0.624051 - best test: 0.699604

******************************
Best val 0.9497487545013428, corresponding photo test 0.6113772392272949

******************************
Best val 0.9497487545013428, corresponding cartoon test 0.7141638398170471

******************************
Best val 0.9497487545013428, corresponding art_painting test 0.53125
