
Loading experiment PACS/ResNet18_step

Sample Strategy: all

New epoch - lr: 0.003
[1/23 iteration of epoch 1/30] 
 {loss} cls : 2.113, total : 2.113 
 {acc} cls : 19.53
------------------------------
<Losses on train> cls : 0.631, total : 0.631
<Accuracies on train> cls : 82.30
Train epoch time: 45.169
------------------------------
<Accuracies on val> class : 97.66
------------------------------
<Accuracies on test> class : 46.62
------------------------------
<Accuracies on cartoon> test class : 48.21
------------------------------
<Accuracies on art_painting> test class : 65.14
------------------------------
<Accuracies on sketch> test class : 36.01
------------------------------
Total epoch time: 76.641

New epoch - lr: 0.003
[1/23 iteration of epoch 2/30] 
 {loss} cls : 0.011, total : 0.011 
 {acc} cls : 100.00
------------------------------
<Losses on train> cls : 0.039, total : 0.039
<Accuracies on train> cls : 98.68
Train epoch time: 33.685
------------------------------
<Accuracies on val> class : 98.83
------------------------------
<Accuracies on test> class : 45.79
------------------------------
<Accuracies on cartoon> test class : 43.60
------------------------------
<Accuracies on art_painting> test class : 64.06
------------------------------
<Accuracies on sketch> test class : 37.57
------------------------------
Total epoch time: 64.051

New epoch - lr: 0.003
[1/23 iteration of epoch 3/30] 
 {loss} cls : 0.068, total : 0.068 
 {acc} cls : 96.88
------------------------------
<Losses on train> cls : 0.032, total : 0.032
<Accuracies on train> cls : 98.78
Train epoch time: 29.167
------------------------------
<Accuracies on val> class : 98.25
------------------------------
<Accuracies on test> class : 49.09
------------------------------
<Accuracies on cartoon> test class : 44.92
------------------------------
<Accuracies on art_painting> test class : 70.26
------------------------------
<Accuracies on sketch> test class : 40.54
------------------------------
Total epoch time: 59.449

New epoch - lr: 0.003
[1/23 iteration of epoch 4/30] 
 {loss} cls : 0.014, total : 0.014 
 {acc} cls : 99.22
------------------------------
<Losses on train> cls : 0.020, total : 0.020
<Accuracies on train> cls : 99.35
Train epoch time: 22.875
------------------------------
<Accuracies on val> class : 97.66
------------------------------
<Accuracies on test> class : 45.55
------------------------------
<Accuracies on cartoon> test class : 46.29
------------------------------
<Accuracies on art_painting> test class : 67.14
------------------------------
<Accuracies on sketch> test class : 33.85
------------------------------
Total epoch time: 54.778

New epoch - lr: 0.003
[1/23 iteration of epoch 5/30] 
 {loss} cls : 0.013, total : 0.013 
 {acc} cls : 99.22
------------------------------
<Losses on train> cls : 0.015, total : 0.015
<Accuracies on train> cls : 99.52
Train epoch time: 21.180
------------------------------
<Accuracies on val> class : 98.83
------------------------------
<Accuracies on test> class : 46.12
------------------------------
<Accuracies on cartoon> test class : 51.02
------------------------------
<Accuracies on art_painting> test class : 67.68
------------------------------
<Accuracies on sketch> test class : 31.97
------------------------------
Total epoch time: 53.315

New epoch - lr: 0.003
[1/23 iteration of epoch 6/30] 
 {loss} cls : 0.008, total : 0.008 
 {acc} cls : 100.00
------------------------------
<Losses on train> cls : 0.016, total : 0.016
<Accuracies on train> cls : 99.39
Train epoch time: 20.524
------------------------------
<Accuracies on val> class : 97.66
------------------------------
<Accuracies on test> class : 46.88
------------------------------
<Accuracies on cartoon> test class : 43.90
------------------------------
<Accuracies on art_painting> test class : 65.62
------------------------------
<Accuracies on sketch> test class : 38.89
------------------------------
Total epoch time: 51.082

New epoch - lr: 0.003
[1/23 iteration of epoch 7/30] 
 {loss} cls : 0.003, total : 0.003 
 {acc} cls : 100.00
------------------------------
<Losses on train> cls : 0.007, total : 0.007
<Accuracies on train> cls : 99.86
Train epoch time: 19.634
------------------------------
<Accuracies on val> class : 98.83
------------------------------
<Accuracies on test> class : 44.55
------------------------------
<Accuracies on cartoon> test class : 43.52
------------------------------
<Accuracies on art_painting> test class : 67.19
------------------------------
<Accuracies on sketch> test class : 33.37
------------------------------
Total epoch time: 51.246

New epoch - lr: 0.003
[1/23 iteration of epoch 8/30] 
 {loss} cls : 0.003, total : 0.003 
 {acc} cls : 100.00
------------------------------
<Losses on train> cls : 0.007, total : 0.007
<Accuracies on train> cls : 99.76
Train epoch time: 17.805
------------------------------
<Accuracies on val> class : 99.42
------------------------------
<Accuracies on test> class : 46.18
------------------------------
<Accuracies on cartoon> test class : 43.39
------------------------------
<Accuracies on art_painting> test class : 67.24
------------------------------
<Accuracies on sketch> test class : 36.88
------------------------------
Total epoch time: 49.506

New epoch - lr: 0.003
[1/23 iteration of epoch 9/30] 
 {loss} cls : 0.001, total : 0.001 
 {acc} cls : 100.00
------------------------------
<Losses on train> cls : 0.007, total : 0.007
<Accuracies on train> cls : 99.80
Train epoch time: 18.101
------------------------------
<Accuracies on val> class : 98.83
------------------------------
<Accuracies on test> class : 47.24
------------------------------
<Accuracies on cartoon> test class : 45.90
------------------------------
<Accuracies on art_painting> test class : 65.62
------------------------------
<Accuracies on sketch> test class : 38.46
------------------------------
Total epoch time: 48.110

New epoch - lr: 0.003
[1/23 iteration of epoch 10/30] 
 {loss} cls : 0.005, total : 0.005 
 {acc} cls : 100.00
------------------------------
<Losses on train> cls : 0.007, total : 0.007
<Accuracies on train> cls : 99.90
Train epoch time: 19.269
------------------------------
<Accuracies on val> class : 98.83
------------------------------
<Accuracies on test> class : 45.09
------------------------------
<Accuracies on cartoon> test class : 45.86
------------------------------
<Accuracies on art_painting> test class : 65.28
------------------------------
<Accuracies on sketch> test class : 34.11
------------------------------
Total epoch time: 48.684

New epoch - lr: 0.003
[1/23 iteration of epoch 11/30] 
 {loss} cls : 0.001, total : 0.001 
 {acc} cls : 100.00
------------------------------
<Losses on train> cls : 0.006, total : 0.006
<Accuracies on train> cls : 99.86
Train epoch time: 19.183
------------------------------
<Accuracies on val> class : 99.42
------------------------------
<Accuracies on test> class : 47.75
------------------------------
<Accuracies on cartoon> test class : 48.21
------------------------------
<Accuracies on art_painting> test class : 67.77
------------------------------
<Accuracies on sketch> test class : 37.03
------------------------------
Total epoch time: 49.551

New epoch - lr: 0.003
[1/23 iteration of epoch 12/30] 
 {loss} cls : 0.012, total : 0.012 
 {acc} cls : 100.00
------------------------------
<Losses on train> cls : 0.008, total : 0.008
<Accuracies on train> cls : 99.76
Train epoch time: 18.783
------------------------------
<Accuracies on val> class : 98.83
------------------------------
<Accuracies on test> class : 47.29
------------------------------
<Accuracies on cartoon> test class : 45.48
------------------------------
<Accuracies on art_painting> test class : 65.53
------------------------------
<Accuracies on sketch> test class : 38.86
------------------------------
Total epoch time: 50.079

New epoch - lr: 0.003
[1/23 iteration of epoch 13/30] 
 {loss} cls : 0.003, total : 0.003 
 {acc} cls : 100.00
------------------------------
<Losses on train> cls : 0.005, total : 0.005
<Accuracies on train> cls : 99.80
Train epoch time: 17.673
------------------------------
<Accuracies on val> class : 98.83
------------------------------
<Accuracies on test> class : 47.05
------------------------------
<Accuracies on cartoon> test class : 47.44
------------------------------
<Accuracies on art_painting> test class : 66.85
------------------------------
<Accuracies on sketch> test class : 36.50
------------------------------
Total epoch time: 49.758

New epoch - lr: 0.003
[1/23 iteration of epoch 14/30] 
 {loss} cls : 0.001, total : 0.001 
 {acc} cls : 100.00
------------------------------
<Losses on train> cls : 0.005, total : 0.005
<Accuracies on train> cls : 99.83
Train epoch time: 16.821
------------------------------
<Accuracies on val> class : 98.83
------------------------------
<Accuracies on test> class : 45.91
------------------------------
<Accuracies on cartoon> test class : 45.73
------------------------------
<Accuracies on art_painting> test class : 67.24
------------------------------
<Accuracies on sketch> test class : 34.89
------------------------------
Total epoch time: 48.854

New epoch - lr: 0.003
[1/23 iteration of epoch 15/30] 
 {loss} cls : 0.000, total : 0.000 
 {acc} cls : 100.00
------------------------------
<Losses on train> cls : 0.005, total : 0.005
<Accuracies on train> cls : 99.90
Train epoch time: 17.612
------------------------------
<Accuracies on val> class : 98.25
------------------------------
<Accuracies on test> class : 45.08
------------------------------
<Accuracies on cartoon> test class : 41.17
------------------------------
<Accuracies on art_painting> test class : 66.36
------------------------------
<Accuracies on sketch> test class : 36.32
------------------------------
Total epoch time: 49.245

New epoch - lr: 0.003
[1/23 iteration of epoch 16/30] 
 {loss} cls : 0.001, total : 0.001 
 {acc} cls : 100.00
------------------------------
<Losses on train> cls : 0.003, total : 0.003
<Accuracies on train> cls : 99.97
Train epoch time: 17.978
------------------------------
<Accuracies on val> class : 98.83
------------------------------
<Accuracies on test> class : 45.40
------------------------------
<Accuracies on cartoon> test class : 42.66
------------------------------
<Accuracies on art_painting> test class : 67.63
------------------------------
<Accuracies on sketch> test class : 35.45
------------------------------
Total epoch time: 49.340

New epoch - lr: 0.003
[1/23 iteration of epoch 17/30] 
 {loss} cls : 0.008, total : 0.008 
 {acc} cls : 100.00
------------------------------
<Losses on train> cls : 0.003, total : 0.003
<Accuracies on train> cls : 99.90
Train epoch time: 17.897
------------------------------
<Accuracies on val> class : 98.83
------------------------------
<Accuracies on test> class : 45.78
------------------------------
<Accuracies on cartoon> test class : 44.07
------------------------------
<Accuracies on art_painting> test class : 68.21
------------------------------
<Accuracies on sketch> test class : 35.10
------------------------------
Total epoch time: 50.015

New epoch - lr: 0.003
[1/23 iteration of epoch 18/30] 
 {loss} cls : 0.002, total : 0.002 
 {acc} cls : 100.00
------------------------------
<Losses on train> cls : 0.002, total : 0.002
<Accuracies on train> cls : 100.00
Train epoch time: 17.774
------------------------------
<Accuracies on val> class : 98.25
------------------------------
<Accuracies on test> class : 47.64
------------------------------
<Accuracies on cartoon> test class : 45.78
------------------------------
<Accuracies on art_painting> test class : 68.21
------------------------------
<Accuracies on sketch> test class : 38.02
------------------------------
Total epoch time: 50.195

New epoch - lr: 0.003
[1/23 iteration of epoch 19/30] 
 {loss} cls : 0.000, total : 0.000 
 {acc} cls : 100.00
------------------------------
<Losses on train> cls : 0.004, total : 0.004
<Accuracies on train> cls : 99.93
Train epoch time: 16.727
------------------------------
<Accuracies on val> class : 98.83
------------------------------
<Accuracies on test> class : 46.24
------------------------------
<Accuracies on cartoon> test class : 40.36
------------------------------
<Accuracies on art_painting> test class : 67.63
------------------------------
<Accuracies on sketch> test class : 38.61
------------------------------
Total epoch time: 50.050

New epoch - lr: 0.003
[1/23 iteration of epoch 20/30] 
 {loss} cls : 0.001, total : 0.001 
 {acc} cls : 100.00
------------------------------
<Losses on train> cls : 0.003, total : 0.003
<Accuracies on train> cls : 99.90
Train epoch time: 15.966
------------------------------
<Accuracies on val> class : 98.83
------------------------------
<Accuracies on test> class : 46.33
------------------------------
<Accuracies on cartoon> test class : 44.11
------------------------------
<Accuracies on art_painting> test class : 68.21
------------------------------
<Accuracies on sketch> test class : 36.24
------------------------------
Total epoch time: 50.503

New epoch - lr: 0.003
[1/23 iteration of epoch 21/30] 
 {loss} cls : 0.010, total : 0.010 
 {acc} cls : 99.22
------------------------------
<Losses on train> cls : 0.004, total : 0.004
<Accuracies on train> cls : 99.86
Train epoch time: 16.450
------------------------------
<Accuracies on val> class : 99.42
------------------------------
<Accuracies on test> class : 47.07
------------------------------
<Accuracies on cartoon> test class : 45.05
------------------------------
<Accuracies on art_painting> test class : 67.63
------------------------------
<Accuracies on sketch> test class : 37.57
------------------------------
Total epoch time: 50.391

New epoch - lr: 0.003
[1/23 iteration of epoch 22/30] 
 {loss} cls : 0.001, total : 0.001 
 {acc} cls : 100.00
------------------------------
<Losses on train> cls : 0.003, total : 0.003
<Accuracies on train> cls : 99.90
Train epoch time: 16.679
------------------------------
<Accuracies on val> class : 98.25
------------------------------
<Accuracies on test> class : 50.07
------------------------------
<Accuracies on cartoon> test class : 47.23
------------------------------
<Accuracies on art_painting> test class : 67.19
------------------------------
<Accuracies on sketch> test class : 42.84
------------------------------
Total epoch time: 49.446

New epoch - lr: 0.003
[1/23 iteration of epoch 23/30] 
 {loss} cls : 0.002, total : 0.002 
 {acc} cls : 100.00
------------------------------
<Losses on train> cls : 0.003, total : 0.003
<Accuracies on train> cls : 99.97
Train epoch time: 17.305
------------------------------
<Accuracies on val> class : 98.25
------------------------------
<Accuracies on test> class : 48.71
------------------------------
<Accuracies on cartoon> test class : 47.06
------------------------------
<Accuracies on art_painting> test class : 67.53
------------------------------
<Accuracies on sketch> test class : 39.88
------------------------------
Total epoch time: 48.564

New epoch - lr: 0.003
[1/23 iteration of epoch 24/30] 
 {loss} cls : 0.004, total : 0.004 
 {acc} cls : 100.00
------------------------------
<Losses on train> cls : 0.003, total : 0.003
<Accuracies on train> cls : 99.90
Train epoch time: 18.091
------------------------------
<Accuracies on val> class : 98.83
------------------------------
<Accuracies on test> class : 47.43
------------------------------
<Accuracies on cartoon> test class : 46.42
------------------------------
<Accuracies on art_painting> test class : 67.72
------------------------------
<Accuracies on sketch> test class : 37.47
------------------------------
Total epoch time: 49.532

New epoch - lr: 0.003
[1/23 iteration of epoch 25/30] 
 {loss} cls : 0.002, total : 0.002 
 {acc} cls : 100.00
------------------------------
<Losses on train> cls : 0.002, total : 0.002
<Accuracies on train> cls : 100.00
Train epoch time: 18.483
------------------------------
<Accuracies on val> class : 98.25
------------------------------
<Accuracies on test> class : 47.33
------------------------------
<Accuracies on cartoon> test class : 46.03
------------------------------
<Accuracies on art_painting> test class : 67.29
------------------------------
<Accuracies on sketch> test class : 37.69
------------------------------
Total epoch time: 49.959

New epoch - lr: 0.003
[1/23 iteration of epoch 26/30] 
 {loss} cls : 0.000, total : 0.000 
 {acc} cls : 100.00
------------------------------
<Losses on train> cls : 0.002, total : 0.002
<Accuracies on train> cls : 99.97
Train epoch time: 18.319
------------------------------
<Accuracies on val> class : 98.25
------------------------------
<Accuracies on test> class : 46.95
------------------------------
<Accuracies on cartoon> test class : 46.16
------------------------------
<Accuracies on art_painting> test class : 67.63
------------------------------
<Accuracies on sketch> test class : 36.65
------------------------------
Total epoch time: 50.232

New epoch - lr: 0.0009000000000000002
[1/23 iteration of epoch 27/30] 
 {loss} cls : 0.001, total : 0.001 
 {acc} cls : 100.00
------------------------------
<Losses on train> cls : 0.002, total : 0.002
<Accuracies on train> cls : 100.00
Train epoch time: 17.723
------------------------------
<Accuracies on val> class : 98.25
------------------------------
<Accuracies on test> class : 47.40
------------------------------
<Accuracies on cartoon> test class : 47.18
------------------------------
<Accuracies on art_painting> test class : 67.92
------------------------------
<Accuracies on sketch> test class : 36.83
------------------------------
Total epoch time: 49.929

New epoch - lr: 0.0009000000000000002
[1/23 iteration of epoch 28/30] 
 {loss} cls : 0.000, total : 0.000 
 {acc} cls : 100.00
------------------------------
<Losses on train> cls : 0.002, total : 0.002
<Accuracies on train> cls : 99.97
Train epoch time: 17.353
------------------------------
<Accuracies on val> class : 98.83
------------------------------
<Accuracies on test> class : 47.41
------------------------------
<Accuracies on cartoon> test class : 47.18
------------------------------
<Accuracies on art_painting> test class : 67.92
------------------------------
<Accuracies on sketch> test class : 36.85
------------------------------
Total epoch time: 49.640

New epoch - lr: 0.0009000000000000002
[1/23 iteration of epoch 29/30] 
 {loss} cls : 0.000, total : 0.000 
 {acc} cls : 100.00
------------------------------
<Losses on train> cls : 0.003, total : 0.003
<Accuracies on train> cls : 99.90
Train epoch time: 17.954
------------------------------
<Accuracies on val> class : 98.83
------------------------------
<Accuracies on test> class : 47.15
------------------------------
<Accuracies on cartoon> test class : 48.34
------------------------------
<Accuracies on art_painting> test class : 67.19
------------------------------
<Accuracies on sketch> test class : 35.99
------------------------------
Total epoch time: 48.674

New epoch - lr: 0.0009000000000000002
[1/23 iteration of epoch 30/30] 
 {loss} cls : 0.027, total : 0.027 
 {acc} cls : 99.22
------------------------------
<Losses on train> cls : 0.003, total : 0.003
<Accuracies on train> cls : 99.93
Train epoch time: 19.037
------------------------------
<Accuracies on val> class : 98.83
------------------------------
<Accuracies on test> class : 47.85
------------------------------
<Accuracies on cartoon> test class : 47.06
------------------------------
<Accuracies on art_painting> test class : 67.72
------------------------------
<Accuracies on sketch> test class : 37.97
------------------------------
Total epoch time: 49.032

******************************
Best val 0.994152, corresponding test 0.470737 - best test: 0.500661

******************************
Best val 0.9941520690917969, corresponding cartoon test 0.4505119323730469

******************************
Best val 0.9941520690917969, corresponding art_painting test 0.67626953125

******************************
Best val 0.9941520690917969, corresponding sketch test 0.37566810846328735
