
Loading experiment PACS/ResNet18_step


New epoch - lr: 0.003
[1/32 iteration of epoch 1/30] 
 {loss} cls : 3.554, total : 3.554 
 {acc} cls : 0.00
[31/32 iteration of epoch 1/30] 
 {loss} cls : 1.421, total : 1.421 
 {acc} cls : 45.31
------------------------------
<Losses on train> cls : 2.596, total : 2.596
<Accuracies on train> cls : 31.30
Train epoch time: 17.048
------------------------------
<Accuracies on val> class : 83.12
------------------------------
<Accuracies on test> class : 62.97
------------------------------
<Accuracies on photo> test class : 80.36
------------------------------
<Accuracies on art_painting> test class : 59.67
------------------------------
<Accuracies on sketch> test class : 57.29
------------------------------
Total epoch time: 54.195

New epoch - lr: 0.003
[1/32 iteration of epoch 2/30] 
 {loss} cls : 1.174, total : 1.174 
 {acc} cls : 51.56
[31/32 iteration of epoch 2/30] 
 {loss} cls : 0.754, total : 0.754 
 {acc} cls : 67.19
------------------------------
<Losses on train> cls : 0.941, total : 0.941
<Accuracies on train> cls : 60.25
Train epoch time: 14.713
------------------------------
<Accuracies on val> class : 89.45
------------------------------
<Accuracies on test> class : 64.47
------------------------------
<Accuracies on photo> test class : 79.10
------------------------------
<Accuracies on art_painting> test class : 62.11
------------------------------
<Accuracies on sketch> test class : 59.48
------------------------------
Total epoch time: 44.796

New epoch - lr: 0.003
[1/32 iteration of epoch 3/30] 
 {loss} cls : 0.810, total : 0.810 
 {acc} cls : 64.06
[31/32 iteration of epoch 3/30] 
 {loss} cls : 0.699, total : 0.699 
 {acc} cls : 68.75
------------------------------
<Losses on train> cls : 0.610, total : 0.610
<Accuracies on train> cls : 73.83
Train epoch time: 13.613
------------------------------
<Accuracies on val> class : 92.83
------------------------------
<Accuracies on test> class : 65.93
------------------------------
<Accuracies on photo> test class : 81.80
------------------------------
<Accuracies on art_painting> test class : 62.65
------------------------------
<Accuracies on sketch> test class : 60.91
------------------------------
Total epoch time: 42.778

New epoch - lr: 0.003
[1/32 iteration of epoch 4/30] 
 {loss} cls : 0.584, total : 0.584 
 {acc} cls : 75.00
[31/32 iteration of epoch 4/30] 
 {loss} cls : 0.348, total : 0.348 
 {acc} cls : 85.94
------------------------------
<Losses on train> cls : 0.437, total : 0.437
<Accuracies on train> cls : 82.57
Train epoch time: 12.858
------------------------------
<Accuracies on val> class : 92.83
------------------------------
<Accuracies on test> class : 66.55
------------------------------
<Accuracies on photo> test class : 81.44
------------------------------
<Accuracies on art_painting> test class : 62.45
------------------------------
<Accuracies on sketch> test class : 62.36
------------------------------
Total epoch time: 42.936

New epoch - lr: 0.003
[1/32 iteration of epoch 5/30] 
 {loss} cls : 0.438, total : 0.438 
 {acc} cls : 82.81
[31/32 iteration of epoch 5/30] 
 {loss} cls : 0.241, total : 0.241 
 {acc} cls : 93.75
------------------------------
<Losses on train> cls : 0.366, total : 0.366
<Accuracies on train> cls : 85.94
Train epoch time: 12.229
------------------------------
<Accuracies on val> class : 94.94
------------------------------
<Accuracies on test> class : 71.27
------------------------------
<Accuracies on photo> test class : 84.01
------------------------------
<Accuracies on art_painting> test class : 67.82
------------------------------
<Accuracies on sketch> test class : 67.65
------------------------------
Total epoch time: 41.951

New epoch - lr: 0.003
[1/32 iteration of epoch 6/30] 
 {loss} cls : 0.263, total : 0.263 
 {acc} cls : 92.19
[31/32 iteration of epoch 6/30] 
 {loss} cls : 0.288, total : 0.288 
 {acc} cls : 89.06
------------------------------
<Losses on train> cls : 0.280, total : 0.280
<Accuracies on train> cls : 90.53
Train epoch time: 11.835
------------------------------
<Accuracies on val> class : 95.36
------------------------------
<Accuracies on test> class : 71.26
------------------------------
<Accuracies on photo> test class : 84.37
------------------------------
<Accuracies on art_painting> test class : 68.51
------------------------------
<Accuracies on sketch> test class : 67.12
------------------------------
Total epoch time: 42.349

New epoch - lr: 0.003
[1/32 iteration of epoch 7/30] 
 {loss} cls : 0.314, total : 0.314 
 {acc} cls : 87.50
[31/32 iteration of epoch 7/30] 
 {loss} cls : 0.273, total : 0.273 
 {acc} cls : 87.50
------------------------------
<Losses on train> cls : 0.229, total : 0.229
<Accuracies on train> cls : 92.09
Train epoch time: 12.219
------------------------------
<Accuracies on val> class : 95.36
------------------------------
<Accuracies on test> class : 71.96
------------------------------
<Accuracies on photo> test class : 84.85
------------------------------
<Accuracies on art_painting> test class : 68.65
------------------------------
<Accuracies on sketch> test class : 68.21
------------------------------
Total epoch time: 44.342

New epoch - lr: 0.003
[1/32 iteration of epoch 8/30] 
 {loss} cls : 0.119, total : 0.119 
 {acc} cls : 95.31
[31/32 iteration of epoch 8/30] 
 {loss} cls : 0.148, total : 0.148 
 {acc} cls : 95.31
------------------------------
<Losses on train> cls : 0.177, total : 0.177
<Accuracies on train> cls : 94.29
Train epoch time: 11.613
------------------------------
<Accuracies on val> class : 95.78
------------------------------
<Accuracies on test> class : 70.16
------------------------------
<Accuracies on photo> test class : 84.01
------------------------------
<Accuracies on art_painting> test class : 65.87
------------------------------
<Accuracies on sketch> test class : 66.51
------------------------------
Total epoch time: 42.292

New epoch - lr: 0.003
[1/32 iteration of epoch 9/30] 
 {loss} cls : 0.277, total : 0.277 
 {acc} cls : 90.62
[31/32 iteration of epoch 9/30] 
 {loss} cls : 0.173, total : 0.173 
 {acc} cls : 92.19
------------------------------
<Losses on train> cls : 0.163, total : 0.163
<Accuracies on train> cls : 94.48
Train epoch time: 10.930
------------------------------
<Accuracies on val> class : 96.20
------------------------------
<Accuracies on test> class : 70.16
------------------------------
<Accuracies on photo> test class : 83.17
------------------------------
<Accuracies on art_painting> test class : 66.70
------------------------------
<Accuracies on sketch> test class : 66.43
------------------------------
Total epoch time: 42.378

New epoch - lr: 0.003
[1/32 iteration of epoch 10/30] 
 {loss} cls : 0.088, total : 0.088 
 {acc} cls : 98.44
[31/32 iteration of epoch 10/30] 
 {loss} cls : 0.117, total : 0.117 
 {acc} cls : 98.44
------------------------------
<Losses on train> cls : 0.138, total : 0.138
<Accuracies on train> cls : 95.46
Train epoch time: 11.420
------------------------------
<Accuracies on val> class : 95.36
------------------------------
<Accuracies on test> class : 66.92
------------------------------
<Accuracies on photo> test class : 82.87
------------------------------
<Accuracies on art_painting> test class : 66.06
------------------------------
<Accuracies on sketch> test class : 60.58
------------------------------
Total epoch time: 44.477

New epoch - lr: 0.003
[1/32 iteration of epoch 11/30] 
 {loss} cls : 0.120, total : 0.120 
 {acc} cls : 96.88
[31/32 iteration of epoch 11/30] 
 {loss} cls : 0.145, total : 0.145 
 {acc} cls : 92.19
------------------------------
<Losses on train> cls : 0.130, total : 0.130
<Accuracies on train> cls : 96.14
Train epoch time: 10.751
------------------------------
<Accuracies on val> class : 94.51
------------------------------
<Accuracies on test> class : 66.16
------------------------------
<Accuracies on photo> test class : 82.10
------------------------------
<Accuracies on art_painting> test class : 66.21
------------------------------
<Accuracies on sketch> test class : 59.35
------------------------------
Total epoch time: 44.121

New epoch - lr: 0.003
[1/32 iteration of epoch 12/30] 
 {loss} cls : 0.156, total : 0.156 
 {acc} cls : 92.19
[31/32 iteration of epoch 12/30] 
 {loss} cls : 0.124, total : 0.124 
 {acc} cls : 95.31
------------------------------
<Losses on train> cls : 0.093, total : 0.093
<Accuracies on train> cls : 97.41
Train epoch time: 10.940
------------------------------
<Accuracies on val> class : 95.78
------------------------------
<Accuracies on test> class : 68.50
------------------------------
<Accuracies on photo> test class : 84.73
------------------------------
<Accuracies on art_painting> test class : 68.21
------------------------------
<Accuracies on sketch> test class : 61.75
------------------------------
Total epoch time: 43.948

New epoch - lr: 0.003
[1/32 iteration of epoch 13/30] 
 {loss} cls : 0.081, total : 0.081 
 {acc} cls : 98.44
[31/32 iteration of epoch 13/30] 
 {loss} cls : 0.089, total : 0.089 
 {acc} cls : 96.88
------------------------------
<Losses on train> cls : 0.107, total : 0.107
<Accuracies on train> cls : 96.83
Train epoch time: 10.323
------------------------------
<Accuracies on val> class : 92.83
------------------------------
<Accuracies on test> class : 67.60
------------------------------
<Accuracies on photo> test class : 83.77
------------------------------
<Accuracies on art_painting> test class : 63.53
------------------------------
<Accuracies on sketch> test class : 62.84
------------------------------
Total epoch time: 42.862

New epoch - lr: 0.003
[1/32 iteration of epoch 14/30] 
 {loss} cls : 0.033, total : 0.033 
 {acc} cls : 100.00
[31/32 iteration of epoch 14/30] 
 {loss} cls : 0.043, total : 0.043 
 {acc} cls : 98.44
------------------------------
<Losses on train> cls : 0.072, total : 0.072
<Accuracies on train> cls : 97.95
Train epoch time: 10.195
------------------------------
<Accuracies on val> class : 95.36
------------------------------
<Accuracies on test> class : 70.38
------------------------------
<Accuracies on photo> test class : 83.17
------------------------------
<Accuracies on art_painting> test class : 62.99
------------------------------
<Accuracies on sketch> test class : 68.80
------------------------------
Total epoch time: 41.711

New epoch - lr: 0.003
[1/32 iteration of epoch 15/30] 
 {loss} cls : 0.034, total : 0.034 
 {acc} cls : 100.00
[31/32 iteration of epoch 15/30] 
 {loss} cls : 0.115, total : 0.115 
 {acc} cls : 93.75
------------------------------
<Losses on train> cls : 0.066, total : 0.066
<Accuracies on train> cls : 98.19
Train epoch time: 10.185
------------------------------
<Accuracies on val> class : 94.51
------------------------------
<Accuracies on test> class : 69.39
------------------------------
<Accuracies on photo> test class : 82.87
------------------------------
<Accuracies on art_painting> test class : 64.45
------------------------------
<Accuracies on sketch> test class : 66.23
------------------------------
Total epoch time: 42.918

New epoch - lr: 0.003
[1/32 iteration of epoch 16/30] 
 {loss} cls : 0.035, total : 0.035 
 {acc} cls : 100.00
[31/32 iteration of epoch 16/30] 
 {loss} cls : 0.071, total : 0.071 
 {acc} cls : 96.88
------------------------------
<Losses on train> cls : 0.061, total : 0.061
<Accuracies on train> cls : 98.05
Train epoch time: 10.300
------------------------------
<Accuracies on val> class : 95.36
------------------------------
<Accuracies on test> class : 68.45
------------------------------
<Accuracies on photo> test class : 84.61
------------------------------
<Accuracies on art_painting> test class : 66.26
------------------------------
<Accuracies on sketch> test class : 62.71
------------------------------
Total epoch time: 42.421

New epoch - lr: 0.003
[1/32 iteration of epoch 17/30] 
 {loss} cls : 0.048, total : 0.048 
 {acc} cls : 98.44
[31/32 iteration of epoch 17/30] 
 {loss} cls : 0.281, total : 0.281 
 {acc} cls : 96.88
------------------------------
<Losses on train> cls : 0.071, total : 0.071
<Accuracies on train> cls : 97.80
Train epoch time: 10.142
------------------------------
<Accuracies on val> class : 96.20
------------------------------
<Accuracies on test> class : 69.48
------------------------------
<Accuracies on photo> test class : 84.43
------------------------------
<Accuracies on art_painting> test class : 66.31
------------------------------
<Accuracies on sketch> test class : 64.77
------------------------------
Total epoch time: 42.804

New epoch - lr: 0.003
[1/32 iteration of epoch 18/30] 
 {loss} cls : 0.063, total : 0.063 
 {acc} cls : 98.44
[31/32 iteration of epoch 18/30] 
 {loss} cls : 0.080, total : 0.080 
 {acc} cls : 96.88
------------------------------
<Losses on train> cls : 0.074, total : 0.074
<Accuracies on train> cls : 97.71
Train epoch time: 9.951
------------------------------
<Accuracies on val> class : 94.94
------------------------------
<Accuracies on test> class : 68.37
------------------------------
<Accuracies on photo> test class : 84.61
------------------------------
<Accuracies on art_painting> test class : 66.89
------------------------------
<Accuracies on sketch> test class : 62.23
------------------------------
Total epoch time: 42.381

New epoch - lr: 0.003
[1/32 iteration of epoch 19/30] 
 {loss} cls : 0.020, total : 0.020 
 {acc} cls : 100.00
[31/32 iteration of epoch 19/30] 
 {loss} cls : 0.016, total : 0.016 
 {acc} cls : 100.00
------------------------------
<Losses on train> cls : 0.069, total : 0.069
<Accuracies on train> cls : 97.61
Train epoch time: 10.829
------------------------------
<Accuracies on val> class : 96.20
------------------------------
<Accuracies on test> class : 68.59
------------------------------
<Accuracies on photo> test class : 85.03
------------------------------
<Accuracies on art_painting> test class : 67.53
------------------------------
<Accuracies on sketch> test class : 62.15
------------------------------
Total epoch time: 46.181

New epoch - lr: 0.003
[1/32 iteration of epoch 20/30] 
 {loss} cls : 0.048, total : 0.048 
 {acc} cls : 98.44
[31/32 iteration of epoch 20/30] 
 {loss} cls : 0.028, total : 0.028 
 {acc} cls : 98.44
------------------------------
<Losses on train> cls : 0.052, total : 0.052
<Accuracies on train> cls : 98.63
Train epoch time: 11.036
------------------------------
<Accuracies on val> class : 96.20
------------------------------
<Accuracies on test> class : 68.29
------------------------------
<Accuracies on photo> test class : 83.83
------------------------------
<Accuracies on art_painting> test class : 66.50
------------------------------
<Accuracies on sketch> test class : 62.61
------------------------------
Total epoch time: 46.244

New epoch - lr: 0.003
[1/32 iteration of epoch 21/30] 
 {loss} cls : 0.008, total : 0.008 
 {acc} cls : 100.00
[31/32 iteration of epoch 21/30] 
 {loss} cls : 0.101, total : 0.101 
 {acc} cls : 96.88
------------------------------
<Losses on train> cls : 0.046, total : 0.046
<Accuracies on train> cls : 98.93
Train epoch time: 10.694
------------------------------
<Accuracies on val> class : 97.47
------------------------------
<Accuracies on test> class : 69.67
------------------------------
<Accuracies on photo> test class : 85.81
------------------------------
<Accuracies on art_painting> test class : 69.09
------------------------------
<Accuracies on sketch> test class : 63.12
------------------------------
Total epoch time: 44.616

New epoch - lr: 0.003
[1/32 iteration of epoch 22/30] 
 {loss} cls : 0.084, total : 0.084 
 {acc} cls : 96.88
[31/32 iteration of epoch 22/30] 
 {loss} cls : 0.011, total : 0.011 
 {acc} cls : 100.00
------------------------------
<Losses on train> cls : 0.032, total : 0.032
<Accuracies on train> cls : 99.17
Train epoch time: 10.978
------------------------------
<Accuracies on val> class : 97.05
------------------------------
<Accuracies on test> class : 67.73
------------------------------
<Accuracies on photo> test class : 84.97
------------------------------
<Accuracies on art_painting> test class : 68.90
------------------------------
<Accuracies on sketch> test class : 59.79
------------------------------
Total epoch time: 42.811

New epoch - lr: 0.003
[1/32 iteration of epoch 23/30] 
 {loss} cls : 0.060, total : 0.060 
 {acc} cls : 98.44
[31/32 iteration of epoch 23/30] 
 {loss} cls : 0.011, total : 0.011 
 {acc} cls : 100.00
------------------------------
<Losses on train> cls : 0.036, total : 0.036
<Accuracies on train> cls : 99.32
Train epoch time: 10.898
------------------------------
<Accuracies on val> class : 95.36
------------------------------
<Accuracies on test> class : 70.17
------------------------------
<Accuracies on photo> test class : 84.01
------------------------------
<Accuracies on art_painting> test class : 66.65
------------------------------
<Accuracies on sketch> test class : 66.12
------------------------------
Total epoch time: 42.878

New epoch - lr: 0.003
[1/32 iteration of epoch 24/30] 
 {loss} cls : 0.038, total : 0.038 
 {acc} cls : 98.44
[31/32 iteration of epoch 24/30] 
 {loss} cls : 0.014, total : 0.014 
 {acc} cls : 100.00
------------------------------
<Losses on train> cls : 0.028, total : 0.028
<Accuracies on train> cls : 99.37
Train epoch time: 11.597
------------------------------
<Accuracies on val> class : 95.36
------------------------------
<Accuracies on test> class : 69.95
------------------------------
<Accuracies on photo> test class : 84.49
------------------------------
<Accuracies on art_painting> test class : 65.97
------------------------------
<Accuracies on sketch> test class : 65.84
------------------------------
Total epoch time: 43.102

New epoch - lr: 0.003
[1/32 iteration of epoch 25/30] 
 {loss} cls : 0.007, total : 0.007 
 {acc} cls : 100.00
[31/32 iteration of epoch 25/30] 
 {loss} cls : 0.047, total : 0.047 
 {acc} cls : 98.44
------------------------------
<Losses on train> cls : 0.024, total : 0.024
<Accuracies on train> cls : 99.32
Train epoch time: 11.983
------------------------------
<Accuracies on val> class : 95.36
------------------------------
<Accuracies on test> class : 69.47
------------------------------
<Accuracies on photo> test class : 83.41
------------------------------
<Accuracies on art_painting> test class : 66.94
------------------------------
<Accuracies on sketch> test class : 64.85
------------------------------
Total epoch time: 42.910

New epoch - lr: 0.003
[1/32 iteration of epoch 26/30] 
 {loss} cls : 0.032, total : 0.032 
 {acc} cls : 98.44
[31/32 iteration of epoch 26/30] 
 {loss} cls : 0.009, total : 0.009 
 {acc} cls : 100.00
------------------------------
<Losses on train> cls : 0.027, total : 0.027
<Accuracies on train> cls : 99.41
Train epoch time: 11.682
------------------------------
<Accuracies on val> class : 96.62
------------------------------
<Accuracies on test> class : 69.48
------------------------------
<Accuracies on photo> test class : 84.19
------------------------------
<Accuracies on art_painting> test class : 68.90
------------------------------
<Accuracies on sketch> test class : 63.53
------------------------------
Total epoch time: 41.983

New epoch - lr: 0.0009000000000000002
[1/32 iteration of epoch 27/30] 
 {loss} cls : 0.034, total : 0.034 
 {acc} cls : 98.44
[31/32 iteration of epoch 27/30] 
 {loss} cls : 0.015, total : 0.015 
 {acc} cls : 100.00
------------------------------
<Losses on train> cls : 0.021, total : 0.021
<Accuracies on train> cls : 99.56
Train epoch time: 11.581
------------------------------
<Accuracies on val> class : 97.05
------------------------------
<Accuracies on test> class : 70.16
------------------------------
<Accuracies on photo> test class : 84.55
------------------------------
<Accuracies on art_painting> test class : 69.43
------------------------------
<Accuracies on sketch> test class : 64.42
------------------------------
Total epoch time: 43.246

New epoch - lr: 0.0009000000000000002
[1/32 iteration of epoch 28/30] 
 {loss} cls : 0.010, total : 0.010 
 {acc} cls : 100.00
[31/32 iteration of epoch 28/30] 
 {loss} cls : 0.020, total : 0.020 
 {acc} cls : 100.00
------------------------------
<Losses on train> cls : 0.021, total : 0.021
<Accuracies on train> cls : 99.71
Train epoch time: 12.731
------------------------------
<Accuracies on val> class : 96.20
------------------------------
<Accuracies on test> class : 70.47
------------------------------
<Accuracies on photo> test class : 85.21
------------------------------
<Accuracies on art_painting> test class : 69.38
------------------------------
<Accuracies on sketch> test class : 64.77
------------------------------
Total epoch time: 46.250

New epoch - lr: 0.0009000000000000002
[1/32 iteration of epoch 29/30] 
 {loss} cls : 0.011, total : 0.011 
 {acc} cls : 100.00
[31/32 iteration of epoch 29/30] 
 {loss} cls : 0.052, total : 0.052 
 {acc} cls : 96.88
------------------------------
<Losses on train> cls : 0.022, total : 0.022
<Accuracies on train> cls : 99.37
Train epoch time: 12.444
------------------------------
<Accuracies on val> class : 96.20
------------------------------
<Accuracies on test> class : 70.33
------------------------------
<Accuracies on photo> test class : 84.43
------------------------------
<Accuracies on art_painting> test class : 69.09
------------------------------
<Accuracies on sketch> test class : 64.98
------------------------------
Total epoch time: 45.359

New epoch - lr: 0.0009000000000000002
[1/32 iteration of epoch 30/30] 
 {loss} cls : 0.013, total : 0.013 
 {acc} cls : 100.00
[31/32 iteration of epoch 30/30] 
 {loss} cls : 0.014, total : 0.014 
 {acc} cls : 100.00
------------------------------
<Losses on train> cls : 0.018, total : 0.018
<Accuracies on train> cls : 99.51
Train epoch time: 11.556
------------------------------
<Accuracies on val> class : 96.62
------------------------------
<Accuracies on test> class : 70.35
------------------------------
<Accuracies on photo> test class : 84.85
------------------------------
<Accuracies on art_painting> test class : 69.43
------------------------------
<Accuracies on sketch> test class : 64.67
------------------------------
Total epoch time: 45.776

******************************
Best val 0.974684, corresponding test 0.696744 - best test: 0.719629

******************************
Best val 0.9746835231781006, corresponding photo test 0.8580838441848755

******************************
Best val 0.9746835231781006, corresponding art_painting test 0.69091796875

******************************
Best val 0.9746835231781006, corresponding sketch test 0.6312038898468018
