
Loading experiment PACS/ResNet18_step

Sample Strategy: all

New epoch - lr: 0.003
[1/28 iteration of epoch 1/30] 
 {loss} cls : 2.151, total : 2.151 
 {acc} cls : 9.38
------------------------------
<Losses on train> cls : 1.417, total : 1.417
<Accuracies on train> cls : 69.42
Train epoch time: 43.323
------------------------------
<Accuracies on val> class : 84.62
------------------------------
<Accuracies on test> class : 62.37
------------------------------
<Accuracies on photo> test class : 92.40
------------------------------
<Accuracies on cartoon> test class : 62.76
------------------------------
<Accuracies on sketch> test class : 49.38
------------------------------
Total epoch time: 73.841

New epoch - lr: 0.003
[1/28 iteration of epoch 2/30] 
 {loss} cls : 0.162, total : 0.162 
 {acc} cls : 94.53
------------------------------
<Losses on train> cls : 0.204, total : 0.204
<Accuracies on train> cls : 93.67
Train epoch time: 34.950
------------------------------
<Accuracies on val> class : 86.54
------------------------------
<Accuracies on test> class : 68.84
------------------------------
<Accuracies on photo> test class : 96.41
------------------------------
<Accuracies on cartoon> test class : 63.01
------------------------------
<Accuracies on sketch> test class : 60.60
------------------------------
Total epoch time: 64.502

New epoch - lr: 0.003
[1/28 iteration of epoch 3/30] 
 {loss} cls : 0.153, total : 0.153 
 {acc} cls : 96.09
------------------------------
<Losses on train> cls : 0.142, total : 0.142
<Accuracies on train> cls : 95.37
Train epoch time: 29.965
------------------------------
<Accuracies on val> class : 87.02
------------------------------
<Accuracies on test> class : 66.86
------------------------------
<Accuracies on photo> test class : 95.21
------------------------------
<Accuracies on cartoon> test class : 65.70
------------------------------
<Accuracies on sketch> test class : 55.51
------------------------------
Total epoch time: 59.480

New epoch - lr: 0.003
[1/28 iteration of epoch 4/30] 
 {loss} cls : 0.066, total : 0.066 
 {acc} cls : 98.44
------------------------------
<Losses on train> cls : 0.086, total : 0.086
<Accuracies on train> cls : 97.21
Train epoch time: 26.945
------------------------------
<Accuracies on val> class : 88.94
------------------------------
<Accuracies on test> class : 67.47
------------------------------
<Accuracies on photo> test class : 96.29
------------------------------
<Accuracies on cartoon> test class : 72.40
------------------------------
<Accuracies on sketch> test class : 52.28
------------------------------
Total epoch time: 56.819

New epoch - lr: 0.003
[1/28 iteration of epoch 5/30] 
 {loss} cls : 0.083, total : 0.083 
 {acc} cls : 97.66
------------------------------
<Losses on train> cls : 0.061, total : 0.061
<Accuracies on train> cls : 97.88
Train epoch time: 24.980
------------------------------
<Accuracies on val> class : 88.94
------------------------------
<Accuracies on test> class : 68.09
------------------------------
<Accuracies on photo> test class : 96.65
------------------------------
<Accuracies on cartoon> test class : 70.61
------------------------------
<Accuracies on sketch> test class : 54.44
------------------------------
Total epoch time: 53.903

New epoch - lr: 0.003
[1/28 iteration of epoch 6/30] 
 {loss} cls : 0.030, total : 0.030 
 {acc} cls : 99.22
------------------------------
<Losses on train> cls : 0.047, total : 0.047
<Accuracies on train> cls : 98.38
Train epoch time: 23.587
------------------------------
<Accuracies on val> class : 90.38
------------------------------
<Accuracies on test> class : 68.58
------------------------------
<Accuracies on photo> test class : 96.47
------------------------------
<Accuracies on cartoon> test class : 69.54
------------------------------
<Accuracies on sketch> test class : 56.15
------------------------------
Total epoch time: 52.925

New epoch - lr: 0.003
[1/28 iteration of epoch 7/30] 
 {loss} cls : 0.023, total : 0.023 
 {acc} cls : 100.00
------------------------------
<Losses on train> cls : 0.046, total : 0.046
<Accuracies on train> cls : 98.30
Train epoch time: 22.241
------------------------------
<Accuracies on val> class : 90.87
------------------------------
<Accuracies on test> class : 70.83
------------------------------
<Accuracies on photo> test class : 96.53
------------------------------
<Accuracies on cartoon> test class : 70.09
------------------------------
<Accuracies on sketch> test class : 60.35
------------------------------
Total epoch time: 52.605

New epoch - lr: 0.003
[1/28 iteration of epoch 8/30] 
 {loss} cls : 0.070, total : 0.070 
 {acc} cls : 97.66
------------------------------
<Losses on train> cls : 0.047, total : 0.047
<Accuracies on train> cls : 98.35
Train epoch time: 21.507
------------------------------
<Accuracies on val> class : 88.94
------------------------------
<Accuracies on test> class : 67.81
------------------------------
<Accuracies on photo> test class : 95.93
------------------------------
<Accuracies on cartoon> test class : 68.98
------------------------------
<Accuracies on sketch> test class : 55.15
------------------------------
Total epoch time: 52.093

New epoch - lr: 0.003
[1/28 iteration of epoch 9/30] 
 {loss} cls : 0.042, total : 0.042 
 {acc} cls : 98.44
------------------------------
<Losses on train> cls : 0.031, total : 0.031
<Accuracies on train> cls : 99.11
Train epoch time: 20.012
------------------------------
<Accuracies on val> class : 88.94
------------------------------
<Accuracies on test> class : 68.41
------------------------------
<Accuracies on photo> test class : 96.11
------------------------------
<Accuracies on cartoon> test class : 70.05
------------------------------
<Accuracies on sketch> test class : 55.66
------------------------------
Total epoch time: 50.321

New epoch - lr: 0.003
[1/28 iteration of epoch 10/30] 
 {loss} cls : 0.038, total : 0.038 
 {acc} cls : 99.22
------------------------------
<Losses on train> cls : 0.029, total : 0.029
<Accuracies on train> cls : 99.14
Train epoch time: 20.812
------------------------------
<Accuracies on val> class : 88.94
------------------------------
<Accuracies on test> class : 70.63
------------------------------
<Accuracies on photo> test class : 96.17
------------------------------
<Accuracies on cartoon> test class : 69.80
------------------------------
<Accuracies on sketch> test class : 60.27
------------------------------
Total epoch time: 50.879

New epoch - lr: 0.003
[1/28 iteration of epoch 11/30] 
 {loss} cls : 0.031, total : 0.031 
 {acc} cls : 99.22
------------------------------
<Losses on train> cls : 0.021, total : 0.021
<Accuracies on train> cls : 99.39
Train epoch time: 20.990
------------------------------
<Accuracies on val> class : 90.87
------------------------------
<Accuracies on test> class : 69.27
------------------------------
<Accuracies on photo> test class : 96.35
------------------------------
<Accuracies on cartoon> test class : 71.80
------------------------------
<Accuracies on sketch> test class : 56.25
------------------------------
Total epoch time: 50.285

New epoch - lr: 0.003
[1/28 iteration of epoch 12/30] 
 {loss} cls : 0.036, total : 0.036 
 {acc} cls : 98.44
------------------------------
<Losses on train> cls : 0.021, total : 0.021
<Accuracies on train> cls : 99.41
Train epoch time: 21.385
------------------------------
<Accuracies on val> class : 89.42
------------------------------
<Accuracies on test> class : 72.18
------------------------------
<Accuracies on photo> test class : 96.53
------------------------------
<Accuracies on cartoon> test class : 72.82
------------------------------
<Accuracies on sketch> test class : 61.44
------------------------------
Total epoch time: 50.131

New epoch - lr: 0.003
[1/28 iteration of epoch 13/30] 
 {loss} cls : 0.012, total : 0.012 
 {acc} cls : 100.00
------------------------------
<Losses on train> cls : 0.020, total : 0.020
<Accuracies on train> cls : 99.36
Train epoch time: 21.633
------------------------------
<Accuracies on val> class : 89.90
------------------------------
<Accuracies on test> class : 71.70
------------------------------
<Accuracies on photo> test class : 96.53
------------------------------
<Accuracies on cartoon> test class : 68.56
------------------------------
<Accuracies on sketch> test class : 63.02
------------------------------
Total epoch time: 51.187

New epoch - lr: 0.003
[1/28 iteration of epoch 14/30] 
 {loss} cls : 0.005, total : 0.005 
 {acc} cls : 100.00
------------------------------
<Losses on train> cls : 0.017, total : 0.017
<Accuracies on train> cls : 99.53
Train epoch time: 20.368
------------------------------
<Accuracies on val> class : 90.38
------------------------------
<Accuracies on test> class : 74.35
------------------------------
<Accuracies on photo> test class : 96.47
------------------------------
<Accuracies on cartoon> test class : 73.51
------------------------------
<Accuracies on sketch> test class : 65.46
------------------------------
Total epoch time: 50.379

New epoch - lr: 0.003
[1/28 iteration of epoch 15/30] 
 {loss} cls : 0.003, total : 0.003 
 {acc} cls : 100.00
------------------------------
<Losses on train> cls : 0.012, total : 0.012
<Accuracies on train> cls : 99.69
Train epoch time: 19.610
------------------------------
<Accuracies on val> class : 90.87
------------------------------
<Accuracies on test> class : 71.23
------------------------------
<Accuracies on photo> test class : 95.69
------------------------------
<Accuracies on cartoon> test class : 72.31
------------------------------
<Accuracies on sketch> test class : 60.19
------------------------------
Total epoch time: 50.585

New epoch - lr: 0.003
[1/28 iteration of epoch 16/30] 
 {loss} cls : 0.005, total : 0.005 
 {acc} cls : 100.00
------------------------------
<Losses on train> cls : 0.010, total : 0.010
<Accuracies on train> cls : 99.69
Train epoch time: 19.524
------------------------------
<Accuracies on val> class : 90.87
------------------------------
<Accuracies on test> class : 74.01
------------------------------
<Accuracies on photo> test class : 96.77
------------------------------
<Accuracies on cartoon> test class : 73.89
------------------------------
<Accuracies on sketch> test class : 64.42
------------------------------
Total epoch time: 50.490

New epoch - lr: 0.003
[1/28 iteration of epoch 17/30] 
 {loss} cls : 0.018, total : 0.018 
 {acc} cls : 98.44
------------------------------
<Losses on train> cls : 0.014, total : 0.014
<Accuracies on train> cls : 99.47
Train epoch time: 20.066
------------------------------
<Accuracies on val> class : 91.35
------------------------------
<Accuracies on test> class : 72.77
------------------------------
<Accuracies on photo> test class : 95.99
------------------------------
<Accuracies on cartoon> test class : 73.29
------------------------------
<Accuracies on sketch> test class : 62.59
------------------------------
Total epoch time: 50.018

New epoch - lr: 0.003
[1/28 iteration of epoch 18/30] 
 {loss} cls : 0.001, total : 0.001 
 {acc} cls : 100.00
------------------------------
<Losses on train> cls : 0.014, total : 0.014
<Accuracies on train> cls : 99.55
Train epoch time: 20.739
------------------------------
<Accuracies on val> class : 91.35
------------------------------
<Accuracies on test> class : 71.11
------------------------------
<Accuracies on photo> test class : 96.53
------------------------------
<Accuracies on cartoon> test class : 73.72
------------------------------
<Accuracies on sketch> test class : 58.74
------------------------------
Total epoch time: 49.975

New epoch - lr: 0.003
[1/28 iteration of epoch 19/30] 
 {loss} cls : 0.006, total : 0.006 
 {acc} cls : 100.00
------------------------------
<Losses on train> cls : 0.011, total : 0.011
<Accuracies on train> cls : 99.78
Train epoch time: 21.219
------------------------------
<Accuracies on val> class : 90.87
------------------------------
<Accuracies on test> class : 71.30
------------------------------
<Accuracies on photo> test class : 96.59
------------------------------
<Accuracies on cartoon> test class : 73.55
------------------------------
<Accuracies on sketch> test class : 59.20
------------------------------
Total epoch time: 49.595

New epoch - lr: 0.003
[1/28 iteration of epoch 20/30] 
 {loss} cls : 0.002, total : 0.002 
 {acc} cls : 100.00
------------------------------
<Losses on train> cls : 0.014, total : 0.014
<Accuracies on train> cls : 99.61
Train epoch time: 21.743
------------------------------
<Accuracies on val> class : 90.38
------------------------------
<Accuracies on test> class : 70.92
------------------------------
<Accuracies on photo> test class : 97.13
------------------------------
<Accuracies on cartoon> test class : 69.92
------------------------------
<Accuracies on sketch> test class : 60.37
------------------------------
Total epoch time: 50.370

New epoch - lr: 0.003
[1/28 iteration of epoch 21/30] 
 {loss} cls : 0.002, total : 0.002 
 {acc} cls : 100.00
------------------------------
<Losses on train> cls : 0.010, total : 0.010
<Accuracies on train> cls : 99.67
Train epoch time: 20.481
------------------------------
<Accuracies on val> class : 91.35
------------------------------
<Accuracies on test> class : 70.94
------------------------------
<Accuracies on photo> test class : 96.11
------------------------------
<Accuracies on cartoon> test class : 73.08
------------------------------
<Accuracies on sketch> test class : 58.97
------------------------------
Total epoch time: 49.995

New epoch - lr: 0.003
[1/28 iteration of epoch 22/30] 
 {loss} cls : 0.031, total : 0.031 
 {acc} cls : 99.22
------------------------------
<Losses on train> cls : 0.011, total : 0.011
<Accuracies on train> cls : 99.58
Train epoch time: 20.185
------------------------------
<Accuracies on val> class : 90.87
------------------------------
<Accuracies on test> class : 71.09
------------------------------
<Accuracies on photo> test class : 97.01
------------------------------
<Accuracies on cartoon> test class : 71.67
------------------------------
<Accuracies on sketch> test class : 59.74
------------------------------
Total epoch time: 50.396

New epoch - lr: 0.003
[1/28 iteration of epoch 23/30] 
 {loss} cls : 0.020, total : 0.020 
 {acc} cls : 99.22
------------------------------
<Losses on train> cls : 0.012, total : 0.012
<Accuracies on train> cls : 99.58
Train epoch time: 20.067
------------------------------
<Accuracies on val> class : 89.42
------------------------------
<Accuracies on test> class : 73.01
------------------------------
<Accuracies on photo> test class : 96.35
------------------------------
<Accuracies on cartoon> test class : 73.51
------------------------------
<Accuracies on sketch> test class : 62.79
------------------------------
Total epoch time: 50.534

New epoch - lr: 0.003
[1/28 iteration of epoch 24/30] 
 {loss} cls : 0.019, total : 0.019 
 {acc} cls : 99.22
------------------------------
<Losses on train> cls : 0.007, total : 0.007
<Accuracies on train> cls : 99.75
Train epoch time: 20.100
------------------------------
<Accuracies on val> class : 89.90
------------------------------
<Accuracies on test> class : 72.88
------------------------------
<Accuracies on photo> test class : 96.35
------------------------------
<Accuracies on cartoon> test class : 73.89
------------------------------
<Accuracies on sketch> test class : 62.31
------------------------------
Total epoch time: 49.269

New epoch - lr: 0.003
[1/28 iteration of epoch 25/30] 
 {loss} cls : 0.009, total : 0.009 
 {acc} cls : 100.00
------------------------------
<Losses on train> cls : 0.008, total : 0.008
<Accuracies on train> cls : 99.75
Train epoch time: 20.785
------------------------------
<Accuracies on val> class : 89.90
------------------------------
<Accuracies on test> class : 73.90
------------------------------
<Accuracies on photo> test class : 96.47
------------------------------
<Accuracies on cartoon> test class : 75.04
------------------------------
<Accuracies on sketch> test class : 63.63
------------------------------
Total epoch time: 49.124

New epoch - lr: 0.003
[1/28 iteration of epoch 26/30] 
 {loss} cls : 0.005, total : 0.005 
 {acc} cls : 100.00
------------------------------
<Losses on train> cls : 0.006, total : 0.006
<Accuracies on train> cls : 99.80
Train epoch time: 21.241
------------------------------
<Accuracies on val> class : 91.35
------------------------------
<Accuracies on test> class : 72.10
------------------------------
<Accuracies on photo> test class : 96.35
------------------------------
<Accuracies on cartoon> test class : 72.40
------------------------------
<Accuracies on sketch> test class : 61.62
------------------------------
Total epoch time: 50.135

New epoch - lr: 0.0009000000000000002
[1/28 iteration of epoch 27/30] 
 {loss} cls : 0.021, total : 0.021 
 {acc} cls : 99.22
------------------------------
<Losses on train> cls : 0.009, total : 0.009
<Accuracies on train> cls : 99.72
Train epoch time: 21.081
------------------------------
<Accuracies on val> class : 91.35
------------------------------
<Accuracies on test> class : 73.42
------------------------------
<Accuracies on photo> test class : 96.71
------------------------------
<Accuracies on cartoon> test class : 72.91
------------------------------
<Accuracies on sketch> test class : 63.83
------------------------------
Total epoch time: 49.536

New epoch - lr: 0.0009000000000000002
[1/28 iteration of epoch 28/30] 
 {loss} cls : 0.001, total : 0.001 
 {acc} cls : 100.00
------------------------------
<Losses on train> cls : 0.005, total : 0.005
<Accuracies on train> cls : 99.92
Train epoch time: 20.834
------------------------------
<Accuracies on val> class : 91.35
------------------------------
<Accuracies on test> class : 73.65
------------------------------
<Accuracies on photo> test class : 96.65
------------------------------
<Accuracies on cartoon> test class : 72.95
------------------------------
<Accuracies on sketch> test class : 64.29
------------------------------
Total epoch time: 48.937

New epoch - lr: 0.0009000000000000002
[1/28 iteration of epoch 29/30] 
 {loss} cls : 0.002, total : 0.002 
 {acc} cls : 100.00
------------------------------
<Losses on train> cls : 0.005, total : 0.005
<Accuracies on train> cls : 99.94
Train epoch time: 19.556
------------------------------
<Accuracies on val> class : 90.38
------------------------------
<Accuracies on test> class : 72.88
------------------------------
<Accuracies on photo> test class : 96.71
------------------------------
<Accuracies on cartoon> test class : 73.38
------------------------------
<Accuracies on sketch> test class : 62.46
------------------------------
Total epoch time: 48.293

New epoch - lr: 0.0009000000000000002
[1/28 iteration of epoch 30/30] 
 {loss} cls : 0.005, total : 0.005 
 {acc} cls : 100.00
------------------------------
<Losses on train> cls : 0.006, total : 0.006
<Accuracies on train> cls : 99.83
Train epoch time: 18.386
------------------------------
<Accuracies on val> class : 91.83
------------------------------
<Accuracies on test> class : 73.08
------------------------------
<Accuracies on photo> test class : 96.65
------------------------------
<Accuracies on cartoon> test class : 73.38
------------------------------
<Accuracies on sketch> test class : 62.89
------------------------------
Total epoch time: 47.790

******************************
Best val 0.918269, corresponding test 0.730832 - best test: 0.743548

******************************
Best val 0.9182692170143127, corresponding photo test 0.9664670825004578

******************************
Best val 0.9182692170143127, corresponding cartoon test 0.7337883710861206

******************************
Best val 0.9182692170143127, corresponding sketch test 0.6289132237434387
