
Loading experiment Officehome/ResNet18_step


New epoch - lr: 0.003
[1/34 iteration of epoch 1/50] 
 {loss} cls : 4.398, total : 4.398 
 {acc} cls : 2.34
[31/34 iteration of epoch 1/50] 
 {loss} cls : 1.682, total : 1.682 
 {acc} cls : 60.94
------------------------------
<Losses on train> cls : 2.942, total : 2.942
<Accuracies on train> cls : 32.03
Train epoch time: 50.497
------------------------------
<Accuracies on val> class : 50.83
------------------------------
<Accuracies on test> class : 42.20
------------------------------
<Accuracies on Clipart> test class : 31.23
------------------------------
<Accuracies on Product> test class : 42.78
------------------------------
<Accuracies on Real_World> test class : 52.61
------------------------------
Total epoch time: 296.217

New epoch - lr: 0.003
[1/34 iteration of epoch 2/50] 
 {loss} cls : 1.413, total : 1.413 
 {acc} cls : 65.62
[31/34 iteration of epoch 2/50] 
 {loss} cls : 0.956, total : 0.956 
 {acc} cls : 72.66
------------------------------
<Losses on train> cls : 1.265, total : 1.265
<Accuracies on train> cls : 68.59
Train epoch time: 47.972
------------------------------
<Accuracies on val> class : 59.50
------------------------------
<Accuracies on test> class : 50.24
------------------------------
<Accuracies on Clipart> test class : 37.92
------------------------------
<Accuracies on Product> test class : 51.66
------------------------------
<Accuracies on Real_World> test class : 61.14
------------------------------
Total epoch time: 290.101

New epoch - lr: 0.003
[1/34 iteration of epoch 3/50] 
 {loss} cls : 0.964, total : 0.964 
 {acc} cls : 74.22
[31/34 iteration of epoch 3/50] 
 {loss} cls : 0.860, total : 0.860 
 {acc} cls : 77.34
------------------------------
<Losses on train> cls : 0.779, total : 0.779
<Accuracies on train> cls : 81.02
Train epoch time: 46.128
------------------------------
<Accuracies on val> class : 61.98
------------------------------
<Accuracies on test> class : 52.02
------------------------------
<Accuracies on Clipart> test class : 39.29
------------------------------
<Accuracies on Product> test class : 53.26
------------------------------
<Accuracies on Real_World> test class : 63.53
------------------------------
Total epoch time: 291.297

New epoch - lr: 0.003
[1/34 iteration of epoch 4/50] 
 {loss} cls : 0.651, total : 0.651 
 {acc} cls : 82.81
[31/34 iteration of epoch 4/50] 
 {loss} cls : 0.478, total : 0.478 
 {acc} cls : 88.28
------------------------------
<Losses on train> cls : 0.610, total : 0.610
<Accuracies on train> cls : 86.37
Train epoch time: 45.331
------------------------------
<Accuracies on val> class : 62.40
------------------------------
<Accuracies on test> class : 53.89
------------------------------
<Accuracies on Clipart> test class : 41.12
------------------------------
<Accuracies on Product> test class : 55.94
------------------------------
<Accuracies on Real_World> test class : 64.59
------------------------------
Total epoch time: 291.074

New epoch - lr: 0.003
[1/34 iteration of epoch 5/50] 
 {loss} cls : 0.329, total : 0.329 
 {acc} cls : 93.75
[31/34 iteration of epoch 5/50] 
 {loss} cls : 0.512, total : 0.512 
 {acc} cls : 89.06
------------------------------
<Losses on train> cls : 0.509, total : 0.509
<Accuracies on train> cls : 88.88
Train epoch time: 45.974
------------------------------
<Accuracies on val> class : 64.46
------------------------------
<Accuracies on test> class : 54.49
------------------------------
<Accuracies on Clipart> test class : 41.53
------------------------------
<Accuracies on Product> test class : 55.80
------------------------------
<Accuracies on Real_World> test class : 66.15
------------------------------
Total epoch time: 291.478

New epoch - lr: 0.003
[1/34 iteration of epoch 6/50] 
 {loss} cls : 0.565, total : 0.565 
 {acc} cls : 88.28
[31/34 iteration of epoch 6/50] 
 {loss} cls : 0.272, total : 0.272 
 {acc} cls : 94.53
------------------------------
<Losses on train> cls : 0.451, total : 0.451
<Accuracies on train> cls : 89.50
Train epoch time: 44.746
------------------------------
<Accuracies on val> class : 63.22
------------------------------
<Accuracies on test> class : 54.33
------------------------------
<Accuracies on Clipart> test class : 40.41
------------------------------
<Accuracies on Product> test class : 56.50
------------------------------
<Accuracies on Real_World> test class : 66.05
------------------------------
Total epoch time: 287.808

New epoch - lr: 0.003
[1/34 iteration of epoch 7/50] 
 {loss} cls : 0.404, total : 0.404 
 {acc} cls : 89.06
[31/34 iteration of epoch 7/50] 
 {loss} cls : 0.378, total : 0.378 
 {acc} cls : 90.62
------------------------------
<Losses on train> cls : 0.414, total : 0.414
<Accuracies on train> cls : 90.65
Train epoch time: 43.867
------------------------------
<Accuracies on val> class : 65.70
------------------------------
<Accuracies on test> class : 55.13
------------------------------
<Accuracies on Clipart> test class : 41.97
------------------------------
<Accuracies on Product> test class : 57.13
------------------------------
<Accuracies on Real_World> test class : 66.28
------------------------------
Total epoch time: 287.276

New epoch - lr: 0.003
[1/34 iteration of epoch 8/50] 
 {loss} cls : 0.506, total : 0.506 
 {acc} cls : 89.06
[31/34 iteration of epoch 8/50] 
 {loss} cls : 0.321, total : 0.321 
 {acc} cls : 92.97
------------------------------
<Losses on train> cls : 0.397, total : 0.397
<Accuracies on train> cls : 90.88
Train epoch time: 44.438
------------------------------
<Accuracies on val> class : 66.12
------------------------------
<Accuracies on test> class : 54.18
------------------------------
<Accuracies on Clipart> test class : 41.28
------------------------------
<Accuracies on Product> test class : 55.78
------------------------------
<Accuracies on Real_World> test class : 65.46
------------------------------
Total epoch time: 285.097

New epoch - lr: 0.003
[1/34 iteration of epoch 9/50] 
 {loss} cls : 0.359, total : 0.359 
 {acc} cls : 93.75
[31/34 iteration of epoch 9/50] 
 {loss} cls : 0.336, total : 0.336 
 {acc} cls : 92.19
------------------------------
<Losses on train> cls : 0.380, total : 0.380
<Accuracies on train> cls : 91.70
Train epoch time: 43.345
------------------------------
<Accuracies on val> class : 64.05
------------------------------
<Accuracies on test> class : 55.45
------------------------------
<Accuracies on Clipart> test class : 42.36
------------------------------
<Accuracies on Product> test class : 57.47
------------------------------
<Accuracies on Real_World> test class : 66.51
------------------------------
Total epoch time: 286.141

New epoch - lr: 0.003
[1/34 iteration of epoch 10/50] 
 {loss} cls : 0.414, total : 0.414 
 {acc} cls : 93.75
[31/34 iteration of epoch 10/50] 
 {loss} cls : 0.319, total : 0.319 
 {acc} cls : 91.41
------------------------------
<Losses on train> cls : 0.333, total : 0.333
<Accuracies on train> cls : 92.35
Train epoch time: 41.775
------------------------------
<Accuracies on val> class : 64.05
------------------------------
<Accuracies on test> class : 54.42
------------------------------
<Accuracies on Clipart> test class : 41.15
------------------------------
<Accuracies on Product> test class : 55.64
------------------------------
<Accuracies on Real_World> test class : 66.47
------------------------------
Total epoch time: 278.140

New epoch - lr: 0.003
[1/34 iteration of epoch 11/50] 
 {loss} cls : 0.347, total : 0.347 
 {acc} cls : 91.41
[31/34 iteration of epoch 11/50] 
 {loss} cls : 0.353, total : 0.353 
 {acc} cls : 92.97
------------------------------
<Losses on train> cls : 0.329, total : 0.329
<Accuracies on train> cls : 92.37
Train epoch time: 40.718
------------------------------
<Accuracies on val> class : 64.05
------------------------------
<Accuracies on test> class : 54.84
------------------------------
<Accuracies on Clipart> test class : 41.95
------------------------------
<Accuracies on Product> test class : 56.27
------------------------------
<Accuracies on Real_World> test class : 66.31
------------------------------
Total epoch time: 269.306

New epoch - lr: 0.003
[1/34 iteration of epoch 12/50] 
 {loss} cls : 0.368, total : 0.368 
 {acc} cls : 89.84
[31/34 iteration of epoch 12/50] 
 {loss} cls : 0.412, total : 0.412 
 {acc} cls : 89.06
------------------------------
<Losses on train> cls : 0.340, total : 0.340
<Accuracies on train> cls : 91.96
Train epoch time: 40.650
------------------------------
<Accuracies on val> class : 64.05
------------------------------
<Accuracies on test> class : 53.57
------------------------------
<Accuracies on Clipart> test class : 40.34
------------------------------
<Accuracies on Product> test class : 55.67
------------------------------
<Accuracies on Real_World> test class : 64.70
------------------------------
Total epoch time: 267.620

New epoch - lr: 0.003
[1/34 iteration of epoch 13/50] 
 {loss} cls : 0.329, total : 0.329 
 {acc} cls : 92.97
[31/34 iteration of epoch 13/50] 
 {loss} cls : 0.363, total : 0.363 
 {acc} cls : 92.19
------------------------------
<Losses on train> cls : 0.317, total : 0.317
<Accuracies on train> cls : 92.69
Train epoch time: 41.006
------------------------------
<Accuracies on val> class : 64.46
------------------------------
<Accuracies on test> class : 54.37
------------------------------
<Accuracies on Clipart> test class : 41.92
------------------------------
<Accuracies on Product> test class : 55.33
------------------------------
<Accuracies on Real_World> test class : 65.87
------------------------------
Total epoch time: 262.506

New epoch - lr: 0.003
[1/34 iteration of epoch 14/50] 
 {loss} cls : 0.406, total : 0.406 
 {acc} cls : 92.19
[31/34 iteration of epoch 14/50] 
 {loss} cls : 0.279, total : 0.279 
 {acc} cls : 93.75
------------------------------
<Losses on train> cls : 0.318, total : 0.318
<Accuracies on train> cls : 92.58
Train epoch time: 41.917
------------------------------
<Accuracies on val> class : 66.53
------------------------------
<Accuracies on test> class : 54.77
------------------------------
<Accuracies on Clipart> test class : 41.63
------------------------------
<Accuracies on Product> test class : 56.57
------------------------------
<Accuracies on Real_World> test class : 66.10
------------------------------
Total epoch time: 263.918

New epoch - lr: 0.003
[1/34 iteration of epoch 15/50] 
 {loss} cls : 0.270, total : 0.270 
 {acc} cls : 93.75
[31/34 iteration of epoch 15/50] 
 {loss} cls : 0.339, total : 0.339 
 {acc} cls : 92.19
------------------------------
<Losses on train> cls : 0.298, total : 0.298
<Accuracies on train> cls : 93.06
Train epoch time: 41.481
------------------------------
<Accuracies on val> class : 63.64
------------------------------
<Accuracies on test> class : 55.36
------------------------------
<Accuracies on Clipart> test class : 43.12
------------------------------
<Accuracies on Product> test class : 57.45
------------------------------
<Accuracies on Real_World> test class : 65.50
------------------------------
Total epoch time: 262.671

New epoch - lr: 0.003
[1/34 iteration of epoch 16/50] 
 {loss} cls : 0.267, total : 0.267 
 {acc} cls : 93.75
[31/34 iteration of epoch 16/50] 
 {loss} cls : 0.340, total : 0.340 
 {acc} cls : 92.97
------------------------------
<Losses on train> cls : 0.302, total : 0.302
<Accuracies on train> cls : 92.69
Train epoch time: 44.092
------------------------------
<Accuracies on val> class : 60.74
------------------------------
<Accuracies on test> class : 55.09
------------------------------
<Accuracies on Clipart> test class : 41.47
------------------------------
<Accuracies on Product> test class : 57.67
------------------------------
<Accuracies on Real_World> test class : 66.12
------------------------------
Total epoch time: 266.887

New epoch - lr: 0.003
[1/34 iteration of epoch 17/50] 
 {loss} cls : 0.358, total : 0.358 
 {acc} cls : 91.41
[31/34 iteration of epoch 17/50] 
 {loss} cls : 0.418, total : 0.418 
 {acc} cls : 89.06
------------------------------
<Losses on train> cls : 0.305, total : 0.305
<Accuracies on train> cls : 92.72
Train epoch time: 47.780
------------------------------
<Accuracies on val> class : 65.70
------------------------------
<Accuracies on test> class : 55.21
------------------------------
<Accuracies on Clipart> test class : 43.28
------------------------------
<Accuracies on Product> test class : 56.48
------------------------------
<Accuracies on Real_World> test class : 65.87
------------------------------
Total epoch time: 278.392

New epoch - lr: 0.003
[1/34 iteration of epoch 18/50] 
 {loss} cls : 0.386, total : 0.386 
 {acc} cls : 91.41
[31/34 iteration of epoch 18/50] 
 {loss} cls : 0.369, total : 0.369 
 {acc} cls : 92.19
------------------------------
<Losses on train> cls : 0.281, total : 0.281
<Accuracies on train> cls : 93.29
Train epoch time: 47.194
------------------------------
<Accuracies on val> class : 63.22
------------------------------
<Accuracies on test> class : 53.12
------------------------------
<Accuracies on Clipart> test class : 40.30
------------------------------
<Accuracies on Product> test class : 54.18
------------------------------
<Accuracies on Real_World> test class : 64.88
------------------------------
Total epoch time: 278.212

New epoch - lr: 0.003
[1/34 iteration of epoch 19/50] 
 {loss} cls : 0.278, total : 0.278 
 {acc} cls : 95.31
[31/34 iteration of epoch 19/50] 
 {loss} cls : 0.210, total : 0.210 
 {acc} cls : 95.31
------------------------------
<Losses on train> cls : 0.276, total : 0.276
<Accuracies on train> cls : 93.43
Train epoch time: 44.084
------------------------------
<Accuracies on val> class : 63.64
------------------------------
<Accuracies on test> class : 54.18
------------------------------
<Accuracies on Clipart> test class : 41.24
------------------------------
<Accuracies on Product> test class : 55.35
------------------------------
<Accuracies on Real_World> test class : 65.94
------------------------------
Total epoch time: 269.686

New epoch - lr: 0.003
[1/34 iteration of epoch 20/50] 
 {loss} cls : 0.201, total : 0.201 
 {acc} cls : 94.53
[31/34 iteration of epoch 20/50] 
 {loss} cls : 0.223, total : 0.223 
 {acc} cls : 92.19
------------------------------
<Losses on train> cls : 0.268, total : 0.268
<Accuracies on train> cls : 93.75
Train epoch time: 42.436
------------------------------
<Accuracies on val> class : 64.05
------------------------------
<Accuracies on test> class : 53.07
------------------------------
<Accuracies on Clipart> test class : 40.34
------------------------------
<Accuracies on Product> test class : 54.38
------------------------------
<Accuracies on Real_World> test class : 64.49
------------------------------
Total epoch time: 266.866

New epoch - lr: 0.003
[1/34 iteration of epoch 21/50] 
 {loss} cls : 0.174, total : 0.174 
 {acc} cls : 96.09
[31/34 iteration of epoch 21/50] 
 {loss} cls : 0.179, total : 0.179 
 {acc} cls : 96.09
------------------------------
<Losses on train> cls : 0.273, total : 0.273
<Accuracies on train> cls : 93.31
Train epoch time: 41.916
------------------------------
<Accuracies on val> class : 64.05
------------------------------
<Accuracies on test> class : 52.98
------------------------------
<Accuracies on Clipart> test class : 40.23
------------------------------
<Accuracies on Product> test class : 53.75
------------------------------
<Accuracies on Real_World> test class : 64.98
------------------------------
Total epoch time: 269.350

New epoch - lr: 0.003
[1/34 iteration of epoch 22/50] 
 {loss} cls : 0.259, total : 0.259 
 {acc} cls : 92.97
[31/34 iteration of epoch 22/50] 
 {loss} cls : 0.311, total : 0.311 
 {acc} cls : 92.97
------------------------------
<Losses on train> cls : 0.267, total : 0.267
<Accuracies on train> cls : 93.66
Train epoch time: 42.329
------------------------------
<Accuracies on val> class : 62.81
------------------------------
<Accuracies on test> class : 54.28
------------------------------
<Accuracies on Clipart> test class : 41.28
------------------------------
<Accuracies on Product> test class : 56.32
------------------------------
<Accuracies on Real_World> test class : 65.23
------------------------------
Total epoch time: 267.714

New epoch - lr: 0.003
[1/34 iteration of epoch 23/50] 
 {loss} cls : 0.428, total : 0.428 
 {acc} cls : 89.06
[31/34 iteration of epoch 23/50] 
 {loss} cls : 0.449, total : 0.449 
 {acc} cls : 89.06
------------------------------
<Losses on train> cls : 0.283, total : 0.283
<Accuracies on train> cls : 93.41
Train epoch time: 40.931
------------------------------
<Accuracies on val> class : 63.64
------------------------------
<Accuracies on test> class : 53.99
------------------------------
<Accuracies on Clipart> test class : 41.99
------------------------------
<Accuracies on Product> test class : 54.49
------------------------------
<Accuracies on Real_World> test class : 65.50
------------------------------
Total epoch time: 266.465

New epoch - lr: 0.003
[1/34 iteration of epoch 24/50] 
 {loss} cls : 0.242, total : 0.242 
 {acc} cls : 94.53
[31/34 iteration of epoch 24/50] 
 {loss} cls : 0.241, total : 0.241 
 {acc} cls : 94.53
------------------------------
<Losses on train> cls : 0.247, total : 0.247
<Accuracies on train> cls : 94.30
Train epoch time: 41.555
------------------------------
<Accuracies on val> class : 64.46
------------------------------
<Accuracies on test> class : 54.47
------------------------------
<Accuracies on Clipart> test class : 41.95
------------------------------
<Accuracies on Product> test class : 55.33
------------------------------
<Accuracies on Real_World> test class : 66.15
------------------------------
Total epoch time: 269.117

New epoch - lr: 0.003
[1/34 iteration of epoch 25/50] 
 {loss} cls : 0.408, total : 0.408 
 {acc} cls : 89.84
[31/34 iteration of epoch 25/50] 
 {loss} cls : 0.375, total : 0.375 
 {acc} cls : 90.62
------------------------------
<Losses on train> cls : 0.273, total : 0.273
<Accuracies on train> cls : 93.31
Train epoch time: 41.436
------------------------------
<Accuracies on val> class : 64.05
------------------------------
<Accuracies on test> class : 53.51
------------------------------
<Accuracies on Clipart> test class : 40.89
------------------------------
<Accuracies on Product> test class : 54.16
------------------------------
<Accuracies on Real_World> test class : 65.48
------------------------------
Total epoch time: 266.192

New epoch - lr: 0.003
[1/34 iteration of epoch 26/50] 
 {loss} cls : 0.138, total : 0.138 
 {acc} cls : 97.66
[31/34 iteration of epoch 26/50] 
 {loss} cls : 0.266, total : 0.266 
 {acc} cls : 93.75
------------------------------
<Losses on train> cls : 0.263, total : 0.263
<Accuracies on train> cls : 93.52
Train epoch time: 41.118
------------------------------
<Accuracies on val> class : 61.98
------------------------------
<Accuracies on test> class : 53.66
------------------------------
<Accuracies on Clipart> test class : 41.42
------------------------------
<Accuracies on Product> test class : 54.45
------------------------------
<Accuracies on Real_World> test class : 65.11
------------------------------
Total epoch time: 267.563

New epoch - lr: 0.003
[1/34 iteration of epoch 27/50] 
 {loss} cls : 0.231, total : 0.231 
 {acc} cls : 95.31
[31/34 iteration of epoch 27/50] 
 {loss} cls : 0.255, total : 0.255 
 {acc} cls : 92.97
------------------------------
<Losses on train> cls : 0.274, total : 0.274
<Accuracies on train> cls : 93.47
Train epoch time: 41.160
------------------------------
<Accuracies on val> class : 61.98
------------------------------
<Accuracies on test> class : 54.30
------------------------------
<Accuracies on Clipart> test class : 42.27
------------------------------
<Accuracies on Product> test class : 55.03
------------------------------
<Accuracies on Real_World> test class : 65.62
------------------------------
Total epoch time: 265.615

New epoch - lr: 0.003
[1/34 iteration of epoch 28/50] 
 {loss} cls : 0.122, total : 0.122 
 {acc} cls : 97.66
[31/34 iteration of epoch 28/50] 
 {loss} cls : 0.308, total : 0.308 
 {acc} cls : 93.75
------------------------------
<Losses on train> cls : 0.227, total : 0.227
<Accuracies on train> cls : 94.74
Train epoch time: 40.872
------------------------------
<Accuracies on val> class : 64.88
------------------------------
<Accuracies on test> class : 53.73
------------------------------
<Accuracies on Clipart> test class : 40.92
------------------------------
<Accuracies on Product> test class : 55.35
------------------------------
<Accuracies on Real_World> test class : 64.93
------------------------------
Total epoch time: 267.059

New epoch - lr: 0.003
[1/34 iteration of epoch 29/50] 
 {loss} cls : 0.204, total : 0.204 
 {acc} cls : 96.09
[31/34 iteration of epoch 29/50] 
 {loss} cls : 0.272, total : 0.272 
 {acc} cls : 93.75
------------------------------
<Losses on train> cls : 0.234, total : 0.234
<Accuracies on train> cls : 93.93
Train epoch time: 42.059
------------------------------
<Accuracies on val> class : 62.40
------------------------------
<Accuracies on test> class : 54.30
------------------------------
<Accuracies on Clipart> test class : 41.63
------------------------------
<Accuracies on Product> test class : 55.51
------------------------------
<Accuracies on Real_World> test class : 65.78
------------------------------
Total epoch time: 265.063

New epoch - lr: 0.003
[1/34 iteration of epoch 30/50] 
 {loss} cls : 0.179, total : 0.179 
 {acc} cls : 95.31
[31/34 iteration of epoch 30/50] 
 {loss} cls : 0.203, total : 0.203 
 {acc} cls : 95.31
------------------------------
<Losses on train> cls : 0.266, total : 0.266
<Accuracies on train> cls : 93.77
Train epoch time: 42.962
------------------------------
<Accuracies on val> class : 65.70
------------------------------
<Accuracies on test> class : 53.07
------------------------------
<Accuracies on Clipart> test class : 40.46
------------------------------
<Accuracies on Product> test class : 54.04
------------------------------
<Accuracies on Real_World> test class : 64.70
------------------------------
Total epoch time: 267.491

New epoch - lr: 0.003
[1/34 iteration of epoch 31/50] 
 {loss} cls : 0.287, total : 0.287 
 {acc} cls : 93.75
[31/34 iteration of epoch 31/50] 
 {loss} cls : 0.206, total : 0.206 
 {acc} cls : 96.09
------------------------------
<Losses on train> cls : 0.255, total : 0.255
<Accuracies on train> cls : 93.66
Train epoch time: 42.553
------------------------------
<Accuracies on val> class : 64.46
------------------------------
<Accuracies on test> class : 54.01
------------------------------
<Accuracies on Clipart> test class : 41.60
------------------------------
<Accuracies on Product> test class : 54.72
------------------------------
<Accuracies on Real_World> test class : 65.71
------------------------------
Total epoch time: 266.666

New epoch - lr: 0.003
[1/34 iteration of epoch 32/50] 
 {loss} cls : 0.357, total : 0.357 
 {acc} cls : 92.19
[31/34 iteration of epoch 32/50] 
 {loss} cls : 0.236, total : 0.236 
 {acc} cls : 94.53
------------------------------
<Losses on train> cls : 0.262, total : 0.262
<Accuracies on train> cls : 93.75
Train epoch time: 42.065
------------------------------
<Accuracies on val> class : 62.40
------------------------------
<Accuracies on test> class : 53.83
------------------------------
<Accuracies on Clipart> test class : 41.19
------------------------------
<Accuracies on Product> test class : 54.81
------------------------------
<Accuracies on Real_World> test class : 65.50
------------------------------
Total epoch time: 267.631

New epoch - lr: 0.003
[1/34 iteration of epoch 33/50] 
 {loss} cls : 0.243, total : 0.243 
 {acc} cls : 92.97
[31/34 iteration of epoch 33/50] 
 {loss} cls : 0.348, total : 0.348 
 {acc} cls : 90.62
------------------------------
<Losses on train> cls : 0.257, total : 0.257
<Accuracies on train> cls : 93.96
Train epoch time: 41.288
------------------------------
<Accuracies on val> class : 62.81
------------------------------
<Accuracies on test> class : 53.94
------------------------------
<Accuracies on Clipart> test class : 41.97
------------------------------
<Accuracies on Product> test class : 54.20
------------------------------
<Accuracies on Real_World> test class : 65.66
------------------------------
Total epoch time: 266.261

New epoch - lr: 0.003
[1/34 iteration of epoch 34/50] 
 {loss} cls : 0.265, total : 0.265 
 {acc} cls : 92.97
[31/34 iteration of epoch 34/50] 
 {loss} cls : 0.247, total : 0.247 
 {acc} cls : 93.75
------------------------------
<Losses on train> cls : 0.230, total : 0.230
<Accuracies on train> cls : 94.28
Train epoch time: 41.808
------------------------------
<Accuracies on val> class : 64.88
------------------------------
<Accuracies on test> class : 54.74
------------------------------
<Accuracies on Clipart> test class : 43.21
------------------------------
<Accuracies on Product> test class : 55.53
------------------------------
<Accuracies on Real_World> test class : 65.48
------------------------------
Total epoch time: 267.620

New epoch - lr: 0.003
[1/34 iteration of epoch 35/50] 
 {loss} cls : 0.181, total : 0.181 
 {acc} cls : 94.53
[31/34 iteration of epoch 35/50] 
 {loss} cls : 0.213, total : 0.213 
 {acc} cls : 95.31
------------------------------
<Losses on train> cls : 0.241, total : 0.241
<Accuracies on train> cls : 94.32
Train epoch time: 41.968
------------------------------
<Accuracies on val> class : 63.64
------------------------------
<Accuracies on test> class : 53.91
------------------------------
<Accuracies on Clipart> test class : 41.79
------------------------------
<Accuracies on Product> test class : 54.76
------------------------------
<Accuracies on Real_World> test class : 65.18
------------------------------
Total epoch time: 266.088

New epoch - lr: 0.003
[1/34 iteration of epoch 36/50] 
 {loss} cls : 0.354, total : 0.354 
 {acc} cls : 92.19
[31/34 iteration of epoch 36/50] 
 {loss} cls : 0.209, total : 0.209 
 {acc} cls : 94.53
------------------------------
<Losses on train> cls : 0.248, total : 0.248
<Accuracies on train> cls : 93.98
Train epoch time: 42.549
------------------------------
<Accuracies on val> class : 62.81
------------------------------
<Accuracies on test> class : 53.42
------------------------------
<Accuracies on Clipart> test class : 41.72
------------------------------
<Accuracies on Product> test class : 54.00
------------------------------
<Accuracies on Real_World> test class : 64.54
------------------------------
Total epoch time: 270.445

New epoch - lr: 0.003
[1/34 iteration of epoch 37/50] 
 {loss} cls : 0.314, total : 0.314 
 {acc} cls : 92.97
[31/34 iteration of epoch 37/50] 
 {loss} cls : 0.274, total : 0.274 
 {acc} cls : 92.97
------------------------------
<Losses on train> cls : 0.232, total : 0.232
<Accuracies on train> cls : 94.30
Train epoch time: 41.085
------------------------------
<Accuracies on val> class : 62.40
------------------------------
<Accuracies on test> class : 53.75
------------------------------
<Accuracies on Clipart> test class : 41.33
------------------------------
<Accuracies on Product> test class : 54.65
------------------------------
<Accuracies on Real_World> test class : 65.27
------------------------------
Total epoch time: 271.049

New epoch - lr: 0.003
[1/34 iteration of epoch 38/50] 
 {loss} cls : 0.332, total : 0.332 
 {acc} cls : 91.41
[31/34 iteration of epoch 38/50] 
 {loss} cls : 0.157, total : 0.157 
 {acc} cls : 96.09
------------------------------
<Losses on train> cls : 0.218, total : 0.218
<Accuracies on train> cls : 94.53
Train epoch time: 41.902
------------------------------
<Accuracies on val> class : 64.05
------------------------------
<Accuracies on test> class : 53.70
------------------------------
<Accuracies on Clipart> test class : 42.02
------------------------------
<Accuracies on Product> test class : 54.67
------------------------------
<Accuracies on Real_World> test class : 64.40
------------------------------
Total epoch time: 269.063

New epoch - lr: 0.003
[1/34 iteration of epoch 39/50] 
 {loss} cls : 0.118, total : 0.118 
 {acc} cls : 98.44
[31/34 iteration of epoch 39/50] 
 {loss} cls : 0.230, total : 0.230 
 {acc} cls : 95.31
------------------------------
<Losses on train> cls : 0.224, total : 0.224
<Accuracies on train> cls : 94.44
Train epoch time: 41.586
------------------------------
<Accuracies on val> class : 62.81
------------------------------
<Accuracies on test> class : 53.69
------------------------------
<Accuracies on Clipart> test class : 41.76
------------------------------
<Accuracies on Product> test class : 54.29
------------------------------
<Accuracies on Real_World> test class : 65.02
------------------------------
Total epoch time: 267.538

New epoch - lr: 0.003
[1/34 iteration of epoch 40/50] 
 {loss} cls : 0.254, total : 0.254 
 {acc} cls : 94.53
[31/34 iteration of epoch 40/50] 
 {loss} cls : 0.335, total : 0.335 
 {acc} cls : 91.41
------------------------------
<Losses on train> cls : 0.233, total : 0.233
<Accuracies on train> cls : 94.19
Train epoch time: 41.336
------------------------------
<Accuracies on val> class : 61.57
------------------------------
<Accuracies on test> class : 53.60
------------------------------
<Accuracies on Clipart> test class : 42.63
------------------------------
<Accuracies on Product> test class : 53.86
------------------------------
<Accuracies on Real_World> test class : 64.31
------------------------------
Total epoch time: 268.705

New epoch - lr: 0.003
[1/34 iteration of epoch 41/50] 
 {loss} cls : 0.194, total : 0.194 
 {acc} cls : 96.09
[31/34 iteration of epoch 41/50] 
 {loss} cls : 0.327, total : 0.327 
 {acc} cls : 93.75
------------------------------
<Losses on train> cls : 0.217, total : 0.217
<Accuracies on train> cls : 94.81
Train epoch time: 41.632
------------------------------
<Accuracies on val> class : 59.92
------------------------------
<Accuracies on test> class : 53.79
------------------------------
<Accuracies on Clipart> test class : 41.70
------------------------------
<Accuracies on Product> test class : 54.36
------------------------------
<Accuracies on Real_World> test class : 65.32
------------------------------
Total epoch time: 270.934

New epoch - lr: 0.003
[1/34 iteration of epoch 42/50] 
 {loss} cls : 0.277, total : 0.277 
 {acc} cls : 90.62
[31/34 iteration of epoch 42/50] 
 {loss} cls : 0.181, total : 0.181 
 {acc} cls : 95.31
------------------------------
<Losses on train> cls : 0.229, total : 0.229
<Accuracies on train> cls : 94.14
Train epoch time: 41.489
------------------------------
<Accuracies on val> class : 62.81
------------------------------
<Accuracies on test> class : 52.94
------------------------------
<Accuracies on Clipart> test class : 40.94
------------------------------
<Accuracies on Product> test class : 52.80
------------------------------
<Accuracies on Real_World> test class : 65.09
------------------------------
Total epoch time: 267.760

New epoch - lr: 0.003
[1/34 iteration of epoch 43/50] 
 {loss} cls : 0.145, total : 0.145 
 {acc} cls : 97.66
[31/34 iteration of epoch 43/50] 
 {loss} cls : 0.293, total : 0.293 
 {acc} cls : 94.53
------------------------------
<Losses on train> cls : 0.239, total : 0.239
<Accuracies on train> cls : 94.14
Train epoch time: 41.508
------------------------------
<Accuracies on val> class : 62.81
------------------------------
<Accuracies on test> class : 53.82
------------------------------
<Accuracies on Clipart> test class : 42.18
------------------------------
<Accuracies on Product> test class : 54.25
------------------------------
<Accuracies on Real_World> test class : 65.04
------------------------------
Total epoch time: 265.436

New epoch - lr: 0.003
[1/34 iteration of epoch 44/50] 
 {loss} cls : 0.117, total : 0.117 
 {acc} cls : 96.88
[31/34 iteration of epoch 44/50] 
 {loss} cls : 0.349, total : 0.349 
 {acc} cls : 89.84
------------------------------
<Losses on train> cls : 0.231, total : 0.231
<Accuracies on train> cls : 94.46
Train epoch time: 42.215
------------------------------
<Accuracies on val> class : 62.40
------------------------------
<Accuracies on test> class : 53.39
------------------------------
<Accuracies on Clipart> test class : 41.44
------------------------------
<Accuracies on Product> test class : 54.20
------------------------------
<Accuracies on Real_World> test class : 64.52
------------------------------
Total epoch time: 271.761

New epoch - lr: 0.0009000000000000002
[1/34 iteration of epoch 45/50] 
 {loss} cls : 0.257, total : 0.257 
 {acc} cls : 92.97
[31/34 iteration of epoch 45/50] 
 {loss} cls : 0.168, total : 0.168 
 {acc} cls : 96.09
------------------------------
<Losses on train> cls : 0.221, total : 0.221
<Accuracies on train> cls : 94.67
Train epoch time: 45.487
------------------------------
<Accuracies on val> class : 60.33
------------------------------
<Accuracies on test> class : 53.64
------------------------------
<Accuracies on Clipart> test class : 41.74
------------------------------
<Accuracies on Product> test class : 54.34
------------------------------
<Accuracies on Real_World> test class : 64.86
------------------------------
Total epoch time: 284.666

New epoch - lr: 0.0009000000000000002
[1/34 iteration of epoch 46/50] 
 {loss} cls : 0.159, total : 0.159 
 {acc} cls : 94.53
[31/34 iteration of epoch 46/50] 
 {loss} cls : 0.232, total : 0.232 
 {acc} cls : 92.19
------------------------------
<Losses on train> cls : 0.224, total : 0.224
<Accuracies on train> cls : 94.74
Train epoch time: 43.892
------------------------------
<Accuracies on val> class : 59.50
------------------------------
<Accuracies on test> class : 53.71
------------------------------
<Accuracies on Clipart> test class : 41.81
------------------------------
<Accuracies on Product> test class : 54.27
------------------------------
<Accuracies on Real_World> test class : 65.07
------------------------------
Total epoch time: 288.200

New epoch - lr: 0.0009000000000000002
[1/34 iteration of epoch 47/50] 
 {loss} cls : 0.142, total : 0.142 
 {acc} cls : 97.66
[31/34 iteration of epoch 47/50] 
 {loss} cls : 0.223, total : 0.223 
 {acc} cls : 92.19
------------------------------
<Losses on train> cls : 0.206, total : 0.206
<Accuracies on train> cls : 94.97
Train epoch time: 43.031
------------------------------
<Accuracies on val> class : 60.33
------------------------------
<Accuracies on test> class : 54.07
------------------------------
<Accuracies on Clipart> test class : 42.43
------------------------------
<Accuracies on Product> test class : 54.99
------------------------------
<Accuracies on Real_World> test class : 64.79
------------------------------
Total epoch time: 284.895

New epoch - lr: 0.0009000000000000002
[1/34 iteration of epoch 48/50] 
 {loss} cls : 0.236, total : 0.236 
 {acc} cls : 95.31
[31/34 iteration of epoch 48/50] 
 {loss} cls : 0.312, total : 0.312 
 {acc} cls : 92.97
------------------------------
<Losses on train> cls : 0.219, total : 0.219
<Accuracies on train> cls : 94.67
Train epoch time: 43.714
------------------------------
<Accuracies on val> class : 61.57
------------------------------
<Accuracies on test> class : 53.91
------------------------------
<Accuracies on Clipart> test class : 42.57
------------------------------
<Accuracies on Product> test class : 54.52
------------------------------
<Accuracies on Real_World> test class : 64.65
------------------------------
Total epoch time: 287.347

New epoch - lr: 0.0009000000000000002
[1/34 iteration of epoch 49/50] 
 {loss} cls : 0.166, total : 0.166 
 {acc} cls : 96.88
[31/34 iteration of epoch 49/50] 
 {loss} cls : 0.117, total : 0.117 
 {acc} cls : 96.09
------------------------------
<Losses on train> cls : 0.213, total : 0.213
<Accuracies on train> cls : 94.85
Train epoch time: 43.845
------------------------------
<Accuracies on val> class : 61.57
------------------------------
<Accuracies on test> class : 54.24
------------------------------
<Accuracies on Clipart> test class : 42.25
------------------------------
<Accuracies on Product> test class : 55.28
------------------------------
<Accuracies on Real_World> test class : 65.18
------------------------------
Total epoch time: 293.926

New epoch - lr: 0.0009000000000000002
[1/34 iteration of epoch 50/50] 
 {loss} cls : 0.227, total : 0.227 
 {acc} cls : 94.53
[31/34 iteration of epoch 50/50] 
 {loss} cls : 0.217, total : 0.217 
 {acc} cls : 95.31
------------------------------
<Losses on train> cls : 0.196, total : 0.196
<Accuracies on train> cls : 95.15
Train epoch time: 43.319
------------------------------
<Accuracies on val> class : 60.33
------------------------------
<Accuracies on test> class : 54.05
------------------------------
<Accuracies on Clipart> test class : 42.15
------------------------------
<Accuracies on Product> test class : 54.90
------------------------------
<Accuracies on Real_World> test class : 65.09
------------------------------
Total epoch time: 288.947

******************************
Best val 0.665289, corresponding test 0.547679 - best test: 0.554517

******************************
Best val 0.6652892827987671, corresponding Clipart test 0.4162657558917999

******************************
Best val 0.6652892827987671, corresponding Product test 0.5656679272651672

******************************
Best val 0.6652892827987671, corresponding Real_World test 0.6610052585601807
