Include CIRL
WARNING:tensorflow:From /homes/55/jianhaoy/projects/EKI/utils/tf_logger.py:16: The name tf.summary.FileWriter is deprecated. Please use tf.compat.v1.summary.FileWriter instead.

WARNING:tensorflow:From /homes/55/jianhaoy/projects/EKI/utils/tf_logger.py:20: The name tf.Summary is deprecated. Please use tf.compat.v1.Summary instead.


Loading experiment Officehome/ResNet18_multi

Train: ['/datasets/jianhaoy/officehome/multi_label_dumb/Product-Art/Art_train.txt', '/datasets/jianhaoy/officehome/multi_label_dumb/Product-Art/Clipart_train.txt', '/datasets/jianhaoy/officehome/multi_label_dumb/Product-Art/Product_train.txt', '/datasets/jianhaoy/officehome/multi_label_dumb/Product-Art/Real_World_train.txt']

New epoch - lr: 0.003
[1/249 iteration of epoch 1/50] 
 {loss} sup : 4.444, inf : 4.335, fac : 0.230, total : 4.397 
 {acc} sup : 0.39, inf : 1.56
[31/249 iteration of epoch 1/50] 
 {loss} sup : 1.821, inf : 1.903, fac : 0.146, total : 1.867 
 {acc} sup : 59.77, inf : 57.42
[61/249 iteration of epoch 1/50] 
 {loss} sup : 1.121, inf : 1.114, fac : 0.072, total : 1.120 
 {acc} sup : 73.05, inf : 72.66
[91/249 iteration of epoch 1/50] 
 {loss} sup : 0.966, inf : 0.998, fac : 0.063, total : 0.984 
 {acc} sup : 74.22, inf : 73.05
[121/249 iteration of epoch 1/50] 
 {loss} sup : 0.719, inf : 0.711, fac : 0.039, total : 0.716 
 {acc} sup : 80.86, inf : 81.64
[151/249 iteration of epoch 1/50] 
 {loss} sup : 0.593, inf : 0.582, fac : 0.029, total : 0.588 
 {acc} sup : 81.64, inf : 84.38
[181/249 iteration of epoch 1/50] 
 {loss} sup : 0.783, inf : 0.793, fac : 0.048, total : 0.790 
 {acc} sup : 79.30, inf : 79.30
[211/249 iteration of epoch 1/50] 
 {loss} sup : 0.575, inf : 0.578, fac : 0.044, total : 0.578 
 {acc} sup : 85.16, inf : 83.59
[241/249 iteration of epoch 1/50] 
 {loss} sup : 0.601, inf : 0.597, fac : 0.035, total : 0.601 
 {acc} sup : 83.59, inf : 83.98
------------------------------
<Losses on train> sup : 1.125, inf : 1.120, fac : 0.073, total : 1.125
<Accuracies on train> sup : 72.81, inf : 72.84
Train epoch time: 786.310
------------------------------
<Accuracies on val> class : 62.98
------------------------------
<Accuracies on test> class : 46.02
------------------------------
Total epoch time: 817.986

New epoch - lr: 0.003
[1/249 iteration of epoch 2/50] 
 {loss} sup : 0.566, inf : 0.539, fac : 0.037, total : 0.560 
 {acc} sup : 85.16, inf : 87.11
[31/249 iteration of epoch 2/50] 
 {loss} sup : 0.526, inf : 0.530, fac : 0.032, total : 0.534 
 {acc} sup : 86.33, inf : 86.72
[61/249 iteration of epoch 2/50] 
 {loss} sup : 0.427, inf : 0.426, fac : 0.023, total : 0.431 
 {acc} sup : 87.50, inf : 87.50
[91/249 iteration of epoch 2/50] 
 {loss} sup : 0.604, inf : 0.599, fac : 0.033, total : 0.608 
 {acc} sup : 84.38, inf : 83.98
[121/249 iteration of epoch 2/50] 
 {loss} sup : 0.487, inf : 0.484, fac : 0.026, total : 0.491 
 {acc} sup : 87.89, inf : 87.50
[151/249 iteration of epoch 2/50] 
 {loss} sup : 0.388, inf : 0.395, fac : 0.022, total : 0.396 
 {acc} sup : 89.06, inf : 89.06
[181/249 iteration of epoch 2/50] 
 {loss} sup : 0.481, inf : 0.472, fac : 0.027, total : 0.482 
 {acc} sup : 86.72, inf : 86.72
[211/249 iteration of epoch 2/50] 
 {loss} sup : 0.518, inf : 0.526, fac : 0.023, total : 0.527 
 {acc} sup : 86.33, inf : 86.72
[241/249 iteration of epoch 2/50] 
 {loss} sup : 0.363, inf : 0.367, fac : 0.027, total : 0.371 
 {acc} sup : 90.62, inf : 90.62
------------------------------
<Losses on train> sup : 0.446, inf : 0.445, fac : 0.026, total : 0.451
<Accuracies on train> sup : 87.86, inf : 87.98
Train epoch time: 784.140
------------------------------
<Accuracies on val> class : 64.97
------------------------------
<Accuracies on test> class : 47.84
------------------------------
Total epoch time: 815.922

New epoch - lr: 0.003
[1/249 iteration of epoch 3/50] 
 {loss} sup : 0.342, inf : 0.335, fac : 0.014, total : 0.350 
 {acc} sup : 90.62, inf : 89.84
[31/249 iteration of epoch 3/50] 
 {loss} sup : 0.341, inf : 0.329, fac : 0.013, total : 0.346 
 {acc} sup : 89.84, inf : 90.23
[61/249 iteration of epoch 3/50] 
 {loss} sup : 0.300, inf : 0.294, fac : 0.012, total : 0.306 
 {acc} sup : 91.41, inf : 92.19
[91/249 iteration of epoch 3/50] 
 {loss} sup : 0.411, inf : 0.408, fac : 0.021, total : 0.427 
 {acc} sup : 89.45, inf : 89.06
[121/249 iteration of epoch 3/50] 
 {loss} sup : 0.356, inf : 0.359, fac : 0.012, total : 0.368 
 {acc} sup : 89.45, inf : 90.23
[151/249 iteration of epoch 3/50] 
 {loss} sup : 0.314, inf : 0.320, fac : 0.016, total : 0.330 
 {acc} sup : 90.62, inf : 88.28
[181/249 iteration of epoch 3/50] 
 {loss} sup : 0.248, inf : 0.234, fac : 0.013, total : 0.251 
 {acc} sup : 94.92, inf : 94.92
[211/249 iteration of epoch 3/50] 
 {loss} sup : 0.308, inf : 0.310, fac : 0.019, total : 0.325 
 {acc} sup : 91.02, inf : 91.41
[241/249 iteration of epoch 3/50] 
 {loss} sup : 0.292, inf : 0.292, fac : 0.013, total : 0.302 
 {acc} sup : 91.02, inf : 91.41
------------------------------
<Losses on train> sup : 0.328, inf : 0.328, fac : 0.018, total : 0.343
<Accuracies on train> sup : 91.01, inf : 91.11
Train epoch time: 789.216
------------------------------
<Accuracies on val> class : 64.65
------------------------------
<Accuracies on test> class : 47.05
------------------------------
Total epoch time: 821.290

New epoch - lr: 0.003
[1/249 iteration of epoch 4/50] 
 {loss} sup : 0.381, inf : 0.382, fac : 0.024, total : 0.436 
 {acc} sup : 89.84, inf : 90.62
[31/249 iteration of epoch 4/50] 
 {loss} sup : 0.261, inf : 0.276, fac : 0.011, total : 0.292 
 {acc} sup : 94.14, inf : 93.75
[61/249 iteration of epoch 4/50] 
 {loss} sup : 0.447, inf : 0.447, fac : 0.016, total : 0.484 
 {acc} sup : 87.50, inf : 87.11
[91/249 iteration of epoch 4/50] 
 {loss} sup : 0.272, inf : 0.277, fac : 0.017, total : 0.313 
 {acc} sup : 89.84, inf : 89.84
[121/249 iteration of epoch 4/50] 
 {loss} sup : 0.338, inf : 0.339, fac : 0.016, total : 0.375 
 {acc} sup : 92.19, inf : 91.80
[151/249 iteration of epoch 4/50] 
 {loss} sup : 0.234, inf : 0.229, fac : 0.013, total : 0.262 
 {acc} sup : 92.58, inf : 92.97
[181/249 iteration of epoch 4/50] 
 {loss} sup : 0.277, inf : 0.284, fac : 0.008, total : 0.298 
 {acc} sup : 92.19, inf : 91.80
[211/249 iteration of epoch 4/50] 
 {loss} sup : 0.244, inf : 0.236, fac : 0.008, total : 0.259 
 {acc} sup : 92.97, inf : 92.58
[241/249 iteration of epoch 4/50] 
 {loss} sup : 0.229, inf : 0.227, fac : 0.007, total : 0.243 
 {acc} sup : 94.53, inf : 94.92
------------------------------
<Losses on train> sup : 0.255, inf : 0.255, fac : 0.012, total : 0.283
<Accuracies on train> sup : 93.09, inf : 93.05
Train epoch time: 784.037
------------------------------
<Accuracies on val> class : 64.01
------------------------------
<Accuracies on test> class : 45.53
------------------------------
Total epoch time: 816.608

New epoch - lr: 0.003
[1/249 iteration of epoch 5/50] 
 {loss} sup : 0.254, inf : 0.258, fac : 0.010, total : 0.295 
 {acc} sup : 90.23, inf : 89.84
[31/249 iteration of epoch 5/50] 
 {loss} sup : 0.246, inf : 0.242, fac : 0.009, total : 0.281 
 {acc} sup : 92.97, inf : 92.97
[61/249 iteration of epoch 5/50] 
 {loss} sup : 0.207, inf : 0.199, fac : 0.008, total : 0.237 
 {acc} sup : 93.75, inf : 93.75
[91/249 iteration of epoch 5/50] 
 {loss} sup : 0.240, inf : 0.240, fac : 0.006, total : 0.266 
 {acc} sup : 94.92, inf : 93.75
[121/249 iteration of epoch 5/50] 
 {loss} sup : 0.162, inf : 0.161, fac : 0.009, total : 0.200 
 {acc} sup : 95.70, inf : 95.31
[151/249 iteration of epoch 5/50] 
 {loss} sup : 0.235, inf : 0.238, fac : 0.006, total : 0.260 
 {acc} sup : 92.58, inf : 92.97
[181/249 iteration of epoch 5/50] 
 {loss} sup : 0.171, inf : 0.163, fac : 0.008, total : 0.199 
 {acc} sup : 95.70, inf : 96.48
[211/249 iteration of epoch 5/50] 
 {loss} sup : 0.249, inf : 0.249, fac : 0.007, total : 0.276 
 {acc} sup : 91.41, inf : 91.80
[241/249 iteration of epoch 5/50] 
 {loss} sup : 0.226, inf : 0.234, fac : 0.008, total : 0.261 
 {acc} sup : 94.92, inf : 93.75
------------------------------
<Losses on train> sup : 0.213, inf : 0.213, fac : 0.009, total : 0.249
<Accuracies on train> sup : 94.34, inf : 94.35
Train epoch time: 784.370
------------------------------
<Accuracies on val> class : 63.95
------------------------------
<Accuracies on test> class : 45.57
------------------------------
Total epoch time: 816.062

New epoch - lr: 0.003
[1/249 iteration of epoch 6/50] 
 {loss} sup : 0.219, inf : 0.216, fac : 0.008, total : 0.256 
 {acc} sup : 95.70, inf : 96.48
[31/249 iteration of epoch 6/50] 
 {loss} sup : 0.144, inf : 0.145, fac : 0.007, total : 0.180 
 {acc} sup : 96.09, inf : 96.09
[61/249 iteration of epoch 6/50] 
 {loss} sup : 0.166, inf : 0.164, fac : 0.007, total : 0.202 
 {acc} sup : 95.70, inf : 96.09
[91/249 iteration of epoch 6/50] 
 {loss} sup : 0.155, inf : 0.157, fac : 0.007, total : 0.189 
 {acc} sup : 96.88, inf : 97.27
[121/249 iteration of epoch 6/50] 
 {loss} sup : 0.233, inf : 0.231, fac : 0.005, total : 0.258 
 {acc} sup : 94.14, inf : 93.75
[151/249 iteration of epoch 6/50] 
 {loss} sup : 0.172, inf : 0.174, fac : 0.007, total : 0.210 
 {acc} sup : 94.53, inf : 94.53
[181/249 iteration of epoch 6/50] 
 {loss} sup : 0.195, inf : 0.189, fac : 0.005, total : 0.217 
 {acc} sup : 95.31, inf : 94.92
[211/249 iteration of epoch 6/50] 
 {loss} sup : 0.161, inf : 0.161, fac : 0.005, total : 0.185 
 {acc} sup : 96.09, inf : 96.48
[241/249 iteration of epoch 6/50] 
 {loss} sup : 0.122, inf : 0.121, fac : 0.008, total : 0.161 
 {acc} sup : 97.27, inf : 98.05
------------------------------
<Losses on train> sup : 0.178, inf : 0.178, fac : 0.007, total : 0.212
<Accuracies on train> sup : 95.33, inf : 95.34
Train epoch time: 775.721
------------------------------
<Accuracies on val> class : 63.56
------------------------------
<Accuracies on test> class : 44.75
------------------------------
Total epoch time: 807.388

New epoch - lr: 0.003
[1/249 iteration of epoch 7/50] 
 {loss} sup : 0.884, inf : 0.287, fac : 0.005, total : 0.611 
 {acc} sup : 90.23, inf : 96.09
[31/249 iteration of epoch 7/50] 
 {loss} sup : 0.693, inf : 0.251, fac : 0.004, total : 0.493 
 {acc} sup : 89.84, inf : 95.31
[61/249 iteration of epoch 7/50] 
 {loss} sup : 0.519, inf : 0.177, fac : 0.004, total : 0.368 
 {acc} sup : 94.14, inf : 97.66
[91/249 iteration of epoch 7/50] 
 {loss} sup : 0.556, inf : 0.260, fac : 0.004, total : 0.429 
 {acc} sup : 89.84, inf : 94.53
[121/249 iteration of epoch 7/50] 
 {loss} sup : 0.491, inf : 0.203, fac : 0.008, total : 0.387 
 {acc} sup : 90.23, inf : 95.70
[151/249 iteration of epoch 7/50] 
 {loss} sup : 0.470, inf : 0.223, fac : 0.005, total : 0.371 
 {acc} sup : 92.97, inf : 94.92
[181/249 iteration of epoch 7/50] 
 {loss} sup : 0.448, inf : 0.258, fac : 0.004, total : 0.375 
 {acc} sup : 91.80, inf : 93.36
[211/249 iteration of epoch 7/50] 
 {loss} sup : 0.433, inf : 0.196, fac : 0.005, total : 0.338 
 {acc} sup : 89.84, inf : 94.92
[241/249 iteration of epoch 7/50] 
 {loss} sup : 0.456, inf : 0.233, fac : 0.006, total : 0.372 
 {acc} sup : 91.02, inf : 93.75
------------------------------
<Losses on train> sup : 0.571, inf : 0.262, fac : 0.005, total : 0.444
<Accuracies on train> sup : 91.03, inf : 94.18
Train epoch time: 779.547
------------------------------
<Accuracies on val> class : 65.10
------------------------------
<Accuracies on test> class : 45.57
------------------------------
Total epoch time: 812.211

New epoch - lr: 0.003
[1/249 iteration of epoch 8/50] 
 {loss} sup : 0.544, inf : 0.287, fac : 0.007, total : 0.451 
 {acc} sup : 88.28, inf : 92.97
[31/249 iteration of epoch 8/50] 
 {loss} sup : 0.526, inf : 0.282, fac : 0.005, total : 0.428 
 {acc} sup : 88.67, inf : 91.41
[61/249 iteration of epoch 8/50] 
 {loss} sup : 0.387, inf : 0.177, fac : 0.007, total : 0.318 
 {acc} sup : 91.41, inf : 95.70
[91/249 iteration of epoch 8/50] 
 {loss} sup : 0.367, inf : 0.185, fac : 0.006, total : 0.308 
 {acc} sup : 94.92, inf : 94.92
[121/249 iteration of epoch 8/50] 
 {loss} sup : 0.348, inf : 0.168, fac : 0.004, total : 0.275 
 {acc} sup : 92.58, inf : 95.70
[151/249 iteration of epoch 8/50] 
 {loss} sup : 0.394, inf : 0.169, fac : 0.005, total : 0.306 
 {acc} sup : 91.41, inf : 96.48
[181/249 iteration of epoch 8/50] 
 {loss} sup : 0.399, inf : 0.234, fac : 0.005, total : 0.341 
 {acc} sup : 91.80, inf : 92.97
[211/249 iteration of epoch 8/50] 
 {loss} sup : 0.327, inf : 0.157, fac : 0.006, total : 0.274 
 {acc} sup : 93.36, inf : 96.09
[241/249 iteration of epoch 8/50] 
 {loss} sup : 0.456, inf : 0.267, fac : 0.006, total : 0.394 
 {acc} sup : 91.41, inf : 93.36
------------------------------
<Losses on train> sup : 0.379, inf : 0.205, fac : 0.005, total : 0.318
<Accuracies on train> sup : 92.35, inf : 94.99
Train epoch time: 783.174
------------------------------
<Accuracies on val> class : 65.23
------------------------------
<Accuracies on test> class : 46.48
------------------------------
Total epoch time: 816.022

New epoch - lr: 0.003
[1/249 iteration of epoch 9/50] 
 {loss} sup : 0.383, inf : 0.240, fac : 0.004, total : 0.334 
 {acc} sup : 90.23, inf : 92.58
[31/249 iteration of epoch 9/50] 
 {loss} sup : 0.269, inf : 0.144, fac : 0.004, total : 0.225 
 {acc} sup : 96.09, inf : 96.48
[61/249 iteration of epoch 9/50] 
 {loss} sup : 0.358, inf : 0.245, fac : 0.007, total : 0.334 
 {acc} sup : 92.58, inf : 94.53
[91/249 iteration of epoch 9/50] 
 {loss} sup : 0.293, inf : 0.160, fac : 0.004, total : 0.248 
 {acc} sup : 96.09, inf : 96.88
[121/249 iteration of epoch 9/50] 
 {loss} sup : 0.319, inf : 0.213, fac : 0.005, total : 0.291 
 {acc} sup : 92.58, inf : 94.92
[151/249 iteration of epoch 9/50] 
 {loss} sup : 0.293, inf : 0.162, fac : 0.003, total : 0.244 
 {acc} sup : 93.36, inf : 96.48
[181/249 iteration of epoch 9/50] 
 {loss} sup : 0.408, inf : 0.299, fac : 0.007, total : 0.390 
 {acc} sup : 90.62, inf : 92.58
[211/249 iteration of epoch 9/50] 
 {loss} sup : 0.281, inf : 0.137, fac : 0.004, total : 0.227 
 {acc} sup : 94.14, inf : 96.88
[241/249 iteration of epoch 9/50] 
 {loss} sup : 0.189, inf : 0.102, fac : 0.004, total : 0.164 
 {acc} sup : 97.66, inf : 96.88
------------------------------
<Losses on train> sup : 0.315, inf : 0.183, fac : 0.005, total : 0.274
<Accuracies on train> sup : 93.37, inf : 95.38
Train epoch time: 782.969
------------------------------
<Accuracies on val> class : 65.30
------------------------------
<Accuracies on test> class : 46.44
------------------------------
Total epoch time: 815.317

New epoch - lr: 0.003
[1/249 iteration of epoch 10/50] 
 {loss} sup : 0.305, inf : 0.194, fac : 0.005, total : 0.275 
 {acc} sup : 93.36, inf : 96.48
[31/249 iteration of epoch 10/50] 
 {loss} sup : 0.307, inf : 0.184, fac : 0.005, total : 0.269 
 {acc} sup : 94.53, inf : 95.70
[61/249 iteration of epoch 10/50] 
 {loss} sup : 0.308, inf : 0.128, fac : 0.005, total : 0.241 
 {acc} sup : 92.97, inf : 97.27
[91/249 iteration of epoch 10/50] 
 {loss} sup : 0.305, inf : 0.199, fac : 0.004, total : 0.273 
 {acc} sup : 94.53, inf : 95.31
[121/249 iteration of epoch 10/50] 
 {loss} sup : 0.383, inf : 0.289, fac : 0.005, total : 0.360 
 {acc} sup : 92.58, inf : 92.97
[151/249 iteration of epoch 10/50] 
 {loss} sup : 0.310, inf : 0.208, fac : 0.003, total : 0.272 
 {acc} sup : 92.97, inf : 94.14
[181/249 iteration of epoch 10/50] 
 {loss} sup : 0.269, inf : 0.161, fac : 0.003, total : 0.230 
 {acc} sup : 93.36, inf : 94.92
[211/249 iteration of epoch 10/50] 
 {loss} sup : 0.166, inf : 0.084, fac : 0.003, total : 0.142 
 {acc} sup : 97.27, inf : 98.05
[241/249 iteration of epoch 10/50] 
 {loss} sup : 0.283, inf : 0.174, fac : 0.005, total : 0.255 
 {acc} sup : 94.92, inf : 96.09
------------------------------
<Losses on train> sup : 0.275, inf : 0.162, fac : 0.005, total : 0.241
<Accuracies on train> sup : 94.12, inf : 95.97
Train epoch time: 779.205
------------------------------
<Accuracies on val> class : 65.04
------------------------------
<Accuracies on test> class : 44.66
------------------------------
Total epoch time: 811.036

New epoch - lr: 0.003
[1/249 iteration of epoch 11/50] 
 {loss} sup : 0.286, inf : 0.206, fac : 0.007, total : 0.280 
 {acc} sup : 94.92, inf : 94.53
[31/249 iteration of epoch 11/50] 
 {loss} sup : 0.213, inf : 0.084, fac : 0.003, total : 0.165 
 {acc} sup : 95.70, inf : 98.05
[61/249 iteration of epoch 11/50] 
 {loss} sup : 0.301, inf : 0.166, fac : 0.007, total : 0.268 
 {acc} sup : 93.75, inf : 96.88
[91/249 iteration of epoch 11/50] 
 {loss} sup : 0.284, inf : 0.162, fac : 0.004, total : 0.244 
 {acc} sup : 94.14, inf : 96.48
[121/249 iteration of epoch 11/50] 
 {loss} sup : 0.291, inf : 0.175, fac : 0.007, total : 0.270 
 {acc} sup : 93.75, inf : 95.31
[151/249 iteration of epoch 11/50] 
 {loss} sup : 0.311, inf : 0.179, fac : 0.005, total : 0.271 
 {acc} sup : 94.53, inf : 94.53
[181/249 iteration of epoch 11/50] 
 {loss} sup : 0.309, inf : 0.151, fac : 0.004, total : 0.250 
 {acc} sup : 91.41, inf : 97.27
[211/249 iteration of epoch 11/50] 
 {loss} sup : 0.280, inf : 0.181, fac : 0.004, total : 0.251 
 {acc} sup : 93.75, inf : 94.92
[241/249 iteration of epoch 11/50] 
 {loss} sup : 0.226, inf : 0.165, fac : 0.003, total : 0.211 
 {acc} sup : 95.70, inf : 96.88
------------------------------
<Losses on train> sup : 0.247, inf : 0.149, fac : 0.004, total : 0.220
<Accuracies on train> sup : 94.76, inf : 96.39
Train epoch time: 774.481
------------------------------
<Accuracies on val> class : 64.72
------------------------------
<Accuracies on test> class : 44.99
------------------------------
Total epoch time: 806.943

New epoch - lr: 0.003
[1/249 iteration of epoch 12/50] 
 {loss} sup : 0.245, inf : 0.136, fac : 0.004, total : 0.209 
 {acc} sup : 95.31, inf : 96.88
[31/249 iteration of epoch 12/50] 
 {loss} sup : 0.287, inf : 0.205, fac : 0.006, total : 0.275 
 {acc} sup : 94.53, inf : 95.31
[61/249 iteration of epoch 12/50] 
 {loss} sup : 0.297, inf : 0.179, fac : 0.011, total : 0.290 
 {acc} sup : 92.58, inf : 94.14
[91/249 iteration of epoch 12/50] 
 {loss} sup : 0.182, inf : 0.088, fac : 0.003, total : 0.148 
 {acc} sup : 96.88, inf : 97.27
[121/249 iteration of epoch 12/50] 
 {loss} sup : 0.289, inf : 0.177, fac : 0.004, total : 0.250 
 {acc} sup : 94.14, inf : 96.48
[151/249 iteration of epoch 12/50] 
 {loss} sup : 0.163, inf : 0.080, fac : 0.004, total : 0.142 
 {acc} sup : 97.66, inf : 99.22
[181/249 iteration of epoch 12/50] 
 {loss} sup : 0.358, inf : 0.218, fac : 0.004, total : 0.310 
 {acc} sup : 90.62, inf : 94.14
[211/249 iteration of epoch 12/50] 
 {loss} sup : 0.211, inf : 0.111, fac : 0.003, total : 0.174 
 {acc} sup : 94.53, inf : 96.88
[241/249 iteration of epoch 12/50] 
 {loss} sup : 0.183, inf : 0.117, fac : 0.004, total : 0.171 
 {acc} sup : 96.48, inf : 98.44
------------------------------
<Losses on train> sup : 0.222, inf : 0.133, fac : 0.004, total : 0.198
<Accuracies on train> sup : 95.26, inf : 96.70
Train epoch time: 782.847
------------------------------
<Accuracies on val> class : 65.17
------------------------------
<Accuracies on test> class : 43.96
------------------------------
Total epoch time: 814.840

New epoch - lr: 0.003
[1/249 iteration of epoch 13/50] 
 {loss} sup : 0.189, inf : 0.093, fac : 0.003, total : 0.155 
 {acc} sup : 96.48, inf : 98.83
[31/249 iteration of epoch 13/50] 
 {loss} sup : 0.180, inf : 0.109, fac : 0.006, total : 0.174 
 {acc} sup : 95.70, inf : 97.27
[61/249 iteration of epoch 13/50] 
 {loss} sup : 0.176, inf : 0.100, fac : 0.004, total : 0.155 
 {acc} sup : 97.27, inf : 97.66
[91/249 iteration of epoch 13/50] 
 {loss} sup : 0.219, inf : 0.112, fac : 0.005, total : 0.193 
 {acc} sup : 95.70, inf : 97.27
[121/249 iteration of epoch 13/50] 
 {loss} sup : 0.277, inf : 0.181, fac : 0.005, total : 0.253 
 {acc} sup : 93.75, inf : 95.70
[151/249 iteration of epoch 13/50] 
 {loss} sup : 0.184, inf : 0.096, fac : 0.004, total : 0.162 
 {acc} sup : 98.05, inf : 97.66
[181/249 iteration of epoch 13/50] 
 {loss} sup : 0.198, inf : 0.120, fac : 0.004, total : 0.177 
 {acc} sup : 98.05, inf : 98.05
[211/249 iteration of epoch 13/50] 
 {loss} sup : 0.189, inf : 0.145, fac : 0.005, total : 0.193 
 {acc} sup : 97.27, inf : 95.31
[241/249 iteration of epoch 13/50] 
 {loss} sup : 0.138, inf : 0.076, fac : 0.004, total : 0.126 
 {acc} sup : 97.27, inf : 98.05
------------------------------
<Losses on train> sup : 0.202, inf : 0.120, fac : 0.004, total : 0.180
<Accuracies on train> sup : 95.71, inf : 97.16
Train epoch time: 778.593
------------------------------
<Accuracies on val> class : 64.91
------------------------------
<Accuracies on test> class : 44.50
------------------------------
Total epoch time: 811.084

New epoch - lr: 0.003
[1/249 iteration of epoch 14/50] 
 {loss} sup : 0.288, inf : 0.201, fac : 0.006, total : 0.275 
 {acc} sup : 94.14, inf : 94.92
[31/249 iteration of epoch 14/50] 
 {loss} sup : 0.114, inf : 0.055, fac : 0.003, total : 0.098 
 {acc} sup : 98.83, inf : 99.22
[61/249 iteration of epoch 14/50] 
 {loss} sup : 0.245, inf : 0.137, fac : 0.005, total : 0.215 
 {acc} sup : 94.14, inf : 96.48
[91/249 iteration of epoch 14/50] 
 {loss} sup : 0.122, inf : 0.062, fac : 0.003, total : 0.105 
 {acc} sup : 98.05, inf : 98.44
[121/249 iteration of epoch 14/50] 
 {loss} sup : 0.185, inf : 0.092, fac : 0.004, total : 0.160 
 {acc} sup : 95.31, inf : 98.44
[151/249 iteration of epoch 14/50] 
 {loss} sup : 0.159, inf : 0.053, fac : 0.003, total : 0.121 
 {acc} sup : 97.27, inf : 98.44
[181/249 iteration of epoch 14/50] 
 {loss} sup : 0.240, inf : 0.168, fac : 0.006, total : 0.233 
 {acc} sup : 95.70, inf : 97.27
[211/249 iteration of epoch 14/50] 
 {loss} sup : 0.244, inf : 0.171, fac : 0.004, total : 0.229 
 {acc} sup : 95.31, inf : 96.48
[241/249 iteration of epoch 14/50] 
 {loss} sup : 0.172, inf : 0.124, fac : 0.002, total : 0.160 
 {acc} sup : 96.88, inf : 97.27
------------------------------
<Losses on train> sup : 0.187, inf : 0.113, fac : 0.004, total : 0.169
<Accuracies on train> sup : 96.10, inf : 97.36
Train epoch time: 776.361
------------------------------
<Accuracies on val> class : 64.97
------------------------------
<Accuracies on test> class : 44.83
------------------------------
Total epoch time: 809.005

New epoch - lr: 0.003
[1/249 iteration of epoch 15/50] 
 {loss} sup : 0.198, inf : 0.145, fac : 0.002, total : 0.184 
 {acc} sup : 96.09, inf : 97.66
[31/249 iteration of epoch 15/50] 
 {loss} sup : 0.242, inf : 0.116, fac : 0.003, total : 0.193 
 {acc} sup : 95.31, inf : 97.27
[61/249 iteration of epoch 15/50] 
 {loss} sup : 0.177, inf : 0.095, fac : 0.003, total : 0.153 
 {acc} sup : 96.09, inf : 98.05
[91/249 iteration of epoch 15/50] 
 {loss} sup : 0.144, inf : 0.104, fac : 0.002, total : 0.135 
 {acc} sup : 96.88, inf : 96.48
[121/249 iteration of epoch 15/50] 
 {loss} sup : 0.168, inf : 0.113, fac : 0.002, total : 0.152 
 {acc} sup : 96.09, inf : 97.66
[151/249 iteration of epoch 15/50] 
 {loss} sup : 0.162, inf : 0.081, fac : 0.003, total : 0.138 
 {acc} sup : 97.27, inf : 98.05
[181/249 iteration of epoch 15/50] 
 {loss} sup : 0.206, inf : 0.119, fac : 0.007, total : 0.198 
 {acc} sup : 96.09, inf : 97.66
[211/249 iteration of epoch 15/50] 
 {loss} sup : 0.133, inf : 0.077, fac : 0.003, total : 0.120 
 {acc} sup : 97.27, inf : 97.66
[241/249 iteration of epoch 15/50] 
 {loss} sup : 0.136, inf : 0.058, fac : 0.002, total : 0.107 
 {acc} sup : 96.88, inf : 98.83
------------------------------
<Losses on train> sup : 0.174, inf : 0.106, fac : 0.004, total : 0.158
<Accuracies on train> sup : 96.49, inf : 97.48
Train epoch time: 778.030
------------------------------
<Accuracies on val> class : 64.14
------------------------------
<Accuracies on test> class : 43.80
------------------------------
Total epoch time: 809.520

New epoch - lr: 0.003
[1/249 iteration of epoch 16/50] 
 {loss} sup : 0.211, inf : 0.113, fac : 0.004, total : 0.184 
 {acc} sup : 95.31, inf : 97.66
[31/249 iteration of epoch 16/50] 
 {loss} sup : 0.136, inf : 0.071, fac : 0.003, total : 0.120 
 {acc} sup : 96.88, inf : 98.44
[61/249 iteration of epoch 16/50] 
 {loss} sup : 0.131, inf : 0.084, fac : 0.003, total : 0.122 
 {acc} sup : 97.27, inf : 98.44
[91/249 iteration of epoch 16/50] 
 {loss} sup : 0.118, inf : 0.067, fac : 0.002, total : 0.104 
 {acc} sup : 98.83, inf : 99.22
[121/249 iteration of epoch 16/50] 
 {loss} sup : 0.121, inf : 0.058, fac : 0.003, total : 0.105 
 {acc} sup : 97.27, inf : 98.83
[151/249 iteration of epoch 16/50] 
 {loss} sup : 0.138, inf : 0.083, fac : 0.004, total : 0.128 
 {acc} sup : 97.27, inf : 98.44
[181/249 iteration of epoch 16/50] 
 {loss} sup : 0.106, inf : 0.030, fac : 0.002, total : 0.080 
 {acc} sup : 98.05, inf : 100.00
[211/249 iteration of epoch 16/50] 
 {loss} sup : 0.137, inf : 0.070, fac : 0.004, total : 0.123 
 {acc} sup : 98.05, inf : 98.44
[241/249 iteration of epoch 16/50] 
 {loss} sup : 0.169, inf : 0.085, fac : 0.003, total : 0.145 
 {acc} sup : 94.92, inf : 98.05
------------------------------
<Losses on train> sup : 0.164, inf : 0.098, fac : 0.003, total : 0.148
<Accuracies on train> sup : 96.57, inf : 97.73
Train epoch time: 784.450
------------------------------
<Accuracies on val> class : 63.95
------------------------------
<Accuracies on test> class : 43.88
------------------------------
Total epoch time: 817.651

New epoch - lr: 0.003
[1/249 iteration of epoch 17/50] 
 {loss} sup : 0.173, inf : 0.078, fac : 0.004, total : 0.143 
 {acc} sup : 96.88, inf : 99.22
[31/249 iteration of epoch 17/50] 
 {loss} sup : 0.142, inf : 0.090, fac : 0.002, total : 0.125 
 {acc} sup : 97.27, inf : 97.66
[61/249 iteration of epoch 17/50] 
 {loss} sup : 0.154, inf : 0.078, fac : 0.003, total : 0.133 
 {acc} sup : 96.48, inf : 98.05
[91/249 iteration of epoch 17/50] 
 {loss} sup : 0.178, inf : 0.057, fac : 0.004, total : 0.136 
 {acc} sup : 95.70, inf : 98.44
[121/249 iteration of epoch 17/50] 
 {loss} sup : 0.099, inf : 0.055, fac : 0.003, total : 0.092 
 {acc} sup : 98.44, inf : 99.22
[151/249 iteration of epoch 17/50] 
 {loss} sup : 0.076, inf : 0.026, fac : 0.002, total : 0.059 
 {acc} sup : 100.00, inf : 99.61
[181/249 iteration of epoch 17/50] 
 {loss} sup : 0.165, inf : 0.127, fac : 0.003, total : 0.164 
 {acc} sup : 98.05, inf : 97.66
[211/249 iteration of epoch 17/50] 
 {loss} sup : 0.107, inf : 0.075, fac : 0.004, total : 0.110 
 {acc} sup : 98.44, inf : 98.05
[241/249 iteration of epoch 17/50] 
 {loss} sup : 0.107, inf : 0.069, fac : 0.003, total : 0.105 
 {acc} sup : 98.83, inf : 98.05
------------------------------
<Losses on train> sup : 0.152, inf : 0.089, fac : 0.003, total : 0.138
<Accuracies on train> sup : 97.01, inf : 97.96
Train epoch time: 784.803
------------------------------
<Accuracies on val> class : 64.14
------------------------------
<Accuracies on test> class : 43.63
------------------------------
Total epoch time: 818.359

New epoch - lr: 0.003
[1/249 iteration of epoch 18/50] 
 {loss} sup : 0.105, inf : 0.069, fac : 0.004, total : 0.105 
 {acc} sup : 97.66, inf : 98.44
[31/249 iteration of epoch 18/50] 
 {loss} sup : 0.170, inf : 0.092, fac : 0.003, total : 0.147 
 {acc} sup : 96.48, inf : 98.44
[61/249 iteration of epoch 18/50] 
 {loss} sup : 0.203, inf : 0.120, fac : 0.003, total : 0.178 
 {acc} sup : 95.31, inf : 96.48
[91/249 iteration of epoch 18/50] 
 {loss} sup : 0.094, inf : 0.050, fac : 0.004, total : 0.090 
 {acc} sup : 98.83, inf : 98.83
[121/249 iteration of epoch 18/50] 
 {loss} sup : 0.193, inf : 0.138, fac : 0.003, total : 0.182 
 {acc} sup : 95.70, inf : 96.48
[151/249 iteration of epoch 18/50] 
 {loss} sup : 0.181, inf : 0.104, fac : 0.004, total : 0.165 
 {acc} sup : 96.09, inf : 98.05
[181/249 iteration of epoch 18/50] 
 {loss} sup : 0.145, inf : 0.065, fac : 0.003, total : 0.119 
 {acc} sup : 96.88, inf : 98.83
[211/249 iteration of epoch 18/50] 
 {loss} sup : 0.102, inf : 0.049, fac : 0.003, total : 0.088 
 {acc} sup : 98.83, inf : 98.83
[241/249 iteration of epoch 18/50] 
 {loss} sup : 0.121, inf : 0.040, fac : 0.003, total : 0.095 
 {acc} sup : 97.27, inf : 99.22
------------------------------
<Losses on train> sup : 0.146, inf : 0.087, fac : 0.003, total : 0.132
<Accuracies on train> sup : 97.14, inf : 97.96
Train epoch time: 788.954
------------------------------
<Accuracies on val> class : 63.82
------------------------------
<Accuracies on test> class : 43.43
------------------------------
Total epoch time: 822.892

New epoch - lr: 0.003
[1/249 iteration of epoch 19/50] 
 {loss} sup : 0.161, inf : 0.095, fac : 0.004, total : 0.147 
 {acc} sup : 98.05, inf : 98.05
[31/249 iteration of epoch 19/50] 
 {loss} sup : 0.115, inf : 0.054, fac : 0.002, total : 0.093 
 {acc} sup : 97.27, inf : 99.22
[61/249 iteration of epoch 19/50] 
 {loss} sup : 0.119, inf : 0.062, fac : 0.002, total : 0.102 
 {acc} sup : 98.44, inf : 98.83
[91/249 iteration of epoch 19/50] 
 {loss} sup : 0.109, inf : 0.073, fac : 0.003, total : 0.104 
 {acc} sup : 97.66, inf : 98.44
[121/249 iteration of epoch 19/50] 
 {loss} sup : 0.133, inf : 0.087, fac : 0.003, total : 0.127 
 {acc} sup : 97.66, inf : 97.27
[151/249 iteration of epoch 19/50] 
 {loss} sup : 0.129, inf : 0.046, fac : 0.002, total : 0.097 
 {acc} sup : 96.48, inf : 99.22
[181/249 iteration of epoch 19/50] 
 {loss} sup : 0.137, inf : 0.059, fac : 0.003, total : 0.111 
 {acc} sup : 96.88, inf : 98.83
[211/249 iteration of epoch 19/50] 
 {loss} sup : 0.124, inf : 0.079, fac : 0.004, total : 0.119 
 {acc} sup : 98.05, inf : 98.44
[241/249 iteration of epoch 19/50] 
 {loss} sup : 0.187, inf : 0.110, fac : 0.003, total : 0.162 
 {acc} sup : 96.48, inf : 98.05
------------------------------
<Losses on train> sup : 0.136, inf : 0.082, fac : 0.003, total : 0.124
<Accuracies on train> sup : 97.37, inf : 98.13
Train epoch time: 791.643
------------------------------
<Accuracies on val> class : 63.69
------------------------------
<Accuracies on test> class : 42.77
------------------------------
Total epoch time: 825.037

New epoch - lr: 0.003
[1/249 iteration of epoch 20/50] 
 {loss} sup : 0.081, inf : 0.029, fac : 0.003, total : 0.069 
 {acc} sup : 98.83, inf : 100.00
[31/249 iteration of epoch 20/50] 
 {loss} sup : 0.119, inf : 0.075, fac : 0.003, total : 0.112 
 {acc} sup : 98.05, inf : 97.66
[61/249 iteration of epoch 20/50] 
 {loss} sup : 0.164, inf : 0.113, fac : 0.003, total : 0.154 
 {acc} sup : 97.66, inf : 97.66
[91/249 iteration of epoch 20/50] 
 {loss} sup : 0.070, inf : 0.033, fac : 0.003, total : 0.065 
 {acc} sup : 99.22, inf : 99.61
[121/249 iteration of epoch 20/50] 
 {loss} sup : 0.134, inf : 0.079, fac : 0.003, total : 0.120 
 {acc} sup : 97.66, inf : 98.44
[151/249 iteration of epoch 20/50] 
 {loss} sup : 0.155, inf : 0.128, fac : 0.006, total : 0.169 
 {acc} sup : 95.70, inf : 96.88
[181/249 iteration of epoch 20/50] 
 {loss} sup : 0.174, inf : 0.104, fac : 0.003, total : 0.152 
 {acc} sup : 97.27, inf : 98.05
[211/249 iteration of epoch 20/50] 
 {loss} sup : 0.189, inf : 0.142, fac : 0.004, total : 0.184 
 {acc} sup : 96.09, inf : 96.48
[241/249 iteration of epoch 20/50] 
 {loss} sup : 0.112, inf : 0.069, fac : 0.004, total : 0.110 
 {acc} sup : 98.05, inf : 98.05
------------------------------
<Losses on train> sup : 0.134, inf : 0.081, fac : 0.003, total : 0.123
<Accuracies on train> sup : 97.43, inf : 98.16
Train epoch time: 788.447
------------------------------
<Accuracies on val> class : 63.17
------------------------------
<Accuracies on test> class : 44.05
------------------------------
Total epoch time: 821.286

New epoch - lr: 0.003
[1/249 iteration of epoch 21/50] 
 {loss} sup : 0.098, inf : 0.047, fac : 0.002, total : 0.084 
 {acc} sup : 98.05, inf : 99.22
[31/249 iteration of epoch 21/50] 
 {loss} sup : 0.099, inf : 0.045, fac : 0.004, total : 0.090 
 {acc} sup : 98.05, inf : 98.83
[61/249 iteration of epoch 21/50] 
 {loss} sup : 0.127, inf : 0.089, fac : 0.004, total : 0.126 
 {acc} sup : 98.05, inf : 98.83
[91/249 iteration of epoch 21/50] 
 {loss} sup : 0.110, inf : 0.066, fac : 0.003, total : 0.101 
 {acc} sup : 98.05, inf : 98.05
[121/249 iteration of epoch 21/50] 
 {loss} sup : 0.128, inf : 0.077, fac : 0.003, total : 0.116 
 {acc} sup : 96.88, inf : 98.05
[151/249 iteration of epoch 21/50] 
 {loss} sup : 0.088, inf : 0.050, fac : 0.004, total : 0.088 
 {acc} sup : 99.22, inf : 99.22
[181/249 iteration of epoch 21/50] 
 {loss} sup : 0.110, inf : 0.092, fac : 0.003, total : 0.118 
 {acc} sup : 98.44, inf : 98.44
[211/249 iteration of epoch 21/50] 
 {loss} sup : 0.107, inf : 0.070, fac : 0.002, total : 0.098 
 {acc} sup : 98.05, inf : 98.05
[241/249 iteration of epoch 21/50] 
 {loss} sup : 0.063, inf : 0.034, fac : 0.002, total : 0.061 
 {acc} sup : 98.83, inf : 99.61
------------------------------
<Losses on train> sup : 0.125, inf : 0.075, fac : 0.003, total : 0.114
<Accuracies on train> sup : 97.62, inf : 98.29
Train epoch time: 777.285
------------------------------
<Accuracies on val> class : 63.56
------------------------------
<Accuracies on test> class : 42.97
------------------------------
Total epoch time: 810.545

New epoch - lr: 0.003
[1/249 iteration of epoch 22/50] 
 {loss} sup : 0.143, inf : 0.076, fac : 0.003, total : 0.122 
 {acc} sup : 97.27, inf : 98.05
[31/249 iteration of epoch 22/50] 
 {loss} sup : 0.083, inf : 0.039, fac : 0.002, total : 0.072 
 {acc} sup : 98.83, inf : 99.61
[61/249 iteration of epoch 22/50] 
 {loss} sup : 0.161, inf : 0.107, fac : 0.003, total : 0.151 
 {acc} sup : 97.66, inf : 97.27
[91/249 iteration of epoch 22/50] 
 {loss} sup : 0.108, inf : 0.060, fac : 0.004, total : 0.103 
 {acc} sup : 97.66, inf : 98.05
[121/249 iteration of epoch 22/50] 
 {loss} sup : 0.129, inf : 0.058, fac : 0.003, total : 0.111 
 {acc} sup : 96.88, inf : 98.44
[151/249 iteration of epoch 22/50] 
 {loss} sup : 0.075, inf : 0.039, fac : 0.003, total : 0.070 
 {acc} sup : 99.61, inf : 99.61
[181/249 iteration of epoch 22/50] 
 {loss} sup : 0.106, inf : 0.065, fac : 0.003, total : 0.100 
 {acc} sup : 97.66, inf : 97.66
[211/249 iteration of epoch 22/50] 
 {loss} sup : 0.127, inf : 0.082, fac : 0.003, total : 0.117 
 {acc} sup : 97.27, inf : 98.05
[241/249 iteration of epoch 22/50] 
 {loss} sup : 0.160, inf : 0.113, fac : 0.003, total : 0.153 
 {acc} sup : 96.09, inf : 96.88
------------------------------
<Losses on train> sup : 0.120, inf : 0.074, fac : 0.003, total : 0.111
<Accuracies on train> sup : 97.73, inf : 98.31
Train epoch time: 779.018
------------------------------
<Accuracies on val> class : 64.14
------------------------------
<Accuracies on test> class : 42.44
------------------------------
Total epoch time: 812.165

New epoch - lr: 0.003
[1/249 iteration of epoch 23/50] 
 {loss} sup : 0.169, inf : 0.095, fac : 0.004, total : 0.154 
 {acc} sup : 96.09, inf : 98.05
[31/249 iteration of epoch 23/50] 
 {loss} sup : 0.103, inf : 0.053, fac : 0.002, total : 0.089 
 {acc} sup : 97.27, inf : 98.83
[61/249 iteration of epoch 23/50] 
 {loss} sup : 0.117, inf : 0.056, fac : 0.003, total : 0.101 
 {acc} sup : 96.88, inf : 98.83
[91/249 iteration of epoch 23/50] 
 {loss} sup : 0.131, inf : 0.063, fac : 0.002, total : 0.106 
 {acc} sup : 98.05, inf : 98.44
[121/249 iteration of epoch 23/50] 
 {loss} sup : 0.092, inf : 0.039, fac : 0.002, total : 0.077 
 {acc} sup : 99.22, inf : 99.22
[151/249 iteration of epoch 23/50] 
 {loss} sup : 0.095, inf : 0.062, fac : 0.003, total : 0.093 
 {acc} sup : 98.44, inf : 98.44
[181/249 iteration of epoch 23/50] 
 {loss} sup : 0.072, inf : 0.048, fac : 0.002, total : 0.071 
 {acc} sup : 98.83, inf : 98.83
[211/249 iteration of epoch 23/50] 
 {loss} sup : 0.139, inf : 0.100, fac : 0.002, total : 0.131 
 {acc} sup : 98.05, inf : 97.27
[241/249 iteration of epoch 23/50] 
 {loss} sup : 0.165, inf : 0.111, fac : 0.003, total : 0.152 
 {acc} sup : 96.09, inf : 97.27
------------------------------
<Losses on train> sup : 0.119, inf : 0.073, fac : 0.003, total : 0.110
<Accuracies on train> sup : 97.73, inf : 98.33
Train epoch time: 782.772
------------------------------
<Accuracies on val> class : 63.88
------------------------------
<Accuracies on test> class : 42.15
------------------------------
Total epoch time: 815.315

New epoch - lr: 0.003
[1/249 iteration of epoch 24/50] 
 {loss} sup : 0.081, inf : 0.039, fac : 0.002, total : 0.069 
 {acc} sup : 98.83, inf : 99.22
[31/249 iteration of epoch 24/50] 
 {loss} sup : 0.153, inf : 0.065, fac : 0.003, total : 0.123 
 {acc} sup : 97.27, inf : 98.83
[61/249 iteration of epoch 24/50] 
 {loss} sup : 0.080, inf : 0.025, fac : 0.002, total : 0.063 
 {acc} sup : 98.44, inf : 99.61
[91/249 iteration of epoch 24/50] 
 {loss} sup : 0.075, inf : 0.029, fac : 0.003, total : 0.065 
 {acc} sup : 99.61, inf : 100.00
[121/249 iteration of epoch 24/50] 
 {loss} sup : 0.082, inf : 0.043, fac : 0.002, total : 0.074 
 {acc} sup : 98.83, inf : 99.61
[151/249 iteration of epoch 24/50] 
 {loss} sup : 0.119, inf : 0.069, fac : 0.002, total : 0.106 
 {acc} sup : 98.05, inf : 98.44
[181/249 iteration of epoch 24/50] 
 {loss} sup : 0.089, inf : 0.072, fac : 0.002, total : 0.091 
 {acc} sup : 98.83, inf : 98.05
[211/249 iteration of epoch 24/50] 
 {loss} sup : 0.112, inf : 0.063, fac : 0.001, total : 0.094 
 {acc} sup : 98.44, inf : 98.44
[241/249 iteration of epoch 24/50] 
 {loss} sup : 0.075, inf : 0.031, fac : 0.001, total : 0.059 
 {acc} sup : 99.61, inf : 100.00
------------------------------
<Losses on train> sup : 0.112, inf : 0.068, fac : 0.003, total : 0.103
<Accuracies on train> sup : 97.97, inf : 98.53
Train epoch time: 776.412
------------------------------
<Accuracies on val> class : 63.62
------------------------------
<Accuracies on test> class : 43.26
------------------------------
Total epoch time: 807.874

New epoch - lr: 0.003
[1/249 iteration of epoch 25/50] 
 {loss} sup : 0.116, inf : 0.055, fac : 0.002, total : 0.094 
 {acc} sup : 96.88, inf : 98.44
[31/249 iteration of epoch 25/50] 
 {loss} sup : 0.098, inf : 0.043, fac : 0.002, total : 0.082 
 {acc} sup : 98.83, inf : 99.22
[61/249 iteration of epoch 25/50] 
 {loss} sup : 0.097, inf : 0.066, fac : 0.002, total : 0.092 
 {acc} sup : 98.05, inf : 98.44
[91/249 iteration of epoch 25/50] 
 {loss} sup : 0.110, inf : 0.036, fac : 0.002, total : 0.081 
 {acc} sup : 99.22, inf : 100.00
[121/249 iteration of epoch 25/50] 
 {loss} sup : 0.101, inf : 0.067, fac : 0.002, total : 0.094 
 {acc} sup : 98.05, inf : 98.83
[151/249 iteration of epoch 25/50] 
 {loss} sup : 0.088, inf : 0.047, fac : 0.002, total : 0.079 
 {acc} sup : 97.66, inf : 98.44
[181/249 iteration of epoch 25/50] 
 {loss} sup : 0.104, inf : 0.074, fac : 0.003, total : 0.103 
 {acc} sup : 99.22, inf : 98.83
[211/249 iteration of epoch 25/50] 
 {loss} sup : 0.172, inf : 0.127, fac : 0.004, total : 0.167 
 {acc} sup : 97.27, inf : 96.88
[241/249 iteration of epoch 25/50] 
 {loss} sup : 0.078, inf : 0.043, fac : 0.002, total : 0.070 
 {acc} sup : 99.22, inf : 99.61
------------------------------
<Losses on train> sup : 0.109, inf : 0.066, fac : 0.003, total : 0.100
<Accuracies on train> sup : 98.01, inf : 98.51
Train epoch time: 783.510
------------------------------
<Accuracies on val> class : 64.01
------------------------------
<Accuracies on test> class : 42.97
------------------------------
Total epoch time: 816.861

New epoch - lr: 0.003
[1/249 iteration of epoch 26/50] 
 {loss} sup : 0.123, inf : 0.072, fac : 0.003, total : 0.111 
 {acc} sup : 98.05, inf : 98.44
[31/249 iteration of epoch 26/50] 
 {loss} sup : 0.169, inf : 0.114, fac : 0.003, total : 0.158 
 {acc} sup : 96.09, inf : 97.27
[61/249 iteration of epoch 26/50] 
 {loss} sup : 0.099, inf : 0.052, fac : 0.002, total : 0.084 
 {acc} sup : 98.83, inf : 99.61
[91/249 iteration of epoch 26/50] 
 {loss} sup : 0.101, inf : 0.050, fac : 0.002, total : 0.086 
 {acc} sup : 98.05, inf : 98.83
[121/249 iteration of epoch 26/50] 
 {loss} sup : 0.087, inf : 0.024, fac : 0.002, total : 0.066 
 {acc} sup : 98.44, inf : 99.61
[151/249 iteration of epoch 26/50] 
 {loss} sup : 0.089, inf : 0.070, fac : 0.002, total : 0.089 
 {acc} sup : 99.22, inf : 98.05
[181/249 iteration of epoch 26/50] 
 {loss} sup : 0.078, inf : 0.049, fac : 0.002, total : 0.074 
 {acc} sup : 98.83, inf : 98.83
[211/249 iteration of epoch 26/50] 
 {loss} sup : 0.090, inf : 0.049, fac : 0.002, total : 0.080 
 {acc} sup : 98.83, inf : 99.22
[241/249 iteration of epoch 26/50] 
 {loss} sup : 0.061, inf : 0.024, fac : 0.001, total : 0.049 
 {acc} sup : 98.83, inf : 99.61
------------------------------
<Losses on train> sup : 0.106, inf : 0.065, fac : 0.003, total : 0.098
<Accuracies on train> sup : 98.04, inf : 98.56
Train epoch time: 786.268
------------------------------
<Accuracies on val> class : 63.95
------------------------------
<Accuracies on test> class : 42.56
------------------------------
Total epoch time: 819.506

New epoch - lr: 0.003
[1/249 iteration of epoch 27/50] 
 {loss} sup : 0.066, inf : 0.024, fac : 0.002, total : 0.054 
 {acc} sup : 99.61, inf : 100.00
[31/249 iteration of epoch 27/50] 
 {loss} sup : 0.060, inf : 0.024, fac : 0.001, total : 0.049 
 {acc} sup : 99.22, inf : 99.61
[61/249 iteration of epoch 27/50] 
 {loss} sup : 0.079, inf : 0.039, fac : 0.004, total : 0.079 
 {acc} sup : 98.83, inf : 99.61
[91/249 iteration of epoch 27/50] 
 {loss} sup : 0.079, inf : 0.058, fac : 0.002, total : 0.077 
 {acc} sup : 98.83, inf : 98.83
[121/249 iteration of epoch 27/50] 
 {loss} sup : 0.067, inf : 0.033, fac : 0.002, total : 0.061 
 {acc} sup : 99.22, inf : 99.22
[151/249 iteration of epoch 27/50] 
 {loss} sup : 0.146, inf : 0.074, fac : 0.003, total : 0.127 
 {acc} sup : 97.27, inf : 98.05
[181/249 iteration of epoch 27/50] 
 {loss} sup : 0.058, inf : 0.027, fac : 0.002, total : 0.052 
 {acc} sup : 100.00, inf : 99.61
[211/249 iteration of epoch 27/50] 
 {loss} sup : 0.098, inf : 0.055, fac : 0.003, total : 0.089 
 {acc} sup : 98.83, inf : 99.22
[241/249 iteration of epoch 27/50] 
 {loss} sup : 0.089, inf : 0.038, fac : 0.002, total : 0.072 
 {acc} sup : 96.48, inf : 98.83
------------------------------
<Losses on train> sup : 0.102, inf : 0.063, fac : 0.003, total : 0.096
<Accuracies on train> sup : 98.20, inf : 98.64
Train epoch time: 783.565
------------------------------
<Accuracies on val> class : 63.69
------------------------------
<Accuracies on test> class : 42.32
------------------------------
Total epoch time: 815.889

New epoch - lr: 0.003
[1/249 iteration of epoch 28/50] 
 {loss} sup : 0.120, inf : 0.075, fac : 0.004, total : 0.116 
 {acc} sup : 98.44, inf : 98.83
[31/249 iteration of epoch 28/50] 
 {loss} sup : 0.122, inf : 0.079, fac : 0.002, total : 0.112 
 {acc} sup : 98.44, inf : 98.05
[61/249 iteration of epoch 28/50] 
 {loss} sup : 0.105, inf : 0.063, fac : 0.002, total : 0.094 
 {acc} sup : 98.44, inf : 98.44
[91/249 iteration of epoch 28/50] 
 {loss} sup : 0.150, inf : 0.118, fac : 0.003, total : 0.151 
 {acc} sup : 97.66, inf : 97.66
[121/249 iteration of epoch 28/50] 
 {loss} sup : 0.077, inf : 0.056, fac : 0.002, total : 0.076 
 {acc} sup : 98.83, inf : 98.83
[151/249 iteration of epoch 28/50] 
 {loss} sup : 0.121, inf : 0.098, fac : 0.002, total : 0.120 
 {acc} sup : 97.66, inf : 97.66
[181/249 iteration of epoch 28/50] 
 {loss} sup : 0.088, inf : 0.034, fac : 0.003, total : 0.078 
 {acc} sup : 98.05, inf : 100.00
[211/249 iteration of epoch 28/50] 
 {loss} sup : 0.083, inf : 0.042, fac : 0.002, total : 0.072 
 {acc} sup : 99.22, inf : 98.83
[241/249 iteration of epoch 28/50] 
 {loss} sup : 0.080, inf : 0.049, fac : 0.002, total : 0.077 
 {acc} sup : 98.44, inf : 98.44
------------------------------
<Losses on train> sup : 0.101, inf : 0.063, fac : 0.003, total : 0.095
<Accuracies on train> sup : 98.22, inf : 98.64
Train epoch time: 790.385
------------------------------
<Accuracies on val> class : 63.62
------------------------------
<Accuracies on test> class : 42.65
------------------------------
Total epoch time: 823.451

New epoch - lr: 0.003
[1/249 iteration of epoch 29/50] 
 {loss} sup : 0.096, inf : 0.070, fac : 0.002, total : 0.095 
 {acc} sup : 98.05, inf : 98.05
[31/249 iteration of epoch 29/50] 
 {loss} sup : 0.102, inf : 0.076, fac : 0.002, total : 0.098 
 {acc} sup : 98.44, inf : 98.83
[61/249 iteration of epoch 29/50] 
 {loss} sup : 0.106, inf : 0.065, fac : 0.002, total : 0.096 
 {acc} sup : 98.05, inf : 98.83
[91/249 iteration of epoch 29/50] 
 {loss} sup : 0.102, inf : 0.061, fac : 0.005, total : 0.107 
 {acc} sup : 99.22, inf : 99.61
[121/249 iteration of epoch 29/50] 
 {loss} sup : 0.085, inf : 0.055, fac : 0.003, total : 0.084 
 {acc} sup : 98.05, inf : 98.44
[151/249 iteration of epoch 29/50] 
 {loss} sup : 0.072, inf : 0.044, fac : 0.002, total : 0.069 
 {acc} sup : 98.44, inf : 98.83
[181/249 iteration of epoch 29/50] 
 {loss} sup : 0.069, inf : 0.031, fac : 0.002, total : 0.058 
 {acc} sup : 98.44, inf : 100.00
[211/249 iteration of epoch 29/50] 
 {loss} sup : 0.122, inf : 0.089, fac : 0.002, total : 0.114 
 {acc} sup : 97.66, inf : 98.44
[241/249 iteration of epoch 29/50] 
 {loss} sup : 0.111, inf : 0.093, fac : 0.003, total : 0.116 
 {acc} sup : 97.66, inf : 97.27
------------------------------
<Losses on train> sup : 0.100, inf : 0.063, fac : 0.002, total : 0.094
<Accuracies on train> sup : 98.25, inf : 98.64
Train epoch time: 784.919
------------------------------
<Accuracies on val> class : 64.07
------------------------------
<Accuracies on test> class : 41.24
------------------------------
Total epoch time: 817.428

New epoch - lr: 0.003
[1/249 iteration of epoch 30/50] 
 {loss} sup : 0.136, inf : 0.087, fac : 0.004, total : 0.131 
 {acc} sup : 96.88, inf : 98.05
[31/249 iteration of epoch 30/50] 
 {loss} sup : 0.072, inf : 0.028, fac : 0.002, total : 0.060 
 {acc} sup : 98.44, inf : 100.00
[61/249 iteration of epoch 30/50] 
 {loss} sup : 0.081, inf : 0.038, fac : 0.002, total : 0.068 
 {acc} sup : 98.05, inf : 99.61
[91/249 iteration of epoch 30/50] 
 {loss} sup : 0.076, inf : 0.035, fac : 0.003, total : 0.073 
 {acc} sup : 98.83, inf : 99.61
[121/249 iteration of epoch 30/50] 
 {loss} sup : 0.088, inf : 0.040, fac : 0.003, total : 0.078 
 {acc} sup : 99.61, inf : 99.22
[151/249 iteration of epoch 30/50] 
 {loss} sup : 0.087, inf : 0.039, fac : 0.003, total : 0.075 
 {acc} sup : 98.44, inf : 99.22
[181/249 iteration of epoch 30/50] 
 {loss} sup : 0.119, inf : 0.049, fac : 0.002, total : 0.096 
 {acc} sup : 97.27, inf : 99.61
[211/249 iteration of epoch 30/50] 
 {loss} sup : 0.059, inf : 0.033, fac : 0.001, total : 0.053 
 {acc} sup : 98.83, inf : 99.22
[241/249 iteration of epoch 30/50] 
 {loss} sup : 0.088, inf : 0.053, fac : 0.002, total : 0.082 
 {acc} sup : 98.83, inf : 99.22
------------------------------
<Losses on train> sup : 0.092, inf : 0.056, fac : 0.002, total : 0.085
<Accuracies on train> sup : 98.41, inf : 98.79
Train epoch time: 790.647
------------------------------
<Accuracies on val> class : 64.14
------------------------------
<Accuracies on test> class : 42.23
------------------------------
Total epoch time: 823.305

New epoch - lr: 0.003
[1/249 iteration of epoch 31/50] 
 {loss} sup : 0.074, inf : 0.044, fac : 0.003, total : 0.074 
 {acc} sup : 99.22, inf : 99.22
[31/249 iteration of epoch 31/50] 
 {loss} sup : 0.122, inf : 0.115, fac : 0.002, total : 0.128 
 {acc} sup : 96.88, inf : 97.27
[61/249 iteration of epoch 31/50] 
 {loss} sup : 0.070, inf : 0.045, fac : 0.002, total : 0.066 
 {acc} sup : 99.61, inf : 99.61
[91/249 iteration of epoch 31/50] 
 {loss} sup : 0.108, inf : 0.056, fac : 0.003, total : 0.096 
 {acc} sup : 98.05, inf : 99.22
[121/249 iteration of epoch 31/50] 
 {loss} sup : 0.076, inf : 0.019, fac : 0.002, total : 0.058 
 {acc} sup : 98.44, inf : 100.00
[151/249 iteration of epoch 31/50] 
 {loss} sup : 0.075, inf : 0.041, fac : 0.003, total : 0.070 
 {acc} sup : 98.05, inf : 98.83
[181/249 iteration of epoch 31/50] 
 {loss} sup : 0.124, inf : 0.071, fac : 0.003, total : 0.111 
 {acc} sup : 97.27, inf : 98.05
[211/249 iteration of epoch 31/50] 
 {loss} sup : 0.072, inf : 0.041, fac : 0.003, total : 0.070 
 {acc} sup : 98.44, inf : 99.22
[241/249 iteration of epoch 31/50] 
 {loss} sup : 0.130, inf : 0.069, fac : 0.001, total : 0.107 
 {acc} sup : 96.88, inf : 98.44
------------------------------
<Losses on train> sup : 0.090, inf : 0.056, fac : 0.002, total : 0.084
<Accuracies on train> sup : 98.43, inf : 98.77
Train epoch time: 783.306
------------------------------
<Accuracies on val> class : 63.62
------------------------------
<Accuracies on test> class : 41.45
------------------------------
Total epoch time: 816.120

New epoch - lr: 0.003
[1/249 iteration of epoch 32/50] 
 {loss} sup : 0.102, inf : 0.098, fac : 0.003, total : 0.116 
 {acc} sup : 97.66, inf : 96.09
[31/249 iteration of epoch 32/50] 
 {loss} sup : 0.101, inf : 0.056, fac : 0.002, total : 0.090 
 {acc} sup : 97.66, inf : 98.44
[61/249 iteration of epoch 32/50] 
 {loss} sup : 0.100, inf : 0.058, fac : 0.002, total : 0.089 
 {acc} sup : 98.83, inf : 99.22
[91/249 iteration of epoch 32/50] 
 {loss} sup : 0.084, inf : 0.057, fac : 0.002, total : 0.081 
 {acc} sup : 99.22, inf : 98.83
[121/249 iteration of epoch 32/50] 
 {loss} sup : 0.094, inf : 0.080, fac : 0.002, total : 0.096 
 {acc} sup : 97.27, inf : 98.44
[151/249 iteration of epoch 32/50] 
 {loss} sup : 0.104, inf : 0.047, fac : 0.002, total : 0.084 
 {acc} sup : 98.05, inf : 99.22
[181/249 iteration of epoch 32/50] 
 {loss} sup : 0.124, inf : 0.092, fac : 0.002, total : 0.117 
 {acc} sup : 98.05, inf : 98.05
[211/249 iteration of epoch 32/50] 
 {loss} sup : 0.089, inf : 0.048, fac : 0.002, total : 0.081 
 {acc} sup : 98.83, inf : 98.44
[241/249 iteration of epoch 32/50] 
 {loss} sup : 0.086, inf : 0.056, fac : 0.003, total : 0.084 
 {acc} sup : 98.44, inf : 98.44
------------------------------
<Losses on train> sup : 0.090, inf : 0.057, fac : 0.002, total : 0.085
<Accuracies on train> sup : 98.48, inf : 98.72
Train epoch time: 788.251
------------------------------
<Accuracies on val> class : 63.24
------------------------------
<Accuracies on test> class : 42.15
------------------------------
Total epoch time: 821.313

New epoch - lr: 0.003
[1/249 iteration of epoch 33/50] 
 {loss} sup : 0.100, inf : 0.065, fac : 0.002, total : 0.093 
 {acc} sup : 98.44, inf : 98.44
[31/249 iteration of epoch 33/50] 
 {loss} sup : 0.087, inf : 0.042, fac : 0.003, total : 0.078 
 {acc} sup : 98.44, inf : 99.22
[61/249 iteration of epoch 33/50] 
 {loss} sup : 0.089, inf : 0.062, fac : 0.004, total : 0.093 
 {acc} sup : 98.44, inf : 98.83
[91/249 iteration of epoch 33/50] 
 {loss} sup : 0.068, inf : 0.045, fac : 0.002, total : 0.066 
 {acc} sup : 98.83, inf : 99.22
[121/249 iteration of epoch 33/50] 
 {loss} sup : 0.060, inf : 0.039, fac : 0.002, total : 0.059 
 {acc} sup : 99.61, inf : 99.61
[151/249 iteration of epoch 33/50] 
 {loss} sup : 0.141, inf : 0.076, fac : 0.002, total : 0.119 
 {acc} sup : 97.27, inf : 98.83
[181/249 iteration of epoch 33/50] 
 {loss} sup : 0.074, inf : 0.048, fac : 0.002, total : 0.070 
 {acc} sup : 99.61, inf : 99.22
[211/249 iteration of epoch 33/50] 
 {loss} sup : 0.073, inf : 0.041, fac : 0.002, total : 0.066 
 {acc} sup : 99.22, inf : 99.61
[241/249 iteration of epoch 33/50] 
 {loss} sup : 0.080, inf : 0.046, fac : 0.002, total : 0.075 
 {acc} sup : 99.22, inf : 98.83
------------------------------
<Losses on train> sup : 0.089, inf : 0.056, fac : 0.002, total : 0.084
<Accuracies on train> sup : 98.46, inf : 98.81
Train epoch time: 786.997
------------------------------
<Accuracies on val> class : 63.24
------------------------------
<Accuracies on test> class : 42.07
------------------------------
Total epoch time: 820.031

New epoch - lr: 0.003
[1/249 iteration of epoch 34/50] 
 {loss} sup : 0.100, inf : 0.058, fac : 0.002, total : 0.091 
 {acc} sup : 98.44, inf : 98.44
[31/249 iteration of epoch 34/50] 
 {loss} sup : 0.091, inf : 0.030, fac : 0.002, total : 0.070 
 {acc} sup : 99.22, inf : 99.61
[61/249 iteration of epoch 34/50] 
 {loss} sup : 0.056, inf : 0.036, fac : 0.002, total : 0.055 
 {acc} sup : 99.61, inf : 99.61
[91/249 iteration of epoch 34/50] 
 {loss} sup : 0.096, inf : 0.065, fac : 0.002, total : 0.091 
 {acc} sup : 98.05, inf : 98.44
[121/249 iteration of epoch 34/50] 
 {loss} sup : 0.070, inf : 0.038, fac : 0.002, total : 0.067 
 {acc} sup : 98.83, inf : 99.22
[151/249 iteration of epoch 34/50] 
 {loss} sup : 0.100, inf : 0.056, fac : 0.003, total : 0.091 
 {acc} sup : 97.66, inf : 98.83
[181/249 iteration of epoch 34/50] 
 {loss} sup : 0.146, inf : 0.133, fac : 0.003, total : 0.152 
 {acc} sup : 96.88, inf : 96.88
[211/249 iteration of epoch 34/50] 
 {loss} sup : 0.072, inf : 0.050, fac : 0.002, total : 0.071 
 {acc} sup : 99.22, inf : 99.61
[241/249 iteration of epoch 34/50] 
 {loss} sup : 0.143, inf : 0.125, fac : 0.002, total : 0.143 
 {acc} sup : 96.48, inf : 96.88
------------------------------
<Losses on train> sup : 0.087, inf : 0.056, fac : 0.002, total : 0.082
<Accuracies on train> sup : 98.56, inf : 98.80
Train epoch time: 769.075
------------------------------
<Accuracies on val> class : 63.11
------------------------------
<Accuracies on test> class : 41.78
------------------------------
Total epoch time: 801.878

New epoch - lr: 0.003
[1/249 iteration of epoch 35/50] 
 {loss} sup : 0.117, inf : 0.041, fac : 0.003, total : 0.092 
 {acc} sup : 96.88, inf : 99.22
[31/249 iteration of epoch 35/50] 
 {loss} sup : 0.082, inf : 0.062, fac : 0.002, total : 0.083 
 {acc} sup : 98.05, inf : 98.44
[61/249 iteration of epoch 35/50] 
 {loss} sup : 0.028, inf : 0.025, fac : 0.001, total : 0.033 
 {acc} sup : 99.61, inf : 99.22
[91/249 iteration of epoch 35/50] 
 {loss} sup : 0.128, inf : 0.055, fac : 0.002, total : 0.102 
 {acc} sup : 97.27, inf : 98.44
[121/249 iteration of epoch 35/50] 
 {loss} sup : 0.069, inf : 0.034, fac : 0.002, total : 0.061 
 {acc} sup : 98.83, inf : 99.22
[151/249 iteration of epoch 35/50] 
 {loss} sup : 0.082, inf : 0.044, fac : 0.003, total : 0.076 
 {acc} sup : 98.83, inf : 99.22
[181/249 iteration of epoch 35/50] 
 {loss} sup : 0.097, inf : 0.060, fac : 0.003, total : 0.095 
 {acc} sup : 98.05, inf : 98.44
[211/249 iteration of epoch 35/50] 
 {loss} sup : 0.084, inf : 0.039, fac : 0.001, total : 0.069 
 {acc} sup : 98.44, inf : 98.83
[241/249 iteration of epoch 35/50] 
 {loss} sup : 0.088, inf : 0.062, fac : 0.002, total : 0.087 
 {acc} sup : 98.44, inf : 98.83
------------------------------
<Losses on train> sup : 0.088, inf : 0.056, fac : 0.002, total : 0.083
<Accuracies on train> sup : 98.41, inf : 98.74
Train epoch time: 773.074
------------------------------
<Accuracies on val> class : 63.05
------------------------------
<Accuracies on test> class : 40.63
------------------------------
Total epoch time: 805.183

New epoch - lr: 0.003
[1/249 iteration of epoch 36/50] 
 {loss} sup : 0.081, inf : 0.067, fac : 0.002, total : 0.086 
 {acc} sup : 98.44, inf : 98.44
[31/249 iteration of epoch 36/50] 
 {loss} sup : 0.066, inf : 0.029, fac : 0.002, total : 0.060 
 {acc} sup : 99.61, inf : 99.61
[61/249 iteration of epoch 36/50] 
 {loss} sup : 0.070, inf : 0.028, fac : 0.002, total : 0.057 
 {acc} sup : 99.22, inf : 99.22
[91/249 iteration of epoch 36/50] 
 {loss} sup : 0.097, inf : 0.062, fac : 0.002, total : 0.089 
 {acc} sup : 97.66, inf : 99.22
[121/249 iteration of epoch 36/50] 
 {loss} sup : 0.057, inf : 0.033, fac : 0.002, total : 0.054 
 {acc} sup : 99.22, inf : 99.61
[151/249 iteration of epoch 36/50] 
 {loss} sup : 0.059, inf : 0.027, fac : 0.001, total : 0.050 
 {acc} sup : 100.00, inf : 100.00
[181/249 iteration of epoch 36/50] 
 {loss} sup : 0.072, inf : 0.031, fac : 0.002, total : 0.063 
 {acc} sup : 98.44, inf : 99.61
[211/249 iteration of epoch 36/50] 
 {loss} sup : 0.086, inf : 0.070, fac : 0.002, total : 0.086 
 {acc} sup : 98.05, inf : 98.44
[241/249 iteration of epoch 36/50] 
 {loss} sup : 0.106, inf : 0.082, fac : 0.001, total : 0.101 
 {acc} sup : 98.05, inf : 98.05
------------------------------
<Losses on train> sup : 0.081, inf : 0.052, fac : 0.002, total : 0.077
<Accuracies on train> sup : 98.61, inf : 98.85
Train epoch time: 781.785
------------------------------
<Accuracies on val> class : 63.11
------------------------------
<Accuracies on test> class : 40.30
------------------------------
Total epoch time: 813.792

New epoch - lr: 0.003
[1/249 iteration of epoch 37/50] 
 {loss} sup : 0.073, inf : 0.055, fac : 0.002, total : 0.074 
 {acc} sup : 98.83, inf : 99.22
[31/249 iteration of epoch 37/50] 
 {loss} sup : 0.102, inf : 0.069, fac : 0.003, total : 0.098 
 {acc} sup : 97.66, inf : 98.44
[61/249 iteration of epoch 37/50] 
 {loss} sup : 0.148, inf : 0.094, fac : 0.002, total : 0.130 
 {acc} sup : 96.88, inf : 98.05
[91/249 iteration of epoch 37/50] 
 {loss} sup : 0.079, inf : 0.032, fac : 0.002, total : 0.063 
 {acc} sup : 98.05, inf : 99.61
[121/249 iteration of epoch 37/50] 
 {loss} sup : 0.073, inf : 0.038, fac : 0.002, total : 0.064 
 {acc} sup : 98.44, inf : 99.22
[151/249 iteration of epoch 37/50] 
 {loss} sup : 0.072, inf : 0.044, fac : 0.002, total : 0.067 
 {acc} sup : 98.83, inf : 98.83
[181/249 iteration of epoch 37/50] 
 {loss} sup : 0.075, inf : 0.031, fac : 0.003, total : 0.067 
 {acc} sup : 99.22, inf : 99.61
[211/249 iteration of epoch 37/50] 
 {loss} sup : 0.037, inf : 0.017, fac : 0.001, total : 0.033 
 {acc} sup : 99.22, inf : 100.00
[241/249 iteration of epoch 37/50] 
 {loss} sup : 0.058, inf : 0.037, fac : 0.001, total : 0.055 
 {acc} sup : 99.61, inf : 99.61
------------------------------
<Losses on train> sup : 0.085, inf : 0.054, fac : 0.002, total : 0.080
<Accuracies on train> sup : 98.51, inf : 98.85
Train epoch time: 779.351
------------------------------
<Accuracies on val> class : 62.85
------------------------------
<Accuracies on test> class : 40.96
------------------------------
Total epoch time: 812.513

New epoch - lr: 0.003
[1/249 iteration of epoch 38/50] 
 {loss} sup : 0.065, inf : 0.037, fac : 0.002, total : 0.061 
 {acc} sup : 98.05, inf : 99.61
[31/249 iteration of epoch 38/50] 
 {loss} sup : 0.061, inf : 0.034, fac : 0.002, total : 0.056 
 {acc} sup : 99.22, inf : 99.61
[61/249 iteration of epoch 38/50] 
 {loss} sup : 0.086, inf : 0.055, fac : 0.002, total : 0.082 
 {acc} sup : 98.05, inf : 98.83
[91/249 iteration of epoch 38/50] 
 {loss} sup : 0.114, inf : 0.078, fac : 0.002, total : 0.107 
 {acc} sup : 97.66, inf : 98.83
[121/249 iteration of epoch 38/50] 
 {loss} sup : 0.040, inf : 0.014, fac : 0.002, total : 0.035 
 {acc} sup : 99.22, inf : 100.00
[151/249 iteration of epoch 38/50] 
 {loss} sup : 0.087, inf : 0.077, fac : 0.002, total : 0.095 
 {acc} sup : 98.44, inf : 98.05
[181/249 iteration of epoch 38/50] 
 {loss} sup : 0.080, inf : 0.058, fac : 0.001, total : 0.076 
 {acc} sup : 98.44, inf : 98.44
[211/249 iteration of epoch 38/50] 
 {loss} sup : 0.056, inf : 0.032, fac : 0.002, total : 0.056 
 {acc} sup : 99.22, inf : 99.61
[241/249 iteration of epoch 38/50] 
 {loss} sup : 0.084, inf : 0.079, fac : 0.002, total : 0.090 
 {acc} sup : 98.83, inf : 98.44
------------------------------
<Losses on train> sup : 0.081, inf : 0.052, fac : 0.002, total : 0.077
<Accuracies on train> sup : 98.61, inf : 98.85
Train epoch time: 781.346
------------------------------
<Accuracies on val> class : 62.92
------------------------------
<Accuracies on test> class : 41.33
------------------------------
Total epoch time: 814.272

New epoch - lr: 0.003
[1/249 iteration of epoch 39/50] 
 {loss} sup : 0.107, inf : 0.069, fac : 0.003, total : 0.103 
 {acc} sup : 98.05, inf : 98.44
[31/249 iteration of epoch 39/50] 
 {loss} sup : 0.027, inf : 0.014, fac : 0.001, total : 0.026 
 {acc} sup : 100.00, inf : 99.61
[61/249 iteration of epoch 39/50] 
 {loss} sup : 0.068, inf : 0.041, fac : 0.002, total : 0.064 
 {acc} sup : 99.22, inf : 99.22
[91/249 iteration of epoch 39/50] 
 {loss} sup : 0.084, inf : 0.047, fac : 0.002, total : 0.077 
 {acc} sup : 98.83, inf : 98.83
[121/249 iteration of epoch 39/50] 
 {loss} sup : 0.090, inf : 0.060, fac : 0.002, total : 0.083 
 {acc} sup : 98.44, inf : 98.44
[151/249 iteration of epoch 39/50] 
 {loss} sup : 0.045, inf : 0.022, fac : 0.002, total : 0.043 
 {acc} sup : 99.61, inf : 100.00
[181/249 iteration of epoch 39/50] 
 {loss} sup : 0.117, inf : 0.087, fac : 0.002, total : 0.111 
 {acc} sup : 97.66, inf : 98.05
[211/249 iteration of epoch 39/50] 
 {loss} sup : 0.062, inf : 0.024, fac : 0.001, total : 0.050 
 {acc} sup : 100.00, inf : 99.61
[241/249 iteration of epoch 39/50] 
 {loss} sup : 0.076, inf : 0.056, fac : 0.002, total : 0.075 
 {acc} sup : 98.83, inf : 98.44
------------------------------
<Losses on train> sup : 0.081, inf : 0.052, fac : 0.002, total : 0.076
<Accuracies on train> sup : 98.66, inf : 98.86
Train epoch time: 772.402
------------------------------
<Accuracies on val> class : 63.43
------------------------------
<Accuracies on test> class : 41.49
------------------------------
Total epoch time: 804.756

New epoch - lr: 0.0009000000000000002
[1/249 iteration of epoch 40/50] 
 {loss} sup : 0.074, inf : 0.052, fac : 0.003, total : 0.077 
 {acc} sup : 98.44, inf : 99.22
[31/249 iteration of epoch 40/50] 
 {loss} sup : 0.097, inf : 0.055, fac : 0.002, total : 0.087 
 {acc} sup : 98.05, inf : 98.83
[61/249 iteration of epoch 40/50] 
 {loss} sup : 0.082, inf : 0.057, fac : 0.002, total : 0.078 
 {acc} sup : 98.05, inf : 98.83
[91/249 iteration of epoch 40/50] 
 {loss} sup : 0.064, inf : 0.041, fac : 0.002, total : 0.065 
 {acc} sup : 99.22, inf : 98.44
[121/249 iteration of epoch 40/50] 
 {loss} sup : 0.039, inf : 0.021, fac : 0.002, total : 0.038 
 {acc} sup : 99.61, inf : 99.61
[151/249 iteration of epoch 40/50] 
 {loss} sup : 0.062, inf : 0.032, fac : 0.002, total : 0.058 
 {acc} sup : 98.83, inf : 99.61
[181/249 iteration of epoch 40/50] 
 {loss} sup : 0.077, inf : 0.048, fac : 0.003, total : 0.076 
 {acc} sup : 98.44, inf : 99.22
[211/249 iteration of epoch 40/50] 
 {loss} sup : 0.075, inf : 0.042, fac : 0.001, total : 0.065 
 {acc} sup : 98.44, inf : 99.61
[241/249 iteration of epoch 40/50] 
 {loss} sup : 0.074, inf : 0.034, fac : 0.003, total : 0.069 
 {acc} sup : 99.22, inf : 99.61
------------------------------
<Losses on train> sup : 0.077, inf : 0.049, fac : 0.002, total : 0.073
<Accuracies on train> sup : 98.68, inf : 98.97
Train epoch time: 780.075
------------------------------
<Accuracies on val> class : 63.62
------------------------------
<Accuracies on test> class : 41.66
------------------------------
Total epoch time: 813.482

New epoch - lr: 0.0009000000000000002
[1/249 iteration of epoch 41/50] 
 {loss} sup : 0.077, inf : 0.052, fac : 0.003, total : 0.079 
 {acc} sup : 98.44, inf : 98.83
[31/249 iteration of epoch 41/50] 
 {loss} sup : 0.038, inf : 0.020, fac : 0.002, total : 0.039 
 {acc} sup : 99.61, inf : 99.22
[61/249 iteration of epoch 41/50] 
 {loss} sup : 0.053, inf : 0.037, fac : 0.002, total : 0.054 
 {acc} sup : 99.22, inf : 99.22
[91/249 iteration of epoch 41/50] 
 {loss} sup : 0.066, inf : 0.043, fac : 0.003, total : 0.067 
 {acc} sup : 100.00, inf : 99.61
[121/249 iteration of epoch 41/50] 
 {loss} sup : 0.100, inf : 0.079, fac : 0.002, total : 0.102 
 {acc} sup : 97.66, inf : 98.05
[151/249 iteration of epoch 41/50] 
 {loss} sup : 0.044, inf : 0.026, fac : 0.002, total : 0.044 
 {acc} sup : 99.61, inf : 99.61
[181/249 iteration of epoch 41/50] 
 {loss} sup : 0.103, inf : 0.103, fac : 0.002, total : 0.113 
 {acc} sup : 97.66, inf : 97.27
[211/249 iteration of epoch 41/50] 
 {loss} sup : 0.050, inf : 0.021, fac : 0.002, total : 0.043 
 {acc} sup : 99.61, inf : 100.00
[241/249 iteration of epoch 41/50] 
 {loss} sup : 0.087, inf : 0.042, fac : 0.002, total : 0.076 
 {acc} sup : 98.83, inf : 98.83
------------------------------
<Losses on train> sup : 0.074, inf : 0.047, fac : 0.002, total : 0.070
<Accuracies on train> sup : 98.74, inf : 98.99
Train epoch time: 789.781
------------------------------
<Accuracies on val> class : 63.50
------------------------------
<Accuracies on test> class : 41.49
------------------------------
Total epoch time: 822.906

New epoch - lr: 0.0009000000000000002
[1/249 iteration of epoch 42/50] 
 {loss} sup : 0.056, inf : 0.022, fac : 0.002, total : 0.049 
 {acc} sup : 100.00, inf : 100.00
[31/249 iteration of epoch 42/50] 
 {loss} sup : 0.078, inf : 0.033, fac : 0.002, total : 0.065 
 {acc} sup : 98.44, inf : 100.00
[61/249 iteration of epoch 42/50] 
 {loss} sup : 0.053, inf : 0.024, fac : 0.001, total : 0.044 
 {acc} sup : 99.22, inf : 99.22
[91/249 iteration of epoch 42/50] 
 {loss} sup : 0.057, inf : 0.020, fac : 0.002, total : 0.046 
 {acc} sup : 99.61, inf : 100.00
[121/249 iteration of epoch 42/50] 
 {loss} sup : 0.041, inf : 0.027, fac : 0.001, total : 0.039 
 {acc} sup : 99.61, inf : 99.61
[151/249 iteration of epoch 42/50] 
 {loss} sup : 0.052, inf : 0.024, fac : 0.001, total : 0.044 
 {acc} sup : 99.61, inf : 99.22
[181/249 iteration of epoch 42/50] 
 {loss} sup : 0.056, inf : 0.032, fac : 0.002, total : 0.052 
 {acc} sup : 99.61, inf : 100.00
[211/249 iteration of epoch 42/50] 
 {loss} sup : 0.055, inf : 0.021, fac : 0.003, total : 0.051 
 {acc} sup : 99.61, inf : 100.00
[241/249 iteration of epoch 42/50] 
 {loss} sup : 0.049, inf : 0.036, fac : 0.001, total : 0.050 
 {acc} sup : 99.61, inf : 99.61
------------------------------
<Losses on train> sup : 0.071, inf : 0.046, fac : 0.002, total : 0.068
<Accuracies on train> sup : 98.85, inf : 99.00
Train epoch time: 780.538
------------------------------
<Accuracies on val> class : 64.20
------------------------------
<Accuracies on test> class : 41.66
------------------------------
Total epoch time: 812.805

New epoch - lr: 0.0009000000000000002
[1/249 iteration of epoch 43/50] 
 {loss} sup : 0.085, inf : 0.060, fac : 0.002, total : 0.082 
 {acc} sup : 99.22, inf : 99.22
[31/249 iteration of epoch 43/50] 
 {loss} sup : 0.062, inf : 0.045, fac : 0.001, total : 0.059 
 {acc} sup : 99.22, inf : 99.22
[61/249 iteration of epoch 43/50] 
 {loss} sup : 0.069, inf : 0.037, fac : 0.002, total : 0.062 
 {acc} sup : 99.22, inf : 99.61
[91/249 iteration of epoch 43/50] 
 {loss} sup : 0.060, inf : 0.025, fac : 0.002, total : 0.051 
 {acc} sup : 99.22, inf : 99.61
[121/249 iteration of epoch 43/50] 
 {loss} sup : 0.034, inf : 0.027, fac : 0.002, total : 0.040 
 {acc} sup : 99.61, inf : 99.61
[151/249 iteration of epoch 43/50] 
 {loss} sup : 0.081, inf : 0.065, fac : 0.002, total : 0.085 
 {acc} sup : 98.44, inf : 97.27
[181/249 iteration of epoch 43/50] 
 {loss} sup : 0.135, inf : 0.130, fac : 0.003, total : 0.148 
 {acc} sup : 97.66, inf : 95.70
[211/249 iteration of epoch 43/50] 
 {loss} sup : 0.083, inf : 0.056, fac : 0.002, total : 0.078 
 {acc} sup : 98.44, inf : 98.83
[241/249 iteration of epoch 43/50] 
 {loss} sup : 0.126, inf : 0.073, fac : 0.002, total : 0.111 
 {acc} sup : 97.66, inf : 98.05
------------------------------
<Losses on train> sup : 0.072, inf : 0.047, fac : 0.002, total : 0.069
<Accuracies on train> sup : 98.81, inf : 99.01
Train epoch time: 778.198
------------------------------
<Accuracies on val> class : 63.62
------------------------------
<Accuracies on test> class : 41.53
------------------------------
Total epoch time: 810.426

New epoch - lr: 0.0009000000000000002
[1/249 iteration of epoch 44/50] 
 {loss} sup : 0.116, inf : 0.087, fac : 0.002, total : 0.111 
 {acc} sup : 98.44, inf : 98.44
[31/249 iteration of epoch 44/50] 
 {loss} sup : 0.080, inf : 0.046, fac : 0.001, total : 0.070 
 {acc} sup : 98.83, inf : 99.22
[61/249 iteration of epoch 44/50] 
 {loss} sup : 0.096, inf : 0.061, fac : 0.003, total : 0.092 
 {acc} sup : 98.05, inf : 98.05
[91/249 iteration of epoch 44/50] 
 {loss} sup : 0.058, inf : 0.026, fac : 0.001, total : 0.049 
 {acc} sup : 99.61, inf : 98.83
[121/249 iteration of epoch 44/50] 
 {loss} sup : 0.058, inf : 0.025, fac : 0.002, total : 0.050 
 {acc} sup : 98.83, inf : 100.00
[151/249 iteration of epoch 44/50] 
 {loss} sup : 0.042, inf : 0.031, fac : 0.002, total : 0.045 
 {acc} sup : 99.22, inf : 99.61
[181/249 iteration of epoch 44/50] 
 {loss} sup : 0.072, inf : 0.034, fac : 0.002, total : 0.065 
 {acc} sup : 99.22, inf : 99.61
[211/249 iteration of epoch 44/50] 
 {loss} sup : 0.065, inf : 0.050, fac : 0.003, total : 0.070 
 {acc} sup : 98.83, inf : 98.83
[241/249 iteration of epoch 44/50] 
 {loss} sup : 0.118, inf : 0.091, fac : 0.002, total : 0.116 
 {acc} sup : 97.27, inf : 97.66
------------------------------
<Losses on train> sup : 0.071, inf : 0.045, fac : 0.002, total : 0.068
<Accuracies on train> sup : 98.84, inf : 99.06
Train epoch time: 783.914
------------------------------
<Accuracies on val> class : 63.69
------------------------------
<Accuracies on test> class : 41.12
------------------------------
Total epoch time: 815.962

New epoch - lr: 0.0009000000000000002
[1/249 iteration of epoch 45/50] 
 {loss} sup : 0.055, inf : 0.025, fac : 0.002, total : 0.049 
 {acc} sup : 99.22, inf : 99.61
[31/249 iteration of epoch 45/50] 
 {loss} sup : 0.086, inf : 0.052, fac : 0.001, total : 0.076 
 {acc} sup : 99.22, inf : 99.61
[61/249 iteration of epoch 45/50] 
 {loss} sup : 0.065, inf : 0.042, fac : 0.001, total : 0.060 
 {acc} sup : 98.83, inf : 99.22
[91/249 iteration of epoch 45/50] 
 {loss} sup : 0.051, inf : 0.020, fac : 0.001, total : 0.042 
 {acc} sup : 99.22, inf : 100.00
[121/249 iteration of epoch 45/50] 
 {loss} sup : 0.076, inf : 0.051, fac : 0.002, total : 0.075 
 {acc} sup : 98.44, inf : 98.83
[151/249 iteration of epoch 45/50] 
 {loss} sup : 0.093, inf : 0.085, fac : 0.002, total : 0.101 
 {acc} sup : 97.66, inf : 97.66
[181/249 iteration of epoch 45/50] 
 {loss} sup : 0.157, inf : 0.107, fac : 0.002, total : 0.143 
 {acc} sup : 97.27, inf : 98.05
[211/249 iteration of epoch 45/50] 
 {loss} sup : 0.105, inf : 0.072, fac : 0.001, total : 0.095 
 {acc} sup : 98.05, inf : 98.05
[241/249 iteration of epoch 45/50] 
 {loss} sup : 0.044, inf : 0.033, fac : 0.001, total : 0.045 
 {acc} sup : 100.00, inf : 99.61
------------------------------
<Losses on train> sup : 0.073, inf : 0.047, fac : 0.002, total : 0.070
<Accuracies on train> sup : 98.80, inf : 98.99
Train epoch time: 792.507
------------------------------
<Accuracies on val> class : 63.43
------------------------------
<Accuracies on test> class : 41.16
------------------------------
Total epoch time: 824.985

New epoch - lr: 0.0009000000000000002
[1/249 iteration of epoch 46/50] 
 {loss} sup : 0.090, inf : 0.063, fac : 0.002, total : 0.086 
 {acc} sup : 98.83, inf : 99.22
[31/249 iteration of epoch 46/50] 
 {loss} sup : 0.100, inf : 0.073, fac : 0.002, total : 0.097 
 {acc} sup : 98.44, inf : 98.44
[61/249 iteration of epoch 46/50] 
 {loss} sup : 0.140, inf : 0.132, fac : 0.002, total : 0.148 
 {acc} sup : 98.05, inf : 97.66
[91/249 iteration of epoch 46/50] 
 {loss} sup : 0.069, inf : 0.049, fac : 0.002, total : 0.069 
 {acc} sup : 98.44, inf : 98.83
[121/249 iteration of epoch 46/50] 
 {loss} sup : 0.079, inf : 0.056, fac : 0.002, total : 0.079 
 {acc} sup : 99.22, inf : 99.22
[151/249 iteration of epoch 46/50] 
 {loss} sup : 0.098, inf : 0.066, fac : 0.002, total : 0.090 
 {acc} sup : 98.83, inf : 98.83
[181/249 iteration of epoch 46/50] 
 {loss} sup : 0.049, inf : 0.017, fac : 0.002, total : 0.042 
 {acc} sup : 99.61, inf : 100.00
[211/249 iteration of epoch 46/50] 
 {loss} sup : 0.049, inf : 0.029, fac : 0.001, total : 0.046 
 {acc} sup : 99.22, inf : 99.22
[241/249 iteration of epoch 46/50] 
 {loss} sup : 0.058, inf : 0.024, fac : 0.002, total : 0.050 
 {acc} sup : 99.61, inf : 99.61
------------------------------
<Losses on train> sup : 0.071, inf : 0.047, fac : 0.002, total : 0.068
<Accuracies on train> sup : 98.88, inf : 99.07
Train epoch time: 788.745
------------------------------
<Accuracies on val> class : 62.72
------------------------------
<Accuracies on test> class : 40.75
------------------------------
Total epoch time: 821.552

New epoch - lr: 0.0009000000000000002
[1/249 iteration of epoch 47/50] 
 {loss} sup : 0.091, inf : 0.062, fac : 0.001, total : 0.081 
 {acc} sup : 97.27, inf : 98.05
[31/249 iteration of epoch 47/50] 
 {loss} sup : 0.092, inf : 0.062, fac : 0.002, total : 0.086 
 {acc} sup : 98.05, inf : 98.44
[61/249 iteration of epoch 47/50] 
 {loss} sup : 0.055, inf : 0.044, fac : 0.003, total : 0.063 
 {acc} sup : 99.22, inf : 99.22
[91/249 iteration of epoch 47/50] 
 {loss} sup : 0.065, inf : 0.042, fac : 0.002, total : 0.063 
 {acc} sup : 99.22, inf : 98.83
[121/249 iteration of epoch 47/50] 
 {loss} sup : 0.031, inf : 0.018, fac : 0.001, total : 0.031 
 {acc} sup : 100.00, inf : 99.61
[151/249 iteration of epoch 47/50] 
 {loss} sup : 0.035, inf : 0.012, fac : 0.001, total : 0.028 
 {acc} sup : 100.00, inf : 100.00
[181/249 iteration of epoch 47/50] 
 {loss} sup : 0.091, inf : 0.062, fac : 0.002, total : 0.087 
 {acc} sup : 98.05, inf : 98.83
[211/249 iteration of epoch 47/50] 
 {loss} sup : 0.040, inf : 0.028, fac : 0.002, total : 0.042 
 {acc} sup : 100.00, inf : 99.61
[241/249 iteration of epoch 47/50] 
 {loss} sup : 0.062, inf : 0.035, fac : 0.002, total : 0.056 
 {acc} sup : 99.61, inf : 99.61
------------------------------
<Losses on train> sup : 0.069, inf : 0.046, fac : 0.002, total : 0.067
<Accuracies on train> sup : 98.92, inf : 99.04
Train epoch time: 784.955
------------------------------
<Accuracies on val> class : 63.56
------------------------------
<Accuracies on test> class : 41.70
------------------------------
Total epoch time: 816.747

New epoch - lr: 0.0009000000000000002
[1/249 iteration of epoch 48/50] 
 {loss} sup : 0.065, inf : 0.030, fac : 0.001, total : 0.052 
 {acc} sup : 98.83, inf : 99.22
[31/249 iteration of epoch 48/50] 
 {loss} sup : 0.090, inf : 0.055, fac : 0.001, total : 0.080 
 {acc} sup : 98.44, inf : 98.83
[61/249 iteration of epoch 48/50] 
 {loss} sup : 0.058, inf : 0.044, fac : 0.001, total : 0.058 
 {acc} sup : 99.22, inf : 99.22
[91/249 iteration of epoch 48/50] 
 {loss} sup : 0.091, inf : 0.070, fac : 0.002, total : 0.092 
 {acc} sup : 98.44, inf : 98.44
[121/249 iteration of epoch 48/50] 
 {loss} sup : 0.062, inf : 0.038, fac : 0.001, total : 0.057 
 {acc} sup : 99.22, inf : 99.22
[151/249 iteration of epoch 48/50] 
 {loss} sup : 0.151, inf : 0.093, fac : 0.002, total : 0.130 
 {acc} sup : 95.70, inf : 97.27
[181/249 iteration of epoch 48/50] 
 {loss} sup : 0.077, inf : 0.054, fac : 0.002, total : 0.074 
 {acc} sup : 98.83, inf : 99.22
[211/249 iteration of epoch 48/50] 
 {loss} sup : 0.032, inf : 0.018, fac : 0.001, total : 0.031 
 {acc} sup : 99.61, inf : 99.22
[241/249 iteration of epoch 48/50] 
 {loss} sup : 0.094, inf : 0.066, fac : 0.002, total : 0.089 
 {acc} sup : 98.83, inf : 98.83
------------------------------
<Losses on train> sup : 0.070, inf : 0.047, fac : 0.002, total : 0.068
<Accuracies on train> sup : 98.84, inf : 98.98
Train epoch time: 784.873
------------------------------
<Accuracies on val> class : 63.37
------------------------------
<Accuracies on test> class : 41.62
------------------------------
Total epoch time: 816.697

New epoch - lr: 0.0009000000000000002
[1/249 iteration of epoch 49/50] 
 {loss} sup : 0.080, inf : 0.053, fac : 0.002, total : 0.078 
 {acc} sup : 98.83, inf : 98.83
[31/249 iteration of epoch 49/50] 
 {loss} sup : 0.088, inf : 0.057, fac : 0.002, total : 0.082 
 {acc} sup : 98.05, inf : 99.22
[61/249 iteration of epoch 49/50] 
 {loss} sup : 0.040, inf : 0.018, fac : 0.003, total : 0.042 
 {acc} sup : 100.00, inf : 100.00
[91/249 iteration of epoch 49/50] 
 {loss} sup : 0.075, inf : 0.059, fac : 0.001, total : 0.073 
 {acc} sup : 98.44, inf : 98.44
[121/249 iteration of epoch 49/50] 
 {loss} sup : 0.052, inf : 0.030, fac : 0.002, total : 0.051 
 {acc} sup : 99.22, inf : 99.22
[151/249 iteration of epoch 49/50] 
 {loss} sup : 0.096, inf : 0.062, fac : 0.002, total : 0.091 
 {acc} sup : 98.44, inf : 98.83
[181/249 iteration of epoch 49/50] 
 {loss} sup : 0.054, inf : 0.023, fac : 0.002, total : 0.050 
 {acc} sup : 99.61, inf : 99.61
[211/249 iteration of epoch 49/50] 
 {loss} sup : 0.064, inf : 0.033, fac : 0.002, total : 0.058 
 {acc} sup : 98.83, inf : 99.22
[241/249 iteration of epoch 49/50] 
 {loss} sup : 0.066, inf : 0.046, fac : 0.002, total : 0.067 
 {acc} sup : 99.61, inf : 98.83
------------------------------
<Losses on train> sup : 0.067, inf : 0.043, fac : 0.002, total : 0.064
<Accuracies on train> sup : 98.91, inf : 99.10
Train epoch time: 775.617
------------------------------
<Accuracies on val> class : 63.50
------------------------------
<Accuracies on test> class : 41.41
------------------------------
Total epoch time: 807.005

New epoch - lr: 0.0009000000000000002
[1/249 iteration of epoch 50/50] 
 {loss} sup : 0.050, inf : 0.034, fac : 0.002, total : 0.051 
 {acc} sup : 99.61, inf : 99.22
[31/249 iteration of epoch 50/50] 
 {loss} sup : 0.035, inf : 0.023, fac : 0.001, total : 0.035 
 {acc} sup : 99.22, inf : 99.61
[61/249 iteration of epoch 50/50] 
 {loss} sup : 0.078, inf : 0.060, fac : 0.002, total : 0.081 
 {acc} sup : 98.83, inf : 98.44
[91/249 iteration of epoch 50/50] 
 {loss} sup : 0.125, inf : 0.099, fac : 0.002, total : 0.120 
 {acc} sup : 98.05, inf : 97.66
[121/249 iteration of epoch 50/50] 
 {loss} sup : 0.081, inf : 0.059, fac : 0.003, total : 0.086 
 {acc} sup : 99.22, inf : 98.83
[151/249 iteration of epoch 50/50] 
 {loss} sup : 0.051, inf : 0.037, fac : 0.002, total : 0.055 
 {acc} sup : 99.61, inf : 99.22
[181/249 iteration of epoch 50/50] 
 {loss} sup : 0.063, inf : 0.034, fac : 0.002, total : 0.058 
 {acc} sup : 99.22, inf : 99.61
[211/249 iteration of epoch 50/50] 
 {loss} sup : 0.109, inf : 0.092, fac : 0.002, total : 0.111 
 {acc} sup : 96.88, inf : 97.66
[241/249 iteration of epoch 50/50] 
 {loss} sup : 0.055, inf : 0.036, fac : 0.002, total : 0.054 
 {acc} sup : 98.83, inf : 99.22
------------------------------
<Losses on train> sup : 0.070, inf : 0.046, fac : 0.002, total : 0.067
<Accuracies on train> sup : 98.82, inf : 99.05
Train epoch time: 769.475
------------------------------
<Accuracies on val> class : 63.50
------------------------------
<Accuracies on test> class : 41.12
------------------------------
Total epoch time: 799.064

******************************
Best val 0.478368, corresponding test 0.478368 - best test: 0.478368
