
Loading experiment Officehome/ResNet18_step

Sample Strategy: all

New epoch - lr: 0.003
[1/61 iteration of epoch 1/50] 
 {loss} cls : 4.430, total : 4.430 
 {acc} cls : 3.91
[31/61 iteration of epoch 1/50] 
 {loss} cls : 1.291, total : 1.291 
 {acc} cls : 65.62
[61/61 iteration of epoch 1/50] 
 {loss} cls : 1.009, total : 1.009 
 {acc} cls : 75.00
------------------------------
<Losses on train> cls : 1.806, total : 1.806
<Accuracies on train> cls : 56.03
Train epoch time: 240.676
------------------------------
<Accuracies on val> class : 75.86
------------------------------
<Accuracies on test> class : 55.08
------------------------------
<Accuracies on Art> test class : 52.82
------------------------------
<Accuracies on Clipart> test class : 46.37
------------------------------
<Accuracies on Product> test class : 64.88
------------------------------
Total epoch time: 355.853

New epoch - lr: 0.003
[1/61 iteration of epoch 2/50] 
 {loss} cls : 0.962, total : 0.962 
 {acc} cls : 72.66
[31/61 iteration of epoch 2/50] 
 {loss} cls : 0.616, total : 0.616 
 {acc} cls : 81.25
[61/61 iteration of epoch 2/50] 
 {loss} cls : 0.574, total : 0.574 
 {acc} cls : 84.38
------------------------------
<Losses on train> cls : 0.739, total : 0.739
<Accuracies on train> cls : 78.69
Train epoch time: 193.317
------------------------------
<Accuracies on val> class : 78.62
------------------------------
<Accuracies on test> class : 58.73
------------------------------
<Accuracies on Art> test class : 53.65
------------------------------
<Accuracies on Clipart> test class : 50.01
------------------------------
<Accuracies on Product> test class : 70.08
------------------------------
Total epoch time: 306.876

New epoch - lr: 0.003
[1/61 iteration of epoch 3/50] 
 {loss} cls : 0.479, total : 0.479 
 {acc} cls : 82.81
[31/61 iteration of epoch 3/50] 
 {loss} cls : 0.685, total : 0.685 
 {acc} cls : 82.03
[61/61 iteration of epoch 3/50] 
 {loss} cls : 0.338, total : 0.338 
 {acc} cls : 89.84
------------------------------
<Losses on train> cls : 0.579, total : 0.579
<Accuracies on train> cls : 83.40
Train epoch time: 153.629
------------------------------
<Accuracies on val> class : 78.62
------------------------------
<Accuracies on test> class : 57.64
------------------------------
<Accuracies on Art> test class : 53.52
------------------------------
<Accuracies on Clipart> test class : 49.03
------------------------------
<Accuracies on Product> test class : 68.37
------------------------------
Total epoch time: 272.988

New epoch - lr: 0.003
[1/61 iteration of epoch 4/50] 
 {loss} cls : 0.484, total : 0.484 
 {acc} cls : 86.72
[31/61 iteration of epoch 4/50] 
 {loss} cls : 0.430, total : 0.430 
 {acc} cls : 87.50
[61/61 iteration of epoch 4/50] 
 {loss} cls : 0.403, total : 0.403 
 {acc} cls : 89.84
------------------------------
<Losses on train> cls : 0.470, total : 0.470
<Accuracies on train> cls : 86.32
Train epoch time: 145.751
------------------------------
<Accuracies on val> class : 78.62
------------------------------
<Accuracies on test> class : 60.81
------------------------------
<Accuracies on Art> test class : 56.57
------------------------------
<Accuracies on Clipart> test class : 52.85
------------------------------
<Accuracies on Product> test class : 70.96
------------------------------
Total epoch time: 265.037

New epoch - lr: 0.003
[1/61 iteration of epoch 5/50] 
 {loss} cls : 0.373, total : 0.373 
 {acc} cls : 86.72
[31/61 iteration of epoch 5/50] 
 {loss} cls : 0.450, total : 0.450 
 {acc} cls : 87.50
[61/61 iteration of epoch 5/50] 
 {loss} cls : 0.447, total : 0.447 
 {acc} cls : 89.06
------------------------------
<Losses on train> cls : 0.412, total : 0.412
<Accuracies on train> cls : 88.24
Train epoch time: 144.073
------------------------------
<Accuracies on val> class : 77.01
------------------------------
<Accuracies on test> class : 59.21
------------------------------
<Accuracies on Art> test class : 54.06
------------------------------
<Accuracies on Clipart> test class : 51.34
------------------------------
<Accuracies on Product> test class : 69.77
------------------------------
Total epoch time: 255.138

New epoch - lr: 0.003
[1/61 iteration of epoch 6/50] 
 {loss} cls : 0.322, total : 0.322 
 {acc} cls : 90.62
[31/61 iteration of epoch 6/50] 
 {loss} cls : 0.334, total : 0.334 
 {acc} cls : 89.84
[61/61 iteration of epoch 6/50] 
 {loss} cls : 0.400, total : 0.400 
 {acc} cls : 92.19
------------------------------
<Losses on train> cls : 0.352, total : 0.352
<Accuracies on train> cls : 89.84
Train epoch time: 123.461
------------------------------
<Accuracies on val> class : 79.31
------------------------------
<Accuracies on test> class : 61.09
------------------------------
<Accuracies on Art> test class : 55.87
------------------------------
<Accuracies on Clipart> test class : 53.10
------------------------------
<Accuracies on Product> test class : 71.80
------------------------------
Total epoch time: 220.429

New epoch - lr: 0.003
[1/61 iteration of epoch 7/50] 
 {loss} cls : 0.211, total : 0.211 
 {acc} cls : 97.66
[31/61 iteration of epoch 7/50] 
 {loss} cls : 0.393, total : 0.393 
 {acc} cls : 89.84
[61/61 iteration of epoch 7/50] 
 {loss} cls : 0.264, total : 0.264 
 {acc} cls : 91.41
------------------------------
<Losses on train> cls : 0.300, total : 0.300
<Accuracies on train> cls : 91.53
Train epoch time: 130.148
------------------------------
<Accuracies on val> class : 81.15
------------------------------
<Accuracies on test> class : 61.48
------------------------------
<Accuracies on Art> test class : 56.78
------------------------------
<Accuracies on Clipart> test class : 52.88
------------------------------
<Accuracies on Product> test class : 72.52
------------------------------
Total epoch time: 255.052

New epoch - lr: 0.003
[1/61 iteration of epoch 8/50] 
 {loss} cls : 0.342, total : 0.342 
 {acc} cls : 90.62
[31/61 iteration of epoch 8/50] 
 {loss} cls : 0.239, total : 0.239 
 {acc} cls : 92.97
[61/61 iteration of epoch 8/50] 
 {loss} cls : 0.248, total : 0.248 
 {acc} cls : 92.19
------------------------------
<Losses on train> cls : 0.297, total : 0.297
<Accuracies on train> cls : 91.61
Train epoch time: 137.156
------------------------------
<Accuracies on val> class : 81.61
------------------------------
<Accuracies on test> class : 61.87
------------------------------
<Accuracies on Art> test class : 56.90
------------------------------
<Accuracies on Clipart> test class : 54.02
------------------------------
<Accuracies on Product> test class : 72.31
------------------------------
Total epoch time: 255.241

New epoch - lr: 0.003
[1/61 iteration of epoch 9/50] 
 {loss} cls : 0.151, total : 0.151 
 {acc} cls : 94.53
[31/61 iteration of epoch 9/50] 
 {loss} cls : 0.248, total : 0.248 
 {acc} cls : 92.97
[61/61 iteration of epoch 9/50] 
 {loss} cls : 0.325, total : 0.325 
 {acc} cls : 89.06
------------------------------
<Losses on train> cls : 0.254, total : 0.254
<Accuracies on train> cls : 92.67
Train epoch time: 137.481
------------------------------
<Accuracies on val> class : 83.68
------------------------------
<Accuracies on test> class : 62.10
------------------------------
<Accuracies on Art> test class : 58.10
------------------------------
<Accuracies on Clipart> test class : 54.09
------------------------------
<Accuracies on Product> test class : 72.18
------------------------------
Total epoch time: 258.158

New epoch - lr: 0.003
[1/61 iteration of epoch 10/50] 
 {loss} cls : 0.125, total : 0.125 
 {acc} cls : 96.88
[31/61 iteration of epoch 10/50] 
 {loss} cls : 0.214, total : 0.214 
 {acc} cls : 92.97
[61/61 iteration of epoch 10/50] 
 {loss} cls : 0.238, total : 0.238 
 {acc} cls : 92.19
------------------------------
<Losses on train> cls : 0.220, total : 0.220
<Accuracies on train> cls : 93.63
Train epoch time: 139.054
------------------------------
<Accuracies on val> class : 82.07
------------------------------
<Accuracies on test> class : 62.38
------------------------------
<Accuracies on Art> test class : 57.07
------------------------------
<Accuracies on Clipart> test class : 55.60
------------------------------
<Accuracies on Product> test class : 71.95
------------------------------
Total epoch time: 254.245

New epoch - lr: 0.003
[1/61 iteration of epoch 11/50] 
 {loss} cls : 0.322, total : 0.322 
 {acc} cls : 90.62
[31/61 iteration of epoch 11/50] 
 {loss} cls : 0.116, total : 0.116 
 {acc} cls : 96.88
[61/61 iteration of epoch 11/50] 
 {loss} cls : 0.209, total : 0.209 
 {acc} cls : 92.19
------------------------------
<Losses on train> cls : 0.212, total : 0.212
<Accuracies on train> cls : 93.94
Train epoch time: 133.495
------------------------------
<Accuracies on val> class : 82.07
------------------------------
<Accuracies on test> class : 61.55
------------------------------
<Accuracies on Art> test class : 57.44
------------------------------
<Accuracies on Clipart> test class : 53.06
------------------------------
<Accuracies on Product> test class : 72.16
------------------------------
Total epoch time: 256.410

New epoch - lr: 0.003
[1/61 iteration of epoch 12/50] 
 {loss} cls : 0.281, total : 0.281 
 {acc} cls : 91.41
[31/61 iteration of epoch 12/50] 
 {loss} cls : 0.158, total : 0.158 
 {acc} cls : 96.09
[61/61 iteration of epoch 12/50] 
 {loss} cls : 0.129, total : 0.129 
 {acc} cls : 96.09
------------------------------
<Losses on train> cls : 0.182, total : 0.182
<Accuracies on train> cls : 94.93
Train epoch time: 136.179
------------------------------
<Accuracies on val> class : 82.30
------------------------------
<Accuracies on test> class : 61.95
------------------------------
<Accuracies on Art> test class : 57.23
------------------------------
<Accuracies on Clipart> test class : 54.23
------------------------------
<Accuracies on Product> test class : 72.13
------------------------------
Total epoch time: 254.030

New epoch - lr: 0.003
[1/61 iteration of epoch 13/50] 
 {loss} cls : 0.189, total : 0.189 
 {acc} cls : 95.31
[31/61 iteration of epoch 13/50] 
 {loss} cls : 0.207, total : 0.207 
 {acc} cls : 95.31
[61/61 iteration of epoch 13/50] 
 {loss} cls : 0.170, total : 0.170 
 {acc} cls : 96.09
------------------------------
<Losses on train> cls : 0.165, total : 0.165
<Accuracies on train> cls : 95.70
Train epoch time: 135.462
------------------------------
<Accuracies on val> class : 81.15
------------------------------
<Accuracies on test> class : 61.64
------------------------------
<Accuracies on Art> test class : 56.74
------------------------------
<Accuracies on Clipart> test class : 52.83
------------------------------
<Accuracies on Product> test class : 72.99
------------------------------
Total epoch time: 250.163

New epoch - lr: 0.003
[1/61 iteration of epoch 14/50] 
 {loss} cls : 0.127, total : 0.127 
 {acc} cls : 96.09
[31/61 iteration of epoch 14/50] 
 {loss} cls : 0.164, total : 0.164 
 {acc} cls : 93.75
[61/61 iteration of epoch 14/50] 
 {loss} cls : 0.150, total : 0.150 
 {acc} cls : 96.09
------------------------------
<Losses on train> cls : 0.150, total : 0.150
<Accuracies on train> cls : 95.68
Train epoch time: 122.538
------------------------------
<Accuracies on val> class : 82.07
------------------------------
<Accuracies on test> class : 62.47
------------------------------
<Accuracies on Art> test class : 56.78
------------------------------
<Accuracies on Clipart> test class : 54.66
------------------------------
<Accuracies on Product> test class : 73.26
------------------------------
Total epoch time: 224.103

New epoch - lr: 0.003
[1/61 iteration of epoch 15/50] 
 {loss} cls : 0.121, total : 0.121 
 {acc} cls : 96.09
[31/61 iteration of epoch 15/50] 
 {loss} cls : 0.249, total : 0.249 
 {acc} cls : 93.75
[61/61 iteration of epoch 15/50] 
 {loss} cls : 0.119, total : 0.119 
 {acc} cls : 96.09
------------------------------
<Losses on train> cls : 0.140, total : 0.140
<Accuracies on train> cls : 96.29
Train epoch time: 108.131
------------------------------
<Accuracies on val> class : 82.07
------------------------------
<Accuracies on test> class : 62.31
------------------------------
<Accuracies on Art> test class : 56.61
------------------------------
<Accuracies on Clipart> test class : 54.39
------------------------------
<Accuracies on Product> test class : 73.21
------------------------------
Total epoch time: 204.688

New epoch - lr: 0.003
[1/61 iteration of epoch 16/50] 
 {loss} cls : 0.100, total : 0.100 
 {acc} cls : 97.66
[31/61 iteration of epoch 16/50] 
 {loss} cls : 0.151, total : 0.151 
 {acc} cls : 96.09
[61/61 iteration of epoch 16/50] 
 {loss} cls : 0.152, total : 0.152 
 {acc} cls : 96.09
------------------------------
<Losses on train> cls : 0.126, total : 0.126
<Accuracies on train> cls : 96.39
Train epoch time: 106.921
------------------------------
<Accuracies on val> class : 83.22
------------------------------
<Accuracies on test> class : 62.67
------------------------------
<Accuracies on Art> test class : 57.85
------------------------------
<Accuracies on Clipart> test class : 55.26
------------------------------
<Accuracies on Product> test class : 72.61
------------------------------
Total epoch time: 201.346

New epoch - lr: 0.003
[1/61 iteration of epoch 17/50] 
 {loss} cls : 0.066, total : 0.066 
 {acc} cls : 98.44
[31/61 iteration of epoch 17/50] 
 {loss} cls : 0.106, total : 0.106 
 {acc} cls : 95.31
[61/61 iteration of epoch 17/50] 
 {loss} cls : 0.114, total : 0.114 
 {acc} cls : 96.09
------------------------------
<Losses on train> cls : 0.121, total : 0.121
<Accuracies on train> cls : 96.67
Train epoch time: 113.073
------------------------------
<Accuracies on val> class : 81.61
------------------------------
<Accuracies on test> class : 61.83
------------------------------
<Accuracies on Art> test class : 56.74
------------------------------
<Accuracies on Clipart> test class : 53.77
------------------------------
<Accuracies on Product> test class : 72.54
------------------------------
Total epoch time: 204.501

New epoch - lr: 0.003
[1/61 iteration of epoch 18/50] 
 {loss} cls : 0.163, total : 0.163 
 {acc} cls : 94.53
[31/61 iteration of epoch 18/50] 
 {loss} cls : 0.082, total : 0.082 
 {acc} cls : 97.66
[61/61 iteration of epoch 18/50] 
 {loss} cls : 0.141, total : 0.141 
 {acc} cls : 92.97
------------------------------
<Losses on train> cls : 0.118, total : 0.118
<Accuracies on train> cls : 96.82
Train epoch time: 110.330
------------------------------
<Accuracies on val> class : 83.68
------------------------------
<Accuracies on test> class : 61.89
------------------------------
<Accuracies on Art> test class : 57.19
------------------------------
<Accuracies on Clipart> test class : 53.84
------------------------------
<Accuracies on Product> test class : 72.38
------------------------------
Total epoch time: 204.619

New epoch - lr: 0.003
[1/61 iteration of epoch 19/50] 
 {loss} cls : 0.105, total : 0.105 
 {acc} cls : 96.88
[31/61 iteration of epoch 19/50] 
 {loss} cls : 0.126, total : 0.126 
 {acc} cls : 96.09
[61/61 iteration of epoch 19/50] 
 {loss} cls : 0.091, total : 0.091 
 {acc} cls : 98.44
------------------------------
<Losses on train> cls : 0.108, total : 0.108
<Accuracies on train> cls : 96.88
Train epoch time: 111.028
------------------------------
<Accuracies on val> class : 82.53
------------------------------
<Accuracies on test> class : 62.34
------------------------------
<Accuracies on Art> test class : 56.20
------------------------------
<Accuracies on Clipart> test class : 55.40
------------------------------
<Accuracies on Product> test class : 72.52
------------------------------
Total epoch time: 207.183

New epoch - lr: 0.003
[1/61 iteration of epoch 20/50] 
 {loss} cls : 0.108, total : 0.108 
 {acc} cls : 98.44
[31/61 iteration of epoch 20/50] 
 {loss} cls : 0.073, total : 0.073 
 {acc} cls : 99.22
[61/61 iteration of epoch 20/50] 
 {loss} cls : 0.096, total : 0.096 
 {acc} cls : 98.44
------------------------------
<Losses on train> cls : 0.094, total : 0.094
<Accuracies on train> cls : 97.72
Train epoch time: 107.910
------------------------------
<Accuracies on val> class : 80.46
------------------------------
<Accuracies on test> class : 62.17
------------------------------
<Accuracies on Art> test class : 57.11
------------------------------
<Accuracies on Clipart> test class : 54.64
------------------------------
<Accuracies on Product> test class : 72.34
------------------------------
Total epoch time: 200.588

New epoch - lr: 0.003
[1/61 iteration of epoch 21/50] 
 {loss} cls : 0.071, total : 0.071 
 {acc} cls : 99.22
[31/61 iteration of epoch 21/50] 
 {loss} cls : 0.180, total : 0.180 
 {acc} cls : 95.31
[61/61 iteration of epoch 21/50] 
 {loss} cls : 0.113, total : 0.113 
 {acc} cls : 97.66
------------------------------
<Losses on train> cls : 0.102, total : 0.102
<Accuracies on train> cls : 97.34
Train epoch time: 111.287
------------------------------
<Accuracies on val> class : 81.15
------------------------------
<Accuracies on test> class : 62.17
------------------------------
<Accuracies on Art> test class : 56.86
------------------------------
<Accuracies on Clipart> test class : 54.91
------------------------------
<Accuracies on Product> test class : 72.20
------------------------------
Total epoch time: 202.733

New epoch - lr: 0.003
[1/61 iteration of epoch 22/50] 
 {loss} cls : 0.074, total : 0.074 
 {acc} cls : 99.22
[31/61 iteration of epoch 22/50] 
 {loss} cls : 0.053, total : 0.053 
 {acc} cls : 98.44
[61/61 iteration of epoch 22/50] 
 {loss} cls : 0.141, total : 0.141 
 {acc} cls : 95.31
------------------------------
<Losses on train> cls : 0.085, total : 0.085
<Accuracies on train> cls : 97.61
Train epoch time: 113.667
------------------------------
<Accuracies on val> class : 81.15
------------------------------
<Accuracies on test> class : 61.62
------------------------------
<Accuracies on Art> test class : 56.04
------------------------------
<Accuracies on Clipart> test class : 53.86
------------------------------
<Accuracies on Product> test class : 72.31
------------------------------
Total epoch time: 207.587

New epoch - lr: 0.003
[1/61 iteration of epoch 23/50] 
 {loss} cls : 0.136, total : 0.136 
 {acc} cls : 96.09
[31/61 iteration of epoch 23/50] 
 {loss} cls : 0.113, total : 0.113 
 {acc} cls : 97.66
[61/61 iteration of epoch 23/50] 
 {loss} cls : 0.104, total : 0.104 
 {acc} cls : 96.88
------------------------------
<Losses on train> cls : 0.088, total : 0.088
<Accuracies on train> cls : 97.72
Train epoch time: 108.135
------------------------------
<Accuracies on val> class : 81.15
------------------------------
<Accuracies on test> class : 62.08
------------------------------
<Accuracies on Art> test class : 56.16
------------------------------
<Accuracies on Clipart> test class : 54.48
------------------------------
<Accuracies on Product> test class : 72.79
------------------------------
Total epoch time: 203.810

New epoch - lr: 0.003
[1/61 iteration of epoch 24/50] 
 {loss} cls : 0.141, total : 0.141 
 {acc} cls : 96.88
[31/61 iteration of epoch 24/50] 
 {loss} cls : 0.083, total : 0.083 
 {acc} cls : 96.88
[61/61 iteration of epoch 24/50] 
 {loss} cls : 0.096, total : 0.096 
 {acc} cls : 97.66
------------------------------
<Losses on train> cls : 0.082, total : 0.082
<Accuracies on train> cls : 97.87
Train epoch time: 107.758
------------------------------
<Accuracies on val> class : 82.07
------------------------------
<Accuracies on test> class : 62.03
------------------------------
<Accuracies on Art> test class : 57.07
------------------------------
<Accuracies on Clipart> test class : 54.18
------------------------------
<Accuracies on Product> test class : 72.47
------------------------------
Total epoch time: 203.991

New epoch - lr: 0.003
[1/61 iteration of epoch 25/50] 
 {loss} cls : 0.040, total : 0.040 
 {acc} cls : 99.22
[31/61 iteration of epoch 25/50] 
 {loss} cls : 0.062, total : 0.062 
 {acc} cls : 99.22
[61/61 iteration of epoch 25/50] 
 {loss} cls : 0.146, total : 0.146 
 {acc} cls : 95.31
------------------------------
<Losses on train> cls : 0.079, total : 0.079
<Accuracies on train> cls : 97.94
Train epoch time: 109.623
------------------------------
<Accuracies on val> class : 81.38
------------------------------
<Accuracies on test> class : 63.28
------------------------------
<Accuracies on Art> test class : 57.15
------------------------------
<Accuracies on Clipart> test class : 56.01
------------------------------
<Accuracies on Product> test class : 73.78
------------------------------
Total epoch time: 201.765

New epoch - lr: 0.003
[1/61 iteration of epoch 26/50] 
 {loss} cls : 0.068, total : 0.068 
 {acc} cls : 99.22
[31/61 iteration of epoch 26/50] 
 {loss} cls : 0.079, total : 0.079 
 {acc} cls : 97.66
[61/61 iteration of epoch 26/50] 
 {loss} cls : 0.021, total : 0.021 
 {acc} cls : 100.00
------------------------------
<Losses on train> cls : 0.073, total : 0.073
<Accuracies on train> cls : 98.12
Train epoch time: 109.769
------------------------------
<Accuracies on val> class : 81.38
------------------------------
<Accuracies on test> class : 63.32
------------------------------
<Accuracies on Art> test class : 56.98
------------------------------
<Accuracies on Clipart> test class : 56.20
------------------------------
<Accuracies on Product> test class : 73.80
------------------------------
Total epoch time: 206.135

New epoch - lr: 0.003
[1/61 iteration of epoch 27/50] 
 {loss} cls : 0.040, total : 0.040 
 {acc} cls : 100.00
[31/61 iteration of epoch 27/50] 
 {loss} cls : 0.071, total : 0.071 
 {acc} cls : 98.44
[61/61 iteration of epoch 27/50] 
 {loss} cls : 0.069, total : 0.069 
 {acc} cls : 97.66
------------------------------
<Losses on train> cls : 0.067, total : 0.067
<Accuracies on train> cls : 98.32
Train epoch time: 109.265
------------------------------
<Accuracies on val> class : 82.53
------------------------------
<Accuracies on test> class : 62.69
------------------------------
<Accuracies on Art> test class : 56.24
------------------------------
<Accuracies on Clipart> test class : 55.10
------------------------------
<Accuracies on Product> test class : 73.69
------------------------------
Total epoch time: 202.066

New epoch - lr: 0.003
[1/61 iteration of epoch 28/50] 
 {loss} cls : 0.020, total : 0.020 
 {acc} cls : 100.00
[31/61 iteration of epoch 28/50] 
 {loss} cls : 0.073, total : 0.073 
 {acc} cls : 99.22
[61/61 iteration of epoch 28/50] 
 {loss} cls : 0.045, total : 0.045 
 {acc} cls : 99.22
------------------------------
<Losses on train> cls : 0.064, total : 0.064
<Accuracies on train> cls : 98.30
Train epoch time: 108.438
------------------------------
<Accuracies on val> class : 81.84
------------------------------
<Accuracies on test> class : 62.65
------------------------------
<Accuracies on Art> test class : 57.48
------------------------------
<Accuracies on Clipart> test class : 55.12
------------------------------
<Accuracies on Product> test class : 72.88
------------------------------
Total epoch time: 202.057

New epoch - lr: 0.003
[1/61 iteration of epoch 29/50] 
 {loss} cls : 0.057, total : 0.057 
 {acc} cls : 99.22
[31/61 iteration of epoch 29/50] 
 {loss} cls : 0.043, total : 0.043 
 {acc} cls : 99.22
[61/61 iteration of epoch 29/50] 
 {loss} cls : 0.083, total : 0.083 
 {acc} cls : 98.44
------------------------------
<Losses on train> cls : 0.058, total : 0.058
<Accuracies on train> cls : 98.59
Train epoch time: 108.942
------------------------------
<Accuracies on val> class : 82.76
------------------------------
<Accuracies on test> class : 62.82
------------------------------
<Accuracies on Art> test class : 57.52
------------------------------
<Accuracies on Clipart> test class : 55.53
------------------------------
<Accuracies on Product> test class : 72.88
------------------------------
Total epoch time: 201.658

New epoch - lr: 0.003
[1/61 iteration of epoch 30/50] 
 {loss} cls : 0.076, total : 0.076 
 {acc} cls : 97.66
[31/61 iteration of epoch 30/50] 
 {loss} cls : 0.085, total : 0.085 
 {acc} cls : 97.66
[61/61 iteration of epoch 30/50] 
 {loss} cls : 0.047, total : 0.047 
 {acc} cls : 97.66
------------------------------
<Losses on train> cls : 0.056, total : 0.056
<Accuracies on train> cls : 98.68
Train epoch time: 106.269
------------------------------
<Accuracies on val> class : 81.38
------------------------------
<Accuracies on test> class : 62.28
------------------------------
<Accuracies on Art> test class : 57.27
------------------------------
<Accuracies on Clipart> test class : 54.20
------------------------------
<Accuracies on Product> test class : 72.97
------------------------------
Total epoch time: 202.765

New epoch - lr: 0.003
[1/61 iteration of epoch 31/50] 
 {loss} cls : 0.042, total : 0.042 
 {acc} cls : 99.22
[31/61 iteration of epoch 31/50] 
 {loss} cls : 0.077, total : 0.077 
 {acc} cls : 97.66
[61/61 iteration of epoch 31/50] 
 {loss} cls : 0.043, total : 0.043 
 {acc} cls : 100.00
------------------------------
<Losses on train> cls : 0.060, total : 0.060
<Accuracies on train> cls : 98.59
Train epoch time: 108.211
------------------------------
<Accuracies on val> class : 81.84
------------------------------
<Accuracies on test> class : 62.97
------------------------------
<Accuracies on Art> test class : 56.74
------------------------------
<Accuracies on Clipart> test class : 55.56
------------------------------
<Accuracies on Product> test class : 73.67
------------------------------
Total epoch time: 200.600

New epoch - lr: 0.003
[1/61 iteration of epoch 32/50] 
 {loss} cls : 0.042, total : 0.042 
 {acc} cls : 99.22
[31/61 iteration of epoch 32/50] 
 {loss} cls : 0.091, total : 0.091 
 {acc} cls : 96.88
[61/61 iteration of epoch 32/50] 
 {loss} cls : 0.071, total : 0.071 
 {acc} cls : 98.44
------------------------------
<Losses on train> cls : 0.051, total : 0.051
<Accuracies on train> cls : 98.83
Train epoch time: 110.397
------------------------------
<Accuracies on val> class : 82.76
------------------------------
<Accuracies on test> class : 62.86
------------------------------
<Accuracies on Art> test class : 57.56
------------------------------
<Accuracies on Clipart> test class : 54.89
------------------------------
<Accuracies on Product> test class : 73.60
------------------------------
Total epoch time: 202.181

New epoch - lr: 0.003
[1/61 iteration of epoch 33/50] 
 {loss} cls : 0.055, total : 0.055 
 {acc} cls : 97.66
[31/61 iteration of epoch 33/50] 
 {loss} cls : 0.036, total : 0.036 
 {acc} cls : 100.00
[61/61 iteration of epoch 33/50] 
 {loss} cls : 0.029, total : 0.029 
 {acc} cls : 100.00
------------------------------
<Losses on train> cls : 0.048, total : 0.048
<Accuracies on train> cls : 98.89
Train epoch time: 109.469
------------------------------
<Accuracies on val> class : 82.30
------------------------------
<Accuracies on test> class : 62.51
------------------------------
<Accuracies on Art> test class : 57.11
------------------------------
<Accuracies on Clipart> test class : 54.41
------------------------------
<Accuracies on Product> test class : 73.44
------------------------------
Total epoch time: 202.418

New epoch - lr: 0.003
[1/61 iteration of epoch 34/50] 
 {loss} cls : 0.060, total : 0.060 
 {acc} cls : 99.22
[31/61 iteration of epoch 34/50] 
 {loss} cls : 0.032, total : 0.032 
 {acc} cls : 100.00
[61/61 iteration of epoch 34/50] 
 {loss} cls : 0.062, total : 0.062 
 {acc} cls : 97.66
------------------------------
<Losses on train> cls : 0.048, total : 0.048
<Accuracies on train> cls : 98.90
Train epoch time: 110.261
------------------------------
<Accuracies on val> class : 82.53
------------------------------
<Accuracies on test> class : 63.16
------------------------------
<Accuracies on Art> test class : 57.48
------------------------------
<Accuracies on Clipart> test class : 55.49
------------------------------
<Accuracies on Product> test class : 73.80
------------------------------
Total epoch time: 206.529

New epoch - lr: 0.003
[1/61 iteration of epoch 35/50] 
 {loss} cls : 0.038, total : 0.038 
 {acc} cls : 100.00
[31/61 iteration of epoch 35/50] 
 {loss} cls : 0.031, total : 0.031 
 {acc} cls : 100.00
[61/61 iteration of epoch 35/50] 
 {loss} cls : 0.075, total : 0.075 
 {acc} cls : 96.88
------------------------------
<Losses on train> cls : 0.043, total : 0.043
<Accuracies on train> cls : 99.00
Train epoch time: 108.558
------------------------------
<Accuracies on val> class : 82.53
------------------------------
<Accuracies on test> class : 63.25
------------------------------
<Accuracies on Art> test class : 57.81
------------------------------
<Accuracies on Clipart> test class : 55.74
------------------------------
<Accuracies on Product> test class : 73.62
------------------------------
Total epoch time: 200.874

New epoch - lr: 0.003
[1/61 iteration of epoch 36/50] 
 {loss} cls : 0.028, total : 0.028 
 {acc} cls : 99.22
[31/61 iteration of epoch 36/50] 
 {loss} cls : 0.024, total : 0.024 
 {acc} cls : 100.00
[61/61 iteration of epoch 36/50] 
 {loss} cls : 0.047, total : 0.047 
 {acc} cls : 98.44
------------------------------
<Losses on train> cls : 0.041, total : 0.041
<Accuracies on train> cls : 99.23
Train epoch time: 111.429
------------------------------
<Accuracies on val> class : 82.07
------------------------------
<Accuracies on test> class : 62.96
------------------------------
<Accuracies on Art> test class : 57.03
------------------------------
<Accuracies on Clipart> test class : 56.01
------------------------------
<Accuracies on Product> test class : 73.03
------------------------------
Total epoch time: 204.350

New epoch - lr: 0.003
[1/61 iteration of epoch 37/50] 
 {loss} cls : 0.035, total : 0.035 
 {acc} cls : 99.22
[31/61 iteration of epoch 37/50] 
 {loss} cls : 0.040, total : 0.040 
 {acc} cls : 98.44
[61/61 iteration of epoch 37/50] 
 {loss} cls : 0.049, total : 0.049 
 {acc} cls : 100.00
------------------------------
<Losses on train> cls : 0.045, total : 0.045
<Accuracies on train> cls : 99.03
Train epoch time: 111.363
------------------------------
<Accuracies on val> class : 82.07
------------------------------
<Accuracies on test> class : 63.51
------------------------------
<Accuracies on Art> test class : 57.19
------------------------------
<Accuracies on Clipart> test class : 56.66
------------------------------
<Accuracies on Product> test class : 73.71
------------------------------
Total epoch time: 205.745

New epoch - lr: 0.003
[1/61 iteration of epoch 38/50] 
 {loss} cls : 0.031, total : 0.031 
 {acc} cls : 100.00
[31/61 iteration of epoch 38/50] 
 {loss} cls : 0.060, total : 0.060 
 {acc} cls : 97.66
[61/61 iteration of epoch 38/50] 
 {loss} cls : 0.029, total : 0.029 
 {acc} cls : 100.00
------------------------------
<Losses on train> cls : 0.043, total : 0.043
<Accuracies on train> cls : 99.08
Train epoch time: 108.319
------------------------------
<Accuracies on val> class : 82.53
------------------------------
<Accuracies on test> class : 62.89
------------------------------
<Accuracies on Art> test class : 57.35
------------------------------
<Accuracies on Clipart> test class : 55.49
------------------------------
<Accuracies on Product> test class : 73.19
------------------------------
Total epoch time: 204.546

New epoch - lr: 0.003
[1/61 iteration of epoch 39/50] 
 {loss} cls : 0.034, total : 0.034 
 {acc} cls : 98.44
[31/61 iteration of epoch 39/50] 
 {loss} cls : 0.039, total : 0.039 
 {acc} cls : 98.44
[61/61 iteration of epoch 39/50] 
 {loss} cls : 0.034, total : 0.034 
 {acc} cls : 98.44
------------------------------
<Losses on train> cls : 0.043, total : 0.043
<Accuracies on train> cls : 98.95
Train epoch time: 107.610
------------------------------
<Accuracies on val> class : 82.30
------------------------------
<Accuracies on test> class : 63.21
------------------------------
<Accuracies on Art> test class : 57.73
------------------------------
<Accuracies on Clipart> test class : 55.35
------------------------------
<Accuracies on Product> test class : 73.94
------------------------------
Total epoch time: 202.301

New epoch - lr: 0.003
[1/61 iteration of epoch 40/50] 
 {loss} cls : 0.031, total : 0.031 
 {acc} cls : 100.00
[31/61 iteration of epoch 40/50] 
 {loss} cls : 0.045, total : 0.045 
 {acc} cls : 98.44
[61/61 iteration of epoch 40/50] 
 {loss} cls : 0.036, total : 0.036 
 {acc} cls : 99.22
------------------------------
<Losses on train> cls : 0.041, total : 0.041
<Accuracies on train> cls : 99.17
Train epoch time: 109.394
------------------------------
<Accuracies on val> class : 82.30
------------------------------
<Accuracies on test> class : 62.82
------------------------------
<Accuracies on Art> test class : 57.44
------------------------------
<Accuracies on Clipart> test class : 54.96
------------------------------
<Accuracies on Product> test class : 73.49
------------------------------
Total epoch time: 203.071

New epoch - lr: 0.003
[1/61 iteration of epoch 41/50] 
 {loss} cls : 0.041, total : 0.041 
 {acc} cls : 99.22
[31/61 iteration of epoch 41/50] 
 {loss} cls : 0.027, total : 0.027 
 {acc} cls : 99.22
[61/61 iteration of epoch 41/50] 
 {loss} cls : 0.021, total : 0.021 
 {acc} cls : 100.00
------------------------------
<Losses on train> cls : 0.037, total : 0.037
<Accuracies on train> cls : 99.27
Train epoch time: 108.491
------------------------------
<Accuracies on val> class : 82.30
------------------------------
<Accuracies on test> class : 63.22
------------------------------
<Accuracies on Art> test class : 57.68
------------------------------
<Accuracies on Clipart> test class : 55.49
------------------------------
<Accuracies on Product> test class : 73.85
------------------------------
Total epoch time: 203.685

New epoch - lr: 0.003
[1/61 iteration of epoch 42/50] 
 {loss} cls : 0.031, total : 0.031 
 {acc} cls : 99.22
[31/61 iteration of epoch 42/50] 
 {loss} cls : 0.036, total : 0.036 
 {acc} cls : 99.22
[61/61 iteration of epoch 42/50] 
 {loss} cls : 0.023, total : 0.023 
 {acc} cls : 100.00
------------------------------
<Losses on train> cls : 0.036, total : 0.036
<Accuracies on train> cls : 99.24
Train epoch time: 108.282
------------------------------
<Accuracies on val> class : 82.76
------------------------------
<Accuracies on test> class : 62.73
------------------------------
<Accuracies on Art> test class : 56.98
------------------------------
<Accuracies on Clipart> test class : 55.10
------------------------------
<Accuracies on Product> test class : 73.37
------------------------------
Total epoch time: 203.279

New epoch - lr: 0.003
[1/61 iteration of epoch 43/50] 
 {loss} cls : 0.046, total : 0.046 
 {acc} cls : 98.44
[31/61 iteration of epoch 43/50] 
 {loss} cls : 0.028, total : 0.028 
 {acc} cls : 100.00
[61/61 iteration of epoch 43/50] 
 {loss} cls : 0.028, total : 0.028 
 {acc} cls : 99.22
------------------------------
<Losses on train> cls : 0.036, total : 0.036
<Accuracies on train> cls : 99.18
Train epoch time: 108.462
------------------------------
<Accuracies on val> class : 82.07
------------------------------
<Accuracies on test> class : 62.66
------------------------------
<Accuracies on Art> test class : 56.45
------------------------------
<Accuracies on Clipart> test class : 55.58
------------------------------
<Accuracies on Product> test class : 73.01
------------------------------
Total epoch time: 201.985

New epoch - lr: 0.003
[1/61 iteration of epoch 44/50] 
 {loss} cls : 0.019, total : 0.019 
 {acc} cls : 100.00
[31/61 iteration of epoch 44/50] 
 {loss} cls : 0.057, total : 0.057 
 {acc} cls : 99.22
[61/61 iteration of epoch 44/50] 
 {loss} cls : 0.065, total : 0.065 
 {acc} cls : 97.66
------------------------------
<Losses on train> cls : 0.035, total : 0.035
<Accuracies on train> cls : 99.30
Train epoch time: 108.054
------------------------------
<Accuracies on val> class : 80.92
------------------------------
<Accuracies on test> class : 63.27
------------------------------
<Accuracies on Art> test class : 57.77
------------------------------
<Accuracies on Clipart> test class : 56.08
------------------------------
<Accuracies on Product> test class : 73.35
------------------------------
Total epoch time: 200.740

New epoch - lr: 0.0009000000000000002
[1/61 iteration of epoch 45/50] 
 {loss} cls : 0.035, total : 0.035 
 {acc} cls : 100.00
[31/61 iteration of epoch 45/50] 
 {loss} cls : 0.026, total : 0.026 
 {acc} cls : 100.00
[61/61 iteration of epoch 45/50] 
 {loss} cls : 0.036, total : 0.036 
 {acc} cls : 100.00
------------------------------
<Losses on train> cls : 0.030, total : 0.030
<Accuracies on train> cls : 99.54
Train epoch time: 109.942
------------------------------
<Accuracies on val> class : 81.61
------------------------------
<Accuracies on test> class : 63.45
------------------------------
<Accuracies on Art> test class : 58.22
------------------------------
<Accuracies on Clipart> test class : 55.97
------------------------------
<Accuracies on Product> test class : 73.67
------------------------------
Total epoch time: 205.696

New epoch - lr: 0.0009000000000000002
[1/61 iteration of epoch 46/50] 
 {loss} cls : 0.016, total : 0.016 
 {acc} cls : 100.00
[31/61 iteration of epoch 46/50] 
 {loss} cls : 0.062, total : 0.062 
 {acc} cls : 97.66
[61/61 iteration of epoch 46/50] 
 {loss} cls : 0.059, total : 0.059 
 {acc} cls : 97.66
------------------------------
<Losses on train> cls : 0.029, total : 0.029
<Accuracies on train> cls : 99.33
Train epoch time: 111.137
------------------------------
<Accuracies on val> class : 81.84
------------------------------
<Accuracies on test> class : 63.59
------------------------------
<Accuracies on Art> test class : 57.77
------------------------------
<Accuracies on Clipart> test class : 55.92
------------------------------
<Accuracies on Product> test class : 74.32
------------------------------
Total epoch time: 205.442

New epoch - lr: 0.0009000000000000002
[1/61 iteration of epoch 47/50] 
 {loss} cls : 0.013, total : 0.013 
 {acc} cls : 100.00
[31/61 iteration of epoch 47/50] 
 {loss} cls : 0.020, total : 0.020 
 {acc} cls : 100.00
[61/61 iteration of epoch 47/50] 
 {loss} cls : 0.030, total : 0.030 
 {acc} cls : 99.22
------------------------------
<Losses on train> cls : 0.029, total : 0.029
<Accuracies on train> cls : 99.30
Train epoch time: 107.374
------------------------------
<Accuracies on val> class : 82.30
------------------------------
<Accuracies on test> class : 63.55
------------------------------
<Accuracies on Art> test class : 57.44
------------------------------
<Accuracies on Clipart> test class : 56.24
------------------------------
<Accuracies on Product> test class : 74.07
------------------------------
Total epoch time: 201.238

New epoch - lr: 0.0009000000000000002
[1/61 iteration of epoch 48/50] 
 {loss} cls : 0.019, total : 0.019 
 {acc} cls : 100.00
[31/61 iteration of epoch 48/50] 
 {loss} cls : 0.025, total : 0.025 
 {acc} cls : 99.22
[61/61 iteration of epoch 48/50] 
 {loss} cls : 0.032, total : 0.032 
 {acc} cls : 99.22
------------------------------
<Losses on train> cls : 0.029, total : 0.029
<Accuracies on train> cls : 99.35
Train epoch time: 108.215
------------------------------
<Accuracies on val> class : 82.30
------------------------------
<Accuracies on test> class : 63.30
------------------------------
<Accuracies on Art> test class : 57.81
------------------------------
<Accuracies on Clipart> test class : 55.49
------------------------------
<Accuracies on Product> test class : 73.98
------------------------------
Total epoch time: 202.775

New epoch - lr: 0.0009000000000000002
[1/61 iteration of epoch 49/50] 
 {loss} cls : 0.020, total : 0.020 
 {acc} cls : 100.00
[31/61 iteration of epoch 49/50] 
 {loss} cls : 0.026, total : 0.026 
 {acc} cls : 99.22
[61/61 iteration of epoch 49/50] 
 {loss} cls : 0.017, total : 0.017 
 {acc} cls : 100.00
------------------------------
<Losses on train> cls : 0.025, total : 0.025
<Accuracies on train> cls : 99.50
Train epoch time: 108.122
------------------------------
<Accuracies on val> class : 82.30
------------------------------
<Accuracies on test> class : 63.44
------------------------------
<Accuracies on Art> test class : 57.44
------------------------------
<Accuracies on Clipart> test class : 56.20
------------------------------
<Accuracies on Product> test class : 73.85
------------------------------
Total epoch time: 203.846

New epoch - lr: 0.0009000000000000002
[1/61 iteration of epoch 50/50] 
 {loss} cls : 0.019, total : 0.019 
 {acc} cls : 99.22
[31/61 iteration of epoch 50/50] 
 {loss} cls : 0.021, total : 0.021 
 {acc} cls : 100.00
[61/61 iteration of epoch 50/50] 
 {loss} cls : 0.017, total : 0.017 
 {acc} cls : 99.22
------------------------------
<Losses on train> cls : 0.024, total : 0.024
<Accuracies on train> cls : 99.55
Train epoch time: 109.783
------------------------------
<Accuracies on val> class : 82.53
------------------------------
<Accuracies on test> class : 63.71
------------------------------
<Accuracies on Art> test class : 57.93
------------------------------
<Accuracies on Clipart> test class : 56.17
------------------------------
<Accuracies on Product> test class : 74.27
------------------------------
Total epoch time: 201.824

******************************
Best val 0.836782, corresponding test 0.618912 - best test: 0.637076

******************************
Best val 0.8367816209793091, corresponding Art test 0.5718994736671448

******************************
Best val 0.8367816209793091, corresponding Clipart test 0.5383734107017517

******************************
Best val 0.8367816209793091, corresponding Product test 0.723811686038971
