
Loading experiment CelebA/ResNet18_step


New epoch - lr: 0.003
[1/78 iteration of epoch 1/30] 
 {loss} cls : 0.750, total : 0.750 
 {acc} cls : 50.00
[31/78 iteration of epoch 1/30] 
 {loss} cls : 0.823, total : 0.823 
 {acc} cls : 78.12
[61/78 iteration of epoch 1/30] 
 {loss} cls : 0.307, total : 0.307 
 {acc} cls : 90.62
------------------------------
<Losses on train> cls : 0.957, total : 0.957
<Accuracies on train> cls : 80.17
Train epoch time: 25.864
------------------------------
<Accuracies on val> class : 76.60
------------------------------
<Accuracies on test> class : 57.60
------------------------------
<Accuracies on flip> test class : 50.00
------------------------------
<Accuracies on random> test class : 65.20
------------------------------
Total epoch time: 35.541

New epoch - lr: 0.003
[1/78 iteration of epoch 2/30] 
 {loss} cls : 0.290, total : 0.290 
 {acc} cls : 92.19
[31/78 iteration of epoch 2/30] 
 {loss} cls : 0.355, total : 0.355 
 {acc} cls : 87.50
[61/78 iteration of epoch 2/30] 
 {loss} cls : 0.123, total : 0.123 
 {acc} cls : 96.88
------------------------------
<Losses on train> cls : 0.253, total : 0.253
<Accuracies on train> cls : 91.75
Train epoch time: 24.872
------------------------------
<Accuracies on val> class : 95.20
------------------------------
<Accuracies on test> class : 54.95
------------------------------
<Accuracies on flip> test class : 40.60
------------------------------
<Accuracies on random> test class : 69.30
------------------------------
Total epoch time: 34.351

New epoch - lr: 0.003
[1/78 iteration of epoch 3/30] 
 {loss} cls : 0.066, total : 0.066 
 {acc} cls : 96.88
[31/78 iteration of epoch 3/30] 
 {loss} cls : 0.040, total : 0.040 
 {acc} cls : 96.88
[61/78 iteration of epoch 3/30] 
 {loss} cls : 0.090, total : 0.090 
 {acc} cls : 95.31
------------------------------
<Losses on train> cls : 0.137, total : 0.137
<Accuracies on train> cls : 95.07
Train epoch time: 25.132
------------------------------
<Accuracies on val> class : 97.00
------------------------------
<Accuracies on test> class : 49.85
------------------------------
<Accuracies on flip> test class : 33.60
------------------------------
<Accuracies on random> test class : 66.10
------------------------------
Total epoch time: 34.730

New epoch - lr: 0.003
[1/78 iteration of epoch 4/30] 
 {loss} cls : 0.128, total : 0.128 
 {acc} cls : 95.31
[31/78 iteration of epoch 4/30] 
 {loss} cls : 0.175, total : 0.175 
 {acc} cls : 95.31
[61/78 iteration of epoch 4/30] 
 {loss} cls : 0.101, total : 0.101 
 {acc} cls : 96.88
------------------------------
<Losses on train> cls : 0.088, total : 0.088
<Accuracies on train> cls : 96.63
Train epoch time: 25.731
------------------------------
<Accuracies on val> class : 98.00
------------------------------
<Accuracies on test> class : 50.75
------------------------------
<Accuracies on flip> test class : 35.00
------------------------------
<Accuracies on random> test class : 66.50
------------------------------
Total epoch time: 35.288

New epoch - lr: 0.003
[1/78 iteration of epoch 5/30] 
 {loss} cls : 0.263, total : 0.263 
 {acc} cls : 89.06
[31/78 iteration of epoch 5/30] 
 {loss} cls : 0.099, total : 0.099 
 {acc} cls : 95.31
[61/78 iteration of epoch 5/30] 
 {loss} cls : 0.019, total : 0.019 
 {acc} cls : 100.00
------------------------------
<Losses on train> cls : 0.088, total : 0.088
<Accuracies on train> cls : 96.92
Train epoch time: 24.491
------------------------------
<Accuracies on val> class : 98.20
------------------------------
<Accuracies on test> class : 49.50
------------------------------
<Accuracies on flip> test class : 32.50
------------------------------
<Accuracies on random> test class : 66.50
------------------------------
Total epoch time: 34.549

New epoch - lr: 0.003
[1/78 iteration of epoch 6/30] 
 {loss} cls : 0.036, total : 0.036 
 {acc} cls : 100.00
[31/78 iteration of epoch 6/30] 
 {loss} cls : 0.059, total : 0.059 
 {acc} cls : 96.88
[61/78 iteration of epoch 6/30] 
 {loss} cls : 0.027, total : 0.027 
 {acc} cls : 98.44
------------------------------
<Losses on train> cls : 0.057, total : 0.057
<Accuracies on train> cls : 97.82
Train epoch time: 26.700
------------------------------
<Accuracies on val> class : 98.40
------------------------------
<Accuracies on test> class : 47.90
------------------------------
<Accuracies on flip> test class : 31.00
------------------------------
<Accuracies on random> test class : 64.80
------------------------------
Total epoch time: 36.300

New epoch - lr: 0.003
[1/78 iteration of epoch 7/30] 
 {loss} cls : 0.033, total : 0.033 
 {acc} cls : 98.44
[31/78 iteration of epoch 7/30] 
 {loss} cls : 0.071, total : 0.071 
 {acc} cls : 93.75
[61/78 iteration of epoch 7/30] 
 {loss} cls : 0.089, total : 0.089 
 {acc} cls : 98.44
------------------------------
<Losses on train> cls : 0.045, total : 0.045
<Accuracies on train> cls : 98.26
Train epoch time: 25.684
------------------------------
<Accuracies on val> class : 97.80
------------------------------
<Accuracies on test> class : 50.05
------------------------------
<Accuracies on flip> test class : 33.90
------------------------------
<Accuracies on random> test class : 66.20
------------------------------
Total epoch time: 34.906

New epoch - lr: 0.003
[1/78 iteration of epoch 8/30] 
 {loss} cls : 0.029, total : 0.029 
 {acc} cls : 100.00
[31/78 iteration of epoch 8/30] 
 {loss} cls : 0.100, total : 0.100 
 {acc} cls : 96.88
[61/78 iteration of epoch 8/30] 
 {loss} cls : 0.117, total : 0.117 
 {acc} cls : 96.88
------------------------------
<Losses on train> cls : 0.050, total : 0.050
<Accuracies on train> cls : 98.40
Train epoch time: 26.684
------------------------------
<Accuracies on val> class : 98.00
------------------------------
<Accuracies on test> class : 42.40
------------------------------
<Accuracies on flip> test class : 23.50
------------------------------
<Accuracies on random> test class : 61.30
------------------------------
Total epoch time: 35.881

New epoch - lr: 0.003
[1/78 iteration of epoch 9/30] 
 {loss} cls : 0.014, total : 0.014 
 {acc} cls : 100.00
[31/78 iteration of epoch 9/30] 
 {loss} cls : 0.018, total : 0.018 
 {acc} cls : 100.00
[61/78 iteration of epoch 9/30] 
 {loss} cls : 0.079, total : 0.079 
 {acc} cls : 96.88
------------------------------
<Losses on train> cls : 0.039, total : 0.039
<Accuracies on train> cls : 98.44
Train epoch time: 26.075
------------------------------
<Accuracies on val> class : 98.40
------------------------------
<Accuracies on test> class : 48.55
------------------------------
<Accuracies on flip> test class : 31.60
------------------------------
<Accuracies on random> test class : 65.50
------------------------------
Total epoch time: 35.549

New epoch - lr: 0.003
[1/78 iteration of epoch 10/30] 
 {loss} cls : 0.014, total : 0.014 
 {acc} cls : 100.00
[31/78 iteration of epoch 10/30] 
 {loss} cls : 0.036, total : 0.036 
 {acc} cls : 100.00
[61/78 iteration of epoch 10/30] 
 {loss} cls : 0.002, total : 0.002 
 {acc} cls : 100.00
------------------------------
<Losses on train> cls : 0.038, total : 0.038
<Accuracies on train> cls : 98.46
Train epoch time: 25.776
------------------------------
<Accuracies on val> class : 98.20
------------------------------
<Accuracies on test> class : 48.35
------------------------------
<Accuracies on flip> test class : 32.00
------------------------------
<Accuracies on random> test class : 64.70
------------------------------
Total epoch time: 35.084

New epoch - lr: 0.003
[1/78 iteration of epoch 11/30] 
 {loss} cls : 0.021, total : 0.021 
 {acc} cls : 98.44
[31/78 iteration of epoch 11/30] 
 {loss} cls : 0.074, total : 0.074 
 {acc} cls : 96.88
[61/78 iteration of epoch 11/30] 
 {loss} cls : 0.016, total : 0.016 
 {acc} cls : 98.44
------------------------------
<Losses on train> cls : 0.041, total : 0.041
<Accuracies on train> cls : 98.50
Train epoch time: 26.465
------------------------------
<Accuracies on val> class : 97.40
------------------------------
<Accuracies on test> class : 50.20
------------------------------
<Accuracies on flip> test class : 34.50
------------------------------
<Accuracies on random> test class : 65.90
------------------------------
Total epoch time: 36.129

New epoch - lr: 0.003
[1/78 iteration of epoch 12/30] 
 {loss} cls : 0.058, total : 0.058 
 {acc} cls : 96.88
[31/78 iteration of epoch 12/30] 
 {loss} cls : 0.005, total : 0.005 
 {acc} cls : 100.00
[61/78 iteration of epoch 12/30] 
 {loss} cls : 0.018, total : 0.018 
 {acc} cls : 98.44
------------------------------
<Losses on train> cls : 0.025, total : 0.025
<Accuracies on train> cls : 99.12
Train epoch time: 26.856
------------------------------
<Accuracies on val> class : 98.80
------------------------------
<Accuracies on test> class : 44.75
------------------------------
<Accuracies on flip> test class : 27.20
------------------------------
<Accuracies on random> test class : 62.30
------------------------------
Total epoch time: 36.472

New epoch - lr: 0.003
[1/78 iteration of epoch 13/30] 
 {loss} cls : 0.014, total : 0.014 
 {acc} cls : 98.44
[31/78 iteration of epoch 13/30] 
 {loss} cls : 0.048, total : 0.048 
 {acc} cls : 96.88
[61/78 iteration of epoch 13/30] 
 {loss} cls : 0.003, total : 0.003 
 {acc} cls : 100.00
------------------------------
<Losses on train> cls : 0.018, total : 0.018
<Accuracies on train> cls : 99.28
Train epoch time: 25.503
------------------------------
<Accuracies on val> class : 98.20
------------------------------
<Accuracies on test> class : 41.75
------------------------------
<Accuracies on flip> test class : 22.50
------------------------------
<Accuracies on random> test class : 61.00
------------------------------
Total epoch time: 34.243

New epoch - lr: 0.003
[1/78 iteration of epoch 14/30] 
 {loss} cls : 0.006, total : 0.006 
 {acc} cls : 100.00
[31/78 iteration of epoch 14/30] 
 {loss} cls : 0.085, total : 0.085 
 {acc} cls : 95.31
[61/78 iteration of epoch 14/30] 
 {loss} cls : 0.002, total : 0.002 
 {acc} cls : 100.00
------------------------------
<Losses on train> cls : 0.020, total : 0.020
<Accuracies on train> cls : 99.26
Train epoch time: 25.820
------------------------------
<Accuracies on val> class : 99.00
------------------------------
<Accuracies on test> class : 43.30
------------------------------
<Accuracies on flip> test class : 24.90
------------------------------
<Accuracies on random> test class : 61.70
------------------------------
Total epoch time: 35.653

New epoch - lr: 0.003
[1/78 iteration of epoch 15/30] 
 {loss} cls : 0.015, total : 0.015 
 {acc} cls : 100.00
[31/78 iteration of epoch 15/30] 
 {loss} cls : 0.003, total : 0.003 
 {acc} cls : 100.00
[61/78 iteration of epoch 15/30] 
 {loss} cls : 0.004, total : 0.004 
 {acc} cls : 100.00
------------------------------
<Losses on train> cls : 0.024, total : 0.024
<Accuracies on train> cls : 99.14
Train epoch time: 26.180
------------------------------
<Accuracies on val> class : 98.20
------------------------------
<Accuracies on test> class : 44.50
------------------------------
<Accuracies on flip> test class : 25.70
------------------------------
<Accuracies on random> test class : 63.30
------------------------------
Total epoch time: 35.761

New epoch - lr: 0.003
[1/78 iteration of epoch 16/30] 
 {loss} cls : 0.069, total : 0.069 
 {acc} cls : 95.31
[31/78 iteration of epoch 16/30] 
 {loss} cls : 0.005, total : 0.005 
 {acc} cls : 100.00
[61/78 iteration of epoch 16/30] 
 {loss} cls : 0.001, total : 0.001 
 {acc} cls : 100.00
------------------------------
<Losses on train> cls : 0.023, total : 0.023
<Accuracies on train> cls : 99.22
Train epoch time: 26.301
------------------------------
<Accuracies on val> class : 97.80
------------------------------
<Accuracies on test> class : 47.60
------------------------------
<Accuracies on flip> test class : 30.50
------------------------------
<Accuracies on random> test class : 64.70
------------------------------
Total epoch time: 35.291

New epoch - lr: 0.003
[1/78 iteration of epoch 17/30] 
 {loss} cls : 0.021, total : 0.021 
 {acc} cls : 98.44
[31/78 iteration of epoch 17/30] 
 {loss} cls : 0.014, total : 0.014 
 {acc} cls : 100.00
[61/78 iteration of epoch 17/30] 
 {loss} cls : 0.005, total : 0.005 
 {acc} cls : 100.00
------------------------------
<Losses on train> cls : 0.015, total : 0.015
<Accuracies on train> cls : 99.42
Train epoch time: 26.134
------------------------------
<Accuracies on val> class : 98.60
------------------------------
<Accuracies on test> class : 45.90
------------------------------
<Accuracies on flip> test class : 28.20
------------------------------
<Accuracies on random> test class : 63.60
------------------------------
Total epoch time: 35.040

New epoch - lr: 0.003
[1/78 iteration of epoch 18/30] 
 {loss} cls : 0.009, total : 0.009 
 {acc} cls : 100.00
[31/78 iteration of epoch 18/30] 
 {loss} cls : 0.001, total : 0.001 
 {acc} cls : 100.00
[61/78 iteration of epoch 18/30] 
 {loss} cls : 0.006, total : 0.006 
 {acc} cls : 100.00
------------------------------
<Losses on train> cls : 0.014, total : 0.014
<Accuracies on train> cls : 99.42
Train epoch time: 25.711
------------------------------
<Accuracies on val> class : 99.00
------------------------------
<Accuracies on test> class : 41.60
------------------------------
<Accuracies on flip> test class : 22.40
------------------------------
<Accuracies on random> test class : 60.80
------------------------------
Total epoch time: 35.083

New epoch - lr: 0.003
[1/78 iteration of epoch 19/30] 
 {loss} cls : 0.004, total : 0.004 
 {acc} cls : 100.00
[31/78 iteration of epoch 19/30] 
 {loss} cls : 0.022, total : 0.022 
 {acc} cls : 98.44
[61/78 iteration of epoch 19/30] 
 {loss} cls : 0.001, total : 0.001 
 {acc} cls : 100.00
------------------------------
<Losses on train> cls : 0.013, total : 0.013
<Accuracies on train> cls : 99.56
Train epoch time: 26.049
------------------------------
<Accuracies on val> class : 99.20
------------------------------
<Accuracies on test> class : 42.40
------------------------------
<Accuracies on flip> test class : 23.50
------------------------------
<Accuracies on random> test class : 61.30
------------------------------
Total epoch time: 35.835

New epoch - lr: 0.003
[1/78 iteration of epoch 20/30] 
 {loss} cls : 0.002, total : 0.002 
 {acc} cls : 100.00
[31/78 iteration of epoch 20/30] 
 {loss} cls : 0.054, total : 0.054 
 {acc} cls : 96.88
[61/78 iteration of epoch 20/30] 
 {loss} cls : 0.002, total : 0.002 
 {acc} cls : 100.00
------------------------------
<Losses on train> cls : 0.014, total : 0.014
<Accuracies on train> cls : 99.64
Train epoch time: 25.837
------------------------------
<Accuracies on val> class : 98.80
------------------------------
<Accuracies on test> class : 44.55
------------------------------
<Accuracies on flip> test class : 26.70
------------------------------
<Accuracies on random> test class : 62.40
------------------------------
Total epoch time: 35.333

New epoch - lr: 0.003
[1/78 iteration of epoch 21/30] 
 {loss} cls : 0.002, total : 0.002 
 {acc} cls : 100.00
[31/78 iteration of epoch 21/30] 
 {loss} cls : 0.004, total : 0.004 
 {acc} cls : 100.00
[61/78 iteration of epoch 21/30] 
 {loss} cls : 0.009, total : 0.009 
 {acc} cls : 100.00
------------------------------
<Losses on train> cls : 0.009, total : 0.009
<Accuracies on train> cls : 99.76
Train epoch time: 25.834
------------------------------
<Accuracies on val> class : 99.20
------------------------------
<Accuracies on test> class : 43.40
------------------------------
<Accuracies on flip> test class : 25.20
------------------------------
<Accuracies on random> test class : 61.60
------------------------------
Total epoch time: 35.237

New epoch - lr: 0.003
[1/78 iteration of epoch 22/30] 
 {loss} cls : 0.015, total : 0.015 
 {acc} cls : 98.44
[31/78 iteration of epoch 22/30] 
 {loss} cls : 0.000, total : 0.000 
 {acc} cls : 100.00
[61/78 iteration of epoch 22/30] 
 {loss} cls : 0.022, total : 0.022 
 {acc} cls : 98.44
------------------------------
<Losses on train> cls : 0.011, total : 0.011
<Accuracies on train> cls : 99.62
Train epoch time: 26.430
------------------------------
<Accuracies on val> class : 98.80
------------------------------
<Accuracies on test> class : 43.25
------------------------------
<Accuracies on flip> test class : 24.50
------------------------------
<Accuracies on random> test class : 62.00
------------------------------
Total epoch time: 35.106

New epoch - lr: 0.003
[1/78 iteration of epoch 23/30] 
 {loss} cls : 0.000, total : 0.000 
 {acc} cls : 100.00
[31/78 iteration of epoch 23/30] 
 {loss} cls : 0.000, total : 0.000 
 {acc} cls : 100.00
[61/78 iteration of epoch 23/30] 
 {loss} cls : 0.028, total : 0.028 
 {acc} cls : 98.44
------------------------------
<Losses on train> cls : 0.010, total : 0.010
<Accuracies on train> cls : 99.70
Train epoch time: 25.835
------------------------------
<Accuracies on val> class : 97.80
------------------------------
<Accuracies on test> class : 50.40
------------------------------
<Accuracies on flip> test class : 35.10
------------------------------
<Accuracies on random> test class : 65.70
------------------------------
Total epoch time: 35.430

New epoch - lr: 0.003
[1/78 iteration of epoch 24/30] 
 {loss} cls : 0.001, total : 0.001 
 {acc} cls : 100.00
[31/78 iteration of epoch 24/30] 
 {loss} cls : 0.000, total : 0.000 
 {acc} cls : 100.00
[61/78 iteration of epoch 24/30] 
 {loss} cls : 0.010, total : 0.010 
 {acc} cls : 100.00
------------------------------
<Losses on train> cls : 0.010, total : 0.010
<Accuracies on train> cls : 99.72
Train epoch time: 26.135
------------------------------
<Accuracies on val> class : 98.80
------------------------------
<Accuracies on test> class : 42.80
------------------------------
<Accuracies on flip> test class : 23.50
------------------------------
<Accuracies on random> test class : 62.10
------------------------------
Total epoch time: 34.875

New epoch - lr: 0.003
[1/78 iteration of epoch 25/30] 
 {loss} cls : 0.002, total : 0.002 
 {acc} cls : 100.00
[31/78 iteration of epoch 25/30] 
 {loss} cls : 0.003, total : 0.003 
 {acc} cls : 100.00
[61/78 iteration of epoch 25/30] 
 {loss} cls : 0.005, total : 0.005 
 {acc} cls : 100.00
------------------------------
<Losses on train> cls : 0.010, total : 0.010
<Accuracies on train> cls : 99.66
Train epoch time: 26.339
------------------------------
<Accuracies on val> class : 98.60
------------------------------
<Accuracies on test> class : 46.75
------------------------------
<Accuracies on flip> test class : 28.70
------------------------------
<Accuracies on random> test class : 64.80
------------------------------
Total epoch time: 35.508

New epoch - lr: 0.003
[1/78 iteration of epoch 26/30] 
 {loss} cls : 0.000, total : 0.000 
 {acc} cls : 100.00
[31/78 iteration of epoch 26/30] 
 {loss} cls : 0.001, total : 0.001 
 {acc} cls : 100.00
[61/78 iteration of epoch 26/30] 
 {loss} cls : 0.000, total : 0.000 
 {acc} cls : 100.00
------------------------------
<Losses on train> cls : 0.008, total : 0.008
<Accuracies on train> cls : 99.70
Train epoch time: 25.124
------------------------------
<Accuracies on val> class : 98.40
------------------------------
<Accuracies on test> class : 44.20
------------------------------
<Accuracies on flip> test class : 26.30
------------------------------
<Accuracies on random> test class : 62.10
------------------------------
Total epoch time: 34.279

New epoch - lr: 0.0009000000000000002
[1/78 iteration of epoch 27/30] 
 {loss} cls : 0.000, total : 0.000 
 {acc} cls : 100.00
[31/78 iteration of epoch 27/30] 
 {loss} cls : 0.029, total : 0.029 
 {acc} cls : 98.44
[61/78 iteration of epoch 27/30] 
 {loss} cls : 0.000, total : 0.000 
 {acc} cls : 100.00
------------------------------
<Losses on train> cls : 0.006, total : 0.006
<Accuracies on train> cls : 99.78
Train epoch time: 25.340
------------------------------
<Accuracies on val> class : 98.80
------------------------------
<Accuracies on test> class : 46.40
------------------------------
<Accuracies on flip> test class : 29.30
------------------------------
<Accuracies on random> test class : 63.50
------------------------------
Total epoch time: 33.986

New epoch - lr: 0.0009000000000000002
[1/78 iteration of epoch 28/30] 
 {loss} cls : 0.001, total : 0.001 
 {acc} cls : 100.00
[31/78 iteration of epoch 28/30] 
 {loss} cls : 0.008, total : 0.008 
 {acc} cls : 100.00
[61/78 iteration of epoch 28/30] 
 {loss} cls : 0.010, total : 0.010 
 {acc} cls : 100.00
------------------------------
<Losses on train> cls : 0.007, total : 0.007
<Accuracies on train> cls : 99.76
Train epoch time: 25.125
------------------------------
<Accuracies on val> class : 98.80
------------------------------
<Accuracies on test> class : 45.50
------------------------------
<Accuracies on flip> test class : 27.60
------------------------------
<Accuracies on random> test class : 63.40
------------------------------
Total epoch time: 33.478

New epoch - lr: 0.0009000000000000002
[1/78 iteration of epoch 29/30] 
 {loss} cls : 0.000, total : 0.000 
 {acc} cls : 100.00
[31/78 iteration of epoch 29/30] 
 {loss} cls : 0.002, total : 0.002 
 {acc} cls : 100.00
[61/78 iteration of epoch 29/30] 
 {loss} cls : 0.001, total : 0.001 
 {acc} cls : 100.00
------------------------------
<Losses on train> cls : 0.003, total : 0.003
<Accuracies on train> cls : 99.94
Train epoch time: 26.172
------------------------------
<Accuracies on val> class : 98.80
------------------------------
<Accuracies on test> class : 45.00
------------------------------
<Accuracies on flip> test class : 27.00
------------------------------
<Accuracies on random> test class : 63.00
------------------------------
Total epoch time: 34.926

New epoch - lr: 0.0009000000000000002
[1/78 iteration of epoch 30/30] 
 {loss} cls : 0.000, total : 0.000 
 {acc} cls : 100.00
[31/78 iteration of epoch 30/30] 
 {loss} cls : 0.000, total : 0.000 
 {acc} cls : 100.00
[61/78 iteration of epoch 30/30] 
 {loss} cls : 0.001, total : 0.001 
 {acc} cls : 100.00
------------------------------
<Losses on train> cls : 0.004, total : 0.004
<Accuracies on train> cls : 99.88
Train epoch time: 25.485
------------------------------
<Accuracies on val> class : 98.80
------------------------------
<Accuracies on test> class : 45.35
------------------------------
<Accuracies on flip> test class : 27.80
------------------------------
<Accuracies on random> test class : 62.90
------------------------------
Total epoch time: 34.091

******************************
Best val 0.992, corresponding test 0.434 - best test: 0.576

******************************
Best val 0.9919999837875366, corresponding flip test 0.25200000405311584

******************************
Best val 0.9919999837875366, corresponding random test 0.6159999966621399
