WARNING:tensorflow:From /homes/55/jianhaoy/projects/EKI/utils/tf_logger.py:16: The name tf.summary.FileWriter is deprecated. Please use tf.compat.v1.summary.FileWriter instead.

WARNING:tensorflow:From /homes/55/jianhaoy/projects/EKI/utils/tf_logger.py:20: The name tf.Summary is deprecated. Please use tf.compat.v1.Summary instead.


Loading experiment PACS/ResNet18_step


New epoch - lr: 0.003
[1/28 iteration of epoch 1/30] 
 {loss} cls : 2.200, total : 2.200 
 {acc} cls : 6.25
------------------------------
<Losses on train> cls : 4.210, total : 4.210
<Accuracies on train> cls : 22.38
Train epoch time: 14.588
------------------------------
<Accuracies on val> class : 28.37
------------------------------
<Accuracies on test> class : 18.37
------------------------------
<Accuracies on photo> test class : 36.23
------------------------------
<Accuracies on cartoon> test class : 18.94
------------------------------
<Accuracies on sketch> test class : 10.44
------------------------------
Total epoch time: 47.833

New epoch - lr: 0.003
[1/28 iteration of epoch 2/30] 
 {loss} cls : 2.339, total : 2.339 
 {acc} cls : 37.50
------------------------------
<Losses on train> cls : 1.785, total : 1.785
<Accuracies on train> cls : 47.21
Train epoch time: 14.351
------------------------------
<Accuracies on val> class : 51.92
------------------------------
<Accuracies on test> class : 39.98
------------------------------
<Accuracies on photo> test class : 51.98
------------------------------
<Accuracies on cartoon> test class : 42.11
------------------------------
<Accuracies on sketch> test class : 33.62
------------------------------
Total epoch time: 50.316

New epoch - lr: 0.003
[1/28 iteration of epoch 3/30] 
 {loss} cls : 1.103, total : 1.103 
 {acc} cls : 65.62
------------------------------
<Losses on train> cls : 1.303, total : 1.303
<Accuracies on train> cls : 58.54
Train epoch time: 15.213
------------------------------
<Accuracies on val> class : 59.62
------------------------------
<Accuracies on test> class : 44.55
------------------------------
<Accuracies on photo> test class : 62.93
------------------------------
<Accuracies on cartoon> test class : 42.62
------------------------------
<Accuracies on sketch> test class : 37.90
------------------------------
Total epoch time: 50.592

New epoch - lr: 0.003
[1/28 iteration of epoch 4/30] 
 {loss} cls : 0.969, total : 0.969 
 {acc} cls : 67.19
------------------------------
<Losses on train> cls : 0.919, total : 0.919
<Accuracies on train> cls : 70.26
Train epoch time: 14.785
------------------------------
<Accuracies on val> class : 56.25
------------------------------
<Accuracies on test> class : 42.53
------------------------------
<Accuracies on photo> test class : 56.05
------------------------------
<Accuracies on cartoon> test class : 44.07
------------------------------
<Accuracies on sketch> test class : 35.86
------------------------------
Total epoch time: 47.562

New epoch - lr: 0.003
[1/28 iteration of epoch 5/30] 
 {loss} cls : 0.875, total : 0.875 
 {acc} cls : 71.88
------------------------------
<Losses on train> cls : 0.807, total : 0.807
<Accuracies on train> cls : 73.66
Train epoch time: 14.208
------------------------------
<Accuracies on val> class : 70.67
------------------------------
<Accuracies on test> class : 56.88
------------------------------
<Accuracies on photo> test class : 68.62
------------------------------
<Accuracies on cartoon> test class : 47.57
------------------------------
<Accuracies on sketch> test class : 57.44
------------------------------
Total epoch time: 47.912

New epoch - lr: 0.003
[1/28 iteration of epoch 6/30] 
 {loss} cls : 0.341, total : 0.341 
 {acc} cls : 87.50
------------------------------
<Losses on train> cls : 0.551, total : 0.551
<Accuracies on train> cls : 80.64
Train epoch time: 13.984
------------------------------
<Accuracies on val> class : 70.19
------------------------------
<Accuracies on test> class : 53.43
------------------------------
<Accuracies on photo> test class : 68.14
------------------------------
<Accuracies on cartoon> test class : 50.90
------------------------------
<Accuracies on sketch> test class : 48.69
------------------------------
Total epoch time: 48.855

New epoch - lr: 0.003
[1/28 iteration of epoch 7/30] 
 {loss} cls : 0.597, total : 0.597 
 {acc} cls : 78.12
------------------------------
<Losses on train> cls : 0.477, total : 0.477
<Accuracies on train> cls : 83.31
Train epoch time: 13.524
------------------------------
<Accuracies on val> class : 74.04
------------------------------
<Accuracies on test> class : 64.36
------------------------------
<Accuracies on photo> test class : 73.11
------------------------------
<Accuracies on cartoon> test class : 59.04
------------------------------
<Accuracies on sketch> test class : 63.81
------------------------------
Total epoch time: 48.564

New epoch - lr: 0.003
[1/28 iteration of epoch 8/30] 
 {loss} cls : 0.481, total : 0.481 
 {acc} cls : 79.69
------------------------------
<Losses on train> cls : 0.441, total : 0.441
<Accuracies on train> cls : 84.15
Train epoch time: 13.486
------------------------------
<Accuracies on val> class : 74.04
------------------------------
<Accuracies on test> class : 64.25
------------------------------
<Accuracies on photo> test class : 75.81
------------------------------
<Accuracies on cartoon> test class : 54.61
------------------------------
<Accuracies on sketch> test class : 65.08
------------------------------
Total epoch time: 47.982

New epoch - lr: 0.003
[1/28 iteration of epoch 9/30] 
 {loss} cls : 0.246, total : 0.246 
 {acc} cls : 93.75
------------------------------
<Losses on train> cls : 0.321, total : 0.321
<Accuracies on train> cls : 89.34
Train epoch time: 13.512
------------------------------
<Accuracies on val> class : 73.56
------------------------------
<Accuracies on test> class : 62.62
------------------------------
<Accuracies on photo> test class : 75.81
------------------------------
<Accuracies on cartoon> test class : 53.03
------------------------------
<Accuracies on sketch> test class : 62.74
------------------------------
Total epoch time: 46.112

New epoch - lr: 0.003
[1/28 iteration of epoch 10/30] 
 {loss} cls : 0.492, total : 0.492 
 {acc} cls : 81.25
------------------------------
<Losses on train> cls : 0.255, total : 0.255
<Accuracies on train> cls : 90.96
Train epoch time: 13.667
------------------------------
<Accuracies on val> class : 76.92
------------------------------
<Accuracies on test> class : 62.16
------------------------------
<Accuracies on photo> test class : 75.03
------------------------------
<Accuracies on cartoon> test class : 54.95
------------------------------
<Accuracies on sketch> test class : 60.98
------------------------------
Total epoch time: 48.474

New epoch - lr: 0.003
[1/28 iteration of epoch 11/30] 
 {loss} cls : 0.373, total : 0.373 
 {acc} cls : 87.50
------------------------------
<Losses on train> cls : 0.204, total : 0.204
<Accuracies on train> cls : 92.75
Train epoch time: 12.241
------------------------------
<Accuracies on val> class : 76.44
------------------------------
<Accuracies on test> class : 60.13
------------------------------
<Accuracies on photo> test class : 74.25
------------------------------
<Accuracies on cartoon> test class : 55.63
------------------------------
<Accuracies on sketch> test class : 56.81
------------------------------
Total epoch time: 46.776

New epoch - lr: 0.003
[1/28 iteration of epoch 12/30] 
 {loss} cls : 0.147, total : 0.147 
 {acc} cls : 92.19
------------------------------
<Losses on train> cls : 0.202, total : 0.202
<Accuracies on train> cls : 92.97
Train epoch time: 12.623
------------------------------
<Accuracies on val> class : 76.92
------------------------------
<Accuracies on test> class : 65.58
------------------------------
<Accuracies on photo> test class : 78.38
------------------------------
<Accuracies on cartoon> test class : 60.41
------------------------------
<Accuracies on sketch> test class : 63.22
------------------------------
Total epoch time: 46.169

New epoch - lr: 0.003
[1/28 iteration of epoch 13/30] 
 {loss} cls : 0.062, total : 0.062 
 {acc} cls : 96.88
------------------------------
<Losses on train> cls : 0.129, total : 0.129
<Accuracies on train> cls : 95.37
Train epoch time: 13.087
------------------------------
<Accuracies on val> class : 77.40
------------------------------
<Accuracies on test> class : 66.07
------------------------------
<Accuracies on photo> test class : 77.78
------------------------------
<Accuracies on cartoon> test class : 57.64
------------------------------
<Accuracies on sketch> test class : 66.12
------------------------------
Total epoch time: 47.165

New epoch - lr: 0.003
[1/28 iteration of epoch 14/30] 
 {loss} cls : 0.159, total : 0.159 
 {acc} cls : 95.31
------------------------------
<Losses on train> cls : 0.145, total : 0.145
<Accuracies on train> cls : 95.09
Train epoch time: 12.548
------------------------------
<Accuracies on val> class : 75.48
------------------------------
<Accuracies on test> class : 62.78
------------------------------
<Accuracies on photo> test class : 77.60
------------------------------
<Accuracies on cartoon> test class : 53.50
------------------------------
<Accuracies on sketch> test class : 62.03
------------------------------
Total epoch time: 46.671

New epoch - lr: 0.003
[1/28 iteration of epoch 15/30] 
 {loss} cls : 0.056, total : 0.056 
 {acc} cls : 96.88
------------------------------
<Losses on train> cls : 0.154, total : 0.154
<Accuracies on train> cls : 95.26
Train epoch time: 12.478
------------------------------
<Accuracies on val> class : 75.48
------------------------------
<Accuracies on test> class : 62.71
------------------------------
<Accuracies on photo> test class : 75.39
------------------------------
<Accuracies on cartoon> test class : 60.03
------------------------------
<Accuracies on sketch> test class : 58.92
------------------------------
Total epoch time: 47.943

New epoch - lr: 0.003
[1/28 iteration of epoch 16/30] 
 {loss} cls : 0.077, total : 0.077 
 {acc} cls : 96.88
------------------------------
<Losses on train> cls : 0.098, total : 0.098
<Accuracies on train> cls : 96.88
Train epoch time: 11.969
------------------------------
<Accuracies on val> class : 81.73
------------------------------
<Accuracies on test> class : 63.31
------------------------------
<Accuracies on photo> test class : 78.26
------------------------------
<Accuracies on cartoon> test class : 57.72
------------------------------
<Accuracies on sketch> test class : 60.30
------------------------------
Total epoch time: 47.099

New epoch - lr: 0.003
[1/28 iteration of epoch 17/30] 
 {loss} cls : 0.022, total : 0.022 
 {acc} cls : 100.00
------------------------------
<Losses on train> cls : 0.105, total : 0.105
<Accuracies on train> cls : 96.71
Train epoch time: 12.322
------------------------------
<Accuracies on val> class : 79.33
------------------------------
<Accuracies on test> class : 64.30
------------------------------
<Accuracies on photo> test class : 77.01
------------------------------
<Accuracies on cartoon> test class : 59.26
------------------------------
<Accuracies on sketch> test class : 61.90
------------------------------
Total epoch time: 46.422

New epoch - lr: 0.003
[1/28 iteration of epoch 18/30] 
 {loss} cls : 0.082, total : 0.082 
 {acc} cls : 95.31
------------------------------
<Losses on train> cls : 0.082, total : 0.082
<Accuracies on train> cls : 97.27
Train epoch time: 12.491
------------------------------
<Accuracies on val> class : 78.85
------------------------------
<Accuracies on test> class : 64.89
------------------------------
<Accuracies on photo> test class : 80.18
------------------------------
<Accuracies on cartoon> test class : 57.94
------------------------------
<Accuracies on sketch> test class : 62.53
------------------------------
Total epoch time: 46.263

New epoch - lr: 0.003
[1/28 iteration of epoch 19/30] 
 {loss} cls : 0.191, total : 0.191 
 {acc} cls : 96.88
------------------------------
<Losses on train> cls : 0.117, total : 0.117
<Accuracies on train> cls : 95.70
Train epoch time: 11.629
------------------------------
<Accuracies on val> class : 78.37
------------------------------
<Accuracies on test> class : 67.19
------------------------------
<Accuracies on photo> test class : 78.68
------------------------------
<Accuracies on cartoon> test class : 61.86
------------------------------
<Accuracies on sketch> test class : 65.49
------------------------------
Total epoch time: 45.201

New epoch - lr: 0.003
[1/28 iteration of epoch 20/30] 
 {loss} cls : 0.065, total : 0.065 
 {acc} cls : 96.88
------------------------------
<Losses on train> cls : 0.063, total : 0.063
<Accuracies on train> cls : 97.88
Train epoch time: 11.272
------------------------------
<Accuracies on val> class : 80.77
------------------------------
<Accuracies on test> class : 65.05
------------------------------
<Accuracies on photo> test class : 78.50
------------------------------
<Accuracies on cartoon> test class : 58.11
------------------------------
<Accuracies on sketch> test class : 63.48
------------------------------
Total epoch time: 43.579

New epoch - lr: 0.003
[1/28 iteration of epoch 21/30] 
 {loss} cls : 0.075, total : 0.075 
 {acc} cls : 96.88
------------------------------
<Losses on train> cls : 0.049, total : 0.049
<Accuracies on train> cls : 98.38
Train epoch time: 11.386
------------------------------
<Accuracies on val> class : 78.37
------------------------------
<Accuracies on test> class : 64.66
------------------------------
<Accuracies on photo> test class : 79.34
------------------------------
<Accuracies on cartoon> test class : 58.92
------------------------------
<Accuracies on sketch> test class : 61.85
------------------------------
Total epoch time: 43.999

New epoch - lr: 0.003
[1/28 iteration of epoch 22/30] 
 {loss} cls : 0.046, total : 0.046 
 {acc} cls : 98.44
------------------------------
<Losses on train> cls : 0.051, total : 0.051
<Accuracies on train> cls : 97.94
Train epoch time: 10.745
------------------------------
<Accuracies on val> class : 81.25
------------------------------
<Accuracies on test> class : 64.98
------------------------------
<Accuracies on photo> test class : 79.70
------------------------------
<Accuracies on cartoon> test class : 56.78
------------------------------
<Accuracies on sketch> test class : 63.60
------------------------------
Total epoch time: 42.936

New epoch - lr: 0.003
[1/28 iteration of epoch 23/30] 
 {loss} cls : 0.012, total : 0.012 
 {acc} cls : 100.00
------------------------------
<Losses on train> cls : 0.045, total : 0.045
<Accuracies on train> cls : 98.33
Train epoch time: 10.405
------------------------------
<Accuracies on val> class : 78.37
------------------------------
<Accuracies on test> class : 64.02
------------------------------
<Accuracies on photo> test class : 76.65
------------------------------
<Accuracies on cartoon> test class : 57.21
------------------------------
<Accuracies on sketch> test class : 62.71
------------------------------
Total epoch time: 41.895

New epoch - lr: 0.003
[1/28 iteration of epoch 24/30] 
 {loss} cls : 0.030, total : 0.030 
 {acc} cls : 98.44
------------------------------
<Losses on train> cls : 0.050, total : 0.050
<Accuracies on train> cls : 98.10
Train epoch time: 10.705
------------------------------
<Accuracies on val> class : 80.77
------------------------------
<Accuracies on test> class : 66.55
------------------------------
<Accuracies on photo> test class : 78.50
------------------------------
<Accuracies on cartoon> test class : 59.98
------------------------------
<Accuracies on sketch> test class : 65.39
------------------------------
Total epoch time: 42.060

New epoch - lr: 0.003
[1/28 iteration of epoch 25/30] 
 {loss} cls : 0.025, total : 0.025 
 {acc} cls : 98.44
------------------------------
<Losses on train> cls : 0.051, total : 0.051
<Accuracies on train> cls : 98.44
Train epoch time: 11.017
------------------------------
<Accuracies on val> class : 83.17
------------------------------
<Accuracies on test> class : 66.45
------------------------------
<Accuracies on photo> test class : 77.84
------------------------------
<Accuracies on cartoon> test class : 60.32
------------------------------
<Accuracies on sketch> test class : 65.26
------------------------------
Total epoch time: 42.786

New epoch - lr: 0.003
[1/28 iteration of epoch 26/30] 
 {loss} cls : 0.052, total : 0.052 
 {acc} cls : 98.44
------------------------------
<Losses on train> cls : 0.050, total : 0.050
<Accuracies on train> cls : 98.44
Train epoch time: 10.716
------------------------------
<Accuracies on val> class : 81.25
------------------------------
<Accuracies on test> class : 65.97
------------------------------
<Accuracies on photo> test class : 79.46
------------------------------
<Accuracies on cartoon> test class : 58.23
------------------------------
<Accuracies on sketch> test class : 64.85
------------------------------
Total epoch time: 40.709

New epoch - lr: 0.0009000000000000002
[1/28 iteration of epoch 27/30] 
 {loss} cls : 0.011, total : 0.011 
 {acc} cls : 100.00
------------------------------
<Losses on train> cls : 0.032, total : 0.032
<Accuracies on train> cls : 99.00
Train epoch time: 12.062
------------------------------
<Accuracies on val> class : 81.73
------------------------------
<Accuracies on test> class : 67.28
------------------------------
<Accuracies on photo> test class : 78.86
------------------------------
<Accuracies on cartoon> test class : 58.92
------------------------------
<Accuracies on sketch> test class : 67.35
------------------------------
Total epoch time: 41.649

New epoch - lr: 0.0009000000000000002
[1/28 iteration of epoch 28/30] 
 {loss} cls : 0.038, total : 0.038 
 {acc} cls : 96.88
------------------------------
<Losses on train> cls : 0.021, total : 0.021
<Accuracies on train> cls : 99.39
Train epoch time: 11.868
------------------------------
<Accuracies on val> class : 81.73
------------------------------
<Accuracies on test> class : 66.75
------------------------------
<Accuracies on photo> test class : 78.86
------------------------------
<Accuracies on cartoon> test class : 57.85
------------------------------
<Accuracies on sketch> test class : 66.91
------------------------------
Total epoch time: 40.767

New epoch - lr: 0.0009000000000000002
[1/28 iteration of epoch 29/30] 
 {loss} cls : 0.005, total : 0.005 
 {acc} cls : 100.00
------------------------------
<Losses on train> cls : 0.022, total : 0.022
<Accuracies on train> cls : 99.27
Train epoch time: 12.400
------------------------------
<Accuracies on val> class : 84.13
------------------------------
<Accuracies on test> class : 67.03
------------------------------
<Accuracies on photo> test class : 79.58
------------------------------
<Accuracies on cartoon> test class : 60.45
------------------------------
<Accuracies on sketch> test class : 65.61
------------------------------
Total epoch time: 41.151

New epoch - lr: 0.0009000000000000002
[1/28 iteration of epoch 30/30] 
 {loss} cls : 0.010, total : 0.010 
 {acc} cls : 100.00
------------------------------
<Losses on train> cls : 0.016, total : 0.016
<Accuracies on train> cls : 99.44
Train epoch time: 10.287
------------------------------
<Accuracies on val> class : 83.65
------------------------------
<Accuracies on test> class : 67.07
------------------------------
<Accuracies on photo> test class : 79.76
------------------------------
<Accuracies on cartoon> test class : 59.47
------------------------------
<Accuracies on sketch> test class : 66.20
------------------------------
Total epoch time: 37.264

******************************
Best val 0.841346, corresponding test 0.670276 - best test: 0.672794

******************************
Best val 0.8413461446762085, corresponding photo test 0.7958083748817444

******************************
Best val 0.8413461446762085, corresponding cartoon test 0.604522168636322

******************************
Best val 0.8413461446762085, corresponding sketch test 0.6561465859413147
