
Loading experiment Texture/ResNet18_step


New epoch - lr: 0.003
[1/75 iteration of epoch 1/30] 
 {loss} cls : 2.999, total : 2.999 
 {acc} cls : 4.69
[31/75 iteration of epoch 1/30] 
 {loss} cls : 1.231, total : 1.231 
 {acc} cls : 57.81
[61/75 iteration of epoch 1/30] 
 {loss} cls : 1.233, total : 1.233 
 {acc} cls : 57.81
------------------------------
<Losses on train> cls : 1.800, total : 1.800
<Accuracies on train> cls : 47.50
Train epoch time: 20.658
------------------------------
<Accuracies on val> class : 60.06
------------------------------
<Accuracies on test> class : 41.69
------------------------------
<Accuracies on in> test class : 52.38
------------------------------
<Accuracies on random> test class : 30.63
------------------------------
<Accuracies on edge> test class : 30.63
------------------------------
<Accuracies on silo> test class : 34.38
------------------------------
Total epoch time: 41.999

New epoch - lr: 0.003
[1/75 iteration of epoch 2/30] 
 {loss} cls : 0.602, total : 0.602 
 {acc} cls : 78.12
[31/75 iteration of epoch 2/30] 
 {loss} cls : 0.851, total : 0.851 
 {acc} cls : 75.00
[61/75 iteration of epoch 2/30] 
 {loss} cls : 0.451, total : 0.451 
 {acc} cls : 87.50
------------------------------
<Losses on train> cls : 0.708, total : 0.708
<Accuracies on train> cls : 78.04
Train epoch time: 20.008
------------------------------
<Accuracies on val> class : 69.84
------------------------------
<Accuracies on test> class : 46.12
------------------------------
<Accuracies on in> test class : 58.44
------------------------------
<Accuracies on random> test class : 33.67
------------------------------
<Accuracies on edge> test class : 35.62
------------------------------
<Accuracies on silo> test class : 33.12
------------------------------
Total epoch time: 41.276

New epoch - lr: 0.003
[1/75 iteration of epoch 3/30] 
 {loss} cls : 0.636, total : 0.636 
 {acc} cls : 81.25
[31/75 iteration of epoch 3/30] 
 {loss} cls : 0.237, total : 0.237 
 {acc} cls : 93.75
[61/75 iteration of epoch 3/30] 
 {loss} cls : 0.535, total : 0.535 
 {acc} cls : 82.81
------------------------------
<Losses on train> cls : 0.425, total : 0.425
<Accuracies on train> cls : 86.67
Train epoch time: 20.052
------------------------------
<Accuracies on val> class : 71.06
------------------------------
<Accuracies on test> class : 47.19
------------------------------
<Accuracies on in> test class : 60.25
------------------------------
<Accuracies on random> test class : 34.30
------------------------------
<Accuracies on edge> test class : 42.50
------------------------------
<Accuracies on silo> test class : 24.38
------------------------------
Total epoch time: 41.418

New epoch - lr: 0.003
[1/75 iteration of epoch 4/30] 
 {loss} cls : 0.236, total : 0.236 
 {acc} cls : 92.19
[31/75 iteration of epoch 4/30] 
 {loss} cls : 0.296, total : 0.296 
 {acc} cls : 90.62
[61/75 iteration of epoch 4/30] 
 {loss} cls : 0.158, total : 0.158 
 {acc} cls : 90.62
------------------------------
<Losses on train> cls : 0.290, total : 0.290
<Accuracies on train> cls : 90.60
Train epoch time: 20.083
------------------------------
<Accuracies on val> class : 73.12
------------------------------
<Accuracies on test> class : 48.66
------------------------------
<Accuracies on in> test class : 63.94
------------------------------
<Accuracies on random> test class : 33.52
------------------------------
<Accuracies on edge> test class : 31.25
------------------------------
<Accuracies on silo> test class : 34.38
------------------------------
Total epoch time: 41.208

New epoch - lr: 0.003
[1/75 iteration of epoch 5/30] 
 {loss} cls : 0.181, total : 0.181 
 {acc} cls : 96.88
[31/75 iteration of epoch 5/30] 
 {loss} cls : 0.358, total : 0.358 
 {acc} cls : 90.62
[61/75 iteration of epoch 5/30] 
 {loss} cls : 0.068, total : 0.068 
 {acc} cls : 96.88
------------------------------
<Losses on train> cls : 0.216, total : 0.216
<Accuracies on train> cls : 92.58
Train epoch time: 20.096
------------------------------
<Accuracies on val> class : 77.34
------------------------------
<Accuracies on test> class : 50.09
------------------------------
<Accuracies on in> test class : 64.38
------------------------------
<Accuracies on random> test class : 36.09
------------------------------
<Accuracies on edge> test class : 35.00
------------------------------
<Accuracies on silo> test class : 34.38
------------------------------
Total epoch time: 41.206

New epoch - lr: 0.003
[1/75 iteration of epoch 6/30] 
 {loss} cls : 0.195, total : 0.195 
 {acc} cls : 96.88
[31/75 iteration of epoch 6/30] 
 {loss} cls : 0.189, total : 0.189 
 {acc} cls : 93.75
[61/75 iteration of epoch 6/30] 
 {loss} cls : 0.195, total : 0.195 
 {acc} cls : 95.31
------------------------------
<Losses on train> cls : 0.146, total : 0.146
<Accuracies on train> cls : 95.27
Train epoch time: 19.975
------------------------------
<Accuracies on val> class : 78.69
------------------------------
<Accuracies on test> class : 53.22
------------------------------
<Accuracies on in> test class : 68.19
------------------------------
<Accuracies on random> test class : 38.44
------------------------------
<Accuracies on edge> test class : 37.50
------------------------------
<Accuracies on silo> test class : 37.50
------------------------------
Total epoch time: 41.010

New epoch - lr: 0.003
[1/75 iteration of epoch 7/30] 
 {loss} cls : 0.138, total : 0.138 
 {acc} cls : 95.31
[31/75 iteration of epoch 7/30] 
 {loss} cls : 0.174, total : 0.174 
 {acc} cls : 93.75
[61/75 iteration of epoch 7/30] 
 {loss} cls : 0.085, total : 0.085 
 {acc} cls : 96.88
------------------------------
<Losses on train> cls : 0.103, total : 0.103
<Accuracies on train> cls : 96.83
Train epoch time: 20.410
------------------------------
<Accuracies on val> class : 77.38
------------------------------
<Accuracies on test> class : 50.38
------------------------------
<Accuracies on in> test class : 66.00
------------------------------
<Accuracies on random> test class : 35.16
------------------------------
<Accuracies on edge> test class : 38.12
------------------------------
<Accuracies on silo> test class : 28.12
------------------------------
Total epoch time: 41.089

New epoch - lr: 0.003
[1/75 iteration of epoch 8/30] 
 {loss} cls : 0.099, total : 0.099 
 {acc} cls : 96.88
[31/75 iteration of epoch 8/30] 
 {loss} cls : 0.035, total : 0.035 
 {acc} cls : 100.00
[61/75 iteration of epoch 8/30] 
 {loss} cls : 0.034, total : 0.034 
 {acc} cls : 100.00
------------------------------
<Losses on train> cls : 0.079, total : 0.079
<Accuracies on train> cls : 97.67
Train epoch time: 19.952
------------------------------
<Accuracies on val> class : 78.06
------------------------------
<Accuracies on test> class : 52.22
------------------------------
<Accuracies on in> test class : 68.25
------------------------------
<Accuracies on random> test class : 35.31
------------------------------
<Accuracies on edge> test class : 40.00
------------------------------
<Accuracies on silo> test class : 39.38
------------------------------
Total epoch time: 40.552

New epoch - lr: 0.003
[1/75 iteration of epoch 9/30] 
 {loss} cls : 0.081, total : 0.081 
 {acc} cls : 96.88
[31/75 iteration of epoch 9/30] 
 {loss} cls : 0.016, total : 0.016 
 {acc} cls : 100.00
[61/75 iteration of epoch 9/30] 
 {loss} cls : 0.088, total : 0.088 
 {acc} cls : 96.88
------------------------------
<Losses on train> cls : 0.052, total : 0.052
<Accuracies on train> cls : 98.46
Train epoch time: 19.902
------------------------------
<Accuracies on val> class : 78.12
------------------------------
<Accuracies on test> class : 50.72
------------------------------
<Accuracies on in> test class : 66.81
------------------------------
<Accuracies on random> test class : 34.61
------------------------------
<Accuracies on edge> test class : 35.62
------------------------------
<Accuracies on silo> test class : 33.75
------------------------------
Total epoch time: 40.564

New epoch - lr: 0.003
[1/75 iteration of epoch 10/30] 
 {loss} cls : 0.045, total : 0.045 
 {acc} cls : 98.44
[31/75 iteration of epoch 10/30] 
 {loss} cls : 0.029, total : 0.029 
 {acc} cls : 100.00
[61/75 iteration of epoch 10/30] 
 {loss} cls : 0.061, total : 0.061 
 {acc} cls : 95.31
------------------------------
<Losses on train> cls : 0.046, total : 0.046
<Accuracies on train> cls : 98.56
Train epoch time: 20.002
------------------------------
<Accuracies on val> class : 78.06
------------------------------
<Accuracies on test> class : 50.03
------------------------------
<Accuracies on in> test class : 66.31
------------------------------
<Accuracies on random> test class : 33.91
------------------------------
<Accuracies on edge> test class : 34.38
------------------------------
<Accuracies on silo> test class : 31.87
------------------------------
Total epoch time: 40.625

New epoch - lr: 0.003
[1/75 iteration of epoch 11/30] 
 {loss} cls : 0.024, total : 0.024 
 {acc} cls : 100.00
[31/75 iteration of epoch 11/30] 
 {loss} cls : 0.026, total : 0.026 
 {acc} cls : 98.44
[61/75 iteration of epoch 11/30] 
 {loss} cls : 0.054, total : 0.054 
 {acc} cls : 96.88
------------------------------
<Losses on train> cls : 0.050, total : 0.050
<Accuracies on train> cls : 98.42
Train epoch time: 20.265
------------------------------
<Accuracies on val> class : 78.41
------------------------------
<Accuracies on test> class : 53.78
------------------------------
<Accuracies on in> test class : 68.88
------------------------------
<Accuracies on random> test class : 38.12
------------------------------
<Accuracies on edge> test class : 40.62
------------------------------
<Accuracies on silo> test class : 41.25
------------------------------
Total epoch time: 40.952

New epoch - lr: 0.003
[1/75 iteration of epoch 12/30] 
 {loss} cls : 0.031, total : 0.031 
 {acc} cls : 100.00
[31/75 iteration of epoch 12/30] 
 {loss} cls : 0.005, total : 0.005 
 {acc} cls : 100.00
[61/75 iteration of epoch 12/30] 
 {loss} cls : 0.013, total : 0.013 
 {acc} cls : 100.00
------------------------------
<Losses on train> cls : 0.029, total : 0.029
<Accuracies on train> cls : 99.12
Train epoch time: 19.957
------------------------------
<Accuracies on val> class : 80.06
------------------------------
<Accuracies on test> class : 53.31
------------------------------
<Accuracies on in> test class : 70.44
------------------------------
<Accuracies on random> test class : 35.78
------------------------------
<Accuracies on edge> test class : 40.00
------------------------------
<Accuracies on silo> test class : 35.62
------------------------------
Total epoch time: 41.019

New epoch - lr: 0.003
[1/75 iteration of epoch 13/30] 
 {loss} cls : 0.033, total : 0.033 
 {acc} cls : 98.44
[31/75 iteration of epoch 13/30] 
 {loss} cls : 0.033, total : 0.033 
 {acc} cls : 98.44
[61/75 iteration of epoch 13/30] 
 {loss} cls : 0.010, total : 0.010 
 {acc} cls : 100.00
------------------------------
<Losses on train> cls : 0.035, total : 0.035
<Accuracies on train> cls : 98.62
Train epoch time: 20.248
------------------------------
<Accuracies on val> class : 78.72
------------------------------
<Accuracies on test> class : 51.38
------------------------------
<Accuracies on in> test class : 68.44
------------------------------
<Accuracies on random> test class : 34.22
------------------------------
<Accuracies on edge> test class : 36.25
------------------------------
<Accuracies on silo> test class : 33.12
------------------------------
Total epoch time: 40.892

New epoch - lr: 0.003
[1/75 iteration of epoch 14/30] 
 {loss} cls : 0.003, total : 0.003 
 {acc} cls : 100.00
[31/75 iteration of epoch 14/30] 
 {loss} cls : 0.031, total : 0.031 
 {acc} cls : 98.44
[61/75 iteration of epoch 14/30] 
 {loss} cls : 0.013, total : 0.013 
 {acc} cls : 100.00
------------------------------
<Losses on train> cls : 0.027, total : 0.027
<Accuracies on train> cls : 99.23
Train epoch time: 20.218
------------------------------
<Accuracies on val> class : 79.19
------------------------------
<Accuracies on test> class : 51.97
------------------------------
<Accuracies on in> test class : 70.06
------------------------------
<Accuracies on random> test class : 34.53
------------------------------
<Accuracies on edge> test class : 30.00
------------------------------
<Accuracies on silo> test class : 32.50
------------------------------
Total epoch time: 40.924

New epoch - lr: 0.003
[1/75 iteration of epoch 15/30] 
 {loss} cls : 0.061, total : 0.061 
 {acc} cls : 98.44
[31/75 iteration of epoch 15/30] 
 {loss} cls : 0.033, total : 0.033 
 {acc} cls : 96.88
[61/75 iteration of epoch 15/30] 
 {loss} cls : 0.108, total : 0.108 
 {acc} cls : 95.31
------------------------------
<Losses on train> cls : 0.034, total : 0.034
<Accuracies on train> cls : 98.94
Train epoch time: 20.045
------------------------------
<Accuracies on val> class : 77.44
------------------------------
<Accuracies on test> class : 49.94
------------------------------
<Accuracies on in> test class : 67.75
------------------------------
<Accuracies on random> test class : 31.41
------------------------------
<Accuracies on edge> test class : 39.38
------------------------------
<Accuracies on silo> test class : 30.63
------------------------------
Total epoch time: 40.769

New epoch - lr: 0.003
[1/75 iteration of epoch 16/30] 
 {loss} cls : 0.208, total : 0.208 
 {acc} cls : 92.19
[31/75 iteration of epoch 16/30] 
 {loss} cls : 0.027, total : 0.027 
 {acc} cls : 98.44
[61/75 iteration of epoch 16/30] 
 {loss} cls : 0.044, total : 0.044 
 {acc} cls : 98.44
------------------------------
<Losses on train> cls : 0.031, total : 0.031
<Accuracies on train> cls : 99.02
Train epoch time: 20.123
------------------------------
<Accuracies on val> class : 80.22
------------------------------
<Accuracies on test> class : 53.16
------------------------------
<Accuracies on in> test class : 69.44
------------------------------
<Accuracies on random> test class : 36.64
------------------------------
<Accuracies on edge> test class : 36.88
------------------------------
<Accuracies on silo> test class : 38.75
------------------------------
Total epoch time: 41.188

New epoch - lr: 0.003
[1/75 iteration of epoch 17/30] 
 {loss} cls : 0.014, total : 0.014 
 {acc} cls : 100.00
[31/75 iteration of epoch 17/30] 
 {loss} cls : 0.003, total : 0.003 
 {acc} cls : 100.00
[61/75 iteration of epoch 17/30] 
 {loss} cls : 0.016, total : 0.016 
 {acc} cls : 100.00
------------------------------
<Losses on train> cls : 0.016, total : 0.016
<Accuracies on train> cls : 99.54
Train epoch time: 21.011
------------------------------
<Accuracies on val> class : 80.22
------------------------------
<Accuracies on test> class : 52.56
------------------------------
<Accuracies on in> test class : 70.25
------------------------------
<Accuracies on random> test class : 34.38
------------------------------
<Accuracies on edge> test class : 40.00
------------------------------
<Accuracies on silo> test class : 33.75
------------------------------
Total epoch time: 42.032

New epoch - lr: 0.003
[1/75 iteration of epoch 18/30] 
 {loss} cls : 0.011, total : 0.011 
 {acc} cls : 100.00
[31/75 iteration of epoch 18/30] 
 {loss} cls : 0.004, total : 0.004 
 {acc} cls : 100.00
[61/75 iteration of epoch 18/30] 
 {loss} cls : 0.010, total : 0.010 
 {acc} cls : 100.00
------------------------------
<Losses on train> cls : 0.017, total : 0.017
<Accuracies on train> cls : 99.50
Train epoch time: 20.146
------------------------------
<Accuracies on val> class : 80.12
------------------------------
<Accuracies on test> class : 52.38
------------------------------
<Accuracies on in> test class : 69.38
------------------------------
<Accuracies on random> test class : 35.47
------------------------------
<Accuracies on edge> test class : 35.62
------------------------------
<Accuracies on silo> test class : 34.38
------------------------------
Total epoch time: 40.831

New epoch - lr: 0.003
[1/75 iteration of epoch 19/30] 
 {loss} cls : 0.012, total : 0.012 
 {acc} cls : 100.00
[31/75 iteration of epoch 19/30] 
 {loss} cls : 0.020, total : 0.020 
 {acc} cls : 98.44
[61/75 iteration of epoch 19/30] 
 {loss} cls : 0.007, total : 0.007 
 {acc} cls : 100.00
------------------------------
<Losses on train> cls : 0.014, total : 0.014
<Accuracies on train> cls : 99.60
Train epoch time: 20.101
------------------------------
<Accuracies on val> class : 79.84
------------------------------
<Accuracies on test> class : 54.37
------------------------------
<Accuracies on in> test class : 70.56
------------------------------
<Accuracies on random> test class : 37.97
------------------------------
<Accuracies on edge> test class : 36.88
------------------------------
<Accuracies on silo> test class : 40.62
------------------------------
Total epoch time: 40.848

New epoch - lr: 0.003
[1/75 iteration of epoch 20/30] 
 {loss} cls : 0.004, total : 0.004 
 {acc} cls : 100.00
[31/75 iteration of epoch 20/30] 
 {loss} cls : 0.004, total : 0.004 
 {acc} cls : 100.00
[61/75 iteration of epoch 20/30] 
 {loss} cls : 0.004, total : 0.004 
 {acc} cls : 100.00
------------------------------
<Losses on train> cls : 0.009, total : 0.009
<Accuracies on train> cls : 99.79
Train epoch time: 20.362
------------------------------
<Accuracies on val> class : 80.41
------------------------------
<Accuracies on test> class : 54.19
------------------------------
<Accuracies on in> test class : 70.81
------------------------------
<Accuracies on random> test class : 37.11
------------------------------
<Accuracies on edge> test class : 40.00
------------------------------
<Accuracies on silo> test class : 38.75
------------------------------
Total epoch time: 41.456

New epoch - lr: 0.003
[1/75 iteration of epoch 21/30] 
 {loss} cls : 0.007, total : 0.007 
 {acc} cls : 100.00
[31/75 iteration of epoch 21/30] 
 {loss} cls : 0.017, total : 0.017 
 {acc} cls : 100.00
[61/75 iteration of epoch 21/30] 
 {loss} cls : 0.002, total : 0.002 
 {acc} cls : 100.00
------------------------------
<Losses on train> cls : 0.011, total : 0.011
<Accuracies on train> cls : 99.67
Train epoch time: 20.729
------------------------------
<Accuracies on val> class : 79.72
------------------------------
<Accuracies on test> class : 54.50
------------------------------
<Accuracies on in> test class : 70.06
------------------------------
<Accuracies on random> test class : 38.67
------------------------------
<Accuracies on edge> test class : 41.25
------------------------------
<Accuracies on silo> test class : 38.75
------------------------------
Total epoch time: 41.422

New epoch - lr: 0.003
[1/75 iteration of epoch 22/30] 
 {loss} cls : 0.011, total : 0.011 
 {acc} cls : 100.00
[31/75 iteration of epoch 22/30] 
 {loss} cls : 0.003, total : 0.003 
 {acc} cls : 100.00
[61/75 iteration of epoch 22/30] 
 {loss} cls : 0.003, total : 0.003 
 {acc} cls : 100.00
------------------------------
<Losses on train> cls : 0.011, total : 0.011
<Accuracies on train> cls : 99.71
Train epoch time: 20.108
------------------------------
<Accuracies on val> class : 79.81
------------------------------
<Accuracies on test> class : 53.87
------------------------------
<Accuracies on in> test class : 68.94
------------------------------
<Accuracies on random> test class : 38.67
------------------------------
<Accuracies on edge> test class : 35.00
------------------------------
<Accuracies on silo> test class : 43.75
------------------------------
Total epoch time: 40.800

New epoch - lr: 0.003
[1/75 iteration of epoch 23/30] 
 {loss} cls : 0.014, total : 0.014 
 {acc} cls : 98.44
[31/75 iteration of epoch 23/30] 
 {loss} cls : 0.012, total : 0.012 
 {acc} cls : 100.00
[61/75 iteration of epoch 23/30] 
 {loss} cls : 0.004, total : 0.004 
 {acc} cls : 100.00
------------------------------
<Losses on train> cls : 0.008, total : 0.008
<Accuracies on train> cls : 99.81
Train epoch time: 20.096
------------------------------
<Accuracies on val> class : 79.59
------------------------------
<Accuracies on test> class : 54.81
------------------------------
<Accuracies on in> test class : 70.69
------------------------------
<Accuracies on random> test class : 37.89
------------------------------
<Accuracies on edge> test class : 41.25
------------------------------
<Accuracies on silo> test class : 45.00
------------------------------
Total epoch time: 40.760

New epoch - lr: 0.003
[1/75 iteration of epoch 24/30] 
 {loss} cls : 0.013, total : 0.013 
 {acc} cls : 100.00
[31/75 iteration of epoch 24/30] 
 {loss} cls : 0.004, total : 0.004 
 {acc} cls : 100.00
[61/75 iteration of epoch 24/30] 
 {loss} cls : 0.028, total : 0.028 
 {acc} cls : 98.44
------------------------------
<Losses on train> cls : 0.009, total : 0.009
<Accuracies on train> cls : 99.79
Train epoch time: 20.502
------------------------------
<Accuracies on val> class : 80.25
------------------------------
<Accuracies on test> class : 54.66
------------------------------
<Accuracies on in> test class : 71.25
------------------------------
<Accuracies on random> test class : 36.72
------------------------------
<Accuracies on edge> test class : 43.12
------------------------------
<Accuracies on silo> test class : 43.75
------------------------------
Total epoch time: 41.212

New epoch - lr: 0.003
[1/75 iteration of epoch 25/30] 
 {loss} cls : 0.010, total : 0.010 
 {acc} cls : 100.00
[31/75 iteration of epoch 25/30] 
 {loss} cls : 0.017, total : 0.017 
 {acc} cls : 100.00
[61/75 iteration of epoch 25/30] 
 {loss} cls : 0.011, total : 0.011 
 {acc} cls : 100.00
------------------------------
<Losses on train> cls : 0.009, total : 0.009
<Accuracies on train> cls : 99.75
Train epoch time: 20.266
------------------------------
<Accuracies on val> class : 81.19
------------------------------
<Accuracies on test> class : 54.44
------------------------------
<Accuracies on in> test class : 71.12
------------------------------
<Accuracies on random> test class : 37.42
------------------------------
<Accuracies on edge> test class : 37.50
------------------------------
<Accuracies on silo> test class : 40.62
------------------------------
Total epoch time: 41.320

New epoch - lr: 0.003
[1/75 iteration of epoch 26/30] 
 {loss} cls : 0.028, total : 0.028 
 {acc} cls : 98.44
[31/75 iteration of epoch 26/30] 
 {loss} cls : 0.002, total : 0.002 
 {acc} cls : 100.00
[61/75 iteration of epoch 26/30] 
 {loss} cls : 0.008, total : 0.008 
 {acc} cls : 100.00
------------------------------
<Losses on train> cls : 0.009, total : 0.009
<Accuracies on train> cls : 99.71
Train epoch time: 20.948
------------------------------
<Accuracies on val> class : 80.72
------------------------------
<Accuracies on test> class : 54.62
------------------------------
<Accuracies on in> test class : 71.00
------------------------------
<Accuracies on random> test class : 37.81
------------------------------
<Accuracies on edge> test class : 41.88
------------------------------
<Accuracies on silo> test class : 38.12
------------------------------
Total epoch time: 41.664

New epoch - lr: 0.0009000000000000002
[1/75 iteration of epoch 27/30] 
 {loss} cls : 0.003, total : 0.003 
 {acc} cls : 100.00
[31/75 iteration of epoch 27/30] 
 {loss} cls : 0.002, total : 0.002 
 {acc} cls : 100.00
[61/75 iteration of epoch 27/30] 
 {loss} cls : 0.001, total : 0.001 
 {acc} cls : 100.00
------------------------------
<Losses on train> cls : 0.006, total : 0.006
<Accuracies on train> cls : 99.88
Train epoch time: 20.096
------------------------------
<Accuracies on val> class : 81.16
------------------------------
<Accuracies on test> class : 55.09
------------------------------
<Accuracies on in> test class : 71.81
------------------------------
<Accuracies on random> test class : 37.58
------------------------------
<Accuracies on edge> test class : 42.50
------------------------------
<Accuracies on silo> test class : 40.62
------------------------------
Total epoch time: 40.786

New epoch - lr: 0.0009000000000000002
[1/75 iteration of epoch 28/30] 
 {loss} cls : 0.002, total : 0.002 
 {acc} cls : 100.00
[31/75 iteration of epoch 28/30] 
 {loss} cls : 0.005, total : 0.005 
 {acc} cls : 100.00
[61/75 iteration of epoch 28/30] 
 {loss} cls : 0.006, total : 0.006 
 {acc} cls : 100.00
------------------------------
<Losses on train> cls : 0.005, total : 0.005
<Accuracies on train> cls : 99.85
Train epoch time: 20.476
------------------------------
<Accuracies on val> class : 80.97
------------------------------
<Accuracies on test> class : 54.62
------------------------------
<Accuracies on in> test class : 70.88
------------------------------
<Accuracies on random> test class : 37.58
------------------------------
<Accuracies on edge> test class : 43.12
------------------------------
<Accuracies on silo> test class : 40.00
------------------------------
Total epoch time: 41.165

New epoch - lr: 0.0009000000000000002
[1/75 iteration of epoch 29/30] 
 {loss} cls : 0.001, total : 0.001 
 {acc} cls : 100.00
[31/75 iteration of epoch 29/30] 
 {loss} cls : 0.001, total : 0.001 
 {acc} cls : 100.00
[61/75 iteration of epoch 29/30] 
 {loss} cls : 0.003, total : 0.003 
 {acc} cls : 100.00
------------------------------
<Losses on train> cls : 0.005, total : 0.005
<Accuracies on train> cls : 99.85
Train epoch time: 19.912
------------------------------
<Accuracies on val> class : 80.91
------------------------------
<Accuracies on test> class : 54.50
------------------------------
<Accuracies on in> test class : 70.88
------------------------------
<Accuracies on random> test class : 37.42
------------------------------
<Accuracies on edge> test class : 41.88
------------------------------
<Accuracies on silo> test class : 40.00
------------------------------
Total epoch time: 40.609

New epoch - lr: 0.0009000000000000002
[1/75 iteration of epoch 30/30] 
 {loss} cls : 0.002, total : 0.002 
 {acc} cls : 100.00
[31/75 iteration of epoch 30/30] 
 {loss} cls : 0.001, total : 0.001 
 {acc} cls : 100.00
[61/75 iteration of epoch 30/30] 
 {loss} cls : 0.007, total : 0.007 
 {acc} cls : 100.00
------------------------------
<Losses on train> cls : 0.004, total : 0.004
<Accuracies on train> cls : 99.90
Train epoch time: 21.751
------------------------------
<Accuracies on val> class : 81.00
------------------------------
<Accuracies on test> class : 55.09
------------------------------
<Accuracies on in> test class : 70.94
------------------------------
<Accuracies on random> test class : 37.73
------------------------------
<Accuracies on edge> test class : 45.62
------------------------------
<Accuracies on silo> test class : 45.00
------------------------------
Total epoch time: 42.452

******************************
Best val 0.811875, corresponding test 0.544375 - best test: 0.550937

******************************
Best val 0.8118749856948853, corresponding in test 0.7112500071525574

******************************
Best val 0.8118749856948853, corresponding random test 0.37421876192092896

******************************
Best val 0.8118749856948853, corresponding edge test 0.375

******************************
Best val 0.8118749856948853, corresponding silo test 0.40625
