
Loading experiment Officehome/ResNet18_step

Sample Strategy: all

New epoch - lr: 0.003
[1/61 iteration of epoch 1/50] 
 {loss} cls : 4.413, total : 4.413 
 {acc} cls : 1.56
[31/61 iteration of epoch 1/50] 
 {loss} cls : 0.814, total : 0.814 
 {acc} cls : 79.69
[61/61 iteration of epoch 1/50] 
 {loss} cls : 0.658, total : 0.658 
 {acc} cls : 78.91
------------------------------
<Losses on train> cls : 1.522, total : 1.522
<Accuracies on train> cls : 63.59
Train epoch time: 425.349
------------------------------
<Accuracies on val> class : 75.86
------------------------------
<Accuracies on test> class : 55.64
------------------------------
<Accuracies on Art> test class : 55.34
------------------------------
<Accuracies on Clipart> test class : 43.00
------------------------------
<Accuracies on Product> test class : 68.24
------------------------------
Total epoch time: 523.429

New epoch - lr: 0.003
[1/61 iteration of epoch 2/50] 
 {loss} cls : 0.600, total : 0.600 
 {acc} cls : 84.38
[31/61 iteration of epoch 2/50] 
 {loss} cls : 0.422, total : 0.422 
 {acc} cls : 88.28
[61/61 iteration of epoch 2/50] 
 {loss} cls : 0.369, total : 0.369 
 {acc} cls : 87.50
------------------------------
<Losses on train> cls : 0.443, total : 0.443
<Accuracies on train> cls : 87.05
Train epoch time: 208.207
------------------------------
<Accuracies on val> class : 78.85
------------------------------
<Accuracies on test> class : 57.84
------------------------------
<Accuracies on Art> test class : 57.15
------------------------------
<Accuracies on Clipart> test class : 45.32
------------------------------
<Accuracies on Product> test class : 70.53
------------------------------
Total epoch time: 306.308

New epoch - lr: 0.003
[1/61 iteration of epoch 3/50] 
 {loss} cls : 0.351, total : 0.351 
 {acc} cls : 89.84
[31/61 iteration of epoch 3/50] 
 {loss} cls : 0.222, total : 0.222 
 {acc} cls : 96.09
[61/61 iteration of epoch 3/50] 
 {loss} cls : 0.339, total : 0.339 
 {acc} cls : 92.97
------------------------------
<Losses on train> cls : 0.297, total : 0.297
<Accuracies on train> cls : 91.62
Train epoch time: 143.183
------------------------------
<Accuracies on val> class : 80.46
------------------------------
<Accuracies on test> class : 58.05
------------------------------
<Accuracies on Art> test class : 55.83
------------------------------
<Accuracies on Clipart> test class : 45.82
------------------------------
<Accuracies on Product> test class : 71.30
------------------------------
Total epoch time: 242.128

New epoch - lr: 0.003
[1/61 iteration of epoch 4/50] 
 {loss} cls : 0.339, total : 0.339 
 {acc} cls : 90.62
[31/61 iteration of epoch 4/50] 
 {loss} cls : 0.249, total : 0.249 
 {acc} cls : 93.75
[61/61 iteration of epoch 4/50] 
 {loss} cls : 0.243, total : 0.243 
 {acc} cls : 92.97
------------------------------
<Losses on train> cls : 0.232, total : 0.232
<Accuracies on train> cls : 93.28
Train epoch time: 129.636
------------------------------
<Accuracies on val> class : 78.39
------------------------------
<Accuracies on test> class : 58.34
------------------------------
<Accuracies on Art> test class : 56.53
------------------------------
<Accuracies on Clipart> test class : 46.37
------------------------------
<Accuracies on Product> test class : 71.10
------------------------------
Total epoch time: 224.462

New epoch - lr: 0.003
[1/61 iteration of epoch 5/50] 
 {loss} cls : 0.146, total : 0.146 
 {acc} cls : 95.31
[31/61 iteration of epoch 5/50] 
 {loss} cls : 0.188, total : 0.188 
 {acc} cls : 94.53
[61/61 iteration of epoch 5/50] 
 {loss} cls : 0.277, total : 0.277 
 {acc} cls : 89.84
------------------------------
<Losses on train> cls : 0.181, total : 0.181
<Accuracies on train> cls : 94.81
Train epoch time: 129.374
------------------------------
<Accuracies on val> class : 80.23
------------------------------
<Accuracies on test> class : 58.44
------------------------------
<Accuracies on Art> test class : 56.37
------------------------------
<Accuracies on Clipart> test class : 46.94
------------------------------
<Accuracies on Product> test class : 70.87
------------------------------
Total epoch time: 226.503

New epoch - lr: 0.003
[1/61 iteration of epoch 6/50] 
 {loss} cls : 0.155, total : 0.155 
 {acc} cls : 95.31
[31/61 iteration of epoch 6/50] 
 {loss} cls : 0.162, total : 0.162 
 {acc} cls : 93.75
[61/61 iteration of epoch 6/50] 
 {loss} cls : 0.098, total : 0.098 
 {acc} cls : 97.66
------------------------------
<Losses on train> cls : 0.135, total : 0.135
<Accuracies on train> cls : 96.55
Train epoch time: 125.820
------------------------------
<Accuracies on val> class : 80.92
------------------------------
<Accuracies on test> class : 59.95
------------------------------
<Accuracies on Art> test class : 57.52
------------------------------
<Accuracies on Clipart> test class : 49.58
------------------------------
<Accuracies on Product> test class : 71.48
------------------------------
Total epoch time: 224.074

New epoch - lr: 0.003
[1/61 iteration of epoch 7/50] 
 {loss} cls : 0.062, total : 0.062 
 {acc} cls : 99.22
[31/61 iteration of epoch 7/50] 
 {loss} cls : 0.091, total : 0.091 
 {acc} cls : 98.44
[61/61 iteration of epoch 7/50] 
 {loss} cls : 0.094, total : 0.094 
 {acc} cls : 96.88
------------------------------
<Losses on train> cls : 0.109, total : 0.109
<Accuracies on train> cls : 97.14
Train epoch time: 112.869
------------------------------
<Accuracies on val> class : 81.61
------------------------------
<Accuracies on test> class : 59.90
------------------------------
<Accuracies on Art> test class : 58.34
------------------------------
<Accuracies on Clipart> test class : 47.84
------------------------------
<Accuracies on Product> test class : 72.61
------------------------------
Total epoch time: 213.529

New epoch - lr: 0.003
[1/61 iteration of epoch 8/50] 
 {loss} cls : 0.065, total : 0.065 
 {acc} cls : 98.44
[31/61 iteration of epoch 8/50] 
 {loss} cls : 0.100, total : 0.100 
 {acc} cls : 96.09
[61/61 iteration of epoch 8/50] 
 {loss} cls : 0.058, total : 0.058 
 {acc} cls : 99.22
------------------------------
<Losses on train> cls : 0.089, total : 0.089
<Accuracies on train> cls : 98.00
Train epoch time: 110.449
------------------------------
<Accuracies on val> class : 80.92
------------------------------
<Accuracies on test> class : 59.94
------------------------------
<Accuracies on Art> test class : 57.77
------------------------------
<Accuracies on Clipart> test class : 47.84
------------------------------
<Accuracies on Product> test class : 73.03
------------------------------
Total epoch time: 205.551

New epoch - lr: 0.003
[1/61 iteration of epoch 9/50] 
 {loss} cls : 0.049, total : 0.049 
 {acc} cls : 98.44
[31/61 iteration of epoch 9/50] 
 {loss} cls : 0.081, total : 0.081 
 {acc} cls : 97.66
[61/61 iteration of epoch 9/50] 
 {loss} cls : 0.067, total : 0.067 
 {acc} cls : 100.00
------------------------------
<Losses on train> cls : 0.079, total : 0.079
<Accuracies on train> cls : 98.26
Train epoch time: 113.536
------------------------------
<Accuracies on val> class : 82.07
------------------------------
<Accuracies on test> class : 60.78
------------------------------
<Accuracies on Art> test class : 59.00
------------------------------
<Accuracies on Clipart> test class : 48.93
------------------------------
<Accuracies on Product> test class : 73.39
------------------------------
Total epoch time: 208.737

New epoch - lr: 0.003
[1/61 iteration of epoch 10/50] 
 {loss} cls : 0.080, total : 0.080 
 {acc} cls : 96.88
[31/61 iteration of epoch 10/50] 
 {loss} cls : 0.093, total : 0.093 
 {acc} cls : 97.66
[61/61 iteration of epoch 10/50] 
 {loss} cls : 0.065, total : 0.065 
 {acc} cls : 99.22
------------------------------
<Losses on train> cls : 0.066, total : 0.066
<Accuracies on train> cls : 98.67
Train epoch time: 109.510
------------------------------
<Accuracies on val> class : 82.99
------------------------------
<Accuracies on test> class : 60.48
------------------------------
<Accuracies on Art> test class : 58.01
------------------------------
<Accuracies on Clipart> test class : 49.26
------------------------------
<Accuracies on Product> test class : 72.88
------------------------------
Total epoch time: 212.231

New epoch - lr: 0.003
[1/61 iteration of epoch 11/50] 
 {loss} cls : 0.061, total : 0.061 
 {acc} cls : 99.22
[31/61 iteration of epoch 11/50] 
 {loss} cls : 0.092, total : 0.092 
 {acc} cls : 96.88
[61/61 iteration of epoch 11/50] 
 {loss} cls : 0.072, total : 0.072 
 {acc} cls : 99.22
------------------------------
<Losses on train> cls : 0.061, total : 0.061
<Accuracies on train> cls : 98.66
Train epoch time: 108.833
------------------------------
<Accuracies on val> class : 82.30
------------------------------
<Accuracies on test> class : 60.48
------------------------------
<Accuracies on Art> test class : 58.18
------------------------------
<Accuracies on Clipart> test class : 48.96
------------------------------
<Accuracies on Product> test class : 73.08
------------------------------
Total epoch time: 207.978

New epoch - lr: 0.003
[1/61 iteration of epoch 12/50] 
 {loss} cls : 0.038, total : 0.038 
 {acc} cls : 100.00
[31/61 iteration of epoch 12/50] 
 {loss} cls : 0.084, total : 0.084 
 {acc} cls : 98.44
[61/61 iteration of epoch 12/50] 
 {loss} cls : 0.037, total : 0.037 
 {acc} cls : 100.00
------------------------------
<Losses on train> cls : 0.053, total : 0.053
<Accuracies on train> cls : 99.05
Train epoch time: 108.193
------------------------------
<Accuracies on val> class : 80.23
------------------------------
<Accuracies on test> class : 60.56
------------------------------
<Accuracies on Art> test class : 58.18
------------------------------
<Accuracies on Clipart> test class : 48.41
------------------------------
<Accuracies on Product> test class : 73.82
------------------------------
Total epoch time: 203.678

New epoch - lr: 0.003
[1/61 iteration of epoch 13/50] 
 {loss} cls : 0.044, total : 0.044 
 {acc} cls : 98.44
[31/61 iteration of epoch 13/50] 
 {loss} cls : 0.085, total : 0.085 
 {acc} cls : 97.66
[61/61 iteration of epoch 13/50] 
 {loss} cls : 0.091, total : 0.091 
 {acc} cls : 96.09
------------------------------
<Losses on train> cls : 0.054, total : 0.054
<Accuracies on train> cls : 98.80
Train epoch time: 111.541
------------------------------
<Accuracies on val> class : 80.92
------------------------------
<Accuracies on test> class : 60.72
------------------------------
<Accuracies on Art> test class : 57.85
------------------------------
<Accuracies on Clipart> test class : 49.55
------------------------------
<Accuracies on Product> test class : 73.28
------------------------------
Total epoch time: 206.281

New epoch - lr: 0.003
[1/61 iteration of epoch 14/50] 
 {loss} cls : 0.027, total : 0.027 
 {acc} cls : 100.00
[31/61 iteration of epoch 14/50] 
 {loss} cls : 0.050, total : 0.050 
 {acc} cls : 97.66
[61/61 iteration of epoch 14/50] 
 {loss} cls : 0.023, total : 0.023 
 {acc} cls : 100.00
------------------------------
<Losses on train> cls : 0.044, total : 0.044
<Accuracies on train> cls : 99.22
Train epoch time: 106.794
------------------------------
<Accuracies on val> class : 81.61
------------------------------
<Accuracies on test> class : 61.12
------------------------------
<Accuracies on Art> test class : 58.84
------------------------------
<Accuracies on Clipart> test class : 49.00
------------------------------
<Accuracies on Product> test class : 74.27
------------------------------
Total epoch time: 211.098

New epoch - lr: 0.003
[1/61 iteration of epoch 15/50] 
 {loss} cls : 0.034, total : 0.034 
 {acc} cls : 99.22
[31/61 iteration of epoch 15/50] 
 {loss} cls : 0.027, total : 0.027 
 {acc} cls : 99.22
[61/61 iteration of epoch 15/50] 
 {loss} cls : 0.043, total : 0.043 
 {acc} cls : 100.00
------------------------------
<Losses on train> cls : 0.045, total : 0.045
<Accuracies on train> cls : 99.26
Train epoch time: 103.564
------------------------------
<Accuracies on val> class : 83.45
------------------------------
<Accuracies on test> class : 61.04
------------------------------
<Accuracies on Art> test class : 59.62
------------------------------
<Accuracies on Clipart> test class : 49.10
------------------------------
<Accuracies on Product> test class : 73.55
------------------------------
Total epoch time: 199.434

New epoch - lr: 0.003
[1/61 iteration of epoch 16/50] 
 {loss} cls : 0.022, total : 0.022 
 {acc} cls : 100.00
[31/61 iteration of epoch 16/50] 
 {loss} cls : 0.070, total : 0.070 
 {acc} cls : 97.66
[61/61 iteration of epoch 16/50] 
 {loss} cls : 0.057, total : 0.057 
 {acc} cls : 98.44
------------------------------
<Losses on train> cls : 0.042, total : 0.042
<Accuracies on train> cls : 99.09
Train epoch time: 110.387
------------------------------
<Accuracies on val> class : 82.99
------------------------------
<Accuracies on test> class : 60.96
------------------------------
<Accuracies on Art> test class : 58.59
------------------------------
<Accuracies on Clipart> test class : 50.17
------------------------------
<Accuracies on Product> test class : 72.85
------------------------------
Total epoch time: 205.258

New epoch - lr: 0.003
[1/61 iteration of epoch 17/50] 
 {loss} cls : 0.013, total : 0.013 
 {acc} cls : 100.00
[31/61 iteration of epoch 17/50] 
 {loss} cls : 0.073, total : 0.073 
 {acc} cls : 96.09
[61/61 iteration of epoch 17/50] 
 {loss} cls : 0.025, total : 0.025 
 {acc} cls : 100.00
------------------------------
<Losses on train> cls : 0.039, total : 0.039
<Accuracies on train> cls : 99.24
Train epoch time: 109.658
------------------------------
<Accuracies on val> class : 81.61
------------------------------
<Accuracies on test> class : 60.90
------------------------------
<Accuracies on Art> test class : 59.17
------------------------------
<Accuracies on Clipart> test class : 49.10
------------------------------
<Accuracies on Product> test class : 73.46
------------------------------
Total epoch time: 205.968

New epoch - lr: 0.003
[1/61 iteration of epoch 18/50] 
 {loss} cls : 0.017, total : 0.017 
 {acc} cls : 100.00
[31/61 iteration of epoch 18/50] 
 {loss} cls : 0.026, total : 0.026 
 {acc} cls : 100.00
[61/61 iteration of epoch 18/50] 
 {loss} cls : 0.027, total : 0.027 
 {acc} cls : 99.22
------------------------------
<Losses on train> cls : 0.034, total : 0.034
<Accuracies on train> cls : 99.40
Train epoch time: 105.484
------------------------------
<Accuracies on val> class : 81.38
------------------------------
<Accuracies on test> class : 60.66
------------------------------
<Accuracies on Art> test class : 58.30
------------------------------
<Accuracies on Clipart> test class : 48.68
------------------------------
<Accuracies on Product> test class : 73.73
------------------------------
Total epoch time: 206.352

New epoch - lr: 0.003
[1/61 iteration of epoch 19/50] 
 {loss} cls : 0.028, total : 0.028 
 {acc} cls : 99.22
[31/61 iteration of epoch 19/50] 
 {loss} cls : 0.025, total : 0.025 
 {acc} cls : 100.00
[61/61 iteration of epoch 19/50] 
 {loss} cls : 0.046, total : 0.046 
 {acc} cls : 99.22
------------------------------
<Losses on train> cls : 0.031, total : 0.031
<Accuracies on train> cls : 99.44
Train epoch time: 107.662
------------------------------
<Accuracies on val> class : 82.53
------------------------------
<Accuracies on test> class : 61.25
------------------------------
<Accuracies on Art> test class : 58.63
------------------------------
<Accuracies on Clipart> test class : 49.64
------------------------------
<Accuracies on Product> test class : 74.09
------------------------------
Total epoch time: 204.379

New epoch - lr: 0.003
[1/61 iteration of epoch 20/50] 
 {loss} cls : 0.023, total : 0.023 
 {acc} cls : 100.00
[31/61 iteration of epoch 20/50] 
 {loss} cls : 0.028, total : 0.028 
 {acc} cls : 99.22
[61/61 iteration of epoch 20/50] 
 {loss} cls : 0.033, total : 0.033 
 {acc} cls : 100.00
------------------------------
<Losses on train> cls : 0.030, total : 0.030
<Accuracies on train> cls : 99.47
Train epoch time: 111.835
------------------------------
<Accuracies on val> class : 82.76
------------------------------
<Accuracies on test> class : 60.83
------------------------------
<Accuracies on Art> test class : 58.43
------------------------------
<Accuracies on Clipart> test class : 48.96
------------------------------
<Accuracies on Product> test class : 73.82
------------------------------
Total epoch time: 207.073

New epoch - lr: 0.003
[1/61 iteration of epoch 21/50] 
 {loss} cls : 0.037, total : 0.037 
 {acc} cls : 99.22
[31/61 iteration of epoch 21/50] 
 {loss} cls : 0.027, total : 0.027 
 {acc} cls : 99.22
[61/61 iteration of epoch 21/50] 
 {loss} cls : 0.016, total : 0.016 
 {acc} cls : 100.00
------------------------------
<Losses on train> cls : 0.028, total : 0.028
<Accuracies on train> cls : 99.47
Train epoch time: 106.987
------------------------------
<Accuracies on val> class : 81.61
------------------------------
<Accuracies on test> class : 60.97
------------------------------
<Accuracies on Art> test class : 58.47
------------------------------
<Accuracies on Clipart> test class : 49.00
------------------------------
<Accuracies on Product> test class : 74.12
------------------------------
Total epoch time: 206.357

New epoch - lr: 0.003
[1/61 iteration of epoch 22/50] 
 {loss} cls : 0.022, total : 0.022 
 {acc} cls : 100.00
[31/61 iteration of epoch 22/50] 
 {loss} cls : 0.059, total : 0.059 
 {acc} cls : 98.44
[61/61 iteration of epoch 22/50] 
 {loss} cls : 0.034, total : 0.034 
 {acc} cls : 99.22
------------------------------
<Losses on train> cls : 0.026, total : 0.026
<Accuracies on train> cls : 99.47
Train epoch time: 105.251
------------------------------
<Accuracies on val> class : 82.76
------------------------------
<Accuracies on test> class : 61.27
------------------------------
<Accuracies on Art> test class : 58.76
------------------------------
<Accuracies on Clipart> test class : 49.87
------------------------------
<Accuracies on Product> test class : 73.85
------------------------------
Total epoch time: 204.955

New epoch - lr: 0.003
[1/61 iteration of epoch 23/50] 
 {loss} cls : 0.018, total : 0.018 
 {acc} cls : 100.00
[31/61 iteration of epoch 23/50] 
 {loss} cls : 0.017, total : 0.017 
 {acc} cls : 100.00
[61/61 iteration of epoch 23/50] 
 {loss} cls : 0.020, total : 0.020 
 {acc} cls : 100.00
------------------------------
<Losses on train> cls : 0.026, total : 0.026
<Accuracies on train> cls : 99.58
Train epoch time: 104.273
------------------------------
<Accuracies on val> class : 83.22
------------------------------
<Accuracies on test> class : 61.40
------------------------------
<Accuracies on Art> test class : 58.38
------------------------------
<Accuracies on Clipart> test class : 50.03
------------------------------
<Accuracies on Product> test class : 74.23
------------------------------
Total epoch time: 201.644

New epoch - lr: 0.003
[1/61 iteration of epoch 24/50] 
 {loss} cls : 0.015, total : 0.015 
 {acc} cls : 100.00
[31/61 iteration of epoch 24/50] 
 {loss} cls : 0.017, total : 0.017 
 {acc} cls : 100.00
[61/61 iteration of epoch 24/50] 
 {loss} cls : 0.010, total : 0.010 
 {acc} cls : 100.00
------------------------------
<Losses on train> cls : 0.026, total : 0.026
<Accuracies on train> cls : 99.55
Train epoch time: 111.273
------------------------------
<Accuracies on val> class : 82.99
------------------------------
<Accuracies on test> class : 61.60
------------------------------
<Accuracies on Art> test class : 58.84
------------------------------
<Accuracies on Clipart> test class : 50.40
------------------------------
<Accuracies on Product> test class : 74.12
------------------------------
Total epoch time: 207.964

New epoch - lr: 0.003
[1/61 iteration of epoch 25/50] 
 {loss} cls : 0.014, total : 0.014 
 {acc} cls : 100.00
[31/61 iteration of epoch 25/50] 
 {loss} cls : 0.045, total : 0.045 
 {acc} cls : 99.22
[61/61 iteration of epoch 25/50] 
 {loss} cls : 0.013, total : 0.013 
 {acc} cls : 100.00
------------------------------
<Losses on train> cls : 0.026, total : 0.026
<Accuracies on train> cls : 99.53
Train epoch time: 104.903
------------------------------
<Accuracies on val> class : 82.30
------------------------------
<Accuracies on test> class : 61.45
------------------------------
<Accuracies on Art> test class : 58.84
------------------------------
<Accuracies on Clipart> test class : 50.15
------------------------------
<Accuracies on Product> test class : 74.00
------------------------------
Total epoch time: 206.897

New epoch - lr: 0.003
[1/61 iteration of epoch 26/50] 
 {loss} cls : 0.010, total : 0.010 
 {acc} cls : 100.00
[31/61 iteration of epoch 26/50] 
 {loss} cls : 0.017, total : 0.017 
 {acc} cls : 100.00
[61/61 iteration of epoch 26/50] 
 {loss} cls : 0.014, total : 0.014 
 {acc} cls : 100.00
------------------------------
<Losses on train> cls : 0.024, total : 0.024
<Accuracies on train> cls : 99.63
Train epoch time: 108.505
------------------------------
<Accuracies on val> class : 82.76
------------------------------
<Accuracies on test> class : 61.60
------------------------------
<Accuracies on Art> test class : 58.67
------------------------------
<Accuracies on Clipart> test class : 50.72
------------------------------
<Accuracies on Product> test class : 73.89
------------------------------
Total epoch time: 208.392

New epoch - lr: 0.003
[1/61 iteration of epoch 27/50] 
 {loss} cls : 0.016, total : 0.016 
 {acc} cls : 100.00
[31/61 iteration of epoch 27/50] 
 {loss} cls : 0.025, total : 0.025 
 {acc} cls : 99.22
[61/61 iteration of epoch 27/50] 
 {loss} cls : 0.022, total : 0.022 
 {acc} cls : 100.00
------------------------------
<Losses on train> cls : 0.024, total : 0.024
<Accuracies on train> cls : 99.62
Train epoch time: 107.865
------------------------------
<Accuracies on val> class : 81.61
------------------------------
<Accuracies on test> class : 61.34
------------------------------
<Accuracies on Art> test class : 59.17
------------------------------
<Accuracies on Clipart> test class : 49.58
------------------------------
<Accuracies on Product> test class : 74.09
------------------------------
Total epoch time: 205.023

New epoch - lr: 0.003
[1/61 iteration of epoch 28/50] 
 {loss} cls : 0.017, total : 0.017 
 {acc} cls : 100.00
[31/61 iteration of epoch 28/50] 
 {loss} cls : 0.029, total : 0.029 
 {acc} cls : 98.44
[61/61 iteration of epoch 28/50] 
 {loss} cls : 0.056, total : 0.056 
 {acc} cls : 97.66
------------------------------
<Losses on train> cls : 0.020, total : 0.020
<Accuracies on train> cls : 99.68
Train epoch time: 108.764
------------------------------
<Accuracies on val> class : 81.84
------------------------------
<Accuracies on test> class : 61.38
------------------------------
<Accuracies on Art> test class : 59.62
------------------------------
<Accuracies on Clipart> test class : 49.62
------------------------------
<Accuracies on Product> test class : 73.91
------------------------------
Total epoch time: 206.132

New epoch - lr: 0.003
[1/61 iteration of epoch 29/50] 
 {loss} cls : 0.015, total : 0.015 
 {acc} cls : 100.00
[31/61 iteration of epoch 29/50] 
 {loss} cls : 0.008, total : 0.008 
 {acc} cls : 100.00
[61/61 iteration of epoch 29/50] 
 {loss} cls : 0.053, total : 0.053 
 {acc} cls : 99.22
------------------------------
<Losses on train> cls : 0.021, total : 0.021
<Accuracies on train> cls : 99.65
Train epoch time: 105.745
------------------------------
<Accuracies on val> class : 81.61
------------------------------
<Accuracies on test> class : 61.47
------------------------------
<Accuracies on Art> test class : 58.18
------------------------------
<Accuracies on Clipart> test class : 50.31
------------------------------
<Accuracies on Product> test class : 74.25
------------------------------
Total epoch time: 210.478

New epoch - lr: 0.003
[1/61 iteration of epoch 30/50] 
 {loss} cls : 0.037, total : 0.037 
 {acc} cls : 99.22
[31/61 iteration of epoch 30/50] 
 {loss} cls : 0.021, total : 0.021 
 {acc} cls : 99.22
[61/61 iteration of epoch 30/50] 
 {loss} cls : 0.030, total : 0.030 
 {acc} cls : 100.00
------------------------------
<Losses on train> cls : 0.021, total : 0.021
<Accuracies on train> cls : 99.62
Train epoch time: 106.757
------------------------------
<Accuracies on val> class : 83.22
------------------------------
<Accuracies on test> class : 61.78
------------------------------
<Accuracies on Art> test class : 58.92
------------------------------
<Accuracies on Clipart> test class : 50.36
------------------------------
<Accuracies on Product> test class : 74.57
------------------------------
Total epoch time: 204.616

New epoch - lr: 0.003
[1/61 iteration of epoch 31/50] 
 {loss} cls : 0.015, total : 0.015 
 {acc} cls : 100.00
[31/61 iteration of epoch 31/50] 
 {loss} cls : 0.014, total : 0.014 
 {acc} cls : 100.00
[61/61 iteration of epoch 31/50] 
 {loss} cls : 0.015, total : 0.015 
 {acc} cls : 100.00
------------------------------
<Losses on train> cls : 0.020, total : 0.020
<Accuracies on train> cls : 99.59
Train epoch time: 109.838
------------------------------
<Accuracies on val> class : 81.84
------------------------------
<Accuracies on test> class : 61.37
------------------------------
<Accuracies on Art> test class : 58.47
------------------------------
<Accuracies on Clipart> test class : 50.17
------------------------------
<Accuracies on Product> test class : 73.96
------------------------------
Total epoch time: 206.210

New epoch - lr: 0.003
[1/61 iteration of epoch 32/50] 
 {loss} cls : 0.011, total : 0.011 
 {acc} cls : 100.00
[31/61 iteration of epoch 32/50] 
 {loss} cls : 0.015, total : 0.015 
 {acc} cls : 100.00
[61/61 iteration of epoch 32/50] 
 {loss} cls : 0.018, total : 0.018 
 {acc} cls : 100.00
------------------------------
<Losses on train> cls : 0.022, total : 0.022
<Accuracies on train> cls : 99.63
Train epoch time: 107.163
------------------------------
<Accuracies on val> class : 82.30
------------------------------
<Accuracies on test> class : 61.53
------------------------------
<Accuracies on Art> test class : 58.76
------------------------------
<Accuracies on Clipart> test class : 50.31
------------------------------
<Accuracies on Product> test class : 74.07
------------------------------
Total epoch time: 206.075

New epoch - lr: 0.003
[1/61 iteration of epoch 33/50] 
 {loss} cls : 0.032, total : 0.032 
 {acc} cls : 99.22
[31/61 iteration of epoch 33/50] 
 {loss} cls : 0.013, total : 0.013 
 {acc} cls : 100.00
[61/61 iteration of epoch 33/50] 
 {loss} cls : 0.024, total : 0.024 
 {acc} cls : 99.22
------------------------------
<Losses on train> cls : 0.019, total : 0.019
<Accuracies on train> cls : 99.73
Train epoch time: 105.056
------------------------------
<Accuracies on val> class : 81.38
------------------------------
<Accuracies on test> class : 61.64
------------------------------
<Accuracies on Art> test class : 58.55
------------------------------
<Accuracies on Clipart> test class : 50.70
------------------------------
<Accuracies on Product> test class : 74.09
------------------------------
Total epoch time: 204.959

New epoch - lr: 0.003
[1/61 iteration of epoch 34/50] 
 {loss} cls : 0.012, total : 0.012 
 {acc} cls : 100.00
[31/61 iteration of epoch 34/50] 
 {loss} cls : 0.014, total : 0.014 
 {acc} cls : 100.00
[61/61 iteration of epoch 34/50] 
 {loss} cls : 0.007, total : 0.007 
 {acc} cls : 100.00
------------------------------
<Losses on train> cls : 0.018, total : 0.018
<Accuracies on train> cls : 99.71
Train epoch time: 106.166
------------------------------
<Accuracies on val> class : 82.07
------------------------------
<Accuracies on test> class : 62.02
------------------------------
<Accuracies on Art> test class : 59.83
------------------------------
<Accuracies on Clipart> test class : 50.42
------------------------------
<Accuracies on Product> test class : 74.61
------------------------------
Total epoch time: 202.914

New epoch - lr: 0.003
[1/61 iteration of epoch 35/50] 
 {loss} cls : 0.009, total : 0.009 
 {acc} cls : 100.00
[31/61 iteration of epoch 35/50] 
 {loss} cls : 0.028, total : 0.028 
 {acc} cls : 99.22
[61/61 iteration of epoch 35/50] 
 {loss} cls : 0.013, total : 0.013 
 {acc} cls : 100.00
------------------------------
<Losses on train> cls : 0.018, total : 0.018
<Accuracies on train> cls : 99.69
Train epoch time: 110.060
------------------------------
<Accuracies on val> class : 82.30
------------------------------
<Accuracies on test> class : 61.78
------------------------------
<Accuracies on Art> test class : 58.92
------------------------------
<Accuracies on Clipart> test class : 50.19
------------------------------
<Accuracies on Product> test class : 74.72
------------------------------
Total epoch time: 206.068

New epoch - lr: 0.003
[1/61 iteration of epoch 36/50] 
 {loss} cls : 0.008, total : 0.008 
 {acc} cls : 100.00
[31/61 iteration of epoch 36/50] 
 {loss} cls : 0.040, total : 0.040 
 {acc} cls : 97.66
[61/61 iteration of epoch 36/50] 
 {loss} cls : 0.017, total : 0.017 
 {acc} cls : 100.00
------------------------------
<Losses on train> cls : 0.018, total : 0.018
<Accuracies on train> cls : 99.65
Train epoch time: 109.517
------------------------------
<Accuracies on val> class : 82.99
------------------------------
<Accuracies on test> class : 61.84
------------------------------
<Accuracies on Art> test class : 59.54
------------------------------
<Accuracies on Clipart> test class : 50.29
------------------------------
<Accuracies on Product> test class : 74.45
------------------------------
Total epoch time: 208.415

New epoch - lr: 0.003
[1/61 iteration of epoch 37/50] 
 {loss} cls : 0.013, total : 0.013 
 {acc} cls : 100.00
[31/61 iteration of epoch 37/50] 
 {loss} cls : 0.017, total : 0.017 
 {acc} cls : 99.22
[61/61 iteration of epoch 37/50] 
 {loss} cls : 0.015, total : 0.015 
 {acc} cls : 99.22
------------------------------
<Losses on train> cls : 0.016, total : 0.016
<Accuracies on train> cls : 99.72
Train epoch time: 104.063
------------------------------
<Accuracies on val> class : 81.84
------------------------------
<Accuracies on test> class : 61.62
------------------------------
<Accuracies on Art> test class : 58.59
------------------------------
<Accuracies on Clipart> test class : 50.49
------------------------------
<Accuracies on Product> test class : 74.21
------------------------------
Total epoch time: 205.446

New epoch - lr: 0.003
[1/61 iteration of epoch 38/50] 
 {loss} cls : 0.008, total : 0.008 
 {acc} cls : 100.00
[31/61 iteration of epoch 38/50] 
 {loss} cls : 0.044, total : 0.044 
 {acc} cls : 98.44
[61/61 iteration of epoch 38/50] 
 {loss} cls : 0.013, total : 0.013 
 {acc} cls : 100.00
------------------------------
<Losses on train> cls : 0.017, total : 0.017
<Accuracies on train> cls : 99.74
Train epoch time: 108.753
------------------------------
<Accuracies on val> class : 82.53
------------------------------
<Accuracies on test> class : 61.99
------------------------------
<Accuracies on Art> test class : 59.54
------------------------------
<Accuracies on Clipart> test class : 50.61
------------------------------
<Accuracies on Product> test class : 74.52
------------------------------
Total epoch time: 206.268

New epoch - lr: 0.003
[1/61 iteration of epoch 39/50] 
 {loss} cls : 0.007, total : 0.007 
 {acc} cls : 100.00
[31/61 iteration of epoch 39/50] 
 {loss} cls : 0.015, total : 0.015 
 {acc} cls : 100.00
[61/61 iteration of epoch 39/50] 
 {loss} cls : 0.007, total : 0.007 
 {acc} cls : 100.00
------------------------------
<Losses on train> cls : 0.014, total : 0.014
<Accuracies on train> cls : 99.77
Train epoch time: 111.814
------------------------------
<Accuracies on val> class : 83.68
------------------------------
<Accuracies on test> class : 61.86
------------------------------
<Accuracies on Art> test class : 59.21
------------------------------
<Accuracies on Clipart> test class : 50.36
------------------------------
<Accuracies on Product> test class : 74.63
------------------------------
Total epoch time: 208.133

New epoch - lr: 0.003
[1/61 iteration of epoch 40/50] 
 {loss} cls : 0.015, total : 0.015 
 {acc} cls : 99.22
[31/61 iteration of epoch 40/50] 
 {loss} cls : 0.013, total : 0.013 
 {acc} cls : 100.00
[61/61 iteration of epoch 40/50] 
 {loss} cls : 0.044, total : 0.044 
 {acc} cls : 98.44
------------------------------
<Losses on train> cls : 0.016, total : 0.016
<Accuracies on train> cls : 99.73
Train epoch time: 111.740
------------------------------
<Accuracies on val> class : 81.84
------------------------------
<Accuracies on test> class : 62.00
------------------------------
<Accuracies on Art> test class : 58.76
------------------------------
<Accuracies on Clipart> test class : 50.88
------------------------------
<Accuracies on Product> test class : 74.70
------------------------------
Total epoch time: 211.758

New epoch - lr: 0.003
[1/61 iteration of epoch 41/50] 
 {loss} cls : 0.008, total : 0.008 
 {acc} cls : 100.00
[31/61 iteration of epoch 41/50] 
 {loss} cls : 0.047, total : 0.047 
 {acc} cls : 98.44
[61/61 iteration of epoch 41/50] 
 {loss} cls : 0.015, total : 0.015 
 {acc} cls : 100.00
------------------------------
<Losses on train> cls : 0.016, total : 0.016
<Accuracies on train> cls : 99.74
Train epoch time: 106.123
------------------------------
<Accuracies on val> class : 83.22
------------------------------
<Accuracies on test> class : 61.73
------------------------------
<Accuracies on Art> test class : 59.25
------------------------------
<Accuracies on Clipart> test class : 50.29
------------------------------
<Accuracies on Product> test class : 74.34
------------------------------
Total epoch time: 207.279

New epoch - lr: 0.003
[1/61 iteration of epoch 42/50] 
 {loss} cls : 0.046, total : 0.046 
 {acc} cls : 99.22
[31/61 iteration of epoch 42/50] 
 {loss} cls : 0.016, total : 0.016 
 {acc} cls : 99.22
[61/61 iteration of epoch 42/50] 
 {loss} cls : 0.029, total : 0.029 
 {acc} cls : 99.22
------------------------------
<Losses on train> cls : 0.015, total : 0.015
<Accuracies on train> cls : 99.77
Train epoch time: 107.506
------------------------------
<Accuracies on val> class : 82.53
------------------------------
<Accuracies on test> class : 61.90
------------------------------
<Accuracies on Art> test class : 59.41
------------------------------
<Accuracies on Clipart> test class : 50.22
------------------------------
<Accuracies on Product> test class : 74.75
------------------------------
Total epoch time: 204.959

New epoch - lr: 0.003
[1/61 iteration of epoch 43/50] 
 {loss} cls : 0.013, total : 0.013 
 {acc} cls : 100.00
[31/61 iteration of epoch 43/50] 
 {loss} cls : 0.021, total : 0.021 
 {acc} cls : 99.22
[61/61 iteration of epoch 43/50] 
 {loss} cls : 0.009, total : 0.009 
 {acc} cls : 100.00
------------------------------
<Losses on train> cls : 0.015, total : 0.015
<Accuracies on train> cls : 99.74
Train epoch time: 112.115
------------------------------
<Accuracies on val> class : 83.22
------------------------------
<Accuracies on test> class : 61.67
------------------------------
<Accuracies on Art> test class : 58.51
------------------------------
<Accuracies on Clipart> test class : 50.29
------------------------------
<Accuracies on Product> test class : 74.59
------------------------------
Total epoch time: 209.300

New epoch - lr: 0.003
[1/61 iteration of epoch 44/50] 
 {loss} cls : 0.010, total : 0.010 
 {acc} cls : 100.00
[31/61 iteration of epoch 44/50] 
 {loss} cls : 0.009, total : 0.009 
 {acc} cls : 100.00
[61/61 iteration of epoch 44/50] 
 {loss} cls : 0.011, total : 0.011 
 {acc} cls : 100.00
------------------------------
<Losses on train> cls : 0.015, total : 0.015
<Accuracies on train> cls : 99.73
Train epoch time: 111.334
------------------------------
<Accuracies on val> class : 81.61
------------------------------
<Accuracies on test> class : 62.02
------------------------------
<Accuracies on Art> test class : 58.76
------------------------------
<Accuracies on Clipart> test class : 51.16
------------------------------
<Accuracies on Product> test class : 74.48
------------------------------
Total epoch time: 212.118

New epoch - lr: 0.0009000000000000002
[1/61 iteration of epoch 45/50] 
 {loss} cls : 0.018, total : 0.018 
 {acc} cls : 100.00
[31/61 iteration of epoch 45/50] 
 {loss} cls : 0.011, total : 0.011 
 {acc} cls : 100.00
[61/61 iteration of epoch 45/50] 
 {loss} cls : 0.057, total : 0.057 
 {acc} cls : 99.22
------------------------------
<Losses on train> cls : 0.012, total : 0.012
<Accuracies on train> cls : 99.86
Train epoch time: 103.715
------------------------------
<Accuracies on val> class : 82.99
------------------------------
<Accuracies on test> class : 61.99
------------------------------
<Accuracies on Art> test class : 58.76
------------------------------
<Accuracies on Clipart> test class : 50.79
------------------------------
<Accuracies on Product> test class : 74.77
------------------------------
Total epoch time: 201.130

New epoch - lr: 0.0009000000000000002
[1/61 iteration of epoch 46/50] 
 {loss} cls : 0.005, total : 0.005 
 {acc} cls : 100.00
[31/61 iteration of epoch 46/50] 
 {loss} cls : 0.033, total : 0.033 
 {acc} cls : 98.44
[61/61 iteration of epoch 46/50] 
 {loss} cls : 0.008, total : 0.008 
 {acc} cls : 100.00
------------------------------
<Losses on train> cls : 0.013, total : 0.013
<Accuracies on train> cls : 99.85
Train epoch time: 104.267
------------------------------
<Accuracies on val> class : 81.61
------------------------------
<Accuracies on test> class : 62.25
------------------------------
<Accuracies on Art> test class : 59.54
------------------------------
<Accuracies on Clipart> test class : 51.07
------------------------------
<Accuracies on Product> test class : 74.72
------------------------------
Total epoch time: 201.506

New epoch - lr: 0.0009000000000000002
[1/61 iteration of epoch 47/50] 
 {loss} cls : 0.009, total : 0.009 
 {acc} cls : 100.00
[31/61 iteration of epoch 47/50] 
 {loss} cls : 0.009, total : 0.009 
 {acc} cls : 100.00
[61/61 iteration of epoch 47/50] 
 {loss} cls : 0.009, total : 0.009 
 {acc} cls : 100.00
------------------------------
<Losses on train> cls : 0.012, total : 0.012
<Accuracies on train> cls : 99.82
Train epoch time: 107.848
------------------------------
<Accuracies on val> class : 82.07
------------------------------
<Accuracies on test> class : 62.23
------------------------------
<Accuracies on Art> test class : 59.54
------------------------------
<Accuracies on Clipart> test class : 51.23
------------------------------
<Accuracies on Product> test class : 74.52
------------------------------
Total epoch time: 203.563

New epoch - lr: 0.0009000000000000002
[1/61 iteration of epoch 48/50] 
 {loss} cls : 0.016, total : 0.016 
 {acc} cls : 100.00
[31/61 iteration of epoch 48/50] 
 {loss} cls : 0.019, total : 0.019 
 {acc} cls : 99.22
[61/61 iteration of epoch 48/50] 
 {loss} cls : 0.022, total : 0.022 
 {acc} cls : 98.44
------------------------------
<Losses on train> cls : 0.014, total : 0.014
<Accuracies on train> cls : 99.77
Train epoch time: 105.486
------------------------------
<Accuracies on val> class : 83.22
------------------------------
<Accuracies on test> class : 62.10
------------------------------
<Accuracies on Art> test class : 59.33
------------------------------
<Accuracies on Clipart> test class : 50.63
------------------------------
<Accuracies on Product> test class : 74.88
------------------------------
Total epoch time: 206.999

New epoch - lr: 0.0009000000000000002
[1/61 iteration of epoch 49/50] 
 {loss} cls : 0.023, total : 0.023 
 {acc} cls : 100.00
[31/61 iteration of epoch 49/50] 
 {loss} cls : 0.016, total : 0.016 
 {acc} cls : 99.22
[61/61 iteration of epoch 49/50] 
 {loss} cls : 0.006, total : 0.006 
 {acc} cls : 100.00
------------------------------
<Losses on train> cls : 0.013, total : 0.013
<Accuracies on train> cls : 99.80
Train epoch time: 107.467
------------------------------
<Accuracies on val> class : 82.99
------------------------------
<Accuracies on test> class : 62.02
------------------------------
<Accuracies on Art> test class : 59.37
------------------------------
<Accuracies on Clipart> test class : 50.49
------------------------------
<Accuracies on Product> test class : 74.79
------------------------------
Total epoch time: 204.245

New epoch - lr: 0.0009000000000000002
[1/61 iteration of epoch 50/50] 
 {loss} cls : 0.017, total : 0.017 
 {acc} cls : 100.00
[31/61 iteration of epoch 50/50] 
 {loss} cls : 0.008, total : 0.008 
 {acc} cls : 100.00
[61/61 iteration of epoch 50/50] 
 {loss} cls : 0.006, total : 0.006 
 {acc} cls : 100.00
------------------------------
<Losses on train> cls : 0.012, total : 0.012
<Accuracies on train> cls : 99.81
Train epoch time: 109.153
------------------------------
<Accuracies on val> class : 82.53
------------------------------
<Accuracies on test> class : 61.95
------------------------------
<Accuracies on Art> test class : 59.33
------------------------------
<Accuracies on Clipart> test class : 50.33
------------------------------
<Accuracies on Product> test class : 74.81
------------------------------
Total epoch time: 206.178

******************************
Best val 0.836782, corresponding test 0.618645 - best test: 0.622474

******************************
Best val 0.8367816209793091, corresponding Art test 0.5920889973640442

******************************
Best val 0.8367816209793091, corresponding Clipart test 0.5035509467124939

******************************
Best val 0.8367816209793091, corresponding Product test 0.7463392615318298
