
Loading experiment PACS/ResNet18_step


New epoch - lr: 0.003
[1/28 iteration of epoch 1/30] 
 {loss} cls : 1.998, total : 7.856 
 {acc} cls : 9.38
------------------------------
<Losses on train> cls : 1.165, total : 6.415
<Accuracies on train> cls : 58.82
Train epoch time: 37.583
------------------------------
<Accuracies on val> class : 84.62
------------------------------
<Accuracies on test> class : 58.40
------------------------------
<Accuracies on photo> test class : 94.37
------------------------------
<Accuracies on cartoon> test class : 50.51
------------------------------
<Accuracies on sketch> test class : 47.82
------------------------------
Total epoch time: 66.538

New epoch - lr: 0.003
[1/28 iteration of epoch 2/30] 
 {loss} cls : 0.845, total : 5.798 
 {acc} cls : 67.97
------------------------------
<Losses on train> cls : 0.500, total : 4.970
<Accuracies on train> cls : 84.65
Train epoch time: 29.774
------------------------------
<Accuracies on val> class : 89.90
------------------------------
<Accuracies on test> class : 59.57
------------------------------
<Accuracies on photo> test class : 94.43
------------------------------
<Accuracies on cartoon> test class : 57.21
------------------------------
<Accuracies on sketch> test class : 46.17
------------------------------
Total epoch time: 58.631

New epoch - lr: 0.003
[1/28 iteration of epoch 3/30] 
 {loss} cls : 0.299, total : 4.391 
 {acc} cls : 91.41
------------------------------
<Losses on train> cls : 0.434, total : 4.576
<Accuracies on train> cls : 86.33
Train epoch time: 29.721
------------------------------
<Accuracies on val> class : 87.98
------------------------------
<Accuracies on test> class : 64.72
------------------------------
<Accuracies on photo> test class : 93.29
------------------------------
<Accuracies on cartoon> test class : 59.56
------------------------------
<Accuracies on sketch> test class : 55.66
------------------------------
Total epoch time: 56.865

New epoch - lr: 0.003
[1/28 iteration of epoch 4/30] 
 {loss} cls : 0.389, total : 4.301 
 {acc} cls : 89.84
------------------------------
<Losses on train> cls : 0.327, total : 4.263
<Accuracies on train> cls : 89.65
Train epoch time: 29.930
------------------------------
<Accuracies on val> class : 90.38
------------------------------
<Accuracies on test> class : 64.96
------------------------------
<Accuracies on photo> test class : 95.21
------------------------------
<Accuracies on cartoon> test class : 62.80
------------------------------
<Accuracies on sketch> test class : 53.40
------------------------------
Total epoch time: 57.610

New epoch - lr: 0.003
[1/28 iteration of epoch 5/30] 
 {loss} cls : 0.182, total : 3.892 
 {acc} cls : 93.75
------------------------------
<Losses on train> cls : 0.262, total : 4.046
<Accuracies on train> cls : 92.05
Train epoch time: 29.644
------------------------------
<Accuracies on val> class : 91.35
------------------------------
<Accuracies on test> class : 60.14
------------------------------
<Accuracies on photo> test class : 96.29
------------------------------
<Accuracies on cartoon> test class : 58.28
------------------------------
<Accuracies on sketch> test class : 45.89
------------------------------
Total epoch time: 58.024

New epoch - lr: 0.003
[1/28 iteration of epoch 6/30] 
 {loss} cls : 0.152, total : 3.824 
 {acc} cls : 95.31
------------------------------
<Losses on train> cls : 0.198, total : 3.845
<Accuracies on train> cls : 94.00
Train epoch time: 29.633
------------------------------
<Accuracies on val> class : 90.87
------------------------------
<Accuracies on test> class : 62.12
------------------------------
<Accuracies on photo> test class : 94.97
------------------------------
<Accuracies on cartoon> test class : 59.73
------------------------------
<Accuracies on sketch> test class : 49.58
------------------------------
Total epoch time: 57.048

New epoch - lr: 0.003
[1/28 iteration of epoch 7/30] 
 {loss} cls : 0.110, total : 3.552 
 {acc} cls : 99.22
------------------------------
<Losses on train> cls : 0.221, total : 3.855
<Accuracies on train> cls : 93.22
Train epoch time: 29.597
------------------------------
<Accuracies on val> class : 91.35
------------------------------
<Accuracies on test> class : 61.95
------------------------------
<Accuracies on photo> test class : 94.85
------------------------------
<Accuracies on cartoon> test class : 64.21
------------------------------
<Accuracies on sketch> test class : 46.63
------------------------------
Total epoch time: 56.481

New epoch - lr: 0.003
[1/28 iteration of epoch 8/30] 
 {loss} cls : 0.312, total : 3.967 
 {acc} cls : 89.84
------------------------------
<Losses on train> cls : 0.214, total : 3.810
<Accuracies on train> cls : 93.42
Train epoch time: 29.571
------------------------------
<Accuracies on val> class : 90.87
------------------------------
<Accuracies on test> class : 67.05
------------------------------
<Accuracies on photo> test class : 95.03
------------------------------
<Accuracies on cartoon> test class : 66.98
------------------------------
<Accuracies on sketch> test class : 55.20
------------------------------
Total epoch time: 57.009

New epoch - lr: 0.003
[1/28 iteration of epoch 9/30] 
 {loss} cls : 0.176, total : 3.726 
 {acc} cls : 94.53
------------------------------
<Losses on train> cls : 0.146, total : 3.599
<Accuracies on train> cls : 95.54
Train epoch time: 29.607
------------------------------
<Accuracies on val> class : 90.87
------------------------------
<Accuracies on test> class : 62.73
------------------------------
<Accuracies on photo> test class : 95.93
------------------------------
<Accuracies on cartoon> test class : 59.98
------------------------------
<Accuracies on sketch> test class : 50.27
------------------------------
Total epoch time: 56.965

New epoch - lr: 0.003
[1/28 iteration of epoch 10/30] 
 {loss} cls : 0.138, total : 3.588 
 {acc} cls : 96.09
------------------------------
<Losses on train> cls : 0.105, total : 3.497
<Accuracies on train> cls : 96.74
Train epoch time: 29.614
------------------------------
<Accuracies on val> class : 93.75
------------------------------
<Accuracies on test> class : 59.96
------------------------------
<Accuracies on photo> test class : 94.97
------------------------------
<Accuracies on cartoon> test class : 57.59
------------------------------
<Accuracies on sketch> test class : 46.50
------------------------------
Total epoch time: 57.049

New epoch - lr: 0.003
[1/28 iteration of epoch 11/30] 
 {loss} cls : 0.052, total : 3.292 
 {acc} cls : 98.44
------------------------------
<Losses on train> cls : 0.146, total : 3.584
<Accuracies on train> cls : 95.40
Train epoch time: 29.638
------------------------------
<Accuracies on val> class : 90.87
------------------------------
<Accuracies on test> class : 64.30
------------------------------
<Accuracies on photo> test class : 94.25
------------------------------
<Accuracies on cartoon> test class : 62.37
------------------------------
<Accuracies on sketch> test class : 52.71
------------------------------
Total epoch time: 56.469

New epoch - lr: 0.003
[1/28 iteration of epoch 12/30] 
 {loss} cls : 0.156, total : 3.546 
 {acc} cls : 94.53
------------------------------
<Losses on train> cls : 0.146, total : 3.551
<Accuracies on train> cls : 95.28
Train epoch time: 29.598
------------------------------
<Accuracies on val> class : 93.27
------------------------------
<Accuracies on test> class : 64.57
------------------------------
<Accuracies on photo> test class : 95.51
------------------------------
<Accuracies on cartoon> test class : 63.35
------------------------------
<Accuracies on sketch> test class : 52.15
------------------------------
Total epoch time: 56.885

New epoch - lr: 0.003
[1/28 iteration of epoch 13/30] 
 {loss} cls : 0.143, total : 3.505 
 {acc} cls : 96.88
------------------------------
<Losses on train> cls : 0.110, total : 3.445
<Accuracies on train> cls : 96.90
Train epoch time: 29.578
------------------------------
<Accuracies on val> class : 92.31
------------------------------
<Accuracies on test> class : 69.31
------------------------------
<Accuracies on photo> test class : 95.27
------------------------------
<Accuracies on cartoon> test class : 63.65
------------------------------
<Accuracies on sketch> test class : 61.64
------------------------------
Total epoch time: 56.498

New epoch - lr: 0.003
[1/28 iteration of epoch 14/30] 
 {loss} cls : 0.219, total : 3.718 
 {acc} cls : 93.75
------------------------------
<Losses on train> cls : 0.092, total : 3.388
<Accuracies on train> cls : 97.29
Train epoch time: 29.621
------------------------------
<Accuracies on val> class : 92.31
------------------------------
<Accuracies on test> class : 62.84
------------------------------
<Accuracies on photo> test class : 94.67
------------------------------
<Accuracies on cartoon> test class : 62.80
------------------------------
<Accuracies on sketch> test class : 49.33
------------------------------
Total epoch time: 56.002

New epoch - lr: 0.003
[1/28 iteration of epoch 15/30] 
 {loss} cls : 0.046, total : 3.327 
 {acc} cls : 98.44
------------------------------
<Losses on train> cls : 0.077, total : 3.331
<Accuracies on train> cls : 97.60
Train epoch time: 29.541
------------------------------
<Accuracies on val> class : 93.75
------------------------------
<Accuracies on test> class : 66.59
------------------------------
<Accuracies on photo> test class : 95.03
------------------------------
<Accuracies on cartoon> test class : 65.61
------------------------------
<Accuracies on sketch> test class : 55.08
------------------------------
Total epoch time: 57.065

New epoch - lr: 0.003
[1/28 iteration of epoch 16/30] 
 {loss} cls : 0.017, total : 3.129 
 {acc} cls : 100.00
------------------------------
<Losses on train> cls : 0.140, total : 3.501
<Accuracies on train> cls : 95.76
Train epoch time: 29.633
------------------------------
<Accuracies on val> class : 93.75
------------------------------
<Accuracies on test> class : 63.12
------------------------------
<Accuracies on photo> test class : 93.83
------------------------------
<Accuracies on cartoon> test class : 61.95
------------------------------
<Accuracies on sketch> test class : 50.78
------------------------------
Total epoch time: 57.150

New epoch - lr: 0.003
[1/28 iteration of epoch 17/30] 
 {loss} cls : 0.078, total : 3.279 
 {acc} cls : 96.88
------------------------------
<Losses on train> cls : 0.083, total : 3.338
<Accuracies on train> cls : 97.35
Train epoch time: 29.735
------------------------------
<Accuracies on val> class : 95.19
------------------------------
<Accuracies on test> class : 68.15
------------------------------
<Accuracies on photo> test class : 94.91
------------------------------
<Accuracies on cartoon> test class : 70.82
------------------------------
<Accuracies on sketch> test class : 55.18
------------------------------
Total epoch time: 56.517

New epoch - lr: 0.003
[1/28 iteration of epoch 18/30] 
 {loss} cls : 0.059, total : 3.333 
 {acc} cls : 98.44
------------------------------
<Losses on train> cls : 0.061, total : 3.286
<Accuracies on train> cls : 98.19
Train epoch time: 29.640
------------------------------
<Accuracies on val> class : 91.83
------------------------------
<Accuracies on test> class : 72.94
------------------------------
<Accuracies on photo> test class : 95.33
------------------------------
<Accuracies on cartoon> test class : 68.86
------------------------------
<Accuracies on sketch> test class : 65.87
------------------------------
Total epoch time: 56.391

New epoch - lr: 0.003
[1/28 iteration of epoch 19/30] 
 {loss} cls : 0.015, total : 3.101 
 {acc} cls : 100.00
------------------------------
<Losses on train> cls : 0.096, total : 3.344
<Accuracies on train> cls : 97.15
Train epoch time: 29.634
------------------------------
<Accuracies on val> class : 89.90
------------------------------
<Accuracies on test> class : 72.43
------------------------------
<Accuracies on photo> test class : 95.15
------------------------------
<Accuracies on cartoon> test class : 67.41
------------------------------
<Accuracies on sketch> test class : 65.77
------------------------------
Total epoch time: 56.837

New epoch - lr: 0.003
[1/28 iteration of epoch 20/30] 
 {loss} cls : 0.028, total : 3.170 
 {acc} cls : 99.22
------------------------------
<Losses on train> cls : 0.112, total : 3.375
<Accuracies on train> cls : 96.62
Train epoch time: 29.631
------------------------------
<Accuracies on val> class : 92.31
------------------------------
<Accuracies on test> class : 65.47
------------------------------
<Accuracies on photo> test class : 94.85
------------------------------
<Accuracies on cartoon> test class : 63.18
------------------------------
<Accuracies on sketch> test class : 54.34
------------------------------
Total epoch time: 56.602

New epoch - lr: 0.003
[1/28 iteration of epoch 21/30] 
 {loss} cls : 0.062, total : 3.215 
 {acc} cls : 98.44
------------------------------
<Losses on train> cls : 0.090, total : 3.315
<Accuracies on train> cls : 97.18
Train epoch time: 29.565
------------------------------
<Accuracies on val> class : 91.35
------------------------------
<Accuracies on test> class : 71.33
------------------------------
<Accuracies on photo> test class : 94.43
------------------------------
<Accuracies on cartoon> test class : 69.71
------------------------------
<Accuracies on sketch> test class : 62.48
------------------------------
Total epoch time: 56.925

New epoch - lr: 0.003
[1/28 iteration of epoch 22/30] 
 {loss} cls : 0.015, total : 3.154 
 {acc} cls : 100.00
------------------------------
<Losses on train> cls : 0.056, total : 3.241
<Accuracies on train> cls : 98.24
Train epoch time: 29.547
------------------------------
<Accuracies on val> class : 90.87
------------------------------
<Accuracies on test> class : 68.00
------------------------------
<Accuracies on photo> test class : 94.55
------------------------------
<Accuracies on cartoon> test class : 66.08
------------------------------
<Accuracies on sketch> test class : 57.85
------------------------------
Total epoch time: 57.469

New epoch - lr: 0.003
[1/28 iteration of epoch 23/30] 
 {loss} cls : 0.018, total : 3.115 
 {acc} cls : 100.00
------------------------------
<Losses on train> cls : 0.041, total : 3.183
<Accuracies on train> cls : 99.02
Train epoch time: 29.614
------------------------------
<Accuracies on val> class : 91.35
------------------------------
<Accuracies on test> class : 73.26
------------------------------
<Accuracies on photo> test class : 94.97
------------------------------
<Accuracies on cartoon> test class : 70.82
------------------------------
<Accuracies on sketch> test class : 65.49
------------------------------
Total epoch time: 57.870

New epoch - lr: 0.003
[1/28 iteration of epoch 24/30] 
 {loss} cls : 0.068, total : 3.191 
 {acc} cls : 98.44
------------------------------
<Losses on train> cls : 0.069, total : 3.252
<Accuracies on train> cls : 98.07
Train epoch time: 29.505
------------------------------
<Accuracies on val> class : 93.75
------------------------------
<Accuracies on test> class : 72.89
------------------------------
<Accuracies on photo> test class : 94.79
------------------------------
<Accuracies on cartoon> test class : 71.03
------------------------------
<Accuracies on sketch> test class : 64.70
------------------------------
Total epoch time: 56.134

New epoch - lr: 0.003
[1/28 iteration of epoch 25/30] 
 {loss} cls : 0.066, total : 3.230 
 {acc} cls : 97.66
------------------------------
<Losses on train> cls : 0.049, total : 3.197
<Accuracies on train> cls : 98.49
Train epoch time: 29.665
------------------------------
<Accuracies on val> class : 91.83
------------------------------
<Accuracies on test> class : 70.92
------------------------------
<Accuracies on photo> test class : 94.61
------------------------------
<Accuracies on cartoon> test class : 68.81
------------------------------
<Accuracies on sketch> test class : 62.10
------------------------------
Total epoch time: 56.815

New epoch - lr: 0.003
[1/28 iteration of epoch 26/30] 
 {loss} cls : 0.022, total : 3.120 
 {acc} cls : 100.00
------------------------------
<Losses on train> cls : 0.058, total : 3.221
<Accuracies on train> cls : 98.38
Train epoch time: 29.571
------------------------------
<Accuracies on val> class : 90.87
------------------------------
<Accuracies on test> class : 70.20
------------------------------
<Accuracies on photo> test class : 94.07
------------------------------
<Accuracies on cartoon> test class : 66.81
------------------------------
<Accuracies on sketch> test class : 62.08
------------------------------
Total epoch time: 57.320

New epoch - lr: 0.0009000000000000002
[1/28 iteration of epoch 27/30] 
 {loss} cls : 0.017, total : 3.078 
 {acc} cls : 100.00
------------------------------
<Losses on train> cls : 0.045, total : 3.180
<Accuracies on train> cls : 98.74
Train epoch time: 29.586
------------------------------
<Accuracies on val> class : 90.87
------------------------------
<Accuracies on test> class : 70.29
------------------------------
<Accuracies on photo> test class : 94.67
------------------------------
<Accuracies on cartoon> test class : 67.06
------------------------------
<Accuracies on sketch> test class : 61.85
------------------------------
Total epoch time: 56.273

New epoch - lr: 0.0009000000000000002
[1/28 iteration of epoch 28/30] 
 {loss} cls : 0.037, total : 3.133 
 {acc} cls : 99.22
------------------------------
<Losses on train> cls : 0.048, total : 3.186
<Accuracies on train> cls : 98.63
Train epoch time: 29.655
------------------------------
<Accuracies on val> class : 90.87
------------------------------
<Accuracies on test> class : 69.16
------------------------------
<Accuracies on photo> test class : 94.49
------------------------------
<Accuracies on cartoon> test class : 66.00
------------------------------
<Accuracies on sketch> test class : 60.27
------------------------------
Total epoch time: 55.861

New epoch - lr: 0.0009000000000000002
[1/28 iteration of epoch 29/30] 
 {loss} cls : 0.057, total : 3.217 
 {acc} cls : 97.66
------------------------------
<Losses on train> cls : 0.044, total : 3.166
<Accuracies on train> cls : 98.83
Train epoch time: 29.563
------------------------------
<Accuracies on val> class : 90.87
------------------------------
<Accuracies on test> class : 72.09
------------------------------
<Accuracies on photo> test class : 94.79
------------------------------
<Accuracies on cartoon> test class : 68.22
------------------------------
<Accuracies on sketch> test class : 64.75
------------------------------
Total epoch time: 56.431

New epoch - lr: 0.0009000000000000002
[1/28 iteration of epoch 30/30] 
 {loss} cls : 0.009, total : 3.177 
 {acc} cls : 100.00
------------------------------
<Losses on train> cls : 0.039, total : 3.161
<Accuracies on train> cls : 98.83
Train epoch time: 29.514
------------------------------
<Accuracies on val> class : 90.87
------------------------------
<Accuracies on test> class : 74.24
------------------------------
<Accuracies on photo> test class : 94.91
------------------------------
<Accuracies on cartoon> test class : 70.39
------------------------------
<Accuracies on sketch> test class : 67.75
------------------------------
Total epoch time: 56.536

******************************
Best val 0.951923, corresponding test 0.681481 - best test: 0.742415

******************************
Best val 0.9519230723381042, corresponding photo test 0.9491018056869507

******************************
Best val 0.9519230723381042, corresponding cartoon test 0.7081910967826843

******************************
Best val 0.9519230723381042, corresponding sketch test 0.5517943501472473
