
Loading experiment PACS/ResNet18_step


New epoch - lr: 0.003
[1/55 iteration of epoch 1/30] 
 {loss} cls : 2.000, total : 8.046 
 {acc} cls : 13.28
[31/55 iteration of epoch 1/30] 
 {loss} cls : 0.468, total : 4.969 
 {acc} cls : 88.28
------------------------------
<Losses on train> cls : 0.806, total : 5.569
<Accuracies on train> cls : 70.58
Train epoch time: 65.091
------------------------------
<Accuracies on val> class : 90.45
------------------------------
<Accuracies on test> class : 46.39
------------------------------
<Accuracies on photo> test class : 51.26
------------------------------
<Accuracies on cartoon> test class : 51.96
------------------------------
<Accuracies on art_painting> test class : 36.04
------------------------------
Total epoch time: 90.677

New epoch - lr: 0.003
[1/55 iteration of epoch 2/30] 
 {loss} cls : 0.395, total : 4.612 
 {acc} cls : 86.72
[31/55 iteration of epoch 2/30] 
 {loss} cls : 0.255, total : 4.013 
 {acc} cls : 92.97
------------------------------
<Losses on train> cls : 0.278, total : 4.228
<Accuracies on train> cls : 91.12
Train epoch time: 57.494
------------------------------
<Accuracies on val> class : 90.70
------------------------------
<Accuracies on test> class : 47.90
------------------------------
<Accuracies on photo> test class : 51.62
------------------------------
<Accuracies on cartoon> test class : 53.20
------------------------------
<Accuracies on art_painting> test class : 38.82
------------------------------
Total epoch time: 80.824

New epoch - lr: 0.003
[1/55 iteration of epoch 3/30] 
 {loss} cls : 0.147, total : 3.896 
 {acc} cls : 93.75
[31/55 iteration of epoch 3/30] 
 {loss} cls : 0.150, total : 3.858 
 {acc} cls : 95.31
------------------------------
<Losses on train> cls : 0.209, total : 3.935
<Accuracies on train> cls : 93.01
Train epoch time: 57.631
------------------------------
<Accuracies on val> class : 93.47
------------------------------
<Accuracies on test> class : 48.99
------------------------------
<Accuracies on photo> test class : 51.62
------------------------------
<Accuracies on cartoon> test class : 58.02
------------------------------
<Accuracies on art_painting> test class : 36.52
------------------------------
Total epoch time: 80.394

New epoch - lr: 0.003
[1/55 iteration of epoch 4/30] 
 {loss} cls : 0.205, total : 3.826 
 {acc} cls : 91.41
[31/55 iteration of epoch 4/30] 
 {loss} cls : 0.239, total : 3.913 
 {acc} cls : 89.84
------------------------------
<Losses on train> cls : 0.154, total : 3.725
<Accuracies on train> cls : 95.00
Train epoch time: 57.327
------------------------------
<Accuracies on val> class : 94.47
------------------------------
<Accuracies on test> class : 53.37
------------------------------
<Accuracies on photo> test class : 56.05
------------------------------
<Accuracies on cartoon> test class : 61.39
------------------------------
<Accuracies on art_painting> test class : 41.99
------------------------------
Total epoch time: 80.230

New epoch - lr: 0.003
[1/55 iteration of epoch 5/30] 
 {loss} cls : 0.105, total : 3.535 
 {acc} cls : 96.88
[31/55 iteration of epoch 5/30] 
 {loss} cls : 0.040, total : 3.376 
 {acc} cls : 100.00
------------------------------
<Losses on train> cls : 0.107, total : 3.564
<Accuracies on train> cls : 96.69
Train epoch time: 57.423
------------------------------
<Accuracies on val> class : 93.72
------------------------------
<Accuracies on test> class : 52.82
------------------------------
<Accuracies on photo> test class : 56.53
------------------------------
<Accuracies on cartoon> test class : 62.29
------------------------------
<Accuracies on art_painting> test class : 38.96
------------------------------
Total epoch time: 79.252

New epoch - lr: 0.003
[1/55 iteration of epoch 6/30] 
 {loss} cls : 0.093, total : 3.430 
 {acc} cls : 95.31
[31/55 iteration of epoch 6/30] 
 {loss} cls : 0.021, total : 3.328 
 {acc} cls : 100.00
------------------------------
<Losses on train> cls : 0.103, total : 3.521
<Accuracies on train> cls : 96.83
Train epoch time: 57.486
------------------------------
<Accuracies on val> class : 94.22
------------------------------
<Accuracies on test> class : 51.77
------------------------------
<Accuracies on photo> test class : 55.51
------------------------------
<Accuracies on cartoon> test class : 58.15
------------------------------
<Accuracies on art_painting> test class : 41.41
------------------------------
Total epoch time: 80.341

New epoch - lr: 0.003
[1/55 iteration of epoch 7/30] 
 {loss} cls : 0.065, total : 3.490 
 {acc} cls : 97.66
[31/55 iteration of epoch 7/30] 
 {loss} cls : 0.068, total : 3.343 
 {acc} cls : 98.44
------------------------------
<Losses on train> cls : 0.073, total : 3.434
<Accuracies on train> cls : 97.73
Train epoch time: 57.357
------------------------------
<Accuracies on val> class : 95.23
------------------------------
<Accuracies on test> class : 54.04
------------------------------
<Accuracies on photo> test class : 54.97
------------------------------
<Accuracies on cartoon> test class : 63.14
------------------------------
<Accuracies on art_painting> test class : 42.87
------------------------------
Total epoch time: 79.789

New epoch - lr: 0.003
[1/55 iteration of epoch 8/30] 
 {loss} cls : 0.030, total : 3.309 
 {acc} cls : 99.22
[31/55 iteration of epoch 8/30] 
 {loss} cls : 0.088, total : 3.424 
 {acc} cls : 96.09
------------------------------
<Losses on train> cls : 0.074, total : 3.411
<Accuracies on train> cls : 97.66
Train epoch time: 57.323
------------------------------
<Accuracies on val> class : 94.72
------------------------------
<Accuracies on test> class : 55.31
------------------------------
<Accuracies on photo> test class : 54.73
------------------------------
<Accuracies on cartoon> test class : 64.63
------------------------------
<Accuracies on art_painting> test class : 45.12
------------------------------
Total epoch time: 79.858

New epoch - lr: 0.003
[1/55 iteration of epoch 9/30] 
 {loss} cls : 0.055, total : 3.485 
 {acc} cls : 98.44
[31/55 iteration of epoch 9/30] 
 {loss} cls : 0.012, total : 3.255 
 {acc} cls : 100.00
------------------------------
<Losses on train> cls : 0.052, total : 3.351
<Accuracies on train> cls : 98.39
Train epoch time: 57.441
------------------------------
<Accuracies on val> class : 95.48
------------------------------
<Accuracies on test> class : 51.19
------------------------------
<Accuracies on photo> test class : 49.94
------------------------------
<Accuracies on cartoon> test class : 61.99
------------------------------
<Accuracies on art_painting> test class : 39.84
------------------------------
Total epoch time: 80.400

New epoch - lr: 0.003
[1/55 iteration of epoch 10/30] 
 {loss} cls : 0.031, total : 3.278 
 {acc} cls : 98.44
[31/55 iteration of epoch 10/30] 
 {loss} cls : 0.051, total : 3.426 
 {acc} cls : 98.44
------------------------------
<Losses on train> cls : 0.045, total : 3.300
<Accuracies on train> cls : 98.81
Train epoch time: 57.327
------------------------------
<Accuracies on val> class : 93.97
------------------------------
<Accuracies on test> class : 56.17
------------------------------
<Accuracies on photo> test class : 56.05
------------------------------
<Accuracies on cartoon> test class : 67.11
------------------------------
<Accuracies on art_painting> test class : 43.75
------------------------------
Total epoch time: 78.953

New epoch - lr: 0.003
[1/55 iteration of epoch 11/30] 
 {loss} cls : 0.048, total : 3.316 
 {acc} cls : 98.44
[31/55 iteration of epoch 11/30] 
 {loss} cls : 0.017, total : 3.281 
 {acc} cls : 100.00
------------------------------
<Losses on train> cls : 0.038, total : 3.283
<Accuracies on train> cls : 98.82
Train epoch time: 57.277
------------------------------
<Accuracies on val> class : 92.46
------------------------------
<Accuracies on test> class : 55.21
------------------------------
<Accuracies on photo> test class : 54.19
------------------------------
<Accuracies on cartoon> test class : 66.55
------------------------------
<Accuracies on art_painting> test class : 43.07
------------------------------
Total epoch time: 80.545

New epoch - lr: 0.003
[1/55 iteration of epoch 12/30] 
 {loss} cls : 0.011, total : 3.230 
 {acc} cls : 100.00
[31/55 iteration of epoch 12/30] 
 {loss} cls : 0.020, total : 3.261 
 {acc} cls : 99.22
------------------------------
<Losses on train> cls : 0.035, total : 3.255
<Accuracies on train> cls : 98.75
Train epoch time: 57.425
------------------------------
<Accuracies on val> class : 93.47
------------------------------
<Accuracies on test> class : 53.99
------------------------------
<Accuracies on photo> test class : 52.69
------------------------------
<Accuracies on cartoon> test class : 66.38
------------------------------
<Accuracies on art_painting> test class : 40.87
------------------------------
Total epoch time: 78.922

New epoch - lr: 0.003
[1/55 iteration of epoch 13/30] 
 {loss} cls : 0.006, total : 3.239 
 {acc} cls : 100.00
[31/55 iteration of epoch 13/30] 
 {loss} cls : 0.025, total : 3.321 
 {acc} cls : 99.22
------------------------------
<Losses on train> cls : 0.036, total : 3.270
<Accuracies on train> cls : 98.92
Train epoch time: 57.353
------------------------------
<Accuracies on val> class : 92.71
------------------------------
<Accuracies on test> class : 57.51
------------------------------
<Accuracies on photo> test class : 55.21
------------------------------
<Accuracies on cartoon> test class : 67.88
------------------------------
<Accuracies on art_painting> test class : 47.51
------------------------------
Total epoch time: 79.546

New epoch - lr: 0.003
[1/55 iteration of epoch 14/30] 
 {loss} cls : 0.010, total : 3.226 
 {acc} cls : 100.00
[31/55 iteration of epoch 14/30] 
 {loss} cls : 0.013, total : 3.158 
 {acc} cls : 99.22
------------------------------
<Losses on train> cls : 0.029, total : 3.232
<Accuracies on train> cls : 99.15
Train epoch time: 57.501
------------------------------
<Accuracies on val> class : 95.98
------------------------------
<Accuracies on test> class : 50.15
------------------------------
<Accuracies on photo> test class : 50.30
------------------------------
<Accuracies on cartoon> test class : 61.39
------------------------------
<Accuracies on art_painting> test class : 37.16
------------------------------
Total epoch time: 80.452

New epoch - lr: 0.003
[1/55 iteration of epoch 15/30] 
 {loss} cls : 0.046, total : 3.122 
 {acc} cls : 97.66
[31/55 iteration of epoch 15/30] 
 {loss} cls : 0.019, total : 3.326 
 {acc} cls : 99.22
------------------------------
<Losses on train> cls : 0.026, total : 3.215
<Accuracies on train> cls : 99.20
Train epoch time: 57.431
------------------------------
<Accuracies on val> class : 93.47
------------------------------
<Accuracies on test> class : 53.76
------------------------------
<Accuracies on photo> test class : 53.11
------------------------------
<Accuracies on cartoon> test class : 64.59
------------------------------
<Accuracies on art_painting> test class : 41.89
------------------------------
Total epoch time: 80.112

New epoch - lr: 0.003
[1/55 iteration of epoch 16/30] 
 {loss} cls : 0.004, total : 3.246 
 {acc} cls : 100.00
[31/55 iteration of epoch 16/30] 
 {loss} cls : 0.022, total : 3.251 
 {acc} cls : 99.22
------------------------------
<Losses on train> cls : 0.023, total : 3.209
<Accuracies on train> cls : 99.38
Train epoch time: 57.255
------------------------------
<Accuracies on val> class : 93.72
------------------------------
<Accuracies on test> class : 56.45
------------------------------
<Accuracies on photo> test class : 55.69
------------------------------
<Accuracies on cartoon> test class : 67.06
------------------------------
<Accuracies on art_painting> test class : 44.92
------------------------------
Total epoch time: 80.013

New epoch - lr: 0.003
[1/55 iteration of epoch 17/30] 
 {loss} cls : 0.004, total : 3.086 
 {acc} cls : 100.00
[31/55 iteration of epoch 17/30] 
 {loss} cls : 0.011, total : 3.183 
 {acc} cls : 100.00
------------------------------
<Losses on train> cls : 0.018, total : 3.176
<Accuracies on train> cls : 99.59
Train epoch time: 57.288
------------------------------
<Accuracies on val> class : 94.22
------------------------------
<Accuracies on test> class : 54.55
------------------------------
<Accuracies on photo> test class : 55.15
------------------------------
<Accuracies on cartoon> test class : 64.38
------------------------------
<Accuracies on art_painting> test class : 42.82
------------------------------
Total epoch time: 79.492

New epoch - lr: 0.003
[1/55 iteration of epoch 18/30] 
 {loss} cls : 0.009, total : 3.183 
 {acc} cls : 100.00
[31/55 iteration of epoch 18/30] 
 {loss} cls : 0.003, total : 3.192 
 {acc} cls : 100.00
------------------------------
<Losses on train> cls : 0.014, total : 3.168
<Accuracies on train> cls : 99.62
Train epoch time: 57.311
------------------------------
<Accuracies on val> class : 93.72
------------------------------
<Accuracies on test> class : 55.56
------------------------------
<Accuracies on photo> test class : 55.87
------------------------------
<Accuracies on cartoon> test class : 65.70
------------------------------
<Accuracies on art_painting> test class : 43.70
------------------------------
Total epoch time: 79.959

New epoch - lr: 0.003
[1/55 iteration of epoch 19/30] 
 {loss} cls : 0.021, total : 3.182 
 {acc} cls : 100.00
[31/55 iteration of epoch 19/30] 
 {loss} cls : 0.018, total : 3.238 
 {acc} cls : 99.22
------------------------------
<Losses on train> cls : 0.016, total : 3.179
<Accuracies on train> cls : 99.52
Train epoch time: 57.496
------------------------------
<Accuracies on val> class : 93.72
------------------------------
<Accuracies on test> class : 55.39
------------------------------
<Accuracies on photo> test class : 54.97
------------------------------
<Accuracies on cartoon> test class : 64.80
------------------------------
<Accuracies on art_painting> test class : 44.97
------------------------------
Total epoch time: 79.556

New epoch - lr: 0.003
[1/55 iteration of epoch 20/30] 
 {loss} cls : 0.005, total : 3.088 
 {acc} cls : 100.00
[31/55 iteration of epoch 20/30] 
 {loss} cls : 0.041, total : 3.262 
 {acc} cls : 98.44
------------------------------
<Losses on train> cls : 0.010, total : 3.153
<Accuracies on train> cls : 99.67
Train epoch time: 57.315
------------------------------
<Accuracies on val> class : 92.96
------------------------------
<Accuracies on test> class : 52.69
------------------------------
<Accuracies on photo> test class : 51.92
------------------------------
<Accuracies on cartoon> test class : 64.25
------------------------------
<Accuracies on art_painting> test class : 40.09
------------------------------
Total epoch time: 79.104

New epoch - lr: 0.003
[1/55 iteration of epoch 21/30] 
 {loss} cls : 0.001, total : 3.075 
 {acc} cls : 100.00
[31/55 iteration of epoch 21/30] 
 {loss} cls : 0.014, total : 3.235 
 {acc} cls : 99.22
------------------------------
<Losses on train> cls : 0.008, total : 3.141
<Accuracies on train> cls : 99.79
Train epoch time: 57.358
------------------------------
<Accuracies on val> class : 93.22
------------------------------
<Accuracies on test> class : 56.14
------------------------------
<Accuracies on photo> test class : 54.61
------------------------------
<Accuracies on cartoon> test class : 66.60
------------------------------
<Accuracies on art_painting> test class : 45.41
------------------------------
Total epoch time: 79.966

New epoch - lr: 0.003
[1/55 iteration of epoch 22/30] 
 {loss} cls : 0.048, total : 3.256 
 {acc} cls : 98.44
[31/55 iteration of epoch 22/30] 
 {loss} cls : 0.013, total : 3.246 
 {acc} cls : 100.00
------------------------------
<Losses on train> cls : 0.023, total : 3.198
<Accuracies on train> cls : 99.36
Train epoch time: 57.143
------------------------------
<Accuracies on val> class : 93.47
------------------------------
<Accuracies on test> class : 57.52
------------------------------
<Accuracies on photo> test class : 54.73
------------------------------
<Accuracies on cartoon> test class : 67.66
------------------------------
<Accuracies on art_painting> test class : 48.19
------------------------------
Total epoch time: 77.839

New epoch - lr: 0.003
[1/55 iteration of epoch 23/30] 
 {loss} cls : 0.002, total : 3.053 
 {acc} cls : 100.00
[31/55 iteration of epoch 23/30] 
 {loss} cls : 0.012, total : 3.264 
 {acc} cls : 100.00
------------------------------
<Losses on train> cls : 0.011, total : 3.150
<Accuracies on train> cls : 99.72
Train epoch time: 57.032
------------------------------
<Accuracies on val> class : 93.72
------------------------------
<Accuracies on test> class : 56.17
------------------------------
<Accuracies on photo> test class : 55.33
------------------------------
<Accuracies on cartoon> test class : 64.12
------------------------------
<Accuracies on art_painting> test class : 47.75
------------------------------
Total epoch time: 77.256

New epoch - lr: 0.003
[1/55 iteration of epoch 24/30] 
 {loss} cls : 0.001, total : 3.106 
 {acc} cls : 100.00
[31/55 iteration of epoch 24/30] 
 {loss} cls : 0.030, total : 3.190 
 {acc} cls : 99.22
------------------------------
<Losses on train> cls : 0.016, total : 3.161
<Accuracies on train> cls : 99.62
Train epoch time: 56.998
------------------------------
<Accuracies on val> class : 94.22
------------------------------
<Accuracies on test> class : 55.84
------------------------------
<Accuracies on photo> test class : 53.47
------------------------------
<Accuracies on cartoon> test class : 65.96
------------------------------
<Accuracies on art_painting> test class : 46.19
------------------------------
Total epoch time: 76.946

New epoch - lr: 0.003
[1/55 iteration of epoch 25/30] 
 {loss} cls : 0.003, total : 3.075 
 {acc} cls : 100.00
[31/55 iteration of epoch 25/30] 
 {loss} cls : 0.002, total : 3.123 
 {acc} cls : 100.00
------------------------------
<Losses on train> cls : 0.014, total : 3.152
<Accuracies on train> cls : 99.57
Train epoch time: 56.979
------------------------------
<Accuracies on val> class : 94.47
------------------------------
<Accuracies on test> class : 57.29
------------------------------
<Accuracies on photo> test class : 53.65
------------------------------
<Accuracies on cartoon> test class : 67.11
------------------------------
<Accuracies on art_painting> test class : 49.02
------------------------------
Total epoch time: 76.909

New epoch - lr: 0.003
[1/55 iteration of epoch 26/30] 
 {loss} cls : 0.007, total : 3.047 
 {acc} cls : 100.00
[31/55 iteration of epoch 26/30] 
 {loss} cls : 0.013, total : 3.221 
 {acc} cls : 100.00
------------------------------
<Losses on train> cls : 0.011, total : 3.141
<Accuracies on train> cls : 99.67
Train epoch time: 56.969
------------------------------
<Accuracies on val> class : 93.72
------------------------------
<Accuracies on test> class : 56.05
------------------------------
<Accuracies on photo> test class : 53.95
------------------------------
<Accuracies on cartoon> test class : 65.66
------------------------------
<Accuracies on art_painting> test class : 46.78
------------------------------
Total epoch time: 77.671

New epoch - lr: 0.0009000000000000002
[1/55 iteration of epoch 27/30] 
 {loss} cls : 0.003, total : 3.149 
 {acc} cls : 100.00
[31/55 iteration of epoch 27/30] 
 {loss} cls : 0.014, total : 3.119 
 {acc} cls : 99.22
------------------------------
<Losses on train> cls : 0.006, total : 3.129
<Accuracies on train> cls : 99.83
Train epoch time: 56.941
------------------------------
<Accuracies on val> class : 93.97
------------------------------
<Accuracies on test> class : 55.43
------------------------------
<Accuracies on photo> test class : 54.55
------------------------------
<Accuracies on cartoon> test class : 63.44
------------------------------
<Accuracies on art_painting> test class : 46.97
------------------------------
Total epoch time: 76.933

New epoch - lr: 0.0009000000000000002
[1/55 iteration of epoch 28/30] 
 {loss} cls : 0.005, total : 3.129 
 {acc} cls : 100.00
[31/55 iteration of epoch 28/30] 
 {loss} cls : 0.022, total : 3.216 
 {acc} cls : 99.22
------------------------------
<Losses on train> cls : 0.006, total : 3.123
<Accuracies on train> cls : 99.87
Train epoch time: 56.917
------------------------------
<Accuracies on val> class : 93.72
------------------------------
<Accuracies on test> class : 57.09
------------------------------
<Accuracies on photo> test class : 54.79
------------------------------
<Accuracies on cartoon> test class : 66.34
------------------------------
<Accuracies on art_painting> test class : 48.39
------------------------------
Total epoch time: 76.834

New epoch - lr: 0.0009000000000000002
[1/55 iteration of epoch 29/30] 
 {loss} cls : 0.006, total : 3.053 
 {acc} cls : 100.00
[31/55 iteration of epoch 29/30] 
 {loss} cls : 0.002, total : 3.122 
 {acc} cls : 100.00
------------------------------
<Losses on train> cls : 0.008, total : 3.129
<Accuracies on train> cls : 99.74
Train epoch time: 56.872
------------------------------
<Accuracies on val> class : 93.97
------------------------------
<Accuracies on test> class : 55.44
------------------------------
<Accuracies on photo> test class : 53.89
------------------------------
<Accuracies on cartoon> test class : 64.85
------------------------------
<Accuracies on art_painting> test class : 45.95
------------------------------
Total epoch time: 76.858

New epoch - lr: 0.0009000000000000002
[1/55 iteration of epoch 30/30] 
 {loss} cls : 0.002, total : 3.168 
 {acc} cls : 100.00
[31/55 iteration of epoch 30/30] 
 {loss} cls : 0.008, total : 3.187 
 {acc} cls : 100.00
------------------------------
<Losses on train> cls : 0.005, total : 3.116
<Accuracies on train> cls : 99.90
Train epoch time: 56.958
------------------------------
<Accuracies on val> class : 93.47
------------------------------
<Accuracies on test> class : 56.94
------------------------------
<Accuracies on photo> test class : 54.25
------------------------------
<Accuracies on cartoon> test class : 66.51
------------------------------
<Accuracies on art_painting> test class : 48.19
------------------------------
Total epoch time: 77.398

******************************
Best val 0.959799, corresponding test 0.501485 - best test: 0.575223

******************************
Best val 0.9597989916801453, corresponding photo test 0.5029940009117126

******************************
Best val 0.9597989916801453, corresponding cartoon test 0.6139078736305237

******************************
Best val 0.9597989916801453, corresponding art_painting test 0.37158203125
