
Loading experiment CelebA/ResNet18_step


New epoch - lr: 0.003
[1/70 iteration of epoch 1/30] 
 {loss} cls : 0.746, total : 0.746 
 {acc} cls : 50.00
[31/70 iteration of epoch 1/30] 
 {loss} cls : 0.973, total : 0.973 
 {acc} cls : 75.00
[61/70 iteration of epoch 1/30] 
 {loss} cls : 0.087, total : 0.087 
 {acc} cls : 96.88
------------------------------
<Losses on train> cls : 0.847, total : 0.847
<Accuracies on train> cls : 82.37
Train epoch time: 11.998
------------------------------
<Accuracies on val> class : 95.60
------------------------------
<Accuracies on test> class : 71.60
------------------------------
<Accuracies on in> test class : 94.80
------------------------------
<Accuracies on flip> test class : 56.10
------------------------------
<Accuracies on random> test class : 75.50
------------------------------
Total epoch time: 19.283

New epoch - lr: 0.003
[1/70 iteration of epoch 2/30] 
 {loss} cls : 0.126, total : 0.126 
 {acc} cls : 93.75
[31/70 iteration of epoch 2/30] 
 {loss} cls : 0.150, total : 0.150 
 {acc} cls : 95.31
[61/70 iteration of epoch 2/30] 
 {loss} cls : 0.127, total : 0.127 
 {acc} cls : 95.31
------------------------------
<Losses on train> cls : 0.188, total : 0.188
<Accuracies on train> cls : 93.86
Train epoch time: 12.185
------------------------------
<Accuracies on val> class : 97.60
------------------------------
<Accuracies on test> class : 79.20
------------------------------
<Accuracies on in> test class : 96.20
------------------------------
<Accuracies on flip> test class : 67.50
------------------------------
<Accuracies on random> test class : 82.40
------------------------------
Total epoch time: 19.150

New epoch - lr: 0.003
[1/70 iteration of epoch 3/30] 
 {loss} cls : 0.045, total : 0.045 
 {acc} cls : 98.44
[31/70 iteration of epoch 3/30] 
 {loss} cls : 0.111, total : 0.111 
 {acc} cls : 95.31
[61/70 iteration of epoch 3/30] 
 {loss} cls : 0.067, total : 0.067 
 {acc} cls : 96.88
------------------------------
<Losses on train> cls : 0.106, total : 0.106
<Accuracies on train> cls : 96.05
Train epoch time: 12.659
------------------------------
<Accuracies on val> class : 95.60
------------------------------
<Accuracies on test> class : 76.04
------------------------------
<Accuracies on in> test class : 95.60
------------------------------
<Accuracies on flip> test class : 63.10
------------------------------
<Accuracies on random> test class : 79.20
------------------------------
Total epoch time: 18.957

New epoch - lr: 0.003
[1/70 iteration of epoch 4/30] 
 {loss} cls : 0.082, total : 0.082 
 {acc} cls : 98.44
[31/70 iteration of epoch 4/30] 
 {loss} cls : 0.064, total : 0.064 
 {acc} cls : 96.88
[61/70 iteration of epoch 4/30] 
 {loss} cls : 0.081, total : 0.081 
 {acc} cls : 98.44
------------------------------
<Losses on train> cls : 0.091, total : 0.091
<Accuracies on train> cls : 97.17
Train epoch time: 12.305
------------------------------
<Accuracies on val> class : 98.20
------------------------------
<Accuracies on test> class : 79.00
------------------------------
<Accuracies on in> test class : 97.60
------------------------------
<Accuracies on flip> test class : 66.50
------------------------------
<Accuracies on random> test class : 82.20
------------------------------
Total epoch time: 19.082

New epoch - lr: 0.003
[1/70 iteration of epoch 5/30] 
 {loss} cls : 0.019, total : 0.019 
 {acc} cls : 100.00
[31/70 iteration of epoch 5/30] 
 {loss} cls : 0.062, total : 0.062 
 {acc} cls : 98.44
[61/70 iteration of epoch 5/30] 
 {loss} cls : 0.081, total : 0.081 
 {acc} cls : 93.75
------------------------------
<Losses on train> cls : 0.058, total : 0.058
<Accuracies on train> cls : 97.83
Train epoch time: 12.572
------------------------------
<Accuracies on val> class : 97.60
------------------------------
<Accuracies on test> class : 80.08
------------------------------
<Accuracies on in> test class : 97.80
------------------------------
<Accuracies on flip> test class : 68.60
------------------------------
<Accuracies on random> test class : 82.70
------------------------------
Total epoch time: 18.846

New epoch - lr: 0.003
[1/70 iteration of epoch 6/30] 
 {loss} cls : 0.002, total : 0.002 
 {acc} cls : 100.00
[31/70 iteration of epoch 6/30] 
 {loss} cls : 0.065, total : 0.065 
 {acc} cls : 98.44
[61/70 iteration of epoch 6/30] 
 {loss} cls : 0.070, total : 0.070 
 {acc} cls : 98.44
------------------------------
<Losses on train> cls : 0.064, total : 0.064
<Accuracies on train> cls : 97.66
Train epoch time: 12.289
------------------------------
<Accuracies on val> class : 96.80
------------------------------
<Accuracies on test> class : 80.16
------------------------------
<Accuracies on in> test class : 98.20
------------------------------
<Accuracies on flip> test class : 68.80
------------------------------
<Accuracies on random> test class : 82.50
------------------------------
Total epoch time: 18.450

New epoch - lr: 0.003
[1/70 iteration of epoch 7/30] 
 {loss} cls : 0.002, total : 0.002 
 {acc} cls : 100.00
[31/70 iteration of epoch 7/30] 
 {loss} cls : 0.009, total : 0.009 
 {acc} cls : 100.00
[61/70 iteration of epoch 7/30] 
 {loss} cls : 0.052, total : 0.052 
 {acc} cls : 96.88
------------------------------
<Losses on train> cls : 0.049, total : 0.049
<Accuracies on train> cls : 98.15
Train epoch time: 12.418
------------------------------
<Accuracies on val> class : 97.60
------------------------------
<Accuracies on test> class : 82.24
------------------------------
<Accuracies on in> test class : 97.00
------------------------------
<Accuracies on flip> test class : 72.50
------------------------------
<Accuracies on random> test class : 84.60
------------------------------
Total epoch time: 18.611

New epoch - lr: 0.003
[1/70 iteration of epoch 8/30] 
 {loss} cls : 0.014, total : 0.014 
 {acc} cls : 100.00
[31/70 iteration of epoch 8/30] 
 {loss} cls : 0.039, total : 0.039 
 {acc} cls : 98.44
[61/70 iteration of epoch 8/30] 
 {loss} cls : 0.022, total : 0.022 
 {acc} cls : 100.00
------------------------------
<Losses on train> cls : 0.041, total : 0.041
<Accuracies on train> cls : 98.35
Train epoch time: 12.545
------------------------------
<Accuracies on val> class : 98.60
------------------------------
<Accuracies on test> class : 85.32
------------------------------
<Accuracies on in> test class : 98.20
------------------------------
<Accuracies on flip> test class : 77.50
------------------------------
<Accuracies on random> test class : 86.70
------------------------------
Total epoch time: 19.272

New epoch - lr: 0.003
[1/70 iteration of epoch 9/30] 
 {loss} cls : 0.073, total : 0.073 
 {acc} cls : 96.88
[31/70 iteration of epoch 9/30] 
 {loss} cls : 0.031, total : 0.031 
 {acc} cls : 98.44
[61/70 iteration of epoch 9/30] 
 {loss} cls : 0.020, total : 0.020 
 {acc} cls : 100.00
------------------------------
<Losses on train> cls : 0.038, total : 0.038
<Accuracies on train> cls : 98.75
Train epoch time: 12.457
------------------------------
<Accuracies on val> class : 98.60
------------------------------
<Accuracies on test> class : 83.64
------------------------------
<Accuracies on in> test class : 97.60
------------------------------
<Accuracies on flip> test class : 74.80
------------------------------
<Accuracies on random> test class : 85.50
------------------------------
Total epoch time: 19.689

New epoch - lr: 0.003
[1/70 iteration of epoch 10/30] 
 {loss} cls : 0.010, total : 0.010 
 {acc} cls : 100.00
[31/70 iteration of epoch 10/30] 
 {loss} cls : 0.026, total : 0.026 
 {acc} cls : 100.00
[61/70 iteration of epoch 10/30] 
 {loss} cls : 0.037, total : 0.037 
 {acc} cls : 98.44
------------------------------
<Losses on train> cls : 0.036, total : 0.036
<Accuracies on train> cls : 98.82
Train epoch time: 12.461
------------------------------
<Accuracies on val> class : 99.00
------------------------------
<Accuracies on test> class : 82.00
------------------------------
<Accuracies on in> test class : 97.60
------------------------------
<Accuracies on flip> test class : 71.50
------------------------------
<Accuracies on random> test class : 84.70
------------------------------
Total epoch time: 19.065

New epoch - lr: 0.003
[1/70 iteration of epoch 11/30] 
 {loss} cls : 0.067, total : 0.067 
 {acc} cls : 96.88
[31/70 iteration of epoch 11/30] 
 {loss} cls : 0.002, total : 0.002 
 {acc} cls : 100.00
[61/70 iteration of epoch 11/30] 
 {loss} cls : 0.121, total : 0.121 
 {acc} cls : 96.88
------------------------------
<Losses on train> cls : 0.031, total : 0.031
<Accuracies on train> cls : 98.86
Train epoch time: 11.937
------------------------------
<Accuracies on val> class : 98.80
------------------------------
<Accuracies on test> class : 86.72
------------------------------
<Accuracies on in> test class : 97.60
------------------------------
<Accuracies on flip> test class : 79.50
------------------------------
<Accuracies on random> test class : 88.50
------------------------------
Total epoch time: 17.734

New epoch - lr: 0.003
[1/70 iteration of epoch 12/30] 
 {loss} cls : 0.032, total : 0.032 
 {acc} cls : 98.44
[31/70 iteration of epoch 12/30] 
 {loss} cls : 0.070, total : 0.070 
 {acc} cls : 98.44
[61/70 iteration of epoch 12/30] 
 {loss} cls : 0.033, total : 0.033 
 {acc} cls : 98.44
------------------------------
<Losses on train> cls : 0.034, total : 0.034
<Accuracies on train> cls : 98.64
Train epoch time: 11.885
------------------------------
<Accuracies on val> class : 98.80
------------------------------
<Accuracies on test> class : 81.48
------------------------------
<Accuracies on in> test class : 98.00
------------------------------
<Accuracies on flip> test class : 70.60
------------------------------
<Accuracies on random> test class : 84.10
------------------------------
Total epoch time: 17.708

New epoch - lr: 0.003
[1/70 iteration of epoch 13/30] 
 {loss} cls : 0.004, total : 0.004 
 {acc} cls : 100.00
[31/70 iteration of epoch 13/30] 
 {loss} cls : 0.342, total : 0.342 
 {acc} cls : 90.62
[61/70 iteration of epoch 13/30] 
 {loss} cls : 0.018, total : 0.018 
 {acc} cls : 98.44
------------------------------
<Losses on train> cls : 0.033, total : 0.033
<Accuracies on train> cls : 98.73
Train epoch time: 12.253
------------------------------
<Accuracies on val> class : 98.60
------------------------------
<Accuracies on test> class : 83.80
------------------------------
<Accuracies on in> test class : 98.40
------------------------------
<Accuracies on flip> test class : 73.90
------------------------------
<Accuracies on random> test class : 86.40
------------------------------
Total epoch time: 18.039

New epoch - lr: 0.003
[1/70 iteration of epoch 14/30] 
 {loss} cls : 0.010, total : 0.010 
 {acc} cls : 100.00
[31/70 iteration of epoch 14/30] 
 {loss} cls : 0.002, total : 0.002 
 {acc} cls : 100.00
[61/70 iteration of epoch 14/30] 
 {loss} cls : 0.045, total : 0.045 
 {acc} cls : 98.44
------------------------------
<Losses on train> cls : 0.019, total : 0.019
<Accuracies on train> cls : 99.42
Train epoch time: 12.176
------------------------------
<Accuracies on val> class : 98.40
------------------------------
<Accuracies on test> class : 82.16
------------------------------
<Accuracies on in> test class : 98.00
------------------------------
<Accuracies on flip> test class : 71.40
------------------------------
<Accuracies on random> test class : 85.00
------------------------------
Total epoch time: 18.238

New epoch - lr: 0.003
[1/70 iteration of epoch 15/30] 
 {loss} cls : 0.042, total : 0.042 
 {acc} cls : 98.44
[31/70 iteration of epoch 15/30] 
 {loss} cls : 0.004, total : 0.004 
 {acc} cls : 100.00
[61/70 iteration of epoch 15/30] 
 {loss} cls : 0.011, total : 0.011 
 {acc} cls : 100.00
------------------------------
<Losses on train> cls : 0.027, total : 0.027
<Accuracies on train> cls : 99.06
Train epoch time: 11.631
------------------------------
<Accuracies on val> class : 98.00
------------------------------
<Accuracies on test> class : 82.64
------------------------------
<Accuracies on in> test class : 98.20
------------------------------
<Accuracies on flip> test class : 72.60
------------------------------
<Accuracies on random> test class : 84.90
------------------------------
Total epoch time: 17.350

New epoch - lr: 0.003
[1/70 iteration of epoch 16/30] 
 {loss} cls : 0.002, total : 0.002 
 {acc} cls : 100.00
[31/70 iteration of epoch 16/30] 
 {loss} cls : 0.013, total : 0.013 
 {acc} cls : 100.00
[61/70 iteration of epoch 16/30] 
 {loss} cls : 0.001, total : 0.001 
 {acc} cls : 100.00
------------------------------
<Losses on train> cls : 0.022, total : 0.022
<Accuracies on train> cls : 99.22
Train epoch time: 11.964
------------------------------
<Accuracies on val> class : 97.60
------------------------------
<Accuracies on test> class : 81.16
------------------------------
<Accuracies on in> test class : 97.80
------------------------------
<Accuracies on flip> test class : 70.60
------------------------------
<Accuracies on random> test class : 83.40
------------------------------
Total epoch time: 17.823

New epoch - lr: 0.003
[1/70 iteration of epoch 17/30] 
 {loss} cls : 0.001, total : 0.001 
 {acc} cls : 100.00
[31/70 iteration of epoch 17/30] 
 {loss} cls : 0.006, total : 0.006 
 {acc} cls : 100.00
[61/70 iteration of epoch 17/30] 
 {loss} cls : 0.057, total : 0.057 
 {acc} cls : 98.44
------------------------------
<Losses on train> cls : 0.017, total : 0.017
<Accuracies on train> cls : 99.44
Train epoch time: 12.010
------------------------------
<Accuracies on val> class : 98.00
------------------------------
<Accuracies on test> class : 83.76
------------------------------
<Accuracies on in> test class : 98.00
------------------------------
<Accuracies on flip> test class : 74.40
------------------------------
<Accuracies on random> test class : 86.00
------------------------------
Total epoch time: 17.912

New epoch - lr: 0.003
[1/70 iteration of epoch 18/30] 
 {loss} cls : 0.011, total : 0.011 
 {acc} cls : 100.00
[31/70 iteration of epoch 18/30] 
 {loss} cls : 0.004, total : 0.004 
 {acc} cls : 100.00
[61/70 iteration of epoch 18/30] 
 {loss} cls : 0.004, total : 0.004 
 {acc} cls : 100.00
------------------------------
<Losses on train> cls : 0.014, total : 0.014
<Accuracies on train> cls : 99.60
Train epoch time: 12.353
------------------------------
<Accuracies on val> class : 98.80
------------------------------
<Accuracies on test> class : 85.60
------------------------------
<Accuracies on in> test class : 98.20
------------------------------
<Accuracies on flip> test class : 77.00
------------------------------
<Accuracies on random> test class : 87.90
------------------------------
Total epoch time: 18.304

New epoch - lr: 0.003
[1/70 iteration of epoch 19/30] 
 {loss} cls : 0.004, total : 0.004 
 {acc} cls : 100.00
[31/70 iteration of epoch 19/30] 
 {loss} cls : 0.002, total : 0.002 
 {acc} cls : 100.00
[61/70 iteration of epoch 19/30] 
 {loss} cls : 0.007, total : 0.007 
 {acc} cls : 100.00
------------------------------
<Losses on train> cls : 0.008, total : 0.008
<Accuracies on train> cls : 99.75
Train epoch time: 11.352
------------------------------
<Accuracies on val> class : 98.20
------------------------------
<Accuracies on test> class : 83.08
------------------------------
<Accuracies on in> test class : 98.40
------------------------------
<Accuracies on flip> test class : 73.20
------------------------------
<Accuracies on random> test class : 85.30
------------------------------
Total epoch time: 17.089

New epoch - lr: 0.003
[1/70 iteration of epoch 20/30] 
 {loss} cls : 0.005, total : 0.005 
 {acc} cls : 100.00
[31/70 iteration of epoch 20/30] 
 {loss} cls : 0.001, total : 0.001 
 {acc} cls : 100.00
[61/70 iteration of epoch 20/30] 
 {loss} cls : 0.001, total : 0.001 
 {acc} cls : 100.00
------------------------------
<Losses on train> cls : 0.008, total : 0.008
<Accuracies on train> cls : 99.71
Train epoch time: 11.465
------------------------------
<Accuracies on val> class : 99.00
------------------------------
<Accuracies on test> class : 85.52
------------------------------
<Accuracies on in> test class : 98.40
------------------------------
<Accuracies on flip> test class : 76.30
------------------------------
<Accuracies on random> test class : 88.30
------------------------------
Total epoch time: 21.335

New epoch - lr: 0.003
[1/70 iteration of epoch 21/30] 
 {loss} cls : 0.001, total : 0.001 
 {acc} cls : 100.00
[31/70 iteration of epoch 21/30] 
 {loss} cls : 0.000, total : 0.000 
 {acc} cls : 100.00
[61/70 iteration of epoch 21/30] 
 {loss} cls : 0.001, total : 0.001 
 {acc} cls : 100.00
------------------------------
<Losses on train> cls : 0.012, total : 0.012
<Accuracies on train> cls : 99.53
Train epoch time: 12.359
------------------------------
<Accuracies on val> class : 98.00
------------------------------
<Accuracies on test> class : 85.24
------------------------------
<Accuracies on in> test class : 98.40
------------------------------
<Accuracies on flip> test class : 75.70
------------------------------
<Accuracies on random> test class : 88.20
------------------------------
Total epoch time: 18.280

New epoch - lr: 0.003
[1/70 iteration of epoch 22/30] 
 {loss} cls : 0.005, total : 0.005 
 {acc} cls : 100.00
[31/70 iteration of epoch 22/30] 
 {loss} cls : 0.001, total : 0.001 
 {acc} cls : 100.00
[61/70 iteration of epoch 22/30] 
 {loss} cls : 0.046, total : 0.046 
 {acc} cls : 98.44
------------------------------
<Losses on train> cls : 0.016, total : 0.016
<Accuracies on train> cls : 99.44
Train epoch time: 12.296
------------------------------
<Accuracies on val> class : 98.00
------------------------------
<Accuracies on test> class : 85.20
------------------------------
<Accuracies on in> test class : 98.00
------------------------------
<Accuracies on flip> test class : 76.10
------------------------------
<Accuracies on random> test class : 87.90
------------------------------
Total epoch time: 18.176

New epoch - lr: 0.003
[1/70 iteration of epoch 23/30] 
 {loss} cls : 0.006, total : 0.006 
 {acc} cls : 100.00
[31/70 iteration of epoch 23/30] 
 {loss} cls : 0.001, total : 0.001 
 {acc} cls : 100.00
[61/70 iteration of epoch 23/30] 
 {loss} cls : 0.048, total : 0.048 
 {acc} cls : 98.44
------------------------------
<Losses on train> cls : 0.014, total : 0.014
<Accuracies on train> cls : 99.46
Train epoch time: 12.224
------------------------------
<Accuracies on val> class : 98.40
------------------------------
<Accuracies on test> class : 83.80
------------------------------
<Accuracies on in> test class : 98.40
------------------------------
<Accuracies on flip> test class : 73.50
------------------------------
<Accuracies on random> test class : 86.80
------------------------------
Total epoch time: 18.410

New epoch - lr: 0.003
[1/70 iteration of epoch 24/30] 
 {loss} cls : 0.001, total : 0.001 
 {acc} cls : 100.00
[31/70 iteration of epoch 24/30] 
 {loss} cls : 0.010, total : 0.010 
 {acc} cls : 100.00
[61/70 iteration of epoch 24/30] 
 {loss} cls : 0.001, total : 0.001 
 {acc} cls : 100.00
------------------------------
<Losses on train> cls : 0.007, total : 0.007
<Accuracies on train> cls : 99.78
Train epoch time: 12.834
------------------------------
<Accuracies on val> class : 98.80
------------------------------
<Accuracies on test> class : 83.48
------------------------------
<Accuracies on in> test class : 98.40
------------------------------
<Accuracies on flip> test class : 73.30
------------------------------
<Accuracies on random> test class : 86.20
------------------------------
Total epoch time: 18.655

New epoch - lr: 0.003
[1/70 iteration of epoch 25/30] 
 {loss} cls : 0.033, total : 0.033 
 {acc} cls : 98.44
[31/70 iteration of epoch 25/30] 
 {loss} cls : 0.006, total : 0.006 
 {acc} cls : 100.00
[61/70 iteration of epoch 25/30] 
 {loss} cls : 0.000, total : 0.000 
 {acc} cls : 100.00
------------------------------
<Losses on train> cls : 0.011, total : 0.011
<Accuracies on train> cls : 99.64
Train epoch time: 12.620
------------------------------
<Accuracies on val> class : 98.40
------------------------------
<Accuracies on test> class : 86.00
------------------------------
<Accuracies on in> test class : 98.00
------------------------------
<Accuracies on flip> test class : 77.10
------------------------------
<Accuracies on random> test class : 88.90
------------------------------
Total epoch time: 18.600

New epoch - lr: 0.003
[1/70 iteration of epoch 26/30] 
 {loss} cls : 0.005, total : 0.005 
 {acc} cls : 100.00
[31/70 iteration of epoch 26/30] 
 {loss} cls : 0.022, total : 0.022 
 {acc} cls : 98.44
[61/70 iteration of epoch 26/30] 
 {loss} cls : 0.012, total : 0.012 
 {acc} cls : 100.00
------------------------------
<Losses on train> cls : 0.006, total : 0.006
<Accuracies on train> cls : 99.73
Train epoch time: 12.010
------------------------------
<Accuracies on val> class : 98.80
------------------------------
<Accuracies on test> class : 82.60
------------------------------
<Accuracies on in> test class : 98.00
------------------------------
<Accuracies on flip> test class : 71.70
------------------------------
<Accuracies on random> test class : 85.80
------------------------------
Total epoch time: 17.896

New epoch - lr: 0.0009000000000000002
[1/70 iteration of epoch 27/30] 
 {loss} cls : 0.001, total : 0.001 
 {acc} cls : 100.00
[31/70 iteration of epoch 27/30] 
 {loss} cls : 0.007, total : 0.007 
 {acc} cls : 100.00
[61/70 iteration of epoch 27/30] 
 {loss} cls : 0.002, total : 0.002 
 {acc} cls : 100.00
------------------------------
<Losses on train> cls : 0.007, total : 0.007
<Accuracies on train> cls : 99.75
Train epoch time: 12.932
------------------------------
<Accuracies on val> class : 98.80
------------------------------
<Accuracies on test> class : 84.88
------------------------------
<Accuracies on in> test class : 98.00
------------------------------
<Accuracies on flip> test class : 75.60
------------------------------
<Accuracies on random> test class : 87.60
------------------------------
Total epoch time: 18.704

New epoch - lr: 0.0009000000000000002
[1/70 iteration of epoch 28/30] 
 {loss} cls : 0.010, total : 0.010 
 {acc} cls : 100.00
[31/70 iteration of epoch 28/30] 
 {loss} cls : 0.001, total : 0.001 
 {acc} cls : 100.00
[61/70 iteration of epoch 28/30] 
 {loss} cls : 0.005, total : 0.005 
 {acc} cls : 100.00
------------------------------
<Losses on train> cls : 0.005, total : 0.005
<Accuracies on train> cls : 99.87
Train epoch time: 11.646
------------------------------
<Accuracies on val> class : 98.80
------------------------------
<Accuracies on test> class : 83.48
------------------------------
<Accuracies on in> test class : 98.00
------------------------------
<Accuracies on flip> test class : 73.00
------------------------------
<Accuracies on random> test class : 86.70
------------------------------
Total epoch time: 17.451

New epoch - lr: 0.0009000000000000002
[1/70 iteration of epoch 29/30] 
 {loss} cls : 0.014, total : 0.014 
 {acc} cls : 98.44
[31/70 iteration of epoch 29/30] 
 {loss} cls : 0.032, total : 0.032 
 {acc} cls : 98.44
[61/70 iteration of epoch 29/30] 
 {loss} cls : 0.005, total : 0.005 
 {acc} cls : 100.00
------------------------------
<Losses on train> cls : 0.004, total : 0.004
<Accuracies on train> cls : 99.91
Train epoch time: 12.263
------------------------------
<Accuracies on val> class : 98.60
------------------------------
<Accuracies on test> class : 84.72
------------------------------
<Accuracies on in> test class : 97.80
------------------------------
<Accuracies on flip> test class : 75.20
------------------------------
<Accuracies on random> test class : 87.70
------------------------------
Total epoch time: 18.858

New epoch - lr: 0.0009000000000000002
[1/70 iteration of epoch 30/30] 
 {loss} cls : 0.007, total : 0.007 
 {acc} cls : 100.00
[31/70 iteration of epoch 30/30] 
 {loss} cls : 0.000, total : 0.000 
 {acc} cls : 100.00
[61/70 iteration of epoch 30/30] 
 {loss} cls : 0.000, total : 0.000 
 {acc} cls : 100.00
------------------------------
<Losses on train> cls : 0.004, total : 0.004
<Accuracies on train> cls : 99.89
Train epoch time: 12.540
------------------------------
<Accuracies on val> class : 99.20
------------------------------
<Accuracies on test> class : 84.80
------------------------------
<Accuracies on in> test class : 97.80
------------------------------
<Accuracies on flip> test class : 75.30
------------------------------
<Accuracies on random> test class : 87.80
------------------------------
Total epoch time: 18.787

******************************
Best val 0.992, corresponding test 0.848 - best test: 0.8672

******************************
Best val 0.9919999837875366, corresponding in test 0.9779999852180481

******************************
Best val 0.9919999837875366, corresponding flip test 0.753000020980835

******************************
Best val 0.9919999837875366, corresponding random test 0.878000020980835
