
Loading experiment PACS/ResNet18_step


New epoch - lr: 0.003
[1/28 iteration of epoch 1/60] 
 {loss} cls : 1.982, total : 1.982 
 {acc} cls : 14.06
------------------------------
<Losses on train> cls : 1.231, total : 1.231
<Accuracies on train> cls : 65.68
Train epoch time: 14.221
------------------------------
<Accuracies on val> class : 83.65
------------------------------
<Accuracies on test> class : 51.09
------------------------------
<Accuracies on photo> test class : 93.65
------------------------------
<Accuracies on cartoon> test class : 46.54
------------------------------
<Accuracies on sketch> test class : 35.71
------------------------------
Total epoch time: 48.261

New epoch - lr: 0.003
[1/28 iteration of epoch 2/60] 
 {loss} cls : 0.362, total : 0.362 
 {acc} cls : 89.06
------------------------------
<Losses on train> cls : 0.306, total : 0.306
<Accuracies on train> cls : 90.40
Train epoch time: 13.667
------------------------------
<Accuracies on val> class : 87.02
------------------------------
<Accuracies on test> class : 55.39
------------------------------
<Accuracies on photo> test class : 95.27
------------------------------
<Accuracies on cartoon> test class : 51.79
------------------------------
<Accuracies on sketch> test class : 40.60
------------------------------
Total epoch time: 45.991

New epoch - lr: 0.003
[1/28 iteration of epoch 3/60] 
 {loss} cls : 0.081, total : 0.081 
 {acc} cls : 98.44
------------------------------
<Losses on train> cls : 0.178, total : 0.178
<Accuracies on train> cls : 94.20
Train epoch time: 12.782
------------------------------
<Accuracies on val> class : 86.54
------------------------------
<Accuracies on test> class : 54.21
------------------------------
<Accuracies on photo> test class : 94.49
------------------------------
<Accuracies on cartoon> test class : 58.40
------------------------------
<Accuracies on sketch> test class : 34.59
------------------------------
Total epoch time: 43.252

New epoch - lr: 0.003
[1/28 iteration of epoch 4/60] 
 {loss} cls : 0.038, total : 0.038 
 {acc} cls : 100.00
------------------------------
<Losses on train> cls : 0.167, total : 0.167
<Accuracies on train> cls : 94.36
Train epoch time: 12.524
------------------------------
<Accuracies on val> class : 88.46
------------------------------
<Accuracies on test> class : 57.18
------------------------------
<Accuracies on photo> test class : 95.63
------------------------------
<Accuracies on cartoon> test class : 58.96
------------------------------
<Accuracies on sketch> test class : 39.78
------------------------------
Total epoch time: 42.639

New epoch - lr: 0.003
[1/28 iteration of epoch 5/60] 
 {loss} cls : 0.085, total : 0.085 
 {acc} cls : 98.44
------------------------------
<Losses on train> cls : 0.111, total : 0.111
<Accuracies on train> cls : 95.81
Train epoch time: 12.239
------------------------------
<Accuracies on val> class : 89.42
------------------------------
<Accuracies on test> class : 56.39
------------------------------
<Accuracies on photo> test class : 96.65
------------------------------
<Accuracies on cartoon> test class : 52.56
------------------------------
<Accuracies on sketch> test class : 41.56
------------------------------
Total epoch time: 41.577

New epoch - lr: 0.003
[1/28 iteration of epoch 6/60] 
 {loss} cls : 0.093, total : 0.093 
 {acc} cls : 93.75
------------------------------
<Losses on train> cls : 0.067, total : 0.067
<Accuracies on train> cls : 97.77
Train epoch time: 10.421
------------------------------
<Accuracies on val> class : 90.87
------------------------------
<Accuracies on test> class : 61.15
------------------------------
<Accuracies on photo> test class : 95.39
------------------------------
<Accuracies on cartoon> test class : 60.84
------------------------------
<Accuracies on sketch> test class : 46.78
------------------------------
Total epoch time: 39.715

New epoch - lr: 0.003
[1/28 iteration of epoch 7/60] 
 {loss} cls : 0.090, total : 0.090 
 {acc} cls : 96.88
------------------------------
<Losses on train> cls : 0.060, total : 0.060
<Accuracies on train> cls : 98.16
Train epoch time: 10.663
------------------------------
<Accuracies on val> class : 88.94
------------------------------
<Accuracies on test> class : 63.04
------------------------------
<Accuracies on photo> test class : 95.81
------------------------------
<Accuracies on cartoon> test class : 59.43
------------------------------
<Accuracies on sketch> test class : 51.26
------------------------------
Total epoch time: 39.395

New epoch - lr: 0.003
[1/28 iteration of epoch 8/60] 
 {loss} cls : 0.032, total : 0.032 
 {acc} cls : 98.44
------------------------------
<Losses on train> cls : 0.056, total : 0.056
<Accuracies on train> cls : 97.94
Train epoch time: 10.220
------------------------------
<Accuracies on val> class : 89.42
------------------------------
<Accuracies on test> class : 57.22
------------------------------
<Accuracies on photo> test class : 95.81
------------------------------
<Accuracies on cartoon> test class : 55.80
------------------------------
<Accuracies on sketch> test class : 41.66
------------------------------
Total epoch time: 39.150

New epoch - lr: 0.003
[1/28 iteration of epoch 9/60] 
 {loss} cls : 0.068, total : 0.068 
 {acc} cls : 96.88
------------------------------
<Losses on train> cls : 0.035, total : 0.035
<Accuracies on train> cls : 99.00
Train epoch time: 10.602
------------------------------
<Accuracies on val> class : 90.38
------------------------------
<Accuracies on test> class : 60.18
------------------------------
<Accuracies on photo> test class : 96.83
------------------------------
<Accuracies on cartoon> test class : 54.86
------------------------------
<Accuracies on sketch> test class : 47.77
------------------------------
Total epoch time: 39.174

New epoch - lr: 0.003
[1/28 iteration of epoch 10/60] 
 {loss} cls : 0.007, total : 0.007 
 {acc} cls : 100.00
------------------------------
<Losses on train> cls : 0.032, total : 0.032
<Accuracies on train> cls : 98.77
Train epoch time: 10.667
------------------------------
<Accuracies on val> class : 89.90
------------------------------
<Accuracies on test> class : 66.68
------------------------------
<Accuracies on photo> test class : 95.57
------------------------------
<Accuracies on cartoon> test class : 60.24
------------------------------
<Accuracies on sketch> test class : 58.23
------------------------------
Total epoch time: 39.623

New epoch - lr: 0.003
[1/28 iteration of epoch 11/60] 
 {loss} cls : 0.005, total : 0.005 
 {acc} cls : 100.00
------------------------------
<Losses on train> cls : 0.024, total : 0.024
<Accuracies on train> cls : 99.22
Train epoch time: 11.097
------------------------------
<Accuracies on val> class : 90.38
------------------------------
<Accuracies on test> class : 64.98
------------------------------
<Accuracies on photo> test class : 96.41
------------------------------
<Accuracies on cartoon> test class : 62.20
------------------------------
<Accuracies on sketch> test class : 53.27
------------------------------
Total epoch time: 40.316

New epoch - lr: 0.003
[1/28 iteration of epoch 12/60] 
 {loss} cls : 0.050, total : 0.050 
 {acc} cls : 98.44
------------------------------
<Losses on train> cls : 0.018, total : 0.018
<Accuracies on train> cls : 99.44
Train epoch time: 11.186
------------------------------
<Accuracies on val> class : 89.90
------------------------------
<Accuracies on test> class : 60.49
------------------------------
<Accuracies on photo> test class : 95.81
------------------------------
<Accuracies on cartoon> test class : 56.74
------------------------------
<Accuracies on sketch> test class : 47.72
------------------------------
Total epoch time: 40.160

New epoch - lr: 0.003
[1/28 iteration of epoch 13/60] 
 {loss} cls : 0.003, total : 0.003 
 {acc} cls : 100.00
------------------------------
<Losses on train> cls : 0.016, total : 0.016
<Accuracies on train> cls : 99.55
Train epoch time: 10.724
------------------------------
<Accuracies on val> class : 90.87
------------------------------
<Accuracies on test> class : 62.94
------------------------------
<Accuracies on photo> test class : 95.81
------------------------------
<Accuracies on cartoon> test class : 58.23
------------------------------
<Accuracies on sketch> test class : 51.77
------------------------------
Total epoch time: 41.286

New epoch - lr: 0.003
[1/28 iteration of epoch 14/60] 
 {loss} cls : 0.012, total : 0.012 
 {acc} cls : 100.00
------------------------------
<Losses on train> cls : 0.022, total : 0.022
<Accuracies on train> cls : 99.33
Train epoch time: 10.164
------------------------------
<Accuracies on val> class : 90.38
------------------------------
<Accuracies on test> class : 59.56
------------------------------
<Accuracies on photo> test class : 96.53
------------------------------
<Accuracies on cartoon> test class : 57.12
------------------------------
<Accuracies on sketch> test class : 45.30
------------------------------
Total epoch time: 39.740

New epoch - lr: 0.003
[1/28 iteration of epoch 15/60] 
 {loss} cls : 0.005, total : 0.005 
 {acc} cls : 100.00
------------------------------
<Losses on train> cls : 0.027, total : 0.027
<Accuracies on train> cls : 99.16
Train epoch time: 10.060
------------------------------
<Accuracies on val> class : 91.35
------------------------------
<Accuracies on test> class : 57.06
------------------------------
<Accuracies on photo> test class : 94.49
------------------------------
<Accuracies on cartoon> test class : 55.46
------------------------------
<Accuracies on sketch> test class : 42.10
------------------------------
Total epoch time: 41.130

New epoch - lr: 0.003
[1/28 iteration of epoch 16/60] 
 {loss} cls : 0.020, total : 0.020 
 {acc} cls : 100.00
------------------------------
<Losses on train> cls : 0.027, total : 0.027
<Accuracies on train> cls : 99.39
Train epoch time: 9.406
------------------------------
<Accuracies on val> class : 92.31
------------------------------
<Accuracies on test> class : 62.84
------------------------------
<Accuracies on photo> test class : 96.77
------------------------------
<Accuracies on cartoon> test class : 58.02
------------------------------
<Accuracies on sketch> test class : 51.29
------------------------------
Total epoch time: 40.236

New epoch - lr: 0.003
[1/28 iteration of epoch 17/60] 
 {loss} cls : 0.004, total : 0.004 
 {acc} cls : 100.00
------------------------------
<Losses on train> cls : 0.015, total : 0.015
<Accuracies on train> cls : 99.55
Train epoch time: 9.869
------------------------------
<Accuracies on val> class : 92.31
------------------------------
<Accuracies on test> class : 62.73
------------------------------
<Accuracies on photo> test class : 96.35
------------------------------
<Accuracies on cartoon> test class : 62.84
------------------------------
<Accuracies on sketch> test class : 48.38
------------------------------
Total epoch time: 41.134

New epoch - lr: 0.003
[1/28 iteration of epoch 18/60] 
 {loss} cls : 0.003, total : 0.003 
 {acc} cls : 100.00
------------------------------
<Losses on train> cls : 0.012, total : 0.012
<Accuracies on train> cls : 99.55
Train epoch time: 9.684
------------------------------
<Accuracies on val> class : 89.90
------------------------------
<Accuracies on test> class : 62.23
------------------------------
<Accuracies on photo> test class : 96.05
------------------------------
<Accuracies on cartoon> test class : 61.35
------------------------------
<Accuracies on sketch> test class : 48.38
------------------------------
Total epoch time: 40.335

New epoch - lr: 0.003
[1/28 iteration of epoch 19/60] 
 {loss} cls : 0.001, total : 0.001 
 {acc} cls : 100.00
------------------------------
<Losses on train> cls : 0.010, total : 0.010
<Accuracies on train> cls : 99.61
Train epoch time: 10.164
------------------------------
<Accuracies on val> class : 91.83
------------------------------
<Accuracies on test> class : 61.44
------------------------------
<Accuracies on photo> test class : 96.17
------------------------------
<Accuracies on cartoon> test class : 58.23
------------------------------
<Accuracies on sketch> test class : 48.59
------------------------------
Total epoch time: 40.556

New epoch - lr: 0.003
[1/28 iteration of epoch 20/60] 
 {loss} cls : 0.002, total : 0.002 
 {acc} cls : 100.00
------------------------------
<Losses on train> cls : 0.013, total : 0.013
<Accuracies on train> cls : 99.67
Train epoch time: 10.541
------------------------------
<Accuracies on val> class : 90.38
------------------------------
<Accuracies on test> class : 64.59
------------------------------
<Accuracies on photo> test class : 96.11
------------------------------
<Accuracies on cartoon> test class : 59.47
------------------------------
<Accuracies on sketch> test class : 54.24
------------------------------
Total epoch time: 39.664

New epoch - lr: 0.003
[1/28 iteration of epoch 21/60] 
 {loss} cls : 0.003, total : 0.003 
 {acc} cls : 100.00
------------------------------
<Losses on train> cls : 0.009, total : 0.009
<Accuracies on train> cls : 99.67
Train epoch time: 10.594
------------------------------
<Accuracies on val> class : 91.35
------------------------------
<Accuracies on test> class : 63.50
------------------------------
<Accuracies on photo> test class : 96.05
------------------------------
<Accuracies on cartoon> test class : 59.64
------------------------------
<Accuracies on sketch> test class : 51.97
------------------------------
Total epoch time: 39.622

New epoch - lr: 0.003
[1/28 iteration of epoch 22/60] 
 {loss} cls : 0.002, total : 0.002 
 {acc} cls : 100.00
------------------------------
<Losses on train> cls : 0.024, total : 0.024
<Accuracies on train> cls : 99.39
Train epoch time: 10.448
------------------------------
<Accuracies on val> class : 91.35
------------------------------
<Accuracies on test> class : 65.43
------------------------------
<Accuracies on photo> test class : 95.21
------------------------------
<Accuracies on cartoon> test class : 62.71
------------------------------
<Accuracies on sketch> test class : 54.39
------------------------------
Total epoch time: 40.590

New epoch - lr: 0.003
[1/28 iteration of epoch 23/60] 
 {loss} cls : 0.000, total : 0.000 
 {acc} cls : 100.00
------------------------------
<Losses on train> cls : 0.017, total : 0.017
<Accuracies on train> cls : 99.55
Train epoch time: 10.552
------------------------------
<Accuracies on val> class : 91.83
------------------------------
<Accuracies on test> class : 62.66
------------------------------
<Accuracies on photo> test class : 96.17
------------------------------
<Accuracies on cartoon> test class : 59.73
------------------------------
<Accuracies on sketch> test class : 50.17
------------------------------
Total epoch time: 40.230

New epoch - lr: 0.003
[1/28 iteration of epoch 24/60] 
 {loss} cls : 0.001, total : 0.001 
 {acc} cls : 100.00
------------------------------
<Losses on train> cls : 0.011, total : 0.011
<Accuracies on train> cls : 99.67
Train epoch time: 9.851
------------------------------
<Accuracies on val> class : 89.90
------------------------------
<Accuracies on test> class : 65.15
------------------------------
<Accuracies on photo> test class : 95.75
------------------------------
<Accuracies on cartoon> test class : 58.62
------------------------------
<Accuracies on sketch> test class : 56.04
------------------------------
Total epoch time: 39.424

New epoch - lr: 0.003
[1/28 iteration of epoch 25/60] 
 {loss} cls : 0.001, total : 0.001 
 {acc} cls : 100.00
------------------------------
<Losses on train> cls : 0.005, total : 0.005
<Accuracies on train> cls : 99.94
Train epoch time: 10.019
------------------------------
<Accuracies on val> class : 91.35
------------------------------
<Accuracies on test> class : 63.07
------------------------------
<Accuracies on photo> test class : 96.47
------------------------------
<Accuracies on cartoon> test class : 60.41
------------------------------
<Accuracies on sketch> test class : 50.47
------------------------------
Total epoch time: 39.994

New epoch - lr: 0.003
[1/28 iteration of epoch 26/60] 
 {loss} cls : 0.004, total : 0.004 
 {acc} cls : 100.00
------------------------------
<Losses on train> cls : 0.005, total : 0.005
<Accuracies on train> cls : 99.83
Train epoch time: 10.198
------------------------------
<Accuracies on val> class : 89.90
------------------------------
<Accuracies on test> class : 65.72
------------------------------
<Accuracies on photo> test class : 95.51
------------------------------
<Accuracies on cartoon> test class : 61.60
------------------------------
<Accuracies on sketch> test class : 55.51
------------------------------
Total epoch time: 40.145

New epoch - lr: 0.003
[1/28 iteration of epoch 27/60] 
 {loss} cls : 0.002, total : 0.002 
 {acc} cls : 100.00
------------------------------
<Losses on train> cls : 0.005, total : 0.005
<Accuracies on train> cls : 99.89
Train epoch time: 10.280
------------------------------
<Accuracies on val> class : 90.38
------------------------------
<Accuracies on test> class : 64.86
------------------------------
<Accuracies on photo> test class : 96.47
------------------------------
<Accuracies on cartoon> test class : 60.75
------------------------------
<Accuracies on sketch> test class : 53.88
------------------------------
Total epoch time: 39.811

New epoch - lr: 0.003
[1/28 iteration of epoch 28/60] 
 {loss} cls : 0.003, total : 0.003 
 {acc} cls : 100.00
------------------------------
<Losses on train> cls : 0.006, total : 0.006
<Accuracies on train> cls : 99.83
Train epoch time: 10.041
------------------------------
<Accuracies on val> class : 89.90
------------------------------
<Accuracies on test> class : 65.45
------------------------------
<Accuracies on photo> test class : 97.01
------------------------------
<Accuracies on cartoon> test class : 61.39
------------------------------
<Accuracies on sketch> test class : 54.47
------------------------------
Total epoch time: 39.887

New epoch - lr: 0.003
[1/28 iteration of epoch 29/60] 
 {loss} cls : 0.001, total : 0.001 
 {acc} cls : 100.00
------------------------------
<Losses on train> cls : 0.006, total : 0.006
<Accuracies on train> cls : 99.89
Train epoch time: 9.704
------------------------------
<Accuracies on val> class : 90.87
------------------------------
<Accuracies on test> class : 66.37
------------------------------
<Accuracies on photo> test class : 96.47
------------------------------
<Accuracies on cartoon> test class : 61.01
------------------------------
<Accuracies on sketch> test class : 56.78
------------------------------
Total epoch time: 39.465

New epoch - lr: 0.003
[1/28 iteration of epoch 30/60] 
 {loss} cls : 0.003, total : 0.003 
 {acc} cls : 100.00
------------------------------
<Losses on train> cls : 0.009, total : 0.009
<Accuracies on train> cls : 99.72
Train epoch time: 9.904
------------------------------
<Accuracies on val> class : 88.94
------------------------------
<Accuracies on test> class : 67.47
------------------------------
<Accuracies on photo> test class : 95.45
------------------------------
<Accuracies on cartoon> test class : 66.21
------------------------------
<Accuracies on sketch> test class : 56.32
------------------------------
Total epoch time: 40.235

New epoch - lr: 0.003
[1/28 iteration of epoch 31/60] 
 {loss} cls : 0.002, total : 0.002 
 {acc} cls : 100.00
------------------------------
<Losses on train> cls : 0.009, total : 0.009
<Accuracies on train> cls : 99.72
Train epoch time: 10.258
------------------------------
<Accuracies on val> class : 90.38
------------------------------
<Accuracies on test> class : 65.08
------------------------------
<Accuracies on photo> test class : 95.75
------------------------------
<Accuracies on cartoon> test class : 60.58
------------------------------
<Accuracies on sketch> test class : 54.72
------------------------------
Total epoch time: 39.276

New epoch - lr: 0.003
[1/28 iteration of epoch 32/60] 
 {loss} cls : 0.007, total : 0.007 
 {acc} cls : 100.00
------------------------------
<Losses on train> cls : 0.009, total : 0.009
<Accuracies on train> cls : 99.78
Train epoch time: 10.534
------------------------------
<Accuracies on val> class : 89.90
------------------------------
<Accuracies on test> class : 65.18
------------------------------
<Accuracies on photo> test class : 95.21
------------------------------
<Accuracies on cartoon> test class : 63.78
------------------------------
<Accuracies on sketch> test class : 53.25
------------------------------
Total epoch time: 38.909

New epoch - lr: 0.003
[1/28 iteration of epoch 33/60] 
 {loss} cls : 0.002, total : 0.002 
 {acc} cls : 100.00
------------------------------
<Losses on train> cls : 0.012, total : 0.012
<Accuracies on train> cls : 99.72
Train epoch time: 10.991
------------------------------
<Accuracies on val> class : 91.83
------------------------------
<Accuracies on test> class : 65.20
------------------------------
<Accuracies on photo> test class : 96.47
------------------------------
<Accuracies on cartoon> test class : 62.37
------------------------------
<Accuracies on sketch> test class : 53.60
------------------------------
Total epoch time: 39.080

New epoch - lr: 0.003
[1/28 iteration of epoch 34/60] 
 {loss} cls : 0.003, total : 0.003 
 {acc} cls : 100.00
------------------------------
<Losses on train> cls : 0.008, total : 0.008
<Accuracies on train> cls : 99.89
Train epoch time: 10.481
------------------------------
<Accuracies on val> class : 90.87
------------------------------
<Accuracies on test> class : 67.05
------------------------------
<Accuracies on photo> test class : 96.23
------------------------------
<Accuracies on cartoon> test class : 63.57
------------------------------
<Accuracies on sketch> test class : 56.73
------------------------------
Total epoch time: 39.478

New epoch - lr: 0.003
[1/28 iteration of epoch 35/60] 
 {loss} cls : 0.007, total : 0.007 
 {acc} cls : 100.00
------------------------------
<Losses on train> cls : 0.003, total : 0.003
<Accuracies on train> cls : 100.00
Train epoch time: 10.163
------------------------------
<Accuracies on val> class : 91.83
------------------------------
<Accuracies on test> class : 67.13
------------------------------
<Accuracies on photo> test class : 96.41
------------------------------
<Accuracies on cartoon> test class : 65.15
------------------------------
<Accuracies on sketch> test class : 55.87
------------------------------
Total epoch time: 39.893

New epoch - lr: 0.003
[1/28 iteration of epoch 36/60] 
 {loss} cls : 0.002, total : 0.002 
 {acc} cls : 100.00
------------------------------
<Losses on train> cls : 0.004, total : 0.004
<Accuracies on train> cls : 99.94
Train epoch time: 10.042
------------------------------
<Accuracies on val> class : 91.35
------------------------------
<Accuracies on test> class : 67.73
------------------------------
<Accuracies on photo> test class : 96.35
------------------------------
<Accuracies on cartoon> test class : 64.29
------------------------------
<Accuracies on sketch> test class : 57.62
------------------------------
Total epoch time: 40.120

New epoch - lr: 0.003
[1/28 iteration of epoch 37/60] 
 {loss} cls : 0.001, total : 0.001 
 {acc} cls : 100.00
------------------------------
<Losses on train> cls : 0.004, total : 0.004
<Accuracies on train> cls : 99.89
Train epoch time: 9.715
------------------------------
<Accuracies on val> class : 91.35
------------------------------
<Accuracies on test> class : 68.94
------------------------------
<Accuracies on photo> test class : 96.29
------------------------------
<Accuracies on cartoon> test class : 64.29
------------------------------
<Accuracies on sketch> test class : 60.09
------------------------------
Total epoch time: 39.870

New epoch - lr: 0.003
[1/28 iteration of epoch 38/60] 
 {loss} cls : 0.001, total : 0.001 
 {acc} cls : 100.00
------------------------------
<Losses on train> cls : 0.005, total : 0.005
<Accuracies on train> cls : 99.89
Train epoch time: 9.907
------------------------------
<Accuracies on val> class : 89.42
------------------------------
<Accuracies on test> class : 68.59
------------------------------
<Accuracies on photo> test class : 95.87
------------------------------
<Accuracies on cartoon> test class : 63.23
------------------------------
<Accuracies on sketch> test class : 60.19
------------------------------
Total epoch time: 39.863

New epoch - lr: 0.003
[1/28 iteration of epoch 39/60] 
 {loss} cls : 0.011, total : 0.011 
 {acc} cls : 100.00
------------------------------
<Losses on train> cls : 0.006, total : 0.006
<Accuracies on train> cls : 99.78
Train epoch time: 9.165
------------------------------
<Accuracies on val> class : 91.83
------------------------------
<Accuracies on test> class : 68.79
------------------------------
<Accuracies on photo> test class : 95.75
------------------------------
<Accuracies on cartoon> test class : 63.01
------------------------------
<Accuracies on sketch> test class : 60.78
------------------------------
Total epoch time: 38.666

New epoch - lr: 0.003
[1/28 iteration of epoch 40/60] 
 {loss} cls : 0.002, total : 0.002 
 {acc} cls : 100.00
------------------------------
<Losses on train> cls : 0.004, total : 0.004
<Accuracies on train> cls : 99.94
Train epoch time: 9.469
------------------------------
<Accuracies on val> class : 90.87
------------------------------
<Accuracies on test> class : 67.46
------------------------------
<Accuracies on photo> test class : 96.17
------------------------------
<Accuracies on cartoon> test class : 61.26
------------------------------
<Accuracies on sketch> test class : 58.95
------------------------------
Total epoch time: 39.552

New epoch - lr: 0.003
[1/28 iteration of epoch 41/60] 
 {loss} cls : 0.001, total : 0.001 
 {acc} cls : 100.00
------------------------------
<Losses on train> cls : 0.004, total : 0.004
<Accuracies on train> cls : 99.89
Train epoch time: 9.488
------------------------------
<Accuracies on val> class : 91.35
------------------------------
<Accuracies on test> class : 64.35
------------------------------
<Accuracies on photo> test class : 96.59
------------------------------
<Accuracies on cartoon> test class : 61.22
------------------------------
<Accuracies on sketch> test class : 52.51
------------------------------
Total epoch time: 38.938

New epoch - lr: 0.003
[1/28 iteration of epoch 42/60] 
 {loss} cls : 0.000, total : 0.000 
 {acc} cls : 100.00
------------------------------
<Losses on train> cls : 0.002, total : 0.002
<Accuracies on train> cls : 100.00
Train epoch time: 9.586
------------------------------
<Accuracies on val> class : 90.87
------------------------------
<Accuracies on test> class : 67.86
------------------------------
<Accuracies on photo> test class : 96.77
------------------------------
<Accuracies on cartoon> test class : 63.61
------------------------------
<Accuracies on sketch> test class : 58.11
------------------------------
Total epoch time: 40.787

New epoch - lr: 0.003
[1/28 iteration of epoch 43/60] 
 {loss} cls : 0.001, total : 0.001 
 {acc} cls : 100.00
------------------------------
<Losses on train> cls : 0.004, total : 0.004
<Accuracies on train> cls : 99.89
Train epoch time: 9.737
------------------------------
<Accuracies on val> class : 90.38
------------------------------
<Accuracies on test> class : 64.41
------------------------------
<Accuracies on photo> test class : 97.07
------------------------------
<Accuracies on cartoon> test class : 61.82
------------------------------
<Accuracies on sketch> test class : 52.07
------------------------------
Total epoch time: 39.449

New epoch - lr: 0.003
[1/28 iteration of epoch 44/60] 
 {loss} cls : 0.005, total : 0.005 
 {acc} cls : 100.00
------------------------------
<Losses on train> cls : 0.006, total : 0.006
<Accuracies on train> cls : 99.89
Train epoch time: 10.048
------------------------------
<Accuracies on val> class : 89.90
------------------------------
<Accuracies on test> class : 69.05
------------------------------
<Accuracies on photo> test class : 96.05
------------------------------
<Accuracies on cartoon> test class : 65.19
------------------------------
<Accuracies on sketch> test class : 59.89
------------------------------
Total epoch time: 38.975

New epoch - lr: 0.003
[1/28 iteration of epoch 45/60] 
 {loss} cls : 0.001, total : 0.001 
 {acc} cls : 100.00
------------------------------
<Losses on train> cls : 0.004, total : 0.004
<Accuracies on train> cls : 99.89
Train epoch time: 10.601
------------------------------
<Accuracies on val> class : 89.90
------------------------------
<Accuracies on test> class : 69.43
------------------------------
<Accuracies on photo> test class : 96.29
------------------------------
<Accuracies on cartoon> test class : 62.29
------------------------------
<Accuracies on sketch> test class : 62.28
------------------------------
Total epoch time: 39.447

New epoch - lr: 0.003
[1/28 iteration of epoch 46/60] 
 {loss} cls : 0.015, total : 0.015 
 {acc} cls : 98.44
------------------------------
<Losses on train> cls : 0.005, total : 0.005
<Accuracies on train> cls : 99.72
Train epoch time: 10.701
------------------------------
<Accuracies on val> class : 89.90
------------------------------
<Accuracies on test> class : 65.84
------------------------------
<Accuracies on photo> test class : 96.23
------------------------------
<Accuracies on cartoon> test class : 60.96
------------------------------
<Accuracies on sketch> test class : 55.84
------------------------------
Total epoch time: 39.464

New epoch - lr: 0.003
[1/28 iteration of epoch 47/60] 
 {loss} cls : 0.037, total : 0.037 
 {acc} cls : 98.44
------------------------------
<Losses on train> cls : 0.006, total : 0.006
<Accuracies on train> cls : 99.83
Train epoch time: 10.268
------------------------------
<Accuracies on val> class : 90.38
------------------------------
<Accuracies on test> class : 67.17
------------------------------
<Accuracies on photo> test class : 96.71
------------------------------
<Accuracies on cartoon> test class : 63.14
------------------------------
<Accuracies on sketch> test class : 57.01
------------------------------
Total epoch time: 39.240

New epoch - lr: 0.003
[1/28 iteration of epoch 48/60] 
 {loss} cls : 0.003, total : 0.003 
 {acc} cls : 100.00
------------------------------
<Losses on train> cls : 0.003, total : 0.003
<Accuracies on train> cls : 99.83
Train epoch time: 9.911
------------------------------
<Accuracies on val> class : 90.38
------------------------------
<Accuracies on test> class : 67.49
------------------------------
<Accuracies on photo> test class : 96.77
------------------------------
<Accuracies on cartoon> test class : 61.95
------------------------------
<Accuracies on sketch> test class : 58.36
------------------------------
Total epoch time: 39.914

New epoch - lr: 0.003
[1/28 iteration of epoch 49/60] 
 {loss} cls : 0.000, total : 0.000 
 {acc} cls : 100.00
------------------------------
<Losses on train> cls : 0.007, total : 0.007
<Accuracies on train> cls : 99.83
Train epoch time: 9.949
------------------------------
<Accuracies on val> class : 88.94
------------------------------
<Accuracies on test> class : 67.33
------------------------------
<Accuracies on photo> test class : 96.83
------------------------------
<Accuracies on cartoon> test class : 62.84
------------------------------
<Accuracies on sketch> test class : 57.47
------------------------------
Total epoch time: 40.708

New epoch - lr: 0.003
[1/28 iteration of epoch 50/60] 
 {loss} cls : 0.004, total : 0.004 
 {acc} cls : 100.00
------------------------------
<Losses on train> cls : 0.003, total : 0.003
<Accuracies on train> cls : 99.89
Train epoch time: 9.415
------------------------------
<Accuracies on val> class : 89.42
------------------------------
<Accuracies on test> class : 66.34
------------------------------
<Accuracies on photo> test class : 96.77
------------------------------
<Accuracies on cartoon> test class : 61.26
------------------------------
<Accuracies on sketch> test class : 56.43
------------------------------
Total epoch time: 40.008

New epoch - lr: 0.003
[1/28 iteration of epoch 51/60] 
 {loss} cls : 0.001, total : 0.001 
 {acc} cls : 100.00
------------------------------
<Losses on train> cls : 0.002, total : 0.002
<Accuracies on train> cls : 99.94
Train epoch time: 9.898
------------------------------
<Accuracies on val> class : 89.42
------------------------------
<Accuracies on test> class : 67.48
------------------------------
<Accuracies on photo> test class : 96.65
------------------------------
<Accuracies on cartoon> test class : 61.95
------------------------------
<Accuracies on sketch> test class : 58.39
------------------------------
Total epoch time: 39.361

New epoch - lr: 0.003
[1/28 iteration of epoch 52/60] 
 {loss} cls : 0.022, total : 0.022 
 {acc} cls : 98.44
------------------------------
<Losses on train> cls : 0.007, total : 0.007
<Accuracies on train> cls : 99.83
Train epoch time: 9.664
------------------------------
<Accuracies on val> class : 90.38
------------------------------
<Accuracies on test> class : 66.71
------------------------------
<Accuracies on photo> test class : 96.71
------------------------------
<Accuracies on cartoon> test class : 61.39
------------------------------
<Accuracies on sketch> test class : 57.14
------------------------------
Total epoch time: 38.668

New epoch - lr: 0.003
[1/28 iteration of epoch 53/60] 
 {loss} cls : 0.001, total : 0.001 
 {acc} cls : 100.00
------------------------------
<Losses on train> cls : 0.004, total : 0.004
<Accuracies on train> cls : 99.83
Train epoch time: 9.697
------------------------------
<Accuracies on val> class : 89.90
------------------------------
<Accuracies on test> class : 65.52
------------------------------
<Accuracies on photo> test class : 96.53
------------------------------
<Accuracies on cartoon> test class : 61.69
------------------------------
<Accuracies on sketch> test class : 54.62
------------------------------
Total epoch time: 39.509

New epoch - lr: 0.0009000000000000002
[1/28 iteration of epoch 54/60] 
 {loss} cls : 0.000, total : 0.000 
 {acc} cls : 100.00
------------------------------
<Losses on train> cls : 0.001, total : 0.001
<Accuracies on train> cls : 100.00
Train epoch time: 9.668
------------------------------
<Accuracies on val> class : 90.38
------------------------------
<Accuracies on test> class : 65.69
------------------------------
<Accuracies on photo> test class : 96.29
------------------------------
<Accuracies on cartoon> test class : 62.41
------------------------------
<Accuracies on sketch> test class : 54.64
------------------------------
Total epoch time: 39.367

New epoch - lr: 0.0009000000000000002
[1/28 iteration of epoch 55/60] 
 {loss} cls : 0.001, total : 0.001 
 {acc} cls : 100.00
------------------------------
<Losses on train> cls : 0.002, total : 0.002
<Accuracies on train> cls : 100.00
Train epoch time: 10.063
------------------------------
<Accuracies on val> class : 90.38
------------------------------
<Accuracies on test> class : 65.94
------------------------------
<Accuracies on photo> test class : 96.35
------------------------------
<Accuracies on cartoon> test class : 63.31
------------------------------
<Accuracies on sketch> test class : 54.59
------------------------------
Total epoch time: 39.748

New epoch - lr: 0.0009000000000000002
[1/28 iteration of epoch 56/60] 
 {loss} cls : 0.001, total : 0.001 
 {acc} cls : 100.00
------------------------------
<Losses on train> cls : 0.003, total : 0.003
<Accuracies on train> cls : 99.94
Train epoch time: 10.032
------------------------------
<Accuracies on val> class : 89.90
------------------------------
<Accuracies on test> class : 66.16
------------------------------
<Accuracies on photo> test class : 97.01
------------------------------
<Accuracies on cartoon> test class : 62.88
------------------------------
<Accuracies on sketch> test class : 55.00
------------------------------
Total epoch time: 37.112

New epoch - lr: 0.0009000000000000002
[1/28 iteration of epoch 57/60] 
 {loss} cls : 0.001, total : 0.001 
 {acc} cls : 100.00
------------------------------
<Losses on train> cls : 0.003, total : 0.003
<Accuracies on train> cls : 100.00
Train epoch time: 9.804
------------------------------
<Accuracies on val> class : 91.35
------------------------------
<Accuracies on test> class : 65.52
------------------------------
<Accuracies on photo> test class : 96.71
------------------------------
<Accuracies on cartoon> test class : 63.44
------------------------------
<Accuracies on sketch> test class : 53.50
------------------------------
Total epoch time: 36.600

New epoch - lr: 0.0009000000000000002
[1/28 iteration of epoch 58/60] 
 {loss} cls : 0.002, total : 0.002 
 {acc} cls : 100.00
------------------------------
<Losses on train> cls : 0.002, total : 0.002
<Accuracies on train> cls : 99.94
Train epoch time: 10.118
------------------------------
<Accuracies on val> class : 90.87
------------------------------
<Accuracies on test> class : 65.81
------------------------------
<Accuracies on photo> test class : 96.77
------------------------------
<Accuracies on cartoon> test class : 63.01
------------------------------
<Accuracies on sketch> test class : 54.31
------------------------------
Total epoch time: 36.626

New epoch - lr: 0.0009000000000000002
[1/28 iteration of epoch 59/60] 
 {loss} cls : 0.000, total : 0.000 
 {acc} cls : 100.00
------------------------------
<Losses on train> cls : 0.001, total : 0.001
<Accuracies on train> cls : 100.00
Train epoch time: 9.304
------------------------------
<Accuracies on val> class : 90.87
------------------------------
<Accuracies on test> class : 65.68
------------------------------
<Accuracies on photo> test class : 96.71
------------------------------
<Accuracies on cartoon> test class : 63.23
------------------------------
<Accuracies on sketch> test class : 53.96
------------------------------
Total epoch time: 35.465

New epoch - lr: 0.0009000000000000002
[1/28 iteration of epoch 60/60] 
 {loss} cls : 0.002, total : 0.002 
 {acc} cls : 100.00
------------------------------
<Losses on train> cls : 0.002, total : 0.002
<Accuracies on train> cls : 100.00
Train epoch time: 8.280
------------------------------
<Accuracies on val> class : 91.83
------------------------------
<Accuracies on test> class : 66.70
------------------------------
<Accuracies on photo> test class : 96.89
------------------------------
<Accuracies on cartoon> test class : 63.61
------------------------------
<Accuracies on sketch> test class : 55.71
------------------------------
Total epoch time: 34.102

******************************
Best val 0.923077, corresponding test 0.627345 - best test: 0.694322

******************************
Best val 0.9230769276618958, corresponding photo test 0.9634730815887451

******************************
Best val 0.9230769276618958, corresponding cartoon test 0.6284129619598389

******************************
Best val 0.9230769276618958, corresponding sketch test 0.48383814096450806
