
Loading experiment Officehome/ResNet18_step


New epoch - lr: 0.003
[1/15 iteration of epoch 1/50] 
 {loss} cls : 4.428, fac : 5.123, total : 9.551 
 {acc} cls : 3.12
------------------------------
<Losses on train> cls : 3.605, fac : 5.109, total : 8.714
<Accuracies on train> cls : 17.27
Train epoch time: 24.467
------------------------------
<Accuracies on val> class : 37.61
------------------------------
<Accuracies on test> class : 29.56
------------------------------
<Accuracies on Art> test class : 25.01
------------------------------
<Accuracies on Product> test class : 29.76
------------------------------
<Accuracies on Real_World> test class : 31.88
------------------------------
Total epoch time: 253.355

New epoch - lr: 0.003
[1/15 iteration of epoch 2/50] 
 {loss} cls : 2.481, fac : 5.099, total : 7.581 
 {acc} cls : 46.68
------------------------------
<Losses on train> cls : 2.044, fac : 5.085, total : 7.129
<Accuracies on train> cls : 51.03
Train epoch time: 25.270
------------------------------
<Accuracies on val> class : 53.67
------------------------------
<Accuracies on test> class : 43.75
------------------------------
<Accuracies on Art> test class : 34.07
------------------------------
<Accuracies on Product> test class : 45.66
------------------------------
<Accuracies on Real_World> test class : 47.19
------------------------------
Total epoch time: 251.343

New epoch - lr: 0.003
[1/15 iteration of epoch 3/50] 
 {loss} cls : 1.509, fac : 5.071, total : 6.580 
 {acc} cls : 60.55
------------------------------
<Losses on train> cls : 1.343, fac : 5.066, total : 6.410
<Accuracies on train> cls : 65.99
Train epoch time: 23.888
------------------------------
<Accuracies on val> class : 61.93
------------------------------
<Accuracies on test> class : 47.71
------------------------------
<Accuracies on Art> test class : 36.09
------------------------------
<Accuracies on Product> test class : 51.32
------------------------------
<Accuracies on Real_World> test class : 50.52
------------------------------
Total epoch time: 249.391

New epoch - lr: 0.003
[1/15 iteration of epoch 4/50] 
 {loss} cls : 1.079, fac : 5.047, total : 6.126 
 {acc} cls : 73.63
------------------------------
<Losses on train> cls : 1.037, fac : 5.056, total : 6.093
<Accuracies on train> cls : 73.24
Train epoch time: 25.285
------------------------------
<Accuracies on val> class : 66.06
------------------------------
<Accuracies on test> class : 49.60
------------------------------
<Accuracies on Art> test class : 38.36
------------------------------
<Accuracies on Product> test class : 51.95
------------------------------
<Accuracies on Real_World> test class : 53.48
------------------------------
Total epoch time: 252.579

New epoch - lr: 0.003
[1/15 iteration of epoch 5/50] 
 {loss} cls : 0.888, fac : 5.036, total : 5.924 
 {acc} cls : 78.52
------------------------------
<Losses on train> cls : 0.855, fac : 5.049, total : 5.904
<Accuracies on train> cls : 78.49
Train epoch time: 25.416
------------------------------
<Accuracies on val> class : 69.72
------------------------------
<Accuracies on test> class : 51.44
------------------------------
<Accuracies on Art> test class : 39.60
------------------------------
<Accuracies on Product> test class : 54.27
------------------------------
<Accuracies on Real_World> test class : 55.15
------------------------------
Total epoch time: 249.903

New epoch - lr: 0.003
[1/15 iteration of epoch 6/50] 
 {loss} cls : 0.670, fac : 5.051, total : 5.721 
 {acc} cls : 84.38
------------------------------
<Losses on train> cls : 0.728, fac : 5.046, total : 5.774
<Accuracies on train> cls : 81.43
Train epoch time: 25.055
------------------------------
<Accuracies on val> class : 70.18
------------------------------
<Accuracies on test> class : 52.15
------------------------------
<Accuracies on Art> test class : 40.05
------------------------------
<Accuracies on Product> test class : 54.97
------------------------------
<Accuracies on Real_World> test class : 56.02
------------------------------
Total epoch time: 250.742

New epoch - lr: 0.003
[1/15 iteration of epoch 7/50] 
 {loss} cls : 0.712, fac : 5.056, total : 5.768 
 {acc} cls : 80.47
------------------------------
<Losses on train> cls : 0.640, fac : 5.044, total : 5.684
<Accuracies on train> cls : 83.49
Train epoch time: 25.149
------------------------------
<Accuracies on val> class : 69.72
------------------------------
<Accuracies on test> class : 52.21
------------------------------
<Accuracies on Art> test class : 40.30
------------------------------
<Accuracies on Product> test class : 54.94
------------------------------
<Accuracies on Real_World> test class : 56.07
------------------------------
Total epoch time: 252.238

New epoch - lr: 0.003
[1/15 iteration of epoch 8/50] 
 {loss} cls : 0.621, fac : 5.037, total : 5.657 
 {acc} cls : 86.13
------------------------------
<Losses on train> cls : 0.552, fac : 5.037, total : 5.589
<Accuracies on train> cls : 86.12
Train epoch time: 24.343
------------------------------
<Accuracies on val> class : 73.39
------------------------------
<Accuracies on test> class : 52.75
------------------------------
<Accuracies on Art> test class : 41.24
------------------------------
<Accuracies on Product> test class : 55.76
------------------------------
<Accuracies on Real_World> test class : 56.09
------------------------------
Total epoch time: 247.183

New epoch - lr: 0.003
[1/15 iteration of epoch 9/50] 
 {loss} cls : 0.484, fac : 5.040, total : 5.524 
 {acc} cls : 88.48
------------------------------
<Losses on train> cls : 0.491, fac : 5.036, total : 5.528
<Accuracies on train> cls : 87.80
Train epoch time: 24.006
------------------------------
<Accuracies on val> class : 73.39
------------------------------
<Accuracies on test> class : 52.45
------------------------------
<Accuracies on Art> test class : 41.16
------------------------------
<Accuracies on Product> test class : 55.15
------------------------------
<Accuracies on Real_World> test class : 56.00
------------------------------
Total epoch time: 246.512

New epoch - lr: 0.003
[1/15 iteration of epoch 10/50] 
 {loss} cls : 0.388, fac : 5.030, total : 5.418 
 {acc} cls : 91.02
------------------------------
<Losses on train> cls : 0.442, fac : 5.032, total : 5.474
<Accuracies on train> cls : 88.85
Train epoch time: 25.336
------------------------------
<Accuracies on val> class : 74.08
------------------------------
<Accuracies on test> class : 53.98
------------------------------
<Accuracies on Art> test class : 42.60
------------------------------
<Accuracies on Product> test class : 57.04
------------------------------
<Accuracies on Real_World> test class : 57.20
------------------------------
Total epoch time: 244.555

New epoch - lr: 0.003
[1/15 iteration of epoch 11/50] 
 {loss} cls : 0.457, fac : 5.030, total : 5.487 
 {acc} cls : 88.09
------------------------------
<Losses on train> cls : 0.400, fac : 5.031, total : 5.430
<Accuracies on train> cls : 90.09
Train epoch time: 25.659
------------------------------
<Accuracies on val> class : 73.62
------------------------------
<Accuracies on test> class : 53.73
------------------------------
<Accuracies on Art> test class : 41.90
------------------------------
<Accuracies on Product> test class : 56.86
------------------------------
<Accuracies on Real_World> test class : 57.13
------------------------------
Total epoch time: 245.413

New epoch - lr: 0.003
[1/15 iteration of epoch 12/50] 
 {loss} cls : 0.322, fac : 5.031, total : 5.353 
 {acc} cls : 91.99
------------------------------
<Losses on train> cls : 0.360, fac : 5.025, total : 5.385
<Accuracies on train> cls : 91.37
Train epoch time: 24.397
------------------------------
<Accuracies on val> class : 74.08
------------------------------
<Accuracies on test> class : 53.44
------------------------------
<Accuracies on Art> test class : 41.99
------------------------------
<Accuracies on Product> test class : 56.27
------------------------------
<Accuracies on Real_World> test class : 56.94
------------------------------
Total epoch time: 245.985

New epoch - lr: 0.003
[1/15 iteration of epoch 13/50] 
 {loss} cls : 0.342, fac : 5.024, total : 5.367 
 {acc} cls : 90.43
------------------------------
<Losses on train> cls : 0.341, fac : 5.026, total : 5.367
<Accuracies on train> cls : 91.28
Train epoch time: 24.863
------------------------------
<Accuracies on val> class : 76.15
------------------------------
<Accuracies on test> class : 54.15
------------------------------
<Accuracies on Art> test class : 42.40
------------------------------
<Accuracies on Product> test class : 57.24
------------------------------
<Accuracies on Real_World> test class : 57.54
------------------------------
Total epoch time: 245.668

New epoch - lr: 0.003
[1/15 iteration of epoch 14/50] 
 {loss} cls : 0.358, fac : 5.019, total : 5.378 
 {acc} cls : 89.45
------------------------------
<Losses on train> cls : 0.315, fac : 5.023, total : 5.338
<Accuracies on train> cls : 92.01
Train epoch time: 25.551
------------------------------
<Accuracies on val> class : 75.00
------------------------------
<Accuracies on test> class : 53.91
------------------------------
<Accuracies on Art> test class : 42.27
------------------------------
<Accuracies on Product> test class : 57.04
------------------------------
<Accuracies on Real_World> test class : 57.20
------------------------------
Total epoch time: 245.856

New epoch - lr: 0.003
[1/15 iteration of epoch 15/50] 
 {loss} cls : 0.364, fac : 5.021, total : 5.385 
 {acc} cls : 91.02
------------------------------
<Losses on train> cls : 0.295, fac : 5.021, total : 5.316
<Accuracies on train> cls : 92.85
Train epoch time: 24.232
------------------------------
<Accuracies on val> class : 75.46
------------------------------
<Accuracies on test> class : 54.19
------------------------------
<Accuracies on Art> test class : 43.06
------------------------------
<Accuracies on Product> test class : 57.42
------------------------------
<Accuracies on Real_World> test class : 57.10
------------------------------
Total epoch time: 246.353

New epoch - lr: 0.003
[1/15 iteration of epoch 16/50] 
 {loss} cls : 0.272, fac : 5.022, total : 5.294 
 {acc} cls : 93.95
------------------------------
<Losses on train> cls : 0.271, fac : 5.016, total : 5.288
<Accuracies on train> cls : 93.53
Train epoch time: 25.214
------------------------------
<Accuracies on val> class : 75.46
------------------------------
<Accuracies on test> class : 53.92
------------------------------
<Accuracies on Art> test class : 42.32
------------------------------
<Accuracies on Product> test class : 57.18
------------------------------
<Accuracies on Real_World> test class : 57.08
------------------------------
Total epoch time: 244.327

New epoch - lr: 0.003
[1/15 iteration of epoch 17/50] 
 {loss} cls : 0.230, fac : 5.017, total : 5.247 
 {acc} cls : 93.75
------------------------------
<Losses on train> cls : 0.249, fac : 5.016, total : 5.265
<Accuracies on train> cls : 93.75
Train epoch time: 24.743
------------------------------
<Accuracies on val> class : 75.00
------------------------------
<Accuracies on test> class : 54.19
------------------------------
<Accuracies on Art> test class : 43.18
------------------------------
<Accuracies on Product> test class : 57.20
------------------------------
<Accuracies on Real_World> test class : 57.26
------------------------------
Total epoch time: 243.347

New epoch - lr: 0.003
[1/15 iteration of epoch 18/50] 
 {loss} cls : 0.209, fac : 5.016, total : 5.225 
 {acc} cls : 95.51
------------------------------
<Losses on train> cls : 0.241, fac : 5.014, total : 5.255
<Accuracies on train> cls : 93.87
Train epoch time: 24.093
------------------------------
<Accuracies on val> class : 75.23
------------------------------
<Accuracies on test> class : 54.04
------------------------------
<Accuracies on Art> test class : 42.69
------------------------------
<Accuracies on Product> test class : 56.75
------------------------------
<Accuracies on Real_World> test class : 57.61
------------------------------
Total epoch time: 245.833

New epoch - lr: 0.003
[1/15 iteration of epoch 19/50] 
 {loss} cls : 0.223, fac : 5.016, total : 5.238 
 {acc} cls : 94.34
------------------------------
<Losses on train> cls : 0.218, fac : 5.010, total : 5.228
<Accuracies on train> cls : 94.58
Train epoch time: 24.499
------------------------------
<Accuracies on val> class : 74.77
------------------------------
<Accuracies on test> class : 54.27
------------------------------
<Accuracies on Art> test class : 43.06
------------------------------
<Accuracies on Product> test class : 57.63
------------------------------
<Accuracies on Real_World> test class : 57.10
------------------------------
Total epoch time: 244.612

New epoch - lr: 0.003
[1/15 iteration of epoch 20/50] 
 {loss} cls : 0.201, fac : 5.013, total : 5.215 
 {acc} cls : 95.12
------------------------------
<Losses on train> cls : 0.212, fac : 5.009, total : 5.221
<Accuracies on train> cls : 94.51
Train epoch time: 24.872
------------------------------
<Accuracies on val> class : 75.69
------------------------------
<Accuracies on test> class : 54.06
------------------------------
<Accuracies on Art> test class : 43.02
------------------------------
<Accuracies on Product> test class : 57.51
------------------------------
<Accuracies on Real_World> test class : 56.69
------------------------------
Total epoch time: 244.470

New epoch - lr: 0.003
[1/15 iteration of epoch 21/50] 
 {loss} cls : 0.171, fac : 5.008, total : 5.179 
 {acc} cls : 95.90
------------------------------
<Losses on train> cls : 0.194, fac : 5.007, total : 5.200
<Accuracies on train> cls : 95.22
Train epoch time: 24.075
------------------------------
<Accuracies on val> class : 75.46
------------------------------
<Accuracies on test> class : 53.97
------------------------------
<Accuracies on Art> test class : 42.89
------------------------------
<Accuracies on Product> test class : 57.22
------------------------------
<Accuracies on Real_World> test class : 56.83
------------------------------
Total epoch time: 246.677

New epoch - lr: 0.003
[1/15 iteration of epoch 22/50] 
 {loss} cls : 0.154, fac : 5.000, total : 5.155 
 {acc} cls : 97.07
------------------------------
<Losses on train> cls : 0.183, fac : 5.004, total : 5.187
<Accuracies on train> cls : 95.48
Train epoch time: 24.545
------------------------------
<Accuracies on val> class : 75.46
------------------------------
<Accuracies on test> class : 53.84
------------------------------
<Accuracies on Art> test class : 42.40
------------------------------
<Accuracies on Product> test class : 57.04
------------------------------
<Accuracies on Real_World> test class : 56.94
------------------------------
Total epoch time: 245.294

New epoch - lr: 0.003
[1/15 iteration of epoch 23/50] 
 {loss} cls : 0.166, fac : 4.995, total : 5.161 
 {acc} cls : 95.70
------------------------------
<Losses on train> cls : 0.177, fac : 5.001, total : 5.179
<Accuracies on train> cls : 95.64
Train epoch time: 24.931
------------------------------
<Accuracies on val> class : 76.15
------------------------------
<Accuracies on test> class : 54.00
------------------------------
<Accuracies on Art> test class : 42.73
------------------------------
<Accuracies on Product> test class : 56.99
------------------------------
<Accuracies on Real_World> test class : 57.22
------------------------------
Total epoch time: 245.174

New epoch - lr: 0.003
[1/15 iteration of epoch 24/50] 
 {loss} cls : 0.179, fac : 5.002, total : 5.182 
 {acc} cls : 95.90
------------------------------
<Losses on train> cls : 0.168, fac : 4.999, total : 5.167
<Accuracies on train> cls : 95.94
Train epoch time: 24.318
------------------------------
<Accuracies on val> class : 76.61
------------------------------
<Accuracies on test> class : 54.16
------------------------------
<Accuracies on Art> test class : 43.10
------------------------------
<Accuracies on Product> test class : 56.79
------------------------------
<Accuracies on Real_World> test class : 57.63
------------------------------
Total epoch time: 245.872

New epoch - lr: 0.003
[1/15 iteration of epoch 25/50] 
 {loss} cls : 0.156, fac : 4.996, total : 5.152 
 {acc} cls : 96.88
------------------------------
<Losses on train> cls : 0.153, fac : 4.997, total : 5.150
<Accuracies on train> cls : 96.38
Train epoch time: 24.799
------------------------------
<Accuracies on val> class : 76.83
------------------------------
<Accuracies on test> class : 53.73
------------------------------
<Accuracies on Art> test class : 41.74
------------------------------
<Accuracies on Product> test class : 56.81
------------------------------
<Accuracies on Real_World> test class : 57.26
------------------------------
Total epoch time: 243.320

New epoch - lr: 0.003
[1/15 iteration of epoch 26/50] 
 {loss} cls : 0.151, fac : 5.004, total : 5.155 
 {acc} cls : 96.09
------------------------------
<Losses on train> cls : 0.155, fac : 4.996, total : 5.152
<Accuracies on train> cls : 96.08
Train epoch time: 24.907
------------------------------
<Accuracies on val> class : 76.15
------------------------------
<Accuracies on test> class : 53.95
------------------------------
<Accuracies on Art> test class : 42.07
------------------------------
<Accuracies on Product> test class : 56.59
------------------------------
<Accuracies on Real_World> test class : 57.88
------------------------------
Total epoch time: 246.085

New epoch - lr: 0.003
[1/15 iteration of epoch 27/50] 
 {loss} cls : 0.164, fac : 4.985, total : 5.149 
 {acc} cls : 95.70
------------------------------
<Losses on train> cls : 0.151, fac : 4.994, total : 5.145
<Accuracies on train> cls : 96.09
Train epoch time: 23.758
------------------------------
<Accuracies on val> class : 75.92
------------------------------
<Accuracies on test> class : 53.54
------------------------------
<Accuracies on Art> test class : 42.19
------------------------------
<Accuracies on Product> test class : 56.77
------------------------------
<Accuracies on Real_World> test class : 56.58
------------------------------
Total epoch time: 244.374

New epoch - lr: 0.003
[1/15 iteration of epoch 28/50] 
 {loss} cls : 0.142, fac : 4.994, total : 5.136 
 {acc} cls : 97.07
------------------------------
<Losses on train> cls : 0.145, fac : 4.991, total : 5.137
<Accuracies on train> cls : 96.17
Train epoch time: 24.486
------------------------------
<Accuracies on val> class : 75.46
------------------------------
<Accuracies on test> class : 53.64
------------------------------
<Accuracies on Art> test class : 42.48
------------------------------
<Accuracies on Product> test class : 56.23
------------------------------
<Accuracies on Real_World> test class : 57.22
------------------------------
Total epoch time: 245.226

New epoch - lr: 0.003
[1/15 iteration of epoch 29/50] 
 {loss} cls : 0.139, fac : 4.991, total : 5.131 
 {acc} cls : 96.68
------------------------------
<Losses on train> cls : 0.140, fac : 4.989, total : 5.129
<Accuracies on train> cls : 96.25
Train epoch time: 24.813
------------------------------
<Accuracies on val> class : 76.61
------------------------------
<Accuracies on test> class : 53.23
------------------------------
<Accuracies on Art> test class : 41.62
------------------------------
<Accuracies on Product> test class : 56.07
------------------------------
<Accuracies on Real_World> test class : 56.81
------------------------------
Total epoch time: 245.585

New epoch - lr: 0.003
[1/15 iteration of epoch 30/50] 
 {loss} cls : 0.133, fac : 4.992, total : 5.125 
 {acc} cls : 96.48
------------------------------
<Losses on train> cls : 0.136, fac : 4.989, total : 5.125
<Accuracies on train> cls : 96.59
Train epoch time: 24.286
------------------------------
<Accuracies on val> class : 75.92
------------------------------
<Accuracies on test> class : 53.99
------------------------------
<Accuracies on Art> test class : 42.23
------------------------------
<Accuracies on Product> test class : 56.99
------------------------------
<Accuracies on Real_World> test class : 57.47
------------------------------
Total epoch time: 246.953

New epoch - lr: 0.003
[1/15 iteration of epoch 31/50] 
 {loss} cls : 0.120, fac : 4.983, total : 5.102 
 {acc} cls : 96.48
------------------------------
<Losses on train> cls : 0.140, fac : 4.987, total : 5.126
<Accuracies on train> cls : 96.20
Train epoch time: 24.745
------------------------------
<Accuracies on val> class : 75.92
------------------------------
<Accuracies on test> class : 53.52
------------------------------
<Accuracies on Art> test class : 41.94
------------------------------
<Accuracies on Product> test class : 56.43
------------------------------
<Accuracies on Real_World> test class : 57.01
------------------------------
Total epoch time: 248.844

New epoch - lr: 0.003
[1/15 iteration of epoch 32/50] 
 {loss} cls : 0.120, fac : 4.983, total : 5.103 
 {acc} cls : 96.29
------------------------------
<Losses on train> cls : 0.135, fac : 4.985, total : 5.120
<Accuracies on train> cls : 96.33
Train epoch time: 24.898
------------------------------
<Accuracies on val> class : 76.83
------------------------------
<Accuracies on test> class : 53.55
------------------------------
<Accuracies on Art> test class : 42.48
------------------------------
<Accuracies on Product> test class : 56.34
------------------------------
<Accuracies on Real_World> test class : 56.87
------------------------------
Total epoch time: 248.583

New epoch - lr: 0.003
[1/15 iteration of epoch 33/50] 
 {loss} cls : 0.116, fac : 4.987, total : 5.103 
 {acc} cls : 97.66
------------------------------
<Losses on train> cls : 0.128, fac : 4.983, total : 5.111
<Accuracies on train> cls : 96.50
Train epoch time: 24.447
------------------------------
<Accuracies on val> class : 76.38
------------------------------
<Accuracies on test> class : 53.38
------------------------------
<Accuracies on Art> test class : 42.03
------------------------------
<Accuracies on Product> test class : 56.45
------------------------------
<Accuracies on Real_World> test class : 56.58
------------------------------
Total epoch time: 248.299

New epoch - lr: 0.003
[1/15 iteration of epoch 34/50] 
 {loss} cls : 0.091, fac : 4.980, total : 5.071 
 {acc} cls : 98.44
------------------------------
<Losses on train> cls : 0.121, fac : 4.979, total : 5.101
<Accuracies on train> cls : 96.65
Train epoch time: 24.236
------------------------------
<Accuracies on val> class : 75.46
------------------------------
<Accuracies on test> class : 54.00
------------------------------
<Accuracies on Art> test class : 42.52
------------------------------
<Accuracies on Product> test class : 56.95
------------------------------
<Accuracies on Real_World> test class : 57.38
------------------------------
Total epoch time: 246.597

New epoch - lr: 0.003
[1/15 iteration of epoch 35/50] 
 {loss} cls : 0.122, fac : 4.989, total : 5.111 
 {acc} cls : 96.88
------------------------------
<Losses on train> cls : 0.124, fac : 4.978, total : 5.102
<Accuracies on train> cls : 96.55
Train epoch time: 25.397
------------------------------
<Accuracies on val> class : 76.38
------------------------------
<Accuracies on test> class : 53.27
------------------------------
<Accuracies on Art> test class : 41.90
------------------------------
<Accuracies on Product> test class : 56.48
------------------------------
<Accuracies on Real_World> test class : 56.35
------------------------------
Total epoch time: 247.473

New epoch - lr: 0.003
[1/15 iteration of epoch 36/50] 
 {loss} cls : 0.120, fac : 4.984, total : 5.104 
 {acc} cls : 97.46
------------------------------
<Losses on train> cls : 0.119, fac : 4.979, total : 5.098
<Accuracies on train> cls : 96.73
Train epoch time: 24.169
------------------------------
<Accuracies on val> class : 75.23
------------------------------
<Accuracies on test> class : 53.30
------------------------------
<Accuracies on Art> test class : 41.62
------------------------------
<Accuracies on Product> test class : 56.00
------------------------------
<Accuracies on Real_World> test class : 57.06
------------------------------
Total epoch time: 247.291

New epoch - lr: 0.003
[1/15 iteration of epoch 37/50] 
 {loss} cls : 0.083, fac : 4.983, total : 5.066 
 {acc} cls : 98.24
------------------------------
<Losses on train> cls : 0.115, fac : 4.975, total : 5.090
<Accuracies on train> cls : 96.84
Train epoch time: 24.622
------------------------------
<Accuracies on val> class : 77.06
------------------------------
<Accuracies on test> class : 53.77
------------------------------
<Accuracies on Art> test class : 42.65
------------------------------
<Accuracies on Product> test class : 56.63
------------------------------
<Accuracies on Real_World> test class : 57.06
------------------------------
Total epoch time: 247.873

New epoch - lr: 0.003
[1/15 iteration of epoch 38/50] 
 {loss} cls : 0.107, fac : 4.967, total : 5.074 
 {acc} cls : 97.07
------------------------------
<Losses on train> cls : 0.115, fac : 4.974, total : 5.089
<Accuracies on train> cls : 96.80
Train epoch time: 24.938
------------------------------
<Accuracies on val> class : 75.92
------------------------------
<Accuracies on test> class : 53.80
------------------------------
<Accuracies on Art> test class : 42.81
------------------------------
<Accuracies on Product> test class : 56.72
------------------------------
<Accuracies on Real_World> test class : 56.94
------------------------------
Total epoch time: 249.811

New epoch - lr: 0.003
[1/15 iteration of epoch 39/50] 
 {loss} cls : 0.130, fac : 4.971, total : 5.101 
 {acc} cls : 96.88
------------------------------
<Losses on train> cls : 0.113, fac : 4.973, total : 5.087
<Accuracies on train> cls : 96.76
Train epoch time: 24.258
------------------------------
<Accuracies on val> class : 76.83
------------------------------
<Accuracies on test> class : 53.42
------------------------------
<Accuracies on Art> test class : 42.32
------------------------------
<Accuracies on Product> test class : 56.16
------------------------------
<Accuracies on Real_World> test class : 56.81
------------------------------
Total epoch time: 249.251

New epoch - lr: 0.003
[1/15 iteration of epoch 40/50] 
 {loss} cls : 0.093, fac : 4.970, total : 5.062 
 {acc} cls : 97.07
------------------------------
<Losses on train> cls : 0.110, fac : 4.971, total : 5.081
<Accuracies on train> cls : 96.95
Train epoch time: 24.113
------------------------------
<Accuracies on val> class : 75.46
------------------------------
<Accuracies on test> class : 53.11
------------------------------
<Accuracies on Art> test class : 41.70
------------------------------
<Accuracies on Product> test class : 56.14
------------------------------
<Accuracies on Real_World> test class : 56.39
------------------------------
Total epoch time: 248.651

New epoch - lr: 0.003
[1/15 iteration of epoch 41/50] 
 {loss} cls : 0.113, fac : 4.975, total : 5.088 
 {acc} cls : 96.68
------------------------------
<Losses on train> cls : 0.110, fac : 4.970, total : 5.080
<Accuracies on train> cls : 96.64
Train epoch time: 24.675
------------------------------
<Accuracies on val> class : 76.38
------------------------------
<Accuracies on test> class : 53.31
------------------------------
<Accuracies on Art> test class : 42.52
------------------------------
<Accuracies on Product> test class : 55.82
------------------------------
<Accuracies on Real_World> test class : 56.76
------------------------------
Total epoch time: 251.960

New epoch - lr: 0.003
[1/15 iteration of epoch 42/50] 
 {loss} cls : 0.090, fac : 4.967, total : 5.057 
 {acc} cls : 98.24
------------------------------
<Losses on train> cls : 0.100, fac : 4.968, total : 5.068
<Accuracies on train> cls : 97.28
Train epoch time: 23.843
------------------------------
<Accuracies on val> class : 76.83
------------------------------
<Accuracies on test> class : 53.45
------------------------------
<Accuracies on Art> test class : 42.11
------------------------------
<Accuracies on Product> test class : 56.25
------------------------------
<Accuracies on Real_World> test class : 56.92
------------------------------
Total epoch time: 251.313

New epoch - lr: 0.003
[1/15 iteration of epoch 43/50] 
 {loss} cls : 0.119, fac : 4.959, total : 5.078 
 {acc} cls : 96.09
------------------------------
<Losses on train> cls : 0.105, fac : 4.965, total : 5.070
<Accuracies on train> cls : 96.80
Train epoch time: 24.061
------------------------------
<Accuracies on val> class : 75.69
------------------------------
<Accuracies on test> class : 53.27
------------------------------
<Accuracies on Art> test class : 42.44
------------------------------
<Accuracies on Product> test class : 56.00
------------------------------
<Accuracies on Real_World> test class : 56.53
------------------------------
Total epoch time: 251.134

New epoch - lr: 0.003
[1/15 iteration of epoch 44/50] 
 {loss} cls : 0.096, fac : 4.965, total : 5.061 
 {acc} cls : 96.88
------------------------------
<Losses on train> cls : 0.100, fac : 4.964, total : 5.064
<Accuracies on train> cls : 97.03
Train epoch time: 25.023
------------------------------
<Accuracies on val> class : 75.46
------------------------------
<Accuracies on test> class : 53.08
------------------------------
<Accuracies on Art> test class : 40.96
------------------------------
<Accuracies on Product> test class : 56.09
------------------------------
<Accuracies on Real_World> test class : 56.76
------------------------------
Total epoch time: 252.315

New epoch - lr: 0.0009000000000000002
[1/15 iteration of epoch 45/50] 
 {loss} cls : 0.125, fac : 4.959, total : 5.084 
 {acc} cls : 96.68
------------------------------
<Losses on train> cls : 0.102, fac : 4.962, total : 5.065
<Accuracies on train> cls : 97.17
Train epoch time: 24.647
------------------------------
<Accuracies on val> class : 75.46
------------------------------
<Accuracies on test> class : 53.34
------------------------------
<Accuracies on Art> test class : 41.62
------------------------------
<Accuracies on Product> test class : 56.16
------------------------------
<Accuracies on Real_World> test class : 56.99
------------------------------
Total epoch time: 251.920

New epoch - lr: 0.0009000000000000002
[1/15 iteration of epoch 46/50] 
 {loss} cls : 0.104, fac : 4.962, total : 5.067 
 {acc} cls : 95.70
------------------------------
<Losses on train> cls : 0.097, fac : 4.963, total : 5.060
<Accuracies on train> cls : 97.16
Train epoch time: 24.542
------------------------------
<Accuracies on val> class : 75.46
------------------------------
<Accuracies on test> class : 53.27
------------------------------
<Accuracies on Art> test class : 41.29
------------------------------
<Accuracies on Product> test class : 56.16
------------------------------
<Accuracies on Real_World> test class : 57.01
------------------------------
Total epoch time: 251.991

New epoch - lr: 0.0009000000000000002
[1/15 iteration of epoch 47/50] 
 {loss} cls : 0.144, fac : 4.962, total : 5.106 
 {acc} cls : 95.51
------------------------------
<Losses on train> cls : 0.102, fac : 4.961, total : 5.063
<Accuracies on train> cls : 97.03
Train epoch time: 24.627
------------------------------
<Accuracies on val> class : 75.69
------------------------------
<Accuracies on test> class : 53.27
------------------------------
<Accuracies on Art> test class : 41.53
------------------------------
<Accuracies on Product> test class : 56.32
------------------------------
<Accuracies on Real_World> test class : 56.71
------------------------------
Total epoch time: 250.394

New epoch - lr: 0.0009000000000000002
[1/15 iteration of epoch 48/50] 
 {loss} cls : 0.082, fac : 4.974, total : 5.055 
 {acc} cls : 97.85
------------------------------
<Losses on train> cls : 0.089, fac : 4.960, total : 5.049
<Accuracies on train> cls : 97.62
Train epoch time: 24.609
------------------------------
<Accuracies on val> class : 76.15
------------------------------
<Accuracies on test> class : 53.52
------------------------------
<Accuracies on Art> test class : 41.90
------------------------------
<Accuracies on Product> test class : 56.54
------------------------------
<Accuracies on Real_World> test class : 56.92
------------------------------
Total epoch time: 250.864

New epoch - lr: 0.0009000000000000002
[1/15 iteration of epoch 49/50] 
 {loss} cls : 0.106, fac : 4.959, total : 5.065 
 {acc} cls : 96.88
------------------------------
<Losses on train> cls : 0.095, fac : 4.961, total : 5.057
<Accuracies on train> cls : 97.42
Train epoch time: 25.309
------------------------------
<Accuracies on val> class : 76.38
------------------------------
<Accuracies on test> class : 53.48
------------------------------
<Accuracies on Art> test class : 42.11
------------------------------
<Accuracies on Product> test class : 56.43
------------------------------
<Accuracies on Real_World> test class : 56.81
------------------------------
Total epoch time: 252.164

New epoch - lr: 0.0009000000000000002
[1/15 iteration of epoch 50/50] 
 {loss} cls : 0.076, fac : 4.959, total : 5.035 
 {acc} cls : 97.66
------------------------------
<Losses on train> cls : 0.096, fac : 4.959, total : 5.055
<Accuracies on train> cls : 97.19
Train epoch time: 24.750
------------------------------
<Accuracies on val> class : 76.61
------------------------------
<Accuracies on test> class : 53.29
------------------------------
<Accuracies on Art> test class : 41.49
------------------------------
<Accuracies on Product> test class : 56.27
------------------------------
<Accuracies on Real_World> test class : 56.83
------------------------------
Total epoch time: 251.674

******************************
Best val 0.770642, corresponding test 0.537735 - best test: 0.542725

******************************
Best val 0.7706422209739685, corresponding Art test 0.4264523983001709

******************************
Best val 0.7706422209739685, corresponding Product test 0.5663437843322754

******************************
Best val 0.7706422209739685, corresponding Real_World test 0.5705760717391968
