
Loading experiment Officehome/ResNet18_step


New epoch - lr: 0.003
[1/15 iteration of epoch 1/50] 
 {loss} cls : 4.496, fac : 5.116, total : 9.612 
 {acc} cls : 1.56
------------------------------
<Losses on train> cls : 3.225, fac : 5.105, total : 8.330
<Accuracies on train> cls : 31.29
Train epoch time: 25.654
------------------------------
<Accuracies on val> class : 62.75
------------------------------
<Accuracies on test> class : 35.37
------------------------------
<Accuracies on Art> test class : 28.27
------------------------------
<Accuracies on Clipart> test class : 29.53
------------------------------
<Accuracies on Real_World> test class : 45.17
------------------------------
Total epoch time: 251.302

New epoch - lr: 0.003
[1/15 iteration of epoch 2/50] 
 {loss} cls : 1.702, fac : 5.083, total : 6.786 
 {acc} cls : 66.21
------------------------------
<Losses on train> cls : 1.229, fac : 5.067, total : 6.296
<Accuracies on train> cls : 72.83
Train epoch time: 25.422
------------------------------
<Accuracies on val> class : 79.23
------------------------------
<Accuracies on test> class : 45.68
------------------------------
<Accuracies on Art> test class : 37.45
------------------------------
<Accuracies on Clipart> test class : 36.38
------------------------------
<Accuracies on Real_World> test class : 59.58
------------------------------
Total epoch time: 250.169

New epoch - lr: 0.003
[1/15 iteration of epoch 3/50] 
 {loss} cls : 0.727, fac : 5.049, total : 5.776 
 {acc} cls : 84.38
------------------------------
<Losses on train> cls : 0.734, fac : 5.044, total : 5.778
<Accuracies on train> cls : 81.56
Train epoch time: 25.297
------------------------------
<Accuracies on val> class : 81.94
------------------------------
<Accuracies on test> class : 47.40
------------------------------
<Accuracies on Art> test class : 39.23
------------------------------
<Accuracies on Clipart> test class : 36.84
------------------------------
<Accuracies on Real_World> test class : 62.54
------------------------------
Total epoch time: 251.524

New epoch - lr: 0.003
[1/15 iteration of epoch 4/50] 
 {loss} cls : 0.560, fac : 5.040, total : 5.601 
 {acc} cls : 85.55
------------------------------
<Losses on train> cls : 0.552, fac : 5.035, total : 5.587
<Accuracies on train> cls : 85.99
Train epoch time: 25.564
------------------------------
<Accuracies on val> class : 83.07
------------------------------
<Accuracies on test> class : 48.04
------------------------------
<Accuracies on Art> test class : 40.59
------------------------------
<Accuracies on Clipart> test class : 37.11
------------------------------
<Accuracies on Real_World> test class : 63.14
------------------------------
Total epoch time: 251.526

New epoch - lr: 0.003
[1/15 iteration of epoch 5/50] 
 {loss} cls : 0.465, fac : 5.029, total : 5.495 
 {acc} cls : 87.70
------------------------------
<Losses on train> cls : 0.463, fac : 5.030, total : 5.493
<Accuracies on train> cls : 88.40
Train epoch time: 25.528
------------------------------
<Accuracies on val> class : 85.33
------------------------------
<Accuracies on test> class : 48.30
------------------------------
<Accuracies on Art> test class : 41.20
------------------------------
<Accuracies on Clipart> test class : 36.20
------------------------------
<Accuracies on Real_World> test class : 64.38
------------------------------
Total epoch time: 251.080

New epoch - lr: 0.003
[1/15 iteration of epoch 6/50] 
 {loss} cls : 0.459, fac : 5.032, total : 5.491 
 {acc} cls : 85.35
------------------------------
<Losses on train> cls : 0.378, fac : 5.025, total : 5.402
<Accuracies on train> cls : 90.52
Train epoch time: 25.986
------------------------------
<Accuracies on val> class : 86.46
------------------------------
<Accuracies on test> class : 48.58
------------------------------
<Accuracies on Art> test class : 41.08
------------------------------
<Accuracies on Clipart> test class : 37.00
------------------------------
<Accuracies on Real_World> test class : 64.36
------------------------------
Total epoch time: 251.744

New epoch - lr: 0.003
[1/15 iteration of epoch 7/50] 
 {loss} cls : 0.337, fac : 5.024, total : 5.361 
 {acc} cls : 93.36
------------------------------
<Losses on train> cls : 0.321, fac : 5.020, total : 5.341
<Accuracies on train> cls : 92.37
Train epoch time: 25.725
------------------------------
<Accuracies on val> class : 87.58
------------------------------
<Accuracies on test> class : 49.19
------------------------------
<Accuracies on Art> test class : 41.66
------------------------------
<Accuracies on Clipart> test class : 37.62
------------------------------
<Accuracies on Real_World> test class : 64.98
------------------------------
Total epoch time: 251.773

New epoch - lr: 0.003
[1/15 iteration of epoch 8/50] 
 {loss} cls : 0.283, fac : 5.021, total : 5.304 
 {acc} cls : 94.73
------------------------------
<Losses on train> cls : 0.286, fac : 5.018, total : 5.304
<Accuracies on train> cls : 93.27
Train epoch time: 25.294
------------------------------
<Accuracies on val> class : 88.26
------------------------------
<Accuracies on test> class : 48.52
------------------------------
<Accuracies on Art> test class : 39.97
------------------------------
<Accuracies on Clipart> test class : 37.62
------------------------------
<Accuracies on Real_World> test class : 64.20
------------------------------
Total epoch time: 245.979

New epoch - lr: 0.003
[1/15 iteration of epoch 9/50] 
 {loss} cls : 0.287, fac : 5.012, total : 5.300 
 {acc} cls : 92.38
------------------------------
<Losses on train> cls : 0.257, fac : 5.013, total : 5.270
<Accuracies on train> cls : 93.63
Train epoch time: 25.376
------------------------------
<Accuracies on val> class : 88.94
------------------------------
<Accuracies on test> class : 49.23
------------------------------
<Accuracies on Art> test class : 41.57
------------------------------
<Accuracies on Clipart> test class : 37.64
------------------------------
<Accuracies on Real_World> test class : 65.11
------------------------------
Total epoch time: 246.216

New epoch - lr: 0.003
[1/15 iteration of epoch 10/50] 
 {loss} cls : 0.219, fac : 5.008, total : 5.227 
 {acc} cls : 95.51
------------------------------
<Losses on train> cls : 0.230, fac : 5.008, total : 5.238
<Accuracies on train> cls : 94.93
Train epoch time: 25.659
------------------------------
<Accuracies on val> class : 88.49
------------------------------
<Accuracies on test> class : 48.85
------------------------------
<Accuracies on Art> test class : 40.75
------------------------------
<Accuracies on Clipart> test class : 36.93
------------------------------
<Accuracies on Real_World> test class : 65.30
------------------------------
Total epoch time: 245.804

New epoch - lr: 0.003
[1/15 iteration of epoch 11/50] 
 {loss} cls : 0.209, fac : 5.006, total : 5.215 
 {acc} cls : 96.48
------------------------------
<Losses on train> cls : 0.209, fac : 5.005, total : 5.214
<Accuracies on train> cls : 95.35
Train epoch time: 25.835
------------------------------
<Accuracies on val> class : 88.26
------------------------------
<Accuracies on test> class : 48.87
------------------------------
<Accuracies on Art> test class : 41.41
------------------------------
<Accuracies on Clipart> test class : 36.91
------------------------------
<Accuracies on Real_World> test class : 65.02
------------------------------
Total epoch time: 244.820

New epoch - lr: 0.003
[1/15 iteration of epoch 12/50] 
 {loss} cls : 0.216, fac : 5.014, total : 5.230 
 {acc} cls : 94.92
------------------------------
<Losses on train> cls : 0.200, fac : 5.002, total : 5.203
<Accuracies on train> cls : 95.70
Train epoch time: 25.389
------------------------------
<Accuracies on val> class : 89.39
------------------------------
<Accuracies on test> class : 49.36
------------------------------
<Accuracies on Art> test class : 41.24
------------------------------
<Accuracies on Clipart> test class : 37.94
------------------------------
<Accuracies on Real_World> test class : 65.32
------------------------------
Total epoch time: 246.356

New epoch - lr: 0.003
[1/15 iteration of epoch 13/50] 
 {loss} cls : 0.229, fac : 5.004, total : 5.234 
 {acc} cls : 93.55
------------------------------
<Losses on train> cls : 0.179, fac : 4.998, total : 5.177
<Accuracies on train> cls : 96.05
Train epoch time: 25.202
------------------------------
<Accuracies on val> class : 88.49
------------------------------
<Accuracies on test> class : 49.07
------------------------------
<Accuracies on Art> test class : 41.33
------------------------------
<Accuracies on Clipart> test class : 37.21
------------------------------
<Accuracies on Real_World> test class : 65.27
------------------------------
Total epoch time: 244.673

New epoch - lr: 0.003
[1/15 iteration of epoch 14/50] 
 {loss} cls : 0.188, fac : 4.991, total : 5.179 
 {acc} cls : 96.29
------------------------------
<Losses on train> cls : 0.160, fac : 4.995, total : 5.154
<Accuracies on train> cls : 96.93
Train epoch time: 25.670
------------------------------
<Accuracies on val> class : 88.49
------------------------------
<Accuracies on test> class : 48.92
------------------------------
<Accuracies on Art> test class : 40.26
------------------------------
<Accuracies on Clipart> test class : 37.50
------------------------------
<Accuracies on Real_World> test class : 65.18
------------------------------
Total epoch time: 245.213

New epoch - lr: 0.003
[1/15 iteration of epoch 15/50] 
 {loss} cls : 0.127, fac : 5.002, total : 5.129 
 {acc} cls : 97.85
------------------------------
<Losses on train> cls : 0.152, fac : 4.992, total : 5.144
<Accuracies on train> cls : 96.74
Train epoch time: 24.922
------------------------------
<Accuracies on val> class : 88.26
------------------------------
<Accuracies on test> class : 48.74
------------------------------
<Accuracies on Art> test class : 40.17
------------------------------
<Accuracies on Clipart> test class : 36.95
------------------------------
<Accuracies on Real_World> test class : 65.32
------------------------------
Total epoch time: 244.411

New epoch - lr: 0.003
[1/15 iteration of epoch 16/50] 
 {loss} cls : 0.143, fac : 4.988, total : 5.131 
 {acc} cls : 97.66
------------------------------
<Losses on train> cls : 0.147, fac : 4.990, total : 5.137
<Accuracies on train> cls : 97.08
Train epoch time: 25.093
------------------------------
<Accuracies on val> class : 89.84
------------------------------
<Accuracies on test> class : 48.66
------------------------------
<Accuracies on Art> test class : 40.34
------------------------------
<Accuracies on Clipart> test class : 37.09
------------------------------
<Accuracies on Real_World> test class : 64.88
------------------------------
Total epoch time: 243.158

New epoch - lr: 0.003
[1/15 iteration of epoch 17/50] 
 {loss} cls : 0.124, fac : 4.982, total : 5.106 
 {acc} cls : 97.27
------------------------------
<Losses on train> cls : 0.131, fac : 4.985, total : 5.116
<Accuracies on train> cls : 97.27
Train epoch time: 25.342
------------------------------
<Accuracies on val> class : 89.84
------------------------------
<Accuracies on test> class : 49.13
------------------------------
<Accuracies on Art> test class : 41.66
------------------------------
<Accuracies on Clipart> test class : 37.59
------------------------------
<Accuracies on Real_World> test class : 64.86
------------------------------
Total epoch time: 247.315

New epoch - lr: 0.003
[1/15 iteration of epoch 18/50] 
 {loss} cls : 0.153, fac : 4.980, total : 5.133 
 {acc} cls : 96.68
------------------------------
<Losses on train> cls : 0.131, fac : 4.984, total : 5.115
<Accuracies on train> cls : 97.23
Train epoch time: 24.847
------------------------------
<Accuracies on val> class : 89.16
------------------------------
<Accuracies on test> class : 49.21
------------------------------
<Accuracies on Art> test class : 41.04
------------------------------
<Accuracies on Clipart> test class : 37.87
------------------------------
<Accuracies on Real_World> test class : 65.11
------------------------------
Total epoch time: 244.677

New epoch - lr: 0.003
[1/15 iteration of epoch 19/50] 
 {loss} cls : 0.132, fac : 4.987, total : 5.120 
 {acc} cls : 97.46
------------------------------
<Losses on train> cls : 0.121, fac : 4.982, total : 5.103
<Accuracies on train> cls : 97.71
Train epoch time: 24.761
------------------------------
<Accuracies on val> class : 89.39
------------------------------
<Accuracies on test> class : 48.92
------------------------------
<Accuracies on Art> test class : 40.46
------------------------------
<Accuracies on Clipart> test class : 37.43
------------------------------
<Accuracies on Real_World> test class : 65.14
------------------------------
Total epoch time: 243.464

New epoch - lr: 0.003
[1/15 iteration of epoch 20/50] 
 {loss} cls : 0.114, fac : 4.981, total : 5.095 
 {acc} cls : 98.24
------------------------------
<Losses on train> cls : 0.118, fac : 4.981, total : 5.099
<Accuracies on train> cls : 97.53
Train epoch time: 25.479
------------------------------
<Accuracies on val> class : 90.52
------------------------------
<Accuracies on test> class : 48.86
------------------------------
<Accuracies on Art> test class : 40.17
------------------------------
<Accuracies on Clipart> test class : 37.92
------------------------------
<Accuracies on Real_World> test class : 64.65
------------------------------
Total epoch time: 246.716

New epoch - lr: 0.003
[1/15 iteration of epoch 21/50] 
 {loss} cls : 0.088, fac : 4.984, total : 5.072 
 {acc} cls : 99.02
------------------------------
<Losses on train> cls : 0.107, fac : 4.977, total : 5.085
<Accuracies on train> cls : 97.84
Train epoch time: 25.194
------------------------------
<Accuracies on val> class : 88.71
------------------------------
<Accuracies on test> class : 49.00
------------------------------
<Accuracies on Art> test class : 40.34
------------------------------
<Accuracies on Clipart> test class : 37.94
------------------------------
<Accuracies on Real_World> test class : 64.91
------------------------------
Total epoch time: 248.143

New epoch - lr: 0.003
[1/15 iteration of epoch 22/50] 
 {loss} cls : 0.106, fac : 4.972, total : 5.078 
 {acc} cls : 97.46
------------------------------
<Losses on train> cls : 0.096, fac : 4.973, total : 5.069
<Accuracies on train> cls : 98.11
Train epoch time: 25.319
------------------------------
<Accuracies on val> class : 90.07
------------------------------
<Accuracies on test> class : 49.09
------------------------------
<Accuracies on Art> test class : 40.21
------------------------------
<Accuracies on Clipart> test class : 37.94
------------------------------
<Accuracies on Real_World> test class : 65.21
------------------------------
Total epoch time: 243.867

New epoch - lr: 0.003
[1/15 iteration of epoch 23/50] 
 {loss} cls : 0.132, fac : 4.982, total : 5.114 
 {acc} cls : 96.88
------------------------------
<Losses on train> cls : 0.101, fac : 4.973, total : 5.073
<Accuracies on train> cls : 97.83
Train epoch time: 25.836
------------------------------
<Accuracies on val> class : 90.52
------------------------------
<Accuracies on test> class : 48.96
------------------------------
<Accuracies on Art> test class : 40.46
------------------------------
<Accuracies on Clipart> test class : 37.73
------------------------------
<Accuracies on Real_World> test class : 64.93
------------------------------
Total epoch time: 246.825

New epoch - lr: 0.003
[1/15 iteration of epoch 24/50] 
 {loss} cls : 0.093, fac : 4.966, total : 5.060 
 {acc} cls : 98.24
------------------------------
<Losses on train> cls : 0.102, fac : 4.970, total : 5.072
<Accuracies on train> cls : 97.75
Train epoch time: 24.941
------------------------------
<Accuracies on val> class : 90.07
------------------------------
<Accuracies on test> class : 48.88
------------------------------
<Accuracies on Art> test class : 39.76
------------------------------
<Accuracies on Clipart> test class : 37.87
------------------------------
<Accuracies on Real_World> test class : 65.00
------------------------------
Total epoch time: 244.965

New epoch - lr: 0.003
[1/15 iteration of epoch 25/50] 
 {loss} cls : 0.071, fac : 4.963, total : 5.034 
 {acc} cls : 98.63
------------------------------
<Losses on train> cls : 0.086, fac : 4.967, total : 5.053
<Accuracies on train> cls : 98.20
Train epoch time: 25.350
------------------------------
<Accuracies on val> class : 90.07
------------------------------
<Accuracies on test> class : 49.03
------------------------------
<Accuracies on Art> test class : 40.46
------------------------------
<Accuracies on Clipart> test class : 37.96
------------------------------
<Accuracies on Real_World> test class : 64.88
------------------------------
Total epoch time: 243.156

New epoch - lr: 0.003
[1/15 iteration of epoch 26/50] 
 {loss} cls : 0.110, fac : 4.968, total : 5.078 
 {acc} cls : 96.29
------------------------------
<Losses on train> cls : 0.087, fac : 4.964, total : 5.051
<Accuracies on train> cls : 98.24
Train epoch time: 25.821
------------------------------
<Accuracies on val> class : 89.84
------------------------------
<Accuracies on test> class : 48.87
------------------------------
<Accuracies on Art> test class : 39.64
------------------------------
<Accuracies on Clipart> test class : 37.89
------------------------------
<Accuracies on Real_World> test class : 65.00
------------------------------
Total epoch time: 246.369

New epoch - lr: 0.003
[1/15 iteration of epoch 27/50] 
 {loss} cls : 0.047, fac : 4.953, total : 5.001 
 {acc} cls : 99.41
------------------------------
<Losses on train> cls : 0.089, fac : 4.964, total : 5.053
<Accuracies on train> cls : 98.02
Train epoch time: 24.522
------------------------------
<Accuracies on val> class : 89.84
------------------------------
<Accuracies on test> class : 48.95
------------------------------
<Accuracies on Art> test class : 40.26
------------------------------
<Accuracies on Clipart> test class : 37.71
------------------------------
<Accuracies on Real_World> test class : 65.04
------------------------------
Total epoch time: 242.394

New epoch - lr: 0.003
[1/15 iteration of epoch 28/50] 
 {loss} cls : 0.083, fac : 4.957, total : 5.040 
 {acc} cls : 98.63
------------------------------
<Losses on train> cls : 0.081, fac : 4.959, total : 5.041
<Accuracies on train> cls : 98.35
Train epoch time: 25.306
------------------------------
<Accuracies on val> class : 89.84
------------------------------
<Accuracies on test> class : 48.61
------------------------------
<Accuracies on Art> test class : 39.68
------------------------------
<Accuracies on Clipart> test class : 37.41
------------------------------
<Accuracies on Real_World> test class : 64.79
------------------------------
Total epoch time: 243.660

New epoch - lr: 0.003
[1/15 iteration of epoch 29/50] 
 {loss} cls : 0.076, fac : 4.958, total : 5.034 
 {acc} cls : 98.83
------------------------------
<Losses on train> cls : 0.084, fac : 4.960, total : 5.043
<Accuracies on train> cls : 98.11
Train epoch time: 26.127
------------------------------
<Accuracies on val> class : 89.39
------------------------------
<Accuracies on test> class : 48.80
------------------------------
<Accuracies on Art> test class : 40.42
------------------------------
<Accuracies on Clipart> test class : 37.46
------------------------------
<Accuracies on Real_World> test class : 64.84
------------------------------
Total epoch time: 251.319

New epoch - lr: 0.003
[1/15 iteration of epoch 30/50] 
 {loss} cls : 0.107, fac : 4.960, total : 5.067 
 {acc} cls : 96.88
------------------------------
<Losses on train> cls : 0.080, fac : 4.956, total : 5.036
<Accuracies on train> cls : 98.37
Train epoch time: 25.615
------------------------------
<Accuracies on val> class : 89.16
------------------------------
<Accuracies on test> class : 48.70
------------------------------
<Accuracies on Art> test class : 39.64
------------------------------
<Accuracies on Clipart> test class : 37.66
------------------------------
<Accuracies on Real_World> test class : 64.82
------------------------------
Total epoch time: 250.181

New epoch - lr: 0.003
[1/15 iteration of epoch 31/50] 
 {loss} cls : 0.063, fac : 4.961, total : 5.025 
 {acc} cls : 99.02
------------------------------
<Losses on train> cls : 0.070, fac : 4.954, total : 5.025
<Accuracies on train> cls : 98.66
Train epoch time: 25.804
------------------------------
<Accuracies on val> class : 89.62
------------------------------
<Accuracies on test> class : 48.52
------------------------------
<Accuracies on Art> test class : 39.60
------------------------------
<Accuracies on Clipart> test class : 37.64
------------------------------
<Accuracies on Real_World> test class : 64.38
------------------------------
Total epoch time: 247.426

New epoch - lr: 0.003
[1/15 iteration of epoch 32/50] 
 {loss} cls : 0.093, fac : 4.951, total : 5.044 
 {acc} cls : 97.46
------------------------------
<Losses on train> cls : 0.070, fac : 4.951, total : 5.022
<Accuracies on train> cls : 98.54
Train epoch time: 26.336
------------------------------
<Accuracies on val> class : 89.62
------------------------------
<Accuracies on test> class : 48.46
------------------------------
<Accuracies on Art> test class : 39.68
------------------------------
<Accuracies on Clipart> test class : 37.14
------------------------------
<Accuracies on Real_World> test class : 64.70
------------------------------
Total epoch time: 250.005

New epoch - lr: 0.003
[1/15 iteration of epoch 33/50] 
 {loss} cls : 0.057, fac : 4.947, total : 5.004 
 {acc} cls : 98.44
------------------------------
<Losses on train> cls : 0.067, fac : 4.949, total : 5.016
<Accuracies on train> cls : 98.57
Train epoch time: 25.357
------------------------------
<Accuracies on val> class : 90.29
------------------------------
<Accuracies on test> class : 48.56
------------------------------
<Accuracies on Art> test class : 39.35
------------------------------
<Accuracies on Clipart> test class : 37.80
------------------------------
<Accuracies on Real_World> test class : 64.47
------------------------------
Total epoch time: 249.270

New epoch - lr: 0.003
[1/15 iteration of epoch 34/50] 
 {loss} cls : 0.069, fac : 4.948, total : 5.017 
 {acc} cls : 98.24
------------------------------
<Losses on train> cls : 0.070, fac : 4.946, total : 5.016
<Accuracies on train> cls : 98.37
Train epoch time: 25.270
------------------------------
<Accuracies on val> class : 89.39
------------------------------
<Accuracies on test> class : 48.61
------------------------------
<Accuracies on Art> test class : 40.01
------------------------------
<Accuracies on Clipart> test class : 37.39
------------------------------
<Accuracies on Real_World> test class : 64.65
------------------------------
Total epoch time: 249.107

New epoch - lr: 0.003
[1/15 iteration of epoch 35/50] 
 {loss} cls : 0.058, fac : 4.948, total : 5.006 
 {acc} cls : 99.41
------------------------------
<Losses on train> cls : 0.074, fac : 4.947, total : 5.021
<Accuracies on train> cls : 98.50
Train epoch time: 25.787
------------------------------
<Accuracies on val> class : 89.62
------------------------------
<Accuracies on test> class : 48.48
------------------------------
<Accuracies on Art> test class : 39.39
------------------------------
<Accuracies on Clipart> test class : 37.41
------------------------------
<Accuracies on Real_World> test class : 64.63
------------------------------
Total epoch time: 248.274

New epoch - lr: 0.003
[1/15 iteration of epoch 36/50] 
 {loss} cls : 0.070, fac : 4.940, total : 5.010 
 {acc} cls : 99.02
------------------------------
<Losses on train> cls : 0.066, fac : 4.942, total : 5.008
<Accuracies on train> cls : 98.62
Train epoch time: 24.989
------------------------------
<Accuracies on val> class : 88.94
------------------------------
<Accuracies on test> class : 48.04
------------------------------
<Accuracies on Art> test class : 39.51
------------------------------
<Accuracies on Clipart> test class : 36.59
------------------------------
<Accuracies on Real_World> test class : 64.26
------------------------------
Total epoch time: 248.139

New epoch - lr: 0.003
[1/15 iteration of epoch 37/50] 
 {loss} cls : 0.073, fac : 4.940, total : 5.014 
 {acc} cls : 97.46
------------------------------
<Losses on train> cls : 0.070, fac : 4.941, total : 5.011
<Accuracies on train> cls : 98.35
Train epoch time: 25.292
------------------------------
<Accuracies on val> class : 89.39
------------------------------
<Accuracies on test> class : 48.22
------------------------------
<Accuracies on Art> test class : 39.10
------------------------------
<Accuracies on Clipart> test class : 37.21
------------------------------
<Accuracies on Real_World> test class : 64.33
------------------------------
Total epoch time: 248.936

New epoch - lr: 0.003
[1/15 iteration of epoch 38/50] 
 {loss} cls : 0.057, fac : 4.941, total : 4.998 
 {acc} cls : 97.85
------------------------------
<Losses on train> cls : 0.064, fac : 4.940, total : 5.004
<Accuracies on train> cls : 98.66
Train epoch time: 25.873
------------------------------
<Accuracies on val> class : 89.62
------------------------------
<Accuracies on test> class : 48.14
------------------------------
<Accuracies on Art> test class : 39.14
------------------------------
<Accuracies on Clipart> test class : 37.00
------------------------------
<Accuracies on Real_World> test class : 64.31
------------------------------
Total epoch time: 251.639

New epoch - lr: 0.003
[1/15 iteration of epoch 39/50] 
 {loss} cls : 0.053, fac : 4.938, total : 4.991 
 {acc} cls : 98.83
------------------------------
<Losses on train> cls : 0.073, fac : 4.940, total : 5.013
<Accuracies on train> cls : 98.52
Train epoch time: 25.965
------------------------------
<Accuracies on val> class : 90.52
------------------------------
<Accuracies on test> class : 48.30
------------------------------
<Accuracies on Art> test class : 39.14
------------------------------
<Accuracies on Clipart> test class : 37.43
------------------------------
<Accuracies on Real_World> test class : 64.29
------------------------------
Total epoch time: 253.601

New epoch - lr: 0.003
[1/15 iteration of epoch 40/50] 
 {loss} cls : 0.074, fac : 4.940, total : 5.014 
 {acc} cls : 98.05
------------------------------
<Losses on train> cls : 0.076, fac : 4.938, total : 5.014
<Accuracies on train> cls : 98.36
Train epoch time: 25.507
------------------------------
<Accuracies on val> class : 90.97
------------------------------
<Accuracies on test> class : 48.47
------------------------------
<Accuracies on Art> test class : 38.65
------------------------------
<Accuracies on Clipart> test class : 37.80
------------------------------
<Accuracies on Real_World> test class : 64.63
------------------------------
Total epoch time: 251.393

New epoch - lr: 0.003
[1/15 iteration of epoch 41/50] 
 {loss} cls : 0.057, fac : 4.935, total : 4.992 
 {acc} cls : 98.63
------------------------------
<Losses on train> cls : 0.062, fac : 4.936, total : 4.998
<Accuracies on train> cls : 98.70
Train epoch time: 25.991
------------------------------
<Accuracies on val> class : 89.62
------------------------------
<Accuracies on test> class : 48.27
------------------------------
<Accuracies on Art> test class : 39.14
------------------------------
<Accuracies on Clipart> test class : 37.39
------------------------------
<Accuracies on Real_World> test class : 64.26
------------------------------
Total epoch time: 251.731

New epoch - lr: 0.003
[1/15 iteration of epoch 42/50] 
 {loss} cls : 0.054, fac : 4.937, total : 4.991 
 {acc} cls : 99.22
------------------------------
<Losses on train> cls : 0.062, fac : 4.933, total : 4.996
<Accuracies on train> cls : 98.75
Train epoch time: 25.918
------------------------------
<Accuracies on val> class : 90.52
------------------------------
<Accuracies on test> class : 48.16
------------------------------
<Accuracies on Art> test class : 38.94
------------------------------
<Accuracies on Clipart> test class : 37.53
------------------------------
<Accuracies on Real_World> test class : 63.94
------------------------------
Total epoch time: 253.487

New epoch - lr: 0.003
[1/15 iteration of epoch 43/50] 
 {loss} cls : 0.031, fac : 4.928, total : 4.960 
 {acc} cls : 99.41
------------------------------
<Losses on train> cls : 0.053, fac : 4.931, total : 4.984
<Accuracies on train> cls : 98.89
Train epoch time: 25.941
------------------------------
<Accuracies on val> class : 89.62
------------------------------
<Accuracies on test> class : 48.27
------------------------------
<Accuracies on Art> test class : 39.27
------------------------------
<Accuracies on Clipart> test class : 37.43
------------------------------
<Accuracies on Real_World> test class : 64.15
------------------------------
Total epoch time: 251.822

New epoch - lr: 0.003
[1/15 iteration of epoch 44/50] 
 {loss} cls : 0.044, fac : 4.934, total : 4.978 
 {acc} cls : 99.61
------------------------------
<Losses on train> cls : 0.061, fac : 4.929, total : 4.990
<Accuracies on train> cls : 98.54
Train epoch time: 25.717
------------------------------
<Accuracies on val> class : 90.52
------------------------------
<Accuracies on test> class : 48.22
------------------------------
<Accuracies on Art> test class : 38.94
------------------------------
<Accuracies on Clipart> test class : 37.37
------------------------------
<Accuracies on Real_World> test class : 64.26
------------------------------
Total epoch time: 251.135

New epoch - lr: 0.0009000000000000002
[1/15 iteration of epoch 45/50] 
 {loss} cls : 0.084, fac : 4.934, total : 5.018 
 {acc} cls : 97.07
------------------------------
<Losses on train> cls : 0.057, fac : 4.927, total : 4.984
<Accuracies on train> cls : 98.74
Train epoch time: 25.651
------------------------------
<Accuracies on val> class : 90.29
------------------------------
<Accuracies on test> class : 48.23
------------------------------
<Accuracies on Art> test class : 38.73
------------------------------
<Accuracies on Clipart> test class : 37.46
------------------------------
<Accuracies on Real_World> test class : 64.31
------------------------------
Total epoch time: 250.814

New epoch - lr: 0.0009000000000000002
[1/15 iteration of epoch 46/50] 
 {loss} cls : 0.037, fac : 4.925, total : 4.961 
 {acc} cls : 99.80
------------------------------
<Losses on train> cls : 0.056, fac : 4.927, total : 4.983
<Accuracies on train> cls : 98.84
Train epoch time: 25.753
------------------------------
<Accuracies on val> class : 89.84
------------------------------
<Accuracies on test> class : 48.36
------------------------------
<Accuracies on Art> test class : 39.18
------------------------------
<Accuracies on Clipart> test class : 37.34
------------------------------
<Accuracies on Real_World> test class : 64.52
------------------------------
Total epoch time: 251.321

New epoch - lr: 0.0009000000000000002
[1/15 iteration of epoch 47/50] 
 {loss} cls : 0.063, fac : 4.930, total : 4.994 
 {acc} cls : 98.05
------------------------------
<Losses on train> cls : 0.056, fac : 4.927, total : 4.983
<Accuracies on train> cls : 98.78
Train epoch time: 25.368
------------------------------
<Accuracies on val> class : 89.84
------------------------------
<Accuracies on test> class : 48.38
------------------------------
<Accuracies on Art> test class : 39.18
------------------------------
<Accuracies on Clipart> test class : 37.48
------------------------------
<Accuracies on Real_World> test class : 64.43
------------------------------
Total epoch time: 252.126

New epoch - lr: 0.0009000000000000002
[1/15 iteration of epoch 48/50] 
 {loss} cls : 0.049, fac : 4.920, total : 4.969 
 {acc} cls : 98.63
------------------------------
<Losses on train> cls : 0.055, fac : 4.926, total : 4.980
<Accuracies on train> cls : 98.79
Train epoch time: 25.835
------------------------------
<Accuracies on val> class : 89.84
------------------------------
<Accuracies on test> class : 48.19
------------------------------
<Accuracies on Art> test class : 39.02
------------------------------
<Accuracies on Clipart> test class : 37.39
------------------------------
<Accuracies on Real_World> test class : 64.13
------------------------------
Total epoch time: 251.164

New epoch - lr: 0.0009000000000000002
[1/15 iteration of epoch 49/50] 
 {loss} cls : 0.049, fac : 4.926, total : 4.975 
 {acc} cls : 99.22
------------------------------
<Losses on train> cls : 0.055, fac : 4.925, total : 4.981
<Accuracies on train> cls : 98.67
Train epoch time: 25.388
------------------------------
<Accuracies on val> class : 89.84
------------------------------
<Accuracies on test> class : 48.14
------------------------------
<Accuracies on Art> test class : 39.23
------------------------------
<Accuracies on Clipart> test class : 37.21
------------------------------
<Accuracies on Real_World> test class : 64.06
------------------------------
Total epoch time: 251.314

New epoch - lr: 0.0009000000000000002
[1/15 iteration of epoch 50/50] 
 {loss} cls : 0.030, fac : 4.926, total : 4.955 
 {acc} cls : 99.80
------------------------------
<Losses on train> cls : 0.051, fac : 4.926, total : 4.977
<Accuracies on train> cls : 98.88
Train epoch time: 25.577
------------------------------
<Accuracies on val> class : 89.84
------------------------------
<Accuracies on test> class : 48.24
------------------------------
<Accuracies on Art> test class : 39.18
------------------------------
<Accuracies on Clipart> test class : 37.41
------------------------------
<Accuracies on Real_World> test class : 64.13
------------------------------
Total epoch time: 250.134

******************************
Best val 0.909707, corresponding test 0.484707 - best test: 0.493587

******************************
Best val 0.9097065329551697, corresponding Art test 0.38648536801338196

******************************
Best val 0.9097065329551697, corresponding Clipart test 0.37800687551498413

******************************
Best val 0.9097065329551697, corresponding Real_World test 0.6463162899017334
