
Loading experiment PACS/ResNet50


New epoch - lr: 0.001
[1/110 iteration of epoch 1/50] 
 {loss} cls : 1.937, total : 1.937 
 {acc} cls : 18.75
[31/110 iteration of epoch 1/50] 
 {loss} cls : 0.628, total : 0.628 
 {acc} cls : 82.81
[61/110 iteration of epoch 1/50] 
 {loss} cls : 0.536, total : 0.536 
 {acc} cls : 78.12
[91/110 iteration of epoch 1/50] 
 {loss} cls : 0.450, total : 0.450 
 {acc} cls : 82.81
------------------------------
<Losses on train> cls : 0.742, total : 0.742
<Accuracies on train> cls : 71.90
Train epoch time: 97.177
------------------------------
<Accuracies on val> class : 90.95
------------------------------
<Accuracies on test> class : 43.53
------------------------------
<Accuracies on photo> test class : 48.14
------------------------------
<Accuracies on cartoon> test class : 42.02
------------------------------
<Accuracies on art_painting> test class : 41.50
------------------------------
Total epoch time: 140.249

New epoch - lr: 0.001
[1/110 iteration of epoch 2/50] 
 {loss} cls : 0.408, total : 0.408 
 {acc} cls : 89.06
[31/110 iteration of epoch 2/50] 
 {loss} cls : 0.244, total : 0.244 
 {acc} cls : 87.50
[61/110 iteration of epoch 2/50] 
 {loss} cls : 0.272, total : 0.272 
 {acc} cls : 92.19
[91/110 iteration of epoch 2/50] 
 {loss} cls : 0.130, total : 0.130 
 {acc} cls : 95.31
------------------------------
<Losses on train> cls : 0.256, total : 0.256
<Accuracies on train> cls : 90.67
Train epoch time: 70.774
------------------------------
<Accuracies on val> class : 92.46
------------------------------
<Accuracies on test> class : 47.18
------------------------------
<Accuracies on photo> test class : 46.71
------------------------------
<Accuracies on cartoon> test class : 53.07
------------------------------
<Accuracies on art_painting> test class : 40.82
------------------------------
Total epoch time: 111.158

New epoch - lr: 0.001
[1/110 iteration of epoch 3/50] 
 {loss} cls : 0.080, total : 0.080 
 {acc} cls : 98.44
[31/110 iteration of epoch 3/50] 
 {loss} cls : 0.216, total : 0.216 
 {acc} cls : 92.19
[61/110 iteration of epoch 3/50] 
 {loss} cls : 0.091, total : 0.091 
 {acc} cls : 96.88
[91/110 iteration of epoch 3/50] 
 {loss} cls : 0.239, total : 0.239 
 {acc} cls : 87.50
------------------------------
<Losses on train> cls : 0.151, total : 0.151
<Accuracies on train> cls : 94.57
Train epoch time: 65.369
------------------------------
<Accuracies on val> class : 94.47
------------------------------
<Accuracies on test> class : 50.48
------------------------------
<Accuracies on photo> test class : 48.92
------------------------------
<Accuracies on cartoon> test class : 56.27
------------------------------
<Accuracies on art_painting> test class : 45.12
------------------------------
Total epoch time: 105.872

New epoch - lr: 0.001
[1/110 iteration of epoch 4/50] 
 {loss} cls : 0.070, total : 0.070 
 {acc} cls : 96.88
[31/110 iteration of epoch 4/50] 
 {loss} cls : 0.272, total : 0.272 
 {acc} cls : 92.19
[61/110 iteration of epoch 4/50] 
 {loss} cls : 0.061, total : 0.061 
 {acc} cls : 96.88
[91/110 iteration of epoch 4/50] 
 {loss} cls : 0.136, total : 0.136 
 {acc} cls : 95.31
------------------------------
<Losses on train> cls : 0.122, total : 0.122
<Accuracies on train> cls : 95.77
Train epoch time: 65.707
------------------------------
<Accuracies on val> class : 93.97
------------------------------
<Accuracies on test> class : 51.19
------------------------------
<Accuracies on photo> test class : 49.34
------------------------------
<Accuracies on cartoon> test class : 57.04
------------------------------
<Accuracies on art_painting> test class : 46.00
------------------------------
Total epoch time: 105.025

New epoch - lr: 0.001
[1/110 iteration of epoch 5/50] 
 {loss} cls : 0.094, total : 0.094 
 {acc} cls : 96.88
[31/110 iteration of epoch 5/50] 
 {loss} cls : 0.065, total : 0.065 
 {acc} cls : 98.44
[61/110 iteration of epoch 5/50] 
 {loss} cls : 0.063, total : 0.063 
 {acc} cls : 98.44
[91/110 iteration of epoch 5/50] 
 {loss} cls : 0.184, total : 0.184 
 {acc} cls : 96.88
------------------------------
<Losses on train> cls : 0.102, total : 0.102
<Accuracies on train> cls : 96.41
Train epoch time: 65.453
------------------------------
<Accuracies on val> class : 93.47
------------------------------
<Accuracies on test> class : 52.84
------------------------------
<Accuracies on photo> test class : 51.80
------------------------------
<Accuracies on cartoon> test class : 58.62
------------------------------
<Accuracies on art_painting> test class : 47.07
------------------------------
Total epoch time: 104.562

New epoch - lr: 0.001
[1/110 iteration of epoch 6/50] 
 {loss} cls : 0.061, total : 0.061 
 {acc} cls : 96.88
[31/110 iteration of epoch 6/50] 
 {loss} cls : 0.083, total : 0.083 
 {acc} cls : 98.44
[61/110 iteration of epoch 6/50] 
 {loss} cls : 0.134, total : 0.134 
 {acc} cls : 96.88
[91/110 iteration of epoch 6/50] 
 {loss} cls : 0.116, total : 0.116 
 {acc} cls : 96.88
------------------------------
<Losses on train> cls : 0.078, total : 0.078
<Accuracies on train> cls : 97.51
Train epoch time: 65.683
------------------------------
<Accuracies on val> class : 94.22
------------------------------
<Accuracies on test> class : 56.75
------------------------------
<Accuracies on photo> test class : 58.32
------------------------------
<Accuracies on cartoon> test class : 61.35
------------------------------
<Accuracies on art_painting> test class : 50.20
------------------------------
Total epoch time: 105.269

New epoch - lr: 0.001
[1/110 iteration of epoch 7/50] 
 {loss} cls : 0.091, total : 0.091 
 {acc} cls : 96.88
[31/110 iteration of epoch 7/50] 
 {loss} cls : 0.094, total : 0.094 
 {acc} cls : 95.31
[61/110 iteration of epoch 7/50] 
 {loss} cls : 0.119, total : 0.119 
 {acc} cls : 96.88
[91/110 iteration of epoch 7/50] 
 {loss} cls : 0.039, total : 0.039 
 {acc} cls : 98.44
------------------------------
<Losses on train> cls : 0.071, total : 0.071
<Accuracies on train> cls : 97.49
Train epoch time: 65.207
------------------------------
<Accuracies on val> class : 93.47
------------------------------
<Accuracies on test> class : 55.15
------------------------------
<Accuracies on photo> test class : 54.79
------------------------------
<Accuracies on cartoon> test class : 61.43
------------------------------
<Accuracies on art_painting> test class : 48.24
------------------------------
Total epoch time: 105.171

New epoch - lr: 0.001
[1/110 iteration of epoch 8/50] 
 {loss} cls : 0.036, total : 0.036 
 {acc} cls : 100.00
[31/110 iteration of epoch 8/50] 
 {loss} cls : 0.225, total : 0.225 
 {acc} cls : 93.75
[61/110 iteration of epoch 8/50] 
 {loss} cls : 0.089, total : 0.089 
 {acc} cls : 95.31
[91/110 iteration of epoch 8/50] 
 {loss} cls : 0.017, total : 0.017 
 {acc} cls : 100.00
------------------------------
<Losses on train> cls : 0.070, total : 0.070
<Accuracies on train> cls : 97.70
Train epoch time: 65.497
------------------------------
<Accuracies on val> class : 93.97
------------------------------
<Accuracies on test> class : 54.31
------------------------------
<Accuracies on photo> test class : 55.87
------------------------------
<Accuracies on cartoon> test class : 60.20
------------------------------
<Accuracies on art_painting> test class : 46.29
------------------------------
Total epoch time: 104.769

New epoch - lr: 0.001
[1/110 iteration of epoch 9/50] 
 {loss} cls : 0.005, total : 0.005 
 {acc} cls : 100.00
[31/110 iteration of epoch 9/50] 
 {loss} cls : 0.050, total : 0.050 
 {acc} cls : 98.44
[61/110 iteration of epoch 9/50] 
 {loss} cls : 0.105, total : 0.105 
 {acc} cls : 93.75
[91/110 iteration of epoch 9/50] 
 {loss} cls : 0.040, total : 0.040 
 {acc} cls : 98.44
------------------------------
<Losses on train> cls : 0.066, total : 0.066
<Accuracies on train> cls : 97.61
Train epoch time: 65.564
------------------------------
<Accuracies on val> class : 92.71
------------------------------
<Accuracies on test> class : 54.17
------------------------------
<Accuracies on photo> test class : 56.65
------------------------------
<Accuracies on cartoon> test class : 58.75
------------------------------
<Accuracies on art_painting> test class : 46.92
------------------------------
Total epoch time: 105.125

New epoch - lr: 0.001
[1/110 iteration of epoch 10/50] 
 {loss} cls : 0.004, total : 0.004 
 {acc} cls : 100.00
[31/110 iteration of epoch 10/50] 
 {loss} cls : 0.046, total : 0.046 
 {acc} cls : 98.44
[61/110 iteration of epoch 10/50] 
 {loss} cls : 0.062, total : 0.062 
 {acc} cls : 96.88
[91/110 iteration of epoch 10/50] 
 {loss} cls : 0.024, total : 0.024 
 {acc} cls : 100.00
------------------------------
<Losses on train> cls : 0.044, total : 0.044
<Accuracies on train> cls : 98.54
Train epoch time: 65.380
------------------------------
<Accuracies on val> class : 93.97
------------------------------
<Accuracies on test> class : 56.50
------------------------------
<Accuracies on photo> test class : 58.38
------------------------------
<Accuracies on cartoon> test class : 60.45
------------------------------
<Accuracies on art_painting> test class : 50.44
------------------------------
Total epoch time: 104.880

New epoch - lr: 0.001
[1/110 iteration of epoch 11/50] 
 {loss} cls : 0.057, total : 0.057 
 {acc} cls : 96.88
[31/110 iteration of epoch 11/50] 
 {loss} cls : 0.091, total : 0.091 
 {acc} cls : 95.31
[61/110 iteration of epoch 11/50] 
 {loss} cls : 0.051, total : 0.051 
 {acc} cls : 98.44
[91/110 iteration of epoch 11/50] 
 {loss} cls : 0.029, total : 0.029 
 {acc} cls : 100.00
------------------------------
<Losses on train> cls : 0.050, total : 0.050
<Accuracies on train> cls : 98.28
Train epoch time: 65.229
------------------------------
<Accuracies on val> class : 93.97
------------------------------
<Accuracies on test> class : 55.96
------------------------------
<Accuracies on photo> test class : 56.35
------------------------------
<Accuracies on cartoon> test class : 61.01
------------------------------
<Accuracies on art_painting> test class : 49.85
------------------------------
Total epoch time: 104.253

New epoch - lr: 0.001
[1/110 iteration of epoch 12/50] 
 {loss} cls : 0.083, total : 0.083 
 {acc} cls : 96.88
[31/110 iteration of epoch 12/50] 
 {loss} cls : 0.155, total : 0.155 
 {acc} cls : 96.88
[61/110 iteration of epoch 12/50] 
 {loss} cls : 0.034, total : 0.034 
 {acc} cls : 98.44
[91/110 iteration of epoch 12/50] 
 {loss} cls : 0.079, total : 0.079 
 {acc} cls : 96.88
------------------------------
<Losses on train> cls : 0.053, total : 0.053
<Accuracies on train> cls : 98.14
Train epoch time: 65.732
------------------------------
<Accuracies on val> class : 93.47
------------------------------
<Accuracies on test> class : 53.55
------------------------------
<Accuracies on photo> test class : 54.25
------------------------------
<Accuracies on cartoon> test class : 59.68
------------------------------
<Accuracies on art_painting> test class : 45.95
------------------------------
Total epoch time: 105.439

New epoch - lr: 0.001
[1/110 iteration of epoch 13/50] 
 {loss} cls : 0.130, total : 0.130 
 {acc} cls : 96.88
[31/110 iteration of epoch 13/50] 
 {loss} cls : 0.070, total : 0.070 
 {acc} cls : 98.44
[61/110 iteration of epoch 13/50] 
 {loss} cls : 0.002, total : 0.002 
 {acc} cls : 100.00
[91/110 iteration of epoch 13/50] 
 {loss} cls : 0.067, total : 0.067 
 {acc} cls : 96.88
------------------------------
<Losses on train> cls : 0.049, total : 0.049
<Accuracies on train> cls : 98.30
Train epoch time: 65.291
------------------------------
<Accuracies on val> class : 94.22
------------------------------
<Accuracies on test> class : 53.74
------------------------------
<Accuracies on photo> test class : 55.39
------------------------------
<Accuracies on cartoon> test class : 59.98
------------------------------
<Accuracies on art_painting> test class : 45.26
------------------------------
Total epoch time: 105.318

New epoch - lr: 0.001
[1/110 iteration of epoch 14/50] 
 {loss} cls : 0.040, total : 0.040 
 {acc} cls : 98.44
[31/110 iteration of epoch 14/50] 
 {loss} cls : 0.073, total : 0.073 
 {acc} cls : 96.88
[61/110 iteration of epoch 14/50] 
 {loss} cls : 0.043, total : 0.043 
 {acc} cls : 98.44
[91/110 iteration of epoch 14/50] 
 {loss} cls : 0.092, total : 0.092 
 {acc} cls : 95.31
------------------------------
<Losses on train> cls : 0.050, total : 0.050
<Accuracies on train> cls : 98.11
Train epoch time: 65.343
------------------------------
<Accuracies on val> class : 93.22
------------------------------
<Accuracies on test> class : 51.30
------------------------------
<Accuracies on photo> test class : 51.80
------------------------------
<Accuracies on cartoon> test class : 56.57
------------------------------
<Accuracies on art_painting> test class : 44.87
------------------------------
Total epoch time: 104.770

New epoch - lr: 0.001
[1/110 iteration of epoch 15/50] 
 {loss} cls : 0.043, total : 0.043 
 {acc} cls : 98.44
[31/110 iteration of epoch 15/50] 
 {loss} cls : 0.051, total : 0.051 
 {acc} cls : 96.88
[61/110 iteration of epoch 15/50] 
 {loss} cls : 0.026, total : 0.026 
 {acc} cls : 100.00
[91/110 iteration of epoch 15/50] 
 {loss} cls : 0.029, total : 0.029 
 {acc} cls : 100.00
------------------------------
<Losses on train> cls : 0.047, total : 0.047
<Accuracies on train> cls : 98.37
Train epoch time: 65.462
------------------------------
<Accuracies on val> class : 93.72
------------------------------
<Accuracies on test> class : 55.20
------------------------------
<Accuracies on photo> test class : 53.35
------------------------------
<Accuracies on cartoon> test class : 62.07
------------------------------
<Accuracies on art_painting> test class : 48.83
------------------------------
Total epoch time: 105.270

New epoch - lr: 0.001
[1/110 iteration of epoch 16/50] 
 {loss} cls : 0.054, total : 0.054 
 {acc} cls : 98.44
[31/110 iteration of epoch 16/50] 
 {loss} cls : 0.027, total : 0.027 
 {acc} cls : 100.00
[61/110 iteration of epoch 16/50] 
 {loss} cls : 0.023, total : 0.023 
 {acc} cls : 100.00
[91/110 iteration of epoch 16/50] 
 {loss} cls : 0.070, total : 0.070 
 {acc} cls : 96.88
------------------------------
<Losses on train> cls : 0.042, total : 0.042
<Accuracies on train> cls : 98.55
Train epoch time: 65.191
------------------------------
<Accuracies on val> class : 94.47
------------------------------
<Accuracies on test> class : 54.24
------------------------------
<Accuracies on photo> test class : 51.08
------------------------------
<Accuracies on cartoon> test class : 63.31
------------------------------
<Accuracies on art_painting> test class : 46.44
------------------------------
Total epoch time: 105.562

New epoch - lr: 0.001
[1/110 iteration of epoch 17/50] 
 {loss} cls : 0.051, total : 0.051 
 {acc} cls : 96.88
[31/110 iteration of epoch 17/50] 
 {loss} cls : 0.020, total : 0.020 
 {acc} cls : 98.44
[61/110 iteration of epoch 17/50] 
 {loss} cls : 0.032, total : 0.032 
 {acc} cls : 98.44
[91/110 iteration of epoch 17/50] 
 {loss} cls : 0.012, total : 0.012 
 {acc} cls : 100.00
------------------------------
<Losses on train> cls : 0.037, total : 0.037
<Accuracies on train> cls : 98.75
Train epoch time: 65.461
------------------------------
<Accuracies on val> class : 93.22
------------------------------
<Accuracies on test> class : 51.17
------------------------------
<Accuracies on photo> test class : 46.23
------------------------------
<Accuracies on cartoon> test class : 61.35
------------------------------
<Accuracies on art_painting> test class : 43.55
------------------------------
Total epoch time: 104.507

New epoch - lr: 0.001
[1/110 iteration of epoch 18/50] 
 {loss} cls : 0.067, total : 0.067 
 {acc} cls : 96.88
[31/110 iteration of epoch 18/50] 
 {loss} cls : 0.018, total : 0.018 
 {acc} cls : 100.00
[61/110 iteration of epoch 18/50] 
 {loss} cls : 0.003, total : 0.003 
 {acc} cls : 100.00
[91/110 iteration of epoch 18/50] 
 {loss} cls : 0.021, total : 0.021 
 {acc} cls : 98.44
------------------------------
<Losses on train> cls : 0.036, total : 0.036
<Accuracies on train> cls : 98.74
Train epoch time: 66.173
------------------------------
<Accuracies on val> class : 94.72
------------------------------
<Accuracies on test> class : 56.07
------------------------------
<Accuracies on photo> test class : 53.23
------------------------------
<Accuracies on cartoon> test class : 65.49
------------------------------
<Accuracies on art_painting> test class : 47.61
------------------------------
Total epoch time: 106.819

New epoch - lr: 0.001
[1/110 iteration of epoch 19/50] 
 {loss} cls : 0.014, total : 0.014 
 {acc} cls : 100.00
[31/110 iteration of epoch 19/50] 
 {loss} cls : 0.015, total : 0.015 
 {acc} cls : 100.00
[61/110 iteration of epoch 19/50] 
 {loss} cls : 0.086, total : 0.086 
 {acc} cls : 96.88
[91/110 iteration of epoch 19/50] 
 {loss} cls : 0.065, total : 0.065 
 {acc} cls : 98.44
------------------------------
<Losses on train> cls : 0.043, total : 0.043
<Accuracies on train> cls : 98.42
Train epoch time: 65.775
------------------------------
<Accuracies on val> class : 93.97
------------------------------
<Accuracies on test> class : 52.44
------------------------------
<Accuracies on photo> test class : 53.41
------------------------------
<Accuracies on cartoon> test class : 62.59
------------------------------
<Accuracies on art_painting> test class : 40.04
------------------------------
Total epoch time: 105.696

New epoch - lr: 0.001
[1/110 iteration of epoch 20/50] 
 {loss} cls : 0.010, total : 0.010 
 {acc} cls : 100.00
[31/110 iteration of epoch 20/50] 
 {loss} cls : 0.014, total : 0.014 
 {acc} cls : 100.00
[61/110 iteration of epoch 20/50] 
 {loss} cls : 0.033, total : 0.033 
 {acc} cls : 98.44
[91/110 iteration of epoch 20/50] 
 {loss} cls : 0.087, total : 0.087 
 {acc} cls : 96.88
------------------------------
<Losses on train> cls : 0.040, total : 0.040
<Accuracies on train> cls : 98.41
Train epoch time: 65.292
------------------------------
<Accuracies on val> class : 93.22
------------------------------
<Accuracies on test> class : 47.86
------------------------------
<Accuracies on photo> test class : 47.78
------------------------------
<Accuracies on cartoon> test class : 57.81
------------------------------
<Accuracies on art_painting> test class : 36.52
------------------------------
Total epoch time: 104.417

New epoch - lr: 0.001
[1/110 iteration of epoch 21/50] 
 {loss} cls : 0.093, total : 0.093 
 {acc} cls : 96.88
[31/110 iteration of epoch 21/50] 
 {loss} cls : 0.012, total : 0.012 
 {acc} cls : 100.00
[61/110 iteration of epoch 21/50] 
 {loss} cls : 0.031, total : 0.031 
 {acc} cls : 98.44
[91/110 iteration of epoch 21/50] 
 {loss} cls : 0.076, total : 0.076 
 {acc} cls : 96.88
------------------------------
<Losses on train> cls : 0.039, total : 0.039
<Accuracies on train> cls : 98.55
Train epoch time: 65.427
------------------------------
<Accuracies on val> class : 92.96
------------------------------
<Accuracies on test> class : 52.33
------------------------------
<Accuracies on photo> test class : 50.84
------------------------------
<Accuracies on cartoon> test class : 59.00
------------------------------
<Accuracies on art_painting> test class : 45.90
------------------------------
Total epoch time: 104.619

New epoch - lr: 0.001
[1/110 iteration of epoch 22/50] 
 {loss} cls : 0.014, total : 0.014 
 {acc} cls : 100.00
[31/110 iteration of epoch 22/50] 
 {loss} cls : 0.028, total : 0.028 
 {acc} cls : 98.44
[61/110 iteration of epoch 22/50] 
 {loss} cls : 0.003, total : 0.003 
 {acc} cls : 100.00
[91/110 iteration of epoch 22/50] 
 {loss} cls : 0.114, total : 0.114 
 {acc} cls : 95.31
------------------------------
<Losses on train> cls : 0.042, total : 0.042
<Accuracies on train> cls : 98.47
Train epoch time: 65.343
------------------------------
<Accuracies on val> class : 94.72
------------------------------
<Accuracies on test> class : 56.85
------------------------------
<Accuracies on photo> test class : 54.49
------------------------------
<Accuracies on cartoon> test class : 63.05
------------------------------
<Accuracies on art_painting> test class : 51.66
------------------------------
Total epoch time: 105.814

New epoch - lr: 0.001
[1/110 iteration of epoch 23/50] 
 {loss} cls : 0.050, total : 0.050 
 {acc} cls : 96.88
[31/110 iteration of epoch 23/50] 
 {loss} cls : 0.046, total : 0.046 
 {acc} cls : 96.88
[61/110 iteration of epoch 23/50] 
 {loss} cls : 0.037, total : 0.037 
 {acc} cls : 98.44
[91/110 iteration of epoch 23/50] 
 {loss} cls : 0.032, total : 0.032 
 {acc} cls : 100.00
------------------------------
<Losses on train> cls : 0.040, total : 0.040
<Accuracies on train> cls : 98.35
Train epoch time: 65.633
------------------------------
<Accuracies on val> class : 93.47
------------------------------
<Accuracies on test> class : 55.59
------------------------------
<Accuracies on photo> test class : 54.01
------------------------------
<Accuracies on cartoon> test class : 61.52
------------------------------
<Accuracies on art_painting> test class : 50.10
------------------------------
Total epoch time: 105.234

New epoch - lr: 0.001
[1/110 iteration of epoch 24/50] 
 {loss} cls : 0.064, total : 0.064 
 {acc} cls : 96.88
[31/110 iteration of epoch 24/50] 
 {loss} cls : 0.050, total : 0.050 
 {acc} cls : 98.44
[61/110 iteration of epoch 24/50] 
 {loss} cls : 0.001, total : 0.001 
 {acc} cls : 100.00
[91/110 iteration of epoch 24/50] 
 {loss} cls : 0.057, total : 0.057 
 {acc} cls : 98.44
------------------------------
<Losses on train> cls : 0.036, total : 0.036
<Accuracies on train> cls : 98.64
Train epoch time: 65.185
------------------------------
<Accuracies on val> class : 94.22
------------------------------
<Accuracies on test> class : 56.09
------------------------------
<Accuracies on photo> test class : 53.53
------------------------------
<Accuracies on cartoon> test class : 62.24
------------------------------
<Accuracies on art_painting> test class : 51.12
------------------------------
Total epoch time: 104.885

New epoch - lr: 0.001
[1/110 iteration of epoch 25/50] 
 {loss} cls : 0.075, total : 0.075 
 {acc} cls : 96.88
[31/110 iteration of epoch 25/50] 
 {loss} cls : 0.013, total : 0.013 
 {acc} cls : 100.00
[61/110 iteration of epoch 25/50] 
 {loss} cls : 0.048, total : 0.048 
 {acc} cls : 98.44
[91/110 iteration of epoch 25/50] 
 {loss} cls : 0.086, total : 0.086 
 {acc} cls : 95.31
------------------------------
<Losses on train> cls : 0.033, total : 0.033
<Accuracies on train> cls : 98.75
Train epoch time: 65.577
------------------------------
<Accuracies on val> class : 93.72
------------------------------
<Accuracies on test> class : 52.39
------------------------------
<Accuracies on photo> test class : 50.00
------------------------------
<Accuracies on cartoon> test class : 60.15
------------------------------
<Accuracies on art_painting> test class : 45.46
------------------------------
Total epoch time: 105.542

New epoch - lr: 0.001
[1/110 iteration of epoch 26/50] 
 {loss} cls : 0.045, total : 0.045 
 {acc} cls : 98.44
[31/110 iteration of epoch 26/50] 
 {loss} cls : 0.032, total : 0.032 
 {acc} cls : 98.44
[61/110 iteration of epoch 26/50] 
 {loss} cls : 0.018, total : 0.018 
 {acc} cls : 100.00
[91/110 iteration of epoch 26/50] 
 {loss} cls : 0.064, total : 0.064 
 {acc} cls : 96.88
------------------------------
<Losses on train> cls : 0.035, total : 0.035
<Accuracies on train> cls : 98.78
Train epoch time: 65.750
------------------------------
<Accuracies on val> class : 93.97
------------------------------
<Accuracies on test> class : 54.95
------------------------------
<Accuracies on photo> test class : 53.83
------------------------------
<Accuracies on cartoon> test class : 61.09
------------------------------
<Accuracies on art_painting> test class : 48.83
------------------------------
Total epoch time: 104.941

New epoch - lr: 0.001
[1/110 iteration of epoch 27/50] 
 {loss} cls : 0.011, total : 0.011 
 {acc} cls : 100.00
[31/110 iteration of epoch 27/50] 
 {loss} cls : 0.006, total : 0.006 
 {acc} cls : 100.00
[61/110 iteration of epoch 27/50] 
 {loss} cls : 0.057, total : 0.057 
 {acc} cls : 96.88
[91/110 iteration of epoch 27/50] 
 {loss} cls : 0.036, total : 0.036 
 {acc} cls : 98.44
------------------------------
<Losses on train> cls : 0.036, total : 0.036
<Accuracies on train> cls : 98.65
Train epoch time: 65.575
------------------------------
<Accuracies on val> class : 93.22
------------------------------
<Accuracies on test> class : 56.75
------------------------------
<Accuracies on photo> test class : 53.41
------------------------------
<Accuracies on cartoon> test class : 63.91
------------------------------
<Accuracies on art_painting> test class : 51.27
------------------------------
Total epoch time: 105.384

New epoch - lr: 0.001
[1/110 iteration of epoch 28/50] 
 {loss} cls : 0.001, total : 0.001 
 {acc} cls : 100.00
[31/110 iteration of epoch 28/50] 
 {loss} cls : 0.001, total : 0.001 
 {acc} cls : 100.00
[61/110 iteration of epoch 28/50] 
 {loss} cls : 0.025, total : 0.025 
 {acc} cls : 100.00
[91/110 iteration of epoch 28/50] 
 {loss} cls : 0.003, total : 0.003 
 {acc} cls : 100.00
------------------------------
<Losses on train> cls : 0.027, total : 0.027
<Accuracies on train> cls : 98.91
Train epoch time: 65.559
------------------------------
<Accuracies on val> class : 93.97
------------------------------
<Accuracies on test> class : 58.20
------------------------------
<Accuracies on photo> test class : 55.21
------------------------------
<Accuracies on cartoon> test class : 66.04
------------------------------
<Accuracies on art_painting> test class : 51.66
------------------------------
Total epoch time: 105.465

New epoch - lr: 0.001
[1/110 iteration of epoch 29/50] 
 {loss} cls : 0.000, total : 0.000 
 {acc} cls : 100.00
[31/110 iteration of epoch 29/50] 
 {loss} cls : 0.028, total : 0.028 
 {acc} cls : 98.44
[61/110 iteration of epoch 29/50] 
 {loss} cls : 0.003, total : 0.003 
 {acc} cls : 100.00
[91/110 iteration of epoch 29/50] 
 {loss} cls : 0.047, total : 0.047 
 {acc} cls : 98.44
------------------------------
<Losses on train> cls : 0.038, total : 0.038
<Accuracies on train> cls : 98.64
Train epoch time: 65.377
------------------------------
<Accuracies on val> class : 93.97
------------------------------
<Accuracies on test> class : 56.19
------------------------------
<Accuracies on photo> test class : 52.75
------------------------------
<Accuracies on cartoon> test class : 66.42
------------------------------
<Accuracies on art_painting> test class : 47.27
------------------------------
Total epoch time: 104.952

New epoch - lr: 0.001
[1/110 iteration of epoch 30/50] 
 {loss} cls : 0.001, total : 0.001 
 {acc} cls : 100.00
[31/110 iteration of epoch 30/50] 
 {loss} cls : 0.013, total : 0.013 
 {acc} cls : 100.00
[61/110 iteration of epoch 30/50] 
 {loss} cls : 0.017, total : 0.017 
 {acc} cls : 100.00
[91/110 iteration of epoch 30/50] 
 {loss} cls : 0.082, total : 0.082 
 {acc} cls : 95.31
------------------------------
<Losses on train> cls : 0.030, total : 0.030
<Accuracies on train> cls : 98.82
Train epoch time: 65.553
------------------------------
<Accuracies on val> class : 93.97
------------------------------
<Accuracies on test> class : 57.14
------------------------------
<Accuracies on photo> test class : 55.27
------------------------------
<Accuracies on cartoon> test class : 64.72
------------------------------
<Accuracies on art_painting> test class : 50.00
------------------------------
Total epoch time: 104.680

New epoch - lr: 0.001
[1/110 iteration of epoch 31/50] 
 {loss} cls : 0.011, total : 0.011 
 {acc} cls : 100.00
[31/110 iteration of epoch 31/50] 
 {loss} cls : 0.074, total : 0.074 
 {acc} cls : 98.44
[61/110 iteration of epoch 31/50] 
 {loss} cls : 0.014, total : 0.014 
 {acc} cls : 98.44
[91/110 iteration of epoch 31/50] 
 {loss} cls : 0.022, total : 0.022 
 {acc} cls : 100.00
------------------------------
<Losses on train> cls : 0.031, total : 0.031
<Accuracies on train> cls : 98.92
Train epoch time: 65.250
------------------------------
<Accuracies on val> class : 93.22
------------------------------
<Accuracies on test> class : 56.91
------------------------------
<Accuracies on photo> test class : 54.79
------------------------------
<Accuracies on cartoon> test class : 64.29
------------------------------
<Accuracies on art_painting> test class : 50.20
------------------------------
Total epoch time: 104.194

New epoch - lr: 0.001
[1/110 iteration of epoch 32/50] 
 {loss} cls : 0.054, total : 0.054 
 {acc} cls : 98.44
[31/110 iteration of epoch 32/50] 
 {loss} cls : 0.005, total : 0.005 
 {acc} cls : 100.00
[61/110 iteration of epoch 32/50] 
 {loss} cls : 0.055, total : 0.055 
 {acc} cls : 96.88
[91/110 iteration of epoch 32/50] 
 {loss} cls : 0.035, total : 0.035 
 {acc} cls : 98.44
------------------------------
<Losses on train> cls : 0.033, total : 0.033
<Accuracies on train> cls : 98.74
Train epoch time: 65.085
------------------------------
<Accuracies on val> class : 94.47
------------------------------
<Accuracies on test> class : 55.06
------------------------------
<Accuracies on photo> test class : 51.98
------------------------------
<Accuracies on cartoon> test class : 64.25
------------------------------
<Accuracies on art_painting> test class : 47.07
------------------------------
Total epoch time: 104.609

New epoch - lr: 0.001
[1/110 iteration of epoch 33/50] 
 {loss} cls : 0.016, total : 0.016 
 {acc} cls : 100.00
[31/110 iteration of epoch 33/50] 
 {loss} cls : 0.046, total : 0.046 
 {acc} cls : 96.88
[61/110 iteration of epoch 33/50] 
 {loss} cls : 0.001, total : 0.001 
 {acc} cls : 100.00
[91/110 iteration of epoch 33/50] 
 {loss} cls : 0.048, total : 0.048 
 {acc} cls : 96.88
------------------------------
<Losses on train> cls : 0.029, total : 0.029
<Accuracies on train> cls : 98.98
Train epoch time: 64.968
------------------------------
<Accuracies on val> class : 94.72
------------------------------
<Accuracies on test> class : 56.29
------------------------------
<Accuracies on photo> test class : 54.55
------------------------------
<Accuracies on cartoon> test class : 64.93
------------------------------
<Accuracies on art_painting> test class : 47.80
------------------------------
Total epoch time: 104.708

New epoch - lr: 0.001
[1/110 iteration of epoch 34/50] 
 {loss} cls : 0.043, total : 0.043 
 {acc} cls : 98.44
[31/110 iteration of epoch 34/50] 
 {loss} cls : 0.000, total : 0.000 
 {acc} cls : 100.00
[61/110 iteration of epoch 34/50] 
 {loss} cls : 0.048, total : 0.048 
 {acc} cls : 98.44
[91/110 iteration of epoch 34/50] 
 {loss} cls : 0.043, total : 0.043 
 {acc} cls : 98.44
------------------------------
<Losses on train> cls : 0.031, total : 0.031
<Accuracies on train> cls : 98.85
Train epoch time: 64.866
------------------------------
<Accuracies on val> class : 94.72
------------------------------
<Accuracies on test> class : 55.43
------------------------------
<Accuracies on photo> test class : 52.69
------------------------------
<Accuracies on cartoon> test class : 64.12
------------------------------
<Accuracies on art_painting> test class : 47.71
------------------------------
Total epoch time: 104.123

New epoch - lr: 0.001
[1/110 iteration of epoch 35/50] 
 {loss} cls : 0.040, total : 0.040 
 {acc} cls : 98.44
[31/110 iteration of epoch 35/50] 
 {loss} cls : 0.014, total : 0.014 
 {acc} cls : 100.00
[61/110 iteration of epoch 35/50] 
 {loss} cls : 0.005, total : 0.005 
 {acc} cls : 100.00
[91/110 iteration of epoch 35/50] 
 {loss} cls : 0.013, total : 0.013 
 {acc} cls : 98.44
------------------------------
<Losses on train> cls : 0.036, total : 0.036
<Accuracies on train> cls : 98.62
Train epoch time: 65.005
------------------------------
<Accuracies on val> class : 94.22
------------------------------
<Accuracies on test> class : 54.93
------------------------------
<Accuracies on photo> test class : 51.80
------------------------------
<Accuracies on cartoon> test class : 63.52
------------------------------
<Accuracies on art_painting> test class : 47.66
------------------------------
Total epoch time: 104.056

New epoch - lr: 0.001
[1/110 iteration of epoch 36/50] 
 {loss} cls : 0.000, total : 0.000 
 {acc} cls : 100.00
[31/110 iteration of epoch 36/50] 
 {loss} cls : 0.005, total : 0.005 
 {acc} cls : 100.00
[61/110 iteration of epoch 36/50] 
 {loss} cls : 0.030, total : 0.030 
 {acc} cls : 98.44
[91/110 iteration of epoch 36/50] 
 {loss} cls : 0.057, total : 0.057 
 {acc} cls : 96.88
------------------------------
<Losses on train> cls : 0.035, total : 0.035
<Accuracies on train> cls : 98.69
Train epoch time: 64.918
------------------------------
<Accuracies on val> class : 93.97
------------------------------
<Accuracies on test> class : 55.77
------------------------------
<Accuracies on photo> test class : 52.69
------------------------------
<Accuracies on cartoon> test class : 64.46
------------------------------
<Accuracies on art_painting> test class : 48.34
------------------------------
Total epoch time: 103.984

New epoch - lr: 0.001
[1/110 iteration of epoch 37/50] 
 {loss} cls : 0.017, total : 0.017 
 {acc} cls : 100.00
[31/110 iteration of epoch 37/50] 
 {loss} cls : 0.027, total : 0.027 
 {acc} cls : 98.44
[61/110 iteration of epoch 37/50] 
 {loss} cls : 0.001, total : 0.001 
 {acc} cls : 100.00
[91/110 iteration of epoch 37/50] 
 {loss} cls : 0.007, total : 0.007 
 {acc} cls : 100.00
------------------------------
<Losses on train> cls : 0.029, total : 0.029
<Accuracies on train> cls : 98.88
Train epoch time: 65.032
------------------------------
<Accuracies on val> class : 94.47
------------------------------
<Accuracies on test> class : 55.20
------------------------------
<Accuracies on photo> test class : 53.41
------------------------------
<Accuracies on cartoon> test class : 63.52
------------------------------
<Accuracies on art_painting> test class : 47.12
------------------------------
Total epoch time: 104.318

New epoch - lr: 0.001
[1/110 iteration of epoch 38/50] 
 {loss} cls : 0.001, total : 0.001 
 {acc} cls : 100.00
[31/110 iteration of epoch 38/50] 
 {loss} cls : 0.000, total : 0.000 
 {acc} cls : 100.00
[61/110 iteration of epoch 38/50] 
 {loss} cls : 0.037, total : 0.037 
 {acc} cls : 98.44
[91/110 iteration of epoch 38/50] 
 {loss} cls : 0.077, total : 0.077 
 {acc} cls : 96.88
------------------------------
<Losses on train> cls : 0.031, total : 0.031
<Accuracies on train> cls : 98.79
Train epoch time: 64.966
------------------------------
<Accuracies on val> class : 94.47
------------------------------
<Accuracies on test> class : 52.72
------------------------------
<Accuracies on photo> test class : 48.86
------------------------------
<Accuracies on cartoon> test class : 62.93
------------------------------
<Accuracies on art_painting> test class : 44.19
------------------------------
Total epoch time: 103.859

New epoch - lr: 0.001
[1/110 iteration of epoch 39/50] 
 {loss} cls : 0.043, total : 0.043 
 {acc} cls : 98.44
[31/110 iteration of epoch 39/50] 
 {loss} cls : 0.044, total : 0.044 
 {acc} cls : 98.44
[61/110 iteration of epoch 39/50] 
 {loss} cls : 0.043, total : 0.043 
 {acc} cls : 98.44
[91/110 iteration of epoch 39/50] 
 {loss} cls : 0.024, total : 0.024 
 {acc} cls : 98.44
------------------------------
<Losses on train> cls : 0.031, total : 0.031
<Accuracies on train> cls : 98.85
Train epoch time: 65.063
------------------------------
<Accuracies on val> class : 93.22
------------------------------
<Accuracies on test> class : 57.84
------------------------------
<Accuracies on photo> test class : 54.97
------------------------------
<Accuracies on cartoon> test class : 67.02
------------------------------
<Accuracies on art_painting> test class : 49.66
------------------------------
Total epoch time: 104.226

New epoch - lr: 0.0001
[1/110 iteration of epoch 40/50] 
 {loss} cls : 0.026, total : 0.026 
 {acc} cls : 98.44
[31/110 iteration of epoch 40/50] 
 {loss} cls : 0.020, total : 0.020 
 {acc} cls : 100.00
[61/110 iteration of epoch 40/50] 
 {loss} cls : 0.005, total : 0.005 
 {acc} cls : 100.00
[91/110 iteration of epoch 40/50] 
 {loss} cls : 0.028, total : 0.028 
 {acc} cls : 98.44
------------------------------
<Losses on train> cls : 0.026, total : 0.026
<Accuracies on train> cls : 98.99
Train epoch time: 65.227
------------------------------
<Accuracies on val> class : 93.22
------------------------------
<Accuracies on test> class : 58.61
------------------------------
<Accuracies on photo> test class : 56.11
------------------------------
<Accuracies on cartoon> test class : 66.81
------------------------------
<Accuracies on art_painting> test class : 51.27
------------------------------
Total epoch time: 104.367

New epoch - lr: 0.0001
[1/110 iteration of epoch 41/50] 
 {loss} cls : 0.041, total : 0.041 
 {acc} cls : 98.44
[31/110 iteration of epoch 41/50] 
 {loss} cls : 0.012, total : 0.012 
 {acc} cls : 100.00
[61/110 iteration of epoch 41/50] 
 {loss} cls : 0.004, total : 0.004 
 {acc} cls : 100.00
[91/110 iteration of epoch 41/50] 
 {loss} cls : 0.037, total : 0.037 
 {acc} cls : 98.44
------------------------------
<Losses on train> cls : 0.030, total : 0.030
<Accuracies on train> cls : 98.91
Train epoch time: 64.945
------------------------------
<Accuracies on val> class : 92.96
------------------------------
<Accuracies on test> class : 58.63
------------------------------
<Accuracies on photo> test class : 55.99
------------------------------
<Accuracies on cartoon> test class : 66.98
------------------------------
<Accuracies on art_painting> test class : 51.22
------------------------------
Total epoch time: 103.575

New epoch - lr: 0.0001
[1/110 iteration of epoch 42/50] 
 {loss} cls : 0.020, total : 0.020 
 {acc} cls : 100.00
[31/110 iteration of epoch 42/50] 
 {loss} cls : 0.005, total : 0.005 
 {acc} cls : 100.00
[61/110 iteration of epoch 42/50] 
 {loss} cls : 0.083, total : 0.083 
 {acc} cls : 98.44
[91/110 iteration of epoch 42/50] 
 {loss} cls : 0.032, total : 0.032 
 {acc} cls : 98.44
------------------------------
<Losses on train> cls : 0.023, total : 0.023
<Accuracies on train> cls : 99.20
Train epoch time: 64.925
------------------------------
<Accuracies on val> class : 93.22
------------------------------
<Accuracies on test> class : 59.01
------------------------------
<Accuracies on photo> test class : 57.31
------------------------------
<Accuracies on cartoon> test class : 66.72
------------------------------
<Accuracies on art_painting> test class : 51.56
------------------------------
Total epoch time: 103.455

New epoch - lr: 0.0001
[1/110 iteration of epoch 43/50] 
 {loss} cls : 0.001, total : 0.001 
 {acc} cls : 100.00
[31/110 iteration of epoch 43/50] 
 {loss} cls : 0.000, total : 0.000 
 {acc} cls : 100.00
[61/110 iteration of epoch 43/50] 
 {loss} cls : 0.001, total : 0.001 
 {acc} cls : 100.00
[91/110 iteration of epoch 43/50] 
 {loss} cls : 0.054, total : 0.054 
 {acc} cls : 96.88
------------------------------
<Losses on train> cls : 0.025, total : 0.025
<Accuracies on train> cls : 99.03
Train epoch time: 64.767
------------------------------
<Accuracies on val> class : 93.72
------------------------------
<Accuracies on test> class : 59.88
------------------------------
<Accuracies on photo> test class : 57.37
------------------------------
<Accuracies on cartoon> test class : 67.66
------------------------------
<Accuracies on art_painting> test class : 53.03
------------------------------
Total epoch time: 103.318

New epoch - lr: 0.0001
[1/110 iteration of epoch 44/50] 
 {loss} cls : 0.015, total : 0.015 
 {acc} cls : 100.00
[31/110 iteration of epoch 44/50] 
 {loss} cls : 0.003, total : 0.003 
 {acc} cls : 100.00
[61/110 iteration of epoch 44/50] 
 {loss} cls : 0.010, total : 0.010 
 {acc} cls : 100.00
[91/110 iteration of epoch 44/50] 
 {loss} cls : 0.001, total : 0.001 
 {acc} cls : 100.00
------------------------------
<Losses on train> cls : 0.028, total : 0.028
<Accuracies on train> cls : 98.98
Train epoch time: 64.723
------------------------------
<Accuracies on val> class : 93.22
------------------------------
<Accuracies on test> class : 59.12
------------------------------
<Accuracies on photo> test class : 57.60
------------------------------
<Accuracies on cartoon> test class : 66.38
------------------------------
<Accuracies on art_painting> test class : 52.05
------------------------------
Total epoch time: 103.238

New epoch - lr: 0.0001
[1/110 iteration of epoch 45/50] 
 {loss} cls : 0.021, total : 0.021 
 {acc} cls : 98.44
[31/110 iteration of epoch 45/50] 
 {loss} cls : 0.028, total : 0.028 
 {acc} cls : 98.44
[61/110 iteration of epoch 45/50] 
 {loss} cls : 0.032, total : 0.032 
 {acc} cls : 98.44
[91/110 iteration of epoch 45/50] 
 {loss} cls : 0.001, total : 0.001 
 {acc} cls : 100.00
------------------------------
<Losses on train> cls : 0.028, total : 0.028
<Accuracies on train> cls : 98.96
Train epoch time: 64.831
------------------------------
<Accuracies on val> class : 94.22
------------------------------
<Accuracies on test> class : 58.91
------------------------------
<Accuracies on photo> test class : 56.53
------------------------------
<Accuracies on cartoon> test class : 66.47
------------------------------
<Accuracies on art_painting> test class : 52.20
------------------------------
Total epoch time: 103.133

New epoch - lr: 0.0001
[1/110 iteration of epoch 46/50] 
 {loss} cls : 0.004, total : 0.004 
 {acc} cls : 100.00
[31/110 iteration of epoch 46/50] 
 {loss} cls : 0.049, total : 0.049 
 {acc} cls : 98.44
[61/110 iteration of epoch 46/50] 
 {loss} cls : 0.006, total : 0.006 
 {acc} cls : 100.00
[91/110 iteration of epoch 46/50] 
 {loss} cls : 0.069, total : 0.069 
 {acc} cls : 98.44
------------------------------
<Losses on train> cls : 0.030, total : 0.030
<Accuracies on train> cls : 98.91
Train epoch time: 64.788
------------------------------
<Accuracies on val> class : 93.72
------------------------------
<Accuracies on test> class : 58.41
------------------------------
<Accuracies on photo> test class : 55.27
------------------------------
<Accuracies on cartoon> test class : 66.47
------------------------------
<Accuracies on art_painting> test class : 51.76
------------------------------
Total epoch time: 103.194

New epoch - lr: 0.0001
[1/110 iteration of epoch 47/50] 
 {loss} cls : 0.037, total : 0.037 
 {acc} cls : 98.44
[31/110 iteration of epoch 47/50] 
 {loss} cls : 0.001, total : 0.001 
 {acc} cls : 100.00
[61/110 iteration of epoch 47/50] 
 {loss} cls : 0.024, total : 0.024 
 {acc} cls : 98.44
[91/110 iteration of epoch 47/50] 
 {loss} cls : 0.009, total : 0.009 
 {acc} cls : 100.00
------------------------------
<Losses on train> cls : 0.027, total : 0.027
<Accuracies on train> cls : 99.05
Train epoch time: 64.887
------------------------------
<Accuracies on val> class : 93.47
------------------------------
<Accuracies on test> class : 58.84
------------------------------
<Accuracies on photo> test class : 56.05
------------------------------
<Accuracies on cartoon> test class : 67.02
------------------------------
<Accuracies on art_painting> test class : 51.76
------------------------------
Total epoch time: 103.289

New epoch - lr: 0.0001
[1/110 iteration of epoch 48/50] 
 {loss} cls : 0.007, total : 0.007 
 {acc} cls : 100.00
[31/110 iteration of epoch 48/50] 
 {loss} cls : 0.065, total : 0.065 
 {acc} cls : 96.88
[61/110 iteration of epoch 48/50] 
 {loss} cls : 0.028, total : 0.028 
 {acc} cls : 98.44
[91/110 iteration of epoch 48/50] 
 {loss} cls : 0.120, total : 0.120 
 {acc} cls : 98.44
------------------------------
<Losses on train> cls : 0.030, total : 0.030
<Accuracies on train> cls : 98.91
Train epoch time: 64.987
------------------------------
<Accuracies on val> class : 94.22
------------------------------
<Accuracies on test> class : 59.34
------------------------------
<Accuracies on photo> test class : 55.99
------------------------------
<Accuracies on cartoon> test class : 67.62
------------------------------
<Accuracies on art_painting> test class : 52.59
------------------------------
Total epoch time: 103.367

New epoch - lr: 0.0001
[1/110 iteration of epoch 49/50] 
 {loss} cls : 0.038, total : 0.038 
 {acc} cls : 98.44
[31/110 iteration of epoch 49/50] 
 {loss} cls : 0.033, total : 0.033 
 {acc} cls : 98.44
[61/110 iteration of epoch 49/50] 
 {loss} cls : 0.015, total : 0.015 
 {acc} cls : 98.44
[91/110 iteration of epoch 49/50] 
 {loss} cls : 0.002, total : 0.002 
 {acc} cls : 100.00
------------------------------
<Losses on train> cls : 0.021, total : 0.021
<Accuracies on train> cls : 99.26
Train epoch time: 64.827
------------------------------
<Accuracies on val> class : 94.22
------------------------------
<Accuracies on test> class : 58.03
------------------------------
<Accuracies on photo> test class : 54.67
------------------------------
<Accuracies on cartoon> test class : 66.60
------------------------------
<Accuracies on art_painting> test class : 50.98
------------------------------
Total epoch time: 103.287

New epoch - lr: 0.0001
[1/110 iteration of epoch 50/50] 
 {loss} cls : 0.026, total : 0.026 
 {acc} cls : 98.44
[31/110 iteration of epoch 50/50] 
 {loss} cls : 0.030, total : 0.030 
 {acc} cls : 98.44
[61/110 iteration of epoch 50/50] 
 {loss} cls : 0.052, total : 0.052 
 {acc} cls : 98.44
[91/110 iteration of epoch 50/50] 
 {loss} cls : 0.021, total : 0.021 
 {acc} cls : 100.00
------------------------------
<Losses on train> cls : 0.029, total : 0.029
<Accuracies on train> cls : 98.92
Train epoch time: 64.873
------------------------------
<Accuracies on val> class : 94.97
------------------------------
<Accuracies on test> class : 58.15
------------------------------
<Accuracies on photo> test class : 54.85
------------------------------
<Accuracies on cartoon> test class : 66.81
------------------------------
<Accuracies on art_painting> test class : 50.93
------------------------------
Total epoch time: 103.992

******************************
Best val 0.949749, corresponding test 0.581491 - best test: 0.598812

******************************
Best val 0.9497487545013428, corresponding photo test 0.5485029816627502

******************************
Best val 0.9497487545013428, corresponding cartoon test 0.6680887341499329

******************************
Best val 0.9497487545013428, corresponding art_painting test 0.50927734375
