
Loading experiment Officehome/ResNet18_step


New epoch - lr: 0.003
[1/61 iteration of epoch 1/100] 
 {loss} cls : 4.688, total : 4.688 
 {acc} cls : 0.00
[31/61 iteration of epoch 1/100] 
 {loss} cls : 0.817, total : 0.817 
 {acc} cls : 76.56
[61/61 iteration of epoch 1/100] 
 {loss} cls : 0.989, total : 0.989 
 {acc} cls : 62.50
------------------------------
<Losses on train> cls : 1.780, total : 1.780
<Accuracies on train> cls : 55.97
Train epoch time: 101.780
------------------------------
<Accuracies on val> class : 75.86
------------------------------
<Accuracies on test> class : 50.33
------------------------------
<Accuracies on Art> test class : 47.71
------------------------------
<Accuracies on Clipart> test class : 37.23
------------------------------
<Accuracies on Product> test class : 64.65
------------------------------
Total epoch time: 200.786

New epoch - lr: 0.003
[1/61 iteration of epoch 2/100] 
 {loss} cls : 0.558, total : 0.558 
 {acc} cls : 82.81
[31/61 iteration of epoch 2/100] 
 {loss} cls : 0.501, total : 0.501 
 {acc} cls : 85.94
[61/61 iteration of epoch 2/100] 
 {loss} cls : 0.535, total : 0.535 
 {acc} cls : 84.38
------------------------------
<Losses on train> cls : 0.614, total : 0.614
<Accuracies on train> cls : 81.71
Train epoch time: 97.841
------------------------------
<Accuracies on val> class : 78.62
------------------------------
<Accuracies on test> class : 54.08
------------------------------
<Accuracies on Art> test class : 53.03
------------------------------
<Accuracies on Clipart> test class : 40.76
------------------------------
<Accuracies on Product> test class : 67.76
------------------------------
Total epoch time: 197.098

New epoch - lr: 0.003
[1/61 iteration of epoch 3/100] 
 {loss} cls : 0.406, total : 0.406 
 {acc} cls : 84.38
[31/61 iteration of epoch 3/100] 
 {loss} cls : 0.288, total : 0.288 
 {acc} cls : 89.06
[61/61 iteration of epoch 3/100] 
 {loss} cls : 0.444, total : 0.444 
 {acc} cls : 82.81
------------------------------
<Losses on train> cls : 0.350, total : 0.350
<Accuracies on train> cls : 89.70
Train epoch time: 92.990
------------------------------
<Accuracies on val> class : 74.48
------------------------------
<Accuracies on test> class : 53.67
------------------------------
<Accuracies on Art> test class : 52.25
------------------------------
<Accuracies on Clipart> test class : 40.76
------------------------------
<Accuracies on Product> test class : 67.15
------------------------------
Total epoch time: 197.207

New epoch - lr: 0.003
[1/61 iteration of epoch 4/100] 
 {loss} cls : 0.253, total : 0.253 
 {acc} cls : 90.62
[31/61 iteration of epoch 4/100] 
 {loss} cls : 0.126, total : 0.126 
 {acc} cls : 96.88
[61/61 iteration of epoch 4/100] 
 {loss} cls : 0.187, total : 0.187 
 {acc} cls : 93.75
------------------------------
<Losses on train> cls : 0.251, total : 0.251
<Accuracies on train> cls : 92.67
Train epoch time: 90.656
------------------------------
<Accuracies on val> class : 80.92
------------------------------
<Accuracies on test> class : 56.16
------------------------------
<Accuracies on Art> test class : 54.26
------------------------------
<Accuracies on Clipart> test class : 42.84
------------------------------
<Accuracies on Product> test class : 70.29
------------------------------
Total epoch time: 191.644

New epoch - lr: 0.003
[1/61 iteration of epoch 5/100] 
 {loss} cls : 0.125, total : 0.125 
 {acc} cls : 95.31
[31/61 iteration of epoch 5/100] 
 {loss} cls : 0.267, total : 0.267 
 {acc} cls : 93.75
[61/61 iteration of epoch 5/100] 
 {loss} cls : 0.405, total : 0.405 
 {acc} cls : 92.19
------------------------------
<Losses on train> cls : 0.171, total : 0.171
<Accuracies on train> cls : 95.67
Train epoch time: 98.726
------------------------------
<Accuracies on val> class : 80.46
------------------------------
<Accuracies on test> class : 56.70
------------------------------
<Accuracies on Art> test class : 54.72
------------------------------
<Accuracies on Clipart> test class : 43.05
------------------------------
<Accuracies on Product> test class : 71.21
------------------------------
Total epoch time: 198.698

New epoch - lr: 0.003
[1/61 iteration of epoch 6/100] 
 {loss} cls : 0.165, total : 0.165 
 {acc} cls : 93.75
[31/61 iteration of epoch 6/100] 
 {loss} cls : 0.121, total : 0.121 
 {acc} cls : 96.88
[61/61 iteration of epoch 6/100] 
 {loss} cls : 0.122, total : 0.122 
 {acc} cls : 98.44
------------------------------
<Losses on train> cls : 0.122, total : 0.122
<Accuracies on train> cls : 96.90
Train epoch time: 97.942
------------------------------
<Accuracies on val> class : 83.22
------------------------------
<Accuracies on test> class : 56.35
------------------------------
<Accuracies on Art> test class : 54.06
------------------------------
<Accuracies on Clipart> test class : 43.37
------------------------------
<Accuracies on Product> test class : 70.38
------------------------------
Total epoch time: 198.891

New epoch - lr: 0.003
[1/61 iteration of epoch 7/100] 
 {loss} cls : 0.089, total : 0.089 
 {acc} cls : 96.88
[31/61 iteration of epoch 7/100] 
 {loss} cls : 0.060, total : 0.060 
 {acc} cls : 100.00
[61/61 iteration of epoch 7/100] 
 {loss} cls : 0.078, total : 0.078 
 {acc} cls : 98.44
------------------------------
<Losses on train> cls : 0.097, total : 0.097
<Accuracies on train> cls : 97.67
Train epoch time: 93.351
------------------------------
<Accuracies on val> class : 82.53
------------------------------
<Accuracies on test> class : 56.82
------------------------------
<Accuracies on Art> test class : 55.29
------------------------------
<Accuracies on Clipart> test class : 43.18
------------------------------
<Accuracies on Product> test class : 71.07
------------------------------
Total epoch time: 197.354

New epoch - lr: 0.003
[1/61 iteration of epoch 8/100] 
 {loss} cls : 0.082, total : 0.082 
 {acc} cls : 96.88
[31/61 iteration of epoch 8/100] 
 {loss} cls : 0.121, total : 0.121 
 {acc} cls : 95.31
[61/61 iteration of epoch 8/100] 
 {loss} cls : 0.080, total : 0.080 
 {acc} cls : 98.44
------------------------------
<Losses on train> cls : 0.079, total : 0.079
<Accuracies on train> cls : 98.03
Train epoch time: 92.688
------------------------------
<Accuracies on val> class : 82.07
------------------------------
<Accuracies on test> class : 58.01
------------------------------
<Accuracies on Art> test class : 56.16
------------------------------
<Accuracies on Clipart> test class : 43.69
------------------------------
<Accuracies on Product> test class : 73.10
------------------------------
Total epoch time: 192.925

New epoch - lr: 0.003
[1/61 iteration of epoch 9/100] 
 {loss} cls : 0.077, total : 0.077 
 {acc} cls : 98.44
[31/61 iteration of epoch 9/100] 
 {loss} cls : 0.044, total : 0.044 
 {acc} cls : 100.00
[61/61 iteration of epoch 9/100] 
 {loss} cls : 0.070, total : 0.070 
 {acc} cls : 98.44
------------------------------
<Losses on train> cls : 0.064, total : 0.064
<Accuracies on train> cls : 98.51
Train epoch time: 101.090
------------------------------
<Accuracies on val> class : 81.61
------------------------------
<Accuracies on test> class : 57.89
------------------------------
<Accuracies on Art> test class : 56.49
------------------------------
<Accuracies on Clipart> test class : 43.99
------------------------------
<Accuracies on Product> test class : 72.34
------------------------------
Total epoch time: 200.129

New epoch - lr: 0.003
[1/61 iteration of epoch 10/100] 
 {loss} cls : 0.020, total : 0.020 
 {acc} cls : 100.00
[31/61 iteration of epoch 10/100] 
 {loss} cls : 0.058, total : 0.058 
 {acc} cls : 96.88
[61/61 iteration of epoch 10/100] 
 {loss} cls : 0.028, total : 0.028 
 {acc} cls : 100.00
------------------------------
<Losses on train> cls : 0.053, total : 0.053
<Accuracies on train> cls : 98.95
Train epoch time: 93.134
------------------------------
<Accuracies on val> class : 80.69
------------------------------
<Accuracies on test> class : 58.23
------------------------------
<Accuracies on Art> test class : 56.28
------------------------------
<Accuracies on Clipart> test class : 44.51
------------------------------
<Accuracies on Product> test class : 72.79
------------------------------
Total epoch time: 196.047

New epoch - lr: 0.003
[1/61 iteration of epoch 11/100] 
 {loss} cls : 0.072, total : 0.072 
 {acc} cls : 98.44
[31/61 iteration of epoch 11/100] 
 {loss} cls : 0.016, total : 0.016 
 {acc} cls : 100.00
[61/61 iteration of epoch 11/100] 
 {loss} cls : 0.086, total : 0.086 
 {acc} cls : 98.44
------------------------------
<Losses on train> cls : 0.054, total : 0.054
<Accuracies on train> cls : 98.92
Train epoch time: 96.424
------------------------------
<Accuracies on val> class : 81.61
------------------------------
<Accuracies on test> class : 57.94
------------------------------
<Accuracies on Art> test class : 57.03
------------------------------
<Accuracies on Clipart> test class : 43.89
------------------------------
<Accuracies on Product> test class : 72.25
------------------------------
Total epoch time: 198.947

New epoch - lr: 0.003
[1/61 iteration of epoch 12/100] 
 {loss} cls : 0.023, total : 0.023 
 {acc} cls : 100.00
[31/61 iteration of epoch 12/100] 
 {loss} cls : 0.119, total : 0.119 
 {acc} cls : 96.88
[61/61 iteration of epoch 12/100] 
 {loss} cls : 0.024, total : 0.024 
 {acc} cls : 100.00
------------------------------
<Losses on train> cls : 0.047, total : 0.047
<Accuracies on train> cls : 99.10
Train epoch time: 93.185
------------------------------
<Accuracies on val> class : 81.61
------------------------------
<Accuracies on test> class : 57.81
------------------------------
<Accuracies on Art> test class : 55.75
------------------------------
<Accuracies on Clipart> test class : 44.31
------------------------------
<Accuracies on Product> test class : 72.22
------------------------------
Total epoch time: 193.521

New epoch - lr: 0.003
[1/61 iteration of epoch 13/100] 
 {loss} cls : 0.044, total : 0.044 
 {acc} cls : 96.88
[31/61 iteration of epoch 13/100] 
 {loss} cls : 0.024, total : 0.024 
 {acc} cls : 100.00
[61/61 iteration of epoch 13/100] 
 {loss} cls : 0.009, total : 0.009 
 {acc} cls : 100.00
------------------------------
<Losses on train> cls : 0.038, total : 0.038
<Accuracies on train> cls : 99.31
Train epoch time: 98.152
------------------------------
<Accuracies on val> class : 80.92
------------------------------
<Accuracies on test> class : 58.78
------------------------------
<Accuracies on Art> test class : 56.70
------------------------------
<Accuracies on Clipart> test class : 45.57
------------------------------
<Accuracies on Product> test class : 72.92
------------------------------
Total epoch time: 197.798

New epoch - lr: 0.003
[1/61 iteration of epoch 14/100] 
 {loss} cls : 0.014, total : 0.014 
 {acc} cls : 100.00
[31/61 iteration of epoch 14/100] 
 {loss} cls : 0.029, total : 0.029 
 {acc} cls : 100.00
[61/61 iteration of epoch 14/100] 
 {loss} cls : 0.014, total : 0.014 
 {acc} cls : 100.00
------------------------------
<Losses on train> cls : 0.043, total : 0.043
<Accuracies on train> cls : 99.08
Train epoch time: 95.960
------------------------------
<Accuracies on val> class : 81.15
------------------------------
<Accuracies on test> class : 58.16
------------------------------
<Accuracies on Art> test class : 56.16
------------------------------
<Accuracies on Clipart> test class : 44.67
------------------------------
<Accuracies on Product> test class : 72.52
------------------------------
Total epoch time: 197.271

New epoch - lr: 0.003
[1/61 iteration of epoch 15/100] 
 {loss} cls : 0.030, total : 0.030 
 {acc} cls : 98.44
[31/61 iteration of epoch 15/100] 
 {loss} cls : 0.021, total : 0.021 
 {acc} cls : 100.00
[61/61 iteration of epoch 15/100] 
 {loss} cls : 0.028, total : 0.028 
 {acc} cls : 100.00
------------------------------
<Losses on train> cls : 0.034, total : 0.034
<Accuracies on train> cls : 99.31
Train epoch time: 94.913
------------------------------
<Accuracies on val> class : 81.15
------------------------------
<Accuracies on test> class : 58.04
------------------------------
<Accuracies on Art> test class : 56.98
------------------------------
<Accuracies on Clipart> test class : 44.08
------------------------------
<Accuracies on Product> test class : 72.34
------------------------------
Total epoch time: 196.642

New epoch - lr: 0.003
[1/61 iteration of epoch 16/100] 
 {loss} cls : 0.016, total : 0.016 
 {acc} cls : 100.00
[31/61 iteration of epoch 16/100] 
 {loss} cls : 0.021, total : 0.021 
 {acc} cls : 100.00
[61/61 iteration of epoch 16/100] 
 {loss} cls : 0.044, total : 0.044 
 {acc} cls : 96.88
------------------------------
<Losses on train> cls : 0.027, total : 0.027
<Accuracies on train> cls : 99.44
Train epoch time: 94.486
------------------------------
<Accuracies on val> class : 81.38
------------------------------
<Accuracies on test> class : 58.37
------------------------------
<Accuracies on Art> test class : 57.97
------------------------------
<Accuracies on Clipart> test class : 44.56
------------------------------
<Accuracies on Product> test class : 72.16
------------------------------
Total epoch time: 195.147

New epoch - lr: 0.003
[1/61 iteration of epoch 17/100] 
 {loss} cls : 0.044, total : 0.044 
 {acc} cls : 98.44
[31/61 iteration of epoch 17/100] 
 {loss} cls : 0.039, total : 0.039 
 {acc} cls : 100.00
[61/61 iteration of epoch 17/100] 
 {loss} cls : 0.018, total : 0.018 
 {acc} cls : 100.00
------------------------------
<Losses on train> cls : 0.029, total : 0.029
<Accuracies on train> cls : 99.41
Train epoch time: 97.950
------------------------------
<Accuracies on val> class : 82.30
------------------------------
<Accuracies on test> class : 58.92
------------------------------
<Accuracies on Art> test class : 57.11
------------------------------
<Accuracies on Clipart> test class : 45.48
------------------------------
<Accuracies on Product> test class : 73.12
------------------------------
Total epoch time: 201.372

New epoch - lr: 0.003
[1/61 iteration of epoch 18/100] 
 {loss} cls : 0.087, total : 0.087 
 {acc} cls : 95.31
[31/61 iteration of epoch 18/100] 
 {loss} cls : 0.008, total : 0.008 
 {acc} cls : 100.00
[61/61 iteration of epoch 18/100] 
 {loss} cls : 0.020, total : 0.020 
 {acc} cls : 100.00
------------------------------
<Losses on train> cls : 0.028, total : 0.028
<Accuracies on train> cls : 99.33
Train epoch time: 98.490
------------------------------
<Accuracies on val> class : 82.07
------------------------------
<Accuracies on test> class : 58.65
------------------------------
<Accuracies on Art> test class : 56.53
------------------------------
<Accuracies on Clipart> test class : 44.99
------------------------------
<Accuracies on Product> test class : 73.24
------------------------------
Total epoch time: 198.153

New epoch - lr: 0.003
[1/61 iteration of epoch 19/100] 
 {loss} cls : 0.020, total : 0.020 
 {acc} cls : 100.00
[31/61 iteration of epoch 19/100] 
 {loss} cls : 0.026, total : 0.026 
 {acc} cls : 100.00
[61/61 iteration of epoch 19/100] 
 {loss} cls : 0.047, total : 0.047 
 {acc} cls : 98.44
------------------------------
<Losses on train> cls : 0.027, total : 0.027
<Accuracies on train> cls : 99.44
Train epoch time: 93.682
------------------------------
<Accuracies on val> class : 81.84
------------------------------
<Accuracies on test> class : 58.65
------------------------------
<Accuracies on Art> test class : 56.98
------------------------------
<Accuracies on Clipart> test class : 44.95
------------------------------
<Accuracies on Product> test class : 73.03
------------------------------
Total epoch time: 194.708

New epoch - lr: 0.003
[1/61 iteration of epoch 20/100] 
 {loss} cls : 0.038, total : 0.038 
 {acc} cls : 98.44
[31/61 iteration of epoch 20/100] 
 {loss} cls : 0.056, total : 0.056 
 {acc} cls : 98.44
[61/61 iteration of epoch 20/100] 
 {loss} cls : 0.014, total : 0.014 
 {acc} cls : 100.00
------------------------------
<Losses on train> cls : 0.025, total : 0.025
<Accuracies on train> cls : 99.51
Train epoch time: 94.060
------------------------------
<Accuracies on val> class : 81.61
------------------------------
<Accuracies on test> class : 57.80
------------------------------
<Accuracies on Art> test class : 56.32
------------------------------
<Accuracies on Clipart> test class : 44.08
------------------------------
<Accuracies on Product> test class : 72.11
------------------------------
Total epoch time: 194.357

New epoch - lr: 0.003
[1/61 iteration of epoch 21/100] 
 {loss} cls : 0.023, total : 0.023 
 {acc} cls : 100.00
[31/61 iteration of epoch 21/100] 
 {loss} cls : 0.014, total : 0.014 
 {acc} cls : 100.00
[61/61 iteration of epoch 21/100] 
 {loss} cls : 0.021, total : 0.021 
 {acc} cls : 100.00
------------------------------
<Losses on train> cls : 0.023, total : 0.023
<Accuracies on train> cls : 99.56
Train epoch time: 95.141
------------------------------
<Accuracies on val> class : 81.61
------------------------------
<Accuracies on test> class : 58.79
------------------------------
<Accuracies on Art> test class : 56.32
------------------------------
<Accuracies on Clipart> test class : 45.18
------------------------------
<Accuracies on Product> test class : 73.53
------------------------------
Total epoch time: 200.669

New epoch - lr: 0.003
[1/61 iteration of epoch 22/100] 
 {loss} cls : 0.027, total : 0.027 
 {acc} cls : 98.44
[31/61 iteration of epoch 22/100] 
 {loss} cls : 0.029, total : 0.029 
 {acc} cls : 98.44
[61/61 iteration of epoch 22/100] 
 {loss} cls : 0.022, total : 0.022 
 {acc} cls : 100.00
------------------------------
<Losses on train> cls : 0.022, total : 0.022
<Accuracies on train> cls : 99.49
Train epoch time: 93.552
------------------------------
<Accuracies on val> class : 82.07
------------------------------
<Accuracies on test> class : 58.94
------------------------------
<Accuracies on Art> test class : 57.27
------------------------------
<Accuracies on Clipart> test class : 45.68
------------------------------
<Accuracies on Product> test class : 72.88
------------------------------
Total epoch time: 194.006

New epoch - lr: 0.003
[1/61 iteration of epoch 23/100] 
 {loss} cls : 0.015, total : 0.015 
 {acc} cls : 100.00
[31/61 iteration of epoch 23/100] 
 {loss} cls : 0.049, total : 0.049 
 {acc} cls : 98.44
[61/61 iteration of epoch 23/100] 
 {loss} cls : 0.016, total : 0.016 
 {acc} cls : 100.00
------------------------------
<Losses on train> cls : 0.021, total : 0.021
<Accuracies on train> cls : 99.49
Train epoch time: 97.263
------------------------------
<Accuracies on val> class : 82.53
------------------------------
<Accuracies on test> class : 58.58
------------------------------
<Accuracies on Art> test class : 56.45
------------------------------
<Accuracies on Clipart> test class : 45.43
------------------------------
<Accuracies on Product> test class : 72.67
------------------------------
Total epoch time: 198.158

New epoch - lr: 0.003
[1/61 iteration of epoch 24/100] 
 {loss} cls : 0.019, total : 0.019 
 {acc} cls : 100.00
[31/61 iteration of epoch 24/100] 
 {loss} cls : 0.007, total : 0.007 
 {acc} cls : 100.00
[61/61 iteration of epoch 24/100] 
 {loss} cls : 0.012, total : 0.012 
 {acc} cls : 100.00
------------------------------
<Losses on train> cls : 0.024, total : 0.024
<Accuracies on train> cls : 99.54
Train epoch time: 96.586
------------------------------
<Accuracies on val> class : 80.92
------------------------------
<Accuracies on test> class : 58.85
------------------------------
<Accuracies on Art> test class : 56.82
------------------------------
<Accuracies on Clipart> test class : 45.34
------------------------------
<Accuracies on Product> test class : 73.24
------------------------------
Total epoch time: 199.324

New epoch - lr: 0.003
[1/61 iteration of epoch 25/100] 
 {loss} cls : 0.012, total : 0.012 
 {acc} cls : 100.00
[31/61 iteration of epoch 25/100] 
 {loss} cls : 0.027, total : 0.027 
 {acc} cls : 98.44
[61/61 iteration of epoch 25/100] 
 {loss} cls : 0.005, total : 0.005 
 {acc} cls : 100.00
------------------------------
<Losses on train> cls : 0.020, total : 0.020
<Accuracies on train> cls : 99.56
Train epoch time: 96.037
------------------------------
<Accuracies on val> class : 82.07
------------------------------
<Accuracies on test> class : 59.28
------------------------------
<Accuracies on Art> test class : 56.94
------------------------------
<Accuracies on Clipart> test class : 46.39
------------------------------
<Accuracies on Product> test class : 73.24
------------------------------
Total epoch time: 200.997

New epoch - lr: 0.003
[1/61 iteration of epoch 26/100] 
 {loss} cls : 0.005, total : 0.005 
 {acc} cls : 100.00
[31/61 iteration of epoch 26/100] 
 {loss} cls : 0.009, total : 0.009 
 {acc} cls : 100.00
[61/61 iteration of epoch 26/100] 
 {loss} cls : 0.112, total : 0.112 
 {acc} cls : 96.88
------------------------------
<Losses on train> cls : 0.022, total : 0.022
<Accuracies on train> cls : 99.46
Train epoch time: 92.665
------------------------------
<Accuracies on val> class : 82.53
------------------------------
<Accuracies on test> class : 59.35
------------------------------
<Accuracies on Art> test class : 57.31
------------------------------
<Accuracies on Clipart> test class : 46.03
------------------------------
<Accuracies on Product> test class : 73.58
------------------------------
Total epoch time: 192.846

New epoch - lr: 0.003
[1/61 iteration of epoch 27/100] 
 {loss} cls : 0.014, total : 0.014 
 {acc} cls : 100.00
[31/61 iteration of epoch 27/100] 
 {loss} cls : 0.015, total : 0.015 
 {acc} cls : 100.00
[61/61 iteration of epoch 27/100] 
 {loss} cls : 0.008, total : 0.008 
 {acc} cls : 100.00
------------------------------
<Losses on train> cls : 0.016, total : 0.016
<Accuracies on train> cls : 99.56
Train epoch time: 97.684
------------------------------
<Accuracies on val> class : 81.61
------------------------------
<Accuracies on test> class : 59.27
------------------------------
<Accuracies on Art> test class : 57.03
------------------------------
<Accuracies on Clipart> test class : 46.78
------------------------------
<Accuracies on Product> test class : 72.79
------------------------------
Total epoch time: 198.869

New epoch - lr: 0.003
[1/61 iteration of epoch 28/100] 
 {loss} cls : 0.006, total : 0.006 
 {acc} cls : 100.00
[31/61 iteration of epoch 28/100] 
 {loss} cls : 0.014, total : 0.014 
 {acc} cls : 100.00
[61/61 iteration of epoch 28/100] 
 {loss} cls : 0.005, total : 0.005 
 {acc} cls : 100.00
------------------------------
<Losses on train> cls : 0.019, total : 0.019
<Accuracies on train> cls : 99.54
Train epoch time: 94.527
------------------------------
<Accuracies on val> class : 83.22
------------------------------
<Accuracies on test> class : 59.01
------------------------------
<Accuracies on Art> test class : 56.98
------------------------------
<Accuracies on Clipart> test class : 45.64
------------------------------
<Accuracies on Product> test class : 73.26
------------------------------
Total epoch time: 197.873

New epoch - lr: 0.003
[1/61 iteration of epoch 29/100] 
 {loss} cls : 0.013, total : 0.013 
 {acc} cls : 100.00
[31/61 iteration of epoch 29/100] 
 {loss} cls : 0.005, total : 0.005 
 {acc} cls : 100.00
[61/61 iteration of epoch 29/100] 
 {loss} cls : 0.010, total : 0.010 
 {acc} cls : 100.00
------------------------------
<Losses on train> cls : 0.019, total : 0.019
<Accuracies on train> cls : 99.51
Train epoch time: 94.089
------------------------------
<Accuracies on val> class : 81.38
------------------------------
<Accuracies on test> class : 59.08
------------------------------
<Accuracies on Art> test class : 56.57
------------------------------
<Accuracies on Clipart> test class : 46.16
------------------------------
<Accuracies on Product> test class : 73.15
------------------------------
Total epoch time: 195.930

New epoch - lr: 0.003
[1/61 iteration of epoch 30/100] 
 {loss} cls : 0.029, total : 0.029 
 {acc} cls : 100.00
[31/61 iteration of epoch 30/100] 
 {loss} cls : 0.006, total : 0.006 
 {acc} cls : 100.00
[61/61 iteration of epoch 30/100] 
 {loss} cls : 0.047, total : 0.047 
 {acc} cls : 98.44
------------------------------
<Losses on train> cls : 0.020, total : 0.020
<Accuracies on train> cls : 99.51
Train epoch time: 96.721
------------------------------
<Accuracies on val> class : 82.53
------------------------------
<Accuracies on test> class : 59.05
------------------------------
<Accuracies on Art> test class : 56.94
------------------------------
<Accuracies on Clipart> test class : 45.98
------------------------------
<Accuracies on Product> test class : 73.06
------------------------------
Total epoch time: 197.741

New epoch - lr: 0.003
[1/61 iteration of epoch 31/100] 
 {loss} cls : 0.013, total : 0.013 
 {acc} cls : 100.00
[31/61 iteration of epoch 31/100] 
 {loss} cls : 0.007, total : 0.007 
 {acc} cls : 100.00
[61/61 iteration of epoch 31/100] 
 {loss} cls : 0.018, total : 0.018 
 {acc} cls : 100.00
------------------------------
<Losses on train> cls : 0.019, total : 0.019
<Accuracies on train> cls : 99.59
Train epoch time: 100.048
------------------------------
<Accuracies on val> class : 82.76
------------------------------
<Accuracies on test> class : 59.19
------------------------------
<Accuracies on Art> test class : 57.03
------------------------------
<Accuracies on Clipart> test class : 45.84
------------------------------
<Accuracies on Product> test class : 73.51
------------------------------
Total epoch time: 202.512

New epoch - lr: 0.003
[1/61 iteration of epoch 32/100] 
 {loss} cls : 0.042, total : 0.042 
 {acc} cls : 98.44
[31/61 iteration of epoch 32/100] 
 {loss} cls : 0.016, total : 0.016 
 {acc} cls : 100.00
[61/61 iteration of epoch 32/100] 
 {loss} cls : 0.004, total : 0.004 
 {acc} cls : 100.00
------------------------------
<Losses on train> cls : 0.021, total : 0.021
<Accuracies on train> cls : 99.54
Train epoch time: 91.943
------------------------------
<Accuracies on val> class : 82.07
------------------------------
<Accuracies on test> class : 59.17
------------------------------
<Accuracies on Art> test class : 57.73
------------------------------
<Accuracies on Clipart> test class : 45.89
------------------------------
<Accuracies on Product> test class : 73.01
------------------------------
Total epoch time: 199.016

New epoch - lr: 0.003
[1/61 iteration of epoch 33/100] 
 {loss} cls : 0.009, total : 0.009 
 {acc} cls : 100.00
[31/61 iteration of epoch 33/100] 
 {loss} cls : 0.004, total : 0.004 
 {acc} cls : 100.00
[61/61 iteration of epoch 33/100] 
 {loss} cls : 0.037, total : 0.037 
 {acc} cls : 98.44
------------------------------
<Losses on train> cls : 0.020, total : 0.020
<Accuracies on train> cls : 99.46
Train epoch time: 92.189
------------------------------
<Accuracies on val> class : 82.07
------------------------------
<Accuracies on test> class : 59.61
------------------------------
<Accuracies on Art> test class : 57.35
------------------------------
<Accuracies on Clipart> test class : 46.53
------------------------------
<Accuracies on Product> test class : 73.71
------------------------------
Total epoch time: 193.320

New epoch - lr: 0.003
[1/61 iteration of epoch 34/100] 
 {loss} cls : 0.007, total : 0.007 
 {acc} cls : 100.00
[31/61 iteration of epoch 34/100] 
 {loss} cls : 0.022, total : 0.022 
 {acc} cls : 100.00
[61/61 iteration of epoch 34/100] 
 {loss} cls : 0.005, total : 0.005 
 {acc} cls : 100.00
------------------------------
<Losses on train> cls : 0.017, total : 0.017
<Accuracies on train> cls : 99.69
Train epoch time: 92.963
------------------------------
<Accuracies on val> class : 82.07
------------------------------
<Accuracies on test> class : 58.69
------------------------------
<Accuracies on Art> test class : 56.74
------------------------------
<Accuracies on Clipart> test class : 45.29
------------------------------
<Accuracies on Product> test class : 72.94
------------------------------
Total epoch time: 190.497

New epoch - lr: 0.003
[1/61 iteration of epoch 35/100] 
 {loss} cls : 0.011, total : 0.011 
 {acc} cls : 100.00
[31/61 iteration of epoch 35/100] 
 {loss} cls : 0.020, total : 0.020 
 {acc} cls : 98.44
[61/61 iteration of epoch 35/100] 
 {loss} cls : 0.009, total : 0.009 
 {acc} cls : 100.00
------------------------------
<Losses on train> cls : 0.017, total : 0.017
<Accuracies on train> cls : 99.51
Train epoch time: 92.266
------------------------------
<Accuracies on val> class : 82.07
------------------------------
<Accuracies on test> class : 59.00
------------------------------
<Accuracies on Art> test class : 57.31
------------------------------
<Accuracies on Clipart> test class : 45.77
------------------------------
<Accuracies on Product> test class : 72.92
------------------------------
Total epoch time: 192.908

New epoch - lr: 0.003
[1/61 iteration of epoch 36/100] 
 {loss} cls : 0.015, total : 0.015 
 {acc} cls : 100.00
[31/61 iteration of epoch 36/100] 
 {loss} cls : 0.026, total : 0.026 
 {acc} cls : 98.44
[61/61 iteration of epoch 36/100] 
 {loss} cls : 0.013, total : 0.013 
 {acc} cls : 100.00
------------------------------
<Losses on train> cls : 0.017, total : 0.017
<Accuracies on train> cls : 99.56
Train epoch time: 86.052
------------------------------
<Accuracies on val> class : 83.45
------------------------------
<Accuracies on test> class : 59.05
------------------------------
<Accuracies on Art> test class : 56.70
------------------------------
<Accuracies on Clipart> test class : 45.86
------------------------------
<Accuracies on Product> test class : 73.30
------------------------------
Total epoch time: 186.250

New epoch - lr: 0.003
[1/61 iteration of epoch 37/100] 
 {loss} cls : 0.004, total : 0.004 
 {acc} cls : 100.00
[31/61 iteration of epoch 37/100] 
 {loss} cls : 0.007, total : 0.007 
 {acc} cls : 100.00
[61/61 iteration of epoch 37/100] 
 {loss} cls : 0.018, total : 0.018 
 {acc} cls : 98.44
------------------------------
<Losses on train> cls : 0.015, total : 0.015
<Accuracies on train> cls : 99.67
Train epoch time: 90.810
------------------------------
<Accuracies on val> class : 81.84
------------------------------
<Accuracies on test> class : 58.56
------------------------------
<Accuracies on Art> test class : 56.94
------------------------------
<Accuracies on Clipart> test class : 45.09
------------------------------
<Accuracies on Product> test class : 72.70
------------------------------
Total epoch time: 186.064

New epoch - lr: 0.003
[1/61 iteration of epoch 38/100] 
 {loss} cls : 0.006, total : 0.006 
 {acc} cls : 100.00
[31/61 iteration of epoch 38/100] 
 {loss} cls : 0.016, total : 0.016 
 {acc} cls : 100.00
[61/61 iteration of epoch 38/100] 
 {loss} cls : 0.010, total : 0.010 
 {acc} cls : 100.00
------------------------------
<Losses on train> cls : 0.019, total : 0.019
<Accuracies on train> cls : 99.33
Train epoch time: 96.071
------------------------------
<Accuracies on val> class : 83.22
------------------------------
<Accuracies on test> class : 59.24
------------------------------
<Accuracies on Art> test class : 57.52
------------------------------
<Accuracies on Clipart> test class : 45.86
------------------------------
<Accuracies on Product> test class : 73.33
------------------------------
Total epoch time: 190.811

New epoch - lr: 0.003
[1/61 iteration of epoch 39/100] 
 {loss} cls : 0.006, total : 0.006 
 {acc} cls : 100.00
[31/61 iteration of epoch 39/100] 
 {loss} cls : 0.006, total : 0.006 
 {acc} cls : 100.00
[61/61 iteration of epoch 39/100] 
 {loss} cls : 0.008, total : 0.008 
 {acc} cls : 100.00
------------------------------
<Losses on train> cls : 0.017, total : 0.017
<Accuracies on train> cls : 99.49
Train epoch time: 93.633
------------------------------
<Accuracies on val> class : 82.76
------------------------------
<Accuracies on test> class : 58.35
------------------------------
<Accuracies on Art> test class : 56.70
------------------------------
<Accuracies on Clipart> test class : 44.74
------------------------------
<Accuracies on Product> test class : 72.63
------------------------------
Total epoch time: 189.705

New epoch - lr: 0.003
[1/61 iteration of epoch 40/100] 
 {loss} cls : 0.006, total : 0.006 
 {acc} cls : 100.00
[31/61 iteration of epoch 40/100] 
 {loss} cls : 0.005, total : 0.005 
 {acc} cls : 100.00
[61/61 iteration of epoch 40/100] 
 {loss} cls : 0.009, total : 0.009 
 {acc} cls : 100.00
------------------------------
<Losses on train> cls : 0.017, total : 0.017
<Accuracies on train> cls : 99.62
Train epoch time: 90.732
------------------------------
<Accuracies on val> class : 81.84
------------------------------
<Accuracies on test> class : 59.18
------------------------------
<Accuracies on Art> test class : 56.65
------------------------------
<Accuracies on Clipart> test class : 45.89
------------------------------
<Accuracies on Product> test class : 73.62
------------------------------
Total epoch time: 186.885

New epoch - lr: 0.003
[1/61 iteration of epoch 41/100] 
 {loss} cls : 0.007, total : 0.007 
 {acc} cls : 100.00
[31/61 iteration of epoch 41/100] 
 {loss} cls : 0.025, total : 0.025 
 {acc} cls : 98.44
[61/61 iteration of epoch 41/100] 
 {loss} cls : 0.005, total : 0.005 
 {acc} cls : 100.00
------------------------------
<Losses on train> cls : 0.017, total : 0.017
<Accuracies on train> cls : 99.56
Train epoch time: 87.895
------------------------------
<Accuracies on val> class : 83.22
------------------------------
<Accuracies on test> class : 59.02
------------------------------
<Accuracies on Art> test class : 57.27
------------------------------
<Accuracies on Clipart> test class : 45.29
------------------------------
<Accuracies on Product> test class : 73.46
------------------------------
Total epoch time: 180.832

New epoch - lr: 0.003
[1/61 iteration of epoch 42/100] 
 {loss} cls : 0.007, total : 0.007 
 {acc} cls : 100.00
[31/61 iteration of epoch 42/100] 
 {loss} cls : 0.006, total : 0.006 
 {acc} cls : 100.00
[61/61 iteration of epoch 42/100] 
 {loss} cls : 0.044, total : 0.044 
 {acc} cls : 98.44
------------------------------
<Losses on train> cls : 0.017, total : 0.017
<Accuracies on train> cls : 99.49
Train epoch time: 95.005
------------------------------
<Accuracies on val> class : 82.30
------------------------------
<Accuracies on test> class : 58.99
------------------------------
<Accuracies on Art> test class : 56.61
------------------------------
<Accuracies on Clipart> test class : 45.61
------------------------------
<Accuracies on Product> test class : 73.44
------------------------------
Total epoch time: 187.649

New epoch - lr: 0.003
[1/61 iteration of epoch 43/100] 
 {loss} cls : 0.005, total : 0.005 
 {acc} cls : 100.00
[31/61 iteration of epoch 43/100] 
 {loss} cls : 0.007, total : 0.007 
 {acc} cls : 100.00
[61/61 iteration of epoch 43/100] 
 {loss} cls : 0.041, total : 0.041 
 {acc} cls : 96.88
------------------------------
<Losses on train> cls : 0.017, total : 0.017
<Accuracies on train> cls : 99.56
Train epoch time: 88.782
------------------------------
<Accuracies on val> class : 81.61
------------------------------
<Accuracies on test> class : 58.61
------------------------------
<Accuracies on Art> test class : 57.15
------------------------------
<Accuracies on Clipart> test class : 45.04
------------------------------
<Accuracies on Product> test class : 72.76
------------------------------
Total epoch time: 187.101

New epoch - lr: 0.003
[1/61 iteration of epoch 44/100] 
 {loss} cls : 0.060, total : 0.060 
 {acc} cls : 98.44
[31/61 iteration of epoch 44/100] 
 {loss} cls : 0.007, total : 0.007 
 {acc} cls : 100.00
[61/61 iteration of epoch 44/100] 
 {loss} cls : 0.037, total : 0.037 
 {acc} cls : 98.44
------------------------------
<Losses on train> cls : 0.014, total : 0.014
<Accuracies on train> cls : 99.59
Train epoch time: 85.680
------------------------------
<Accuracies on val> class : 82.53
------------------------------
<Accuracies on test> class : 59.65
------------------------------
<Accuracies on Art> test class : 57.31
------------------------------
<Accuracies on Clipart> test class : 47.22
------------------------------
<Accuracies on Product> test class : 73.15
------------------------------
Total epoch time: 182.488

New epoch - lr: 0.003
[1/61 iteration of epoch 45/100] 
 {loss} cls : 0.007, total : 0.007 
 {acc} cls : 100.00
[31/61 iteration of epoch 45/100] 
 {loss} cls : 0.006, total : 0.006 
 {acc} cls : 100.00
[61/61 iteration of epoch 45/100] 
 {loss} cls : 0.025, total : 0.025 
 {acc} cls : 98.44
------------------------------
<Losses on train> cls : 0.014, total : 0.014
<Accuracies on train> cls : 99.62
Train epoch time: 86.226
------------------------------
<Accuracies on val> class : 82.53
------------------------------
<Accuracies on test> class : 59.75
------------------------------
<Accuracies on Art> test class : 57.48
------------------------------
<Accuracies on Clipart> test class : 46.94
------------------------------
<Accuracies on Product> test class : 73.58
------------------------------
Total epoch time: 179.012

New epoch - lr: 0.003
[1/61 iteration of epoch 46/100] 
 {loss} cls : 0.014, total : 0.014 
 {acc} cls : 100.00
[31/61 iteration of epoch 46/100] 
 {loss} cls : 0.005, total : 0.005 
 {acc} cls : 100.00
[61/61 iteration of epoch 46/100] 
 {loss} cls : 0.011, total : 0.011 
 {acc} cls : 100.00
------------------------------
<Losses on train> cls : 0.014, total : 0.014
<Accuracies on train> cls : 99.67
Train epoch time: 88.633
------------------------------
<Accuracies on val> class : 83.22
------------------------------
<Accuracies on test> class : 59.55
------------------------------
<Accuracies on Art> test class : 57.64
------------------------------
<Accuracies on Clipart> test class : 46.00
------------------------------
<Accuracies on Product> test class : 73.91
------------------------------
Total epoch time: 181.244

New epoch - lr: 0.003
[1/61 iteration of epoch 47/100] 
 {loss} cls : 0.006, total : 0.006 
 {acc} cls : 100.00
[31/61 iteration of epoch 47/100] 
 {loss} cls : 0.006, total : 0.006 
 {acc} cls : 100.00
[61/61 iteration of epoch 47/100] 
 {loss} cls : 0.010, total : 0.010 
 {acc} cls : 100.00
------------------------------
<Losses on train> cls : 0.013, total : 0.013
<Accuracies on train> cls : 99.59
Train epoch time: 86.208
------------------------------
<Accuracies on val> class : 82.07
------------------------------
<Accuracies on test> class : 59.38
------------------------------
<Accuracies on Art> test class : 57.27
------------------------------
<Accuracies on Clipart> test class : 46.35
------------------------------
<Accuracies on Product> test class : 73.35
------------------------------
Total epoch time: 184.984

New epoch - lr: 0.003
[1/61 iteration of epoch 48/100] 
 {loss} cls : 0.006, total : 0.006 
 {acc} cls : 100.00
[31/61 iteration of epoch 48/100] 
 {loss} cls : 0.024, total : 0.024 
 {acc} cls : 98.44
[61/61 iteration of epoch 48/100] 
 {loss} cls : 0.033, total : 0.033 
 {acc} cls : 98.44
------------------------------
<Losses on train> cls : 0.014, total : 0.014
<Accuracies on train> cls : 99.59
Train epoch time: 85.551
------------------------------
<Accuracies on val> class : 82.76
------------------------------
<Accuracies on test> class : 59.66
------------------------------
<Accuracies on Art> test class : 57.89
------------------------------
<Accuracies on Clipart> test class : 46.80
------------------------------
<Accuracies on Product> test class : 73.26
------------------------------
Total epoch time: 180.498

New epoch - lr: 0.003
[1/61 iteration of epoch 49/100] 
 {loss} cls : 0.021, total : 0.021 
 {acc} cls : 98.44
[31/61 iteration of epoch 49/100] 
 {loss} cls : 0.036, total : 0.036 
 {acc} cls : 98.44
[61/61 iteration of epoch 49/100] 
 {loss} cls : 0.008, total : 0.008 
 {acc} cls : 100.00
------------------------------
<Losses on train> cls : 0.015, total : 0.015
<Accuracies on train> cls : 99.49
Train epoch time: 89.011
------------------------------
<Accuracies on val> class : 81.84
------------------------------
<Accuracies on test> class : 59.34
------------------------------
<Accuracies on Art> test class : 57.73
------------------------------
<Accuracies on Clipart> test class : 46.25
------------------------------
<Accuracies on Product> test class : 73.08
------------------------------
Total epoch time: 182.016

New epoch - lr: 0.003
[1/61 iteration of epoch 50/100] 
 {loss} cls : 0.009, total : 0.009 
 {acc} cls : 100.00
[31/61 iteration of epoch 50/100] 
 {loss} cls : 0.006, total : 0.006 
 {acc} cls : 100.00
[61/61 iteration of epoch 50/100] 
 {loss} cls : 0.041, total : 0.041 
 {acc} cls : 98.44
------------------------------
<Losses on train> cls : 0.013, total : 0.013
<Accuracies on train> cls : 99.62
Train epoch time: 89.578
------------------------------
<Accuracies on val> class : 82.99
------------------------------
<Accuracies on test> class : 59.57
------------------------------
<Accuracies on Art> test class : 57.77
------------------------------
<Accuracies on Clipart> test class : 45.93
------------------------------
<Accuracies on Product> test class : 73.96
------------------------------
Total epoch time: 182.528

New epoch - lr: 0.003
[1/61 iteration of epoch 51/100] 
 {loss} cls : 0.004, total : 0.004 
 {acc} cls : 100.00
[31/61 iteration of epoch 51/100] 
 {loss} cls : 0.005, total : 0.005 
 {acc} cls : 100.00
[61/61 iteration of epoch 51/100] 
 {loss} cls : 0.006, total : 0.006 
 {acc} cls : 100.00
------------------------------
<Losses on train> cls : 0.014, total : 0.014
<Accuracies on train> cls : 99.69
Train epoch time: 86.283
------------------------------
<Accuracies on val> class : 82.76
------------------------------
<Accuracies on test> class : 59.48
------------------------------
<Accuracies on Art> test class : 57.15
------------------------------
<Accuracies on Clipart> test class : 46.44
------------------------------
<Accuracies on Product> test class : 73.58
------------------------------
Total epoch time: 182.436

New epoch - lr: 0.003
[1/61 iteration of epoch 52/100] 
 {loss} cls : 0.004, total : 0.004 
 {acc} cls : 100.00
[31/61 iteration of epoch 52/100] 
 {loss} cls : 0.007, total : 0.007 
 {acc} cls : 100.00
[61/61 iteration of epoch 52/100] 
 {loss} cls : 0.006, total : 0.006 
 {acc} cls : 100.00
------------------------------
<Losses on train> cls : 0.014, total : 0.014
<Accuracies on train> cls : 99.67
Train epoch time: 88.052
------------------------------
<Accuracies on val> class : 82.76
------------------------------
<Accuracies on test> class : 59.19
------------------------------
<Accuracies on Art> test class : 56.90
------------------------------
<Accuracies on Clipart> test class : 46.05
------------------------------
<Accuracies on Product> test class : 73.37
------------------------------
Total epoch time: 183.230

New epoch - lr: 0.003
[1/61 iteration of epoch 53/100] 
 {loss} cls : 0.007, total : 0.007 
 {acc} cls : 100.00
[31/61 iteration of epoch 53/100] 
 {loss} cls : 0.035, total : 0.035 
 {acc} cls : 98.44
[61/61 iteration of epoch 53/100] 
 {loss} cls : 0.004, total : 0.004 
 {acc} cls : 100.00
------------------------------
<Losses on train> cls : 0.015, total : 0.015
<Accuracies on train> cls : 99.62
Train epoch time: 88.102
------------------------------
<Accuracies on val> class : 82.76
------------------------------
<Accuracies on test> class : 59.63
------------------------------
<Accuracies on Art> test class : 57.15
------------------------------
<Accuracies on Clipart> test class : 46.85
------------------------------
<Accuracies on Product> test class : 73.55
------------------------------
Total epoch time: 180.669

New epoch - lr: 0.003
[1/61 iteration of epoch 54/100] 
 {loss} cls : 0.011, total : 0.011 
 {acc} cls : 100.00
[31/61 iteration of epoch 54/100] 
 {loss} cls : 0.005, total : 0.005 
 {acc} cls : 100.00
[61/61 iteration of epoch 54/100] 
 {loss} cls : 0.008, total : 0.008 
 {acc} cls : 100.00
------------------------------
<Losses on train> cls : 0.013, total : 0.013
<Accuracies on train> cls : 99.67
Train epoch time: 91.132
------------------------------
<Accuracies on val> class : 82.76
------------------------------
<Accuracies on test> class : 59.61
------------------------------
<Accuracies on Art> test class : 57.23
------------------------------
<Accuracies on Clipart> test class : 46.64
------------------------------
<Accuracies on Product> test class : 73.67
------------------------------
Total epoch time: 185.192

New epoch - lr: 0.003
[1/61 iteration of epoch 55/100] 
 {loss} cls : 0.006, total : 0.006 
 {acc} cls : 100.00
[31/61 iteration of epoch 55/100] 
 {loss} cls : 0.004, total : 0.004 
 {acc} cls : 100.00
[61/61 iteration of epoch 55/100] 
 {loss} cls : 0.039, total : 0.039 
 {acc} cls : 96.88
------------------------------
<Losses on train> cls : 0.015, total : 0.015
<Accuracies on train> cls : 99.51
Train epoch time: 89.091
------------------------------
<Accuracies on val> class : 82.76
------------------------------
<Accuracies on test> class : 59.86
------------------------------
<Accuracies on Art> test class : 57.89
------------------------------
<Accuracies on Clipart> test class : 46.94
------------------------------
<Accuracies on Product> test class : 73.64
------------------------------
Total epoch time: 184.853

New epoch - lr: 0.003
[1/61 iteration of epoch 56/100] 
 {loss} cls : 0.015, total : 0.015 
 {acc} cls : 100.00
[31/61 iteration of epoch 56/100] 
 {loss} cls : 0.007, total : 0.007 
 {acc} cls : 100.00
[61/61 iteration of epoch 56/100] 
 {loss} cls : 0.009, total : 0.009 
 {acc} cls : 100.00
------------------------------
<Losses on train> cls : 0.020, total : 0.020
<Accuracies on train> cls : 99.49
Train epoch time: 87.903
------------------------------
<Accuracies on val> class : 82.07
------------------------------
<Accuracies on test> class : 59.81
------------------------------
<Accuracies on Art> test class : 58.06
------------------------------
<Accuracies on Clipart> test class : 46.46
------------------------------
<Accuracies on Product> test class : 73.89
------------------------------
Total epoch time: 181.341

New epoch - lr: 0.003
[1/61 iteration of epoch 57/100] 
 {loss} cls : 0.008, total : 0.008 
 {acc} cls : 100.00
[31/61 iteration of epoch 57/100] 
 {loss} cls : 0.014, total : 0.014 
 {acc} cls : 100.00
[61/61 iteration of epoch 57/100] 
 {loss} cls : 0.006, total : 0.006 
 {acc} cls : 100.00
------------------------------
<Losses on train> cls : 0.014, total : 0.014
<Accuracies on train> cls : 99.62
Train epoch time: 89.528
------------------------------
<Accuracies on val> class : 83.22
------------------------------
<Accuracies on test> class : 60.02
------------------------------
<Accuracies on Art> test class : 57.44
------------------------------
<Accuracies on Clipart> test class : 46.99
------------------------------
<Accuracies on Product> test class : 74.25
------------------------------
Total epoch time: 182.316

New epoch - lr: 0.003
[1/61 iteration of epoch 58/100] 
 {loss} cls : 0.019, total : 0.019 
 {acc} cls : 98.44
[31/61 iteration of epoch 58/100] 
 {loss} cls : 0.006, total : 0.006 
 {acc} cls : 100.00
[61/61 iteration of epoch 58/100] 
 {loss} cls : 0.006, total : 0.006 
 {acc} cls : 100.00
------------------------------
<Losses on train> cls : 0.015, total : 0.015
<Accuracies on train> cls : 99.54
Train epoch time: 88.095
------------------------------
<Accuracies on val> class : 82.76
------------------------------
<Accuracies on test> class : 59.66
------------------------------
<Accuracies on Art> test class : 57.40
------------------------------
<Accuracies on Clipart> test class : 46.80
------------------------------
<Accuracies on Product> test class : 73.53
------------------------------
Total epoch time: 181.884

New epoch - lr: 0.003
[1/61 iteration of epoch 59/100] 
 {loss} cls : 0.006, total : 0.006 
 {acc} cls : 100.00
[31/61 iteration of epoch 59/100] 
 {loss} cls : 0.024, total : 0.024 
 {acc} cls : 98.44
[61/61 iteration of epoch 59/100] 
 {loss} cls : 0.019, total : 0.019 
 {acc} cls : 98.44
------------------------------
<Losses on train> cls : 0.014, total : 0.014
<Accuracies on train> cls : 99.56
Train epoch time: 87.193
------------------------------
<Accuracies on val> class : 82.30
------------------------------
<Accuracies on test> class : 59.27
------------------------------
<Accuracies on Art> test class : 57.19
------------------------------
<Accuracies on Clipart> test class : 45.93
------------------------------
<Accuracies on Product> test class : 73.53
------------------------------
Total epoch time: 181.021

New epoch - lr: 0.003
[1/61 iteration of epoch 60/100] 
 {loss} cls : 0.015, total : 0.015 
 {acc} cls : 100.00
[31/61 iteration of epoch 60/100] 
 {loss} cls : 0.014, total : 0.014 
 {acc} cls : 100.00
[61/61 iteration of epoch 60/100] 
 {loss} cls : 0.058, total : 0.058 
 {acc} cls : 98.44
------------------------------
<Losses on train> cls : 0.013, total : 0.013
<Accuracies on train> cls : 99.67
Train epoch time: 87.681
------------------------------
<Accuracies on val> class : 82.99
------------------------------
<Accuracies on test> class : 59.42
------------------------------
<Accuracies on Art> test class : 56.82
------------------------------
<Accuracies on Clipart> test class : 46.41
------------------------------
<Accuracies on Product> test class : 73.62
------------------------------
Total epoch time: 181.060

New epoch - lr: 0.003
[1/61 iteration of epoch 61/100] 
 {loss} cls : 0.022, total : 0.022 
 {acc} cls : 98.44
[31/61 iteration of epoch 61/100] 
 {loss} cls : 0.021, total : 0.021 
 {acc} cls : 98.44
[61/61 iteration of epoch 61/100] 
 {loss} cls : 0.008, total : 0.008 
 {acc} cls : 100.00
------------------------------
<Losses on train> cls : 0.013, total : 0.013
<Accuracies on train> cls : 99.56
Train epoch time: 88.237
------------------------------
<Accuracies on val> class : 82.76
------------------------------
<Accuracies on test> class : 59.78
------------------------------
<Accuracies on Art> test class : 57.81
------------------------------
<Accuracies on Clipart> test class : 46.28
------------------------------
<Accuracies on Product> test class : 74.14
------------------------------
Total epoch time: 181.993

New epoch - lr: 0.003
[1/61 iteration of epoch 62/100] 
 {loss} cls : 0.007, total : 0.007 
 {acc} cls : 100.00
[31/61 iteration of epoch 62/100] 
 {loss} cls : 0.015, total : 0.015 
 {acc} cls : 100.00
[61/61 iteration of epoch 62/100] 
 {loss} cls : 0.007, total : 0.007 
 {acc} cls : 100.00
------------------------------
<Losses on train> cls : 0.013, total : 0.013
<Accuracies on train> cls : 99.56
Train epoch time: 89.593
------------------------------
<Accuracies on val> class : 82.53
------------------------------
<Accuracies on test> class : 59.73
------------------------------
<Accuracies on Art> test class : 57.85
------------------------------
<Accuracies on Clipart> test class : 46.30
------------------------------
<Accuracies on Product> test class : 73.96
------------------------------
Total epoch time: 184.224

New epoch - lr: 0.003
[1/61 iteration of epoch 63/100] 
 {loss} cls : 0.020, total : 0.020 
 {acc} cls : 98.44
[31/61 iteration of epoch 63/100] 
 {loss} cls : 0.006, total : 0.006 
 {acc} cls : 100.00
[61/61 iteration of epoch 63/100] 
 {loss} cls : 0.009, total : 0.009 
 {acc} cls : 100.00
------------------------------
<Losses on train> cls : 0.014, total : 0.014
<Accuracies on train> cls : 99.56
Train epoch time: 90.622
------------------------------
<Accuracies on val> class : 82.07
------------------------------
<Accuracies on test> class : 59.59
------------------------------
<Accuracies on Art> test class : 56.98
------------------------------
<Accuracies on Clipart> test class : 46.78
------------------------------
<Accuracies on Product> test class : 73.62
------------------------------
Total epoch time: 183.738

New epoch - lr: 0.003
[1/61 iteration of epoch 64/100] 
 {loss} cls : 0.008, total : 0.008 
 {acc} cls : 100.00
[31/61 iteration of epoch 64/100] 
 {loss} cls : 0.004, total : 0.004 
 {acc} cls : 100.00
[61/61 iteration of epoch 64/100] 
 {loss} cls : 0.006, total : 0.006 
 {acc} cls : 100.00
------------------------------
<Losses on train> cls : 0.014, total : 0.014
<Accuracies on train> cls : 99.56
Train epoch time: 87.293
------------------------------
<Accuracies on val> class : 81.61
------------------------------
<Accuracies on test> class : 59.69
------------------------------
<Accuracies on Art> test class : 56.70
------------------------------
<Accuracies on Clipart> test class : 46.51
------------------------------
<Accuracies on Product> test class : 74.30
------------------------------
Total epoch time: 180.557

New epoch - lr: 0.003
[1/61 iteration of epoch 65/100] 
 {loss} cls : 0.005, total : 0.005 
 {acc} cls : 100.00
[31/61 iteration of epoch 65/100] 
 {loss} cls : 0.009, total : 0.009 
 {acc} cls : 100.00
[61/61 iteration of epoch 65/100] 
 {loss} cls : 0.091, total : 0.091 
 {acc} cls : 96.88
------------------------------
<Losses on train> cls : 0.014, total : 0.014
<Accuracies on train> cls : 99.54
Train epoch time: 87.321
------------------------------
<Accuracies on val> class : 82.99
------------------------------
<Accuracies on test> class : 59.89
------------------------------
<Accuracies on Art> test class : 57.77
------------------------------
<Accuracies on Clipart> test class : 46.30
------------------------------
<Accuracies on Product> test class : 74.41
------------------------------
Total epoch time: 180.843

New epoch - lr: 0.003
[1/61 iteration of epoch 66/100] 
 {loss} cls : 0.029, total : 0.029 
 {acc} cls : 98.44
[31/61 iteration of epoch 66/100] 
 {loss} cls : 0.004, total : 0.004 
 {acc} cls : 100.00
[61/61 iteration of epoch 66/100] 
 {loss} cls : 0.067, total : 0.067 
 {acc} cls : 96.88
------------------------------
<Losses on train> cls : 0.014, total : 0.014
<Accuracies on train> cls : 99.59
Train epoch time: 91.671
------------------------------
<Accuracies on val> class : 82.30
------------------------------
<Accuracies on test> class : 59.38
------------------------------
<Accuracies on Art> test class : 57.11
------------------------------
<Accuracies on Clipart> test class : 45.57
------------------------------
<Accuracies on Product> test class : 74.21
------------------------------
Total epoch time: 184.758

New epoch - lr: 0.003
[1/61 iteration of epoch 67/100] 
 {loss} cls : 0.004, total : 0.004 
 {acc} cls : 100.00
[31/61 iteration of epoch 67/100] 
 {loss} cls : 0.012, total : 0.012 
 {acc} cls : 100.00
[61/61 iteration of epoch 67/100] 
 {loss} cls : 0.026, total : 0.026 
 {acc} cls : 98.44
------------------------------
<Losses on train> cls : 0.014, total : 0.014
<Accuracies on train> cls : 99.54
Train epoch time: 90.240
------------------------------
<Accuracies on val> class : 82.76
------------------------------
<Accuracies on test> class : 60.13
------------------------------
<Accuracies on Art> test class : 57.52
------------------------------
<Accuracies on Clipart> test class : 47.17
------------------------------
<Accuracies on Product> test class : 74.30
------------------------------
Total epoch time: 183.361

New epoch - lr: 0.003
[1/61 iteration of epoch 68/100] 
 {loss} cls : 0.017, total : 0.017 
 {acc} cls : 98.44
[31/61 iteration of epoch 68/100] 
 {loss} cls : 0.013, total : 0.013 
 {acc} cls : 100.00
[61/61 iteration of epoch 68/100] 
 {loss} cls : 0.028, total : 0.028 
 {acc} cls : 98.44
------------------------------
<Losses on train> cls : 0.013, total : 0.013
<Accuracies on train> cls : 99.59
Train epoch time: 89.884
------------------------------
<Accuracies on val> class : 82.76
------------------------------
<Accuracies on test> class : 59.49
------------------------------
<Accuracies on Art> test class : 57.11
------------------------------
<Accuracies on Clipart> test class : 46.30
------------------------------
<Accuracies on Product> test class : 73.76
------------------------------
Total epoch time: 184.593

New epoch - lr: 0.003
[1/61 iteration of epoch 69/100] 
 {loss} cls : 0.027, total : 0.027 
 {acc} cls : 98.44
[31/61 iteration of epoch 69/100] 
 {loss} cls : 0.005, total : 0.005 
 {acc} cls : 100.00
[61/61 iteration of epoch 69/100] 
 {loss} cls : 0.004, total : 0.004 
 {acc} cls : 100.00
------------------------------
<Losses on train> cls : 0.013, total : 0.013
<Accuracies on train> cls : 99.51
Train epoch time: 90.204
------------------------------
<Accuracies on val> class : 82.30
------------------------------
<Accuracies on test> class : 59.79
------------------------------
<Accuracies on Art> test class : 57.52
------------------------------
<Accuracies on Clipart> test class : 46.71
------------------------------
<Accuracies on Product> test class : 73.89
------------------------------
Total epoch time: 185.305

New epoch - lr: 0.003
[1/61 iteration of epoch 70/100] 
 {loss} cls : 0.018, total : 0.018 
 {acc} cls : 100.00
[31/61 iteration of epoch 70/100] 
 {loss} cls : 0.011, total : 0.011 
 {acc} cls : 100.00
[61/61 iteration of epoch 70/100] 
 {loss} cls : 0.006, total : 0.006 
 {acc} cls : 100.00
------------------------------
<Losses on train> cls : 0.014, total : 0.014
<Accuracies on train> cls : 99.56
Train epoch time: 88.554
------------------------------
<Accuracies on val> class : 82.07
------------------------------
<Accuracies on test> class : 59.60
------------------------------
<Accuracies on Art> test class : 56.82
------------------------------
<Accuracies on Clipart> test class : 46.46
------------------------------
<Accuracies on Product> test class : 74.05
------------------------------
Total epoch time: 181.363

New epoch - lr: 0.003
[1/61 iteration of epoch 71/100] 
 {loss} cls : 0.007, total : 0.007 
 {acc} cls : 100.00
[31/61 iteration of epoch 71/100] 
 {loss} cls : 0.004, total : 0.004 
 {acc} cls : 100.00
[61/61 iteration of epoch 71/100] 
 {loss} cls : 0.030, total : 0.030 
 {acc} cls : 98.44
------------------------------
<Losses on train> cls : 0.015, total : 0.015
<Accuracies on train> cls : 99.51
Train epoch time: 90.475
------------------------------
<Accuracies on val> class : 82.53
------------------------------
<Accuracies on test> class : 60.27
------------------------------
<Accuracies on Art> test class : 58.34
------------------------------
<Accuracies on Clipart> test class : 47.08
------------------------------
<Accuracies on Product> test class : 74.30
------------------------------
Total epoch time: 183.556

New epoch - lr: 0.003
[1/61 iteration of epoch 72/100] 
 {loss} cls : 0.004, total : 0.004 
 {acc} cls : 100.00
[31/61 iteration of epoch 72/100] 
 {loss} cls : 0.004, total : 0.004 
 {acc} cls : 100.00
[61/61 iteration of epoch 72/100] 
 {loss} cls : 0.011, total : 0.011 
 {acc} cls : 100.00
------------------------------
<Losses on train> cls : 0.013, total : 0.013
<Accuracies on train> cls : 99.59
Train epoch time: 90.246
------------------------------
<Accuracies on val> class : 81.61
------------------------------
<Accuracies on test> class : 60.24
------------------------------
<Accuracies on Art> test class : 58.22
------------------------------
<Accuracies on Clipart> test class : 47.12
------------------------------
<Accuracies on Product> test class : 74.25
------------------------------
Total epoch time: 188.742

New epoch - lr: 0.003
[1/61 iteration of epoch 73/100] 
 {loss} cls : 0.007, total : 0.007 
 {acc} cls : 100.00
[31/61 iteration of epoch 73/100] 
 {loss} cls : 0.006, total : 0.006 
 {acc} cls : 100.00
[61/61 iteration of epoch 73/100] 
 {loss} cls : 0.010, total : 0.010 
 {acc} cls : 100.00
------------------------------
<Losses on train> cls : 0.013, total : 0.013
<Accuracies on train> cls : 99.64
Train epoch time: 86.996
------------------------------
<Accuracies on val> class : 83.22
------------------------------
<Accuracies on test> class : 59.95
------------------------------
<Accuracies on Art> test class : 58.10
------------------------------
<Accuracies on Clipart> test class : 46.55
------------------------------
<Accuracies on Product> test class : 74.14
------------------------------
Total epoch time: 181.249

New epoch - lr: 0.003
[1/61 iteration of epoch 74/100] 
 {loss} cls : 0.008, total : 0.008 
 {acc} cls : 100.00
[31/61 iteration of epoch 74/100] 
 {loss} cls : 0.005, total : 0.005 
 {acc} cls : 100.00
[61/61 iteration of epoch 74/100] 
 {loss} cls : 0.004, total : 0.004 
 {acc} cls : 100.00
------------------------------
<Losses on train> cls : 0.012, total : 0.012
<Accuracies on train> cls : 99.54
Train epoch time: 88.923
------------------------------
<Accuracies on val> class : 81.84
------------------------------
<Accuracies on test> class : 59.95
------------------------------
<Accuracies on Art> test class : 57.64
------------------------------
<Accuracies on Clipart> test class : 46.71
------------------------------
<Accuracies on Product> test class : 74.23
------------------------------
Total epoch time: 182.288

New epoch - lr: 0.003
[1/61 iteration of epoch 75/100] 
 {loss} cls : 0.013, total : 0.013 
 {acc} cls : 100.00
[31/61 iteration of epoch 75/100] 
 {loss} cls : 0.006, total : 0.006 
 {acc} cls : 100.00
[61/61 iteration of epoch 75/100] 
 {loss} cls : 0.032, total : 0.032 
 {acc} cls : 98.44
------------------------------
<Losses on train> cls : 0.011, total : 0.011
<Accuracies on train> cls : 99.64
Train epoch time: 89.785
------------------------------
<Accuracies on val> class : 82.30
------------------------------
<Accuracies on test> class : 59.98
------------------------------
<Accuracies on Art> test class : 57.73
------------------------------
<Accuracies on Clipart> test class : 46.87
------------------------------
<Accuracies on Product> test class : 74.09
------------------------------
Total epoch time: 182.618

New epoch - lr: 0.003
[1/61 iteration of epoch 76/100] 
 {loss} cls : 0.034, total : 0.034 
 {acc} cls : 98.44
[31/61 iteration of epoch 76/100] 
 {loss} cls : 0.042, total : 0.042 
 {acc} cls : 96.88
[61/61 iteration of epoch 76/100] 
 {loss} cls : 0.006, total : 0.006 
 {acc} cls : 100.00
------------------------------
<Losses on train> cls : 0.015, total : 0.015
<Accuracies on train> cls : 99.49
Train epoch time: 86.124
------------------------------
<Accuracies on val> class : 82.76
------------------------------
<Accuracies on test> class : 59.99
------------------------------
<Accuracies on Art> test class : 56.98
------------------------------
<Accuracies on Clipart> test class : 47.24
------------------------------
<Accuracies on Product> test class : 74.16
------------------------------
Total epoch time: 182.840

New epoch - lr: 0.003
[1/61 iteration of epoch 77/100] 
 {loss} cls : 0.035, total : 0.035 
 {acc} cls : 98.44
[31/61 iteration of epoch 77/100] 
 {loss} cls : 0.007, total : 0.007 
 {acc} cls : 100.00
[61/61 iteration of epoch 77/100] 
 {loss} cls : 0.010, total : 0.010 
 {acc} cls : 100.00
------------------------------
<Losses on train> cls : 0.014, total : 0.014
<Accuracies on train> cls : 99.56
Train epoch time: 84.861
------------------------------
<Accuracies on val> class : 81.61
------------------------------
<Accuracies on test> class : 60.10
------------------------------
<Accuracies on Art> test class : 58.01
------------------------------
<Accuracies on Clipart> test class : 47.06
------------------------------
<Accuracies on Product> test class : 74.07
------------------------------
Total epoch time: 178.995

New epoch - lr: 0.003
[1/61 iteration of epoch 78/100] 
 {loss} cls : 0.008, total : 0.008 
 {acc} cls : 100.00
[31/61 iteration of epoch 78/100] 
 {loss} cls : 0.027, total : 0.027 
 {acc} cls : 98.44
[61/61 iteration of epoch 78/100] 
 {loss} cls : 0.010, total : 0.010 
 {acc} cls : 100.00
------------------------------
<Losses on train> cls : 0.012, total : 0.012
<Accuracies on train> cls : 99.62
Train epoch time: 88.202
------------------------------
<Accuracies on val> class : 82.07
------------------------------
<Accuracies on test> class : 59.89
------------------------------
<Accuracies on Art> test class : 57.35
------------------------------
<Accuracies on Clipart> test class : 46.90
------------------------------
<Accuracies on Product> test class : 74.05
------------------------------
Total epoch time: 180.535

New epoch - lr: 0.003
[1/61 iteration of epoch 79/100] 
 {loss} cls : 0.020, total : 0.020 
 {acc} cls : 100.00
[31/61 iteration of epoch 79/100] 
 {loss} cls : 0.002, total : 0.002 
 {acc} cls : 100.00
[61/61 iteration of epoch 79/100] 
 {loss} cls : 0.006, total : 0.006 
 {acc} cls : 100.00
------------------------------
<Losses on train> cls : 0.013, total : 0.013
<Accuracies on train> cls : 99.62
Train epoch time: 88.191
------------------------------
<Accuracies on val> class : 82.30
------------------------------
<Accuracies on test> class : 60.00
------------------------------
<Accuracies on Art> test class : 57.52
------------------------------
<Accuracies on Clipart> test class : 47.17
------------------------------
<Accuracies on Product> test class : 73.98
------------------------------
Total epoch time: 182.128

New epoch - lr: 0.003
[1/61 iteration of epoch 80/100] 
 {loss} cls : 0.008, total : 0.008 
 {acc} cls : 100.00
[31/61 iteration of epoch 80/100] 
 {loss} cls : 0.005, total : 0.005 
 {acc} cls : 100.00
[61/61 iteration of epoch 80/100] 
 {loss} cls : 0.004, total : 0.004 
 {acc} cls : 100.00
------------------------------
<Losses on train> cls : 0.011, total : 0.011
<Accuracies on train> cls : 99.64
Train epoch time: 87.759
------------------------------
<Accuracies on val> class : 82.07
------------------------------
<Accuracies on test> class : 59.45
------------------------------
<Accuracies on Art> test class : 56.86
------------------------------
<Accuracies on Clipart> test class : 46.35
------------------------------
<Accuracies on Product> test class : 73.76
------------------------------
Total epoch time: 185.031

New epoch - lr: 0.003
[1/61 iteration of epoch 81/100] 
 {loss} cls : 0.006, total : 0.006 
 {acc} cls : 100.00
[31/61 iteration of epoch 81/100] 
 {loss} cls : 0.004, total : 0.004 
 {acc} cls : 100.00
[61/61 iteration of epoch 81/100] 
 {loss} cls : 0.014, total : 0.014 
 {acc} cls : 100.00
------------------------------
<Losses on train> cls : 0.012, total : 0.012
<Accuracies on train> cls : 99.67
Train epoch time: 85.973
------------------------------
<Accuracies on val> class : 82.99
------------------------------
<Accuracies on test> class : 59.54
------------------------------
<Accuracies on Art> test class : 57.19
------------------------------
<Accuracies on Clipart> test class : 46.46
------------------------------
<Accuracies on Product> test class : 73.69
------------------------------
Total epoch time: 179.478

New epoch - lr: 0.003
[1/61 iteration of epoch 82/100] 
 {loss} cls : 0.044, total : 0.044 
 {acc} cls : 96.88
[31/61 iteration of epoch 82/100] 
 {loss} cls : 0.006, total : 0.006 
 {acc} cls : 100.00
[61/61 iteration of epoch 82/100] 
 {loss} cls : 0.060, total : 0.060 
 {acc} cls : 96.88
------------------------------
<Losses on train> cls : 0.013, total : 0.013
<Accuracies on train> cls : 99.62
Train epoch time: 88.003
------------------------------
<Accuracies on val> class : 81.38
------------------------------
<Accuracies on test> class : 60.30
------------------------------
<Accuracies on Art> test class : 58.76
------------------------------
<Accuracies on Clipart> test class : 46.96
------------------------------
<Accuracies on Product> test class : 74.25
------------------------------
Total epoch time: 180.374

New epoch - lr: 0.003
[1/61 iteration of epoch 83/100] 
 {loss} cls : 0.008, total : 0.008 
 {acc} cls : 100.00
[31/61 iteration of epoch 83/100] 
 {loss} cls : 0.006, total : 0.006 
 {acc} cls : 100.00
[61/61 iteration of epoch 83/100] 
 {loss} cls : 0.004, total : 0.004 
 {acc} cls : 100.00
------------------------------
<Losses on train> cls : 0.012, total : 0.012
<Accuracies on train> cls : 99.64
Train epoch time: 86.885
------------------------------
<Accuracies on val> class : 81.84
------------------------------
<Accuracies on test> class : 60.17
------------------------------
<Accuracies on Art> test class : 57.44
------------------------------
<Accuracies on Clipart> test class : 46.99
------------------------------
<Accuracies on Product> test class : 74.63
------------------------------
Total epoch time: 182.010

New epoch - lr: 0.003
[1/61 iteration of epoch 84/100] 
 {loss} cls : 0.023, total : 0.023 
 {acc} cls : 98.44
[31/61 iteration of epoch 84/100] 
 {loss} cls : 0.009, total : 0.009 
 {acc} cls : 100.00
[61/61 iteration of epoch 84/100] 
 {loss} cls : 0.004, total : 0.004 
 {acc} cls : 100.00
------------------------------
<Losses on train> cls : 0.011, total : 0.011
<Accuracies on train> cls : 99.62
Train epoch time: 86.079
------------------------------
<Accuracies on val> class : 82.99
------------------------------
<Accuracies on test> class : 60.21
------------------------------
<Accuracies on Art> test class : 57.48
------------------------------
<Accuracies on Clipart> test class : 47.03
------------------------------
<Accuracies on Product> test class : 74.66
------------------------------
Total epoch time: 179.785

New epoch - lr: 0.003
[1/61 iteration of epoch 85/100] 
 {loss} cls : 0.062, total : 0.062 
 {acc} cls : 98.44
[31/61 iteration of epoch 85/100] 
 {loss} cls : 0.006, total : 0.006 
 {acc} cls : 100.00
[61/61 iteration of epoch 85/100] 
 {loss} cls : 0.006, total : 0.006 
 {acc} cls : 100.00
------------------------------
<Losses on train> cls : 0.012, total : 0.012
<Accuracies on train> cls : 99.64
Train epoch time: 86.898
------------------------------
<Accuracies on val> class : 82.76
------------------------------
<Accuracies on test> class : 60.29
------------------------------
<Accuracies on Art> test class : 57.31
------------------------------
<Accuracies on Clipart> test class : 47.03
------------------------------
<Accuracies on Product> test class : 74.95
------------------------------
Total epoch time: 180.966

New epoch - lr: 0.003
[1/61 iteration of epoch 86/100] 
 {loss} cls : 0.015, total : 0.015 
 {acc} cls : 100.00
[31/61 iteration of epoch 86/100] 
 {loss} cls : 0.004, total : 0.004 
 {acc} cls : 100.00
[61/61 iteration of epoch 86/100] 
 {loss} cls : 0.020, total : 0.020 
 {acc} cls : 100.00
------------------------------
<Losses on train> cls : 0.011, total : 0.011
<Accuracies on train> cls : 99.69
Train epoch time: 87.818
------------------------------
<Accuracies on val> class : 82.07
------------------------------
<Accuracies on test> class : 60.06
------------------------------
<Accuracies on Art> test class : 57.60
------------------------------
<Accuracies on Clipart> test class : 46.92
------------------------------
<Accuracies on Product> test class : 74.32
------------------------------
Total epoch time: 180.806

New epoch - lr: 0.003
[1/61 iteration of epoch 87/100] 
 {loss} cls : 0.044, total : 0.044 
 {acc} cls : 98.44
[31/61 iteration of epoch 87/100] 
 {loss} cls : 0.005, total : 0.005 
 {acc} cls : 100.00
[61/61 iteration of epoch 87/100] 
 {loss} cls : 0.014, total : 0.014 
 {acc} cls : 100.00
------------------------------
<Losses on train> cls : 0.015, total : 0.015
<Accuracies on train> cls : 99.54
Train epoch time: 87.140
------------------------------
<Accuracies on val> class : 82.53
------------------------------
<Accuracies on test> class : 60.24
------------------------------
<Accuracies on Art> test class : 57.35
------------------------------
<Accuracies on Clipart> test class : 47.67
------------------------------
<Accuracies on Product> test class : 74.16
------------------------------
Total epoch time: 180.635

New epoch - lr: 0.003
[1/61 iteration of epoch 88/100] 
 {loss} cls : 0.017, total : 0.017 
 {acc} cls : 100.00
[31/61 iteration of epoch 88/100] 
 {loss} cls : 0.003, total : 0.003 
 {acc} cls : 100.00
[61/61 iteration of epoch 88/100] 
 {loss} cls : 0.008, total : 0.008 
 {acc} cls : 100.00
------------------------------
<Losses on train> cls : 0.013, total : 0.013
<Accuracies on train> cls : 99.62
Train epoch time: 85.151
------------------------------
<Accuracies on val> class : 82.30
------------------------------
<Accuracies on test> class : 60.19
------------------------------
<Accuracies on Art> test class : 57.03
------------------------------
<Accuracies on Clipart> test class : 47.54
------------------------------
<Accuracies on Product> test class : 74.36
------------------------------
Total epoch time: 180.170

New epoch - lr: 0.003
[1/61 iteration of epoch 89/100] 
 {loss} cls : 0.005, total : 0.005 
 {acc} cls : 100.00
[31/61 iteration of epoch 89/100] 
 {loss} cls : 0.003, total : 0.003 
 {acc} cls : 100.00
[61/61 iteration of epoch 89/100] 
 {loss} cls : 0.004, total : 0.004 
 {acc} cls : 100.00
------------------------------
<Losses on train> cls : 0.012, total : 0.012
<Accuracies on train> cls : 99.64
Train epoch time: 89.793
------------------------------
<Accuracies on val> class : 82.07
------------------------------
<Accuracies on test> class : 59.86
------------------------------
<Accuracies on Art> test class : 57.31
------------------------------
<Accuracies on Clipart> test class : 47.10
------------------------------
<Accuracies on Product> test class : 73.80
------------------------------
Total epoch time: 184.155

New epoch - lr: 0.0009000000000000002
[1/61 iteration of epoch 90/100] 
 {loss} cls : 0.008, total : 0.008 
 {acc} cls : 100.00
[31/61 iteration of epoch 90/100] 
 {loss} cls : 0.004, total : 0.004 
 {acc} cls : 100.00
[61/61 iteration of epoch 90/100] 
 {loss} cls : 0.005, total : 0.005 
 {acc} cls : 100.00
------------------------------
<Losses on train> cls : 0.011, total : 0.011
<Accuracies on train> cls : 99.69
Train epoch time: 86.652
------------------------------
<Accuracies on val> class : 82.30
------------------------------
<Accuracies on test> class : 60.04
------------------------------
<Accuracies on Art> test class : 57.60
------------------------------
<Accuracies on Clipart> test class : 47.08
------------------------------
<Accuracies on Product> test class : 74.12
------------------------------
Total epoch time: 184.032

New epoch - lr: 0.0009000000000000002
[1/61 iteration of epoch 91/100] 
 {loss} cls : 0.017, total : 0.017 
 {acc} cls : 100.00
[31/61 iteration of epoch 91/100] 
 {loss} cls : 0.005, total : 0.005 
 {acc} cls : 100.00
[61/61 iteration of epoch 91/100] 
 {loss} cls : 0.005, total : 0.005 
 {acc} cls : 100.00
------------------------------
<Losses on train> cls : 0.010, total : 0.010
<Accuracies on train> cls : 99.67
Train epoch time: 87.331
------------------------------
<Accuracies on val> class : 82.30
------------------------------
<Accuracies on test> class : 60.31
------------------------------
<Accuracies on Art> test class : 57.35
------------------------------
<Accuracies on Clipart> test class : 47.56
------------------------------
<Accuracies on Product> test class : 74.45
------------------------------
Total epoch time: 183.368

New epoch - lr: 0.0009000000000000002
[1/61 iteration of epoch 92/100] 
 {loss} cls : 0.020, total : 0.020 
 {acc} cls : 100.00
[31/61 iteration of epoch 92/100] 
 {loss} cls : 0.002, total : 0.002 
 {acc} cls : 100.00
[61/61 iteration of epoch 92/100] 
 {loss} cls : 0.006, total : 0.006 
 {acc} cls : 100.00
------------------------------
<Losses on train> cls : 0.010, total : 0.010
<Accuracies on train> cls : 99.59
Train epoch time: 85.374
------------------------------
<Accuracies on val> class : 82.53
------------------------------
<Accuracies on test> class : 60.37
------------------------------
<Accuracies on Art> test class : 57.35
------------------------------
<Accuracies on Clipart> test class : 47.72
------------------------------
<Accuracies on Product> test class : 74.45
------------------------------
Total epoch time: 179.903

New epoch - lr: 0.0009000000000000002
[1/61 iteration of epoch 93/100] 
 {loss} cls : 0.021, total : 0.021 
 {acc} cls : 98.44
[31/61 iteration of epoch 93/100] 
 {loss} cls : 0.004, total : 0.004 
 {acc} cls : 100.00
[61/61 iteration of epoch 93/100] 
 {loss} cls : 0.014, total : 0.014 
 {acc} cls : 100.00
------------------------------
<Losses on train> cls : 0.009, total : 0.009
<Accuracies on train> cls : 99.69
Train epoch time: 91.536
------------------------------
<Accuracies on val> class : 82.07
------------------------------
<Accuracies on test> class : 60.35
------------------------------
<Accuracies on Art> test class : 57.73
------------------------------
<Accuracies on Clipart> test class : 47.51
------------------------------
<Accuracies on Product> test class : 74.41
------------------------------
Total epoch time: 184.840

New epoch - lr: 0.0009000000000000002
[1/61 iteration of epoch 94/100] 
 {loss} cls : 0.005, total : 0.005 
 {acc} cls : 100.00
[31/61 iteration of epoch 94/100] 
 {loss} cls : 0.006, total : 0.006 
 {acc} cls : 100.00
[61/61 iteration of epoch 94/100] 
 {loss} cls : 0.004, total : 0.004 
 {acc} cls : 100.00
------------------------------
<Losses on train> cls : 0.011, total : 0.011
<Accuracies on train> cls : 99.64
Train epoch time: 85.377
------------------------------
<Accuracies on val> class : 82.53
------------------------------
<Accuracies on test> class : 60.34
------------------------------
<Accuracies on Art> test class : 57.31
------------------------------
<Accuracies on Clipart> test class : 47.40
------------------------------
<Accuracies on Product> test class : 74.72
------------------------------
Total epoch time: 182.227

New epoch - lr: 0.0009000000000000002
[1/61 iteration of epoch 95/100] 
 {loss} cls : 0.012, total : 0.012 
 {acc} cls : 100.00
[31/61 iteration of epoch 95/100] 
 {loss} cls : 0.005, total : 0.005 
 {acc} cls : 100.00
[61/61 iteration of epoch 95/100] 
 {loss} cls : 0.005, total : 0.005 
 {acc} cls : 100.00
------------------------------
<Losses on train> cls : 0.010, total : 0.010
<Accuracies on train> cls : 99.77
Train epoch time: 87.784
------------------------------
<Accuracies on val> class : 81.61
------------------------------
<Accuracies on test> class : 60.40
------------------------------
<Accuracies on Art> test class : 57.85
------------------------------
<Accuracies on Clipart> test class : 47.51
------------------------------
<Accuracies on Product> test class : 74.45
------------------------------
Total epoch time: 180.628

New epoch - lr: 0.0009000000000000002
[1/61 iteration of epoch 96/100] 
 {loss} cls : 0.005, total : 0.005 
 {acc} cls : 100.00
[31/61 iteration of epoch 96/100] 
 {loss} cls : 0.004, total : 0.004 
 {acc} cls : 100.00
[61/61 iteration of epoch 96/100] 
 {loss} cls : 0.004, total : 0.004 
 {acc} cls : 100.00
------------------------------
<Losses on train> cls : 0.010, total : 0.010
<Accuracies on train> cls : 99.72
Train epoch time: 87.080
------------------------------
<Accuracies on val> class : 82.07
------------------------------
<Accuracies on test> class : 60.28
------------------------------
<Accuracies on Art> test class : 57.68
------------------------------
<Accuracies on Clipart> test class : 47.38
------------------------------
<Accuracies on Product> test class : 74.39
------------------------------
Total epoch time: 182.178

New epoch - lr: 0.0009000000000000002
[1/61 iteration of epoch 97/100] 
 {loss} cls : 0.004, total : 0.004 
 {acc} cls : 100.00
[31/61 iteration of epoch 97/100] 
 {loss} cls : 0.004, total : 0.004 
 {acc} cls : 100.00
[61/61 iteration of epoch 97/100] 
 {loss} cls : 0.016, total : 0.016 
 {acc} cls : 100.00
------------------------------
<Losses on train> cls : 0.011, total : 0.011
<Accuracies on train> cls : 99.64
Train epoch time: 86.804
------------------------------
<Accuracies on val> class : 82.07
------------------------------
<Accuracies on test> class : 60.43
------------------------------
<Accuracies on Art> test class : 57.44
------------------------------
<Accuracies on Clipart> test class : 47.72
------------------------------
<Accuracies on Product> test class : 74.57
------------------------------
Total epoch time: 180.033

New epoch - lr: 0.0009000000000000002
[1/61 iteration of epoch 98/100] 
 {loss} cls : 0.005, total : 0.005 
 {acc} cls : 100.00
[31/61 iteration of epoch 98/100] 
 {loss} cls : 0.013, total : 0.013 
 {acc} cls : 100.00
[61/61 iteration of epoch 98/100] 
 {loss} cls : 0.026, total : 0.026 
 {acc} cls : 98.44
------------------------------
<Losses on train> cls : 0.010, total : 0.010
<Accuracies on train> cls : 99.67
Train epoch time: 86.062
------------------------------
<Accuracies on val> class : 81.84
------------------------------
<Accuracies on test> class : 60.48
------------------------------
<Accuracies on Art> test class : 57.85
------------------------------
<Accuracies on Clipart> test class : 47.61
------------------------------
<Accuracies on Product> test class : 74.59
------------------------------
Total epoch time: 179.986

New epoch - lr: 0.0009000000000000002
[1/61 iteration of epoch 99/100] 
 {loss} cls : 0.006, total : 0.006 
 {acc} cls : 100.00
[31/61 iteration of epoch 99/100] 
 {loss} cls : 0.006, total : 0.006 
 {acc} cls : 100.00
[61/61 iteration of epoch 99/100] 
 {loss} cls : 0.005, total : 0.005 
 {acc} cls : 100.00
------------------------------
<Losses on train> cls : 0.011, total : 0.011
<Accuracies on train> cls : 99.59
Train epoch time: 88.050
------------------------------
<Accuracies on val> class : 81.38
------------------------------
<Accuracies on test> class : 60.14
------------------------------
<Accuracies on Art> test class : 57.27
------------------------------
<Accuracies on Clipart> test class : 47.26
------------------------------
<Accuracies on Product> test class : 74.36
------------------------------
Total epoch time: 180.346

New epoch - lr: 0.0009000000000000002
[1/61 iteration of epoch 100/100] 
 {loss} cls : 0.007, total : 0.007 
 {acc} cls : 100.00
[31/61 iteration of epoch 100/100] 
 {loss} cls : 0.005, total : 0.005 
 {acc} cls : 100.00
[61/61 iteration of epoch 100/100] 
 {loss} cls : 0.018, total : 0.018 
 {acc} cls : 98.44
------------------------------
<Losses on train> cls : 0.010, total : 0.010
<Accuracies on train> cls : 99.64
Train epoch time: 87.141
------------------------------
<Accuracies on val> class : 82.76
------------------------------
<Accuracies on test> class : 60.65
------------------------------
<Accuracies on Art> test class : 57.40
------------------------------
<Accuracies on Clipart> test class : 48.09
------------------------------
<Accuracies on Product> test class : 74.79
------------------------------
Total epoch time: 181.685

******************************
Best val 0.834483, corresponding test 0.590508 - best test: 0.606535

******************************
Best val 0.834482729434967, corresponding Art test 0.5669550895690918

******************************
Best val 0.834482729434967, corresponding Clipart test 0.45864835381507874

******************************
Best val 0.834482729434967, corresponding Product test 0.7330479621887207
