Plain ERM
WARNING:tensorflow:From /homes/55/jianhaoy/projects/EKI/utils/tf_logger.py:16: The name tf.summary.FileWriter is deprecated. Please use tf.compat.v1.summary.FileWriter instead.

WARNING:tensorflow:From /homes/55/jianhaoy/projects/EKI/utils/tf_logger.py:20: The name tf.Summary is deprecated. Please use tf.compat.v1.Summary instead.


Loading experiment PACS/ResNet18_multi


New epoch - lr: 0.001
[1/116 iteration of epoch 1/50] 
 {loss} cls : 2.151, total : 2.151 
 {acc} cls : 15.62
[31/116 iteration of epoch 1/50] 
 {loss} cls : 0.703, total : 0.703 
 {acc} cls : 78.12
[61/116 iteration of epoch 1/50] 
 {loss} cls : 0.499, total : 0.499 
 {acc} cls : 82.81
[91/116 iteration of epoch 1/50] 
 {loss} cls : 0.403, total : 0.403 
 {acc} cls : 85.94
------------------------------
<Losses on train> cls : 0.704, total : 0.704
<Accuracies on train> cls : 74.14
Train epoch time: 16.953
------------------------------
<Accuracies on val> class : 85.88
------------------------------
<Accuracies on test> class : 93.35
------------------------------
Total epoch time: 20.798

New epoch - lr: 0.001
[1/116 iteration of epoch 2/50] 
 {loss} cls : 0.418, total : 0.418 
 {acc} cls : 82.81
[31/116 iteration of epoch 2/50] 
 {loss} cls : 0.313, total : 0.313 
 {acc} cls : 89.06
[61/116 iteration of epoch 2/50] 
 {loss} cls : 0.380, total : 0.380 
 {acc} cls : 85.94
[91/116 iteration of epoch 2/50] 
 {loss} cls : 0.341, total : 0.341 
 {acc} cls : 85.94
------------------------------
<Losses on train> cls : 0.321, total : 0.321
<Accuracies on train> cls : 88.77
Train epoch time: 16.274
------------------------------
<Accuracies on val> class : 89.56
------------------------------
<Accuracies on test> class : 93.71
------------------------------
Total epoch time: 20.017

New epoch - lr: 0.001
[1/116 iteration of epoch 3/50] 
 {loss} cls : 0.154, total : 0.154 
 {acc} cls : 93.75
[31/116 iteration of epoch 3/50] 
 {loss} cls : 0.110, total : 0.110 
 {acc} cls : 98.44
[61/116 iteration of epoch 3/50] 
 {loss} cls : 0.194, total : 0.194 
 {acc} cls : 93.75
[91/116 iteration of epoch 3/50] 
 {loss} cls : 0.134, total : 0.134 
 {acc} cls : 95.31
------------------------------
<Losses on train> cls : 0.232, total : 0.232
<Accuracies on train> cls : 91.78
Train epoch time: 16.316
------------------------------
<Accuracies on val> class : 90.15
------------------------------
<Accuracies on test> class : 94.31
------------------------------
Total epoch time: 20.112

New epoch - lr: 0.001
[1/116 iteration of epoch 4/50] 
 {loss} cls : 0.161, total : 0.161 
 {acc} cls : 92.19
[31/116 iteration of epoch 4/50] 
 {loss} cls : 0.109, total : 0.109 
 {acc} cls : 93.75
[61/116 iteration of epoch 4/50] 
 {loss} cls : 0.082, total : 0.082 
 {acc} cls : 98.44
[91/116 iteration of epoch 4/50] 
 {loss} cls : 0.228, total : 0.228 
 {acc} cls : 92.19
------------------------------
<Losses on train> cls : 0.177, total : 0.177
<Accuracies on train> cls : 93.51
Train epoch time: 16.287
------------------------------
<Accuracies on val> class : 91.10
------------------------------
<Accuracies on test> class : 95.81
------------------------------
Total epoch time: 19.961

New epoch - lr: 0.001
[1/116 iteration of epoch 5/50] 
 {loss} cls : 0.118, total : 0.118 
 {acc} cls : 95.31
[31/116 iteration of epoch 5/50] 
 {loss} cls : 0.186, total : 0.186 
 {acc} cls : 90.62
[61/116 iteration of epoch 5/50] 
 {loss} cls : 0.071, total : 0.071 
 {acc} cls : 98.44
[91/116 iteration of epoch 5/50] 
 {loss} cls : 0.104, total : 0.104 
 {acc} cls : 96.88
------------------------------
<Losses on train> cls : 0.141, total : 0.141
<Accuracies on train> cls : 94.99
Train epoch time: 16.395
------------------------------
<Accuracies on val> class : 91.70
------------------------------
<Accuracies on test> class : 96.29
------------------------------
Total epoch time: 20.090

New epoch - lr: 0.001
[1/116 iteration of epoch 6/50] 
 {loss} cls : 0.052, total : 0.052 
 {acc} cls : 100.00
[31/116 iteration of epoch 6/50] 
 {loss} cls : 0.191, total : 0.191 
 {acc} cls : 93.75
[61/116 iteration of epoch 6/50] 
 {loss} cls : 0.196, total : 0.196 
 {acc} cls : 92.19
[91/116 iteration of epoch 6/50] 
 {loss} cls : 0.101, total : 0.101 
 {acc} cls : 95.31
------------------------------
<Losses on train> cls : 0.121, total : 0.121
<Accuracies on train> cls : 95.93
Train epoch time: 16.293
------------------------------
<Accuracies on val> class : 92.76
------------------------------
<Accuracies on test> class : 96.41
------------------------------
Total epoch time: 19.977

New epoch - lr: 0.001
[1/116 iteration of epoch 7/50] 
 {loss} cls : 0.138, total : 0.138 
 {acc} cls : 95.31
[31/116 iteration of epoch 7/50] 
 {loss} cls : 0.086, total : 0.086 
 {acc} cls : 98.44
[61/116 iteration of epoch 7/50] 
 {loss} cls : 0.115, total : 0.115 
 {acc} cls : 95.31
[91/116 iteration of epoch 7/50] 
 {loss} cls : 0.063, total : 0.063 
 {acc} cls : 96.88
------------------------------
<Losses on train> cls : 0.101, total : 0.101
<Accuracies on train> cls : 96.38
Train epoch time: 16.434
------------------------------
<Accuracies on val> class : 92.05
------------------------------
<Accuracies on test> class : 95.87
------------------------------
Total epoch time: 19.723

New epoch - lr: 0.001
[1/116 iteration of epoch 8/50] 
 {loss} cls : 0.034, total : 0.034 
 {acc} cls : 100.00
[31/116 iteration of epoch 8/50] 
 {loss} cls : 0.088, total : 0.088 
 {acc} cls : 96.88
[61/116 iteration of epoch 8/50] 
 {loss} cls : 0.052, total : 0.052 
 {acc} cls : 98.44
[91/116 iteration of epoch 8/50] 
 {loss} cls : 0.153, total : 0.153 
 {acc} cls : 93.75
------------------------------
<Losses on train> cls : 0.097, total : 0.097
<Accuracies on train> cls : 96.88
Train epoch time: 16.433
------------------------------
<Accuracies on val> class : 92.29
------------------------------
<Accuracies on test> class : 95.81
------------------------------
Total epoch time: 19.704

New epoch - lr: 0.001
[1/116 iteration of epoch 9/50] 
 {loss} cls : 0.136, total : 0.136 
 {acc} cls : 96.88
[31/116 iteration of epoch 9/50] 
 {loss} cls : 0.065, total : 0.065 
 {acc} cls : 96.88
[61/116 iteration of epoch 9/50] 
 {loss} cls : 0.165, total : 0.165 
 {acc} cls : 95.31
[91/116 iteration of epoch 9/50] 
 {loss} cls : 0.038, total : 0.038 
 {acc} cls : 98.44
------------------------------
<Losses on train> cls : 0.073, total : 0.073
<Accuracies on train> cls : 97.39
Train epoch time: 16.406
------------------------------
<Accuracies on val> class : 92.17
------------------------------
<Accuracies on test> class : 96.29
------------------------------
Total epoch time: 19.728

New epoch - lr: 0.001
[1/116 iteration of epoch 10/50] 
 {loss} cls : 0.034, total : 0.034 
 {acc} cls : 100.00
[31/116 iteration of epoch 10/50] 
 {loss} cls : 0.159, total : 0.159 
 {acc} cls : 95.31
[61/116 iteration of epoch 10/50] 
 {loss} cls : 0.025, total : 0.025 
 {acc} cls : 98.44
[91/116 iteration of epoch 10/50] 
 {loss} cls : 0.021, total : 0.021 
 {acc} cls : 100.00
------------------------------
<Losses on train> cls : 0.067, total : 0.067
<Accuracies on train> cls : 97.70
Train epoch time: 16.370
------------------------------
<Accuracies on val> class : 92.65
------------------------------
<Accuracies on test> class : 96.11
------------------------------
Total epoch time: 19.689

New epoch - lr: 0.001
[1/116 iteration of epoch 11/50] 
 {loss} cls : 0.032, total : 0.032 
 {acc} cls : 100.00
[31/116 iteration of epoch 11/50] 
 {loss} cls : 0.034, total : 0.034 
 {acc} cls : 98.44
[61/116 iteration of epoch 11/50] 
 {loss} cls : 0.016, total : 0.016 
 {acc} cls : 100.00
[91/116 iteration of epoch 11/50] 
 {loss} cls : 0.034, total : 0.034 
 {acc} cls : 98.44
------------------------------
<Losses on train> cls : 0.064, total : 0.064
<Accuracies on train> cls : 97.86
Train epoch time: 16.330
------------------------------
<Accuracies on val> class : 93.00
------------------------------
<Accuracies on test> class : 96.29
------------------------------
Total epoch time: 19.998

New epoch - lr: 0.001
[1/116 iteration of epoch 12/50] 
 {loss} cls : 0.040, total : 0.040 
 {acc} cls : 98.44
[31/116 iteration of epoch 12/50] 
 {loss} cls : 0.025, total : 0.025 
 {acc} cls : 100.00
[61/116 iteration of epoch 12/50] 
 {loss} cls : 0.065, total : 0.065 
 {acc} cls : 96.88
[91/116 iteration of epoch 12/50] 
 {loss} cls : 0.040, total : 0.040 
 {acc} cls : 98.44
------------------------------
<Losses on train> cls : 0.057, total : 0.057
<Accuracies on train> cls : 98.20
Train epoch time: 16.385
------------------------------
<Accuracies on val> class : 93.24
------------------------------
<Accuracies on test> class : 96.05
------------------------------
Total epoch time: 20.096

New epoch - lr: 0.001
[1/116 iteration of epoch 13/50] 
 {loss} cls : 0.016, total : 0.016 
 {acc} cls : 100.00
[31/116 iteration of epoch 13/50] 
 {loss} cls : 0.034, total : 0.034 
 {acc} cls : 98.44
[61/116 iteration of epoch 13/50] 
 {loss} cls : 0.012, total : 0.012 
 {acc} cls : 100.00
[91/116 iteration of epoch 13/50] 
 {loss} cls : 0.027, total : 0.027 
 {acc} cls : 100.00
------------------------------
<Losses on train> cls : 0.045, total : 0.045
<Accuracies on train> cls : 98.55
Train epoch time: 16.490
------------------------------
<Accuracies on val> class : 92.76
------------------------------
<Accuracies on test> class : 96.41
------------------------------
Total epoch time: 19.744

New epoch - lr: 0.001
[1/116 iteration of epoch 14/50] 
 {loss} cls : 0.031, total : 0.031 
 {acc} cls : 98.44
[31/116 iteration of epoch 14/50] 
 {loss} cls : 0.056, total : 0.056 
 {acc} cls : 96.88
[61/116 iteration of epoch 14/50] 
 {loss} cls : 0.045, total : 0.045 
 {acc} cls : 98.44
[91/116 iteration of epoch 14/50] 
 {loss} cls : 0.020, total : 0.020 
 {acc} cls : 100.00
------------------------------
<Losses on train> cls : 0.041, total : 0.041
<Accuracies on train> cls : 98.52
Train epoch time: 16.450
------------------------------
<Accuracies on val> class : 92.29
------------------------------
<Accuracies on test> class : 96.23
------------------------------
Total epoch time: 19.682

New epoch - lr: 0.001
[1/116 iteration of epoch 15/50] 
 {loss} cls : 0.015, total : 0.015 
 {acc} cls : 100.00
[31/116 iteration of epoch 15/50] 
 {loss} cls : 0.003, total : 0.003 
 {acc} cls : 100.00
[61/116 iteration of epoch 15/50] 
 {loss} cls : 0.050, total : 0.050 
 {acc} cls : 96.88
[91/116 iteration of epoch 15/50] 
 {loss} cls : 0.036, total : 0.036 
 {acc} cls : 98.44
------------------------------
<Losses on train> cls : 0.037, total : 0.037
<Accuracies on train> cls : 98.87
Train epoch time: 16.441
------------------------------
<Accuracies on val> class : 93.48
------------------------------
<Accuracies on test> class : 96.53
------------------------------
Total epoch time: 20.202

New epoch - lr: 0.001
[1/116 iteration of epoch 16/50] 
 {loss} cls : 0.010, total : 0.010 
 {acc} cls : 100.00
[31/116 iteration of epoch 16/50] 
 {loss} cls : 0.023, total : 0.023 
 {acc} cls : 98.44
[61/116 iteration of epoch 16/50] 
 {loss} cls : 0.039, total : 0.039 
 {acc} cls : 98.44
[91/116 iteration of epoch 16/50] 
 {loss} cls : 0.040, total : 0.040 
 {acc} cls : 98.44
------------------------------
<Losses on train> cls : 0.033, total : 0.033
<Accuracies on train> cls : 99.02
Train epoch time: 16.378
------------------------------
<Accuracies on val> class : 93.12
------------------------------
<Accuracies on test> class : 96.05
------------------------------
Total epoch time: 19.707

New epoch - lr: 0.001
[1/116 iteration of epoch 17/50] 
 {loss} cls : 0.009, total : 0.009 
 {acc} cls : 100.00
[31/116 iteration of epoch 17/50] 
 {loss} cls : 0.012, total : 0.012 
 {acc} cls : 100.00
[61/116 iteration of epoch 17/50] 
 {loss} cls : 0.028, total : 0.028 
 {acc} cls : 98.44
[91/116 iteration of epoch 17/50] 
 {loss} cls : 0.091, total : 0.091 
 {acc} cls : 96.88
------------------------------
<Losses on train> cls : 0.027, total : 0.027
<Accuracies on train> cls : 99.14
Train epoch time: 16.388
------------------------------
<Accuracies on val> class : 93.12
------------------------------
<Accuracies on test> class : 96.59
------------------------------
Total epoch time: 19.676

New epoch - lr: 0.001
[1/116 iteration of epoch 18/50] 
 {loss} cls : 0.014, total : 0.014 
 {acc} cls : 100.00
[31/116 iteration of epoch 18/50] 
 {loss} cls : 0.081, total : 0.081 
 {acc} cls : 93.75
[61/116 iteration of epoch 18/50] 
 {loss} cls : 0.064, total : 0.064 
 {acc} cls : 96.88
[91/116 iteration of epoch 18/50] 
 {loss} cls : 0.049, total : 0.049 
 {acc} cls : 98.44
------------------------------
<Losses on train> cls : 0.023, total : 0.023
<Accuracies on train> cls : 99.22
Train epoch time: 16.396
------------------------------
<Accuracies on val> class : 93.59
------------------------------
<Accuracies on test> class : 96.29
------------------------------
Total epoch time: 20.009

New epoch - lr: 0.001
[1/116 iteration of epoch 19/50] 
 {loss} cls : 0.033, total : 0.033 
 {acc} cls : 98.44
[31/116 iteration of epoch 19/50] 
 {loss} cls : 0.006, total : 0.006 
 {acc} cls : 100.00
[61/116 iteration of epoch 19/50] 
 {loss} cls : 0.006, total : 0.006 
 {acc} cls : 100.00
[91/116 iteration of epoch 19/50] 
 {loss} cls : 0.004, total : 0.004 
 {acc} cls : 100.00
------------------------------
<Losses on train> cls : 0.022, total : 0.022
<Accuracies on train> cls : 99.29
Train epoch time: 16.349
------------------------------
<Accuracies on val> class : 93.95
------------------------------
<Accuracies on test> class : 96.05
------------------------------
Total epoch time: 20.116

New epoch - lr: 0.001
[1/116 iteration of epoch 20/50] 
 {loss} cls : 0.057, total : 0.057 
 {acc} cls : 96.88
[31/116 iteration of epoch 20/50] 
 {loss} cls : 0.008, total : 0.008 
 {acc} cls : 100.00
[61/116 iteration of epoch 20/50] 
 {loss} cls : 0.016, total : 0.016 
 {acc} cls : 100.00
[91/116 iteration of epoch 20/50] 
 {loss} cls : 0.005, total : 0.005 
 {acc} cls : 100.00
------------------------------
<Losses on train> cls : 0.022, total : 0.022
<Accuracies on train> cls : 99.27
Train epoch time: 16.448
------------------------------
<Accuracies on val> class : 93.12
------------------------------
<Accuracies on test> class : 96.83
------------------------------
Total epoch time: 19.694

New epoch - lr: 0.001
[1/116 iteration of epoch 21/50] 
 {loss} cls : 0.049, total : 0.049 
 {acc} cls : 96.88
[31/116 iteration of epoch 21/50] 
 {loss} cls : 0.003, total : 0.003 
 {acc} cls : 100.00
[61/116 iteration of epoch 21/50] 
 {loss} cls : 0.001, total : 0.001 
 {acc} cls : 100.00
[91/116 iteration of epoch 21/50] 
 {loss} cls : 0.018, total : 0.018 
 {acc} cls : 100.00
------------------------------
<Losses on train> cls : 0.022, total : 0.022
<Accuracies on train> cls : 99.30
Train epoch time: 16.462
------------------------------
<Accuracies on val> class : 93.12
------------------------------
<Accuracies on test> class : 95.99
------------------------------
Total epoch time: 19.670

New epoch - lr: 0.001
[1/116 iteration of epoch 22/50] 
 {loss} cls : 0.003, total : 0.003 
 {acc} cls : 100.00
[31/116 iteration of epoch 22/50] 
 {loss} cls : 0.006, total : 0.006 
 {acc} cls : 100.00
[61/116 iteration of epoch 22/50] 
 {loss} cls : 0.075, total : 0.075 
 {acc} cls : 98.44
[91/116 iteration of epoch 22/50] 
 {loss} cls : 0.027, total : 0.027 
 {acc} cls : 100.00
------------------------------
<Losses on train> cls : 0.018, total : 0.018
<Accuracies on train> cls : 99.52
Train epoch time: 16.529
------------------------------
<Accuracies on val> class : 93.48
------------------------------
<Accuracies on test> class : 96.47
------------------------------
Total epoch time: 19.770

New epoch - lr: 0.001
[1/116 iteration of epoch 23/50] 
 {loss} cls : 0.005, total : 0.005 
 {acc} cls : 100.00
[31/116 iteration of epoch 23/50] 
 {loss} cls : 0.011, total : 0.011 
 {acc} cls : 100.00
[61/116 iteration of epoch 23/50] 
 {loss} cls : 0.025, total : 0.025 
 {acc} cls : 100.00
[91/116 iteration of epoch 23/50] 
 {loss} cls : 0.071, total : 0.071 
 {acc} cls : 96.88
------------------------------
<Losses on train> cls : 0.020, total : 0.020
<Accuracies on train> cls : 99.30
Train epoch time: 16.354
------------------------------
<Accuracies on val> class : 94.54
------------------------------
<Accuracies on test> class : 95.75
------------------------------
Total epoch time: 20.068

New epoch - lr: 0.001
[1/116 iteration of epoch 24/50] 
 {loss} cls : 0.048, total : 0.048 
 {acc} cls : 98.44
[31/116 iteration of epoch 24/50] 
 {loss} cls : 0.030, total : 0.030 
 {acc} cls : 98.44
[61/116 iteration of epoch 24/50] 
 {loss} cls : 0.103, total : 0.103 
 {acc} cls : 98.44
[91/116 iteration of epoch 24/50] 
 {loss} cls : 0.008, total : 0.008 
 {acc} cls : 100.00
------------------------------
<Losses on train> cls : 0.019, total : 0.019
<Accuracies on train> cls : 99.50
Train epoch time: 16.315
------------------------------
<Accuracies on val> class : 93.59
------------------------------
<Accuracies on test> class : 96.23
------------------------------
Total epoch time: 19.359

New epoch - lr: 0.001
[1/116 iteration of epoch 25/50] 
 {loss} cls : 0.007, total : 0.007 
 {acc} cls : 100.00
[31/116 iteration of epoch 25/50] 
 {loss} cls : 0.022, total : 0.022 
 {acc} cls : 98.44
[61/116 iteration of epoch 25/50] 
 {loss} cls : 0.006, total : 0.006 
 {acc} cls : 100.00
[91/116 iteration of epoch 25/50] 
 {loss} cls : 0.003, total : 0.003 
 {acc} cls : 100.00
------------------------------
<Losses on train> cls : 0.015, total : 0.015
<Accuracies on train> cls : 99.60
Train epoch time: 16.382
------------------------------
<Accuracies on val> class : 93.83
------------------------------
<Accuracies on test> class : 95.57
------------------------------
Total epoch time: 19.506

New epoch - lr: 0.001
[1/116 iteration of epoch 26/50] 
 {loss} cls : 0.003, total : 0.003 
 {acc} cls : 100.00
[31/116 iteration of epoch 26/50] 
 {loss} cls : 0.002, total : 0.002 
 {acc} cls : 100.00
[61/116 iteration of epoch 26/50] 
 {loss} cls : 0.016, total : 0.016 
 {acc} cls : 100.00
[91/116 iteration of epoch 26/50] 
 {loss} cls : 0.131, total : 0.131 
 {acc} cls : 96.88
------------------------------
<Losses on train> cls : 0.016, total : 0.016
<Accuracies on train> cls : 99.62
Train epoch time: 16.394
------------------------------
<Accuracies on val> class : 93.83
------------------------------
<Accuracies on test> class : 95.69
------------------------------
Total epoch time: 19.488

New epoch - lr: 0.001
[1/116 iteration of epoch 27/50] 
 {loss} cls : 0.002, total : 0.002 
 {acc} cls : 100.00
[31/116 iteration of epoch 27/50] 
 {loss} cls : 0.007, total : 0.007 
 {acc} cls : 100.00
[61/116 iteration of epoch 27/50] 
 {loss} cls : 0.007, total : 0.007 
 {acc} cls : 100.00
[91/116 iteration of epoch 27/50] 
 {loss} cls : 0.004, total : 0.004 
 {acc} cls : 100.00
------------------------------
<Losses on train> cls : 0.013, total : 0.013
<Accuracies on train> cls : 99.70
Train epoch time: 16.428
------------------------------
<Accuracies on val> class : 94.66
------------------------------
<Accuracies on test> class : 96.29
------------------------------
Total epoch time: 19.894

New epoch - lr: 0.001
[1/116 iteration of epoch 28/50] 
 {loss} cls : 0.003, total : 0.003 
 {acc} cls : 100.00
[31/116 iteration of epoch 28/50] 
 {loss} cls : 0.016, total : 0.016 
 {acc} cls : 100.00
[61/116 iteration of epoch 28/50] 
 {loss} cls : 0.009, total : 0.009 
 {acc} cls : 100.00
[91/116 iteration of epoch 28/50] 
 {loss} cls : 0.024, total : 0.024 
 {acc} cls : 98.44
------------------------------
<Losses on train> cls : 0.015, total : 0.015
<Accuracies on train> cls : 99.57
Train epoch time: 17.030
------------------------------
<Accuracies on val> class : 93.83
------------------------------
<Accuracies on test> class : 96.17
------------------------------
Total epoch time: 20.167

New epoch - lr: 0.001
[1/116 iteration of epoch 29/50] 
 {loss} cls : 0.015, total : 0.015 
 {acc} cls : 100.00
[31/116 iteration of epoch 29/50] 
 {loss} cls : 0.001, total : 0.001 
 {acc} cls : 100.00
[61/116 iteration of epoch 29/50] 
 {loss} cls : 0.005, total : 0.005 
 {acc} cls : 100.00
[91/116 iteration of epoch 29/50] 
 {loss} cls : 0.004, total : 0.004 
 {acc} cls : 100.00
------------------------------
<Losses on train> cls : 0.013, total : 0.013
<Accuracies on train> cls : 99.61
Train epoch time: 16.260
------------------------------
<Accuracies on val> class : 93.83
------------------------------
<Accuracies on test> class : 95.69
------------------------------
Total epoch time: 19.399

New epoch - lr: 0.001
[1/116 iteration of epoch 30/50] 
 {loss} cls : 0.015, total : 0.015 
 {acc} cls : 100.00
[31/116 iteration of epoch 30/50] 
 {loss} cls : 0.010, total : 0.010 
 {acc} cls : 100.00
[61/116 iteration of epoch 30/50] 
 {loss} cls : 0.001, total : 0.001 
 {acc} cls : 100.00
[91/116 iteration of epoch 30/50] 
 {loss} cls : 0.016, total : 0.016 
 {acc} cls : 98.44
------------------------------
<Losses on train> cls : 0.013, total : 0.013
<Accuracies on train> cls : 99.64
Train epoch time: 16.326
------------------------------
<Accuracies on val> class : 93.71
------------------------------
<Accuracies on test> class : 95.81
------------------------------
Total epoch time: 19.432

New epoch - lr: 0.001
[1/116 iteration of epoch 31/50] 
 {loss} cls : 0.004, total : 0.004 
 {acc} cls : 100.00
[31/116 iteration of epoch 31/50] 
 {loss} cls : 0.005, total : 0.005 
 {acc} cls : 100.00
[61/116 iteration of epoch 31/50] 
 {loss} cls : 0.001, total : 0.001 
 {acc} cls : 100.00
[91/116 iteration of epoch 31/50] 
 {loss} cls : 0.012, total : 0.012 
 {acc} cls : 100.00
------------------------------
<Losses on train> cls : 0.009, total : 0.009
<Accuracies on train> cls : 99.78
Train epoch time: 16.366
------------------------------
<Accuracies on val> class : 94.19
------------------------------
<Accuracies on test> class : 96.59
------------------------------
Total epoch time: 19.529

New epoch - lr: 0.001
[1/116 iteration of epoch 32/50] 
 {loss} cls : 0.015, total : 0.015 
 {acc} cls : 100.00
[31/116 iteration of epoch 32/50] 
 {loss} cls : 0.020, total : 0.020 
 {acc} cls : 98.44
[61/116 iteration of epoch 32/50] 
 {loss} cls : 0.003, total : 0.003 
 {acc} cls : 100.00
[91/116 iteration of epoch 32/50] 
 {loss} cls : 0.033, total : 0.033 
 {acc} cls : 98.44
------------------------------
<Losses on train> cls : 0.010, total : 0.010
<Accuracies on train> cls : 99.78
Train epoch time: 16.254
------------------------------
<Accuracies on val> class : 93.83
------------------------------
<Accuracies on test> class : 96.41
------------------------------
Total epoch time: 19.423

New epoch - lr: 0.001
[1/116 iteration of epoch 33/50] 
 {loss} cls : 0.042, total : 0.042 
 {acc} cls : 96.88
[31/116 iteration of epoch 33/50] 
 {loss} cls : 0.028, total : 0.028 
 {acc} cls : 98.44
[61/116 iteration of epoch 33/50] 
 {loss} cls : 0.011, total : 0.011 
 {acc} cls : 100.00
[91/116 iteration of epoch 33/50] 
 {loss} cls : 0.001, total : 0.001 
 {acc} cls : 100.00
------------------------------
<Losses on train> cls : 0.010, total : 0.010
<Accuracies on train> cls : 99.69
Train epoch time: 16.314
------------------------------
<Accuracies on val> class : 94.31
------------------------------
<Accuracies on test> class : 96.11
------------------------------
Total epoch time: 19.422

New epoch - lr: 0.001
[1/116 iteration of epoch 34/50] 
 {loss} cls : 0.010, total : 0.010 
 {acc} cls : 100.00
[31/116 iteration of epoch 34/50] 
 {loss} cls : 0.002, total : 0.002 
 {acc} cls : 100.00
[61/116 iteration of epoch 34/50] 
 {loss} cls : 0.009, total : 0.009 
 {acc} cls : 100.00
[91/116 iteration of epoch 34/50] 
 {loss} cls : 0.003, total : 0.003 
 {acc} cls : 100.00
------------------------------
<Losses on train> cls : 0.010, total : 0.010
<Accuracies on train> cls : 99.74
Train epoch time: 16.328
------------------------------
<Accuracies on val> class : 93.00
------------------------------
<Accuracies on test> class : 95.87
------------------------------
Total epoch time: 19.446

New epoch - lr: 0.001
[1/116 iteration of epoch 35/50] 
 {loss} cls : 0.005, total : 0.005 
 {acc} cls : 100.00
[31/116 iteration of epoch 35/50] 
 {loss} cls : 0.001, total : 0.001 
 {acc} cls : 100.00
[61/116 iteration of epoch 35/50] 
 {loss} cls : 0.012, total : 0.012 
 {acc} cls : 100.00
[91/116 iteration of epoch 35/50] 
 {loss} cls : 0.034, total : 0.034 
 {acc} cls : 98.44
------------------------------
<Losses on train> cls : 0.012, total : 0.012
<Accuracies on train> cls : 99.62
Train epoch time: 16.329
------------------------------
<Accuracies on val> class : 93.59
------------------------------
<Accuracies on test> class : 95.45
------------------------------
Total epoch time: 19.477

New epoch - lr: 0.001
[1/116 iteration of epoch 36/50] 
 {loss} cls : 0.001, total : 0.001 
 {acc} cls : 100.00
[31/116 iteration of epoch 36/50] 
 {loss} cls : 0.008, total : 0.008 
 {acc} cls : 100.00
[61/116 iteration of epoch 36/50] 
 {loss} cls : 0.010, total : 0.010 
 {acc} cls : 100.00
[91/116 iteration of epoch 36/50] 
 {loss} cls : 0.015, total : 0.015 
 {acc} cls : 100.00
------------------------------
<Losses on train> cls : 0.010, total : 0.010
<Accuracies on train> cls : 99.70
Train epoch time: 16.272
------------------------------
<Accuracies on val> class : 94.07
------------------------------
<Accuracies on test> class : 96.53
------------------------------
Total epoch time: 19.398

New epoch - lr: 0.001
[1/116 iteration of epoch 37/50] 
 {loss} cls : 0.002, total : 0.002 
 {acc} cls : 100.00
[31/116 iteration of epoch 37/50] 
 {loss} cls : 0.023, total : 0.023 
 {acc} cls : 98.44
[61/116 iteration of epoch 37/50] 
 {loss} cls : 0.022, total : 0.022 
 {acc} cls : 98.44
[91/116 iteration of epoch 37/50] 
 {loss} cls : 0.003, total : 0.003 
 {acc} cls : 100.00
------------------------------
<Losses on train> cls : 0.012, total : 0.012
<Accuracies on train> cls : 99.64
Train epoch time: 16.391
------------------------------
<Accuracies on val> class : 94.19
------------------------------
<Accuracies on test> class : 96.17
------------------------------
Total epoch time: 19.555

New epoch - lr: 0.001
[1/116 iteration of epoch 38/50] 
 {loss} cls : 0.001, total : 0.001 
 {acc} cls : 100.00
[31/116 iteration of epoch 38/50] 
 {loss} cls : 0.006, total : 0.006 
 {acc} cls : 100.00
[61/116 iteration of epoch 38/50] 
 {loss} cls : 0.015, total : 0.015 
 {acc} cls : 100.00
[91/116 iteration of epoch 38/50] 
 {loss} cls : 0.007, total : 0.007 
 {acc} cls : 100.00
------------------------------
<Losses on train> cls : 0.010, total : 0.010
<Accuracies on train> cls : 99.73
Train epoch time: 16.304
------------------------------
<Accuracies on val> class : 93.48
------------------------------
<Accuracies on test> class : 96.71
------------------------------
Total epoch time: 19.411

New epoch - lr: 0.001
[1/116 iteration of epoch 39/50] 
 {loss} cls : 0.001, total : 0.001 
 {acc} cls : 100.00
[31/116 iteration of epoch 39/50] 
 {loss} cls : 0.025, total : 0.025 
 {acc} cls : 98.44
[61/116 iteration of epoch 39/50] 
 {loss} cls : 0.003, total : 0.003 
 {acc} cls : 100.00
[91/116 iteration of epoch 39/50] 
 {loss} cls : 0.005, total : 0.005 
 {acc} cls : 100.00
------------------------------
<Losses on train> cls : 0.009, total : 0.009
<Accuracies on train> cls : 99.68
Train epoch time: 16.411
------------------------------
<Accuracies on val> class : 93.48
------------------------------
<Accuracies on test> class : 96.41
------------------------------
Total epoch time: 19.614

New epoch - lr: 0.0001
[1/116 iteration of epoch 40/50] 
 {loss} cls : 0.000, total : 0.000 
 {acc} cls : 100.00
[31/116 iteration of epoch 40/50] 
 {loss} cls : 0.003, total : 0.003 
 {acc} cls : 100.00
[61/116 iteration of epoch 40/50] 
 {loss} cls : 0.004, total : 0.004 
 {acc} cls : 100.00
[91/116 iteration of epoch 40/50] 
 {loss} cls : 0.001, total : 0.001 
 {acc} cls : 100.00
------------------------------
<Losses on train> cls : 0.007, total : 0.007
<Accuracies on train> cls : 99.80
Train epoch time: 16.409
------------------------------
<Accuracies on val> class : 94.07
------------------------------
<Accuracies on test> class : 96.71
------------------------------
Total epoch time: 19.650

New epoch - lr: 0.0001
[1/116 iteration of epoch 41/50] 
 {loss} cls : 0.009, total : 0.009 
 {acc} cls : 100.00
[31/116 iteration of epoch 41/50] 
 {loss} cls : 0.002, total : 0.002 
 {acc} cls : 100.00
[61/116 iteration of epoch 41/50] 
 {loss} cls : 0.001, total : 0.001 
 {acc} cls : 100.00
[91/116 iteration of epoch 41/50] 
 {loss} cls : 0.035, total : 0.035 
 {acc} cls : 98.44
------------------------------
<Losses on train> cls : 0.007, total : 0.007
<Accuracies on train> cls : 99.81
Train epoch time: 16.326
------------------------------
<Accuracies on val> class : 93.95
------------------------------
<Accuracies on test> class : 96.89
------------------------------
Total epoch time: 19.455

New epoch - lr: 0.0001
[1/116 iteration of epoch 42/50] 
 {loss} cls : 0.003, total : 0.003 
 {acc} cls : 100.00
[31/116 iteration of epoch 42/50] 
 {loss} cls : 0.002, total : 0.002 
 {acc} cls : 100.00
[61/116 iteration of epoch 42/50] 
 {loss} cls : 0.005, total : 0.005 
 {acc} cls : 100.00
[91/116 iteration of epoch 42/50] 
 {loss} cls : 0.004, total : 0.004 
 {acc} cls : 100.00
------------------------------
<Losses on train> cls : 0.006, total : 0.006
<Accuracies on train> cls : 99.88
Train epoch time: 16.295
------------------------------
<Accuracies on val> class : 93.83
------------------------------
<Accuracies on test> class : 96.89
------------------------------
Total epoch time: 19.456

New epoch - lr: 0.0001
[1/116 iteration of epoch 43/50] 
 {loss} cls : 0.012, total : 0.012 
 {acc} cls : 100.00
[31/116 iteration of epoch 43/50] 
 {loss} cls : 0.001, total : 0.001 
 {acc} cls : 100.00
[61/116 iteration of epoch 43/50] 
 {loss} cls : 0.001, total : 0.001 
 {acc} cls : 100.00
[91/116 iteration of epoch 43/50] 
 {loss} cls : 0.002, total : 0.002 
 {acc} cls : 100.00
------------------------------
<Losses on train> cls : 0.007, total : 0.007
<Accuracies on train> cls : 99.87
Train epoch time: 16.220
------------------------------
<Accuracies on val> class : 93.95
------------------------------
<Accuracies on test> class : 96.77
------------------------------
Total epoch time: 19.410

New epoch - lr: 0.0001
[1/116 iteration of epoch 44/50] 
 {loss} cls : 0.003, total : 0.003 
 {acc} cls : 100.00
[31/116 iteration of epoch 44/50] 
 {loss} cls : 0.004, total : 0.004 
 {acc} cls : 100.00
[61/116 iteration of epoch 44/50] 
 {loss} cls : 0.001, total : 0.001 
 {acc} cls : 100.00
[91/116 iteration of epoch 44/50] 
 {loss} cls : 0.005, total : 0.005 
 {acc} cls : 100.00
------------------------------
<Losses on train> cls : 0.006, total : 0.006
<Accuracies on train> cls : 99.87
Train epoch time: 16.314
------------------------------
<Accuracies on val> class : 93.95
------------------------------
<Accuracies on test> class : 96.71
------------------------------
Total epoch time: 19.513

New epoch - lr: 0.0001
[1/116 iteration of epoch 45/50] 
 {loss} cls : 0.003, total : 0.003 
 {acc} cls : 100.00
[31/116 iteration of epoch 45/50] 
 {loss} cls : 0.002, total : 0.002 
 {acc} cls : 100.00
[61/116 iteration of epoch 45/50] 
 {loss} cls : 0.003, total : 0.003 
 {acc} cls : 100.00
[91/116 iteration of epoch 45/50] 
 {loss} cls : 0.003, total : 0.003 
 {acc} cls : 100.00
------------------------------
<Losses on train> cls : 0.007, total : 0.007
<Accuracies on train> cls : 99.78
Train epoch time: 16.325
------------------------------
<Accuracies on val> class : 94.07
------------------------------
<Accuracies on test> class : 96.95
------------------------------
Total epoch time: 19.512

New epoch - lr: 0.0001
[1/116 iteration of epoch 46/50] 
 {loss} cls : 0.010, total : 0.010 
 {acc} cls : 100.00
[31/116 iteration of epoch 46/50] 
 {loss} cls : 0.018, total : 0.018 
 {acc} cls : 100.00
[61/116 iteration of epoch 46/50] 
 {loss} cls : 0.012, total : 0.012 
 {acc} cls : 100.00
[91/116 iteration of epoch 46/50] 
 {loss} cls : 0.002, total : 0.002 
 {acc} cls : 100.00
------------------------------
<Losses on train> cls : 0.006, total : 0.006
<Accuracies on train> cls : 99.84
Train epoch time: 16.356
------------------------------
<Accuracies on val> class : 94.19
------------------------------
<Accuracies on test> class : 97.01
------------------------------
Total epoch time: 19.566

New epoch - lr: 0.0001
[1/116 iteration of epoch 47/50] 
 {loss} cls : 0.007, total : 0.007 
 {acc} cls : 100.00
[31/116 iteration of epoch 47/50] 
 {loss} cls : 0.004, total : 0.004 
 {acc} cls : 100.00
[61/116 iteration of epoch 47/50] 
 {loss} cls : 0.005, total : 0.005 
 {acc} cls : 100.00
[91/116 iteration of epoch 47/50] 
 {loss} cls : 0.001, total : 0.001 
 {acc} cls : 100.00
------------------------------
<Losses on train> cls : 0.005, total : 0.005
<Accuracies on train> cls : 99.93
Train epoch time: 16.308
------------------------------
<Accuracies on val> class : 93.83
------------------------------
<Accuracies on test> class : 96.95
------------------------------
Total epoch time: 19.480

New epoch - lr: 0.0001
[1/116 iteration of epoch 48/50] 
 {loss} cls : 0.002, total : 0.002 
 {acc} cls : 100.00
[31/116 iteration of epoch 48/50] 
 {loss} cls : 0.003, total : 0.003 
 {acc} cls : 100.00
[61/116 iteration of epoch 48/50] 
 {loss} cls : 0.003, total : 0.003 
 {acc} cls : 100.00
[91/116 iteration of epoch 48/50] 
 {loss} cls : 0.004, total : 0.004 
 {acc} cls : 100.00
------------------------------
<Losses on train> cls : 0.005, total : 0.005
<Accuracies on train> cls : 99.89
Train epoch time: 16.283
------------------------------
<Accuracies on val> class : 93.95
------------------------------
<Accuracies on test> class : 97.01
------------------------------
Total epoch time: 19.421

New epoch - lr: 0.0001
[1/116 iteration of epoch 49/50] 
 {loss} cls : 0.010, total : 0.010 
 {acc} cls : 100.00
[31/116 iteration of epoch 49/50] 
 {loss} cls : 0.006, total : 0.006 
 {acc} cls : 100.00
[61/116 iteration of epoch 49/50] 
 {loss} cls : 0.002, total : 0.002 
 {acc} cls : 100.00
[91/116 iteration of epoch 49/50] 
 {loss} cls : 0.001, total : 0.001 
 {acc} cls : 100.00
------------------------------
<Losses on train> cls : 0.005, total : 0.005
<Accuracies on train> cls : 99.92
Train epoch time: 16.288
------------------------------
<Accuracies on val> class : 94.19
------------------------------
<Accuracies on test> class : 96.83
------------------------------
Total epoch time: 19.377

New epoch - lr: 0.0001
[1/116 iteration of epoch 50/50] 
 {loss} cls : 0.001, total : 0.001 
 {acc} cls : 100.00
[31/116 iteration of epoch 50/50] 
 {loss} cls : 0.006, total : 0.006 
 {acc} cls : 100.00
[61/116 iteration of epoch 50/50] 
 {loss} cls : 0.000, total : 0.000 
 {acc} cls : 100.00
[91/116 iteration of epoch 50/50] 
 {loss} cls : 0.001, total : 0.001 
 {acc} cls : 100.00
------------------------------
<Losses on train> cls : 0.005, total : 0.005
<Accuracies on train> cls : 99.87
Train epoch time: 15.706
------------------------------
<Accuracies on val> class : 93.95
------------------------------
<Accuracies on test> class : 96.77
------------------------------
Total epoch time: 18.710

******************************
Best val 0.946619, corresponding test 0.962874 - best test: 0.97006

******************************
Best val 0.9466192126274109, corresponding cartoon test 0.0

******************************
Best val 0.9466192126274109, corresponding art_painting test 0.0

******************************
Best val 0.9466192126274109, corresponding sketch test 0.0
