
Loading experiment PACS/ResNet50


New epoch - lr: 0.001
[1/65 iteration of epoch 1/50] 
 {loss} cls : 1.981, total : 1.981 
 {acc} cls : 9.38
[31/65 iteration of epoch 1/50] 
 {loss} cls : 0.259, total : 0.259 
 {acc} cls : 93.75
[61/65 iteration of epoch 1/50] 
 {loss} cls : 0.234, total : 0.234 
 {acc} cls : 84.38
------------------------------
<Losses on train> cls : 0.707, total : 0.707
<Accuracies on train> cls : 75.48
Train epoch time: 23.120
------------------------------
<Accuracies on val> class : 89.45
------------------------------
<Accuracies on test> class : 61.58
------------------------------
<Accuracies on photo> test class : 82.22
------------------------------
<Accuracies on art_painting> test class : 58.69
------------------------------
<Accuracies on sketch> test class : 54.31
------------------------------
Total epoch time: 75.357

New epoch - lr: 0.001
[1/65 iteration of epoch 2/50] 
 {loss} cls : 0.129, total : 0.129 
 {acc} cls : 100.00
[31/65 iteration of epoch 2/50] 
 {loss} cls : 0.208, total : 0.208 
 {acc} cls : 90.62
[61/65 iteration of epoch 2/50] 
 {loss} cls : 0.673, total : 0.673 
 {acc} cls : 81.25
------------------------------
<Losses on train> cls : 0.278, total : 0.278
<Accuracies on train> cls : 91.15
Train epoch time: 21.063
------------------------------
<Accuracies on val> class : 92.41
------------------------------
<Accuracies on test> class : 64.35
------------------------------
<Accuracies on photo> test class : 87.54
------------------------------
<Accuracies on art_painting> test class : 69.09
------------------------------
<Accuracies on sketch> test class : 52.02
------------------------------
Total epoch time: 70.831

New epoch - lr: 0.001
[1/65 iteration of epoch 3/50] 
 {loss} cls : 0.250, total : 0.250 
 {acc} cls : 93.75
[31/65 iteration of epoch 3/50] 
 {loss} cls : 0.120, total : 0.120 
 {acc} cls : 93.75
[61/65 iteration of epoch 3/50] 
 {loss} cls : 0.213, total : 0.213 
 {acc} cls : 96.88
------------------------------
<Losses on train> cls : 0.150, total : 0.150
<Accuracies on train> cls : 94.81
Train epoch time: 21.174
------------------------------
<Accuracies on val> class : 95.36
------------------------------
<Accuracies on test> class : 64.80
------------------------------
<Accuracies on photo> test class : 87.54
------------------------------
<Accuracies on art_painting> test class : 69.04
------------------------------
<Accuracies on sketch> test class : 52.91
------------------------------
Total epoch time: 70.802

New epoch - lr: 0.001
[1/65 iteration of epoch 4/50] 
 {loss} cls : 0.106, total : 0.106 
 {acc} cls : 96.88
[31/65 iteration of epoch 4/50] 
 {loss} cls : 0.063, total : 0.063 
 {acc} cls : 96.88
[61/65 iteration of epoch 4/50] 
 {loss} cls : 0.064, total : 0.064 
 {acc} cls : 96.88
------------------------------
<Losses on train> cls : 0.113, total : 0.113
<Accuracies on train> cls : 95.96
Train epoch time: 21.181
------------------------------
<Accuracies on val> class : 96.62
------------------------------
<Accuracies on test> class : 71.43
------------------------------
<Accuracies on photo> test class : 89.46
------------------------------
<Accuracies on art_painting> test class : 71.68
------------------------------
<Accuracies on sketch> test class : 63.63
------------------------------
Total epoch time: 71.215

New epoch - lr: 0.001
[1/65 iteration of epoch 5/50] 
 {loss} cls : 0.026, total : 0.026 
 {acc} cls : 100.00
[31/65 iteration of epoch 5/50] 
 {loss} cls : 0.141, total : 0.141 
 {acc} cls : 90.62
[61/65 iteration of epoch 5/50] 
 {loss} cls : 0.107, total : 0.107 
 {acc} cls : 96.88
------------------------------
<Losses on train> cls : 0.087, total : 0.087
<Accuracies on train> cls : 97.40
Train epoch time: 21.117
------------------------------
<Accuracies on val> class : 95.78
------------------------------
<Accuracies on test> class : 70.86
------------------------------
<Accuracies on photo> test class : 89.28
------------------------------
<Accuracies on art_painting> test class : 72.17
------------------------------
<Accuracies on sketch> test class : 62.36
------------------------------
Total epoch time: 71.021

New epoch - lr: 0.001
[1/65 iteration of epoch 6/50] 
 {loss} cls : 0.033, total : 0.033 
 {acc} cls : 96.88
[31/65 iteration of epoch 6/50] 
 {loss} cls : 0.020, total : 0.020 
 {acc} cls : 100.00
[61/65 iteration of epoch 6/50] 
 {loss} cls : 0.041, total : 0.041 
 {acc} cls : 96.88
------------------------------
<Losses on train> cls : 0.061, total : 0.061
<Accuracies on train> cls : 97.55
Train epoch time: 21.152
------------------------------
<Accuracies on val> class : 95.78
------------------------------
<Accuracies on test> class : 64.80
------------------------------
<Accuracies on photo> test class : 84.37
------------------------------
<Accuracies on art_painting> test class : 67.72
------------------------------
<Accuracies on sketch> test class : 54.95
------------------------------
Total epoch time: 70.617

New epoch - lr: 0.001
[1/65 iteration of epoch 7/50] 
 {loss} cls : 0.164, total : 0.164 
 {acc} cls : 90.62
[31/65 iteration of epoch 7/50] 
 {loss} cls : 0.007, total : 0.007 
 {acc} cls : 100.00
[61/65 iteration of epoch 7/50] 
 {loss} cls : 0.008, total : 0.008 
 {acc} cls : 100.00
------------------------------
<Losses on train> cls : 0.031, total : 0.031
<Accuracies on train> cls : 99.04
Train epoch time: 21.371
------------------------------
<Accuracies on val> class : 96.20
------------------------------
<Accuracies on test> class : 74.83
------------------------------
<Accuracies on photo> test class : 90.30
------------------------------
<Accuracies on art_painting> test class : 76.12
------------------------------
<Accuracies on sketch> test class : 67.57
------------------------------
Total epoch time: 71.205

New epoch - lr: 0.001
[1/65 iteration of epoch 8/50] 
 {loss} cls : 0.005, total : 0.005 
 {acc} cls : 100.00
[31/65 iteration of epoch 8/50] 
 {loss} cls : 0.028, total : 0.028 
 {acc} cls : 100.00
[61/65 iteration of epoch 8/50] 
 {loss} cls : 0.009, total : 0.009 
 {acc} cls : 100.00
------------------------------
<Losses on train> cls : 0.034, total : 0.034
<Accuracies on train> cls : 98.99
Train epoch time: 21.488
------------------------------
<Accuracies on val> class : 95.78
------------------------------
<Accuracies on test> class : 70.96
------------------------------
<Accuracies on photo> test class : 88.74
------------------------------
<Accuracies on art_painting> test class : 72.46
------------------------------
<Accuracies on sketch> test class : 62.61
------------------------------
Total epoch time: 71.309

New epoch - lr: 0.001
[1/65 iteration of epoch 9/50] 
 {loss} cls : 0.011, total : 0.011 
 {acc} cls : 100.00
[31/65 iteration of epoch 9/50] 
 {loss} cls : 0.019, total : 0.019 
 {acc} cls : 100.00
[61/65 iteration of epoch 9/50] 
 {loss} cls : 0.056, total : 0.056 
 {acc} cls : 100.00
------------------------------
<Losses on train> cls : 0.046, total : 0.046
<Accuracies on train> cls : 98.27
Train epoch time: 21.113
------------------------------
<Accuracies on val> class : 96.62
------------------------------
<Accuracies on test> class : 72.02
------------------------------
<Accuracies on photo> test class : 86.83
------------------------------
<Accuracies on art_painting> test class : 69.24
------------------------------
<Accuracies on sketch> test class : 67.17
------------------------------
Total epoch time: 71.446

New epoch - lr: 0.001
[1/65 iteration of epoch 10/50] 
 {loss} cls : 0.017, total : 0.017 
 {acc} cls : 100.00
[31/65 iteration of epoch 10/50] 
 {loss} cls : 0.005, total : 0.005 
 {acc} cls : 100.00
[61/65 iteration of epoch 10/50] 
 {loss} cls : 0.133, total : 0.133 
 {acc} cls : 93.75
------------------------------
<Losses on train> cls : 0.045, total : 0.045
<Accuracies on train> cls : 98.51
Train epoch time: 21.252
------------------------------
<Accuracies on val> class : 94.09
------------------------------
<Accuracies on test> class : 76.40
------------------------------
<Accuracies on photo> test class : 92.34
------------------------------
<Accuracies on art_painting> test class : 76.56
------------------------------
<Accuracies on sketch> test class : 69.53
------------------------------
Total epoch time: 71.387

New epoch - lr: 0.001
[1/65 iteration of epoch 11/50] 
 {loss} cls : 0.020, total : 0.020 
 {acc} cls : 100.00
[31/65 iteration of epoch 11/50] 
 {loss} cls : 0.012, total : 0.012 
 {acc} cls : 100.00
[61/65 iteration of epoch 11/50] 
 {loss} cls : 0.002, total : 0.002 
 {acc} cls : 100.00
------------------------------
<Losses on train> cls : 0.040, total : 0.040
<Accuracies on train> cls : 98.70
Train epoch time: 21.537
------------------------------
<Accuracies on val> class : 96.20
------------------------------
<Accuracies on test> class : 72.34
------------------------------
<Accuracies on photo> test class : 86.77
------------------------------
<Accuracies on art_painting> test class : 70.12
------------------------------
<Accuracies on sketch> test class : 67.37
------------------------------
Total epoch time: 71.186

New epoch - lr: 0.001
[1/65 iteration of epoch 12/50] 
 {loss} cls : 0.008, total : 0.008 
 {acc} cls : 100.00
[31/65 iteration of epoch 12/50] 
 {loss} cls : 0.014, total : 0.014 
 {acc} cls : 100.00
[61/65 iteration of epoch 12/50] 
 {loss} cls : 0.000, total : 0.000 
 {acc} cls : 100.00
------------------------------
<Losses on train> cls : 0.023, total : 0.023
<Accuracies on train> cls : 99.09
Train epoch time: 21.112
------------------------------
<Accuracies on val> class : 95.36
------------------------------
<Accuracies on test> class : 68.69
------------------------------
<Accuracies on photo> test class : 85.99
------------------------------
<Accuracies on art_painting> test class : 68.21
------------------------------
<Accuracies on sketch> test class : 61.59
------------------------------
Total epoch time: 69.939

New epoch - lr: 0.001
[1/65 iteration of epoch 13/50] 
 {loss} cls : 0.034, total : 0.034 
 {acc} cls : 96.88
[31/65 iteration of epoch 13/50] 
 {loss} cls : 0.002, total : 0.002 
 {acc} cls : 100.00
[61/65 iteration of epoch 13/50] 
 {loss} cls : 0.057, total : 0.057 
 {acc} cls : 96.88
------------------------------
<Losses on train> cls : 0.017, total : 0.017
<Accuracies on train> cls : 99.23
Train epoch time: 21.351
------------------------------
<Accuracies on val> class : 97.05
------------------------------
<Accuracies on test> class : 72.50
------------------------------
<Accuracies on photo> test class : 88.38
------------------------------
<Accuracies on art_painting> test class : 70.70
------------------------------
<Accuracies on sketch> test class : 66.68
------------------------------
Total epoch time: 71.645

New epoch - lr: 0.001
[1/65 iteration of epoch 14/50] 
 {loss} cls : 0.001, total : 0.001 
 {acc} cls : 100.00
[31/65 iteration of epoch 14/50] 
 {loss} cls : 0.024, total : 0.024 
 {acc} cls : 100.00
[61/65 iteration of epoch 14/50] 
 {loss} cls : 0.017, total : 0.017 
 {acc} cls : 100.00
------------------------------
<Losses on train> cls : 0.016, total : 0.016
<Accuracies on train> cls : 99.47
Train epoch time: 21.541
------------------------------
<Accuracies on val> class : 97.05
------------------------------
<Accuracies on test> class : 70.00
------------------------------
<Accuracies on photo> test class : 86.23
------------------------------
<Accuracies on art_painting> test class : 70.51
------------------------------
<Accuracies on sketch> test class : 62.84
------------------------------
Total epoch time: 71.581

New epoch - lr: 0.001
[1/65 iteration of epoch 15/50] 
 {loss} cls : 0.036, total : 0.036 
 {acc} cls : 96.88
[31/65 iteration of epoch 15/50] 
 {loss} cls : 0.051, total : 0.051 
 {acc} cls : 96.88
[61/65 iteration of epoch 15/50] 
 {loss} cls : 0.007, total : 0.007 
 {acc} cls : 100.00
------------------------------
<Losses on train> cls : 0.014, total : 0.014
<Accuracies on train> cls : 99.62
Train epoch time: 21.172
------------------------------
<Accuracies on val> class : 97.47
------------------------------
<Accuracies on test> class : 71.57
------------------------------
<Accuracies on photo> test class : 88.74
------------------------------
<Accuracies on art_painting> test class : 72.22
------------------------------
<Accuracies on sketch> test class : 63.93
------------------------------
Total epoch time: 70.595

New epoch - lr: 0.001
[1/65 iteration of epoch 16/50] 
 {loss} cls : 0.012, total : 0.012 
 {acc} cls : 100.00
[31/65 iteration of epoch 16/50] 
 {loss} cls : 0.023, total : 0.023 
 {acc} cls : 100.00
[61/65 iteration of epoch 16/50] 
 {loss} cls : 0.002, total : 0.002 
 {acc} cls : 100.00
------------------------------
<Losses on train> cls : 0.012, total : 0.012
<Accuracies on train> cls : 99.71
Train epoch time: 21.230
------------------------------
<Accuracies on val> class : 97.47
------------------------------
<Accuracies on test> class : 74.23
------------------------------
<Accuracies on photo> test class : 89.46
------------------------------
<Accuracies on art_painting> test class : 73.63
------------------------------
<Accuracies on sketch> test class : 68.06
------------------------------
Total epoch time: 71.269

New epoch - lr: 0.001
[1/65 iteration of epoch 17/50] 
 {loss} cls : 0.005, total : 0.005 
 {acc} cls : 100.00
[31/65 iteration of epoch 17/50] 
 {loss} cls : 0.007, total : 0.007 
 {acc} cls : 100.00
[61/65 iteration of epoch 17/50] 
 {loss} cls : 0.011, total : 0.011 
 {acc} cls : 100.00
------------------------------
<Losses on train> cls : 0.022, total : 0.022
<Accuracies on train> cls : 99.38
Train epoch time: 21.306
------------------------------
<Accuracies on val> class : 96.62
------------------------------
<Accuracies on test> class : 70.79
------------------------------
<Accuracies on photo> test class : 87.31
------------------------------
<Accuracies on art_painting> test class : 70.51
------------------------------
<Accuracies on sketch> test class : 63.91
------------------------------
Total epoch time: 70.470

New epoch - lr: 0.001
[1/65 iteration of epoch 18/50] 
 {loss} cls : 0.001, total : 0.001 
 {acc} cls : 100.00
[31/65 iteration of epoch 18/50] 
 {loss} cls : 0.003, total : 0.003 
 {acc} cls : 100.00
[61/65 iteration of epoch 18/50] 
 {loss} cls : 0.029, total : 0.029 
 {acc} cls : 96.88
------------------------------
<Losses on train> cls : 0.015, total : 0.015
<Accuracies on train> cls : 99.57
Train epoch time: 21.114
------------------------------
<Accuracies on val> class : 97.05
------------------------------
<Accuracies on test> class : 72.26
------------------------------
<Accuracies on photo> test class : 86.29
------------------------------
<Accuracies on art_painting> test class : 68.16
------------------------------
<Accuracies on sketch> test class : 68.44
------------------------------
Total epoch time: 70.047

New epoch - lr: 0.001
[1/65 iteration of epoch 19/50] 
 {loss} cls : 0.017, total : 0.017 
 {acc} cls : 100.00
[31/65 iteration of epoch 19/50] 
 {loss} cls : 0.000, total : 0.000 
 {acc} cls : 100.00
[61/65 iteration of epoch 19/50] 
 {loss} cls : 0.007, total : 0.007 
 {acc} cls : 100.00
------------------------------
<Losses on train> cls : 0.012, total : 0.012
<Accuracies on train> cls : 99.71
Train epoch time: 21.086
------------------------------
<Accuracies on val> class : 95.78
------------------------------
<Accuracies on test> class : 71.45
------------------------------
<Accuracies on photo> test class : 86.95
------------------------------
<Accuracies on art_painting> test class : 70.46
------------------------------
<Accuracies on sketch> test class : 65.39
------------------------------
Total epoch time: 70.157

New epoch - lr: 0.001
[1/65 iteration of epoch 20/50] 
 {loss} cls : 0.002, total : 0.002 
 {acc} cls : 100.00
[31/65 iteration of epoch 20/50] 
 {loss} cls : 0.024, total : 0.024 
 {acc} cls : 100.00
[61/65 iteration of epoch 20/50] 
 {loss} cls : 0.001, total : 0.001 
 {acc} cls : 100.00
------------------------------
<Losses on train> cls : 0.013, total : 0.013
<Accuracies on train> cls : 99.71
Train epoch time: 21.253
------------------------------
<Accuracies on val> class : 96.62
------------------------------
<Accuracies on test> class : 72.04
------------------------------
<Accuracies on photo> test class : 89.58
------------------------------
<Accuracies on art_painting> test class : 71.24
------------------------------
<Accuracies on sketch> test class : 65.00
------------------------------
Total epoch time: 69.697

New epoch - lr: 0.001
[1/65 iteration of epoch 21/50] 
 {loss} cls : 0.007, total : 0.007 
 {acc} cls : 100.00
[31/65 iteration of epoch 21/50] 
 {loss} cls : 0.092, total : 0.092 
 {acc} cls : 96.88
[61/65 iteration of epoch 21/50] 
 {loss} cls : 0.017, total : 0.017 
 {acc} cls : 100.00
------------------------------
<Losses on train> cls : 0.009, total : 0.009
<Accuracies on train> cls : 99.76
Train epoch time: 20.997
------------------------------
<Accuracies on val> class : 96.62
------------------------------
<Accuracies on test> class : 73.92
------------------------------
<Accuracies on photo> test class : 88.80
------------------------------
<Accuracies on art_painting> test class : 71.14
------------------------------
<Accuracies on sketch> test class : 69.05
------------------------------
Total epoch time: 69.270

New epoch - lr: 0.001
[1/65 iteration of epoch 22/50] 
 {loss} cls : 0.001, total : 0.001 
 {acc} cls : 100.00
[31/65 iteration of epoch 22/50] 
 {loss} cls : 0.002, total : 0.002 
 {acc} cls : 100.00
[61/65 iteration of epoch 22/50] 
 {loss} cls : 0.016, total : 0.016 
 {acc} cls : 100.00
------------------------------
<Losses on train> cls : 0.012, total : 0.012
<Accuracies on train> cls : 99.76
Train epoch time: 20.953
------------------------------
<Accuracies on val> class : 97.05
------------------------------
<Accuracies on test> class : 73.83
------------------------------
<Accuracies on photo> test class : 88.98
------------------------------
<Accuracies on art_painting> test class : 71.58
------------------------------
<Accuracies on sketch> test class : 68.57
------------------------------
Total epoch time: 69.248

New epoch - lr: 0.001
[1/65 iteration of epoch 23/50] 
 {loss} cls : 0.001, total : 0.001 
 {acc} cls : 100.00
[31/65 iteration of epoch 23/50] 
 {loss} cls : 0.003, total : 0.003 
 {acc} cls : 100.00
[61/65 iteration of epoch 23/50] 
 {loss} cls : 0.012, total : 0.012 
 {acc} cls : 100.00
------------------------------
<Losses on train> cls : 0.018, total : 0.018
<Accuracies on train> cls : 99.47
Train epoch time: 20.981
------------------------------
<Accuracies on val> class : 97.05
------------------------------
<Accuracies on test> class : 74.68
------------------------------
<Accuracies on photo> test class : 90.54
------------------------------
<Accuracies on art_painting> test class : 72.31
------------------------------
<Accuracies on sketch> test class : 69.18
------------------------------
Total epoch time: 69.573

New epoch - lr: 0.001
[1/65 iteration of epoch 24/50] 
 {loss} cls : 0.000, total : 0.000 
 {acc} cls : 100.00
[31/65 iteration of epoch 24/50] 
 {loss} cls : 0.001, total : 0.001 
 {acc} cls : 100.00
[61/65 iteration of epoch 24/50] 
 {loss} cls : 0.001, total : 0.001 
 {acc} cls : 100.00
------------------------------
<Losses on train> cls : 0.011, total : 0.011
<Accuracies on train> cls : 99.76
Train epoch time: 20.996
------------------------------
<Accuracies on val> class : 96.62
------------------------------
<Accuracies on test> class : 73.61
------------------------------
<Accuracies on photo> test class : 88.62
------------------------------
<Accuracies on art_painting> test class : 69.38
------------------------------
<Accuracies on sketch> test class : 69.43
------------------------------
Total epoch time: 69.469

New epoch - lr: 0.001
[1/65 iteration of epoch 25/50] 
 {loss} cls : 0.029, total : 0.029 
 {acc} cls : 96.88
[31/65 iteration of epoch 25/50] 
 {loss} cls : 0.000, total : 0.000 
 {acc} cls : 100.00
[61/65 iteration of epoch 25/50] 
 {loss} cls : 0.012, total : 0.012 
 {acc} cls : 100.00
------------------------------
<Losses on train> cls : 0.007, total : 0.007
<Accuracies on train> cls : 99.76
Train epoch time: 20.919
------------------------------
<Accuracies on val> class : 97.47
------------------------------
<Accuracies on test> class : 76.19
------------------------------
<Accuracies on photo> test class : 90.78
------------------------------
<Accuracies on art_painting> test class : 73.24
------------------------------
<Accuracies on sketch> test class : 71.52
------------------------------
Total epoch time: 70.851

New epoch - lr: 0.001
[1/65 iteration of epoch 26/50] 
 {loss} cls : 0.000, total : 0.000 
 {acc} cls : 100.00
[31/65 iteration of epoch 26/50] 
 {loss} cls : 0.001, total : 0.001 
 {acc} cls : 100.00
[61/65 iteration of epoch 26/50] 
 {loss} cls : 0.001, total : 0.001 
 {acc} cls : 100.00
------------------------------
<Losses on train> cls : 0.011, total : 0.011
<Accuracies on train> cls : 99.62
Train epoch time: 20.906
------------------------------
<Accuracies on val> class : 97.05
------------------------------
<Accuracies on test> class : 75.70
------------------------------
<Accuracies on photo> test class : 89.94
------------------------------
<Accuracies on art_painting> test class : 74.17
------------------------------
<Accuracies on sketch> test class : 70.45
------------------------------
Total epoch time: 69.485

New epoch - lr: 0.001
[1/65 iteration of epoch 27/50] 
 {loss} cls : 0.000, total : 0.000 
 {acc} cls : 100.00
[31/65 iteration of epoch 27/50] 
 {loss} cls : 0.077, total : 0.077 
 {acc} cls : 96.88
[61/65 iteration of epoch 27/50] 
 {loss} cls : 0.001, total : 0.001 
 {acc} cls : 100.00
------------------------------
<Losses on train> cls : 0.006, total : 0.006
<Accuracies on train> cls : 99.86
Train epoch time: 20.916
------------------------------
<Accuracies on val> class : 97.05
------------------------------
<Accuracies on test> class : 74.32
------------------------------
<Accuracies on photo> test class : 88.26
------------------------------
<Accuracies on art_painting> test class : 69.73
------------------------------
<Accuracies on sketch> test class : 70.78
------------------------------
Total epoch time: 69.530

New epoch - lr: 0.001
[1/65 iteration of epoch 28/50] 
 {loss} cls : 0.001, total : 0.001 
 {acc} cls : 100.00
[31/65 iteration of epoch 28/50] 
 {loss} cls : 0.001, total : 0.001 
 {acc} cls : 100.00
[61/65 iteration of epoch 28/50] 
 {loss} cls : 0.002, total : 0.002 
 {acc} cls : 100.00
------------------------------
<Losses on train> cls : 0.008, total : 0.008
<Accuracies on train> cls : 99.66
Train epoch time: 20.895
------------------------------
<Accuracies on val> class : 96.62
------------------------------
<Accuracies on test> class : 73.86
------------------------------
<Accuracies on photo> test class : 87.84
------------------------------
<Accuracies on art_painting> test class : 70.46
------------------------------
<Accuracies on sketch> test class : 69.69
------------------------------
Total epoch time: 69.279

New epoch - lr: 0.001
[1/65 iteration of epoch 29/50] 
 {loss} cls : 0.002, total : 0.002 
 {acc} cls : 100.00
[31/65 iteration of epoch 29/50] 
 {loss} cls : 0.001, total : 0.001 
 {acc} cls : 100.00
[61/65 iteration of epoch 29/50] 
 {loss} cls : 0.002, total : 0.002 
 {acc} cls : 100.00
------------------------------
<Losses on train> cls : 0.008, total : 0.008
<Accuracies on train> cls : 99.86
Train epoch time: 21.021
------------------------------
<Accuracies on val> class : 97.89
------------------------------
<Accuracies on test> class : 74.92
------------------------------
<Accuracies on photo> test class : 89.04
------------------------------
<Accuracies on art_painting> test class : 71.34
------------------------------
<Accuracies on sketch> test class : 70.78
------------------------------
Total epoch time: 70.306

New epoch - lr: 0.001
[1/65 iteration of epoch 30/50] 
 {loss} cls : 0.001, total : 0.001 
 {acc} cls : 100.00
[31/65 iteration of epoch 30/50] 
 {loss} cls : 0.001, total : 0.001 
 {acc} cls : 100.00
[61/65 iteration of epoch 30/50] 
 {loss} cls : 0.000, total : 0.000 
 {acc} cls : 100.00
------------------------------
<Losses on train> cls : 0.007, total : 0.007
<Accuracies on train> cls : 99.81
Train epoch time: 21.131
------------------------------
<Accuracies on val> class : 96.62
------------------------------
<Accuracies on test> class : 74.96
------------------------------
<Accuracies on photo> test class : 88.44
------------------------------
<Accuracies on art_painting> test class : 70.70
------------------------------
<Accuracies on sketch> test class : 71.44
------------------------------
Total epoch time: 70.211

New epoch - lr: 0.001
[1/65 iteration of epoch 31/50] 
 {loss} cls : 0.001, total : 0.001 
 {acc} cls : 100.00
[31/65 iteration of epoch 31/50] 
 {loss} cls : 0.001, total : 0.001 
 {acc} cls : 100.00
[61/65 iteration of epoch 31/50] 
 {loss} cls : 0.044, total : 0.044 
 {acc} cls : 96.88
------------------------------
<Losses on train> cls : 0.005, total : 0.005
<Accuracies on train> cls : 99.86
Train epoch time: 20.968
------------------------------
<Accuracies on val> class : 96.62
------------------------------
<Accuracies on test> class : 73.65
------------------------------
<Accuracies on photo> test class : 88.38
------------------------------
<Accuracies on art_painting> test class : 71.97
------------------------------
<Accuracies on sketch> test class : 68.26
------------------------------
Total epoch time: 69.617

New epoch - lr: 0.001
[1/65 iteration of epoch 32/50] 
 {loss} cls : 0.001, total : 0.001 
 {acc} cls : 100.00
[31/65 iteration of epoch 32/50] 
 {loss} cls : 0.000, total : 0.000 
 {acc} cls : 100.00
[61/65 iteration of epoch 32/50] 
 {loss} cls : 0.002, total : 0.002 
 {acc} cls : 100.00
------------------------------
<Losses on train> cls : 0.004, total : 0.004
<Accuracies on train> cls : 99.90
Train epoch time: 21.053
------------------------------
<Accuracies on val> class : 97.05
------------------------------
<Accuracies on test> class : 74.21
------------------------------
<Accuracies on photo> test class : 89.22
------------------------------
<Accuracies on art_painting> test class : 71.97
------------------------------
<Accuracies on sketch> test class : 69.00
------------------------------
Total epoch time: 69.592

New epoch - lr: 0.001
[1/65 iteration of epoch 33/50] 
 {loss} cls : 0.001, total : 0.001 
 {acc} cls : 100.00
[31/65 iteration of epoch 33/50] 
 {loss} cls : 0.000, total : 0.000 
 {acc} cls : 100.00
[61/65 iteration of epoch 33/50] 
 {loss} cls : 0.000, total : 0.000 
 {acc} cls : 100.00
------------------------------
<Losses on train> cls : 0.002, total : 0.002
<Accuracies on train> cls : 100.00
Train epoch time: 21.038
------------------------------
<Accuracies on val> class : 97.47
------------------------------
<Accuracies on test> class : 74.46
------------------------------
<Accuracies on photo> test class : 89.58
------------------------------
<Accuracies on art_painting> test class : 73.14
------------------------------
<Accuracies on sketch> test class : 68.72
------------------------------
Total epoch time: 69.398

New epoch - lr: 0.001
[1/65 iteration of epoch 34/50] 
 {loss} cls : 0.000, total : 0.000 
 {acc} cls : 100.00
[31/65 iteration of epoch 34/50] 
 {loss} cls : 0.002, total : 0.002 
 {acc} cls : 100.00
[61/65 iteration of epoch 34/50] 
 {loss} cls : 0.004, total : 0.004 
 {acc} cls : 100.00
------------------------------
<Losses on train> cls : 0.006, total : 0.006
<Accuracies on train> cls : 99.86
Train epoch time: 20.975
------------------------------
<Accuracies on val> class : 97.05
------------------------------
<Accuracies on test> class : 74.94
------------------------------
<Accuracies on photo> test class : 88.38
------------------------------
<Accuracies on art_painting> test class : 72.61
------------------------------
<Accuracies on sketch> test class : 70.45
------------------------------
Total epoch time: 69.542

New epoch - lr: 0.001
[1/65 iteration of epoch 35/50] 
 {loss} cls : 0.002, total : 0.002 
 {acc} cls : 100.00
[31/65 iteration of epoch 35/50] 
 {loss} cls : 0.002, total : 0.002 
 {acc} cls : 100.00
[61/65 iteration of epoch 35/50] 
 {loss} cls : 0.001, total : 0.001 
 {acc} cls : 100.00
------------------------------
<Losses on train> cls : 0.004, total : 0.004
<Accuracies on train> cls : 99.95
Train epoch time: 21.122
------------------------------
<Accuracies on val> class : 97.47
------------------------------
<Accuracies on test> class : 76.16
------------------------------
<Accuracies on photo> test class : 90.00
------------------------------
<Accuracies on art_painting> test class : 72.71
------------------------------
<Accuracies on sketch> test class : 72.08
------------------------------
Total epoch time: 69.788

New epoch - lr: 0.001
[1/65 iteration of epoch 36/50] 
 {loss} cls : 0.002, total : 0.002 
 {acc} cls : 100.00
[31/65 iteration of epoch 36/50] 
 {loss} cls : 0.000, total : 0.000 
 {acc} cls : 100.00
[61/65 iteration of epoch 36/50] 
 {loss} cls : 0.000, total : 0.000 
 {acc} cls : 100.00
------------------------------
<Losses on train> cls : 0.004, total : 0.004
<Accuracies on train> cls : 99.86
Train epoch time: 20.860
------------------------------
<Accuracies on val> class : 97.47
------------------------------
<Accuracies on test> class : 75.21
------------------------------
<Accuracies on photo> test class : 89.34
------------------------------
<Accuracies on art_painting> test class : 74.51
------------------------------
<Accuracies on sketch> test class : 69.56
------------------------------
Total epoch time: 69.932

New epoch - lr: 0.001
[1/65 iteration of epoch 37/50] 
 {loss} cls : 0.017, total : 0.017 
 {acc} cls : 100.00
[31/65 iteration of epoch 37/50] 
 {loss} cls : 0.004, total : 0.004 
 {acc} cls : 100.00
[61/65 iteration of epoch 37/50] 
 {loss} cls : 0.001, total : 0.001 
 {acc} cls : 100.00
------------------------------
<Losses on train> cls : 0.009, total : 0.009
<Accuracies on train> cls : 99.66
Train epoch time: 20.929
------------------------------
<Accuracies on val> class : 97.05
------------------------------
<Accuracies on test> class : 73.90
------------------------------
<Accuracies on photo> test class : 87.25
------------------------------
<Accuracies on art_painting> test class : 69.68
------------------------------
<Accuracies on sketch> test class : 70.43
------------------------------
Total epoch time: 69.307

New epoch - lr: 0.001
[1/65 iteration of epoch 38/50] 
 {loss} cls : 0.001, total : 0.001 
 {acc} cls : 100.00
[31/65 iteration of epoch 38/50] 
 {loss} cls : 0.001, total : 0.001 
 {acc} cls : 100.00
[61/65 iteration of epoch 38/50] 
 {loss} cls : 0.006, total : 0.006 
 {acc} cls : 100.00
------------------------------
<Losses on train> cls : 0.004, total : 0.004
<Accuracies on train> cls : 99.86
Train epoch time: 20.862
------------------------------
<Accuracies on val> class : 97.05
------------------------------
<Accuracies on test> class : 75.47
------------------------------
<Accuracies on photo> test class : 89.46
------------------------------
<Accuracies on art_painting> test class : 71.88
------------------------------
<Accuracies on sketch> test class : 71.39
------------------------------
Total epoch time: 68.976

New epoch - lr: 0.001
[1/65 iteration of epoch 39/50] 
 {loss} cls : 0.007, total : 0.007 
 {acc} cls : 100.00
[31/65 iteration of epoch 39/50] 
 {loss} cls : 0.002, total : 0.002 
 {acc} cls : 100.00
[61/65 iteration of epoch 39/50] 
 {loss} cls : 0.000, total : 0.000 
 {acc} cls : 100.00
------------------------------
<Losses on train> cls : 0.003, total : 0.003
<Accuracies on train> cls : 99.86
Train epoch time: 20.845
------------------------------
<Accuracies on val> class : 97.05
------------------------------
<Accuracies on test> class : 74.64
------------------------------
<Accuracies on photo> test class : 88.92
------------------------------
<Accuracies on art_painting> test class : 71.83
------------------------------
<Accuracies on sketch> test class : 70.04
------------------------------
Total epoch time: 69.094

New epoch - lr: 0.0001
[1/65 iteration of epoch 40/50] 
 {loss} cls : 0.004, total : 0.004 
 {acc} cls : 100.00
[31/65 iteration of epoch 40/50] 
 {loss} cls : 0.002, total : 0.002 
 {acc} cls : 100.00
[61/65 iteration of epoch 40/50] 
 {loss} cls : 0.000, total : 0.000 
 {acc} cls : 100.00
------------------------------
<Losses on train> cls : 0.004, total : 0.004
<Accuracies on train> cls : 99.86
Train epoch time: 20.870
------------------------------
<Accuracies on val> class : 97.05
------------------------------
<Accuracies on test> class : 75.74
------------------------------
<Accuracies on photo> test class : 90.12
------------------------------
<Accuracies on art_painting> test class : 73.49
------------------------------
<Accuracies on sketch> test class : 70.81
------------------------------
Total epoch time: 69.280

New epoch - lr: 0.0001
[1/65 iteration of epoch 41/50] 
 {loss} cls : 0.007, total : 0.007 
 {acc} cls : 100.00
[31/65 iteration of epoch 41/50] 
 {loss} cls : 0.000, total : 0.000 
 {acc} cls : 100.00
[61/65 iteration of epoch 41/50] 
 {loss} cls : 0.014, total : 0.014 
 {acc} cls : 100.00
------------------------------
<Losses on train> cls : 0.003, total : 0.003
<Accuracies on train> cls : 99.95
Train epoch time: 20.859
------------------------------
<Accuracies on val> class : 96.62
------------------------------
<Accuracies on test> class : 74.04
------------------------------
<Accuracies on photo> test class : 89.34
------------------------------
<Accuracies on art_painting> test class : 71.48
------------------------------
<Accuracies on sketch> test class : 68.87
------------------------------
Total epoch time: 69.017

New epoch - lr: 0.0001
[1/65 iteration of epoch 42/50] 
 {loss} cls : 0.000, total : 0.000 
 {acc} cls : 100.00
[31/65 iteration of epoch 42/50] 
 {loss} cls : 0.000, total : 0.000 
 {acc} cls : 100.00
[61/65 iteration of epoch 42/50] 
 {loss} cls : 0.000, total : 0.000 
 {acc} cls : 100.00
------------------------------
<Losses on train> cls : 0.002, total : 0.002
<Accuracies on train> cls : 100.00
Train epoch time: 20.893
------------------------------
<Accuracies on val> class : 97.05
------------------------------
<Accuracies on test> class : 74.71
------------------------------
<Accuracies on photo> test class : 89.10
------------------------------
<Accuracies on art_painting> test class : 71.88
------------------------------
<Accuracies on sketch> test class : 70.07
------------------------------
Total epoch time: 69.079

New epoch - lr: 0.0001
[1/65 iteration of epoch 43/50] 
 {loss} cls : 0.000, total : 0.000 
 {acc} cls : 100.00
[31/65 iteration of epoch 43/50] 
 {loss} cls : 0.001, total : 0.001 
 {acc} cls : 100.00
[61/65 iteration of epoch 43/50] 
 {loss} cls : 0.011, total : 0.011 
 {acc} cls : 100.00
------------------------------
<Losses on train> cls : 0.005, total : 0.005
<Accuracies on train> cls : 99.81
Train epoch time: 20.853
------------------------------
<Accuracies on val> class : 97.47
------------------------------
<Accuracies on test> class : 75.14
------------------------------
<Accuracies on photo> test class : 89.16
------------------------------
<Accuracies on art_painting> test class : 72.46
------------------------------
<Accuracies on sketch> test class : 70.58
------------------------------
Total epoch time: 69.079

New epoch - lr: 0.0001
[1/65 iteration of epoch 44/50] 
 {loss} cls : 0.016, total : 0.016 
 {acc} cls : 100.00
[31/65 iteration of epoch 44/50] 
 {loss} cls : 0.022, total : 0.022 
 {acc} cls : 100.00
[61/65 iteration of epoch 44/50] 
 {loss} cls : 0.000, total : 0.000 
 {acc} cls : 100.00
------------------------------
<Losses on train> cls : 0.003, total : 0.003
<Accuracies on train> cls : 100.00
Train epoch time: 20.858
------------------------------
<Accuracies on val> class : 97.47
------------------------------
<Accuracies on test> class : 75.22
------------------------------
<Accuracies on photo> test class : 88.92
------------------------------
<Accuracies on art_painting> test class : 72.85
------------------------------
<Accuracies on sketch> test class : 70.63
------------------------------
Total epoch time: 69.067

New epoch - lr: 0.0001
[1/65 iteration of epoch 45/50] 
 {loss} cls : 0.000, total : 0.000 
 {acc} cls : 100.00
[31/65 iteration of epoch 45/50] 
 {loss} cls : 0.000, total : 0.000 
 {acc} cls : 100.00
[61/65 iteration of epoch 45/50] 
 {loss} cls : 0.001, total : 0.001 
 {acc} cls : 100.00
------------------------------
<Losses on train> cls : 0.002, total : 0.002
<Accuracies on train> cls : 99.95
Train epoch time: 20.903
------------------------------
<Accuracies on val> class : 98.31
------------------------------
<Accuracies on test> class : 74.98
------------------------------
<Accuracies on photo> test class : 88.80
------------------------------
<Accuracies on art_painting> test class : 72.31
------------------------------
<Accuracies on sketch> test class : 70.50
------------------------------
Total epoch time: 69.384

New epoch - lr: 0.0001
[1/65 iteration of epoch 46/50] 
 {loss} cls : 0.002, total : 0.002 
 {acc} cls : 100.00
[31/65 iteration of epoch 46/50] 
 {loss} cls : 0.000, total : 0.000 
 {acc} cls : 100.00
[61/65 iteration of epoch 46/50] 
 {loss} cls : 0.000, total : 0.000 
 {acc} cls : 100.00
------------------------------
<Losses on train> cls : 0.003, total : 0.003
<Accuracies on train> cls : 99.90
Train epoch time: 20.893
------------------------------
<Accuracies on val> class : 97.89
------------------------------
<Accuracies on test> class : 75.52
------------------------------
<Accuracies on photo> test class : 89.10
------------------------------
<Accuracies on art_painting> test class : 73.58
------------------------------
<Accuracies on sketch> test class : 70.76
------------------------------
Total epoch time: 68.685

New epoch - lr: 0.0001
[1/65 iteration of epoch 47/50] 
 {loss} cls : 0.000, total : 0.000 
 {acc} cls : 100.00
[31/65 iteration of epoch 47/50] 
 {loss} cls : 0.000, total : 0.000 
 {acc} cls : 100.00
[61/65 iteration of epoch 47/50] 
 {loss} cls : 0.000, total : 0.000 
 {acc} cls : 100.00
------------------------------
<Losses on train> cls : 0.002, total : 0.002
<Accuracies on train> cls : 100.00
Train epoch time: 20.855
------------------------------
<Accuracies on val> class : 97.47
------------------------------
<Accuracies on test> class : 75.18
------------------------------
<Accuracies on photo> test class : 89.40
------------------------------
<Accuracies on art_painting> test class : 73.49
------------------------------
<Accuracies on sketch> test class : 70.02
------------------------------
Total epoch time: 68.911

New epoch - lr: 0.0001
[1/65 iteration of epoch 48/50] 
 {loss} cls : 0.001, total : 0.001 
 {acc} cls : 100.00
[31/65 iteration of epoch 48/50] 
 {loss} cls : 0.000, total : 0.000 
 {acc} cls : 100.00
[61/65 iteration of epoch 48/50] 
 {loss} cls : 0.000, total : 0.000 
 {acc} cls : 100.00
------------------------------
<Losses on train> cls : 0.002, total : 0.002
<Accuracies on train> cls : 100.00
Train epoch time: 20.870
------------------------------
<Accuracies on val> class : 97.47
------------------------------
<Accuracies on test> class : 74.57
------------------------------
<Accuracies on photo> test class : 89.64
------------------------------
<Accuracies on art_painting> test class : 72.56
------------------------------
<Accuracies on sketch> test class : 69.20
------------------------------
Total epoch time: 68.755

New epoch - lr: 0.0001
[1/65 iteration of epoch 49/50] 
 {loss} cls : 0.001, total : 0.001 
 {acc} cls : 100.00
[31/65 iteration of epoch 49/50] 
 {loss} cls : 0.000, total : 0.000 
 {acc} cls : 100.00
[61/65 iteration of epoch 49/50] 
 {loss} cls : 0.000, total : 0.000 
 {acc} cls : 100.00
------------------------------
<Losses on train> cls : 0.005, total : 0.005
<Accuracies on train> cls : 99.90
Train epoch time: 20.884
------------------------------
<Accuracies on val> class : 97.47
------------------------------
<Accuracies on test> class : 75.15
------------------------------
<Accuracies on photo> test class : 89.10
------------------------------
<Accuracies on art_painting> test class : 72.71
------------------------------
<Accuracies on sketch> test class : 70.50
------------------------------
Total epoch time: 68.657

New epoch - lr: 0.0001
[1/65 iteration of epoch 50/50] 
 {loss} cls : 0.003, total : 0.003 
 {acc} cls : 100.00
[31/65 iteration of epoch 50/50] 
 {loss} cls : 0.003, total : 0.003 
 {acc} cls : 100.00
[61/65 iteration of epoch 50/50] 
 {loss} cls : 0.000, total : 0.000 
 {acc} cls : 100.00
------------------------------
<Losses on train> cls : 0.002, total : 0.002
<Accuracies on train> cls : 99.95
Train epoch time: 20.845
------------------------------
<Accuracies on val> class : 97.47
------------------------------
<Accuracies on test> class : 74.91
------------------------------
<Accuracies on photo> test class : 88.92
------------------------------
<Accuracies on art_painting> test class : 72.51
------------------------------
<Accuracies on sketch> test class : 70.20
------------------------------
Total epoch time: 68.279

******************************
Best val 0.983122, corresponding test 0.749837 - best test: 0.76396

******************************
Best val 0.9831223487854004, corresponding photo test 0.8880239725112915

******************************
Best val 0.9831223487854004, corresponding art_painting test 0.72314453125

******************************
Best val 0.9831223487854004, corresponding sketch test 0.7050139904022217
