
Loading experiment Officehome/ResNet18_step


New epoch - lr: 0.003
[1/62 iteration of epoch 1/50] 
 {loss} cls : 4.342, total : 4.342 
 {acc} cls : 3.12
[31/62 iteration of epoch 1/50] 
 {loss} cls : 1.287, total : 1.287 
 {acc} cls : 64.84
[61/62 iteration of epoch 1/50] 
 {loss} cls : 0.797, total : 0.797 
 {acc} cls : 82.03
------------------------------
<Losses on train> cls : 1.704, total : 1.704
<Accuracies on train> cls : 58.46
Train epoch time: 33.337
------------------------------
<Accuracies on val> class : 85.55
------------------------------
<Accuracies on test> class : 47.27
------------------------------
<Accuracies on Art> test class : 38.65
------------------------------
<Accuracies on Clipart> test class : 36.95
------------------------------
<Accuracies on Real_World> test class : 62.41
------------------------------
Total epoch time: 277.140

New epoch - lr: 0.003
[1/62 iteration of epoch 2/50] 
 {loss} cls : 0.617, total : 0.617 
 {acc} cls : 84.38
[31/62 iteration of epoch 2/50] 
 {loss} cls : 0.401, total : 0.401 
 {acc} cls : 89.06
[61/62 iteration of epoch 2/50] 
 {loss} cls : 0.606, total : 0.606 
 {acc} cls : 82.81
------------------------------
<Losses on train> cls : 0.490, total : 0.490
<Accuracies on train> cls : 86.37
Train epoch time: 30.190
------------------------------
<Accuracies on val> class : 87.36
------------------------------
<Accuracies on test> class : 49.75
------------------------------
<Accuracies on Art> test class : 39.93
------------------------------
<Accuracies on Clipart> test class : 41.17
------------------------------
<Accuracies on Real_World> test class : 63.83
------------------------------
Total epoch time: 273.789

New epoch - lr: 0.003
[1/62 iteration of epoch 3/50] 
 {loss} cls : 0.211, total : 0.211 
 {acc} cls : 95.31
[31/62 iteration of epoch 3/50] 
 {loss} cls : 0.315, total : 0.315 
 {acc} cls : 91.41
[61/62 iteration of epoch 3/50] 
 {loss} cls : 0.367, total : 0.367 
 {acc} cls : 89.06
------------------------------
<Losses on train> cls : 0.279, total : 0.279
<Accuracies on train> cls : 92.72
Train epoch time: 29.302
------------------------------
<Accuracies on val> class : 89.62
------------------------------
<Accuracies on test> class : 48.00
------------------------------
<Accuracies on Art> test class : 36.92
------------------------------
<Accuracies on Clipart> test class : 39.82
------------------------------
<Accuracies on Real_World> test class : 62.38
------------------------------
Total epoch time: 278.440

New epoch - lr: 0.003
[1/62 iteration of epoch 4/50] 
 {loss} cls : 0.218, total : 0.218 
 {acc} cls : 92.97
[31/62 iteration of epoch 4/50] 
 {loss} cls : 0.209, total : 0.209 
 {acc} cls : 93.75
[61/62 iteration of epoch 4/50] 
 {loss} cls : 0.087, total : 0.087 
 {acc} cls : 98.44
------------------------------
<Losses on train> cls : 0.184, total : 0.184
<Accuracies on train> cls : 95.27
Train epoch time: 28.620
------------------------------
<Accuracies on val> class : 89.84
------------------------------
<Accuracies on test> class : 49.30
------------------------------
<Accuracies on Art> test class : 38.24
------------------------------
<Accuracies on Clipart> test class : 40.57
------------------------------
<Accuracies on Real_World> test class : 64.20
------------------------------
Total epoch time: 279.255

New epoch - lr: 0.003
[1/62 iteration of epoch 5/50] 
 {loss} cls : 0.145, total : 0.145 
 {acc} cls : 98.44
[31/62 iteration of epoch 5/50] 
 {loss} cls : 0.182, total : 0.182 
 {acc} cls : 95.31
[61/62 iteration of epoch 5/50] 
 {loss} cls : 0.086, total : 0.086 
 {acc} cls : 96.88
------------------------------
<Losses on train> cls : 0.127, total : 0.127
<Accuracies on train> cls : 96.77
Train epoch time: 28.295
------------------------------
<Accuracies on val> class : 90.74
------------------------------
<Accuracies on test> class : 51.46
------------------------------
<Accuracies on Art> test class : 40.30
------------------------------
<Accuracies on Clipart> test class : 43.94
------------------------------
<Accuracies on Real_World> test class : 65.21
------------------------------
Total epoch time: 280.233

New epoch - lr: 0.003
[1/62 iteration of epoch 6/50] 
 {loss} cls : 0.133, total : 0.133 
 {acc} cls : 95.31
[31/62 iteration of epoch 6/50] 
 {loss} cls : 0.084, total : 0.084 
 {acc} cls : 98.44
[61/62 iteration of epoch 6/50] 
 {loss} cls : 0.069, total : 0.069 
 {acc} cls : 100.00
------------------------------
<Losses on train> cls : 0.106, total : 0.106
<Accuracies on train> cls : 97.71
Train epoch time: 29.020
------------------------------
<Accuracies on val> class : 90.74
------------------------------
<Accuracies on test> class : 51.26
------------------------------
<Accuracies on Art> test class : 40.05
------------------------------
<Accuracies on Clipart> test class : 43.32
------------------------------
<Accuracies on Real_World> test class : 65.46
------------------------------
Total epoch time: 278.135

New epoch - lr: 0.003
[1/62 iteration of epoch 7/50] 
 {loss} cls : 0.106, total : 0.106 
 {acc} cls : 97.66
[31/62 iteration of epoch 7/50] 
 {loss} cls : 0.127, total : 0.127 
 {acc} cls : 96.88
[61/62 iteration of epoch 7/50] 
 {loss} cls : 0.095, total : 0.095 
 {acc} cls : 99.22
------------------------------
<Losses on train> cls : 0.083, total : 0.083
<Accuracies on train> cls : 98.06
Train epoch time: 27.350
------------------------------
<Accuracies on val> class : 90.97
------------------------------
<Accuracies on test> class : 51.95
------------------------------
<Accuracies on Art> test class : 41.24
------------------------------
<Accuracies on Clipart> test class : 44.08
------------------------------
<Accuracies on Real_World> test class : 65.80
------------------------------
Total epoch time: 273.888

New epoch - lr: 0.003
[1/62 iteration of epoch 8/50] 
 {loss} cls : 0.079, total : 0.079 
 {acc} cls : 97.66
[31/62 iteration of epoch 8/50] 
 {loss} cls : 0.078, total : 0.078 
 {acc} cls : 97.66
[61/62 iteration of epoch 8/50] 
 {loss} cls : 0.041, total : 0.041 
 {acc} cls : 100.00
------------------------------
<Losses on train> cls : 0.076, total : 0.076
<Accuracies on train> cls : 98.29
Train epoch time: 27.099
------------------------------
<Accuracies on val> class : 90.07
------------------------------
<Accuracies on test> class : 52.11
------------------------------
<Accuracies on Art> test class : 42.27
------------------------------
<Accuracies on Clipart> test class : 43.71
------------------------------
<Accuracies on Real_World> test class : 66.01
------------------------------
Total epoch time: 277.001

New epoch - lr: 0.003
[1/62 iteration of epoch 9/50] 
 {loss} cls : 0.088, total : 0.088 
 {acc} cls : 97.66
[31/62 iteration of epoch 9/50] 
 {loss} cls : 0.059, total : 0.059 
 {acc} cls : 98.44
[61/62 iteration of epoch 9/50] 
 {loss} cls : 0.094, total : 0.094 
 {acc} cls : 97.66
------------------------------
<Losses on train> cls : 0.070, total : 0.070
<Accuracies on train> cls : 98.36
Train epoch time: 27.262
------------------------------
<Accuracies on val> class : 90.07
------------------------------
<Accuracies on test> class : 50.96
------------------------------
<Accuracies on Art> test class : 39.23
------------------------------
<Accuracies on Clipart> test class : 42.96
------------------------------
<Accuracies on Real_World> test class : 65.50
------------------------------
Total epoch time: 269.781

New epoch - lr: 0.003
[1/62 iteration of epoch 10/50] 
 {loss} cls : 0.040, total : 0.040 
 {acc} cls : 99.22
[31/62 iteration of epoch 10/50] 
 {loss} cls : 0.215, total : 0.215 
 {acc} cls : 93.75
[61/62 iteration of epoch 10/50] 
 {loss} cls : 0.037, total : 0.037 
 {acc} cls : 100.00
------------------------------
<Losses on train> cls : 0.061, total : 0.061
<Accuracies on train> cls : 98.69
Train epoch time: 27.580
------------------------------
<Accuracies on val> class : 91.42
------------------------------
<Accuracies on test> class : 52.07
------------------------------
<Accuracies on Art> test class : 40.75
------------------------------
<Accuracies on Clipart> test class : 44.70
------------------------------
<Accuracies on Real_World> test class : 65.76
------------------------------
Total epoch time: 264.458

New epoch - lr: 0.003
[1/62 iteration of epoch 11/50] 
 {loss} cls : 0.041, total : 0.041 
 {acc} cls : 99.22
[31/62 iteration of epoch 11/50] 
 {loss} cls : 0.026, total : 0.026 
 {acc} cls : 100.00
[61/62 iteration of epoch 11/50] 
 {loss} cls : 0.056, total : 0.056 
 {acc} cls : 98.44
------------------------------
<Losses on train> cls : 0.052, total : 0.052
<Accuracies on train> cls : 98.78
Train epoch time: 24.297
------------------------------
<Accuracies on val> class : 91.87
------------------------------
<Accuracies on test> class : 52.34
------------------------------
<Accuracies on Art> test class : 41.74
------------------------------
<Accuracies on Clipart> test class : 44.86
------------------------------
<Accuracies on Real_World> test class : 65.73
------------------------------
Total epoch time: 256.596

New epoch - lr: 0.003
[1/62 iteration of epoch 12/50] 
 {loss} cls : 0.053, total : 0.053 
 {acc} cls : 98.44
[31/62 iteration of epoch 12/50] 
 {loss} cls : 0.079, total : 0.079 
 {acc} cls : 99.22
[61/62 iteration of epoch 12/50] 
 {loss} cls : 0.049, total : 0.049 
 {acc} cls : 99.22
------------------------------
<Losses on train> cls : 0.050, total : 0.050
<Accuracies on train> cls : 98.89
Train epoch time: 26.391
------------------------------
<Accuracies on val> class : 91.87
------------------------------
<Accuracies on test> class : 52.30
------------------------------
<Accuracies on Art> test class : 41.29
------------------------------
<Accuracies on Clipart> test class : 44.93
------------------------------
<Accuracies on Real_World> test class : 65.83
------------------------------
Total epoch time: 259.259

New epoch - lr: 0.003
[1/62 iteration of epoch 13/50] 
 {loss} cls : 0.012, total : 0.012 
 {acc} cls : 100.00
[31/62 iteration of epoch 13/50] 
 {loss} cls : 0.079, total : 0.079 
 {acc} cls : 97.66
[61/62 iteration of epoch 13/50] 
 {loss} cls : 0.043, total : 0.043 
 {acc} cls : 99.22
------------------------------
<Losses on train> cls : 0.041, total : 0.041
<Accuracies on train> cls : 99.08
Train epoch time: 25.499
------------------------------
<Accuracies on val> class : 91.87
------------------------------
<Accuracies on test> class : 51.64
------------------------------
<Accuracies on Art> test class : 39.43
------------------------------
<Accuracies on Clipart> test class : 44.74
------------------------------
<Accuracies on Real_World> test class : 65.34
------------------------------
Total epoch time: 260.077

New epoch - lr: 0.003
[1/62 iteration of epoch 14/50] 
 {loss} cls : 0.022, total : 0.022 
 {acc} cls : 100.00
[31/62 iteration of epoch 14/50] 
 {loss} cls : 0.027, total : 0.027 
 {acc} cls : 100.00
[61/62 iteration of epoch 14/50] 
 {loss} cls : 0.024, total : 0.024 
 {acc} cls : 99.22
------------------------------
<Losses on train> cls : 0.043, total : 0.043
<Accuracies on train> cls : 99.08
Train epoch time: 24.444
------------------------------
<Accuracies on val> class : 90.29
------------------------------
<Accuracies on test> class : 52.45
------------------------------
<Accuracies on Art> test class : 41.08
------------------------------
<Accuracies on Clipart> test class : 44.51
------------------------------
<Accuracies on Real_World> test class : 66.74
------------------------------
Total epoch time: 258.240

New epoch - lr: 0.003
[1/62 iteration of epoch 15/50] 
 {loss} cls : 0.020, total : 0.020 
 {acc} cls : 100.00
[31/62 iteration of epoch 15/50] 
 {loss} cls : 0.060, total : 0.060 
 {acc} cls : 99.22
[61/62 iteration of epoch 15/50] 
 {loss} cls : 0.064, total : 0.064 
 {acc} cls : 98.44
------------------------------
<Losses on train> cls : 0.040, total : 0.040
<Accuracies on train> cls : 99.16
Train epoch time: 24.964
------------------------------
<Accuracies on val> class : 91.20
------------------------------
<Accuracies on test> class : 51.91
------------------------------
<Accuracies on Art> test class : 40.30
------------------------------
<Accuracies on Clipart> test class : 44.51
------------------------------
<Accuracies on Real_World> test class : 65.78
------------------------------
Total epoch time: 256.045

New epoch - lr: 0.003
[1/62 iteration of epoch 16/50] 
 {loss} cls : 0.015, total : 0.015 
 {acc} cls : 100.00
[31/62 iteration of epoch 16/50] 
 {loss} cls : 0.020, total : 0.020 
 {acc} cls : 100.00
[61/62 iteration of epoch 16/50] 
 {loss} cls : 0.043, total : 0.043 
 {acc} cls : 99.22
------------------------------
<Losses on train> cls : 0.038, total : 0.038
<Accuracies on train> cls : 99.11
Train epoch time: 24.586
------------------------------
<Accuracies on val> class : 90.97
------------------------------
<Accuracies on test> class : 52.46
------------------------------
<Accuracies on Art> test class : 40.59
------------------------------
<Accuracies on Clipart> test class : 44.74
------------------------------
<Accuracies on Real_World> test class : 66.81
------------------------------
Total epoch time: 257.294

New epoch - lr: 0.003
[1/62 iteration of epoch 17/50] 
 {loss} cls : 0.012, total : 0.012 
 {acc} cls : 100.00
[31/62 iteration of epoch 17/50] 
 {loss} cls : 0.102, total : 0.102 
 {acc} cls : 96.88
[61/62 iteration of epoch 17/50] 
 {loss} cls : 0.018, total : 0.018 
 {acc} cls : 100.00
------------------------------
<Losses on train> cls : 0.032, total : 0.032
<Accuracies on train> cls : 99.26
Train epoch time: 25.474
------------------------------
<Accuracies on val> class : 92.10
------------------------------
<Accuracies on test> class : 52.19
------------------------------
<Accuracies on Art> test class : 41.33
------------------------------
<Accuracies on Clipart> test class : 44.33
------------------------------
<Accuracies on Real_World> test class : 66.12
------------------------------
Total epoch time: 257.212

New epoch - lr: 0.003
[1/62 iteration of epoch 18/50] 
 {loss} cls : 0.059, total : 0.059 
 {acc} cls : 98.44
[31/62 iteration of epoch 18/50] 
 {loss} cls : 0.034, total : 0.034 
 {acc} cls : 98.44
[61/62 iteration of epoch 18/50] 
 {loss} cls : 0.032, total : 0.032 
 {acc} cls : 99.22
------------------------------
<Losses on train> cls : 0.037, total : 0.037
<Accuracies on train> cls : 99.02
Train epoch time: 24.684
------------------------------
<Accuracies on val> class : 91.20
------------------------------
<Accuracies on test> class : 51.72
------------------------------
<Accuracies on Art> test class : 39.64
------------------------------
<Accuracies on Clipart> test class : 44.42
------------------------------
<Accuracies on Real_World> test class : 65.76
------------------------------
Total epoch time: 260.314

New epoch - lr: 0.003
[1/62 iteration of epoch 19/50] 
 {loss} cls : 0.028, total : 0.028 
 {acc} cls : 97.66
[31/62 iteration of epoch 19/50] 
 {loss} cls : 0.049, total : 0.049 
 {acc} cls : 98.44
[61/62 iteration of epoch 19/50] 
 {loss} cls : 0.069, total : 0.069 
 {acc} cls : 97.66
------------------------------
<Losses on train> cls : 0.029, total : 0.029
<Accuracies on train> cls : 99.33
Train epoch time: 23.775
------------------------------
<Accuracies on val> class : 92.10
------------------------------
<Accuracies on test> class : 52.00
------------------------------
<Accuracies on Art> test class : 40.71
------------------------------
<Accuracies on Clipart> test class : 45.04
------------------------------
<Accuracies on Real_World> test class : 65.27
------------------------------
Total epoch time: 257.077

New epoch - lr: 0.003
[1/62 iteration of epoch 20/50] 
 {loss} cls : 0.009, total : 0.009 
 {acc} cls : 100.00
[31/62 iteration of epoch 20/50] 
 {loss} cls : 0.021, total : 0.021 
 {acc} cls : 99.22
[61/62 iteration of epoch 20/50] 
 {loss} cls : 0.032, total : 0.032 
 {acc} cls : 98.44
------------------------------
<Losses on train> cls : 0.027, total : 0.027
<Accuracies on train> cls : 99.40
Train epoch time: 23.722
------------------------------
<Accuracies on val> class : 90.97
------------------------------
<Accuracies on test> class : 52.09
------------------------------
<Accuracies on Art> test class : 41.16
------------------------------
<Accuracies on Clipart> test class : 44.88
------------------------------
<Accuracies on Real_World> test class : 65.39
------------------------------
Total epoch time: 255.429

New epoch - lr: 0.003
[1/62 iteration of epoch 21/50] 
 {loss} cls : 0.010, total : 0.010 
 {acc} cls : 100.00
[31/62 iteration of epoch 21/50] 
 {loss} cls : 0.039, total : 0.039 
 {acc} cls : 99.22
[61/62 iteration of epoch 21/50] 
 {loss} cls : 0.014, total : 0.014 
 {acc} cls : 100.00
------------------------------
<Losses on train> cls : 0.025, total : 0.025
<Accuracies on train> cls : 99.43
Train epoch time: 24.671
------------------------------
<Accuracies on val> class : 92.33
------------------------------
<Accuracies on test> class : 52.69
------------------------------
<Accuracies on Art> test class : 41.24
------------------------------
<Accuracies on Clipart> test class : 45.73
------------------------------
<Accuracies on Real_World> test class : 66.03
------------------------------
Total epoch time: 255.678

New epoch - lr: 0.003
[1/62 iteration of epoch 22/50] 
 {loss} cls : 0.013, total : 0.013 
 {acc} cls : 100.00
[31/62 iteration of epoch 22/50] 
 {loss} cls : 0.072, total : 0.072 
 {acc} cls : 97.66
[61/62 iteration of epoch 22/50] 
 {loss} cls : 0.007, total : 0.007 
 {acc} cls : 100.00
------------------------------
<Losses on train> cls : 0.025, total : 0.025
<Accuracies on train> cls : 99.38
Train epoch time: 24.492
------------------------------
<Accuracies on val> class : 91.42
------------------------------
<Accuracies on test> class : 53.01
------------------------------
<Accuracies on Art> test class : 42.07
------------------------------
<Accuracies on Clipart> test class : 46.19
------------------------------
<Accuracies on Real_World> test class : 65.94
------------------------------
Total epoch time: 254.424

New epoch - lr: 0.003
[1/62 iteration of epoch 23/50] 
 {loss} cls : 0.014, total : 0.014 
 {acc} cls : 100.00
[31/62 iteration of epoch 23/50] 
 {loss} cls : 0.010, total : 0.010 
 {acc} cls : 100.00
[61/62 iteration of epoch 23/50] 
 {loss} cls : 0.008, total : 0.008 
 {acc} cls : 100.00
------------------------------
<Losses on train> cls : 0.022, total : 0.022
<Accuracies on train> cls : 99.46
Train epoch time: 24.526
------------------------------
<Accuracies on val> class : 92.10
------------------------------
<Accuracies on test> class : 52.38
------------------------------
<Accuracies on Art> test class : 40.67
------------------------------
<Accuracies on Clipart> test class : 45.04
------------------------------
<Accuracies on Real_World> test class : 66.26
------------------------------
Total epoch time: 259.213

New epoch - lr: 0.003
[1/62 iteration of epoch 24/50] 
 {loss} cls : 0.026, total : 0.026 
 {acc} cls : 99.22
[31/62 iteration of epoch 24/50] 
 {loss} cls : 0.013, total : 0.013 
 {acc} cls : 100.00
[61/62 iteration of epoch 24/50] 
 {loss} cls : 0.008, total : 0.008 
 {acc} cls : 100.00
------------------------------
<Losses on train> cls : 0.020, total : 0.020
<Accuracies on train> cls : 99.52
Train epoch time: 24.487
------------------------------
<Accuracies on val> class : 92.33
------------------------------
<Accuracies on test> class : 52.51
------------------------------
<Accuracies on Art> test class : 41.57
------------------------------
<Accuracies on Clipart> test class : 45.57
------------------------------
<Accuracies on Real_World> test class : 65.55
------------------------------
Total epoch time: 258.617

New epoch - lr: 0.003
[1/62 iteration of epoch 25/50] 
 {loss} cls : 0.019, total : 0.019 
 {acc} cls : 100.00
[31/62 iteration of epoch 25/50] 
 {loss} cls : 0.020, total : 0.020 
 {acc} cls : 98.44
[61/62 iteration of epoch 25/50] 
 {loss} cls : 0.007, total : 0.007 
 {acc} cls : 100.00
------------------------------
<Losses on train> cls : 0.025, total : 0.025
<Accuracies on train> cls : 99.47
Train epoch time: 24.659
------------------------------
<Accuracies on val> class : 92.78
------------------------------
<Accuracies on test> class : 53.41
------------------------------
<Accuracies on Art> test class : 42.48
------------------------------
<Accuracies on Clipart> test class : 46.39
------------------------------
<Accuracies on Real_World> test class : 66.54
------------------------------
Total epoch time: 260.206

New epoch - lr: 0.003
[1/62 iteration of epoch 26/50] 
 {loss} cls : 0.045, total : 0.045 
 {acc} cls : 99.22
[31/62 iteration of epoch 26/50] 
 {loss} cls : 0.012, total : 0.012 
 {acc} cls : 100.00
[61/62 iteration of epoch 26/50] 
 {loss} cls : 0.009, total : 0.009 
 {acc} cls : 100.00
------------------------------
<Losses on train> cls : 0.017, total : 0.017
<Accuracies on train> cls : 99.58
Train epoch time: 25.872
------------------------------
<Accuracies on val> class : 92.55
------------------------------
<Accuracies on test> class : 52.75
------------------------------
<Accuracies on Art> test class : 41.82
------------------------------
<Accuracies on Clipart> test class : 45.50
------------------------------
<Accuracies on Real_World> test class : 66.10
------------------------------
Total epoch time: 254.135

New epoch - lr: 0.003
[1/62 iteration of epoch 27/50] 
 {loss} cls : 0.010, total : 0.010 
 {acc} cls : 100.00
[31/62 iteration of epoch 27/50] 
 {loss} cls : 0.009, total : 0.009 
 {acc} cls : 100.00
[61/62 iteration of epoch 27/50] 
 {loss} cls : 0.007, total : 0.007 
 {acc} cls : 100.00
------------------------------
<Losses on train> cls : 0.018, total : 0.018
<Accuracies on train> cls : 99.56
Train epoch time: 23.450
------------------------------
<Accuracies on val> class : 91.42
------------------------------
<Accuracies on test> class : 52.73
------------------------------
<Accuracies on Art> test class : 41.86
------------------------------
<Accuracies on Clipart> test class : 45.11
------------------------------
<Accuracies on Real_World> test class : 66.42
------------------------------
Total epoch time: 257.113

New epoch - lr: 0.003
[1/62 iteration of epoch 28/50] 
 {loss} cls : 0.026, total : 0.026 
 {acc} cls : 98.44
[31/62 iteration of epoch 28/50] 
 {loss} cls : 0.015, total : 0.015 
 {acc} cls : 100.00
[61/62 iteration of epoch 28/50] 
 {loss} cls : 0.011, total : 0.011 
 {acc} cls : 100.00
------------------------------
<Losses on train> cls : 0.021, total : 0.021
<Accuracies on train> cls : 99.52
Train epoch time: 25.815
------------------------------
<Accuracies on val> class : 91.65
------------------------------
<Accuracies on test> class : 52.99
------------------------------
<Accuracies on Art> test class : 42.77
------------------------------
<Accuracies on Clipart> test class : 45.54
------------------------------
<Accuracies on Real_World> test class : 66.15
------------------------------
Total epoch time: 254.423

New epoch - lr: 0.003
[1/62 iteration of epoch 29/50] 
 {loss} cls : 0.028, total : 0.028 
 {acc} cls : 98.44
[31/62 iteration of epoch 29/50] 
 {loss} cls : 0.022, total : 0.022 
 {acc} cls : 99.22
[61/62 iteration of epoch 29/50] 
 {loss} cls : 0.008, total : 0.008 
 {acc} cls : 100.00
------------------------------
<Losses on train> cls : 0.024, total : 0.024
<Accuracies on train> cls : 99.46
Train epoch time: 25.217
------------------------------
<Accuracies on val> class : 92.55
------------------------------
<Accuracies on test> class : 53.13
------------------------------
<Accuracies on Art> test class : 41.62
------------------------------
<Accuracies on Clipart> test class : 46.23
------------------------------
<Accuracies on Real_World> test class : 66.47
------------------------------
Total epoch time: 254.807

New epoch - lr: 0.003
[1/62 iteration of epoch 30/50] 
 {loss} cls : 0.006, total : 0.006 
 {acc} cls : 100.00
[31/62 iteration of epoch 30/50] 
 {loss} cls : 0.048, total : 0.048 
 {acc} cls : 97.66
[61/62 iteration of epoch 30/50] 
 {loss} cls : 0.009, total : 0.009 
 {acc} cls : 100.00
------------------------------
<Losses on train> cls : 0.018, total : 0.018
<Accuracies on train> cls : 99.56
Train epoch time: 24.626
------------------------------
<Accuracies on val> class : 92.33
------------------------------
<Accuracies on test> class : 52.60
------------------------------
<Accuracies on Art> test class : 41.90
------------------------------
<Accuracies on Clipart> test class : 45.66
------------------------------
<Accuracies on Real_World> test class : 65.50
------------------------------
Total epoch time: 259.446

New epoch - lr: 0.003
[1/62 iteration of epoch 31/50] 
 {loss} cls : 0.033, total : 0.033 
 {acc} cls : 98.44
[31/62 iteration of epoch 31/50] 
 {loss} cls : 0.033, total : 0.033 
 {acc} cls : 97.66
[61/62 iteration of epoch 31/50] 
 {loss} cls : 0.005, total : 0.005 
 {acc} cls : 100.00
------------------------------
<Losses on train> cls : 0.020, total : 0.020
<Accuracies on train> cls : 99.52
Train epoch time: 25.230
------------------------------
<Accuracies on val> class : 92.33
------------------------------
<Accuracies on test> class : 52.12
------------------------------
<Accuracies on Art> test class : 41.12
------------------------------
<Accuracies on Clipart> test class : 45.25
------------------------------
<Accuracies on Real_World> test class : 65.14
------------------------------
Total epoch time: 253.160

New epoch - lr: 0.003
[1/62 iteration of epoch 32/50] 
 {loss} cls : 0.020, total : 0.020 
 {acc} cls : 100.00
[31/62 iteration of epoch 32/50] 
 {loss} cls : 0.006, total : 0.006 
 {acc} cls : 100.00
[61/62 iteration of epoch 32/50] 
 {loss} cls : 0.009, total : 0.009 
 {acc} cls : 100.00
------------------------------
<Losses on train> cls : 0.017, total : 0.017
<Accuracies on train> cls : 99.53
Train epoch time: 25.074
------------------------------
<Accuracies on val> class : 91.42
------------------------------
<Accuracies on test> class : 53.21
------------------------------
<Accuracies on Art> test class : 42.44
------------------------------
<Accuracies on Clipart> test class : 46.23
------------------------------
<Accuracies on Real_World> test class : 66.19
------------------------------
Total epoch time: 257.034

New epoch - lr: 0.003
[1/62 iteration of epoch 33/50] 
 {loss} cls : 0.016, total : 0.016 
 {acc} cls : 100.00
[31/62 iteration of epoch 33/50] 
 {loss} cls : 0.041, total : 0.041 
 {acc} cls : 98.44
[61/62 iteration of epoch 33/50] 
 {loss} cls : 0.011, total : 0.011 
 {acc} cls : 100.00
------------------------------
<Losses on train> cls : 0.019, total : 0.019
<Accuracies on train> cls : 99.47
Train epoch time: 24.970
------------------------------
<Accuracies on val> class : 92.55
------------------------------
<Accuracies on test> class : 53.02
------------------------------
<Accuracies on Art> test class : 42.89
------------------------------
<Accuracies on Clipart> test class : 45.64
------------------------------
<Accuracies on Real_World> test class : 66.05
------------------------------
Total epoch time: 256.012

New epoch - lr: 0.003
[1/62 iteration of epoch 34/50] 
 {loss} cls : 0.005, total : 0.005 
 {acc} cls : 100.00
[31/62 iteration of epoch 34/50] 
 {loss} cls : 0.005, total : 0.005 
 {acc} cls : 100.00
[61/62 iteration of epoch 34/50] 
 {loss} cls : 0.048, total : 0.048 
 {acc} cls : 98.44
------------------------------
<Losses on train> cls : 0.017, total : 0.017
<Accuracies on train> cls : 99.61
Train epoch time: 25.694
------------------------------
<Accuracies on val> class : 92.55
------------------------------
<Accuracies on test> class : 52.91
------------------------------
<Accuracies on Art> test class : 42.23
------------------------------
<Accuracies on Clipart> test class : 45.54
------------------------------
<Accuracies on Real_World> test class : 66.24
------------------------------
Total epoch time: 261.292

New epoch - lr: 0.003
[1/62 iteration of epoch 35/50] 
 {loss} cls : 0.007, total : 0.007 
 {acc} cls : 100.00
[31/62 iteration of epoch 35/50] 
 {loss} cls : 0.019, total : 0.019 
 {acc} cls : 100.00
[61/62 iteration of epoch 35/50] 
 {loss} cls : 0.009, total : 0.009 
 {acc} cls : 100.00
------------------------------
<Losses on train> cls : 0.015, total : 0.015
<Accuracies on train> cls : 99.63
Train epoch time: 26.898
------------------------------
<Accuracies on val> class : 92.55
------------------------------
<Accuracies on test> class : 52.68
------------------------------
<Accuracies on Art> test class : 41.29
------------------------------
<Accuracies on Clipart> test class : 45.48
------------------------------
<Accuracies on Real_World> test class : 66.24
------------------------------
Total epoch time: 257.618

New epoch - lr: 0.003
[1/62 iteration of epoch 36/50] 
 {loss} cls : 0.012, total : 0.012 
 {acc} cls : 100.00
[31/62 iteration of epoch 36/50] 
 {loss} cls : 0.046, total : 0.046 
 {acc} cls : 99.22
[61/62 iteration of epoch 36/50] 
 {loss} cls : 0.004, total : 0.004 
 {acc} cls : 100.00
------------------------------
<Losses on train> cls : 0.018, total : 0.018
<Accuracies on train> cls : 99.61
Train epoch time: 26.484
------------------------------
<Accuracies on val> class : 92.78
------------------------------
<Accuracies on test> class : 53.03
------------------------------
<Accuracies on Art> test class : 41.74
------------------------------
<Accuracies on Clipart> test class : 46.39
------------------------------
<Accuracies on Real_World> test class : 65.96
------------------------------
Total epoch time: 258.321

New epoch - lr: 0.003
[1/62 iteration of epoch 37/50] 
 {loss} cls : 0.016, total : 0.016 
 {acc} cls : 100.00
[31/62 iteration of epoch 37/50] 
 {loss} cls : 0.003, total : 0.003 
 {acc} cls : 100.00
[61/62 iteration of epoch 37/50] 
 {loss} cls : 0.010, total : 0.010 
 {acc} cls : 100.00
------------------------------
<Losses on train> cls : 0.015, total : 0.015
<Accuracies on train> cls : 99.63
Train epoch time: 25.769
------------------------------
<Accuracies on val> class : 92.33
------------------------------
<Accuracies on test> class : 52.63
------------------------------
<Accuracies on Art> test class : 41.24
------------------------------
<Accuracies on Clipart> test class : 45.52
------------------------------
<Accuracies on Real_World> test class : 66.10
------------------------------
Total epoch time: 254.282

New epoch - lr: 0.003
[1/62 iteration of epoch 38/50] 
 {loss} cls : 0.003, total : 0.003 
 {acc} cls : 100.00
[31/62 iteration of epoch 38/50] 
 {loss} cls : 0.050, total : 0.050 
 {acc} cls : 98.44
[61/62 iteration of epoch 38/50] 
 {loss} cls : 0.064, total : 0.064 
 {acc} cls : 98.44
------------------------------
<Losses on train> cls : 0.017, total : 0.017
<Accuracies on train> cls : 99.61
Train epoch time: 25.534
------------------------------
<Accuracies on val> class : 91.65
------------------------------
<Accuracies on test> class : 53.33
------------------------------
<Accuracies on Art> test class : 41.94
------------------------------
<Accuracies on Clipart> test class : 46.03
------------------------------
<Accuracies on Real_World> test class : 67.00
------------------------------
Total epoch time: 256.532

New epoch - lr: 0.003
[1/62 iteration of epoch 39/50] 
 {loss} cls : 0.005, total : 0.005 
 {acc} cls : 100.00
[31/62 iteration of epoch 39/50] 
 {loss} cls : 0.011, total : 0.011 
 {acc} cls : 100.00
[61/62 iteration of epoch 39/50] 
 {loss} cls : 0.010, total : 0.010 
 {acc} cls : 100.00
------------------------------
<Losses on train> cls : 0.013, total : 0.013
<Accuracies on train> cls : 99.67
Train epoch time: 25.605
------------------------------
<Accuracies on val> class : 93.00
------------------------------
<Accuracies on test> class : 52.69
------------------------------
<Accuracies on Art> test class : 41.20
------------------------------
<Accuracies on Clipart> test class : 45.34
------------------------------
<Accuracies on Real_World> test class : 66.44
------------------------------
Total epoch time: 255.408

New epoch - lr: 0.003
[1/62 iteration of epoch 40/50] 
 {loss} cls : 0.006, total : 0.006 
 {acc} cls : 100.00
[31/62 iteration of epoch 40/50] 
 {loss} cls : 0.004, total : 0.004 
 {acc} cls : 100.00
[61/62 iteration of epoch 40/50] 
 {loss} cls : 0.016, total : 0.016 
 {acc} cls : 99.22
------------------------------
<Losses on train> cls : 0.015, total : 0.015
<Accuracies on train> cls : 99.57
Train epoch time: 24.820
------------------------------
<Accuracies on val> class : 92.10
------------------------------
<Accuracies on test> class : 52.91
------------------------------
<Accuracies on Art> test class : 41.90
------------------------------
<Accuracies on Clipart> test class : 45.75
------------------------------
<Accuracies on Real_World> test class : 66.22
------------------------------
Total epoch time: 252.670

New epoch - lr: 0.003
[1/62 iteration of epoch 41/50] 
 {loss} cls : 0.029, total : 0.029 
 {acc} cls : 98.44
[31/62 iteration of epoch 41/50] 
 {loss} cls : 0.006, total : 0.006 
 {acc} cls : 100.00
[61/62 iteration of epoch 41/50] 
 {loss} cls : 0.006, total : 0.006 
 {acc} cls : 100.00
------------------------------
<Losses on train> cls : 0.014, total : 0.014
<Accuracies on train> cls : 99.62
Train epoch time: 24.253
------------------------------
<Accuracies on val> class : 91.42
------------------------------
<Accuracies on test> class : 53.30
------------------------------
<Accuracies on Art> test class : 42.69
------------------------------
<Accuracies on Clipart> test class : 45.73
------------------------------
<Accuracies on Real_World> test class : 66.79
------------------------------
Total epoch time: 256.864

New epoch - lr: 0.003
[1/62 iteration of epoch 42/50] 
 {loss} cls : 0.011, total : 0.011 
 {acc} cls : 100.00
[31/62 iteration of epoch 42/50] 
 {loss} cls : 0.032, total : 0.032 
 {acc} cls : 98.44
[61/62 iteration of epoch 42/50] 
 {loss} cls : 0.005, total : 0.005 
 {acc} cls : 100.00
------------------------------
<Losses on train> cls : 0.020, total : 0.020
<Accuracies on train> cls : 99.52
Train epoch time: 24.447
------------------------------
<Accuracies on val> class : 92.55
------------------------------
<Accuracies on test> class : 52.98
------------------------------
<Accuracies on Art> test class : 41.90
------------------------------
<Accuracies on Clipart> test class : 46.12
------------------------------
<Accuracies on Real_World> test class : 66.03
------------------------------
Total epoch time: 268.875

New epoch - lr: 0.003
[1/62 iteration of epoch 43/50] 
 {loss} cls : 0.013, total : 0.013 
 {acc} cls : 100.00
[31/62 iteration of epoch 43/50] 
 {loss} cls : 0.016, total : 0.016 
 {acc} cls : 99.22
[61/62 iteration of epoch 43/50] 
 {loss} cls : 0.018, total : 0.018 
 {acc} cls : 100.00
------------------------------
<Losses on train> cls : 0.016, total : 0.016
<Accuracies on train> cls : 99.63
Train epoch time: 26.215
------------------------------
<Accuracies on val> class : 92.10
------------------------------
<Accuracies on test> class : 52.64
------------------------------
<Accuracies on Art> test class : 41.78
------------------------------
<Accuracies on Clipart> test class : 45.38
------------------------------
<Accuracies on Real_World> test class : 65.96
------------------------------
Total epoch time: 273.004

New epoch - lr: 0.003
[1/62 iteration of epoch 44/50] 
 {loss} cls : 0.036, total : 0.036 
 {acc} cls : 98.44
[31/62 iteration of epoch 44/50] 
 {loss} cls : 0.007, total : 0.007 
 {acc} cls : 100.00
[61/62 iteration of epoch 44/50] 
 {loss} cls : 0.009, total : 0.009 
 {acc} cls : 100.00
------------------------------
<Losses on train> cls : 0.015, total : 0.015
<Accuracies on train> cls : 99.56
Train epoch time: 25.957
------------------------------
<Accuracies on val> class : 92.10
------------------------------
<Accuracies on test> class : 53.60
------------------------------
<Accuracies on Art> test class : 43.30
------------------------------
<Accuracies on Clipart> test class : 46.21
------------------------------
<Accuracies on Real_World> test class : 66.74
------------------------------
Total epoch time: 273.256

New epoch - lr: 0.0009000000000000002
[1/62 iteration of epoch 45/50] 
 {loss} cls : 0.005, total : 0.005 
 {acc} cls : 100.00
[31/62 iteration of epoch 45/50] 
 {loss} cls : 0.018, total : 0.018 
 {acc} cls : 99.22
[61/62 iteration of epoch 45/50] 
 {loss} cls : 0.007, total : 0.007 
 {acc} cls : 100.00
------------------------------
<Losses on train> cls : 0.014, total : 0.014
<Accuracies on train> cls : 99.63
Train epoch time: 25.552
------------------------------
<Accuracies on val> class : 92.10
------------------------------
<Accuracies on test> class : 53.59
------------------------------
<Accuracies on Art> test class : 43.43
------------------------------
<Accuracies on Clipart> test class : 46.25
------------------------------
<Accuracies on Real_World> test class : 66.61
------------------------------
Total epoch time: 271.387

New epoch - lr: 0.0009000000000000002
[1/62 iteration of epoch 46/50] 
 {loss} cls : 0.005, total : 0.005 
 {acc} cls : 100.00
[31/62 iteration of epoch 46/50] 
 {loss} cls : 0.006, total : 0.006 
 {acc} cls : 100.00
[61/62 iteration of epoch 46/50] 
 {loss} cls : 0.041, total : 0.041 
 {acc} cls : 98.44
------------------------------
<Losses on train> cls : 0.012, total : 0.012
<Accuracies on train> cls : 99.68
Train epoch time: 26.649
------------------------------
<Accuracies on val> class : 92.10
------------------------------
<Accuracies on test> class : 53.08
------------------------------
<Accuracies on Art> test class : 42.52
------------------------------
<Accuracies on Clipart> test class : 46.00
------------------------------
<Accuracies on Real_World> test class : 66.05
------------------------------
Total epoch time: 271.351

New epoch - lr: 0.0009000000000000002
[1/62 iteration of epoch 47/50] 
 {loss} cls : 0.004, total : 0.004 
 {acc} cls : 100.00
[31/62 iteration of epoch 47/50] 
 {loss} cls : 0.018, total : 0.018 
 {acc} cls : 99.22
[61/62 iteration of epoch 47/50] 
 {loss} cls : 0.006, total : 0.006 
 {acc} cls : 100.00
------------------------------
<Losses on train> cls : 0.011, total : 0.011
<Accuracies on train> cls : 99.66
Train epoch time: 28.342
------------------------------
<Accuracies on val> class : 92.78
------------------------------
<Accuracies on test> class : 53.69
------------------------------
<Accuracies on Art> test class : 43.39
------------------------------
<Accuracies on Clipart> test class : 46.25
------------------------------
<Accuracies on Real_World> test class : 66.88
------------------------------
Total epoch time: 271.130

New epoch - lr: 0.0009000000000000002
[1/62 iteration of epoch 48/50] 
 {loss} cls : 0.005, total : 0.005 
 {acc} cls : 100.00
[31/62 iteration of epoch 48/50] 
 {loss} cls : 0.023, total : 0.023 
 {acc} cls : 99.22
[61/62 iteration of epoch 48/50] 
 {loss} cls : 0.020, total : 0.020 
 {acc} cls : 98.44
------------------------------
<Losses on train> cls : 0.012, total : 0.012
<Accuracies on train> cls : 99.70
Train epoch time: 32.900
------------------------------
<Accuracies on val> class : 92.33
------------------------------
<Accuracies on test> class : 53.19
------------------------------
<Accuracies on Art> test class : 42.15
------------------------------
<Accuracies on Clipart> test class : 45.86
------------------------------
<Accuracies on Real_World> test class : 66.67
------------------------------
Total epoch time: 277.194

New epoch - lr: 0.0009000000000000002
[1/62 iteration of epoch 49/50] 
 {loss} cls : 0.007, total : 0.007 
 {acc} cls : 100.00
[31/62 iteration of epoch 49/50] 
 {loss} cls : 0.003, total : 0.003 
 {acc} cls : 100.00
[61/62 iteration of epoch 49/50] 
 {loss} cls : 0.003, total : 0.003 
 {acc} cls : 100.00
------------------------------
<Losses on train> cls : 0.010, total : 0.010
<Accuracies on train> cls : 99.71
Train epoch time: 27.218
------------------------------
<Accuracies on val> class : 92.55
------------------------------
<Accuracies on test> class : 53.31
------------------------------
<Accuracies on Art> test class : 42.97
------------------------------
<Accuracies on Clipart> test class : 46.00
------------------------------
<Accuracies on Real_World> test class : 66.40
------------------------------
Total epoch time: 277.325

New epoch - lr: 0.0009000000000000002
[1/62 iteration of epoch 50/50] 
 {loss} cls : 0.005, total : 0.005 
 {acc} cls : 100.00
[31/62 iteration of epoch 50/50] 
 {loss} cls : 0.022, total : 0.022 
 {acc} cls : 98.44
[61/62 iteration of epoch 50/50] 
 {loss} cls : 0.045, total : 0.045 
 {acc} cls : 98.44
------------------------------
<Losses on train> cls : 0.012, total : 0.012
<Accuracies on train> cls : 99.61
Train epoch time: 26.665
------------------------------
<Accuracies on val> class : 92.33
------------------------------
<Accuracies on test> class : 53.54
------------------------------
<Accuracies on Art> test class : 42.73
------------------------------
<Accuracies on Clipart> test class : 46.23
------------------------------
<Accuracies on Real_World> test class : 66.88
------------------------------
Total epoch time: 274.899

******************************
Best val 0.930023, corresponding test 0.526863 - best test: 0.536909

******************************
Best val 0.9300225973129272, corresponding Art test 0.4120313227176666

******************************
Best val 0.9300225973129272, corresponding Clipart test 0.45337915420532227

******************************
Best val 0.9300225973129272, corresponding Real_World test 0.6644480228424072
