Exclude CIRL
WARNING:tensorflow:From /homes/55/jianhaoy/projects/EKI/utils/tf_logger.py:16: The name tf.summary.FileWriter is deprecated. Please use tf.compat.v1.summary.FileWriter instead.

WARNING:tensorflow:From /homes/55/jianhaoy/projects/EKI/utils/tf_logger.py:20: The name tf.Summary is deprecated. Please use tf.compat.v1.Summary instead.


Loading experiment PACS/ResNet18_multi

Train: ['/datasets/jianhaoy/PACSC/multi_labels/art_painting-sketch/photo_train.txt', '/datasets/jianhaoy/PACSC/multi_labels/art_painting-sketch/cartoon_train.txt', '/datasets/jianhaoy/PACSC/multi_labels/art_painting-sketch/art_painting_train.txt']

New epoch - lr: 0.001
[1/86 iteration of epoch 1/50] 
 {loss} sup : 1.996, inf : 2.135, fac : 0.158, total : 2.071 
 {acc} sup : 19.92, inf : 13.67
[31/86 iteration of epoch 1/50] 
 {loss} sup : 0.542, inf : 0.499, fac : 0.141, total : 0.525 
 {acc} sup : 83.98, inf : 86.33
[61/86 iteration of epoch 1/50] 
 {loss} sup : 0.333, inf : 0.340, fac : 0.094, total : 0.339 
 {acc} sup : 91.02, inf : 91.02
------------------------------
<Losses on train> sup : 0.646, inf : 0.655, fac : 0.124, total : 0.655
<Accuracies on train> sup : 80.12, inf : 79.29
Train epoch time: 334.681
------------------------------
<Accuracies on val> class : 83.93
------------------------------
<Accuracies on test> class : 57.42
------------------------------
Total epoch time: 344.977

New epoch - lr: 0.001
[1/86 iteration of epoch 2/50] 
 {loss} sup : 0.253, inf : 0.239, fac : 0.090, total : 0.264 
 {acc} sup : 91.02, inf : 91.80
[31/86 iteration of epoch 2/50] 
 {loss} sup : 0.190, inf : 0.190, fac : 0.076, total : 0.205 
 {acc} sup : 92.58, inf : 94.92
[61/86 iteration of epoch 2/50] 
 {loss} sup : 0.178, inf : 0.187, fac : 0.087, total : 0.200 
 {acc} sup : 94.92, inf : 94.92
------------------------------
<Losses on train> sup : 0.216, inf : 0.216, fac : 0.082, total : 0.233
<Accuracies on train> sup : 93.18, inf : 93.12
Train epoch time: 335.925
------------------------------
<Accuracies on val> class : 85.23
------------------------------
<Accuracies on test> class : 63.53
------------------------------
Total epoch time: 347.746

New epoch - lr: 0.001
[1/86 iteration of epoch 3/50] 
 {loss} sup : 0.199, inf : 0.203, fac : 0.086, total : 0.272 
 {acc} sup : 94.53, inf : 94.92
[31/86 iteration of epoch 3/50] 
 {loss} sup : 0.132, inf : 0.132, fac : 0.062, total : 0.183 
 {acc} sup : 94.14, inf : 94.53
[61/86 iteration of epoch 3/50] 
 {loss} sup : 0.181, inf : 0.177, fac : 0.074, total : 0.240 
 {acc} sup : 93.75, inf : 94.53
------------------------------
<Losses on train> sup : 0.160, inf : 0.159, fac : 0.060, total : 0.209
<Accuracies on train> sup : 94.91, inf : 94.79
Train epoch time: 333.078
------------------------------
<Accuracies on val> class : 87.66
------------------------------
<Accuracies on test> class : 67.01
------------------------------
Total epoch time: 344.804

New epoch - lr: 0.001
[1/86 iteration of epoch 4/50] 
 {loss} sup : 0.113, inf : 0.112, fac : 0.051, total : 0.227 
 {acc} sup : 96.48, inf : 96.09
[31/86 iteration of epoch 4/50] 
 {loss} sup : 0.092, inf : 0.092, fac : 0.031, total : 0.162 
 {acc} sup : 98.05, inf : 97.66
[61/86 iteration of epoch 4/50] 
 {loss} sup : 0.103, inf : 0.100, fac : 0.032, total : 0.174 
 {acc} sup : 96.09, inf : 96.88
------------------------------
<Losses on train> sup : 0.127, inf : 0.127, fac : 0.042, total : 0.221
<Accuracies on train> sup : 96.03, inf : 96.03
Train epoch time: 337.378
------------------------------
<Accuracies on val> class : 89.61
------------------------------
<Accuracies on test> class : 69.48
------------------------------
Total epoch time: 348.237

New epoch - lr: 0.001
[1/86 iteration of epoch 5/50] 
 {loss} sup : 0.112, inf : 0.110, fac : 0.029, total : 0.231 
 {acc} sup : 96.09, inf : 95.70
[31/86 iteration of epoch 5/50] 
 {loss} sup : 0.139, inf : 0.137, fac : 0.038, total : 0.294 
 {acc} sup : 96.88, inf : 96.09
[61/86 iteration of epoch 5/50] 
 {loss} sup : 0.067, inf : 0.067, fac : 0.025, total : 0.171 
 {acc} sup : 97.27, inf : 96.88
------------------------------
<Losses on train> sup : 0.111, inf : 0.111, fac : 0.025, total : 0.214
<Accuracies on train> sup : 96.43, inf : 96.35
Train epoch time: 340.746
------------------------------
<Accuracies on val> class : 89.12
------------------------------
<Accuracies on test> class : 72.87
------------------------------
Total epoch time: 351.450

New epoch - lr: 0.001
[1/86 iteration of epoch 6/50] 
 {loss} sup : 0.127, inf : 0.120, fac : 0.027, total : 0.259 
 {acc} sup : 96.09, inf : 96.48
[31/86 iteration of epoch 6/50] 
 {loss} sup : 0.105, inf : 0.104, fac : 0.011, total : 0.160 
 {acc} sup : 95.70, inf : 95.70
[61/86 iteration of epoch 6/50] 
 {loss} sup : 0.074, inf : 0.069, fac : 0.012, total : 0.131 
 {acc} sup : 97.66, inf : 97.66
------------------------------
<Losses on train> sup : 0.095, inf : 0.095, fac : 0.017, total : 0.178
<Accuracies on train> sup : 96.82, inf : 96.85
Train epoch time: 335.624
------------------------------
<Accuracies on val> class : 89.45
------------------------------
<Accuracies on test> class : 73.99
------------------------------
Total epoch time: 347.115

New epoch - lr: 0.001
[1/86 iteration of epoch 7/50] 
 {loss} sup : 0.279, inf : 0.102, fac : 0.011, total : 0.244 
 {acc} sup : 96.09, inf : 98.44
[31/86 iteration of epoch 7/50] 
 {loss} sup : 0.285, inf : 0.162, fac : 0.015, total : 0.299 
 {acc} sup : 96.09, inf : 96.88
[61/86 iteration of epoch 7/50] 
 {loss} sup : 0.216, inf : 0.133, fac : 0.013, total : 0.238 
 {acc} sup : 95.70, inf : 96.88
------------------------------
<Losses on train> sup : 0.236, inf : 0.123, fac : 0.012, total : 0.239
<Accuracies on train> sup : 95.87, inf : 96.69
Train epoch time: 317.838
------------------------------
<Accuracies on val> class : 89.12
------------------------------
<Accuracies on test> class : 73.89
------------------------------
Total epoch time: 328.626

New epoch - lr: 0.001
[1/86 iteration of epoch 8/50] 
 {loss} sup : 0.132, inf : 0.064, fac : 0.009, total : 0.143 
 {acc} sup : 99.22, inf : 98.44
[31/86 iteration of epoch 8/50] 
 {loss} sup : 0.156, inf : 0.083, fac : 0.010, total : 0.169 
 {acc} sup : 97.27, inf : 97.66
[61/86 iteration of epoch 8/50] 
 {loss} sup : 0.163, inf : 0.091, fac : 0.011, total : 0.183 
 {acc} sup : 95.31, inf : 97.66
------------------------------
<Losses on train> sup : 0.167, inf : 0.101, fac : 0.010, total : 0.183
<Accuracies on train> sup : 96.38, inf : 96.90
Train epoch time: 333.940
------------------------------
<Accuracies on val> class : 88.47
------------------------------
<Accuracies on test> class : 75.06
------------------------------
Total epoch time: 344.816

New epoch - lr: 0.001
[1/86 iteration of epoch 9/50] 
 {loss} sup : 0.120, inf : 0.068, fac : 0.007, total : 0.127 
 {acc} sup : 96.88, inf : 98.05
[31/86 iteration of epoch 9/50] 
 {loss} sup : 0.111, inf : 0.056, fac : 0.005, total : 0.109 
 {acc} sup : 98.05, inf : 98.44
[61/86 iteration of epoch 9/50] 
 {loss} sup : 0.104, inf : 0.063, fac : 0.008, total : 0.123 
 {acc} sup : 98.44, inf : 98.44
------------------------------
<Losses on train> sup : 0.143, inf : 0.093, fac : 0.008, total : 0.159
<Accuracies on train> sup : 96.43, inf : 97.09
Train epoch time: 333.559
------------------------------
<Accuracies on val> class : 88.47
------------------------------
<Accuracies on test> class : 73.33
------------------------------
Total epoch time: 343.612

New epoch - lr: 0.001
[1/86 iteration of epoch 10/50] 
 {loss} sup : 0.080, inf : 0.041, fac : 0.006, total : 0.089 
 {acc} sup : 98.44, inf : 99.22
[31/86 iteration of epoch 10/50] 
 {loss} sup : 0.123, inf : 0.084, fac : 0.007, total : 0.137 
 {acc} sup : 96.48, inf : 98.05
[61/86 iteration of epoch 10/50] 
 {loss} sup : 0.151, inf : 0.121, fac : 0.005, total : 0.163 
 {acc} sup : 95.31, inf : 96.48
------------------------------
<Losses on train> sup : 0.124, inf : 0.083, fac : 0.007, total : 0.138
<Accuracies on train> sup : 96.66, inf : 97.39
Train epoch time: 328.704
------------------------------
<Accuracies on val> class : 89.61
------------------------------
<Accuracies on test> class : 73.91
------------------------------
Total epoch time: 339.384

New epoch - lr: 0.001
[1/86 iteration of epoch 11/50] 
 {loss} sup : 0.118, inf : 0.078, fac : 0.008, total : 0.139 
 {acc} sup : 96.88, inf : 97.27
[31/86 iteration of epoch 11/50] 
 {loss} sup : 0.104, inf : 0.074, fac : 0.005, total : 0.114 
 {acc} sup : 97.66, inf : 98.44
[61/86 iteration of epoch 11/50] 
 {loss} sup : 0.152, inf : 0.129, fac : 0.008, total : 0.182 
 {acc} sup : 94.53, inf : 94.53
------------------------------
<Losses on train> sup : 0.112, inf : 0.076, fac : 0.006, total : 0.125
<Accuracies on train> sup : 96.89, inf : 97.62
Train epoch time: 319.232
------------------------------
<Accuracies on val> class : 88.80
------------------------------
<Accuracies on test> class : 75.18
------------------------------
Total epoch time: 330.888

New epoch - lr: 0.001
[1/86 iteration of epoch 12/50] 
 {loss} sup : 0.085, inf : 0.054, fac : 0.005, total : 0.093 
 {acc} sup : 98.44, inf : 99.22
[31/86 iteration of epoch 12/50] 
 {loss} sup : 0.082, inf : 0.049, fac : 0.008, total : 0.105 
 {acc} sup : 98.05, inf : 98.05
[61/86 iteration of epoch 12/50] 
 {loss} sup : 0.078, inf : 0.049, fac : 0.004, total : 0.084 
 {acc} sup : 98.83, inf : 99.22
------------------------------
<Losses on train> sup : 0.103, inf : 0.073, fac : 0.006, total : 0.117
<Accuracies on train> sup : 97.23, inf : 97.64
Train epoch time: 315.423
------------------------------
<Accuracies on val> class : 89.45
------------------------------
<Accuracies on test> class : 74.88
------------------------------
Total epoch time: 326.171

New epoch - lr: 0.001
[1/86 iteration of epoch 13/50] 
 {loss} sup : 0.072, inf : 0.047, fac : 0.004, total : 0.081 
 {acc} sup : 98.05, inf : 98.44
[31/86 iteration of epoch 13/50] 
 {loss} sup : 0.065, inf : 0.038, fac : 0.004, total : 0.072 
 {acc} sup : 99.22, inf : 99.22
[61/86 iteration of epoch 13/50] 
 {loss} sup : 0.098, inf : 0.076, fac : 0.004, total : 0.109 
 {acc} sup : 97.27, inf : 97.66
------------------------------
<Losses on train> sup : 0.092, inf : 0.064, fac : 0.005, total : 0.105
<Accuracies on train> sup : 97.62, inf : 98.15
Train epoch time: 311.659
------------------------------
<Accuracies on val> class : 89.94
------------------------------
<Accuracies on test> class : 75.62
------------------------------
Total epoch time: 322.742

New epoch - lr: 0.001
[1/86 iteration of epoch 14/50] 
 {loss} sup : 0.099, inf : 0.055, fac : 0.005, total : 0.100 
 {acc} sup : 97.66, inf : 98.44
[31/86 iteration of epoch 14/50] 
 {loss} sup : 0.103, inf : 0.076, fac : 0.005, total : 0.115 
 {acc} sup : 97.66, inf : 98.05
[61/86 iteration of epoch 14/50] 
 {loss} sup : 0.061, inf : 0.044, fac : 0.006, total : 0.085 
 {acc} sup : 98.83, inf : 98.44
------------------------------
<Losses on train> sup : 0.082, inf : 0.058, fac : 0.005, total : 0.095
<Accuracies on train> sup : 97.84, inf : 98.29
Train epoch time: 325.891
------------------------------
<Accuracies on val> class : 89.77
------------------------------
<Accuracies on test> class : 74.32
------------------------------
Total epoch time: 335.311

New epoch - lr: 0.001
[1/86 iteration of epoch 15/50] 
 {loss} sup : 0.110, inf : 0.097, fac : 0.004, total : 0.122 
 {acc} sup : 96.88, inf : 97.66
[31/86 iteration of epoch 15/50] 
 {loss} sup : 0.106, inf : 0.072, fac : 0.005, total : 0.114 
 {acc} sup : 97.27, inf : 97.27
[61/86 iteration of epoch 15/50] 
 {loss} sup : 0.052, inf : 0.034, fac : 0.004, total : 0.063 
 {acc} sup : 99.22, inf : 99.22
------------------------------
<Losses on train> sup : 0.085, inf : 0.062, fac : 0.005, total : 0.096
<Accuracies on train> sup : 97.67, inf : 97.99
Train epoch time: 301.666
------------------------------
<Accuracies on val> class : 91.23
------------------------------
<Accuracies on test> class : 73.58
------------------------------
Total epoch time: 312.160

New epoch - lr: 0.001
[1/86 iteration of epoch 16/50] 
 {loss} sup : 0.057, inf : 0.034, fac : 0.006, total : 0.075 
 {acc} sup : 98.44, inf : 98.83
[31/86 iteration of epoch 16/50] 
 {loss} sup : 0.053, inf : 0.033, fac : 0.003, total : 0.059 
 {acc} sup : 98.44, inf : 99.22
[61/86 iteration of epoch 16/50] 
 {loss} sup : 0.086, inf : 0.058, fac : 0.007, total : 0.108 
 {acc} sup : 97.27, inf : 98.05
------------------------------
<Losses on train> sup : 0.076, inf : 0.054, fac : 0.005, total : 0.088
<Accuracies on train> sup : 97.99, inf : 98.30
Train epoch time: 303.292
------------------------------
<Accuracies on val> class : 90.91
------------------------------
<Accuracies on test> class : 74.42
------------------------------
Total epoch time: 313.772

New epoch - lr: 0.001
[1/86 iteration of epoch 17/50] 
 {loss} sup : 0.060, inf : 0.058, fac : 0.005, total : 0.085 
 {acc} sup : 98.83, inf : 97.27
[31/86 iteration of epoch 17/50] 
 {loss} sup : 0.092, inf : 0.065, fac : 0.004, total : 0.098 
 {acc} sup : 96.48, inf : 96.88
[61/86 iteration of epoch 17/50] 
 {loss} sup : 0.116, inf : 0.092, fac : 0.005, total : 0.130 
 {acc} sup : 96.09, inf : 96.48
------------------------------
<Losses on train> sup : 0.069, inf : 0.049, fac : 0.004, total : 0.081
<Accuracies on train> sup : 98.07, inf : 98.41
Train epoch time: 326.301
------------------------------
<Accuracies on val> class : 90.91
------------------------------
<Accuracies on test> class : 74.50
------------------------------
Total epoch time: 336.992

New epoch - lr: 0.001
[1/86 iteration of epoch 18/50] 
 {loss} sup : 0.038, inf : 0.012, fac : 0.003, total : 0.042 
 {acc} sup : 99.22, inf : 100.00
[31/86 iteration of epoch 18/50] 
 {loss} sup : 0.052, inf : 0.034, fac : 0.006, total : 0.074 
 {acc} sup : 99.22, inf : 98.83
[61/86 iteration of epoch 18/50] 
 {loss} sup : 0.089, inf : 0.066, fac : 0.004, total : 0.098 
 {acc} sup : 96.88, inf : 98.44
------------------------------
<Losses on train> sup : 0.063, inf : 0.045, fac : 0.004, total : 0.074
<Accuracies on train> sup : 98.28, inf : 98.66
Train epoch time: 337.471
------------------------------
<Accuracies on val> class : 91.23
------------------------------
<Accuracies on test> class : 76.18
------------------------------
Total epoch time: 348.103

New epoch - lr: 0.001
[1/86 iteration of epoch 19/50] 
 {loss} sup : 0.045, inf : 0.036, fac : 0.004, total : 0.061 
 {acc} sup : 98.83, inf : 99.22
[31/86 iteration of epoch 19/50] 
 {loss} sup : 0.125, inf : 0.074, fac : 0.004, total : 0.122 
 {acc} sup : 96.09, inf : 98.05
[61/86 iteration of epoch 19/50] 
 {loss} sup : 0.094, inf : 0.086, fac : 0.005, total : 0.113 
 {acc} sup : 97.66, inf : 97.66
------------------------------
<Losses on train> sup : 0.062, inf : 0.044, fac : 0.004, total : 0.073
<Accuracies on train> sup : 98.44, inf : 98.75
Train epoch time: 345.775
------------------------------
<Accuracies on val> class : 90.58
------------------------------
<Accuracies on test> class : 76.25
------------------------------
Total epoch time: 356.423

New epoch - lr: 0.001
[1/86 iteration of epoch 20/50] 
 {loss} sup : 0.072, inf : 0.049, fac : 0.005, total : 0.086 
 {acc} sup : 97.27, inf : 99.22
[31/86 iteration of epoch 20/50] 
 {loss} sup : 0.048, inf : 0.028, fac : 0.004, total : 0.057 
 {acc} sup : 99.22, inf : 99.61
[61/86 iteration of epoch 20/50] 
 {loss} sup : 0.065, inf : 0.052, fac : 0.004, total : 0.079 
 {acc} sup : 98.05, inf : 98.05
------------------------------
<Losses on train> sup : 0.062, inf : 0.045, fac : 0.004, total : 0.072
<Accuracies on train> sup : 98.23, inf : 98.54
Train epoch time: 348.709
------------------------------
<Accuracies on val> class : 90.26
------------------------------
<Accuracies on test> class : 75.72
------------------------------
Total epoch time: 359.845

New epoch - lr: 0.001
[1/86 iteration of epoch 21/50] 
 {loss} sup : 0.088, inf : 0.049, fac : 0.005, total : 0.094 
 {acc} sup : 96.88, inf : 98.05
[31/86 iteration of epoch 21/50] 
 {loss} sup : 0.046, inf : 0.036, fac : 0.005, total : 0.068 
 {acc} sup : 98.83, inf : 99.22
[61/86 iteration of epoch 21/50] 
 {loss} sup : 0.065, inf : 0.052, fac : 0.004, total : 0.079 
 {acc} sup : 98.05, inf : 98.83
------------------------------
<Losses on train> sup : 0.055, inf : 0.039, fac : 0.004, total : 0.064
<Accuracies on train> sup : 98.51, inf : 98.87
Train epoch time: 330.260
------------------------------
<Accuracies on val> class : 90.75
------------------------------
<Accuracies on test> class : 77.07
------------------------------
Total epoch time: 341.754

New epoch - lr: 0.001
[1/86 iteration of epoch 22/50] 
 {loss} sup : 0.044, inf : 0.029, fac : 0.003, total : 0.053 
 {acc} sup : 98.83, inf : 98.83
[31/86 iteration of epoch 22/50] 
 {loss} sup : 0.036, inf : 0.016, fac : 0.003, total : 0.042 
 {acc} sup : 99.61, inf : 99.61
[61/86 iteration of epoch 22/50] 
 {loss} sup : 0.088, inf : 0.066, fac : 0.004, total : 0.098 
 {acc} sup : 97.66, inf : 98.83
------------------------------
<Losses on train> sup : 0.056, inf : 0.040, fac : 0.004, total : 0.066
<Accuracies on train> sup : 98.48, inf : 98.81
Train epoch time: 332.720
------------------------------
<Accuracies on val> class : 90.42
------------------------------
<Accuracies on test> class : 77.22
------------------------------
Total epoch time: 342.156

New epoch - lr: 0.001
[1/86 iteration of epoch 23/50] 
 {loss} sup : 0.071, inf : 0.055, fac : 0.005, total : 0.089 
 {acc} sup : 98.05, inf : 97.27
[31/86 iteration of epoch 23/50] 
 {loss} sup : 0.071, inf : 0.044, fac : 0.002, total : 0.070 
 {acc} sup : 98.05, inf : 98.83
[61/86 iteration of epoch 23/50] 
 {loss} sup : 0.057, inf : 0.028, fac : 0.004, total : 0.061 
 {acc} sup : 98.44, inf : 98.83
------------------------------
<Losses on train> sup : 0.050, inf : 0.035, fac : 0.003, total : 0.059
<Accuracies on train> sup : 98.59, inf : 98.93
Train epoch time: 335.361
------------------------------
<Accuracies on val> class : 90.91
------------------------------
<Accuracies on test> class : 76.99
------------------------------
Total epoch time: 344.814

New epoch - lr: 0.001
[1/86 iteration of epoch 24/50] 
 {loss} sup : 0.037, inf : 0.027, fac : 0.003, total : 0.049 
 {acc} sup : 100.00, inf : 99.61
[31/86 iteration of epoch 24/50] 
 {loss} sup : 0.047, inf : 0.046, fac : 0.003, total : 0.060 
 {acc} sup : 98.44, inf : 98.05
[61/86 iteration of epoch 24/50] 
 {loss} sup : 0.046, inf : 0.021, fac : 0.005, total : 0.057 
 {acc} sup : 99.22, inf : 99.22
------------------------------
<Losses on train> sup : 0.050, inf : 0.036, fac : 0.003, total : 0.059
<Accuracies on train> sup : 98.62, inf : 98.90
Train epoch time: 330.320
------------------------------
<Accuracies on val> class : 90.75
------------------------------
<Accuracies on test> class : 77.86
------------------------------
Total epoch time: 340.509

New epoch - lr: 0.001
[1/86 iteration of epoch 25/50] 
 {loss} sup : 0.057, inf : 0.017, fac : 0.003, total : 0.054 
 {acc} sup : 98.05, inf : 100.00
[31/86 iteration of epoch 25/50] 
 {loss} sup : 0.087, inf : 0.068, fac : 0.005, total : 0.102 
 {acc} sup : 97.66, inf : 97.66
[61/86 iteration of epoch 25/50] 
 {loss} sup : 0.034, inf : 0.032, fac : 0.003, total : 0.047 
 {acc} sup : 99.22, inf : 98.83
------------------------------
<Losses on train> sup : 0.047, inf : 0.034, fac : 0.003, total : 0.056
<Accuracies on train> sup : 98.67, inf : 98.94
Train epoch time: 332.543
------------------------------
<Accuracies on val> class : 89.77
------------------------------
<Accuracies on test> class : 77.53
------------------------------
Total epoch time: 341.881

New epoch - lr: 0.001
[1/86 iteration of epoch 26/50] 
 {loss} sup : 0.038, inf : 0.035, fac : 0.005, total : 0.059 
 {acc} sup : 98.83, inf : 98.44
[31/86 iteration of epoch 26/50] 
 {loss} sup : 0.073, inf : 0.062, fac : 0.003, total : 0.082 
 {acc} sup : 97.27, inf : 98.44
[61/86 iteration of epoch 26/50] 
 {loss} sup : 0.032, inf : 0.024, fac : 0.003, total : 0.045 
 {acc} sup : 99.61, inf : 99.22
------------------------------
<Losses on train> sup : 0.045, inf : 0.031, fac : 0.003, total : 0.053
<Accuracies on train> sup : 98.76, inf : 99.06
Train epoch time: 332.868
------------------------------
<Accuracies on val> class : 90.75
------------------------------
<Accuracies on test> class : 76.86
------------------------------
Total epoch time: 342.614

New epoch - lr: 0.001
[1/86 iteration of epoch 27/50] 
 {loss} sup : 0.041, inf : 0.033, fac : 0.003, total : 0.050 
 {acc} sup : 98.83, inf : 99.22
[31/86 iteration of epoch 27/50] 
 {loss} sup : 0.050, inf : 0.030, fac : 0.003, total : 0.055 
 {acc} sup : 98.83, inf : 98.83
[61/86 iteration of epoch 27/50] 
 {loss} sup : 0.044, inf : 0.034, fac : 0.003, total : 0.054 
 {acc} sup : 98.44, inf : 98.83
------------------------------
<Losses on train> sup : 0.044, inf : 0.031, fac : 0.003, total : 0.052
<Accuracies on train> sup : 98.87, inf : 99.09
Train epoch time: 337.562
------------------------------
<Accuracies on val> class : 90.42
------------------------------
<Accuracies on test> class : 78.37
------------------------------
Total epoch time: 347.527

New epoch - lr: 0.001
[1/86 iteration of epoch 28/50] 
 {loss} sup : 0.037, inf : 0.016, fac : 0.002, total : 0.038 
 {acc} sup : 99.22, inf : 99.61
[31/86 iteration of epoch 28/50] 
 {loss} sup : 0.054, inf : 0.033, fac : 0.003, total : 0.061 
 {acc} sup : 98.44, inf : 98.83
[61/86 iteration of epoch 28/50] 
 {loss} sup : 0.028, inf : 0.013, fac : 0.003, total : 0.035 
 {acc} sup : 99.22, inf : 99.61
------------------------------
<Losses on train> sup : 0.042, inf : 0.030, fac : 0.003, total : 0.051
<Accuracies on train> sup : 98.96, inf : 99.15
Train epoch time: 335.415
------------------------------
<Accuracies on val> class : 90.42
------------------------------
<Accuracies on test> class : 76.84
------------------------------
Total epoch time: 346.090

New epoch - lr: 0.001
[1/86 iteration of epoch 29/50] 
 {loss} sup : 0.013, inf : 0.009, fac : 0.002, total : 0.019 
 {acc} sup : 100.00, inf : 100.00
[31/86 iteration of epoch 29/50] 
 {loss} sup : 0.036, inf : 0.032, fac : 0.002, total : 0.046 
 {acc} sup : 99.22, inf : 98.83
[61/86 iteration of epoch 29/50] 
 {loss} sup : 0.033, inf : 0.020, fac : 0.003, total : 0.043 
 {acc} sup : 99.22, inf : 99.61
------------------------------
<Losses on train> sup : 0.039, inf : 0.028, fac : 0.003, total : 0.048
<Accuracies on train> sup : 99.03, inf : 99.24
Train epoch time: 333.981
------------------------------
<Accuracies on val> class : 89.94
------------------------------
<Accuracies on test> class : 78.77
------------------------------
Total epoch time: 344.831

New epoch - lr: 0.001
[1/86 iteration of epoch 30/50] 
 {loss} sup : 0.019, inf : 0.008, fac : 0.003, total : 0.027 
 {acc} sup : 100.00, inf : 100.00
[31/86 iteration of epoch 30/50] 
 {loss} sup : 0.035, inf : 0.012, fac : 0.002, total : 0.033 
 {acc} sup : 99.22, inf : 99.61
[61/86 iteration of epoch 30/50] 
 {loss} sup : 0.026, inf : 0.020, fac : 0.002, total : 0.034 
 {acc} sup : 99.22, inf : 99.22
------------------------------
<Losses on train> sup : 0.041, inf : 0.029, fac : 0.003, total : 0.049
<Accuracies on train> sup : 98.86, inf : 99.11
Train epoch time: 333.516
------------------------------
<Accuracies on val> class : 90.58
------------------------------
<Accuracies on test> class : 79.10
------------------------------
Total epoch time: 343.904

New epoch - lr: 0.001
[1/86 iteration of epoch 31/50] 
 {loss} sup : 0.027, inf : 0.028, fac : 0.004, total : 0.046 
 {acc} sup : 99.61, inf : 99.22
[31/86 iteration of epoch 31/50] 
 {loss} sup : 0.029, inf : 0.034, fac : 0.002, total : 0.040 
 {acc} sup : 99.22, inf : 98.83
[61/86 iteration of epoch 31/50] 
 {loss} sup : 0.024, inf : 0.009, fac : 0.002, total : 0.029 
 {acc} sup : 99.61, inf : 100.00
------------------------------
<Losses on train> sup : 0.037, inf : 0.025, fac : 0.003, total : 0.044
<Accuracies on train> sup : 99.02, inf : 99.26
Train epoch time: 334.270
------------------------------
<Accuracies on val> class : 90.10
------------------------------
<Accuracies on test> class : 78.44
------------------------------
Total epoch time: 344.806

New epoch - lr: 0.001
[1/86 iteration of epoch 32/50] 
 {loss} sup : 0.033, inf : 0.021, fac : 0.003, total : 0.041 
 {acc} sup : 99.22, inf : 99.61
[31/86 iteration of epoch 32/50] 
 {loss} sup : 0.035, inf : 0.040, fac : 0.004, total : 0.055 
 {acc} sup : 98.83, inf : 98.83
[61/86 iteration of epoch 32/50] 
 {loss} sup : 0.020, inf : 0.018, fac : 0.003, total : 0.032 
 {acc} sup : 99.61, inf : 99.61
------------------------------
<Losses on train> sup : 0.036, inf : 0.025, fac : 0.003, total : 0.044
<Accuracies on train> sup : 99.06, inf : 99.26
Train epoch time: 334.931
------------------------------
<Accuracies on val> class : 89.45
------------------------------
<Accuracies on test> class : 80.22
------------------------------
Total epoch time: 346.069

New epoch - lr: 0.001
[1/86 iteration of epoch 33/50] 
 {loss} sup : 0.041, inf : 0.035, fac : 0.003, total : 0.051 
 {acc} sup : 99.22, inf : 98.83
[31/86 iteration of epoch 33/50] 
 {loss} sup : 0.044, inf : 0.026, fac : 0.003, total : 0.050 
 {acc} sup : 98.44, inf : 99.22
[61/86 iteration of epoch 33/50] 
 {loss} sup : 0.051, inf : 0.026, fac : 0.002, total : 0.049 
 {acc} sup : 98.44, inf : 98.83
------------------------------
<Losses on train> sup : 0.036, inf : 0.028, fac : 0.003, total : 0.045
<Accuracies on train> sup : 99.00, inf : 99.11
Train epoch time: 332.260
------------------------------
<Accuracies on val> class : 90.42
------------------------------
<Accuracies on test> class : 78.14
------------------------------
Total epoch time: 343.081

New epoch - lr: 0.001
[1/86 iteration of epoch 34/50] 
 {loss} sup : 0.054, inf : 0.037, fac : 0.004, total : 0.065 
 {acc} sup : 98.44, inf : 99.22
[31/86 iteration of epoch 34/50] 
 {loss} sup : 0.020, inf : 0.013, fac : 0.003, total : 0.031 
 {acc} sup : 99.61, inf : 100.00
[61/86 iteration of epoch 34/50] 
 {loss} sup : 0.048, inf : 0.035, fac : 0.003, total : 0.054 
 {acc} sup : 98.83, inf : 99.22
------------------------------
<Losses on train> sup : 0.035, inf : 0.025, fac : 0.003, total : 0.043
<Accuracies on train> sup : 99.06, inf : 99.30
Train epoch time: 326.279
------------------------------
<Accuracies on val> class : 90.75
------------------------------
<Accuracies on test> class : 78.26
------------------------------
Total epoch time: 336.324

New epoch - lr: 0.001
[1/86 iteration of epoch 35/50] 
 {loss} sup : 0.028, inf : 0.033, fac : 0.003, total : 0.045 
 {acc} sup : 99.61, inf : 98.83
[31/86 iteration of epoch 35/50] 
 {loss} sup : 0.026, inf : 0.012, fac : 0.003, total : 0.035 
 {acc} sup : 99.61, inf : 99.61
[61/86 iteration of epoch 35/50] 
 {loss} sup : 0.030, inf : 0.025, fac : 0.003, total : 0.041 
 {acc} sup : 98.83, inf : 98.83
------------------------------
<Losses on train> sup : 0.030, inf : 0.022, fac : 0.002, total : 0.038
<Accuracies on train> sup : 99.21, inf : 99.38
Train epoch time: 336.113
------------------------------
<Accuracies on val> class : 90.26
------------------------------
<Accuracies on test> class : 79.66
------------------------------
Total epoch time: 345.982

New epoch - lr: 0.001
[1/86 iteration of epoch 36/50] 
 {loss} sup : 0.028, inf : 0.025, fac : 0.002, total : 0.039 
 {acc} sup : 99.22, inf : 99.22
[31/86 iteration of epoch 36/50] 
 {loss} sup : 0.033, inf : 0.015, fac : 0.002, total : 0.032 
 {acc} sup : 98.83, inf : 100.00
[61/86 iteration of epoch 36/50] 
 {loss} sup : 0.020, inf : 0.012, fac : 0.003, total : 0.029 
 {acc} sup : 100.00, inf : 99.61
------------------------------
<Losses on train> sup : 0.030, inf : 0.020, fac : 0.002, total : 0.037
<Accuracies on train> sup : 99.22, inf : 99.45
Train epoch time: 340.621
------------------------------
<Accuracies on val> class : 91.07
------------------------------
<Accuracies on test> class : 78.70
------------------------------
Total epoch time: 351.001

New epoch - lr: 0.001
[1/86 iteration of epoch 37/50] 
 {loss} sup : 0.023, inf : 0.013, fac : 0.002, total : 0.030 
 {acc} sup : 99.61, inf : 100.00
[31/86 iteration of epoch 37/50] 
 {loss} sup : 0.035, inf : 0.017, fac : 0.002, total : 0.037 
 {acc} sup : 99.22, inf : 99.61
[61/86 iteration of epoch 37/50] 
 {loss} sup : 0.021, inf : 0.021, fac : 0.002, total : 0.031 
 {acc} sup : 99.22, inf : 99.22
------------------------------
<Losses on train> sup : 0.034, inf : 0.024, fac : 0.003, total : 0.042
<Accuracies on train> sup : 99.10, inf : 99.26
Train epoch time: 332.155
------------------------------
<Accuracies on val> class : 90.58
------------------------------
<Accuracies on test> class : 78.75
------------------------------
Total epoch time: 341.913

New epoch - lr: 0.001
[1/86 iteration of epoch 38/50] 
 {loss} sup : 0.033, inf : 0.018, fac : 0.002, total : 0.038 
 {acc} sup : 99.61, inf : 99.61
[31/86 iteration of epoch 38/50] 
 {loss} sup : 0.020, inf : 0.020, fac : 0.002, total : 0.031 
 {acc} sup : 99.22, inf : 99.22
[61/86 iteration of epoch 38/50] 
 {loss} sup : 0.025, inf : 0.018, fac : 0.002, total : 0.033 
 {acc} sup : 99.61, inf : 99.61
------------------------------
<Losses on train> sup : 0.030, inf : 0.021, fac : 0.002, total : 0.038
<Accuracies on train> sup : 99.21, inf : 99.40
Train epoch time: 332.404
------------------------------
<Accuracies on val> class : 90.75
------------------------------
<Accuracies on test> class : 79.89
------------------------------
Total epoch time: 341.937

New epoch - lr: 0.001
[1/86 iteration of epoch 39/50] 
 {loss} sup : 0.019, inf : 0.005, fac : 0.003, total : 0.025 
 {acc} sup : 99.61, inf : 100.00
[31/86 iteration of epoch 39/50] 
 {loss} sup : 0.029, inf : 0.021, fac : 0.003, total : 0.038 
 {acc} sup : 99.22, inf : 99.61
[61/86 iteration of epoch 39/50] 
 {loss} sup : 0.036, inf : 0.024, fac : 0.003, total : 0.045 
 {acc} sup : 98.44, inf : 99.22
------------------------------
<Losses on train> sup : 0.029, inf : 0.020, fac : 0.002, total : 0.037
<Accuracies on train> sup : 99.20, inf : 99.43
Train epoch time: 331.727
------------------------------
<Accuracies on val> class : 90.42
------------------------------
<Accuracies on test> class : 78.90
------------------------------
Total epoch time: 341.726

New epoch - lr: 0.0001
[1/86 iteration of epoch 40/50] 
 {loss} sup : 0.031, inf : 0.012, fac : 0.002, total : 0.034 
 {acc} sup : 99.22, inf : 100.00
[31/86 iteration of epoch 40/50] 
 {loss} sup : 0.033, inf : 0.016, fac : 0.002, total : 0.037 
 {acc} sup : 99.61, inf : 99.61
[61/86 iteration of epoch 40/50] 
 {loss} sup : 0.054, inf : 0.025, fac : 0.002, total : 0.049 
 {acc} sup : 98.83, inf : 99.22
------------------------------
<Losses on train> sup : 0.027, inf : 0.020, fac : 0.002, total : 0.035
<Accuracies on train> sup : 99.38, inf : 99.40
Train epoch time: 334.986
------------------------------
<Accuracies on val> class : 90.58
------------------------------
<Accuracies on test> class : 79.51
------------------------------
Total epoch time: 345.381

New epoch - lr: 0.0001
[1/86 iteration of epoch 41/50] 
 {loss} sup : 0.022, inf : 0.005, fac : 0.002, total : 0.023 
 {acc} sup : 99.22, inf : 100.00
[31/86 iteration of epoch 41/50] 
 {loss} sup : 0.023, inf : 0.016, fac : 0.003, total : 0.033 
 {acc} sup : 99.61, inf : 99.22
[61/86 iteration of epoch 41/50] 
 {loss} sup : 0.017, inf : 0.024, fac : 0.003, total : 0.036 
 {acc} sup : 99.61, inf : 99.22
------------------------------
<Losses on train> sup : 0.026, inf : 0.019, fac : 0.002, total : 0.035
<Accuracies on train> sup : 99.31, inf : 99.41
Train epoch time: 328.350
------------------------------
<Accuracies on val> class : 90.58
------------------------------
<Accuracies on test> class : 79.43
------------------------------
Total epoch time: 338.743

New epoch - lr: 0.0001
[1/86 iteration of epoch 42/50] 
 {loss} sup : 0.047, inf : 0.041, fac : 0.002, total : 0.057 
 {acc} sup : 98.83, inf : 98.83
[31/86 iteration of epoch 42/50] 
 {loss} sup : 0.016, inf : 0.007, fac : 0.002, total : 0.021 
 {acc} sup : 99.61, inf : 100.00
[61/86 iteration of epoch 42/50] 
 {loss} sup : 0.011, inf : 0.011, fac : 0.002, total : 0.021 
 {acc} sup : 100.00, inf : 100.00
------------------------------
<Losses on train> sup : 0.031, inf : 0.022, fac : 0.002, total : 0.038
<Accuracies on train> sup : 99.18, inf : 99.32
Train epoch time: 329.937
------------------------------
<Accuracies on val> class : 90.91
------------------------------
<Accuracies on test> class : 79.03
------------------------------
Total epoch time: 340.636

New epoch - lr: 0.0001
[1/86 iteration of epoch 43/50] 
 {loss} sup : 0.023, inf : 0.021, fac : 0.003, total : 0.036 
 {acc} sup : 99.61, inf : 99.61
[31/86 iteration of epoch 43/50] 
 {loss} sup : 0.023, inf : 0.008, fac : 0.002, total : 0.026 
 {acc} sup : 100.00, inf : 100.00
[61/86 iteration of epoch 43/50] 
 {loss} sup : 0.084, inf : 0.068, fac : 0.003, total : 0.091 
 {acc} sup : 97.27, inf : 98.83
------------------------------
<Losses on train> sup : 0.029, inf : 0.021, fac : 0.002, total : 0.037
<Accuracies on train> sup : 99.27, inf : 99.38
Train epoch time: 325.714
------------------------------
<Accuracies on val> class : 89.94
------------------------------
<Accuracies on test> class : 79.16
------------------------------
Total epoch time: 336.647

New epoch - lr: 0.0001
[1/86 iteration of epoch 44/50] 
 {loss} sup : 0.033, inf : 0.015, fac : 0.002, total : 0.033 
 {acc} sup : 99.61, inf : 99.61
[31/86 iteration of epoch 44/50] 
 {loss} sup : 0.019, inf : 0.009, fac : 0.002, total : 0.024 
 {acc} sup : 99.61, inf : 99.61
[61/86 iteration of epoch 44/50] 
 {loss} sup : 0.012, inf : 0.013, fac : 0.002, total : 0.022 
 {acc} sup : 99.61, inf : 99.61
------------------------------
<Losses on train> sup : 0.029, inf : 0.020, fac : 0.002, total : 0.036
<Accuracies on train> sup : 99.30, inf : 99.40
Train epoch time: 330.215
------------------------------
<Accuracies on val> class : 91.07
------------------------------
<Accuracies on test> class : 78.62
------------------------------
Total epoch time: 340.447

New epoch - lr: 0.0001
[1/86 iteration of epoch 45/50] 
 {loss} sup : 0.018, inf : 0.013, fac : 0.002, total : 0.024 
 {acc} sup : 99.61, inf : 99.22
[31/86 iteration of epoch 45/50] 
 {loss} sup : 0.013, inf : 0.007, fac : 0.002, total : 0.020 
 {acc} sup : 99.61, inf : 99.61
[61/86 iteration of epoch 45/50] 
 {loss} sup : 0.048, inf : 0.036, fac : 0.002, total : 0.054 
 {acc} sup : 99.22, inf : 99.22
------------------------------
<Losses on train> sup : 0.030, inf : 0.022, fac : 0.002, total : 0.038
<Accuracies on train> sup : 99.22, inf : 99.38
Train epoch time: 330.588
------------------------------
<Accuracies on val> class : 90.75
------------------------------
<Accuracies on test> class : 79.28
------------------------------
Total epoch time: 340.766

New epoch - lr: 0.0001
[1/86 iteration of epoch 46/50] 
 {loss} sup : 0.006, inf : 0.003, fac : 0.002, total : 0.014 
 {acc} sup : 100.00, inf : 100.00
[31/86 iteration of epoch 46/50] 
 {loss} sup : 0.023, inf : 0.008, fac : 0.002, total : 0.024 
 {acc} sup : 99.61, inf : 100.00
[61/86 iteration of epoch 46/50] 
 {loss} sup : 0.023, inf : 0.015, fac : 0.003, total : 0.032 
 {acc} sup : 99.22, inf : 99.61
------------------------------
<Losses on train> sup : 0.028, inf : 0.021, fac : 0.002, total : 0.037
<Accuracies on train> sup : 99.22, inf : 99.36
Train epoch time: 320.631
------------------------------
<Accuracies on val> class : 90.58
------------------------------
<Accuracies on test> class : 79.99
------------------------------
Total epoch time: 330.210

New epoch - lr: 0.0001
[1/86 iteration of epoch 47/50] 
 {loss} sup : 0.057, inf : 0.050, fac : 0.004, total : 0.073 
 {acc} sup : 98.83, inf : 98.83
[31/86 iteration of epoch 47/50] 
 {loss} sup : 0.021, inf : 0.011, fac : 0.002, total : 0.028 
 {acc} sup : 100.00, inf : 99.61
[61/86 iteration of epoch 47/50] 
 {loss} sup : 0.023, inf : 0.017, fac : 0.003, total : 0.034 
 {acc} sup : 99.22, inf : 99.61
------------------------------
<Losses on train> sup : 0.029, inf : 0.020, fac : 0.002, total : 0.037
<Accuracies on train> sup : 99.21, inf : 99.43
Train epoch time: 328.124
------------------------------
<Accuracies on val> class : 90.42
------------------------------
<Accuracies on test> class : 78.19
------------------------------
Total epoch time: 338.083

New epoch - lr: 0.0001
[1/86 iteration of epoch 48/50] 
 {loss} sup : 0.024, inf : 0.026, fac : 0.003, total : 0.039 
 {acc} sup : 99.61, inf : 99.22
[31/86 iteration of epoch 48/50] 
 {loss} sup : 0.045, inf : 0.021, fac : 0.002, total : 0.044 
 {acc} sup : 98.83, inf : 99.61
[61/86 iteration of epoch 48/50] 
 {loss} sup : 0.035, inf : 0.032, fac : 0.003, total : 0.049 
 {acc} sup : 98.83, inf : 98.44
------------------------------
<Losses on train> sup : 0.029, inf : 0.021, fac : 0.002, total : 0.038
<Accuracies on train> sup : 99.20, inf : 99.36
Train epoch time: 329.300
------------------------------
<Accuracies on val> class : 90.10
------------------------------
<Accuracies on test> class : 79.82
------------------------------
Total epoch time: 338.662

New epoch - lr: 0.0001
[1/86 iteration of epoch 49/50] 
 {loss} sup : 0.023, inf : 0.012, fac : 0.002, total : 0.027 
 {acc} sup : 99.61, inf : 99.22
[31/86 iteration of epoch 49/50] 
 {loss} sup : 0.027, inf : 0.025, fac : 0.002, total : 0.038 
 {acc} sup : 99.22, inf : 99.22
[61/86 iteration of epoch 49/50] 
 {loss} sup : 0.012, inf : 0.002, fac : 0.002, total : 0.016 
 {acc} sup : 99.61, inf : 100.00
------------------------------
<Losses on train> sup : 0.029, inf : 0.020, fac : 0.002, total : 0.036
<Accuracies on train> sup : 99.28, inf : 99.45
Train epoch time: 317.503
------------------------------
<Accuracies on val> class : 91.56
------------------------------
<Accuracies on test> class : 78.32
------------------------------
Total epoch time: 327.322

New epoch - lr: 0.0001
[1/86 iteration of epoch 50/50] 
 {loss} sup : 0.013, inf : 0.003, fac : 0.002, total : 0.019 
 {acc} sup : 99.61, inf : 100.00
[31/86 iteration of epoch 50/50] 
 {loss} sup : 0.016, inf : 0.017, fac : 0.002, total : 0.026 
 {acc} sup : 99.61, inf : 99.22
[61/86 iteration of epoch 50/50] 
 {loss} sup : 0.025, inf : 0.018, fac : 0.002, total : 0.032 
 {acc} sup : 99.22, inf : 99.61
------------------------------
<Losses on train> sup : 0.028, inf : 0.020, fac : 0.002, total : 0.036
<Accuracies on train> sup : 99.22, inf : 99.41
Train epoch time: 320.172
------------------------------
<Accuracies on val> class : 90.75
------------------------------
<Accuracies on test> class : 78.98
------------------------------
Total epoch time: 329.882

******************************
Best val 0.80224, corresponding test 0.80224 - best test: 0.80224
