Exclude2 RSC
WARNING:tensorflow:From /homes/55/jianhaoy/projects/EKI/utils/tf_logger.py:16: The name tf.summary.FileWriter is deprecated. Please use tf.compat.v1.summary.FileWriter instead.

WARNING:tensorflow:From /homes/55/jianhaoy/projects/EKI/utils/tf_logger.py:20: The name tf.Summary is deprecated. Please use tf.compat.v1.Summary instead.


Loading experiment PACS/ResNet18_multi


New epoch - lr: 0.001
[1/123 iteration of epoch 1/50] 
 {loss} cls : 3.602, total : 3.602 
 {acc} cls : 0.00
[31/123 iteration of epoch 1/50] 
 {loss} cls : 1.685, total : 1.685 
 {acc} cls : 35.94
[61/123 iteration of epoch 1/50] 
 {loss} cls : 1.078, total : 1.078 
 {acc} cls : 54.69
[91/123 iteration of epoch 1/50] 
 {loss} cls : 0.844, total : 0.844 
 {acc} cls : 68.75
[121/123 iteration of epoch 1/50] 
 {loss} cls : 0.689, total : 0.689 
 {acc} cls : 75.00
------------------------------
<Losses on train> cls : 1.304, total : 1.304
<Accuracies on train> cls : 53.00
Train epoch time: 32.949
------------------------------
<Accuracies on val> class : 89.12
------------------------------
<Accuracies on test> class : 92.87
------------------------------
Total epoch time: 37.695

New epoch - lr: 0.001
[1/123 iteration of epoch 2/50] 
 {loss} cls : 0.781, total : 0.781 
 {acc} cls : 68.75
[31/123 iteration of epoch 2/50] 
 {loss} cls : 0.642, total : 0.642 
 {acc} cls : 73.44
[61/123 iteration of epoch 2/50] 
 {loss} cls : 0.448, total : 0.448 
 {acc} cls : 85.94
[91/123 iteration of epoch 2/50] 
 {loss} cls : 0.670, total : 0.670 
 {acc} cls : 79.69
[121/123 iteration of epoch 2/50] 
 {loss} cls : 0.507, total : 0.507 
 {acc} cls : 82.81
------------------------------
<Losses on train> cls : 0.607, total : 0.607
<Accuracies on train> cls : 76.61
Train epoch time: 25.259
------------------------------
<Accuracies on val> class : 90.75
------------------------------
<Accuracies on test> class : 93.89
------------------------------
Total epoch time: 28.936

New epoch - lr: 0.001
[1/123 iteration of epoch 3/50] 
 {loss} cls : 0.476, total : 0.476 
 {acc} cls : 81.25
[31/123 iteration of epoch 3/50] 
 {loss} cls : 0.472, total : 0.472 
 {acc} cls : 81.25
[61/123 iteration of epoch 3/50] 
 {loss} cls : 0.417, total : 0.417 
 {acc} cls : 84.38
[91/123 iteration of epoch 3/50] 
 {loss} cls : 0.453, total : 0.453 
 {acc} cls : 85.94
[121/123 iteration of epoch 3/50] 
 {loss} cls : 0.499, total : 0.499 
 {acc} cls : 82.81
------------------------------
<Losses on train> cls : 0.450, total : 0.450
<Accuracies on train> cls : 83.54
Train epoch time: 25.202
------------------------------
<Accuracies on val> class : 91.88
------------------------------
<Accuracies on test> class : 94.79
------------------------------
Total epoch time: 29.206

New epoch - lr: 0.001
[1/123 iteration of epoch 4/50] 
 {loss} cls : 0.440, total : 0.440 
 {acc} cls : 85.94
[31/123 iteration of epoch 4/50] 
 {loss} cls : 0.374, total : 0.374 
 {acc} cls : 85.94
[61/123 iteration of epoch 4/50] 
 {loss} cls : 0.457, total : 0.457 
 {acc} cls : 78.12
[91/123 iteration of epoch 4/50] 
 {loss} cls : 0.309, total : 0.309 
 {acc} cls : 87.50
[121/123 iteration of epoch 4/50] 
 {loss} cls : 0.427, total : 0.427 
 {acc} cls : 85.94
------------------------------
<Losses on train> cls : 0.390, total : 0.390
<Accuracies on train> cls : 85.57
Train epoch time: 25.583
------------------------------
<Accuracies on val> class : 92.69
------------------------------
<Accuracies on test> class : 94.91
------------------------------
Total epoch time: 29.475

New epoch - lr: 0.001
[1/123 iteration of epoch 5/50] 
 {loss} cls : 0.378, total : 0.378 
 {acc} cls : 87.50
[31/123 iteration of epoch 5/50] 
 {loss} cls : 0.153, total : 0.153 
 {acc} cls : 98.44
[61/123 iteration of epoch 5/50] 
 {loss} cls : 0.332, total : 0.332 
 {acc} cls : 87.50
[91/123 iteration of epoch 5/50] 
 {loss} cls : 0.318, total : 0.318 
 {acc} cls : 87.50
[121/123 iteration of epoch 5/50] 
 {loss} cls : 0.332, total : 0.332 
 {acc} cls : 81.25
------------------------------
<Losses on train> cls : 0.332, total : 0.332
<Accuracies on train> cls : 88.48
Train epoch time: 24.110
------------------------------
<Accuracies on val> class : 92.21
------------------------------
<Accuracies on test> class : 94.73
------------------------------
Total epoch time: 27.089

New epoch - lr: 0.001
[1/123 iteration of epoch 6/50] 
 {loss} cls : 0.342, total : 0.342 
 {acc} cls : 89.06
[31/123 iteration of epoch 6/50] 
 {loss} cls : 0.327, total : 0.327 
 {acc} cls : 85.94
[61/123 iteration of epoch 6/50] 
 {loss} cls : 0.330, total : 0.330 
 {acc} cls : 89.06
[91/123 iteration of epoch 6/50] 
 {loss} cls : 0.221, total : 0.221 
 {acc} cls : 93.75
[121/123 iteration of epoch 6/50] 
 {loss} cls : 0.376, total : 0.376 
 {acc} cls : 82.81
------------------------------
<Losses on train> cls : 0.293, total : 0.293
<Accuracies on train> cls : 90.03
Train epoch time: 24.280
------------------------------
<Accuracies on val> class : 93.99
------------------------------
<Accuracies on test> class : 95.09
------------------------------
Total epoch time: 27.971

New epoch - lr: 0.001
[1/123 iteration of epoch 7/50] 
 {loss} cls : 0.271, total : 0.271 
 {acc} cls : 89.06
[31/123 iteration of epoch 7/50] 
 {loss} cls : 0.303, total : 0.303 
 {acc} cls : 92.19
[61/123 iteration of epoch 7/50] 
 {loss} cls : 0.401, total : 0.401 
 {acc} cls : 89.06
[91/123 iteration of epoch 7/50] 
 {loss} cls : 0.206, total : 0.206 
 {acc} cls : 95.31
[121/123 iteration of epoch 7/50] 
 {loss} cls : 0.125, total : 0.125 
 {acc} cls : 96.88
------------------------------
<Losses on train> cls : 0.260, total : 0.260
<Accuracies on train> cls : 91.50
Train epoch time: 24.206
------------------------------
<Accuracies on val> class : 93.67
------------------------------
<Accuracies on test> class : 95.27
------------------------------
Total epoch time: 27.101

New epoch - lr: 0.001
[1/123 iteration of epoch 8/50] 
 {loss} cls : 0.285, total : 0.285 
 {acc} cls : 89.06
[31/123 iteration of epoch 8/50] 
 {loss} cls : 0.375, total : 0.375 
 {acc} cls : 87.50
[61/123 iteration of epoch 8/50] 
 {loss} cls : 0.151, total : 0.151 
 {acc} cls : 95.31
[91/123 iteration of epoch 8/50] 
 {loss} cls : 0.154, total : 0.154 
 {acc} cls : 93.75
[121/123 iteration of epoch 8/50] 
 {loss} cls : 0.216, total : 0.216 
 {acc} cls : 93.75
------------------------------
<Losses on train> cls : 0.236, total : 0.236
<Accuracies on train> cls : 92.39
Train epoch time: 24.356
------------------------------
<Accuracies on val> class : 93.34
------------------------------
<Accuracies on test> class : 94.67
------------------------------
Total epoch time: 27.280

New epoch - lr: 0.001
[1/123 iteration of epoch 9/50] 
 {loss} cls : 0.190, total : 0.190 
 {acc} cls : 93.75
[31/123 iteration of epoch 9/50] 
 {loss} cls : 0.186, total : 0.186 
 {acc} cls : 95.31
[61/123 iteration of epoch 9/50] 
 {loss} cls : 0.295, total : 0.295 
 {acc} cls : 92.19
[91/123 iteration of epoch 9/50] 
 {loss} cls : 0.136, total : 0.136 
 {acc} cls : 96.88
[121/123 iteration of epoch 9/50] 
 {loss} cls : 0.278, total : 0.278 
 {acc} cls : 90.62
------------------------------
<Losses on train> cls : 0.211, total : 0.211
<Accuracies on train> cls : 92.98
Train epoch time: 24.656
------------------------------
<Accuracies on val> class : 93.67
------------------------------
<Accuracies on test> class : 95.81
------------------------------
Total epoch time: 27.927

New epoch - lr: 0.001
[1/123 iteration of epoch 10/50] 
 {loss} cls : 0.150, total : 0.150 
 {acc} cls : 95.31
[31/123 iteration of epoch 10/50] 
 {loss} cls : 0.183, total : 0.183 
 {acc} cls : 92.19
[61/123 iteration of epoch 10/50] 
 {loss} cls : 0.197, total : 0.197 
 {acc} cls : 93.75
[91/123 iteration of epoch 10/50] 
 {loss} cls : 0.135, total : 0.135 
 {acc} cls : 95.31
[121/123 iteration of epoch 10/50] 
 {loss} cls : 0.173, total : 0.173 
 {acc} cls : 90.62
------------------------------
<Losses on train> cls : 0.201, total : 0.201
<Accuracies on train> cls : 93.38
Train epoch time: 24.016
------------------------------
<Accuracies on val> class : 94.48
------------------------------
<Accuracies on test> class : 95.33
------------------------------
Total epoch time: 27.700

New epoch - lr: 0.001
[1/123 iteration of epoch 11/50] 
 {loss} cls : 0.253, total : 0.253 
 {acc} cls : 87.50
[31/123 iteration of epoch 11/50] 
 {loss} cls : 0.251, total : 0.251 
 {acc} cls : 93.75
[61/123 iteration of epoch 11/50] 
 {loss} cls : 0.270, total : 0.270 
 {acc} cls : 93.75
[91/123 iteration of epoch 11/50] 
 {loss} cls : 0.119, total : 0.119 
 {acc} cls : 95.31
[121/123 iteration of epoch 11/50] 
 {loss} cls : 0.283, total : 0.283 
 {acc} cls : 90.62
------------------------------
<Losses on train> cls : 0.181, total : 0.181
<Accuracies on train> cls : 94.22
Train epoch time: 24.451
------------------------------
<Accuracies on val> class : 95.13
------------------------------
<Accuracies on test> class : 95.21
------------------------------
Total epoch time: 28.008

New epoch - lr: 0.001
[1/123 iteration of epoch 12/50] 
 {loss} cls : 0.192, total : 0.192 
 {acc} cls : 93.75
[31/123 iteration of epoch 12/50] 
 {loss} cls : 0.165, total : 0.165 
 {acc} cls : 93.75
[61/123 iteration of epoch 12/50] 
 {loss} cls : 0.075, total : 0.075 
 {acc} cls : 100.00
[91/123 iteration of epoch 12/50] 
 {loss} cls : 0.115, total : 0.115 
 {acc} cls : 96.88
[121/123 iteration of epoch 12/50] 
 {loss} cls : 0.252, total : 0.252 
 {acc} cls : 90.62
------------------------------
<Losses on train> cls : 0.161, total : 0.161
<Accuracies on train> cls : 95.02
Train epoch time: 24.151
------------------------------
<Accuracies on val> class : 94.81
------------------------------
<Accuracies on test> class : 94.85
------------------------------
Total epoch time: 27.234

New epoch - lr: 0.001
[1/123 iteration of epoch 13/50] 
 {loss} cls : 0.146, total : 0.146 
 {acc} cls : 96.88
[31/123 iteration of epoch 13/50] 
 {loss} cls : 0.274, total : 0.274 
 {acc} cls : 89.06
[61/123 iteration of epoch 13/50] 
 {loss} cls : 0.078, total : 0.078 
 {acc} cls : 98.44
[91/123 iteration of epoch 13/50] 
 {loss} cls : 0.106, total : 0.106 
 {acc} cls : 96.88
[121/123 iteration of epoch 13/50] 
 {loss} cls : 0.087, total : 0.087 
 {acc} cls : 98.44
------------------------------
<Losses on train> cls : 0.145, total : 0.145
<Accuracies on train> cls : 95.50
Train epoch time: 24.351
------------------------------
<Accuracies on val> class : 94.16
------------------------------
<Accuracies on test> class : 94.97
------------------------------
Total epoch time: 27.476

New epoch - lr: 0.001
[1/123 iteration of epoch 14/50] 
 {loss} cls : 0.116, total : 0.116 
 {acc} cls : 98.44
[31/123 iteration of epoch 14/50] 
 {loss} cls : 0.110, total : 0.110 
 {acc} cls : 95.31
[61/123 iteration of epoch 14/50] 
 {loss} cls : 0.212, total : 0.212 
 {acc} cls : 92.19
[91/123 iteration of epoch 14/50] 
 {loss} cls : 0.079, total : 0.079 
 {acc} cls : 98.44
[121/123 iteration of epoch 14/50] 
 {loss} cls : 0.090, total : 0.090 
 {acc} cls : 98.44
------------------------------
<Losses on train> cls : 0.128, total : 0.128
<Accuracies on train> cls : 95.76
Train epoch time: 24.206
------------------------------
<Accuracies on val> class : 95.94
------------------------------
<Accuracies on test> class : 95.63
------------------------------
Total epoch time: 27.926

New epoch - lr: 0.001
[1/123 iteration of epoch 15/50] 
 {loss} cls : 0.093, total : 0.093 
 {acc} cls : 98.44
[31/123 iteration of epoch 15/50] 
 {loss} cls : 0.072, total : 0.072 
 {acc} cls : 98.44
[61/123 iteration of epoch 15/50] 
 {loss} cls : 0.133, total : 0.133 
 {acc} cls : 92.19
[91/123 iteration of epoch 15/50] 
 {loss} cls : 0.136, total : 0.136 
 {acc} cls : 92.19
[121/123 iteration of epoch 15/50] 
 {loss} cls : 0.099, total : 0.099 
 {acc} cls : 96.88
------------------------------
<Losses on train> cls : 0.117, total : 0.117
<Accuracies on train> cls : 96.52
Train epoch time: 24.115
------------------------------
<Accuracies on val> class : 95.29
------------------------------
<Accuracies on test> class : 94.85
------------------------------
Total epoch time: 26.847

New epoch - lr: 0.001
[1/123 iteration of epoch 16/50] 
 {loss} cls : 0.070, total : 0.070 
 {acc} cls : 96.88
[31/123 iteration of epoch 16/50] 
 {loss} cls : 0.050, total : 0.050 
 {acc} cls : 98.44
[61/123 iteration of epoch 16/50] 
 {loss} cls : 0.101, total : 0.101 
 {acc} cls : 96.88
[91/123 iteration of epoch 16/50] 
 {loss} cls : 0.088, total : 0.088 
 {acc} cls : 98.44
[121/123 iteration of epoch 16/50] 
 {loss} cls : 0.090, total : 0.090 
 {acc} cls : 95.31
------------------------------
<Losses on train> cls : 0.111, total : 0.111
<Accuracies on train> cls : 96.77
Train epoch time: 24.358
------------------------------
<Accuracies on val> class : 94.97
------------------------------
<Accuracies on test> class : 95.39
------------------------------
Total epoch time: 27.125

New epoch - lr: 0.001
[1/123 iteration of epoch 17/50] 
 {loss} cls : 0.242, total : 0.242 
 {acc} cls : 93.75
[31/123 iteration of epoch 17/50] 
 {loss} cls : 0.107, total : 0.107 
 {acc} cls : 96.88
[61/123 iteration of epoch 17/50] 
 {loss} cls : 0.101, total : 0.101 
 {acc} cls : 96.88
[91/123 iteration of epoch 17/50] 
 {loss} cls : 0.054, total : 0.054 
 {acc} cls : 98.44
[121/123 iteration of epoch 17/50] 
 {loss} cls : 0.138, total : 0.138 
 {acc} cls : 93.75
------------------------------
<Losses on train> cls : 0.113, total : 0.113
<Accuracies on train> cls : 96.38
Train epoch time: 24.324
------------------------------
<Accuracies on val> class : 95.29
------------------------------
<Accuracies on test> class : 94.97
------------------------------
Total epoch time: 27.081

New epoch - lr: 0.001
[1/123 iteration of epoch 18/50] 
 {loss} cls : 0.045, total : 0.045 
 {acc} cls : 98.44
[31/123 iteration of epoch 18/50] 
 {loss} cls : 0.067, total : 0.067 
 {acc} cls : 98.44
[61/123 iteration of epoch 18/50] 
 {loss} cls : 0.116, total : 0.116 
 {acc} cls : 96.88
[91/123 iteration of epoch 18/50] 
 {loss} cls : 0.108, total : 0.108 
 {acc} cls : 96.88
[121/123 iteration of epoch 18/50] 
 {loss} cls : 0.129, total : 0.129 
 {acc} cls : 96.88
------------------------------
<Losses on train> cls : 0.096, total : 0.096
<Accuracies on train> cls : 97.12
Train epoch time: 24.179
------------------------------
<Accuracies on val> class : 95.94
------------------------------
<Accuracies on test> class : 95.33
------------------------------
Total epoch time: 27.749

New epoch - lr: 0.001
[1/123 iteration of epoch 19/50] 
 {loss} cls : 0.028, total : 0.028 
 {acc} cls : 100.00
[31/123 iteration of epoch 19/50] 
 {loss} cls : 0.102, total : 0.102 
 {acc} cls : 90.62
[61/123 iteration of epoch 19/50] 
 {loss} cls : 0.160, total : 0.160 
 {acc} cls : 92.19
[91/123 iteration of epoch 19/50] 
 {loss} cls : 0.106, total : 0.106 
 {acc} cls : 95.31
[121/123 iteration of epoch 19/50] 
 {loss} cls : 0.112, total : 0.112 
 {acc} cls : 96.88
------------------------------
<Losses on train> cls : 0.113, total : 0.113
<Accuracies on train> cls : 96.06
Train epoch time: 24.122
------------------------------
<Accuracies on val> class : 95.62
------------------------------
<Accuracies on test> class : 95.15
------------------------------
Total epoch time: 27.000

New epoch - lr: 0.001
[1/123 iteration of epoch 20/50] 
 {loss} cls : 0.137, total : 0.137 
 {acc} cls : 95.31
[31/123 iteration of epoch 20/50] 
 {loss} cls : 0.038, total : 0.038 
 {acc} cls : 100.00
[61/123 iteration of epoch 20/50] 
 {loss} cls : 0.045, total : 0.045 
 {acc} cls : 100.00
[91/123 iteration of epoch 20/50] 
 {loss} cls : 0.130, total : 0.130 
 {acc} cls : 93.75
[121/123 iteration of epoch 20/50] 
 {loss} cls : 0.063, total : 0.063 
 {acc} cls : 98.44
------------------------------
<Losses on train> cls : 0.084, total : 0.084
<Accuracies on train> cls : 97.59
Train epoch time: 24.098
------------------------------
<Accuracies on val> class : 95.13
------------------------------
<Accuracies on test> class : 94.79
------------------------------
Total epoch time: 26.909

New epoch - lr: 0.001
[1/123 iteration of epoch 21/50] 
 {loss} cls : 0.159, total : 0.159 
 {acc} cls : 93.75
[31/123 iteration of epoch 21/50] 
 {loss} cls : 0.020, total : 0.020 
 {acc} cls : 100.00
[61/123 iteration of epoch 21/50] 
 {loss} cls : 0.025, total : 0.025 
 {acc} cls : 100.00
[91/123 iteration of epoch 21/50] 
 {loss} cls : 0.134, total : 0.134 
 {acc} cls : 92.19
[121/123 iteration of epoch 21/50] 
 {loss} cls : 0.152, total : 0.152 
 {acc} cls : 96.88
------------------------------
<Losses on train> cls : 0.080, total : 0.080
<Accuracies on train> cls : 97.38
Train epoch time: 24.127
------------------------------
<Accuracies on val> class : 95.78
------------------------------
<Accuracies on test> class : 95.15
------------------------------
Total epoch time: 26.878

New epoch - lr: 0.001
[1/123 iteration of epoch 22/50] 
 {loss} cls : 0.096, total : 0.096 
 {acc} cls : 96.88
[31/123 iteration of epoch 22/50] 
 {loss} cls : 0.064, total : 0.064 
 {acc} cls : 98.44
[61/123 iteration of epoch 22/50] 
 {loss} cls : 0.036, total : 0.036 
 {acc} cls : 100.00
[91/123 iteration of epoch 22/50] 
 {loss} cls : 0.044, total : 0.044 
 {acc} cls : 100.00
[121/123 iteration of epoch 22/50] 
 {loss} cls : 0.071, total : 0.071 
 {acc} cls : 98.44
------------------------------
<Losses on train> cls : 0.067, total : 0.067
<Accuracies on train> cls : 98.17
Train epoch time: 24.215
------------------------------
<Accuracies on val> class : 95.62
------------------------------
<Accuracies on test> class : 94.43
------------------------------
Total epoch time: 27.209

New epoch - lr: 0.001
[1/123 iteration of epoch 23/50] 
 {loss} cls : 0.103, total : 0.103 
 {acc} cls : 96.88
[31/123 iteration of epoch 23/50] 
 {loss} cls : 0.053, total : 0.053 
 {acc} cls : 98.44
[61/123 iteration of epoch 23/50] 
 {loss} cls : 0.069, total : 0.069 
 {acc} cls : 98.44
[91/123 iteration of epoch 23/50] 
 {loss} cls : 0.027, total : 0.027 
 {acc} cls : 98.44
[121/123 iteration of epoch 23/50] 
 {loss} cls : 0.049, total : 0.049 
 {acc} cls : 100.00
------------------------------
<Losses on train> cls : 0.070, total : 0.070
<Accuracies on train> cls : 98.17
Train epoch time: 24.229
------------------------------
<Accuracies on val> class : 95.29
------------------------------
<Accuracies on test> class : 95.87
------------------------------
Total epoch time: 27.078

New epoch - lr: 0.001
[1/123 iteration of epoch 24/50] 
 {loss} cls : 0.064, total : 0.064 
 {acc} cls : 98.44
[31/123 iteration of epoch 24/50] 
 {loss} cls : 0.036, total : 0.036 
 {acc} cls : 100.00
[61/123 iteration of epoch 24/50] 
 {loss} cls : 0.062, total : 0.062 
 {acc} cls : 96.88
[91/123 iteration of epoch 24/50] 
 {loss} cls : 0.169, total : 0.169 
 {acc} cls : 93.75
[121/123 iteration of epoch 24/50] 
 {loss} cls : 0.102, total : 0.102 
 {acc} cls : 96.88
------------------------------
<Losses on train> cls : 0.056, total : 0.056
<Accuracies on train> cls : 98.41
Train epoch time: 24.238
------------------------------
<Accuracies on val> class : 95.78
------------------------------
<Accuracies on test> class : 95.03
------------------------------
Total epoch time: 26.981

New epoch - lr: 0.001
[1/123 iteration of epoch 25/50] 
 {loss} cls : 0.087, total : 0.087 
 {acc} cls : 96.88
[31/123 iteration of epoch 25/50] 
 {loss} cls : 0.096, total : 0.096 
 {acc} cls : 98.44
[61/123 iteration of epoch 25/50] 
 {loss} cls : 0.024, total : 0.024 
 {acc} cls : 100.00
[91/123 iteration of epoch 25/50] 
 {loss} cls : 0.063, total : 0.063 
 {acc} cls : 96.88
[121/123 iteration of epoch 25/50] 
 {loss} cls : 0.020, total : 0.020 
 {acc} cls : 100.00
------------------------------
<Losses on train> cls : 0.054, total : 0.054
<Accuracies on train> cls : 98.58
Train epoch time: 24.167
------------------------------
<Accuracies on val> class : 95.13
------------------------------
<Accuracies on test> class : 95.33
------------------------------
Total epoch time: 27.114

New epoch - lr: 0.001
[1/123 iteration of epoch 26/50] 
 {loss} cls : 0.133, total : 0.133 
 {acc} cls : 95.31
[31/123 iteration of epoch 26/50] 
 {loss} cls : 0.118, total : 0.118 
 {acc} cls : 96.88
[61/123 iteration of epoch 26/50] 
 {loss} cls : 0.019, total : 0.019 
 {acc} cls : 100.00
[91/123 iteration of epoch 26/50] 
 {loss} cls : 0.049, total : 0.049 
 {acc} cls : 98.44
[121/123 iteration of epoch 26/50] 
 {loss} cls : 0.053, total : 0.053 
 {acc} cls : 98.44
------------------------------
<Losses on train> cls : 0.063, total : 0.063
<Accuracies on train> cls : 98.06
Train epoch time: 24.223
------------------------------
<Accuracies on val> class : 95.29
------------------------------
<Accuracies on test> class : 95.33
------------------------------
Total epoch time: 26.994

New epoch - lr: 0.001
[1/123 iteration of epoch 27/50] 
 {loss} cls : 0.075, total : 0.075 
 {acc} cls : 96.88
[31/123 iteration of epoch 27/50] 
 {loss} cls : 0.180, total : 0.180 
 {acc} cls : 95.31
[61/123 iteration of epoch 27/50] 
 {loss} cls : 0.026, total : 0.026 
 {acc} cls : 98.44
[91/123 iteration of epoch 27/50] 
 {loss} cls : 0.053, total : 0.053 
 {acc} cls : 98.44
[121/123 iteration of epoch 27/50] 
 {loss} cls : 0.025, total : 0.025 
 {acc} cls : 100.00
------------------------------
<Losses on train> cls : 0.046, total : 0.046
<Accuracies on train> cls : 98.73
Train epoch time: 24.285
------------------------------
<Accuracies on val> class : 96.10
------------------------------
<Accuracies on test> class : 95.75
------------------------------
Total epoch time: 28.231

New epoch - lr: 0.001
[1/123 iteration of epoch 28/50] 
 {loss} cls : 0.036, total : 0.036 
 {acc} cls : 98.44
[31/123 iteration of epoch 28/50] 
 {loss} cls : 0.061, total : 0.061 
 {acc} cls : 98.44
[61/123 iteration of epoch 28/50] 
 {loss} cls : 0.095, total : 0.095 
 {acc} cls : 100.00
[91/123 iteration of epoch 28/50] 
 {loss} cls : 0.150, total : 0.150 
 {acc} cls : 96.88
[121/123 iteration of epoch 28/50] 
 {loss} cls : 0.077, total : 0.077 
 {acc} cls : 96.88
------------------------------
<Losses on train> cls : 0.085, total : 0.085
<Accuracies on train> cls : 97.00
Train epoch time: 24.070
------------------------------
<Accuracies on val> class : 95.13
------------------------------
<Accuracies on test> class : 95.75
------------------------------
Total epoch time: 27.002

New epoch - lr: 0.001
[1/123 iteration of epoch 29/50] 
 {loss} cls : 0.149, total : 0.149 
 {acc} cls : 95.31
[31/123 iteration of epoch 29/50] 
 {loss} cls : 0.035, total : 0.035 
 {acc} cls : 98.44
[61/123 iteration of epoch 29/50] 
 {loss} cls : 0.014, total : 0.014 
 {acc} cls : 100.00
[91/123 iteration of epoch 29/50] 
 {loss} cls : 0.114, total : 0.114 
 {acc} cls : 95.31
[121/123 iteration of epoch 29/50] 
 {loss} cls : 0.066, total : 0.066 
 {acc} cls : 98.44
------------------------------
<Losses on train> cls : 0.057, total : 0.057
<Accuracies on train> cls : 98.46
Train epoch time: 24.146
------------------------------
<Accuracies on val> class : 95.45
------------------------------
<Accuracies on test> class : 95.39
------------------------------
Total epoch time: 27.038

New epoch - lr: 0.001
[1/123 iteration of epoch 30/50] 
 {loss} cls : 0.021, total : 0.021 
 {acc} cls : 100.00
[31/123 iteration of epoch 30/50] 
 {loss} cls : 0.021, total : 0.021 
 {acc} cls : 100.00
[61/123 iteration of epoch 30/50] 
 {loss} cls : 0.014, total : 0.014 
 {acc} cls : 100.00
[91/123 iteration of epoch 30/50] 
 {loss} cls : 0.076, total : 0.076 
 {acc} cls : 98.44
[121/123 iteration of epoch 30/50] 
 {loss} cls : 0.018, total : 0.018 
 {acc} cls : 100.00
------------------------------
<Losses on train> cls : 0.050, total : 0.050
<Accuracies on train> cls : 98.59
Train epoch time: 24.121
------------------------------
<Accuracies on val> class : 95.13
------------------------------
<Accuracies on test> class : 95.45
------------------------------
Total epoch time: 26.974

New epoch - lr: 0.001
[1/123 iteration of epoch 31/50] 
 {loss} cls : 0.031, total : 0.031 
 {acc} cls : 98.44
[31/123 iteration of epoch 31/50] 
 {loss} cls : 0.046, total : 0.046 
 {acc} cls : 96.88
[61/123 iteration of epoch 31/50] 
 {loss} cls : 0.006, total : 0.006 
 {acc} cls : 100.00
[91/123 iteration of epoch 31/50] 
 {loss} cls : 0.009, total : 0.009 
 {acc} cls : 100.00
[121/123 iteration of epoch 31/50] 
 {loss} cls : 0.034, total : 0.034 
 {acc} cls : 100.00
------------------------------
<Losses on train> cls : 0.038, total : 0.038
<Accuracies on train> cls : 99.05
Train epoch time: 24.126
------------------------------
<Accuracies on val> class : 94.97
------------------------------
<Accuracies on test> class : 95.15
------------------------------
Total epoch time: 27.075

New epoch - lr: 0.001
[1/123 iteration of epoch 32/50] 
 {loss} cls : 0.038, total : 0.038 
 {acc} cls : 100.00
[31/123 iteration of epoch 32/50] 
 {loss} cls : 0.022, total : 0.022 
 {acc} cls : 100.00
[61/123 iteration of epoch 32/50] 
 {loss} cls : 0.022, total : 0.022 
 {acc} cls : 100.00
[91/123 iteration of epoch 32/50] 
 {loss} cls : 0.015, total : 0.015 
 {acc} cls : 100.00
[121/123 iteration of epoch 32/50] 
 {loss} cls : 0.079, total : 0.079 
 {acc} cls : 98.44
------------------------------
<Losses on train> cls : 0.040, total : 0.040
<Accuracies on train> cls : 98.87
Train epoch time: 24.191
------------------------------
<Accuracies on val> class : 95.62
------------------------------
<Accuracies on test> class : 95.39
------------------------------
Total epoch time: 27.010

New epoch - lr: 0.001
[1/123 iteration of epoch 33/50] 
 {loss} cls : 0.047, total : 0.047 
 {acc} cls : 98.44
[31/123 iteration of epoch 33/50] 
 {loss} cls : 0.039, total : 0.039 
 {acc} cls : 98.44
[61/123 iteration of epoch 33/50] 
 {loss} cls : 0.085, total : 0.085 
 {acc} cls : 96.88
[91/123 iteration of epoch 33/50] 
 {loss} cls : 0.004, total : 0.004 
 {acc} cls : 100.00
[121/123 iteration of epoch 33/50] 
 {loss} cls : 0.048, total : 0.048 
 {acc} cls : 98.44
------------------------------
<Losses on train> cls : 0.036, total : 0.036
<Accuracies on train> cls : 99.02
Train epoch time: 24.248
------------------------------
<Accuracies on val> class : 95.62
------------------------------
<Accuracies on test> class : 95.81
------------------------------
Total epoch time: 27.070

New epoch - lr: 0.001
[1/123 iteration of epoch 34/50] 
 {loss} cls : 0.025, total : 0.025 
 {acc} cls : 100.00
[31/123 iteration of epoch 34/50] 
 {loss} cls : 0.012, total : 0.012 
 {acc} cls : 100.00
[61/123 iteration of epoch 34/50] 
 {loss} cls : 0.092, total : 0.092 
 {acc} cls : 96.88
[91/123 iteration of epoch 34/50] 
 {loss} cls : 0.008, total : 0.008 
 {acc} cls : 100.00
[121/123 iteration of epoch 34/50] 
 {loss} cls : 0.031, total : 0.031 
 {acc} cls : 98.44
------------------------------
<Losses on train> cls : 0.035, total : 0.035
<Accuracies on train> cls : 99.07
Train epoch time: 24.246
------------------------------
<Accuracies on val> class : 95.45
------------------------------
<Accuracies on test> class : 95.21
------------------------------
Total epoch time: 27.059

New epoch - lr: 0.001
[1/123 iteration of epoch 35/50] 
 {loss} cls : 0.028, total : 0.028 
 {acc} cls : 100.00
[31/123 iteration of epoch 35/50] 
 {loss} cls : 0.010, total : 0.010 
 {acc} cls : 100.00
[61/123 iteration of epoch 35/50] 
 {loss} cls : 0.024, total : 0.024 
 {acc} cls : 100.00
[91/123 iteration of epoch 35/50] 
 {loss} cls : 0.034, total : 0.034 
 {acc} cls : 100.00
[121/123 iteration of epoch 35/50] 
 {loss} cls : 0.141, total : 0.141 
 {acc} cls : 93.75
------------------------------
<Losses on train> cls : 0.054, total : 0.054
<Accuracies on train> cls : 98.27
Train epoch time: 24.543
------------------------------
<Accuracies on val> class : 95.94
------------------------------
<Accuracies on test> class : 95.39
------------------------------
Total epoch time: 27.332

New epoch - lr: 0.001
[1/123 iteration of epoch 36/50] 
 {loss} cls : 0.037, total : 0.037 
 {acc} cls : 100.00
[31/123 iteration of epoch 36/50] 
 {loss} cls : 0.029, total : 0.029 
 {acc} cls : 100.00
[61/123 iteration of epoch 36/50] 
 {loss} cls : 0.074, total : 0.074 
 {acc} cls : 95.31
[91/123 iteration of epoch 36/50] 
 {loss} cls : 0.028, total : 0.028 
 {acc} cls : 100.00
[121/123 iteration of epoch 36/50] 
 {loss} cls : 0.010, total : 0.010 
 {acc} cls : 100.00
------------------------------
<Losses on train> cls : 0.054, total : 0.054
<Accuracies on train> cls : 98.06
Train epoch time: 24.198
------------------------------
<Accuracies on val> class : 94.81
------------------------------
<Accuracies on test> class : 94.61
------------------------------
Total epoch time: 27.084

New epoch - lr: 0.001
[1/123 iteration of epoch 37/50] 
 {loss} cls : 0.114, total : 0.114 
 {acc} cls : 89.06
[31/123 iteration of epoch 37/50] 
 {loss} cls : 0.021, total : 0.021 
 {acc} cls : 100.00
[61/123 iteration of epoch 37/50] 
 {loss} cls : 0.036, total : 0.036 
 {acc} cls : 100.00
[91/123 iteration of epoch 37/50] 
 {loss} cls : 0.018, total : 0.018 
 {acc} cls : 100.00
[121/123 iteration of epoch 37/50] 
 {loss} cls : 0.013, total : 0.013 
 {acc} cls : 100.00
------------------------------
<Losses on train> cls : 0.047, total : 0.047
<Accuracies on train> cls : 98.56
Train epoch time: 24.199
------------------------------
<Accuracies on val> class : 95.29
------------------------------
<Accuracies on test> class : 95.57
------------------------------
Total epoch time: 26.971

New epoch - lr: 0.001
[1/123 iteration of epoch 38/50] 
 {loss} cls : 0.038, total : 0.038 
 {acc} cls : 100.00
[31/123 iteration of epoch 38/50] 
 {loss} cls : 0.024, total : 0.024 
 {acc} cls : 98.44
[61/123 iteration of epoch 38/50] 
 {loss} cls : 0.011, total : 0.011 
 {acc} cls : 100.00
[91/123 iteration of epoch 38/50] 
 {loss} cls : 0.021, total : 0.021 
 {acc} cls : 100.00
[121/123 iteration of epoch 38/50] 
 {loss} cls : 0.035, total : 0.035 
 {acc} cls : 98.44
------------------------------
<Losses on train> cls : 0.033, total : 0.033
<Accuracies on train> cls : 99.09
Train epoch time: 24.206
------------------------------
<Accuracies on val> class : 95.62
------------------------------
<Accuracies on test> class : 95.45
------------------------------
Total epoch time: 26.938

New epoch - lr: 0.001
[1/123 iteration of epoch 39/50] 
 {loss} cls : 0.068, total : 0.068 
 {acc} cls : 98.44
[31/123 iteration of epoch 39/50] 
 {loss} cls : 0.014, total : 0.014 
 {acc} cls : 100.00
[61/123 iteration of epoch 39/50] 
 {loss} cls : 0.006, total : 0.006 
 {acc} cls : 100.00
[91/123 iteration of epoch 39/50] 
 {loss} cls : 0.021, total : 0.021 
 {acc} cls : 100.00
[121/123 iteration of epoch 39/50] 
 {loss} cls : 0.028, total : 0.028 
 {acc} cls : 100.00
------------------------------
<Losses on train> cls : 0.032, total : 0.032
<Accuracies on train> cls : 99.15
Train epoch time: 24.164
------------------------------
<Accuracies on val> class : 95.94
------------------------------
<Accuracies on test> class : 95.51
------------------------------
Total epoch time: 26.974

New epoch - lr: 0.0001
[1/123 iteration of epoch 40/50] 
 {loss} cls : 0.007, total : 0.007 
 {acc} cls : 100.00
[31/123 iteration of epoch 40/50] 
 {loss} cls : 0.072, total : 0.072 
 {acc} cls : 98.44
[61/123 iteration of epoch 40/50] 
 {loss} cls : 0.033, total : 0.033 
 {acc} cls : 98.44
[91/123 iteration of epoch 40/50] 
 {loss} cls : 0.040, total : 0.040 
 {acc} cls : 100.00
[121/123 iteration of epoch 40/50] 
 {loss} cls : 0.048, total : 0.048 
 {acc} cls : 100.00
------------------------------
<Losses on train> cls : 0.041, total : 0.041
<Accuracies on train> cls : 99.06
Train epoch time: 24.339
------------------------------
<Accuracies on val> class : 95.62
------------------------------
<Accuracies on test> class : 95.63
------------------------------
Total epoch time: 27.725

New epoch - lr: 0.0001
[1/123 iteration of epoch 41/50] 
 {loss} cls : 0.032, total : 0.032 
 {acc} cls : 98.44
[31/123 iteration of epoch 41/50] 
 {loss} cls : 0.021, total : 0.021 
 {acc} cls : 100.00
[61/123 iteration of epoch 41/50] 
 {loss} cls : 0.034, total : 0.034 
 {acc} cls : 98.44
[91/123 iteration of epoch 41/50] 
 {loss} cls : 0.018, total : 0.018 
 {acc} cls : 100.00
[121/123 iteration of epoch 41/50] 
 {loss} cls : 0.017, total : 0.017 
 {acc} cls : 100.00
------------------------------
<Losses on train> cls : 0.069, total : 0.069
<Accuracies on train> cls : 98.01
Train epoch time: 24.129
------------------------------
<Accuracies on val> class : 95.94
------------------------------
<Accuracies on test> class : 95.99
------------------------------
Total epoch time: 27.056

New epoch - lr: 0.0001
[1/123 iteration of epoch 42/50] 
 {loss} cls : 0.049, total : 0.049 
 {acc} cls : 100.00
[31/123 iteration of epoch 42/50] 
 {loss} cls : 0.022, total : 0.022 
 {acc} cls : 100.00
[61/123 iteration of epoch 42/50] 
 {loss} cls : 0.012, total : 0.012 
 {acc} cls : 100.00
[91/123 iteration of epoch 42/50] 
 {loss} cls : 0.192, total : 0.192 
 {acc} cls : 93.75
[121/123 iteration of epoch 42/50] 
 {loss} cls : 0.014, total : 0.014 
 {acc} cls : 100.00
------------------------------
<Losses on train> cls : 0.063, total : 0.063
<Accuracies on train> cls : 98.58
Train epoch time: 24.031
------------------------------
<Accuracies on val> class : 95.29
------------------------------
<Accuracies on test> class : 95.27
------------------------------
Total epoch time: 26.839

New epoch - lr: 0.0001
[1/123 iteration of epoch 43/50] 
 {loss} cls : 0.075, total : 0.075 
 {acc} cls : 100.00
[31/123 iteration of epoch 43/50] 
 {loss} cls : 0.029, total : 0.029 
 {acc} cls : 100.00
[61/123 iteration of epoch 43/50] 
 {loss} cls : 0.135, total : 0.135 
 {acc} cls : 89.06
[91/123 iteration of epoch 43/50] 
 {loss} cls : 0.155, total : 0.155 
 {acc} cls : 98.44
[121/123 iteration of epoch 43/50] 
 {loss} cls : 0.056, total : 0.056 
 {acc} cls : 100.00
------------------------------
<Losses on train> cls : 0.073, total : 0.073
<Accuracies on train> cls : 97.79
Train epoch time: 24.067
------------------------------
<Accuracies on val> class : 95.78
------------------------------
<Accuracies on test> class : 95.51
------------------------------
Total epoch time: 26.858

New epoch - lr: 0.0001
[1/123 iteration of epoch 44/50] 
 {loss} cls : 0.079, total : 0.079 
 {acc} cls : 100.00
[31/123 iteration of epoch 44/50] 
 {loss} cls : 0.083, total : 0.083 
 {acc} cls : 98.44
[61/123 iteration of epoch 44/50] 
 {loss} cls : 0.062, total : 0.062 
 {acc} cls : 100.00
[91/123 iteration of epoch 44/50] 
 {loss} cls : 0.040, total : 0.040 
 {acc} cls : 100.00
[121/123 iteration of epoch 44/50] 
 {loss} cls : 0.070, total : 0.070 
 {acc} cls : 98.44
------------------------------
<Losses on train> cls : 0.058, total : 0.058
<Accuracies on train> cls : 98.96
Train epoch time: 24.259
------------------------------
<Accuracies on val> class : 95.94
------------------------------
<Accuracies on test> class : 95.75
------------------------------
Total epoch time: 27.041

New epoch - lr: 0.0001
[1/123 iteration of epoch 45/50] 
 {loss} cls : 0.024, total : 0.024 
 {acc} cls : 98.44
[31/123 iteration of epoch 45/50] 
 {loss} cls : 0.016, total : 0.016 
 {acc} cls : 100.00
[61/123 iteration of epoch 45/50] 
 {loss} cls : 0.064, total : 0.064 
 {acc} cls : 98.44
[91/123 iteration of epoch 45/50] 
 {loss} cls : 0.026, total : 0.026 
 {acc} cls : 100.00
[121/123 iteration of epoch 45/50] 
 {loss} cls : 0.039, total : 0.039 
 {acc} cls : 100.00
------------------------------
<Losses on train> cls : 0.050, total : 0.050
<Accuracies on train> cls : 98.95
Train epoch time: 24.186
------------------------------
<Accuracies on val> class : 95.13
------------------------------
<Accuracies on test> class : 95.15
------------------------------
Total epoch time: 27.105

New epoch - lr: 0.0001
[1/123 iteration of epoch 46/50] 
 {loss} cls : 0.078, total : 0.078 
 {acc} cls : 96.88
[31/123 iteration of epoch 46/50] 
 {loss} cls : 0.030, total : 0.030 
 {acc} cls : 98.44
[61/123 iteration of epoch 46/50] 
 {loss} cls : 0.040, total : 0.040 
 {acc} cls : 100.00
[91/123 iteration of epoch 46/50] 
 {loss} cls : 0.026, total : 0.026 
 {acc} cls : 100.00
[121/123 iteration of epoch 46/50] 
 {loss} cls : 0.199, total : 0.199 
 {acc} cls : 96.88
------------------------------
<Losses on train> cls : 0.061, total : 0.061
<Accuracies on train> cls : 98.60
Train epoch time: 24.070
------------------------------
<Accuracies on val> class : 96.10
------------------------------
<Accuracies on test> class : 95.87
------------------------------
Total epoch time: 27.185

New epoch - lr: 0.0001
[1/123 iteration of epoch 47/50] 
 {loss} cls : 0.036, total : 0.036 
 {acc} cls : 100.00
[31/123 iteration of epoch 47/50] 
 {loss} cls : 0.022, total : 0.022 
 {acc} cls : 100.00
[61/123 iteration of epoch 47/50] 
 {loss} cls : 0.061, total : 0.061 
 {acc} cls : 98.44
[91/123 iteration of epoch 47/50] 
 {loss} cls : 0.030, total : 0.030 
 {acc} cls : 100.00
[121/123 iteration of epoch 47/50] 
 {loss} cls : 0.014, total : 0.014 
 {acc} cls : 100.00
------------------------------
<Losses on train> cls : 0.048, total : 0.048
<Accuracies on train> cls : 99.07
Train epoch time: 23.474
------------------------------
<Accuracies on val> class : 96.10
------------------------------
<Accuracies on test> class : 95.75
------------------------------
Total epoch time: 26.906

New epoch - lr: 0.0001
[1/123 iteration of epoch 48/50] 
 {loss} cls : 0.015, total : 0.015 
 {acc} cls : 100.00
[31/123 iteration of epoch 48/50] 
 {loss} cls : 0.017, total : 0.017 
 {acc} cls : 100.00
[61/123 iteration of epoch 48/50] 
 {loss} cls : 0.029, total : 0.029 
 {acc} cls : 100.00
[91/123 iteration of epoch 48/50] 
 {loss} cls : 0.077, total : 0.077 
 {acc} cls : 98.44
[121/123 iteration of epoch 48/50] 
 {loss} cls : 0.100, total : 0.100 
 {acc} cls : 95.31
------------------------------
<Losses on train> cls : 0.067, total : 0.067
<Accuracies on train> cls : 98.48
Train epoch time: 23.720
------------------------------
<Accuracies on val> class : 95.94
------------------------------
<Accuracies on test> class : 95.81
------------------------------
Total epoch time: 26.516

New epoch - lr: 0.0001
[1/123 iteration of epoch 49/50] 
 {loss} cls : 0.106, total : 0.106 
 {acc} cls : 96.88
[31/123 iteration of epoch 49/50] 
 {loss} cls : 0.074, total : 0.074 
 {acc} cls : 100.00
[61/123 iteration of epoch 49/50] 
 {loss} cls : 0.032, total : 0.032 
 {acc} cls : 98.44
[91/123 iteration of epoch 49/50] 
 {loss} cls : 0.088, total : 0.088 
 {acc} cls : 95.31
[121/123 iteration of epoch 49/50] 
 {loss} cls : 0.120, total : 0.120 
 {acc} cls : 100.00
------------------------------
<Losses on train> cls : 0.091, total : 0.091
<Accuracies on train> cls : 97.14
Train epoch time: 23.753
------------------------------
<Accuracies on val> class : 95.62
------------------------------
<Accuracies on test> class : 95.63
------------------------------
Total epoch time: 26.598

New epoch - lr: 0.0001
[1/123 iteration of epoch 50/50] 
 {loss} cls : 0.142, total : 0.142 
 {acc} cls : 96.88
[31/123 iteration of epoch 50/50] 
 {loss} cls : 0.140, total : 0.140 
 {acc} cls : 95.31
[61/123 iteration of epoch 50/50] 
 {loss} cls : 0.038, total : 0.038 
 {acc} cls : 100.00
[91/123 iteration of epoch 50/50] 
 {loss} cls : 0.093, total : 0.093 
 {acc} cls : 100.00
[121/123 iteration of epoch 50/50] 
 {loss} cls : 0.309, total : 0.309 
 {acc} cls : 71.88
------------------------------
<Losses on train> cls : 0.129, total : 0.129
<Accuracies on train> cls : 95.63
Train epoch time: 23.664
------------------------------
<Accuracies on val> class : 95.62
------------------------------
<Accuracies on test> class : 95.81
------------------------------
Total epoch time: 26.356

******************************
Best val 0.961039, corresponding test 0.957485 - best test: 0.95988
