
Loading experiment Texture/ResNet18_step


New epoch - lr: 0.003
[1/75 iteration of epoch 1/30] 
 {loss} cls : 2.958, total : 2.958 
 {acc} cls : 5.47
[31/75 iteration of epoch 1/30] 
 {loss} cls : 0.401, total : 0.401 
 {acc} cls : 89.06
[61/75 iteration of epoch 1/30] 
 {loss} cls : 0.335, total : 0.335 
 {acc} cls : 89.84
------------------------------
<Losses on train> cls : 0.544, total : 0.544
<Accuracies on train> cls : 84.60
Train epoch time: 40.975
------------------------------
<Accuracies on val> class : 88.09
------------------------------
<Accuracies on test> class : 51.31
------------------------------
<Accuracies on in> test class : 79.88
------------------------------
<Accuracies on random> test class : 22.03
------------------------------
<Accuracies on edge> test class : 20.00
------------------------------
<Accuracies on silo> test class : 31.25
------------------------------
Total epoch time: 62.367

New epoch - lr: 0.003
[1/75 iteration of epoch 2/30] 
 {loss} cls : 0.338, total : 0.338 
 {acc} cls : 91.41
[31/75 iteration of epoch 2/30] 
 {loss} cls : 0.101, total : 0.101 
 {acc} cls : 96.88
[61/75 iteration of epoch 2/30] 
 {loss} cls : 0.143, total : 0.143 
 {acc} cls : 94.53
------------------------------
<Losses on train> cls : 0.247, total : 0.247
<Accuracies on train> cls : 92.89
Train epoch time: 40.242
------------------------------
<Accuracies on val> class : 88.19
------------------------------
<Accuracies on test> class : 52.19
------------------------------
<Accuracies on in> test class : 80.88
------------------------------
<Accuracies on random> test class : 22.34
------------------------------
<Accuracies on edge> test class : 22.50
------------------------------
<Accuracies on silo> test class : 33.75
------------------------------
Total epoch time: 61.721

New epoch - lr: 0.003
[1/75 iteration of epoch 3/30] 
 {loss} cls : 0.161, total : 0.161 
 {acc} cls : 95.31
[31/75 iteration of epoch 3/30] 
 {loss} cls : 0.161, total : 0.161 
 {acc} cls : 95.31
[61/75 iteration of epoch 3/30] 
 {loss} cls : 0.104, total : 0.104 
 {acc} cls : 96.09
------------------------------
<Losses on train> cls : 0.223, total : 0.223
<Accuracies on train> cls : 93.42
Train epoch time: 40.488
------------------------------
<Accuracies on val> class : 86.78
------------------------------
<Accuracies on test> class : 50.50
------------------------------
<Accuracies on in> test class : 77.50
------------------------------
<Accuracies on random> test class : 23.98
------------------------------
<Accuracies on edge> test class : 18.12
------------------------------
<Accuracies on silo> test class : 25.00
------------------------------
Total epoch time: 61.520

New epoch - lr: 0.003
[1/75 iteration of epoch 4/30] 
 {loss} cls : 0.163, total : 0.163 
 {acc} cls : 94.53
[31/75 iteration of epoch 4/30] 
 {loss} cls : 0.164, total : 0.164 
 {acc} cls : 96.09
[61/75 iteration of epoch 4/30] 
 {loss} cls : 0.141, total : 0.141 
 {acc} cls : 94.53
------------------------------
<Losses on train> cls : 0.184, total : 0.184
<Accuracies on train> cls : 94.72
Train epoch time: 40.905
------------------------------
<Accuracies on val> class : 87.31
------------------------------
<Accuracies on test> class : 52.78
------------------------------
<Accuracies on in> test class : 79.00
------------------------------
<Accuracies on random> test class : 26.48
------------------------------
<Accuracies on edge> test class : 25.62
------------------------------
<Accuracies on silo> test class : 28.12
------------------------------
Total epoch time: 62.107

New epoch - lr: 0.003
[1/75 iteration of epoch 5/30] 
 {loss} cls : 0.221, total : 0.221 
 {acc} cls : 94.53
[31/75 iteration of epoch 5/30] 
 {loss} cls : 0.152, total : 0.152 
 {acc} cls : 94.53
[61/75 iteration of epoch 5/30] 
 {loss} cls : 0.220, total : 0.220 
 {acc} cls : 93.75
------------------------------
<Losses on train> cls : 0.169, total : 0.169
<Accuracies on train> cls : 95.08
Train epoch time: 41.383
------------------------------
<Accuracies on val> class : 88.31
------------------------------
<Accuracies on test> class : 55.34
------------------------------
<Accuracies on in> test class : 83.50
------------------------------
<Accuracies on random> test class : 25.86
------------------------------
<Accuracies on edge> test class : 28.75
------------------------------
<Accuracies on silo> test class : 36.25
------------------------------
Total epoch time: 62.840

New epoch - lr: 0.003
[1/75 iteration of epoch 6/30] 
 {loss} cls : 0.154, total : 0.154 
 {acc} cls : 96.88
[31/75 iteration of epoch 6/30] 
 {loss} cls : 0.104, total : 0.104 
 {acc} cls : 97.66
[61/75 iteration of epoch 6/30] 
 {loss} cls : 0.226, total : 0.226 
 {acc} cls : 93.75
------------------------------
<Losses on train> cls : 0.171, total : 0.171
<Accuracies on train> cls : 94.84
Train epoch time: 40.127
------------------------------
<Accuracies on val> class : 88.50
------------------------------
<Accuracies on test> class : 54.03
------------------------------
<Accuracies on in> test class : 80.12
------------------------------
<Accuracies on random> test class : 27.89
------------------------------
<Accuracies on edge> test class : 21.25
------------------------------
<Accuracies on silo> test class : 35.00
------------------------------
Total epoch time: 61.569

New epoch - lr: 0.003
[1/75 iteration of epoch 7/30] 
 {loss} cls : 0.215, total : 0.215 
 {acc} cls : 92.97
[31/75 iteration of epoch 7/30] 
 {loss} cls : 0.187, total : 0.187 
 {acc} cls : 94.53
[61/75 iteration of epoch 7/30] 
 {loss} cls : 0.227, total : 0.227 
 {acc} cls : 92.97
------------------------------
<Losses on train> cls : 0.165, total : 0.165
<Accuracies on train> cls : 95.09
Train epoch time: 41.188
------------------------------
<Accuracies on val> class : 88.06
------------------------------
<Accuracies on test> class : 54.47
------------------------------
<Accuracies on in> test class : 80.69
------------------------------
<Accuracies on random> test class : 27.66
------------------------------
<Accuracies on edge> test class : 21.25
------------------------------
<Accuracies on silo> test class : 40.00
------------------------------
Total epoch time: 62.267

New epoch - lr: 0.003
[1/75 iteration of epoch 8/30] 
 {loss} cls : 0.320, total : 0.320 
 {acc} cls : 91.41
[31/75 iteration of epoch 8/30] 
 {loss} cls : 0.258, total : 0.258 
 {acc} cls : 92.19
[61/75 iteration of epoch 8/30] 
 {loss} cls : 0.229, total : 0.229 
 {acc} cls : 90.62
------------------------------
<Losses on train> cls : 0.163, total : 0.163
<Accuracies on train> cls : 95.17
Train epoch time: 40.651
------------------------------
<Accuracies on val> class : 88.81
------------------------------
<Accuracies on test> class : 54.94
------------------------------
<Accuracies on in> test class : 81.25
------------------------------
<Accuracies on random> test class : 28.36
------------------------------
<Accuracies on edge> test class : 22.50
------------------------------
<Accuracies on silo> test class : 36.88
------------------------------
Total epoch time: 62.210

New epoch - lr: 0.003
[1/75 iteration of epoch 9/30] 
 {loss} cls : 0.134, total : 0.134 
 {acc} cls : 96.88
[31/75 iteration of epoch 9/30] 
 {loss} cls : 0.037, total : 0.037 
 {acc} cls : 98.44
[61/75 iteration of epoch 9/30] 
 {loss} cls : 0.196, total : 0.196 
 {acc} cls : 94.53
------------------------------
<Losses on train> cls : 0.151, total : 0.151
<Accuracies on train> cls : 95.43
Train epoch time: 40.055
------------------------------
<Accuracies on val> class : 87.50
------------------------------
<Accuracies on test> class : 54.78
------------------------------
<Accuracies on in> test class : 80.88
------------------------------
<Accuracies on random> test class : 28.75
------------------------------
<Accuracies on edge> test class : 26.25
------------------------------
<Accuracies on silo> test class : 30.63
------------------------------
Total epoch time: 61.196

New epoch - lr: 0.003
[1/75 iteration of epoch 10/30] 
 {loss} cls : 0.177, total : 0.177 
 {acc} cls : 96.09
[31/75 iteration of epoch 10/30] 
 {loss} cls : 0.090, total : 0.090 
 {acc} cls : 96.88
[61/75 iteration of epoch 10/30] 
 {loss} cls : 0.052, total : 0.052 
 {acc} cls : 99.22
------------------------------
<Losses on train> cls : 0.146, total : 0.146
<Accuracies on train> cls : 95.57
Train epoch time: 40.128
------------------------------
<Accuracies on val> class : 88.34
------------------------------
<Accuracies on test> class : 56.09
------------------------------
<Accuracies on in> test class : 80.88
------------------------------
<Accuracies on random> test class : 29.45
------------------------------
<Accuracies on edge> test class : 29.38
------------------------------
<Accuracies on silo> test class : 48.12
------------------------------
Total epoch time: 61.263

New epoch - lr: 0.003
[1/75 iteration of epoch 11/30] 
 {loss} cls : 0.177, total : 0.177 
 {acc} cls : 93.75
[31/75 iteration of epoch 11/30] 
 {loss} cls : 0.179, total : 0.179 
 {acc} cls : 94.53
[61/75 iteration of epoch 11/30] 
 {loss} cls : 0.157, total : 0.157 
 {acc} cls : 94.53
------------------------------
<Losses on train> cls : 0.148, total : 0.148
<Accuracies on train> cls : 95.60
Train epoch time: 40.132
------------------------------
<Accuracies on val> class : 86.94
------------------------------
<Accuracies on test> class : 55.19
------------------------------
<Accuracies on in> test class : 80.38
------------------------------
<Accuracies on random> test class : 29.38
------------------------------
<Accuracies on edge> test class : 25.62
------------------------------
<Accuracies on silo> test class : 39.38
------------------------------
Total epoch time: 61.144

New epoch - lr: 0.003
[1/75 iteration of epoch 12/30] 
 {loss} cls : 0.174, total : 0.174 
 {acc} cls : 93.75
[31/75 iteration of epoch 12/30] 
 {loss} cls : 0.236, total : 0.236 
 {acc} cls : 93.75
[61/75 iteration of epoch 12/30] 
 {loss} cls : 0.163, total : 0.163 
 {acc} cls : 96.88
------------------------------
<Losses on train> cls : 0.149, total : 0.149
<Accuracies on train> cls : 95.55
Train epoch time: 40.341
------------------------------
<Accuracies on val> class : 87.41
------------------------------
<Accuracies on test> class : 56.94
------------------------------
<Accuracies on in> test class : 81.25
------------------------------
<Accuracies on random> test class : 31.80
------------------------------
<Accuracies on edge> test class : 31.25
------------------------------
<Accuracies on silo> test class : 40.62
------------------------------
Total epoch time: 61.467

New epoch - lr: 0.003
[1/75 iteration of epoch 13/30] 
 {loss} cls : 0.143, total : 0.143 
 {acc} cls : 95.31
[31/75 iteration of epoch 13/30] 
 {loss} cls : 0.106, total : 0.106 
 {acc} cls : 96.09
[61/75 iteration of epoch 13/30] 
 {loss} cls : 0.082, total : 0.082 
 {acc} cls : 97.66
------------------------------
<Losses on train> cls : 0.137, total : 0.137
<Accuracies on train> cls : 95.90
Train epoch time: 41.379
------------------------------
<Accuracies on val> class : 87.81
------------------------------
<Accuracies on test> class : 57.00
------------------------------
<Accuracies on in> test class : 81.38
------------------------------
<Accuracies on random> test class : 31.17
------------------------------
<Accuracies on edge> test class : 33.12
------------------------------
<Accuracies on silo> test class : 43.75
------------------------------
Total epoch time: 62.475

New epoch - lr: 0.003
[1/75 iteration of epoch 14/30] 
 {loss} cls : 0.059, total : 0.059 
 {acc} cls : 98.44
[31/75 iteration of epoch 14/30] 
 {loss} cls : 0.102, total : 0.102 
 {acc} cls : 96.88
[61/75 iteration of epoch 14/30] 
 {loss} cls : 0.090, total : 0.090 
 {acc} cls : 97.66
------------------------------
<Losses on train> cls : 0.143, total : 0.143
<Accuracies on train> cls : 95.75
Train epoch time: 40.370
------------------------------
<Accuracies on val> class : 87.94
------------------------------
<Accuracies on test> class : 57.25
------------------------------
<Accuracies on in> test class : 82.12
------------------------------
<Accuracies on random> test class : 31.56
------------------------------
<Accuracies on edge> test class : 28.75
------------------------------
<Accuracies on silo> test class : 42.50
------------------------------
Total epoch time: 61.404

New epoch - lr: 0.003
[1/75 iteration of epoch 15/30] 
 {loss} cls : 0.138, total : 0.138 
 {acc} cls : 95.31
[31/75 iteration of epoch 15/30] 
 {loss} cls : 0.107, total : 0.107 
 {acc} cls : 96.88
[61/75 iteration of epoch 15/30] 
 {loss} cls : 0.222, total : 0.222 
 {acc} cls : 92.97
------------------------------
<Losses on train> cls : 0.137, total : 0.137
<Accuracies on train> cls : 95.86
Train epoch time: 41.007
------------------------------
<Accuracies on val> class : 87.78
------------------------------
<Accuracies on test> class : 56.97
------------------------------
<Accuracies on in> test class : 80.94
------------------------------
<Accuracies on random> test class : 31.48
------------------------------
<Accuracies on edge> test class : 33.75
------------------------------
<Accuracies on silo> test class : 44.38
------------------------------
Total epoch time: 62.166

New epoch - lr: 0.003
[1/75 iteration of epoch 16/30] 
 {loss} cls : 0.147, total : 0.147 
 {acc} cls : 94.53
[31/75 iteration of epoch 16/30] 
 {loss} cls : 0.233, total : 0.233 
 {acc} cls : 93.75
[61/75 iteration of epoch 16/30] 
 {loss} cls : 0.104, total : 0.104 
 {acc} cls : 97.66
------------------------------
<Losses on train> cls : 0.131, total : 0.131
<Accuracies on train> cls : 96.22
Train epoch time: 40.172
------------------------------
<Accuracies on val> class : 87.09
------------------------------
<Accuracies on test> class : 58.25
------------------------------
<Accuracies on in> test class : 81.50
------------------------------
<Accuracies on random> test class : 33.98
------------------------------
<Accuracies on edge> test class : 30.63
------------------------------
<Accuracies on silo> test class : 47.50
------------------------------
Total epoch time: 61.272

New epoch - lr: 0.003
[1/75 iteration of epoch 17/30] 
 {loss} cls : 0.089, total : 0.089 
 {acc} cls : 98.44
[31/75 iteration of epoch 17/30] 
 {loss} cls : 0.213, total : 0.213 
 {acc} cls : 96.09
[61/75 iteration of epoch 17/30] 
 {loss} cls : 0.168, total : 0.168 
 {acc} cls : 95.31
------------------------------
<Losses on train> cls : 0.131, total : 0.131
<Accuracies on train> cls : 96.23
Train epoch time: 40.503
------------------------------
<Accuracies on val> class : 86.19
------------------------------
<Accuracies on test> class : 56.22
------------------------------
<Accuracies on in> test class : 79.81
------------------------------
<Accuracies on random> test class : 31.72
------------------------------
<Accuracies on edge> test class : 25.62
------------------------------
<Accuracies on silo> test class : 46.88
------------------------------
Total epoch time: 61.601

New epoch - lr: 0.003
[1/75 iteration of epoch 18/30] 
 {loss} cls : 0.088, total : 0.088 
 {acc} cls : 96.88
[31/75 iteration of epoch 18/30] 
 {loss} cls : 0.058, total : 0.058 
 {acc} cls : 97.66
[61/75 iteration of epoch 18/30] 
 {loss} cls : 0.211, total : 0.211 
 {acc} cls : 92.97
------------------------------
<Losses on train> cls : 0.126, total : 0.126
<Accuracies on train> cls : 96.29
Train epoch time: 40.306
------------------------------
<Accuracies on val> class : 86.88
------------------------------
<Accuracies on test> class : 55.28
------------------------------
<Accuracies on in> test class : 79.75
------------------------------
<Accuracies on random> test class : 30.78
------------------------------
<Accuracies on edge> test class : 25.00
------------------------------
<Accuracies on silo> test class : 36.88
------------------------------
Total epoch time: 61.493

New epoch - lr: 0.003
[1/75 iteration of epoch 19/30] 
 {loss} cls : 0.169, total : 0.169 
 {acc} cls : 93.75
[31/75 iteration of epoch 19/30] 
 {loss} cls : 0.156, total : 0.156 
 {acc} cls : 93.75
[61/75 iteration of epoch 19/30] 
 {loss} cls : 0.129, total : 0.129 
 {acc} cls : 96.09
------------------------------
<Losses on train> cls : 0.117, total : 0.117
<Accuracies on train> cls : 96.40
Train epoch time: 40.083
------------------------------
<Accuracies on val> class : 86.75
------------------------------
<Accuracies on test> class : 57.19
------------------------------
<Accuracies on in> test class : 80.50
------------------------------
<Accuracies on random> test class : 33.75
------------------------------
<Accuracies on edge> test class : 33.12
------------------------------
<Accuracies on silo> test class : 35.62
------------------------------
Total epoch time: 61.141

New epoch - lr: 0.003
[1/75 iteration of epoch 20/30] 
 {loss} cls : 0.248, total : 0.248 
 {acc} cls : 96.09
[31/75 iteration of epoch 20/30] 
 {loss} cls : 0.132, total : 0.132 
 {acc} cls : 96.88
[61/75 iteration of epoch 20/30] 
 {loss} cls : 0.135, total : 0.135 
 {acc} cls : 96.09
------------------------------
<Losses on train> cls : 0.121, total : 0.121
<Accuracies on train> cls : 96.31
Train epoch time: 40.052
------------------------------
<Accuracies on val> class : 87.34
------------------------------
<Accuracies on test> class : 57.12
------------------------------
<Accuracies on in> test class : 81.56
------------------------------
<Accuracies on random> test class : 32.42
------------------------------
<Accuracies on edge> test class : 30.00
------------------------------
<Accuracies on silo> test class : 37.50
------------------------------
Total epoch time: 60.903

New epoch - lr: 0.003
[1/75 iteration of epoch 21/30] 
 {loss} cls : 0.026, total : 0.026 
 {acc} cls : 99.22
[31/75 iteration of epoch 21/30] 
 {loss} cls : 0.083, total : 0.083 
 {acc} cls : 96.88
[61/75 iteration of epoch 21/30] 
 {loss} cls : 0.192, total : 0.192 
 {acc} cls : 94.53
------------------------------
<Losses on train> cls : 0.132, total : 0.132
<Accuracies on train> cls : 96.07
Train epoch time: 40.977
------------------------------
<Accuracies on val> class : 86.38
------------------------------
<Accuracies on test> class : 57.56
------------------------------
<Accuracies on in> test class : 79.94
------------------------------
<Accuracies on random> test class : 36.09
------------------------------
<Accuracies on edge> test class : 29.38
------------------------------
<Accuracies on silo> test class : 33.75
------------------------------
Total epoch time: 61.766

New epoch - lr: 0.003
[1/75 iteration of epoch 22/30] 
 {loss} cls : 0.137, total : 0.137 
 {acc} cls : 96.09
[31/75 iteration of epoch 22/30] 
 {loss} cls : 0.253, total : 0.253 
 {acc} cls : 92.19
[61/75 iteration of epoch 22/30] 
 {loss} cls : 0.148, total : 0.148 
 {acc} cls : 96.88
------------------------------
<Losses on train> cls : 0.128, total : 0.128
<Accuracies on train> cls : 96.29
Train epoch time: 40.933
------------------------------
<Accuracies on val> class : 86.81
------------------------------
<Accuracies on test> class : 58.03
------------------------------
<Accuracies on in> test class : 81.88
------------------------------
<Accuracies on random> test class : 34.22
------------------------------
<Accuracies on edge> test class : 32.50
------------------------------
<Accuracies on silo> test class : 35.62
------------------------------
Total epoch time: 61.660

New epoch - lr: 0.003
[1/75 iteration of epoch 23/30] 
 {loss} cls : 0.075, total : 0.075 
 {acc} cls : 97.66
[31/75 iteration of epoch 23/30] 
 {loss} cls : 0.122, total : 0.122 
 {acc} cls : 97.66
[61/75 iteration of epoch 23/30] 
 {loss} cls : 0.118, total : 0.118 
 {acc} cls : 94.53
------------------------------
<Losses on train> cls : 0.134, total : 0.134
<Accuracies on train> cls : 95.92
Train epoch time: 40.512
------------------------------
<Accuracies on val> class : 87.22
------------------------------
<Accuracies on test> class : 58.34
------------------------------
<Accuracies on in> test class : 81.50
------------------------------
<Accuracies on random> test class : 34.53
------------------------------
<Accuracies on edge> test class : 32.50
------------------------------
<Accuracies on silo> test class : 43.12
------------------------------
Total epoch time: 61.341

New epoch - lr: 0.003
[1/75 iteration of epoch 24/30] 
 {loss} cls : 0.141, total : 0.141 
 {acc} cls : 96.88
[31/75 iteration of epoch 24/30] 
 {loss} cls : 0.131, total : 0.131 
 {acc} cls : 96.88
[61/75 iteration of epoch 24/30] 
 {loss} cls : 0.058, total : 0.058 
 {acc} cls : 98.44
------------------------------
<Losses on train> cls : 0.125, total : 0.125
<Accuracies on train> cls : 96.51
Train epoch time: 39.865
------------------------------
<Accuracies on val> class : 87.84
------------------------------
<Accuracies on test> class : 58.09
------------------------------
<Accuracies on in> test class : 81.12
------------------------------
<Accuracies on random> test class : 34.45
------------------------------
<Accuracies on edge> test class : 31.25
------------------------------
<Accuracies on silo> test class : 43.75
------------------------------
Total epoch time: 60.672

New epoch - lr: 0.003
[1/75 iteration of epoch 25/30] 
 {loss} cls : 0.052, total : 0.052 
 {acc} cls : 98.44
[31/75 iteration of epoch 25/30] 
 {loss} cls : 0.134, total : 0.134 
 {acc} cls : 96.09
[61/75 iteration of epoch 25/30] 
 {loss} cls : 0.100, total : 0.100 
 {acc} cls : 97.66
------------------------------
<Losses on train> cls : 0.114, total : 0.114
<Accuracies on train> cls : 96.39
Train epoch time: 40.116
------------------------------
<Accuracies on val> class : 87.25
------------------------------
<Accuracies on test> class : 58.34
------------------------------
<Accuracies on in> test class : 80.94
------------------------------
<Accuracies on random> test class : 35.31
------------------------------
<Accuracies on edge> test class : 31.25
------------------------------
<Accuracies on silo> test class : 43.75
------------------------------
Total epoch time: 60.937

New epoch - lr: 0.003
[1/75 iteration of epoch 26/30] 
 {loss} cls : 0.122, total : 0.122 
 {acc} cls : 96.88
[31/75 iteration of epoch 26/30] 
 {loss} cls : 0.110, total : 0.110 
 {acc} cls : 97.66
[61/75 iteration of epoch 26/30] 
 {loss} cls : 0.047, total : 0.047 
 {acc} cls : 97.66
------------------------------
<Losses on train> cls : 0.122, total : 0.122
<Accuracies on train> cls : 96.32
Train epoch time: 41.015
------------------------------
<Accuracies on val> class : 87.34
------------------------------
<Accuracies on test> class : 58.34
------------------------------
<Accuracies on in> test class : 79.62
------------------------------
<Accuracies on random> test class : 36.09
------------------------------
<Accuracies on edge> test class : 34.38
------------------------------
<Accuracies on silo> test class : 47.50
------------------------------
Total epoch time: 61.816

New epoch - lr: 0.0009000000000000002
[1/75 iteration of epoch 27/30] 
 {loss} cls : 0.131, total : 0.131 
 {acc} cls : 96.09
[31/75 iteration of epoch 27/30] 
 {loss} cls : 0.134, total : 0.134 
 {acc} cls : 96.88
[61/75 iteration of epoch 27/30] 
 {loss} cls : 0.216, total : 0.216 
 {acc} cls : 92.97
------------------------------
<Losses on train> cls : 0.113, total : 0.113
<Accuracies on train> cls : 96.64
Train epoch time: 40.535
------------------------------
<Accuracies on val> class : 87.84
------------------------------
<Accuracies on test> class : 59.38
------------------------------
<Accuracies on in> test class : 81.94
------------------------------
<Accuracies on random> test class : 35.78
------------------------------
<Accuracies on edge> test class : 36.25
------------------------------
<Accuracies on silo> test class : 45.62
------------------------------
Total epoch time: 61.286

New epoch - lr: 0.0009000000000000002
[1/75 iteration of epoch 28/30] 
 {loss} cls : 0.098, total : 0.098 
 {acc} cls : 97.66
[31/75 iteration of epoch 28/30] 
 {loss} cls : 0.070, total : 0.070 
 {acc} cls : 98.44
[61/75 iteration of epoch 28/30] 
 {loss} cls : 0.081, total : 0.081 
 {acc} cls : 99.22
------------------------------
<Losses on train> cls : 0.117, total : 0.117
<Accuracies on train> cls : 96.50
Train epoch time: 40.638
------------------------------
<Accuracies on val> class : 87.59
------------------------------
<Accuracies on test> class : 59.03
------------------------------
<Accuracies on in> test class : 81.62
------------------------------
<Accuracies on random> test class : 35.70
------------------------------
<Accuracies on edge> test class : 34.38
------------------------------
<Accuracies on silo> test class : 44.38
------------------------------
Total epoch time: 61.377

New epoch - lr: 0.0009000000000000002
[1/75 iteration of epoch 29/30] 
 {loss} cls : 0.112, total : 0.112 
 {acc} cls : 96.88
[31/75 iteration of epoch 29/30] 
 {loss} cls : 0.099, total : 0.099 
 {acc} cls : 96.88
[61/75 iteration of epoch 29/30] 
 {loss} cls : 0.145, total : 0.145 
 {acc} cls : 96.88
------------------------------
<Losses on train> cls : 0.107, total : 0.107
<Accuracies on train> cls : 96.79
Train epoch time: 40.745
------------------------------
<Accuracies on val> class : 87.00
------------------------------
<Accuracies on test> class : 57.88
------------------------------
<Accuracies on in> test class : 80.12
------------------------------
<Accuracies on random> test class : 35.31
------------------------------
<Accuracies on edge> test class : 31.87
------------------------------
<Accuracies on silo> test class : 41.88
------------------------------
Total epoch time: 61.515

New epoch - lr: 0.0009000000000000002
[1/75 iteration of epoch 30/30] 
 {loss} cls : 0.192, total : 0.192 
 {acc} cls : 93.75
[31/75 iteration of epoch 30/30] 
 {loss} cls : 0.047, total : 0.047 
 {acc} cls : 99.22
[61/75 iteration of epoch 30/30] 
 {loss} cls : 0.118, total : 0.118 
 {acc} cls : 96.09
------------------------------
<Losses on train> cls : 0.105, total : 0.105
<Accuracies on train> cls : 96.84
Train epoch time: 40.343
------------------------------
<Accuracies on val> class : 87.56
------------------------------
<Accuracies on test> class : 57.84
------------------------------
<Accuracies on in> test class : 79.81
------------------------------
<Accuracies on random> test class : 35.16
------------------------------
<Accuracies on edge> test class : 33.75
------------------------------
<Accuracies on silo> test class : 43.75
------------------------------
Total epoch time: 61.117

******************************
Best val 0.888125, corresponding test 0.549375 - best test: 0.59375

******************************
Best val 0.8881250023841858, corresponding in test 0.8125

******************************
Best val 0.8881250023841858, corresponding random test 0.2835937440395355

******************************
Best val 0.8881250023841858, corresponding edge test 0.22499999403953552

******************************
Best val 0.8881250023841858, corresponding silo test 0.3687500059604645
