
Loading experiment PACS/ResNet18_step

Sample Strategy: all

New epoch - lr: 0.003
[1/55 iteration of epoch 1/30] 
 {loss} cls : 1.923, total : 1.923 
 {acc} cls : 21.88
[31/55 iteration of epoch 1/30] 
 {loss} cls : 0.260, total : 0.260 
 {acc} cls : 93.75
------------------------------
<Losses on train> cls : 1.016, total : 1.016
<Accuracies on train> cls : 79.01
Train epoch time: 64.925
------------------------------
<Accuracies on val> class : 87.94
------------------------------
<Accuracies on test> class : 63.23
------------------------------
<Accuracies on photo> test class : 69.10
------------------------------
<Accuracies on cartoon> test class : 63.91
------------------------------
<Accuracies on art_painting> test class : 57.67
------------------------------
Total epoch time: 90.033

New epoch - lr: 0.003
[1/55 iteration of epoch 2/30] 
 {loss} cls : 0.197, total : 0.197 
 {acc} cls : 90.62
[31/55 iteration of epoch 2/30] 
 {loss} cls : 0.082, total : 0.082 
 {acc} cls : 96.09
------------------------------
<Losses on train> cls : 0.126, total : 0.126
<Accuracies on train> cls : 95.41
Train epoch time: 50.758
------------------------------
<Accuracies on val> class : 90.95
------------------------------
<Accuracies on test> class : 68.92
------------------------------
<Accuracies on photo> test class : 74.73
------------------------------
<Accuracies on cartoon> test class : 70.09
------------------------------
<Accuracies on art_painting> test class : 62.84
------------------------------
Total epoch time: 76.980

New epoch - lr: 0.003
[1/55 iteration of epoch 3/30] 
 {loss} cls : 0.057, total : 0.057 
 {acc} cls : 96.88
[31/55 iteration of epoch 3/30] 
 {loss} cls : 0.107, total : 0.107 
 {acc} cls : 94.53
------------------------------
<Losses on train> cls : 0.083, total : 0.083
<Accuracies on train> cls : 96.79
Train epoch time: 46.139
------------------------------
<Accuracies on val> class : 93.47
------------------------------
<Accuracies on test> class : 69.60
------------------------------
<Accuracies on photo> test class : 78.80
------------------------------
<Accuracies on cartoon> test class : 70.31
------------------------------
<Accuracies on art_painting> test class : 61.28
------------------------------
Total epoch time: 69.677

New epoch - lr: 0.003
[1/55 iteration of epoch 4/30] 
 {loss} cls : 0.033, total : 0.033 
 {acc} cls : 99.22
[31/55 iteration of epoch 4/30] 
 {loss} cls : 0.077, total : 0.077 
 {acc} cls : 97.66
------------------------------
<Losses on train> cls : 0.061, total : 0.061
<Accuracies on train> cls : 97.87
Train epoch time: 41.817
------------------------------
<Accuracies on val> class : 93.47
------------------------------
<Accuracies on test> class : 69.78
------------------------------
<Accuracies on photo> test class : 81.80
------------------------------
<Accuracies on cartoon> test class : 71.80
------------------------------
<Accuracies on art_painting> test class : 57.67
------------------------------
Total epoch time: 65.632

New epoch - lr: 0.003
[1/55 iteration of epoch 5/30] 
 {loss} cls : 0.023, total : 0.023 
 {acc} cls : 100.00
[31/55 iteration of epoch 5/30] 
 {loss} cls : 0.025, total : 0.025 
 {acc} cls : 100.00
------------------------------
<Losses on train> cls : 0.048, total : 0.048
<Accuracies on train> cls : 98.44
Train epoch time: 38.958
------------------------------
<Accuracies on val> class : 93.72
------------------------------
<Accuracies on test> class : 72.43
------------------------------
<Accuracies on photo> test class : 80.24
------------------------------
<Accuracies on cartoon> test class : 75.55
------------------------------
<Accuracies on art_painting> test class : 62.50
------------------------------
Total epoch time: 63.188

New epoch - lr: 0.003
[1/55 iteration of epoch 6/30] 
 {loss} cls : 0.049, total : 0.049 
 {acc} cls : 97.66
[31/55 iteration of epoch 6/30] 
 {loss} cls : 0.039, total : 0.039 
 {acc} cls : 98.44
------------------------------
<Losses on train> cls : 0.035, total : 0.035
<Accuracies on train> cls : 98.86
Train epoch time: 37.669
------------------------------
<Accuracies on val> class : 94.22
------------------------------
<Accuracies on test> class : 69.83
------------------------------
<Accuracies on photo> test class : 77.90
------------------------------
<Accuracies on cartoon> test class : 70.73
------------------------------
<Accuracies on art_painting> test class : 62.21
------------------------------
Total epoch time: 62.566

New epoch - lr: 0.003
[1/55 iteration of epoch 7/30] 
 {loss} cls : 0.018, total : 0.018 
 {acc} cls : 99.22
[31/55 iteration of epoch 7/30] 
 {loss} cls : 0.019, total : 0.019 
 {acc} cls : 99.22
------------------------------
<Losses on train> cls : 0.030, total : 0.030
<Accuracies on train> cls : 98.96
Train epoch time: 34.742
------------------------------
<Accuracies on val> class : 93.22
------------------------------
<Accuracies on test> class : 72.30
------------------------------
<Accuracies on photo> test class : 77.43
------------------------------
<Accuracies on cartoon> test class : 76.24
------------------------------
<Accuracies on art_painting> test class : 63.62
------------------------------
Total epoch time: 60.378

New epoch - lr: 0.003
[1/55 iteration of epoch 8/30] 
 {loss} cls : 0.013, total : 0.013 
 {acc} cls : 100.00
[31/55 iteration of epoch 8/30] 
 {loss} cls : 0.037, total : 0.037 
 {acc} cls : 98.44
------------------------------
<Losses on train> cls : 0.023, total : 0.023
<Accuracies on train> cls : 99.26
Train epoch time: 33.667
------------------------------
<Accuracies on val> class : 93.97
------------------------------
<Accuracies on test> class : 70.72
------------------------------
<Accuracies on photo> test class : 79.34
------------------------------
<Accuracies on cartoon> test class : 72.27
------------------------------
<Accuracies on art_painting> test class : 61.91
------------------------------
Total epoch time: 59.159

New epoch - lr: 0.003
[1/55 iteration of epoch 9/30] 
 {loss} cls : 0.046, total : 0.046 
 {acc} cls : 99.22
[31/55 iteration of epoch 9/30] 
 {loss} cls : 0.017, total : 0.017 
 {acc} cls : 99.22
------------------------------
<Losses on train> cls : 0.023, total : 0.023
<Accuracies on train> cls : 99.15
Train epoch time: 33.254
------------------------------
<Accuracies on val> class : 93.47
------------------------------
<Accuracies on test> class : 73.00
------------------------------
<Accuracies on photo> test class : 78.20
------------------------------
<Accuracies on cartoon> test class : 75.64
------------------------------
<Accuracies on art_painting> test class : 65.72
------------------------------
Total epoch time: 57.870

New epoch - lr: 0.003
[1/55 iteration of epoch 10/30] 
 {loss} cls : 0.002, total : 0.002 
 {acc} cls : 100.00
[31/55 iteration of epoch 10/30] 
 {loss} cls : 0.049, total : 0.049 
 {acc} cls : 98.44
------------------------------
<Losses on train> cls : 0.021, total : 0.021
<Accuracies on train> cls : 99.30
Train epoch time: 34.932
------------------------------
<Accuracies on val> class : 94.47
------------------------------
<Accuracies on test> class : 70.37
------------------------------
<Accuracies on photo> test class : 75.81
------------------------------
<Accuracies on cartoon> test class : 72.53
------------------------------
<Accuracies on art_painting> test class : 63.48
------------------------------
Total epoch time: 58.369

New epoch - lr: 0.003
[1/55 iteration of epoch 11/30] 
 {loss} cls : 0.003, total : 0.003 
 {acc} cls : 100.00
[31/55 iteration of epoch 11/30] 
 {loss} cls : 0.003, total : 0.003 
 {acc} cls : 100.00
------------------------------
<Losses on train> cls : 0.019, total : 0.019
<Accuracies on train> cls : 99.45
Train epoch time: 34.974
------------------------------
<Accuracies on val> class : 93.72
------------------------------
<Accuracies on test> class : 71.94
------------------------------
<Accuracies on photo> test class : 78.92
------------------------------
<Accuracies on cartoon> test class : 74.62
------------------------------
<Accuracies on art_painting> test class : 63.18
------------------------------
Total epoch time: 57.624

New epoch - lr: 0.003
[1/55 iteration of epoch 12/30] 
 {loss} cls : 0.041, total : 0.041 
 {acc} cls : 98.44
[31/55 iteration of epoch 12/30] 
 {loss} cls : 0.003, total : 0.003 
 {acc} cls : 100.00
------------------------------
<Losses on train> cls : 0.018, total : 0.018
<Accuracies on train> cls : 99.36
Train epoch time: 34.752
------------------------------
<Accuracies on val> class : 94.47
------------------------------
<Accuracies on test> class : 72.45
------------------------------
<Accuracies on photo> test class : 80.96
------------------------------
<Accuracies on cartoon> test class : 73.08
------------------------------
<Accuracies on art_painting> test class : 64.79
------------------------------
Total epoch time: 58.834

New epoch - lr: 0.003
[1/55 iteration of epoch 13/30] 
 {loss} cls : 0.039, total : 0.039 
 {acc} cls : 98.44
[31/55 iteration of epoch 13/30] 
 {loss} cls : 0.023, total : 0.023 
 {acc} cls : 98.44
------------------------------
<Losses on train> cls : 0.016, total : 0.016
<Accuracies on train> cls : 99.46
Train epoch time: 33.669
------------------------------
<Accuracies on val> class : 95.23
------------------------------
<Accuracies on test> class : 70.88
------------------------------
<Accuracies on photo> test class : 80.78
------------------------------
<Accuracies on cartoon> test class : 72.74
------------------------------
<Accuracies on art_painting> test class : 60.69
------------------------------
Total epoch time: 59.291

New epoch - lr: 0.003
[1/55 iteration of epoch 14/30] 
 {loss} cls : 0.005, total : 0.005 
 {acc} cls : 100.00
[31/55 iteration of epoch 14/30] 
 {loss} cls : 0.010, total : 0.010 
 {acc} cls : 99.22
------------------------------
<Losses on train> cls : 0.010, total : 0.010
<Accuracies on train> cls : 99.63
Train epoch time: 31.153
------------------------------
<Accuracies on val> class : 94.22
------------------------------
<Accuracies on test> class : 74.00
------------------------------
<Accuracies on photo> test class : 84.61
------------------------------
<Accuracies on cartoon> test class : 74.70
------------------------------
<Accuracies on art_painting> test class : 64.55
------------------------------
Total epoch time: 57.137

New epoch - lr: 0.003
[1/55 iteration of epoch 15/30] 
 {loss} cls : 0.008, total : 0.008 
 {acc} cls : 100.00
[31/55 iteration of epoch 15/30] 
 {loss} cls : 0.025, total : 0.025 
 {acc} cls : 99.22
------------------------------
<Losses on train> cls : 0.008, total : 0.008
<Accuracies on train> cls : 99.86
Train epoch time: 31.740
------------------------------
<Accuracies on val> class : 94.47
------------------------------
<Accuracies on test> class : 72.80
------------------------------
<Accuracies on photo> test class : 83.35
------------------------------
<Accuracies on cartoon> test class : 70.99
------------------------------
<Accuracies on art_painting> test class : 66.26
------------------------------
Total epoch time: 57.673

New epoch - lr: 0.003
[1/55 iteration of epoch 16/30] 
 {loss} cls : 0.002, total : 0.002 
 {acc} cls : 100.00
[31/55 iteration of epoch 16/30] 
 {loss} cls : 0.001, total : 0.001 
 {acc} cls : 100.00
------------------------------
<Losses on train> cls : 0.006, total : 0.006
<Accuracies on train> cls : 99.86
Train epoch time: 33.285
------------------------------
<Accuracies on val> class : 94.72
------------------------------
<Accuracies on test> class : 73.03
------------------------------
<Accuracies on photo> test class : 83.77
------------------------------
<Accuracies on cartoon> test class : 73.08
------------------------------
<Accuracies on art_painting> test class : 64.21
------------------------------
Total epoch time: 57.605

New epoch - lr: 0.003
[1/55 iteration of epoch 17/30] 
 {loss} cls : 0.002, total : 0.002 
 {acc} cls : 100.00
[31/55 iteration of epoch 17/30] 
 {loss} cls : 0.006, total : 0.006 
 {acc} cls : 100.00
------------------------------
<Losses on train> cls : 0.009, total : 0.009
<Accuracies on train> cls : 99.80
Train epoch time: 33.805
------------------------------
<Accuracies on val> class : 94.47
------------------------------
<Accuracies on test> class : 74.08
------------------------------
<Accuracies on photo> test class : 83.05
------------------------------
<Accuracies on cartoon> test class : 74.79
------------------------------
<Accuracies on art_painting> test class : 65.97
------------------------------
Total epoch time: 57.147

New epoch - lr: 0.003
[1/55 iteration of epoch 18/30] 
 {loss} cls : 0.022, total : 0.022 
 {acc} cls : 99.22
[31/55 iteration of epoch 18/30] 
 {loss} cls : 0.001, total : 0.001 
 {acc} cls : 100.00
------------------------------
<Losses on train> cls : 0.005, total : 0.005
<Accuracies on train> cls : 99.87
Train epoch time: 34.031
------------------------------
<Accuracies on val> class : 94.97
------------------------------
<Accuracies on test> class : 71.53
------------------------------
<Accuracies on photo> test class : 80.12
------------------------------
<Accuracies on cartoon> test class : 70.52
------------------------------
<Accuracies on art_painting> test class : 65.67
------------------------------
Total epoch time: 57.605

New epoch - lr: 0.003
[1/55 iteration of epoch 19/30] 
 {loss} cls : 0.007, total : 0.007 
 {acc} cls : 100.00
[31/55 iteration of epoch 19/30] 
 {loss} cls : 0.011, total : 0.011 
 {acc} cls : 99.22
------------------------------
<Losses on train> cls : 0.008, total : 0.008
<Accuracies on train> cls : 99.70
Train epoch time: 33.876
------------------------------
<Accuracies on val> class : 93.97
------------------------------
<Accuracies on test> class : 71.92
------------------------------
<Accuracies on photo> test class : 81.92
------------------------------
<Accuracies on cartoon> test class : 73.68
------------------------------
<Accuracies on art_painting> test class : 61.77
------------------------------
Total epoch time: 57.482

New epoch - lr: 0.003
[1/55 iteration of epoch 20/30] 
 {loss} cls : 0.015, total : 0.015 
 {acc} cls : 100.00
[31/55 iteration of epoch 20/30] 
 {loss} cls : 0.003, total : 0.003 
 {acc} cls : 100.00
------------------------------
<Losses on train> cls : 0.006, total : 0.006
<Accuracies on train> cls : 99.90
Train epoch time: 33.536
------------------------------
<Accuracies on val> class : 94.22
------------------------------
<Accuracies on test> class : 73.28
------------------------------
<Accuracies on photo> test class : 80.90
------------------------------
<Accuracies on cartoon> test class : 72.99
------------------------------
<Accuracies on art_painting> test class : 67.38
------------------------------
Total epoch time: 57.942

New epoch - lr: 0.003
[1/55 iteration of epoch 21/30] 
 {loss} cls : 0.002, total : 0.002 
 {acc} cls : 100.00
[31/55 iteration of epoch 21/30] 
 {loss} cls : 0.035, total : 0.035 
 {acc} cls : 98.44
------------------------------
<Losses on train> cls : 0.006, total : 0.006
<Accuracies on train> cls : 99.86
Train epoch time: 33.711
------------------------------
<Accuracies on val> class : 94.22
------------------------------
<Accuracies on test> class : 75.42
------------------------------
<Accuracies on photo> test class : 83.47
------------------------------
<Accuracies on cartoon> test class : 76.71
------------------------------
<Accuracies on art_painting> test class : 67.38
------------------------------
Total epoch time: 58.426

New epoch - lr: 0.003
[1/55 iteration of epoch 22/30] 
 {loss} cls : 0.003, total : 0.003 
 {acc} cls : 100.00
[31/55 iteration of epoch 22/30] 
 {loss} cls : 0.002, total : 0.002 
 {acc} cls : 100.00
------------------------------
<Losses on train> cls : 0.005, total : 0.005
<Accuracies on train> cls : 99.90
Train epoch time: 32.379
------------------------------
<Accuracies on val> class : 95.73
------------------------------
<Accuracies on test> class : 72.86
------------------------------
<Accuracies on photo> test class : 81.44
------------------------------
<Accuracies on cartoon> test class : 72.57
------------------------------
<Accuracies on art_painting> test class : 66.21
------------------------------
Total epoch time: 57.324

New epoch - lr: 0.003
[1/55 iteration of epoch 23/30] 
 {loss} cls : 0.005, total : 0.005 
 {acc} cls : 100.00
[31/55 iteration of epoch 23/30] 
 {loss} cls : 0.007, total : 0.007 
 {acc} cls : 100.00
------------------------------
<Losses on train> cls : 0.007, total : 0.007
<Accuracies on train> cls : 99.73
Train epoch time: 32.415
------------------------------
<Accuracies on val> class : 94.47
------------------------------
<Accuracies on test> class : 74.94
------------------------------
<Accuracies on photo> test class : 82.46
------------------------------
<Accuracies on cartoon> test class : 74.70
------------------------------
<Accuracies on art_painting> test class : 69.09
------------------------------
Total epoch time: 57.918

New epoch - lr: 0.003
[1/55 iteration of epoch 24/30] 
 {loss} cls : 0.016, total : 0.016 
 {acc} cls : 99.22
[31/55 iteration of epoch 24/30] 
 {loss} cls : 0.007, total : 0.007 
 {acc} cls : 100.00
------------------------------
<Losses on train> cls : 0.003, total : 0.003
<Accuracies on train> cls : 99.96
Train epoch time: 31.963
------------------------------
<Accuracies on val> class : 95.48
------------------------------
<Accuracies on test> class : 75.21
------------------------------
<Accuracies on photo> test class : 82.69
------------------------------
<Accuracies on cartoon> test class : 75.21
------------------------------
<Accuracies on art_painting> test class : 69.09
------------------------------
Total epoch time: 56.342

New epoch - lr: 0.003
[1/55 iteration of epoch 25/30] 
 {loss} cls : 0.003, total : 0.003 
 {acc} cls : 100.00
[31/55 iteration of epoch 25/30] 
 {loss} cls : 0.002, total : 0.002 
 {acc} cls : 100.00
------------------------------
<Losses on train> cls : 0.004, total : 0.004
<Accuracies on train> cls : 99.91
Train epoch time: 31.910
------------------------------
<Accuracies on val> class : 94.22
------------------------------
<Accuracies on test> class : 74.27
------------------------------
<Accuracies on photo> test class : 83.29
------------------------------
<Accuracies on cartoon> test class : 74.57
------------------------------
<Accuracies on art_painting> test class : 66.55
------------------------------
Total epoch time: 54.900

New epoch - lr: 0.003
[1/55 iteration of epoch 26/30] 
 {loss} cls : 0.002, total : 0.002 
 {acc} cls : 100.00
[31/55 iteration of epoch 26/30] 
 {loss} cls : 0.007, total : 0.007 
 {acc} cls : 100.00
------------------------------
<Losses on train> cls : 0.005, total : 0.005
<Accuracies on train> cls : 99.83
Train epoch time: 32.626
------------------------------
<Accuracies on val> class : 94.47
------------------------------
<Accuracies on test> class : 74.00
------------------------------
<Accuracies on photo> test class : 83.11
------------------------------
<Accuracies on cartoon> test class : 73.12
------------------------------
<Accuracies on art_painting> test class : 67.58
------------------------------
Total epoch time: 55.106

New epoch - lr: 0.0009000000000000002
[1/55 iteration of epoch 27/30] 
 {loss} cls : 0.008, total : 0.008 
 {acc} cls : 99.22
[31/55 iteration of epoch 27/30] 
 {loss} cls : 0.003, total : 0.003 
 {acc} cls : 100.00
------------------------------
<Losses on train> cls : 0.004, total : 0.004
<Accuracies on train> cls : 99.91
Train epoch time: 28.095
------------------------------
<Accuracies on val> class : 95.48
------------------------------
<Accuracies on test> class : 74.56
------------------------------
<Accuracies on photo> test class : 82.57
------------------------------
<Accuracies on cartoon> test class : 74.23
------------------------------
<Accuracies on art_painting> test class : 68.41
------------------------------
Total epoch time: 49.263

New epoch - lr: 0.0009000000000000002
[1/55 iteration of epoch 28/30] 
 {loss} cls : 0.009, total : 0.009 
 {acc} cls : 100.00
[31/55 iteration of epoch 28/30] 
 {loss} cls : 0.001, total : 0.001 
 {acc} cls : 100.00
------------------------------
<Losses on train> cls : 0.003, total : 0.003
<Accuracies on train> cls : 99.94
Train epoch time: 27.890
------------------------------
<Accuracies on val> class : 95.48
------------------------------
<Accuracies on test> class : 74.46
------------------------------
<Accuracies on photo> test class : 82.93
------------------------------
<Accuracies on cartoon> test class : 73.93
------------------------------
<Accuracies on art_painting> test class : 68.16
------------------------------
Total epoch time: 48.938

New epoch - lr: 0.0009000000000000002
[1/55 iteration of epoch 29/30] 
 {loss} cls : 0.003, total : 0.003 
 {acc} cls : 100.00
[31/55 iteration of epoch 29/30] 
 {loss} cls : 0.001, total : 0.001 
 {acc} cls : 100.00
------------------------------
<Losses on train> cls : 0.003, total : 0.003
<Accuracies on train> cls : 99.96
Train epoch time: 33.236
------------------------------
<Accuracies on val> class : 94.97
------------------------------
<Accuracies on test> class : 74.74
------------------------------
<Accuracies on photo> test class : 83.59
------------------------------
<Accuracies on cartoon> test class : 73.76
------------------------------
<Accuracies on art_painting> test class : 68.65
------------------------------
Total epoch time: 54.310

New epoch - lr: 0.0009000000000000002
[1/55 iteration of epoch 30/30] 
 {loss} cls : 0.002, total : 0.002 
 {acc} cls : 100.00
[31/55 iteration of epoch 30/30] 
 {loss} cls : 0.009, total : 0.009 
 {acc} cls : 99.22
------------------------------
<Losses on train> cls : 0.003, total : 0.003
<Accuracies on train> cls : 99.96
Train epoch time: 33.224
------------------------------
<Accuracies on val> class : 94.72
------------------------------
<Accuracies on test> class : 74.58
------------------------------
<Accuracies on photo> test class : 82.99
------------------------------
<Accuracies on cartoon> test class : 73.98
------------------------------
<Accuracies on art_painting> test class : 68.41
------------------------------
Total epoch time: 54.274

******************************
Best val 0.957286, corresponding test 0.728637 - best test: 0.754207

******************************
Best val 0.9572864174842834, corresponding photo test 0.8143712282180786

******************************
Best val 0.9572864174842834, corresponding cartoon test 0.7256826162338257

******************************
Best val 0.9572864174842834, corresponding art_painting test 0.662109375
