
Loading experiment CelebA/ResNet18_step


New epoch - lr: 0.003
[1/70 iteration of epoch 1/30] 
 {loss} cls : 0.731, total : 0.731 
 {acc} cls : 56.25
[31/70 iteration of epoch 1/30] 
 {loss} cls : 0.012, total : 0.012 
 {acc} cls : 100.00
[61/70 iteration of epoch 1/30] 
 {loss} cls : 0.022, total : 0.022 
 {acc} cls : 98.44
------------------------------
<Losses on train> cls : 0.484, total : 0.484
<Accuracies on train> cls : 91.88
Train epoch time: 12.496
------------------------------
<Accuracies on val> class : 97.20
------------------------------
<Accuracies on test> class : 80.44
------------------------------
<Accuracies on in> test class : 97.60
------------------------------
<Accuracies on flip> test class : 69.80
------------------------------
<Accuracies on random> test class : 82.50
------------------------------
Total epoch time: 19.127

New epoch - lr: 0.003
[1/70 iteration of epoch 2/30] 
 {loss} cls : 0.170, total : 0.170 
 {acc} cls : 95.31
[31/70 iteration of epoch 2/30] 
 {loss} cls : 0.068, total : 0.068 
 {acc} cls : 96.88
[61/70 iteration of epoch 2/30] 
 {loss} cls : 0.004, total : 0.004 
 {acc} cls : 100.00
------------------------------
<Losses on train> cls : 0.107, total : 0.107
<Accuracies on train> cls : 97.32
Train epoch time: 12.677
------------------------------
<Accuracies on val> class : 98.20
------------------------------
<Accuracies on test> class : 75.88
------------------------------
<Accuracies on in> test class : 98.00
------------------------------
<Accuracies on flip> test class : 61.40
------------------------------
<Accuracies on random> test class : 79.30
------------------------------
Total epoch time: 19.603

New epoch - lr: 0.003
[1/70 iteration of epoch 3/30] 
 {loss} cls : 0.074, total : 0.074 
 {acc} cls : 96.88
[31/70 iteration of epoch 3/30] 
 {loss} cls : 0.008, total : 0.008 
 {acc} cls : 100.00
[61/70 iteration of epoch 3/30] 
 {loss} cls : 0.267, total : 0.267 
 {acc} cls : 96.88
------------------------------
<Losses on train> cls : 0.064, total : 0.064
<Accuracies on train> cls : 98.08
Train epoch time: 11.057
------------------------------
<Accuracies on val> class : 98.60
------------------------------
<Accuracies on test> class : 85.28
------------------------------
<Accuracies on in> test class : 98.40
------------------------------
<Accuracies on flip> test class : 75.70
------------------------------
<Accuracies on random> test class : 88.30
------------------------------
Total epoch time: 18.218

New epoch - lr: 0.003
[1/70 iteration of epoch 4/30] 
 {loss} cls : 0.015, total : 0.015 
 {acc} cls : 100.00
[31/70 iteration of epoch 4/30] 
 {loss} cls : 0.002, total : 0.002 
 {acc} cls : 100.00
[61/70 iteration of epoch 4/30] 
 {loss} cls : 0.108, total : 0.108 
 {acc} cls : 95.31
------------------------------
<Losses on train> cls : 0.045, total : 0.045
<Accuracies on train> cls : 98.50
Train epoch time: 11.066
------------------------------
<Accuracies on val> class : 99.20
------------------------------
<Accuracies on test> class : 85.28
------------------------------
<Accuracies on in> test class : 99.40
------------------------------
<Accuracies on flip> test class : 75.70
------------------------------
<Accuracies on random> test class : 87.80
------------------------------
Total epoch time: 17.824

New epoch - lr: 0.003
[1/70 iteration of epoch 5/30] 
 {loss} cls : 0.036, total : 0.036 
 {acc} cls : 98.44
[31/70 iteration of epoch 5/30] 
 {loss} cls : 0.133, total : 0.133 
 {acc} cls : 98.44
[61/70 iteration of epoch 5/30] 
 {loss} cls : 0.000, total : 0.000 
 {acc} cls : 100.00
------------------------------
<Losses on train> cls : 0.033, total : 0.033
<Accuracies on train> cls : 98.91
Train epoch time: 11.126
------------------------------
<Accuracies on val> class : 99.00
------------------------------
<Accuracies on test> class : 87.00
------------------------------
<Accuracies on in> test class : 98.80
------------------------------
<Accuracies on flip> test class : 80.60
------------------------------
<Accuracies on random> test class : 87.50
------------------------------
Total epoch time: 17.315

New epoch - lr: 0.003
[1/70 iteration of epoch 6/30] 
 {loss} cls : 0.092, total : 0.092 
 {acc} cls : 98.44
[31/70 iteration of epoch 6/30] 
 {loss} cls : 0.001, total : 0.001 
 {acc} cls : 100.00
[61/70 iteration of epoch 6/30] 
 {loss} cls : 0.000, total : 0.000 
 {acc} cls : 100.00
------------------------------
<Losses on train> cls : 0.028, total : 0.028
<Accuracies on train> cls : 99.11
Train epoch time: 12.786
------------------------------
<Accuracies on val> class : 99.00
------------------------------
<Accuracies on test> class : 86.00
------------------------------
<Accuracies on in> test class : 99.20
------------------------------
<Accuracies on flip> test class : 77.90
------------------------------
<Accuracies on random> test class : 87.50
------------------------------
Total epoch time: 19.131

New epoch - lr: 0.003
[1/70 iteration of epoch 7/30] 
 {loss} cls : 0.032, total : 0.032 
 {acc} cls : 98.44
[31/70 iteration of epoch 7/30] 
 {loss} cls : 0.005, total : 0.005 
 {acc} cls : 100.00
[61/70 iteration of epoch 7/30] 
 {loss} cls : 0.002, total : 0.002 
 {acc} cls : 100.00
------------------------------
<Losses on train> cls : 0.011, total : 0.011
<Accuracies on train> cls : 99.69
Train epoch time: 13.819
------------------------------
<Accuracies on val> class : 99.40
------------------------------
<Accuracies on test> class : 84.28
------------------------------
<Accuracies on in> test class : 99.60
------------------------------
<Accuracies on flip> test class : 74.00
------------------------------
<Accuracies on random> test class : 86.90
------------------------------
Total epoch time: 27.312

New epoch - lr: 0.003
[1/70 iteration of epoch 8/30] 
 {loss} cls : 0.002, total : 0.002 
 {acc} cls : 100.00
[31/70 iteration of epoch 8/30] 
 {loss} cls : 0.100, total : 0.100 
 {acc} cls : 96.88
[61/70 iteration of epoch 8/30] 
 {loss} cls : 0.005, total : 0.005 
 {acc} cls : 100.00
------------------------------
<Losses on train> cls : 0.016, total : 0.016
<Accuracies on train> cls : 99.51
Train epoch time: 11.223
------------------------------
<Accuracies on val> class : 98.60
------------------------------
<Accuracies on test> class : 84.40
------------------------------
<Accuracies on in> test class : 98.80
------------------------------
<Accuracies on flip> test class : 75.20
------------------------------
<Accuracies on random> test class : 86.40
------------------------------
Total epoch time: 17.440

New epoch - lr: 0.003
[1/70 iteration of epoch 9/30] 
 {loss} cls : 0.006, total : 0.006 
 {acc} cls : 100.00
[31/70 iteration of epoch 9/30] 
 {loss} cls : 0.003, total : 0.003 
 {acc} cls : 100.00
[61/70 iteration of epoch 9/30] 
 {loss} cls : 0.000, total : 0.000 
 {acc} cls : 100.00
------------------------------
<Losses on train> cls : 0.008, total : 0.008
<Accuracies on train> cls : 99.67
Train epoch time: 11.055
------------------------------
<Accuracies on val> class : 99.60
------------------------------
<Accuracies on test> class : 81.76
------------------------------
<Accuracies on in> test class : 98.80
------------------------------
<Accuracies on flip> test class : 70.20
------------------------------
<Accuracies on random> test class : 84.80
------------------------------
Total epoch time: 18.027

New epoch - lr: 0.003
[1/70 iteration of epoch 10/30] 
 {loss} cls : 0.000, total : 0.000 
 {acc} cls : 100.00
[31/70 iteration of epoch 10/30] 
 {loss} cls : 0.001, total : 0.001 
 {acc} cls : 100.00
[61/70 iteration of epoch 10/30] 
 {loss} cls : 0.002, total : 0.002 
 {acc} cls : 100.00
------------------------------
<Losses on train> cls : 0.006, total : 0.006
<Accuracies on train> cls : 99.75
Train epoch time: 11.116
------------------------------
<Accuracies on val> class : 99.60
------------------------------
<Accuracies on test> class : 84.00
------------------------------
<Accuracies on in> test class : 99.20
------------------------------
<Accuracies on flip> test class : 73.70
------------------------------
<Accuracies on random> test class : 86.70
------------------------------
Total epoch time: 17.849

New epoch - lr: 0.003
[1/70 iteration of epoch 11/30] 
 {loss} cls : 0.001, total : 0.001 
 {acc} cls : 100.00
[31/70 iteration of epoch 11/30] 
 {loss} cls : 0.001, total : 0.001 
 {acc} cls : 100.00
[61/70 iteration of epoch 11/30] 
 {loss} cls : 0.001, total : 0.001 
 {acc} cls : 100.00
------------------------------
<Losses on train> cls : 0.004, total : 0.004
<Accuracies on train> cls : 99.91
Train epoch time: 11.270
------------------------------
<Accuracies on val> class : 99.80
------------------------------
<Accuracies on test> class : 84.80
------------------------------
<Accuracies on in> test class : 99.40
------------------------------
<Accuracies on flip> test class : 74.60
------------------------------
<Accuracies on random> test class : 87.70
------------------------------
Total epoch time: 17.558

New epoch - lr: 0.003
[1/70 iteration of epoch 12/30] 
 {loss} cls : 0.006, total : 0.006 
 {acc} cls : 100.00
[31/70 iteration of epoch 12/30] 
 {loss} cls : 0.006, total : 0.006 
 {acc} cls : 100.00
[61/70 iteration of epoch 12/30] 
 {loss} cls : 0.001, total : 0.001 
 {acc} cls : 100.00
------------------------------
<Losses on train> cls : 0.005, total : 0.005
<Accuracies on train> cls : 99.82
Train epoch time: 11.221
------------------------------
<Accuracies on val> class : 99.80
------------------------------
<Accuracies on test> class : 87.36
------------------------------
<Accuracies on in> test class : 99.40
------------------------------
<Accuracies on flip> test class : 79.80
------------------------------
<Accuracies on random> test class : 88.90
------------------------------
Total epoch time: 17.613

New epoch - lr: 0.003
[1/70 iteration of epoch 13/30] 
 {loss} cls : 0.001, total : 0.001 
 {acc} cls : 100.00
[31/70 iteration of epoch 13/30] 
 {loss} cls : 0.000, total : 0.000 
 {acc} cls : 100.00
[61/70 iteration of epoch 13/30] 
 {loss} cls : 0.003, total : 0.003 
 {acc} cls : 100.00
------------------------------
<Losses on train> cls : 0.009, total : 0.009
<Accuracies on train> cls : 99.78
Train epoch time: 12.677
------------------------------
<Accuracies on val> class : 99.60
------------------------------
<Accuracies on test> class : 86.44
------------------------------
<Accuracies on in> test class : 99.40
------------------------------
<Accuracies on flip> test class : 77.20
------------------------------
<Accuracies on random> test class : 89.20
------------------------------
Total epoch time: 18.631

New epoch - lr: 0.003
[1/70 iteration of epoch 14/30] 
 {loss} cls : 0.000, total : 0.000 
 {acc} cls : 100.00
[31/70 iteration of epoch 14/30] 
 {loss} cls : 0.000, total : 0.000 
 {acc} cls : 100.00
[61/70 iteration of epoch 14/30] 
 {loss} cls : 0.002, total : 0.002 
 {acc} cls : 100.00
------------------------------
<Losses on train> cls : 0.004, total : 0.004
<Accuracies on train> cls : 99.82
Train epoch time: 11.061
------------------------------
<Accuracies on val> class : 99.60
------------------------------
<Accuracies on test> class : 85.32
------------------------------
<Accuracies on in> test class : 99.40
------------------------------
<Accuracies on flip> test class : 75.40
------------------------------
<Accuracies on random> test class : 88.20
------------------------------
Total epoch time: 16.849

New epoch - lr: 0.003
[1/70 iteration of epoch 15/30] 
 {loss} cls : 0.000, total : 0.000 
 {acc} cls : 100.00
[31/70 iteration of epoch 15/30] 
 {loss} cls : 0.000, total : 0.000 
 {acc} cls : 100.00
[61/70 iteration of epoch 15/30] 
 {loss} cls : 0.007, total : 0.007 
 {acc} cls : 100.00
------------------------------
<Losses on train> cls : 0.005, total : 0.005
<Accuracies on train> cls : 99.82
Train epoch time: 11.767
------------------------------
<Accuracies on val> class : 99.60
------------------------------
<Accuracies on test> class : 86.20
------------------------------
<Accuracies on in> test class : 99.40
------------------------------
<Accuracies on flip> test class : 76.30
------------------------------
<Accuracies on random> test class : 89.50
------------------------------
Total epoch time: 17.802

New epoch - lr: 0.003
[1/70 iteration of epoch 16/30] 
 {loss} cls : 0.005, total : 0.005 
 {acc} cls : 100.00
[31/70 iteration of epoch 16/30] 
 {loss} cls : 0.001, total : 0.001 
 {acc} cls : 100.00
[61/70 iteration of epoch 16/30] 
 {loss} cls : 0.004, total : 0.004 
 {acc} cls : 100.00
------------------------------
<Losses on train> cls : 0.003, total : 0.003
<Accuracies on train> cls : 99.89
Train epoch time: 12.701
------------------------------
<Accuracies on val> class : 99.60
------------------------------
<Accuracies on test> class : 85.76
------------------------------
<Accuracies on in> test class : 99.20
------------------------------
<Accuracies on flip> test class : 76.40
------------------------------
<Accuracies on random> test class : 88.40
------------------------------
Total epoch time: 18.555

New epoch - lr: 0.003
[1/70 iteration of epoch 17/30] 
 {loss} cls : 0.000, total : 0.000 
 {acc} cls : 100.00
[31/70 iteration of epoch 17/30] 
 {loss} cls : 0.003, total : 0.003 
 {acc} cls : 100.00
[61/70 iteration of epoch 17/30] 
 {loss} cls : 0.000, total : 0.000 
 {acc} cls : 100.00
------------------------------
<Losses on train> cls : 0.005, total : 0.005
<Accuracies on train> cls : 99.84
Train epoch time: 12.388
------------------------------
<Accuracies on val> class : 99.60
------------------------------
<Accuracies on test> class : 85.16
------------------------------
<Accuracies on in> test class : 99.20
------------------------------
<Accuracies on flip> test class : 75.30
------------------------------
<Accuracies on random> test class : 88.00
------------------------------
Total epoch time: 18.252

New epoch - lr: 0.003
[1/70 iteration of epoch 18/30] 
 {loss} cls : 0.001, total : 0.001 
 {acc} cls : 100.00
[31/70 iteration of epoch 18/30] 
 {loss} cls : 0.001, total : 0.001 
 {acc} cls : 100.00
[61/70 iteration of epoch 18/30] 
 {loss} cls : 0.000, total : 0.000 
 {acc} cls : 100.00
------------------------------
<Losses on train> cls : 0.008, total : 0.008
<Accuracies on train> cls : 99.73
Train epoch time: 11.245
------------------------------
<Accuracies on val> class : 99.80
------------------------------
<Accuracies on test> class : 85.44
------------------------------
<Accuracies on in> test class : 99.40
------------------------------
<Accuracies on flip> test class : 75.80
------------------------------
<Accuracies on random> test class : 88.10
------------------------------
Total epoch time: 17.899

New epoch - lr: 0.003
[1/70 iteration of epoch 19/30] 
 {loss} cls : 0.002, total : 0.002 
 {acc} cls : 100.00
[31/70 iteration of epoch 19/30] 
 {loss} cls : 0.000, total : 0.000 
 {acc} cls : 100.00
[61/70 iteration of epoch 19/30] 
 {loss} cls : 0.000, total : 0.000 
 {acc} cls : 100.00
------------------------------
<Losses on train> cls : 0.008, total : 0.008
<Accuracies on train> cls : 99.73
Train epoch time: 10.999
------------------------------
<Accuracies on val> class : 99.40
------------------------------
<Accuracies on test> class : 85.52
------------------------------
<Accuracies on in> test class : 99.40
------------------------------
<Accuracies on flip> test class : 76.50
------------------------------
<Accuracies on random> test class : 87.60
------------------------------
Total epoch time: 16.945

New epoch - lr: 0.003
[1/70 iteration of epoch 20/30] 
 {loss} cls : 0.004, total : 0.004 
 {acc} cls : 100.00
[31/70 iteration of epoch 20/30] 
 {loss} cls : 0.000, total : 0.000 
 {acc} cls : 100.00
[61/70 iteration of epoch 20/30] 
 {loss} cls : 0.000, total : 0.000 
 {acc} cls : 100.00
------------------------------
<Losses on train> cls : 0.006, total : 0.006
<Accuracies on train> cls : 99.71
Train epoch time: 12.666
------------------------------
<Accuracies on val> class : 99.80
------------------------------
<Accuracies on test> class : 87.60
------------------------------
<Accuracies on in> test class : 99.40
------------------------------
<Accuracies on flip> test class : 79.20
------------------------------
<Accuracies on random> test class : 90.10
------------------------------
Total epoch time: 19.456

New epoch - lr: 0.003
[1/70 iteration of epoch 21/30] 
 {loss} cls : 0.004, total : 0.004 
 {acc} cls : 100.00
[31/70 iteration of epoch 21/30] 
 {loss} cls : 0.000, total : 0.000 
 {acc} cls : 100.00
[61/70 iteration of epoch 21/30] 
 {loss} cls : 0.001, total : 0.001 
 {acc} cls : 100.00
------------------------------
<Losses on train> cls : 0.002, total : 0.002
<Accuracies on train> cls : 99.91
Train epoch time: 11.039
------------------------------
<Accuracies on val> class : 99.80
------------------------------
<Accuracies on test> class : 86.76
------------------------------
<Accuracies on in> test class : 99.40
------------------------------
<Accuracies on flip> test class : 77.70
------------------------------
<Accuracies on random> test class : 89.50
------------------------------
Total epoch time: 18.261

New epoch - lr: 0.003
[1/70 iteration of epoch 22/30] 
 {loss} cls : 0.004, total : 0.004 
 {acc} cls : 100.00
[31/70 iteration of epoch 22/30] 
 {loss} cls : 0.002, total : 0.002 
 {acc} cls : 100.00
[61/70 iteration of epoch 22/30] 
 {loss} cls : 0.000, total : 0.000 
 {acc} cls : 100.00
------------------------------
<Losses on train> cls : 0.006, total : 0.006
<Accuracies on train> cls : 99.78
Train epoch time: 12.994
------------------------------
<Accuracies on val> class : 99.60
------------------------------
<Accuracies on test> class : 85.28
------------------------------
<Accuracies on in> test class : 99.40
------------------------------
<Accuracies on flip> test class : 76.10
------------------------------
<Accuracies on random> test class : 87.40
------------------------------
Total epoch time: 18.872

New epoch - lr: 0.003
[1/70 iteration of epoch 23/30] 
 {loss} cls : 0.003, total : 0.003 
 {acc} cls : 100.00
[31/70 iteration of epoch 23/30] 
 {loss} cls : 0.000, total : 0.000 
 {acc} cls : 100.00
[61/70 iteration of epoch 23/30] 
 {loss} cls : 0.000, total : 0.000 
 {acc} cls : 100.00
------------------------------
<Losses on train> cls : 0.002, total : 0.002
<Accuracies on train> cls : 99.93
Train epoch time: 11.389
------------------------------
<Accuracies on val> class : 99.80
------------------------------
<Accuracies on test> class : 86.44
------------------------------
<Accuracies on in> test class : 99.40
------------------------------
<Accuracies on flip> test class : 77.30
------------------------------
<Accuracies on random> test class : 89.10
------------------------------
Total epoch time: 18.195

New epoch - lr: 0.003
[1/70 iteration of epoch 24/30] 
 {loss} cls : 0.005, total : 0.005 
 {acc} cls : 100.00
[31/70 iteration of epoch 24/30] 
 {loss} cls : 0.000, total : 0.000 
 {acc} cls : 100.00
[61/70 iteration of epoch 24/30] 
 {loss} cls : 0.000, total : 0.000 
 {acc} cls : 100.00
------------------------------
<Losses on train> cls : 0.004, total : 0.004
<Accuracies on train> cls : 99.89
Train epoch time: 11.411
------------------------------
<Accuracies on val> class : 99.80
------------------------------
<Accuracies on test> class : 87.56
------------------------------
<Accuracies on in> test class : 99.40
------------------------------
<Accuracies on flip> test class : 79.50
------------------------------
<Accuracies on random> test class : 89.70
------------------------------
Total epoch time: 18.301

New epoch - lr: 0.003
[1/70 iteration of epoch 25/30] 
 {loss} cls : 0.001, total : 0.001 
 {acc} cls : 100.00
[31/70 iteration of epoch 25/30] 
 {loss} cls : 0.000, total : 0.000 
 {acc} cls : 100.00
[61/70 iteration of epoch 25/30] 
 {loss} cls : 0.006, total : 0.006 
 {acc} cls : 100.00
------------------------------
<Losses on train> cls : 0.003, total : 0.003
<Accuracies on train> cls : 99.91
Train epoch time: 11.247
------------------------------
<Accuracies on val> class : 99.40
------------------------------
<Accuracies on test> class : 85.48
------------------------------
<Accuracies on in> test class : 99.20
------------------------------
<Accuracies on flip> test class : 76.80
------------------------------
<Accuracies on random> test class : 87.30
------------------------------
Total epoch time: 17.074

New epoch - lr: 0.003
[1/70 iteration of epoch 26/30] 
 {loss} cls : 0.003, total : 0.003 
 {acc} cls : 100.00
[31/70 iteration of epoch 26/30] 
 {loss} cls : 0.000, total : 0.000 
 {acc} cls : 100.00
[61/70 iteration of epoch 26/30] 
 {loss} cls : 0.000, total : 0.000 
 {acc} cls : 100.00
------------------------------
<Losses on train> cls : 0.005, total : 0.005
<Accuracies on train> cls : 99.84
Train epoch time: 12.400
------------------------------
<Accuracies on val> class : 99.60
------------------------------
<Accuracies on test> class : 87.88
------------------------------
<Accuracies on in> test class : 99.40
------------------------------
<Accuracies on flip> test class : 80.40
------------------------------
<Accuracies on random> test class : 89.60
------------------------------
Total epoch time: 18.288

New epoch - lr: 0.0009000000000000002
[1/70 iteration of epoch 27/30] 
 {loss} cls : 0.001, total : 0.001 
 {acc} cls : 100.00
[31/70 iteration of epoch 27/30] 
 {loss} cls : 0.001, total : 0.001 
 {acc} cls : 100.00
[61/70 iteration of epoch 27/30] 
 {loss} cls : 0.001, total : 0.001 
 {acc} cls : 100.00
------------------------------
<Losses on train> cls : 0.001, total : 0.001
<Accuracies on train> cls : 99.96
Train epoch time: 11.205
------------------------------
<Accuracies on val> class : 99.60
------------------------------
<Accuracies on test> class : 87.20
------------------------------
<Accuracies on in> test class : 99.40
------------------------------
<Accuracies on flip> test class : 79.50
------------------------------
<Accuracies on random> test class : 88.80
------------------------------
Total epoch time: 17.212

New epoch - lr: 0.0009000000000000002
[1/70 iteration of epoch 28/30] 
 {loss} cls : 0.000, total : 0.000 
 {acc} cls : 100.00
[31/70 iteration of epoch 28/30] 
 {loss} cls : 0.000, total : 0.000 
 {acc} cls : 100.00
[61/70 iteration of epoch 28/30] 
 {loss} cls : 0.000, total : 0.000 
 {acc} cls : 100.00
------------------------------
<Losses on train> cls : 0.001, total : 0.001
<Accuracies on train> cls : 99.98
Train epoch time: 10.985
------------------------------
<Accuracies on val> class : 99.60
------------------------------
<Accuracies on test> class : 86.80
------------------------------
<Accuracies on in> test class : 99.40
------------------------------
<Accuracies on flip> test class : 78.60
------------------------------
<Accuracies on random> test class : 88.70
------------------------------
Total epoch time: 16.789

New epoch - lr: 0.0009000000000000002
[1/70 iteration of epoch 29/30] 
 {loss} cls : 0.000, total : 0.000 
 {acc} cls : 100.00
[31/70 iteration of epoch 29/30] 
 {loss} cls : 0.001, total : 0.001 
 {acc} cls : 100.00
[61/70 iteration of epoch 29/30] 
 {loss} cls : 0.005, total : 0.005 
 {acc} cls : 100.00
------------------------------
<Losses on train> cls : 0.002, total : 0.002
<Accuracies on train> cls : 99.89
Train epoch time: 11.319
------------------------------
<Accuracies on val> class : 99.60
------------------------------
<Accuracies on test> class : 86.20
------------------------------
<Accuracies on in> test class : 99.00
------------------------------
<Accuracies on flip> test class : 78.10
------------------------------
<Accuracies on random> test class : 87.90
------------------------------
Total epoch time: 17.173

New epoch - lr: 0.0009000000000000002
[1/70 iteration of epoch 30/30] 
 {loss} cls : 0.000, total : 0.000 
 {acc} cls : 100.00
[31/70 iteration of epoch 30/30] 
 {loss} cls : 0.000, total : 0.000 
 {acc} cls : 100.00
[61/70 iteration of epoch 30/30] 
 {loss} cls : 0.000, total : 0.000 
 {acc} cls : 100.00
------------------------------
<Losses on train> cls : 0.001, total : 0.001
<Accuracies on train> cls : 100.00
Train epoch time: 11.820
------------------------------
<Accuracies on val> class : 99.60
------------------------------
<Accuracies on test> class : 87.28
------------------------------
<Accuracies on in> test class : 99.40
------------------------------
<Accuracies on flip> test class : 78.80
------------------------------
<Accuracies on random> test class : 89.70
------------------------------
Total epoch time: 17.586

******************************
Best val 0.998, corresponding test 0.8756 - best test: 0.8788

******************************
Best val 0.9980000257492065, corresponding in test 0.9940000176429749

******************************
Best val 0.9980000257492065, corresponding flip test 0.7950000166893005

******************************
Best val 0.9980000257492065, corresponding random test 0.8970000147819519
