
Loading experiment PACS/ResNet18_step


New epoch - lr: 0.003
[1/28 iteration of epoch 1/30] 
 {loss} cls : 2.098, total : 2.098 
 {acc} cls : 11.72
------------------------------
<Losses on train> cls : 1.940, total : 1.940
<Accuracies on train> cls : 43.36
Train epoch time: 24.690
------------------------------
<Accuracies on val> class : 82.69
------------------------------
<Accuracies on test> class : 53.58
------------------------------
<Accuracies on photo> test class : 94.25
------------------------------
<Accuracies on cartoon> test class : 47.87
------------------------------
<Accuracies on sketch> test class : 39.70
------------------------------
Total epoch time: 55.647

New epoch - lr: 0.003
[1/28 iteration of epoch 2/30] 
 {loss} cls : 1.294, total : 1.294 
 {acc} cls : 75.00
------------------------------
<Losses on train> cls : 1.330, total : 1.330
<Accuracies on train> cls : 57.53
Train epoch time: 24.035
------------------------------
<Accuracies on val> class : 87.98
------------------------------
<Accuracies on test> class : 56.33
------------------------------
<Accuracies on photo> test class : 94.61
------------------------------
<Accuracies on cartoon> test class : 53.71
------------------------------
<Accuracies on sketch> test class : 41.61
------------------------------
Total epoch time: 53.485

New epoch - lr: 0.003
[1/28 iteration of epoch 3/30] 
 {loss} cls : 0.500, total : 0.500 
 {acc} cls : 92.97
------------------------------
<Losses on train> cls : 1.232, total : 1.232
<Accuracies on train> cls : 60.57
Train epoch time: 22.951
------------------------------
<Accuracies on val> class : 88.94
------------------------------
<Accuracies on test> class : 60.19
------------------------------
<Accuracies on photo> test class : 94.19
------------------------------
<Accuracies on cartoon> test class : 56.78
------------------------------
<Accuracies on sketch> test class : 47.77
------------------------------
Total epoch time: 52.554

New epoch - lr: 0.003
[1/28 iteration of epoch 4/30] 
 {loss} cls : 0.991, total : 0.991 
 {acc} cls : 83.59
------------------------------
<Losses on train> cls : 1.110, total : 1.110
<Accuracies on train> cls : 67.30
Train epoch time: 23.613
------------------------------
<Accuracies on val> class : 87.98
------------------------------
<Accuracies on test> class : 56.09
------------------------------
<Accuracies on photo> test class : 92.87
------------------------------
<Accuracies on cartoon> test class : 54.78
------------------------------
<Accuracies on sketch> test class : 41.23
------------------------------
Total epoch time: 54.509

New epoch - lr: 0.003
[1/28 iteration of epoch 5/30] 
 {loss} cls : 1.330, total : 1.330 
 {acc} cls : 67.97
------------------------------
<Losses on train> cls : 1.094, total : 1.094
<Accuracies on train> cls : 65.68
Train epoch time: 24.050
------------------------------
<Accuracies on val> class : 87.50
------------------------------
<Accuracies on test> class : 57.41
------------------------------
<Accuracies on photo> test class : 90.54
------------------------------
<Accuracies on cartoon> test class : 58.62
------------------------------
<Accuracies on sketch> test class : 42.61
------------------------------
Total epoch time: 55.976

New epoch - lr: 0.003
[1/28 iteration of epoch 6/30] 
 {loss} cls : 1.244, total : 1.244 
 {acc} cls : 71.88
------------------------------
<Losses on train> cls : 1.226, total : 1.226
<Accuracies on train> cls : 58.90
Train epoch time: 24.329
------------------------------
<Accuracies on val> class : 87.02
------------------------------
<Accuracies on test> class : 60.69
------------------------------
<Accuracies on photo> test class : 94.13
------------------------------
<Accuracies on cartoon> test class : 54.44
------------------------------
<Accuracies on sketch> test class : 50.22
------------------------------
Total epoch time: 54.404

New epoch - lr: 0.003
[1/28 iteration of epoch 7/30] 
 {loss} cls : 1.279, total : 1.279 
 {acc} cls : 63.28
------------------------------
<Losses on train> cls : 0.949, total : 0.949
<Accuracies on train> cls : 74.67
Train epoch time: 22.135
------------------------------
<Accuracies on val> class : 86.06
------------------------------
<Accuracies on test> class : 62.90
------------------------------
<Accuracies on photo> test class : 93.65
------------------------------
<Accuracies on cartoon> test class : 59.94
------------------------------
<Accuracies on sketch> test class : 51.59
------------------------------
Total epoch time: 52.368

New epoch - lr: 0.003
[1/28 iteration of epoch 8/30] 
 {loss} cls : 1.017, total : 1.017 
 {acc} cls : 89.06
------------------------------
<Losses on train> cls : 0.931, total : 0.931
<Accuracies on train> cls : 73.27
Train epoch time: 21.757
------------------------------
<Accuracies on val> class : 89.42
------------------------------
<Accuracies on test> class : 61.26
------------------------------
<Accuracies on photo> test class : 95.27
------------------------------
<Accuracies on cartoon> test class : 52.94
------------------------------
<Accuracies on sketch> test class : 51.77
------------------------------
Total epoch time: 53.435

New epoch - lr: 0.003
[1/28 iteration of epoch 9/30] 
 {loss} cls : 1.039, total : 1.039 
 {acc} cls : 85.16
------------------------------
<Losses on train> cls : 1.010, total : 1.010
<Accuracies on train> cls : 67.83
Train epoch time: 22.536
------------------------------
<Accuracies on val> class : 90.87
------------------------------
<Accuracies on test> class : 65.03
------------------------------
<Accuracies on photo> test class : 94.07
------------------------------
<Accuracies on cartoon> test class : 59.94
------------------------------
<Accuracies on sketch> test class : 55.71
------------------------------
Total epoch time: 54.352

New epoch - lr: 0.003
[1/28 iteration of epoch 10/30] 
 {loss} cls : 0.887, total : 0.887 
 {acc} cls : 93.75
------------------------------
<Losses on train> cls : 1.067, total : 1.067
<Accuracies on train> cls : 68.36
Train epoch time: 22.246
------------------------------
<Accuracies on val> class : 87.98
------------------------------
<Accuracies on test> class : 56.96
------------------------------
<Accuracies on photo> test class : 91.92
------------------------------
<Accuracies on cartoon> test class : 50.90
------------------------------
<Accuracies on sketch> test class : 45.71
------------------------------
Total epoch time: 52.773

New epoch - lr: 0.003
[1/28 iteration of epoch 11/30] 
 {loss} cls : 0.327, total : 0.327 
 {acc} cls : 98.44
------------------------------
<Losses on train> cls : 0.996, total : 0.996
<Accuracies on train> cls : 68.39
Train epoch time: 21.838
------------------------------
<Accuracies on val> class : 89.90
------------------------------
<Accuracies on test> class : 56.38
------------------------------
<Accuracies on photo> test class : 93.77
------------------------------
<Accuracies on cartoon> test class : 53.41
------------------------------
<Accuracies on sketch> test class : 42.25
------------------------------
Total epoch time: 54.247

New epoch - lr: 0.003
[1/28 iteration of epoch 12/30] 
 {loss} cls : 1.117, total : 1.117 
 {acc} cls : 71.09
------------------------------
<Losses on train> cls : 1.054, total : 1.054
<Accuracies on train> cls : 68.14
Train epoch time: 22.995
------------------------------
<Accuracies on val> class : 88.46
------------------------------
<Accuracies on test> class : 58.38
------------------------------
<Accuracies on photo> test class : 93.95
------------------------------
<Accuracies on cartoon> test class : 56.95
------------------------------
<Accuracies on sketch> test class : 44.11
------------------------------
Total epoch time: 57.160

New epoch - lr: 0.003
[1/28 iteration of epoch 13/30] 
 {loss} cls : 1.062, total : 1.062 
 {acc} cls : 84.38
------------------------------
<Losses on train> cls : 0.953, total : 0.953
<Accuracies on train> cls : 70.98
Train epoch time: 23.137
------------------------------
<Accuracies on val> class : 85.10
------------------------------
<Accuracies on test> class : 58.92
------------------------------
<Accuracies on photo> test class : 94.19
------------------------------
<Accuracies on cartoon> test class : 53.33
------------------------------
<Accuracies on sketch> test class : 47.26
------------------------------
Total epoch time: 55.569

New epoch - lr: 0.003
[1/28 iteration of epoch 14/30] 
 {loss} cls : 1.196, total : 1.196 
 {acc} cls : 14.84
------------------------------
<Losses on train> cls : 1.048, total : 1.048
<Accuracies on train> cls : 63.73
Train epoch time: 22.191
------------------------------
<Accuracies on val> class : 89.90
------------------------------
<Accuracies on test> class : 60.05
------------------------------
<Accuracies on photo> test class : 92.81
------------------------------
<Accuracies on cartoon> test class : 59.17
------------------------------
<Accuracies on sketch> test class : 46.65
------------------------------
Total epoch time: 53.391

New epoch - lr: 0.003
[1/28 iteration of epoch 15/30] 
 {loss} cls : 0.860, total : 0.860 
 {acc} cls : 95.31
------------------------------
<Losses on train> cls : 1.095, total : 1.095
<Accuracies on train> cls : 68.72
Train epoch time: 21.907
------------------------------
<Accuracies on val> class : 87.50
------------------------------
<Accuracies on test> class : 57.90
------------------------------
<Accuracies on photo> test class : 91.20
------------------------------
<Accuracies on cartoon> test class : 52.60
------------------------------
<Accuracies on sketch> test class : 46.91
------------------------------
Total epoch time: 53.303

New epoch - lr: 0.003
[1/28 iteration of epoch 16/30] 
 {loss} cls : 1.079, total : 1.079 
 {acc} cls : 26.56
------------------------------
<Losses on train> cls : 0.857, total : 0.857
<Accuracies on train> cls : 70.84
Train epoch time: 21.771
------------------------------
<Accuracies on val> class : 89.42
------------------------------
<Accuracies on test> class : 59.62
------------------------------
<Accuracies on photo> test class : 93.71
------------------------------
<Accuracies on cartoon> test class : 55.84
------------------------------
<Accuracies on sketch> test class : 47.39
------------------------------
Total epoch time: 53.771

New epoch - lr: 0.003
[1/28 iteration of epoch 17/30] 
 {loss} cls : 1.116, total : 1.116 
 {acc} cls : 75.78
------------------------------
<Losses on train> cls : 0.933, total : 0.933
<Accuracies on train> cls : 71.09
Train epoch time: 21.357
------------------------------
<Accuracies on val> class : 88.46
------------------------------
<Accuracies on test> class : 59.21
------------------------------
<Accuracies on photo> test class : 94.31
------------------------------
<Accuracies on cartoon> test class : 57.76
------------------------------
<Accuracies on sketch> test class : 45.15
------------------------------
Total epoch time: 53.200

New epoch - lr: 0.003
[1/28 iteration of epoch 18/30] 
 {loss} cls : 1.265, total : 1.265 
 {acc} cls : 57.81
------------------------------
<Losses on train> cls : 1.077, total : 1.077
<Accuracies on train> cls : 62.19
Train epoch time: 21.545
------------------------------
<Accuracies on val> class : 86.54
------------------------------
<Accuracies on test> class : 62.39
------------------------------
<Accuracies on photo> test class : 94.01
------------------------------
<Accuracies on cartoon> test class : 58.83
------------------------------
<Accuracies on sketch> test class : 51.08
------------------------------
Total epoch time: 53.194

New epoch - lr: 0.003
[1/28 iteration of epoch 19/30] 
 {loss} cls : 1.073, total : 1.073 
 {acc} cls : 71.09
------------------------------
<Losses on train> cls : 0.935, total : 0.935
<Accuracies on train> cls : 75.17
Train epoch time: 22.337
------------------------------
<Accuracies on val> class : 92.31
------------------------------
<Accuracies on test> class : 59.37
------------------------------
<Accuracies on photo> test class : 93.59
------------------------------
<Accuracies on cartoon> test class : 61.73
------------------------------
<Accuracies on sketch> test class : 43.42
------------------------------
Total epoch time: 56.934

New epoch - lr: 0.003
[1/28 iteration of epoch 20/30] 
 {loss} cls : 1.088, total : 1.088 
 {acc} cls : 69.53
------------------------------
<Losses on train> cls : 0.979, total : 0.979
<Accuracies on train> cls : 69.28
Train epoch time: 21.935
------------------------------
<Accuracies on val> class : 85.10
------------------------------
<Accuracies on test> class : 59.71
------------------------------
<Accuracies on photo> test class : 91.56
------------------------------
<Accuracies on cartoon> test class : 52.60
------------------------------
<Accuracies on sketch> test class : 50.42
------------------------------
Total epoch time: 55.736

New epoch - lr: 0.003
[1/28 iteration of epoch 21/30] 
 {loss} cls : 0.452, total : 0.452 
 {acc} cls : 97.66
------------------------------
<Losses on train> cls : 1.009, total : 1.009
<Accuracies on train> cls : 64.54
Train epoch time: 20.615
------------------------------
<Accuracies on val> class : 86.54
------------------------------
<Accuracies on test> class : 56.87
------------------------------
<Accuracies on photo> test class : 92.93
------------------------------
<Accuracies on cartoon> test class : 53.11
------------------------------
<Accuracies on sketch> test class : 43.78
------------------------------
Total epoch time: 53.526

New epoch - lr: 0.003
[1/28 iteration of epoch 22/30] 
 {loss} cls : 0.747, total : 0.747 
 {acc} cls : 93.75
------------------------------
<Losses on train> cls : 0.815, total : 0.815
<Accuracies on train> cls : 82.76
Train epoch time: 20.778
------------------------------
<Accuracies on val> class : 88.94
------------------------------
<Accuracies on test> class : 52.89
------------------------------
<Accuracies on photo> test class : 91.26
------------------------------
<Accuracies on cartoon> test class : 53.46
------------------------------
<Accuracies on sketch> test class : 36.24
------------------------------
Total epoch time: 54.300

New epoch - lr: 0.003
[1/28 iteration of epoch 23/30] 
 {loss} cls : 0.724, total : 0.724 
 {acc} cls : 93.75
------------------------------
<Losses on train> cls : 0.852, total : 0.852
<Accuracies on train> cls : 77.71
Train epoch time: 21.358
------------------------------
<Accuracies on val> class : 91.35
------------------------------
<Accuracies on test> class : 59.36
------------------------------
<Accuracies on photo> test class : 94.67
------------------------------
<Accuracies on cartoon> test class : 52.39
------------------------------
<Accuracies on sketch> test class : 48.51
------------------------------
Total epoch time: 54.528

New epoch - lr: 0.003
[1/28 iteration of epoch 24/30] 
 {loss} cls : 0.659, total : 0.659 
 {acc} cls : 98.44
------------------------------
<Losses on train> cls : 0.869, total : 0.869
<Accuracies on train> cls : 75.67
Train epoch time: 20.633
------------------------------
<Accuracies on val> class : 89.42
------------------------------
<Accuracies on test> class : 61.92
------------------------------
<Accuracies on photo> test class : 95.21
------------------------------
<Accuracies on cartoon> test class : 53.63
------------------------------
<Accuracies on sketch> test class : 52.71
------------------------------
Total epoch time: 53.045

New epoch - lr: 0.003
[1/28 iteration of epoch 25/30] 
 {loss} cls : 0.838, total : 0.838 
 {acc} cls : 92.19
------------------------------
<Losses on train> cls : 0.868, total : 0.868
<Accuracies on train> cls : 78.43
Train epoch time: 20.899
------------------------------
<Accuracies on val> class : 90.87
------------------------------
<Accuracies on test> class : 62.36
------------------------------
<Accuracies on photo> test class : 91.62
------------------------------
<Accuracies on cartoon> test class : 58.53
------------------------------
<Accuracies on sketch> test class : 52.20
------------------------------
Total epoch time: 53.133

New epoch - lr: 0.003
[1/28 iteration of epoch 26/30] 
 {loss} cls : 0.738, total : 0.738 
 {acc} cls : 96.09
------------------------------
<Losses on train> cls : 0.863, total : 0.863
<Accuracies on train> cls : 77.96
Train epoch time: 21.118
------------------------------
<Accuracies on val> class : 92.31
------------------------------
<Accuracies on test> class : 60.66
------------------------------
<Accuracies on photo> test class : 92.93
------------------------------
<Accuracies on cartoon> test class : 55.84
------------------------------
<Accuracies on sketch> test class : 49.81
------------------------------
Total epoch time: 56.222

New epoch - lr: 0.0009000000000000002
[1/28 iteration of epoch 27/30] 
 {loss} cls : 1.104, total : 1.104 
 {acc} cls : 59.38
------------------------------
<Losses on train> cls : 0.762, total : 0.762
<Accuracies on train> cls : 82.17
Train epoch time: 23.005
------------------------------
<Accuracies on val> class : 89.42
------------------------------
<Accuracies on test> class : 60.38
------------------------------
<Accuracies on photo> test class : 92.87
------------------------------
<Accuracies on cartoon> test class : 53.63
------------------------------
<Accuracies on sketch> test class : 50.60
------------------------------
Total epoch time: 56.943

New epoch - lr: 0.0009000000000000002
[1/28 iteration of epoch 28/30] 
 {loss} cls : 0.941, total : 0.941 
 {acc} cls : 87.50
------------------------------
<Losses on train> cls : 0.875, total : 0.875
<Accuracies on train> cls : 72.88
Train epoch time: 21.628
------------------------------
<Accuracies on val> class : 92.79
------------------------------
<Accuracies on test> class : 60.98
------------------------------
<Accuracies on photo> test class : 94.13
------------------------------
<Accuracies on cartoon> test class : 57.30
------------------------------
<Accuracies on sketch> test class : 49.10
------------------------------
Total epoch time: 54.800

New epoch - lr: 0.0009000000000000002
[1/28 iteration of epoch 29/30] 
 {loss} cls : 0.436, total : 0.436 
 {acc} cls : 100.00
------------------------------
<Losses on train> cls : 0.873, total : 0.873
<Accuracies on train> cls : 70.06
Train epoch time: 21.796
------------------------------
<Accuracies on val> class : 92.31
------------------------------
<Accuracies on test> class : 61.64
------------------------------
<Accuracies on photo> test class : 94.07
------------------------------
<Accuracies on cartoon> test class : 57.85
------------------------------
<Accuracies on sketch> test class : 50.11
------------------------------
Total epoch time: 53.749

New epoch - lr: 0.0009000000000000002
[1/28 iteration of epoch 30/30] 
 {loss} cls : 0.984, total : 0.984 
 {acc} cls : 75.78
------------------------------
<Losses on train> cls : 0.890, total : 0.890
<Accuracies on train> cls : 71.74
Train epoch time: 20.207
------------------------------
<Accuracies on val> class : 92.31
------------------------------
<Accuracies on test> class : 61.22
------------------------------
<Accuracies on photo> test class : 94.13
------------------------------
<Accuracies on cartoon> test class : 57.12
------------------------------
<Accuracies on sketch> test class : 49.68
------------------------------
Total epoch time: 49.191

******************************
Best val 0.927885, corresponding test 0.609845 - best test: 0.650258

******************************
Best val 0.9278846383094788, corresponding photo test 0.9413173794746399

******************************
Best val 0.9278846383094788, corresponding cartoon test 0.5729522109031677

******************************
Best val 0.9278846383094788, corresponding sketch test 0.4909646213054657
