
Loading experiment ImageNet9/ResNet18_step

Sample Strategy: all

New epoch - lr: 0.003
[1/31 iteration of epoch 1/30] 
 {loss} cls : 2.320, total : 2.320 
 {acc} cls : 14.84
[31/31 iteration of epoch 1/30] 
 {loss} cls : 0.137, total : 0.137 
 {acc} cls : 95.31
------------------------------
<Losses on train> cls : 0.678, total : 0.678
<Accuracies on train> cls : 77.65
Train epoch time: 11.044
------------------------------
<Accuracies on val> class : 94.07
------------------------------
<Accuracies on test> class : 77.35
------------------------------
<Accuracies on mixed_rand> test class : 71.36
------------------------------
<Accuracies on mixed_same> test class : 83.33
------------------------------
Total epoch time: 16.785

New epoch - lr: 0.003
[1/31 iteration of epoch 2/30] 
 {loss} cls : 0.222, total : 0.222 
 {acc} cls : 95.31
[31/31 iteration of epoch 2/30] 
 {loss} cls : 0.293, total : 0.293 
 {acc} cls : 92.19
------------------------------
<Losses on train> cls : 0.197, total : 0.197
<Accuracies on train> cls : 93.32
Train epoch time: 10.390
------------------------------
<Accuracies on val> class : 94.07
------------------------------
<Accuracies on test> class : 76.08
------------------------------
<Accuracies on mixed_rand> test class : 70.99
------------------------------
<Accuracies on mixed_same> test class : 81.17
------------------------------
Total epoch time: 15.737

New epoch - lr: 0.003
[1/31 iteration of epoch 3/30] 
 {loss} cls : 0.127, total : 0.127 
 {acc} cls : 95.31
[31/31 iteration of epoch 3/30] 
 {loss} cls : 0.107, total : 0.107 
 {acc} cls : 96.09
------------------------------
<Losses on train> cls : 0.128, total : 0.128
<Accuracies on train> cls : 95.29
Train epoch time: 11.273
------------------------------
<Accuracies on val> class : 95.31
------------------------------
<Accuracies on test> class : 76.36
------------------------------
<Accuracies on mixed_rand> test class : 70.12
------------------------------
<Accuracies on mixed_same> test class : 82.59
------------------------------
Total epoch time: 16.654

New epoch - lr: 0.003
[1/31 iteration of epoch 4/30] 
 {loss} cls : 0.049, total : 0.049 
 {acc} cls : 98.44
[31/31 iteration of epoch 4/30] 
 {loss} cls : 0.075, total : 0.075 
 {acc} cls : 96.88
------------------------------
<Losses on train> cls : 0.100, total : 0.100
<Accuracies on train> cls : 96.57
Train epoch time: 10.496
------------------------------
<Accuracies on val> class : 95.06
------------------------------
<Accuracies on test> class : 78.52
------------------------------
<Accuracies on mixed_rand> test class : 72.65
------------------------------
<Accuracies on mixed_same> test class : 84.38
------------------------------
Total epoch time: 15.589

New epoch - lr: 0.003
[1/31 iteration of epoch 5/30] 
 {loss} cls : 0.079, total : 0.079 
 {acc} cls : 98.44
[31/31 iteration of epoch 5/30] 
 {loss} cls : 0.082, total : 0.082 
 {acc} cls : 97.66
------------------------------
<Losses on train> cls : 0.082, total : 0.082
<Accuracies on train> cls : 97.28
Train epoch time: 10.402
------------------------------
<Accuracies on val> class : 95.31
------------------------------
<Accuracies on test> class : 79.01
------------------------------
<Accuracies on mixed_rand> test class : 72.90
------------------------------
<Accuracies on mixed_same> test class : 85.12
------------------------------
Total epoch time: 15.821

New epoch - lr: 0.003
[1/31 iteration of epoch 6/30] 
 {loss} cls : 0.137, total : 0.137 
 {acc} cls : 96.09
[31/31 iteration of epoch 6/30] 
 {loss} cls : 0.063, total : 0.063 
 {acc} cls : 96.88
------------------------------
<Losses on train> cls : 0.063, total : 0.063
<Accuracies on train> cls : 97.86
Train epoch time: 10.401
------------------------------
<Accuracies on val> class : 94.81
------------------------------
<Accuracies on test> class : 78.55
------------------------------
<Accuracies on mixed_rand> test class : 72.47
------------------------------
<Accuracies on mixed_same> test class : 84.63
------------------------------
Total epoch time: 15.556

New epoch - lr: 0.003
[1/31 iteration of epoch 7/30] 
 {loss} cls : 0.057, total : 0.057 
 {acc} cls : 98.44
[31/31 iteration of epoch 7/30] 
 {loss} cls : 0.067, total : 0.067 
 {acc} cls : 96.88
------------------------------
<Losses on train> cls : 0.056, total : 0.056
<Accuracies on train> cls : 98.06
Train epoch time: 10.393
------------------------------
<Accuracies on val> class : 95.06
------------------------------
<Accuracies on test> class : 79.07
------------------------------
<Accuracies on mixed_rand> test class : 73.21
------------------------------
<Accuracies on mixed_same> test class : 84.94
------------------------------
Total epoch time: 15.426

New epoch - lr: 0.003
[1/31 iteration of epoch 8/30] 
 {loss} cls : 0.068, total : 0.068 
 {acc} cls : 96.88
[31/31 iteration of epoch 8/30] 
 {loss} cls : 0.093, total : 0.093 
 {acc} cls : 95.31
------------------------------
<Losses on train> cls : 0.053, total : 0.053
<Accuracies on train> cls : 97.96
Train epoch time: 10.336
------------------------------
<Accuracies on val> class : 95.31
------------------------------
<Accuracies on test> class : 78.95
------------------------------
<Accuracies on mixed_rand> test class : 73.46
------------------------------
<Accuracies on mixed_same> test class : 84.44
------------------------------
Total epoch time: 15.910

New epoch - lr: 0.003
[1/31 iteration of epoch 9/30] 
 {loss} cls : 0.026, total : 0.026 
 {acc} cls : 99.22
[31/31 iteration of epoch 9/30] 
 {loss} cls : 0.032, total : 0.032 
 {acc} cls : 98.44
------------------------------
<Losses on train> cls : 0.034, total : 0.034
<Accuracies on train> cls : 98.79
Train epoch time: 10.453
------------------------------
<Accuracies on val> class : 94.32
------------------------------
<Accuracies on test> class : 78.98
------------------------------
<Accuracies on mixed_rand> test class : 74.01
------------------------------
<Accuracies on mixed_same> test class : 83.95
------------------------------
Total epoch time: 15.586

New epoch - lr: 0.003
[1/31 iteration of epoch 10/30] 
 {loss} cls : 0.016, total : 0.016 
 {acc} cls : 100.00
[31/31 iteration of epoch 10/30] 
 {loss} cls : 0.055, total : 0.055 
 {acc} cls : 98.44
------------------------------
<Losses on train> cls : 0.039, total : 0.039
<Accuracies on train> cls : 98.74
Train epoch time: 10.733
------------------------------
<Accuracies on val> class : 95.06
------------------------------
<Accuracies on test> class : 80.56
------------------------------
<Accuracies on mixed_rand> test class : 75.31
------------------------------
<Accuracies on mixed_same> test class : 85.80
------------------------------
Total epoch time: 15.983

New epoch - lr: 0.003
[1/31 iteration of epoch 11/30] 
 {loss} cls : 0.008, total : 0.008 
 {acc} cls : 100.00
[31/31 iteration of epoch 11/30] 
 {loss} cls : 0.030, total : 0.030 
 {acc} cls : 98.44
------------------------------
<Losses on train> cls : 0.033, total : 0.033
<Accuracies on train> cls : 98.94
Train epoch time: 10.665
------------------------------
<Accuracies on val> class : 95.06
------------------------------
<Accuracies on test> class : 80.03
------------------------------
<Accuracies on mixed_rand> test class : 74.32
------------------------------
<Accuracies on mixed_same> test class : 85.74
------------------------------
Total epoch time: 15.725

New epoch - lr: 0.003
[1/31 iteration of epoch 12/30] 
 {loss} cls : 0.019, total : 0.019 
 {acc} cls : 99.22
[31/31 iteration of epoch 12/30] 
 {loss} cls : 0.027, total : 0.027 
 {acc} cls : 99.22
------------------------------
<Losses on train> cls : 0.033, total : 0.033
<Accuracies on train> cls : 98.82
Train epoch time: 10.331
------------------------------
<Accuracies on val> class : 94.81
------------------------------
<Accuracies on test> class : 80.65
------------------------------
<Accuracies on mixed_rand> test class : 75.19
------------------------------
<Accuracies on mixed_same> test class : 86.11
------------------------------
Total epoch time: 15.441

New epoch - lr: 0.003
[1/31 iteration of epoch 13/30] 
 {loss} cls : 0.038, total : 0.038 
 {acc} cls : 97.66
[31/31 iteration of epoch 13/30] 
 {loss} cls : 0.016, total : 0.016 
 {acc} cls : 100.00
------------------------------
<Losses on train> cls : 0.026, total : 0.026
<Accuracies on train> cls : 99.17
Train epoch time: 10.511
------------------------------
<Accuracies on val> class : 94.81
------------------------------
<Accuracies on test> class : 80.59
------------------------------
<Accuracies on mixed_rand> test class : 75.43
------------------------------
<Accuracies on mixed_same> test class : 85.74
------------------------------
Total epoch time: 15.595

New epoch - lr: 0.003
[1/31 iteration of epoch 14/30] 
 {loss} cls : 0.019, total : 0.019 
 {acc} cls : 100.00
[31/31 iteration of epoch 14/30] 
 {loss} cls : 0.047, total : 0.047 
 {acc} cls : 98.44
------------------------------
<Losses on train> cls : 0.031, total : 0.031
<Accuracies on train> cls : 98.99
Train epoch time: 10.347
------------------------------
<Accuracies on val> class : 95.31
------------------------------
<Accuracies on test> class : 79.75
------------------------------
<Accuracies on mixed_rand> test class : 74.14
------------------------------
<Accuracies on mixed_same> test class : 85.37
------------------------------
Total epoch time: 15.838

New epoch - lr: 0.003
[1/31 iteration of epoch 15/30] 
 {loss} cls : 0.010, total : 0.010 
 {acc} cls : 100.00
[31/31 iteration of epoch 15/30] 
 {loss} cls : 0.024, total : 0.024 
 {acc} cls : 98.44
------------------------------
<Losses on train> cls : 0.025, total : 0.025
<Accuracies on train> cls : 99.12
Train epoch time: 10.607
------------------------------
<Accuracies on val> class : 95.31
------------------------------
<Accuracies on test> class : 80.71
------------------------------
<Accuracies on mixed_rand> test class : 75.99
------------------------------
<Accuracies on mixed_same> test class : 85.43
------------------------------
Total epoch time: 16.133

New epoch - lr: 0.003
[1/31 iteration of epoch 16/30] 
 {loss} cls : 0.033, total : 0.033 
 {acc} cls : 99.22
[31/31 iteration of epoch 16/30] 
 {loss} cls : 0.014, total : 0.014 
 {acc} cls : 100.00
------------------------------
<Losses on train> cls : 0.025, total : 0.025
<Accuracies on train> cls : 99.22
Train epoch time: 10.339
------------------------------
<Accuracies on val> class : 95.80
------------------------------
<Accuracies on test> class : 79.23
------------------------------
<Accuracies on mixed_rand> test class : 73.95
------------------------------
<Accuracies on mixed_same> test class : 84.51
------------------------------
Total epoch time: 16.020

New epoch - lr: 0.003
[1/31 iteration of epoch 17/30] 
 {loss} cls : 0.006, total : 0.006 
 {acc} cls : 100.00
[31/31 iteration of epoch 17/30] 
 {loss} cls : 0.033, total : 0.033 
 {acc} cls : 97.66
------------------------------
<Losses on train> cls : 0.023, total : 0.023
<Accuracies on train> cls : 99.24
Train epoch time: 10.333
------------------------------
<Accuracies on val> class : 95.56
------------------------------
<Accuracies on test> class : 79.91
------------------------------
<Accuracies on mixed_rand> test class : 74.88
------------------------------
<Accuracies on mixed_same> test class : 84.94
------------------------------
Total epoch time: 15.514

New epoch - lr: 0.003
[1/31 iteration of epoch 18/30] 
 {loss} cls : 0.038, total : 0.038 
 {acc} cls : 98.44
[31/31 iteration of epoch 18/30] 
 {loss} cls : 0.018, total : 0.018 
 {acc} cls : 99.22
------------------------------
<Losses on train> cls : 0.022, total : 0.022
<Accuracies on train> cls : 99.34
Train epoch time: 10.352
------------------------------
<Accuracies on val> class : 94.57
------------------------------
<Accuracies on test> class : 79.85
------------------------------
<Accuracies on mixed_rand> test class : 74.81
------------------------------
<Accuracies on mixed_same> test class : 84.88
------------------------------
Total epoch time: 15.513

New epoch - lr: 0.003
[1/31 iteration of epoch 19/30] 
 {loss} cls : 0.016, total : 0.016 
 {acc} cls : 99.22
[31/31 iteration of epoch 19/30] 
 {loss} cls : 0.013, total : 0.013 
 {acc} cls : 100.00
------------------------------
<Losses on train> cls : 0.018, total : 0.018
<Accuracies on train> cls : 99.37
Train epoch time: 10.851
------------------------------
<Accuracies on val> class : 95.56
------------------------------
<Accuracies on test> class : 81.57
------------------------------
<Accuracies on mixed_rand> test class : 75.99
------------------------------
<Accuracies on mixed_same> test class : 87.16
------------------------------
Total epoch time: 16.034

New epoch - lr: 0.003
[1/31 iteration of epoch 20/30] 
 {loss} cls : 0.005, total : 0.005 
 {acc} cls : 100.00
[31/31 iteration of epoch 20/30] 
 {loss} cls : 0.021, total : 0.021 
 {acc} cls : 100.00
------------------------------
<Losses on train> cls : 0.021, total : 0.021
<Accuracies on train> cls : 99.45
Train epoch time: 10.966
------------------------------
<Accuracies on val> class : 95.56
------------------------------
<Accuracies on test> class : 80.90
------------------------------
<Accuracies on mixed_rand> test class : 75.62
------------------------------
<Accuracies on mixed_same> test class : 86.17
------------------------------
Total epoch time: 16.056

New epoch - lr: 0.003
[1/31 iteration of epoch 21/30] 
 {loss} cls : 0.007, total : 0.007 
 {acc} cls : 100.00
[31/31 iteration of epoch 21/30] 
 {loss} cls : 0.011, total : 0.011 
 {acc} cls : 99.22
------------------------------
<Losses on train> cls : 0.017, total : 0.017
<Accuracies on train> cls : 99.55
Train epoch time: 10.344
------------------------------
<Accuracies on val> class : 94.07
------------------------------
<Accuracies on test> class : 82.16
------------------------------
<Accuracies on mixed_rand> test class : 77.04
------------------------------
<Accuracies on mixed_same> test class : 87.28
------------------------------
Total epoch time: 15.432

New epoch - lr: 0.003
[1/31 iteration of epoch 22/30] 
 {loss} cls : 0.008, total : 0.008 
 {acc} cls : 100.00
[31/31 iteration of epoch 22/30] 
 {loss} cls : 0.043, total : 0.043 
 {acc} cls : 99.22
------------------------------
<Losses on train> cls : 0.014, total : 0.014
<Accuracies on train> cls : 99.65
Train epoch time: 10.396
------------------------------
<Accuracies on val> class : 95.06
------------------------------
<Accuracies on test> class : 81.51
------------------------------
<Accuracies on mixed_rand> test class : 76.36
------------------------------
<Accuracies on mixed_same> test class : 86.67
------------------------------
Total epoch time: 15.574

New epoch - lr: 0.003
[1/31 iteration of epoch 23/30] 
 {loss} cls : 0.007, total : 0.007 
 {acc} cls : 100.00
[31/31 iteration of epoch 23/30] 
 {loss} cls : 0.017, total : 0.017 
 {acc} cls : 99.22
------------------------------
<Losses on train> cls : 0.013, total : 0.013
<Accuracies on train> cls : 99.75
Train epoch time: 10.792
------------------------------
<Accuracies on val> class : 95.06
------------------------------
<Accuracies on test> class : 82.04
------------------------------
<Accuracies on mixed_rand> test class : 76.60
------------------------------
<Accuracies on mixed_same> test class : 87.47
------------------------------
Total epoch time: 15.986

New epoch - lr: 0.003
[1/31 iteration of epoch 24/30] 
 {loss} cls : 0.002, total : 0.002 
 {acc} cls : 100.00
[31/31 iteration of epoch 24/30] 
 {loss} cls : 0.008, total : 0.008 
 {acc} cls : 100.00
------------------------------
<Losses on train> cls : 0.015, total : 0.015
<Accuracies on train> cls : 99.57
Train epoch time: 10.392
------------------------------
<Accuracies on val> class : 95.56
------------------------------
<Accuracies on test> class : 81.48
------------------------------
<Accuracies on mixed_rand> test class : 75.93
------------------------------
<Accuracies on mixed_same> test class : 87.04
------------------------------
Total epoch time: 15.519

New epoch - lr: 0.003
[1/31 iteration of epoch 25/30] 
 {loss} cls : 0.005, total : 0.005 
 {acc} cls : 100.00
[31/31 iteration of epoch 25/30] 
 {loss} cls : 0.006, total : 0.006 
 {acc} cls : 100.00
------------------------------
<Losses on train> cls : 0.013, total : 0.013
<Accuracies on train> cls : 99.70
Train epoch time: 10.951
------------------------------
<Accuracies on val> class : 95.56
------------------------------
<Accuracies on test> class : 80.80
------------------------------
<Accuracies on mixed_rand> test class : 74.94
------------------------------
<Accuracies on mixed_same> test class : 86.67
------------------------------
Total epoch time: 16.133

New epoch - lr: 0.003
[1/31 iteration of epoch 26/30] 
 {loss} cls : 0.022, total : 0.022 
 {acc} cls : 99.22
[31/31 iteration of epoch 26/30] 
 {loss} cls : 0.007, total : 0.007 
 {acc} cls : 100.00
------------------------------
<Losses on train> cls : 0.011, total : 0.011
<Accuracies on train> cls : 99.67
Train epoch time: 11.261
------------------------------
<Accuracies on val> class : 95.56
------------------------------
<Accuracies on test> class : 81.64
------------------------------
<Accuracies on mixed_rand> test class : 75.80
------------------------------
<Accuracies on mixed_same> test class : 87.47
------------------------------
Total epoch time: 16.375

New epoch - lr: 0.0009000000000000002
[1/31 iteration of epoch 27/30] 
 {loss} cls : 0.020, total : 0.020 
 {acc} cls : 99.22
[31/31 iteration of epoch 27/30] 
 {loss} cls : 0.007, total : 0.007 
 {acc} cls : 100.00
------------------------------
<Losses on train> cls : 0.011, total : 0.011
<Accuracies on train> cls : 99.72
Train epoch time: 10.466
------------------------------
<Accuracies on val> class : 94.57
------------------------------
<Accuracies on test> class : 81.36
------------------------------
<Accuracies on mixed_rand> test class : 75.68
------------------------------
<Accuracies on mixed_same> test class : 87.04
------------------------------
Total epoch time: 15.573

New epoch - lr: 0.0009000000000000002
[1/31 iteration of epoch 28/30] 
 {loss} cls : 0.010, total : 0.010 
 {acc} cls : 100.00
[31/31 iteration of epoch 28/30] 
 {loss} cls : 0.004, total : 0.004 
 {acc} cls : 100.00
------------------------------
<Losses on train> cls : 0.014, total : 0.014
<Accuracies on train> cls : 99.60
Train epoch time: 10.392
------------------------------
<Accuracies on val> class : 94.57
------------------------------
<Accuracies on test> class : 81.30
------------------------------
<Accuracies on mixed_rand> test class : 75.43
------------------------------
<Accuracies on mixed_same> test class : 87.16
------------------------------
Total epoch time: 15.538

New epoch - lr: 0.0009000000000000002
[1/31 iteration of epoch 29/30] 
 {loss} cls : 0.011, total : 0.011 
 {acc} cls : 99.22
[31/31 iteration of epoch 29/30] 
 {loss} cls : 0.012, total : 0.012 
 {acc} cls : 99.22
------------------------------
<Losses on train> cls : 0.012, total : 0.012
<Accuracies on train> cls : 99.67
Train epoch time: 10.299
------------------------------
<Accuracies on val> class : 94.57
------------------------------
<Accuracies on test> class : 81.42
------------------------------
<Accuracies on mixed_rand> test class : 75.37
------------------------------
<Accuracies on mixed_same> test class : 87.47
------------------------------
Total epoch time: 15.440

New epoch - lr: 0.0009000000000000002
[1/31 iteration of epoch 30/30] 
 {loss} cls : 0.013, total : 0.013 
 {acc} cls : 99.22
[31/31 iteration of epoch 30/30] 
 {loss} cls : 0.003, total : 0.003 
 {acc} cls : 100.00
------------------------------
<Losses on train> cls : 0.009, total : 0.009
<Accuracies on train> cls : 99.77
Train epoch time: 10.295
------------------------------
<Accuracies on val> class : 94.81
------------------------------
<Accuracies on test> class : 80.93
------------------------------
<Accuracies on mixed_rand> test class : 74.51
------------------------------
<Accuracies on mixed_same> test class : 87.35
------------------------------
Total epoch time: 15.465

******************************
Best val 0.958025, corresponding test 0.792284 - best test: 0.821605

******************************
Best val 0.9580246806144714, corresponding mixed_rand test 0.739506185054779

******************************
Best val 0.9580246806144714, corresponding mixed_same test 0.845061719417572
