
Loading experiment Texture/ResNet18_step


New epoch - lr: 0.003
[1/75 iteration of epoch 1/30] 
 {loss} cls : 2.970, total : 2.970 
 {acc} cls : 6.25
[31/75 iteration of epoch 1/30] 
 {loss} cls : 0.193, total : 0.193 
 {acc} cls : 92.19
[61/75 iteration of epoch 1/30] 
 {loss} cls : 0.137, total : 0.137 
 {acc} cls : 95.31
------------------------------
<Losses on train> cls : 0.367, total : 0.367
<Accuracies on train> cls : 88.85
Train epoch time: 21.620
------------------------------
<Accuracies on val> class : 87.38
------------------------------
<Accuracies on test> class : 51.22
------------------------------
<Accuracies on in> test class : 81.50
------------------------------
<Accuracies on random> test class : 18.36
------------------------------
<Accuracies on edge> test class : 21.88
------------------------------
<Accuracies on silo> test class : 40.62
------------------------------
Total epoch time: 42.821

New epoch - lr: 0.003
[1/75 iteration of epoch 2/30] 
 {loss} cls : 0.211, total : 0.211 
 {acc} cls : 90.62
[31/75 iteration of epoch 2/30] 
 {loss} cls : 0.076, total : 0.076 
 {acc} cls : 98.44
[61/75 iteration of epoch 2/30] 
 {loss} cls : 0.053, total : 0.053 
 {acc} cls : 98.44
------------------------------
<Losses on train> cls : 0.108, total : 0.108
<Accuracies on train> cls : 96.58
Train epoch time: 20.259
------------------------------
<Accuracies on val> class : 86.94
------------------------------
<Accuracies on test> class : 51.59
------------------------------
<Accuracies on in> test class : 81.38
------------------------------
<Accuracies on random> test class : 19.69
------------------------------
<Accuracies on edge> test class : 21.25
------------------------------
<Accuracies on silo> test class : 39.38
------------------------------
Total epoch time: 40.938

New epoch - lr: 0.003
[1/75 iteration of epoch 3/30] 
 {loss} cls : 0.039, total : 0.039 
 {acc} cls : 98.44
[31/75 iteration of epoch 3/30] 
 {loss} cls : 0.057, total : 0.057 
 {acc} cls : 96.88
[61/75 iteration of epoch 3/30] 
 {loss} cls : 0.090, total : 0.090 
 {acc} cls : 96.88
------------------------------
<Losses on train> cls : 0.065, total : 0.065
<Accuracies on train> cls : 97.81
Train epoch time: 21.368
------------------------------
<Accuracies on val> class : 88.50
------------------------------
<Accuracies on test> class : 50.97
------------------------------
<Accuracies on in> test class : 81.25
------------------------------
<Accuracies on random> test class : 19.14
------------------------------
<Accuracies on edge> test class : 19.38
------------------------------
<Accuracies on silo> test class : 34.38
------------------------------
Total epoch time: 42.643

New epoch - lr: 0.003
[1/75 iteration of epoch 4/30] 
 {loss} cls : 0.006, total : 0.006 
 {acc} cls : 100.00
[31/75 iteration of epoch 4/30] 
 {loss} cls : 0.104, total : 0.104 
 {acc} cls : 96.88
[61/75 iteration of epoch 4/30] 
 {loss} cls : 0.010, total : 0.010 
 {acc} cls : 100.00
------------------------------
<Losses on train> cls : 0.035, total : 0.035
<Accuracies on train> cls : 99.08
Train epoch time: 20.428
------------------------------
<Accuracies on val> class : 88.81
------------------------------
<Accuracies on test> class : 51.47
------------------------------
<Accuracies on in> test class : 82.12
------------------------------
<Accuracies on random> test class : 18.59
------------------------------
<Accuracies on edge> test class : 22.50
------------------------------
<Accuracies on silo> test class : 36.88
------------------------------
Total epoch time: 41.767

New epoch - lr: 0.003
[1/75 iteration of epoch 5/30] 
 {loss} cls : 0.014, total : 0.014 
 {acc} cls : 100.00
[31/75 iteration of epoch 5/30] 
 {loss} cls : 0.036, total : 0.036 
 {acc} cls : 98.44
[61/75 iteration of epoch 5/30] 
 {loss} cls : 0.015, total : 0.015 
 {acc} cls : 100.00
------------------------------
<Losses on train> cls : 0.026, total : 0.026
<Accuracies on train> cls : 99.31
Train epoch time: 20.142
------------------------------
<Accuracies on val> class : 87.25
------------------------------
<Accuracies on test> class : 50.03
------------------------------
<Accuracies on in> test class : 79.50
------------------------------
<Accuracies on random> test class : 17.66
------------------------------
<Accuracies on edge> test class : 23.75
------------------------------
<Accuracies on silo> test class : 40.62
------------------------------
Total epoch time: 41.239

New epoch - lr: 0.003
[1/75 iteration of epoch 6/30] 
 {loss} cls : 0.007, total : 0.007 
 {acc} cls : 100.00
[31/75 iteration of epoch 6/30] 
 {loss} cls : 0.011, total : 0.011 
 {acc} cls : 100.00
[61/75 iteration of epoch 6/30] 
 {loss} cls : 0.011, total : 0.011 
 {acc} cls : 100.00
------------------------------
<Losses on train> cls : 0.023, total : 0.023
<Accuracies on train> cls : 99.35
Train epoch time: 19.937
------------------------------
<Accuracies on val> class : 87.47
------------------------------
<Accuracies on test> class : 50.41
------------------------------
<Accuracies on in> test class : 79.50
------------------------------
<Accuracies on random> test class : 18.20
------------------------------
<Accuracies on edge> test class : 23.75
------------------------------
<Accuracies on silo> test class : 43.75
------------------------------
Total epoch time: 41.114

New epoch - lr: 0.003
[1/75 iteration of epoch 7/30] 
 {loss} cls : 0.010, total : 0.010 
 {acc} cls : 100.00
[31/75 iteration of epoch 7/30] 
 {loss} cls : 0.009, total : 0.009 
 {acc} cls : 100.00
[61/75 iteration of epoch 7/30] 
 {loss} cls : 0.004, total : 0.004 
 {acc} cls : 100.00
------------------------------
<Losses on train> cls : 0.021, total : 0.021
<Accuracies on train> cls : 99.31
Train epoch time: 20.278
------------------------------
<Accuracies on val> class : 88.19
------------------------------
<Accuracies on test> class : 52.47
------------------------------
<Accuracies on in> test class : 82.75
------------------------------
<Accuracies on random> test class : 19.38
------------------------------
<Accuracies on edge> test class : 23.75
------------------------------
<Accuracies on silo> test class : 43.12
------------------------------
Total epoch time: 41.355

New epoch - lr: 0.003
[1/75 iteration of epoch 8/30] 
 {loss} cls : 0.011, total : 0.011 
 {acc} cls : 100.00
[31/75 iteration of epoch 8/30] 
 {loss} cls : 0.007, total : 0.007 
 {acc} cls : 100.00
[61/75 iteration of epoch 8/30] 
 {loss} cls : 0.013, total : 0.013 
 {acc} cls : 100.00
------------------------------
<Losses on train> cls : 0.013, total : 0.013
<Accuracies on train> cls : 99.60
Train epoch time: 20.201
------------------------------
<Accuracies on val> class : 87.88
------------------------------
<Accuracies on test> class : 51.72
------------------------------
<Accuracies on in> test class : 82.75
------------------------------
<Accuracies on random> test class : 18.52
------------------------------
<Accuracies on edge> test class : 22.50
------------------------------
<Accuracies on silo> test class : 36.25
------------------------------
Total epoch time: 41.273

New epoch - lr: 0.003
[1/75 iteration of epoch 9/30] 
 {loss} cls : 0.009, total : 0.009 
 {acc} cls : 100.00
[31/75 iteration of epoch 9/30] 
 {loss} cls : 0.003, total : 0.003 
 {acc} cls : 100.00
[61/75 iteration of epoch 9/30] 
 {loss} cls : 0.002, total : 0.002 
 {acc} cls : 100.00
------------------------------
<Losses on train> cls : 0.011, total : 0.011
<Accuracies on train> cls : 99.79
Train epoch time: 20.489
------------------------------
<Accuracies on val> class : 88.50
------------------------------
<Accuracies on test> class : 52.41
------------------------------
<Accuracies on in> test class : 84.00
------------------------------
<Accuracies on random> test class : 18.83
------------------------------
<Accuracies on edge> test class : 20.62
------------------------------
<Accuracies on silo> test class : 36.88
------------------------------
Total epoch time: 41.663

New epoch - lr: 0.003
[1/75 iteration of epoch 10/30] 
 {loss} cls : 0.002, total : 0.002 
 {acc} cls : 100.00
[31/75 iteration of epoch 10/30] 
 {loss} cls : 0.021, total : 0.021 
 {acc} cls : 98.44
[61/75 iteration of epoch 10/30] 
 {loss} cls : 0.003, total : 0.003 
 {acc} cls : 100.00
------------------------------
<Losses on train> cls : 0.008, total : 0.008
<Accuracies on train> cls : 99.98
Train epoch time: 20.111
------------------------------
<Accuracies on val> class : 88.81
------------------------------
<Accuracies on test> class : 51.88
------------------------------
<Accuracies on in> test class : 82.06
------------------------------
<Accuracies on random> test class : 19.22
------------------------------
<Accuracies on edge> test class : 23.75
------------------------------
<Accuracies on silo> test class : 39.38
------------------------------
Total epoch time: 41.472

New epoch - lr: 0.003
[1/75 iteration of epoch 11/30] 
 {loss} cls : 0.002, total : 0.002 
 {acc} cls : 100.00
[31/75 iteration of epoch 11/30] 
 {loss} cls : 0.001, total : 0.001 
 {acc} cls : 100.00
[61/75 iteration of epoch 11/30] 
 {loss} cls : 0.020, total : 0.020 
 {acc} cls : 100.00
------------------------------
<Losses on train> cls : 0.007, total : 0.007
<Accuracies on train> cls : 99.83
Train epoch time: 20.475
------------------------------
<Accuracies on val> class : 87.72
------------------------------
<Accuracies on test> class : 51.69
------------------------------
<Accuracies on in> test class : 81.75
------------------------------
<Accuracies on random> test class : 19.06
------------------------------
<Accuracies on edge> test class : 22.50
------------------------------
<Accuracies on silo> test class : 41.25
------------------------------
Total epoch time: 41.555

New epoch - lr: 0.003
[1/75 iteration of epoch 12/30] 
 {loss} cls : 0.007, total : 0.007 
 {acc} cls : 100.00
[31/75 iteration of epoch 12/30] 
 {loss} cls : 0.001, total : 0.001 
 {acc} cls : 100.00
[61/75 iteration of epoch 12/30] 
 {loss} cls : 0.002, total : 0.002 
 {acc} cls : 100.00
------------------------------
<Losses on train> cls : 0.008, total : 0.008
<Accuracies on train> cls : 99.79
Train epoch time: 20.200
------------------------------
<Accuracies on val> class : 87.66
------------------------------
<Accuracies on test> class : 51.59
------------------------------
<Accuracies on in> test class : 81.69
------------------------------
<Accuracies on random> test class : 19.14
------------------------------
<Accuracies on edge> test class : 21.25
------------------------------
<Accuracies on silo> test class : 40.62
------------------------------
Total epoch time: 41.303

New epoch - lr: 0.003
[1/75 iteration of epoch 13/30] 
 {loss} cls : 0.001, total : 0.001 
 {acc} cls : 100.00
[31/75 iteration of epoch 13/30] 
 {loss} cls : 0.001, total : 0.001 
 {acc} cls : 100.00
[61/75 iteration of epoch 13/30] 
 {loss} cls : 0.001, total : 0.001 
 {acc} cls : 100.00
------------------------------
<Losses on train> cls : 0.008, total : 0.008
<Accuracies on train> cls : 99.81
Train epoch time: 20.208
------------------------------
<Accuracies on val> class : 88.88
------------------------------
<Accuracies on test> class : 51.88
------------------------------
<Accuracies on in> test class : 82.00
------------------------------
<Accuracies on random> test class : 19.45
------------------------------
<Accuracies on edge> test class : 21.25
------------------------------
<Accuracies on silo> test class : 40.62
------------------------------
Total epoch time: 41.491

New epoch - lr: 0.003
[1/75 iteration of epoch 14/30] 
 {loss} cls : 0.006, total : 0.006 
 {acc} cls : 100.00
[31/75 iteration of epoch 14/30] 
 {loss} cls : 0.001, total : 0.001 
 {acc} cls : 100.00
[61/75 iteration of epoch 14/30] 
 {loss} cls : 0.000, total : 0.000 
 {acc} cls : 100.00
------------------------------
<Losses on train> cls : 0.006, total : 0.006
<Accuracies on train> cls : 99.90
Train epoch time: 20.047
------------------------------
<Accuracies on val> class : 88.59
------------------------------
<Accuracies on test> class : 51.62
------------------------------
<Accuracies on in> test class : 82.31
------------------------------
<Accuracies on random> test class : 18.59
------------------------------
<Accuracies on edge> test class : 23.12
------------------------------
<Accuracies on silo> test class : 37.50
------------------------------
Total epoch time: 41.089

New epoch - lr: 0.003
[1/75 iteration of epoch 15/30] 
 {loss} cls : 0.000, total : 0.000 
 {acc} cls : 100.00
[31/75 iteration of epoch 15/30] 
 {loss} cls : 0.006, total : 0.006 
 {acc} cls : 100.00
[61/75 iteration of epoch 15/30] 
 {loss} cls : 0.003, total : 0.003 
 {acc} cls : 100.00
------------------------------
<Losses on train> cls : 0.007, total : 0.007
<Accuracies on train> cls : 99.85
Train epoch time: 20.069
------------------------------
<Accuracies on val> class : 88.22
------------------------------
<Accuracies on test> class : 51.81
------------------------------
<Accuracies on in> test class : 81.81
------------------------------
<Accuracies on random> test class : 19.61
------------------------------
<Accuracies on edge> test class : 22.50
------------------------------
<Accuracies on silo> test class : 38.75
------------------------------
Total epoch time: 41.150

New epoch - lr: 0.003
[1/75 iteration of epoch 16/30] 
 {loss} cls : 0.001, total : 0.001 
 {acc} cls : 100.00
[31/75 iteration of epoch 16/30] 
 {loss} cls : 0.001, total : 0.001 
 {acc} cls : 100.00
[61/75 iteration of epoch 16/30] 
 {loss} cls : 0.003, total : 0.003 
 {acc} cls : 100.00
------------------------------
<Losses on train> cls : 0.005, total : 0.005
<Accuracies on train> cls : 99.88
Train epoch time: 20.058
------------------------------
<Accuracies on val> class : 89.38
------------------------------
<Accuracies on test> class : 51.59
------------------------------
<Accuracies on in> test class : 82.00
------------------------------
<Accuracies on random> test class : 19.14
------------------------------
<Accuracies on edge> test class : 23.12
------------------------------
<Accuracies on silo> test class : 35.62
------------------------------
Total epoch time: 41.758

New epoch - lr: 0.003
[1/75 iteration of epoch 17/30] 
 {loss} cls : 0.018, total : 0.018 
 {acc} cls : 100.00
[31/75 iteration of epoch 17/30] 
 {loss} cls : 0.005, total : 0.005 
 {acc} cls : 100.00
[61/75 iteration of epoch 17/30] 
 {loss} cls : 0.010, total : 0.010 
 {acc} cls : 100.00
------------------------------
<Losses on train> cls : 0.004, total : 0.004
<Accuracies on train> cls : 99.98
Train epoch time: 20.023
------------------------------
<Accuracies on val> class : 88.22
------------------------------
<Accuracies on test> class : 51.22
------------------------------
<Accuracies on in> test class : 80.38
------------------------------
<Accuracies on random> test class : 20.31
------------------------------
<Accuracies on edge> test class : 24.38
------------------------------
<Accuracies on silo> test class : 33.75
------------------------------
Total epoch time: 41.067

New epoch - lr: 0.003
[1/75 iteration of epoch 18/30] 
 {loss} cls : 0.004, total : 0.004 
 {acc} cls : 100.00
[31/75 iteration of epoch 18/30] 
 {loss} cls : 0.000, total : 0.000 
 {acc} cls : 100.00
[61/75 iteration of epoch 18/30] 
 {loss} cls : 0.015, total : 0.015 
 {acc} cls : 98.44
------------------------------
<Losses on train> cls : 0.004, total : 0.004
<Accuracies on train> cls : 99.88
Train epoch time: 20.798
------------------------------
<Accuracies on val> class : 89.47
------------------------------
<Accuracies on test> class : 51.19
------------------------------
<Accuracies on in> test class : 80.94
------------------------------
<Accuracies on random> test class : 18.98
------------------------------
<Accuracies on edge> test class : 21.25
------------------------------
<Accuracies on silo> test class : 41.25
------------------------------
Total epoch time: 42.001

New epoch - lr: 0.003
[1/75 iteration of epoch 19/30] 
 {loss} cls : 0.010, total : 0.010 
 {acc} cls : 100.00
[31/75 iteration of epoch 19/30] 
 {loss} cls : 0.020, total : 0.020 
 {acc} cls : 100.00
[61/75 iteration of epoch 19/30] 
 {loss} cls : 0.009, total : 0.009 
 {acc} cls : 100.00
------------------------------
<Losses on train> cls : 0.005, total : 0.005
<Accuracies on train> cls : 99.94
Train epoch time: 20.286
------------------------------
<Accuracies on val> class : 88.09
------------------------------
<Accuracies on test> class : 51.28
------------------------------
<Accuracies on in> test class : 81.19
------------------------------
<Accuracies on random> test class : 19.84
------------------------------
<Accuracies on edge> test class : 25.00
------------------------------
<Accuracies on silo> test class : 30.00
------------------------------
Total epoch time: 40.890

New epoch - lr: 0.003
[1/75 iteration of epoch 20/30] 
 {loss} cls : 0.002, total : 0.002 
 {acc} cls : 100.00
[31/75 iteration of epoch 20/30] 
 {loss} cls : 0.001, total : 0.001 
 {acc} cls : 100.00
[61/75 iteration of epoch 20/30] 
 {loss} cls : 0.004, total : 0.004 
 {acc} cls : 100.00
------------------------------
<Losses on train> cls : 0.004, total : 0.004
<Accuracies on train> cls : 99.98
Train epoch time: 21.318
------------------------------
<Accuracies on val> class : 89.78
------------------------------
<Accuracies on test> class : 52.00
------------------------------
<Accuracies on in> test class : 81.88
------------------------------
<Accuracies on random> test class : 19.77
------------------------------
<Accuracies on edge> test class : 21.88
------------------------------
<Accuracies on silo> test class : 41.25
------------------------------
Total epoch time: 42.267

New epoch - lr: 0.003
[1/75 iteration of epoch 21/30] 
 {loss} cls : 0.002, total : 0.002 
 {acc} cls : 100.00
[31/75 iteration of epoch 21/30] 
 {loss} cls : 0.003, total : 0.003 
 {acc} cls : 100.00
[61/75 iteration of epoch 21/30] 
 {loss} cls : 0.002, total : 0.002 
 {acc} cls : 100.00
------------------------------
<Losses on train> cls : 0.003, total : 0.003
<Accuracies on train> cls : 99.92
Train epoch time: 21.002
------------------------------
<Accuracies on val> class : 89.09
------------------------------
<Accuracies on test> class : 52.06
------------------------------
<Accuracies on in> test class : 82.50
------------------------------
<Accuracies on random> test class : 19.45
------------------------------
<Accuracies on edge> test class : 23.12
------------------------------
<Accuracies on silo> test class : 37.50
------------------------------
Total epoch time: 41.680

New epoch - lr: 0.003
[1/75 iteration of epoch 22/30] 
 {loss} cls : 0.003, total : 0.003 
 {acc} cls : 100.00
[31/75 iteration of epoch 22/30] 
 {loss} cls : 0.000, total : 0.000 
 {acc} cls : 100.00
[61/75 iteration of epoch 22/30] 
 {loss} cls : 0.003, total : 0.003 
 {acc} cls : 100.00
------------------------------
<Losses on train> cls : 0.003, total : 0.003
<Accuracies on train> cls : 99.98
Train epoch time: 20.122
------------------------------
<Accuracies on val> class : 89.41
------------------------------
<Accuracies on test> class : 51.78
------------------------------
<Accuracies on in> test class : 82.25
------------------------------
<Accuracies on random> test class : 19.22
------------------------------
<Accuracies on edge> test class : 21.88
------------------------------
<Accuracies on silo> test class : 37.50
------------------------------
Total epoch time: 40.836

New epoch - lr: 0.003
[1/75 iteration of epoch 23/30] 
 {loss} cls : 0.002, total : 0.002 
 {acc} cls : 100.00
[31/75 iteration of epoch 23/30] 
 {loss} cls : 0.002, total : 0.002 
 {acc} cls : 100.00
[61/75 iteration of epoch 23/30] 
 {loss} cls : 0.007, total : 0.007 
 {acc} cls : 100.00
------------------------------
<Losses on train> cls : 0.003, total : 0.003
<Accuracies on train> cls : 99.94
Train epoch time: 20.090
------------------------------
<Accuracies on val> class : 88.38
------------------------------
<Accuracies on test> class : 51.66
------------------------------
<Accuracies on in> test class : 81.94
------------------------------
<Accuracies on random> test class : 19.77
------------------------------
<Accuracies on edge> test class : 22.50
------------------------------
<Accuracies on silo> test class : 33.12
------------------------------
Total epoch time: 40.716

New epoch - lr: 0.003
[1/75 iteration of epoch 24/30] 
 {loss} cls : 0.003, total : 0.003 
 {acc} cls : 100.00
[31/75 iteration of epoch 24/30] 
 {loss} cls : 0.001, total : 0.001 
 {acc} cls : 100.00
[61/75 iteration of epoch 24/30] 
 {loss} cls : 0.001, total : 0.001 
 {acc} cls : 100.00
------------------------------
<Losses on train> cls : 0.003, total : 0.003
<Accuracies on train> cls : 99.92
Train epoch time: 20.709
------------------------------
<Accuracies on val> class : 89.19
------------------------------
<Accuracies on test> class : 52.38
------------------------------
<Accuracies on in> test class : 82.81
------------------------------
<Accuracies on random> test class : 19.69
------------------------------
<Accuracies on edge> test class : 25.62
------------------------------
<Accuracies on silo> test class : 36.25
------------------------------
Total epoch time: 41.318

New epoch - lr: 0.003
[1/75 iteration of epoch 25/30] 
 {loss} cls : 0.001, total : 0.001 
 {acc} cls : 100.00
[31/75 iteration of epoch 25/30] 
 {loss} cls : 0.012, total : 0.012 
 {acc} cls : 100.00
[61/75 iteration of epoch 25/30] 
 {loss} cls : 0.001, total : 0.001 
 {acc} cls : 100.00
------------------------------
<Losses on train> cls : 0.003, total : 0.003
<Accuracies on train> cls : 99.96
Train epoch time: 20.027
------------------------------
<Accuracies on val> class : 89.19
------------------------------
<Accuracies on test> class : 52.47
------------------------------
<Accuracies on in> test class : 82.75
------------------------------
<Accuracies on random> test class : 19.84
------------------------------
<Accuracies on edge> test class : 23.75
------------------------------
<Accuracies on silo> test class : 39.38
------------------------------
Total epoch time: 40.637

New epoch - lr: 0.003
[1/75 iteration of epoch 26/30] 
 {loss} cls : 0.001, total : 0.001 
 {acc} cls : 100.00
[31/75 iteration of epoch 26/30] 
 {loss} cls : 0.002, total : 0.002 
 {acc} cls : 100.00
[61/75 iteration of epoch 26/30] 
 {loss} cls : 0.002, total : 0.002 
 {acc} cls : 100.00
------------------------------
<Losses on train> cls : 0.002, total : 0.002
<Accuracies on train> cls : 99.98
Train epoch time: 20.058
------------------------------
<Accuracies on val> class : 89.31
------------------------------
<Accuracies on test> class : 52.62
------------------------------
<Accuracies on in> test class : 82.62
------------------------------
<Accuracies on random> test class : 20.23
------------------------------
<Accuracies on edge> test class : 23.75
------------------------------
<Accuracies on silo> test class : 40.62
------------------------------
Total epoch time: 40.768

New epoch - lr: 0.0009000000000000002
[1/75 iteration of epoch 27/30] 
 {loss} cls : 0.003, total : 0.003 
 {acc} cls : 100.00
[31/75 iteration of epoch 27/30] 
 {loss} cls : 0.001, total : 0.001 
 {acc} cls : 100.00
[61/75 iteration of epoch 27/30] 
 {loss} cls : 0.001, total : 0.001 
 {acc} cls : 100.00
------------------------------
<Losses on train> cls : 0.002, total : 0.002
<Accuracies on train> cls : 99.98
Train epoch time: 20.333
------------------------------
<Accuracies on val> class : 88.91
------------------------------
<Accuracies on test> class : 52.28
------------------------------
<Accuracies on in> test class : 82.06
------------------------------
<Accuracies on random> test class : 20.08
------------------------------
<Accuracies on edge> test class : 25.00
------------------------------
<Accuracies on silo> test class : 39.38
------------------------------
Total epoch time: 41.045

New epoch - lr: 0.0009000000000000002
[1/75 iteration of epoch 28/30] 
 {loss} cls : 0.007, total : 0.007 
 {acc} cls : 100.00
[31/75 iteration of epoch 28/30] 
 {loss} cls : 0.000, total : 0.000 
 {acc} cls : 100.00
[61/75 iteration of epoch 28/30] 
 {loss} cls : 0.001, total : 0.001 
 {acc} cls : 100.00
------------------------------
<Losses on train> cls : 0.002, total : 0.002
<Accuracies on train> cls : 99.96
Train epoch time: 20.492
------------------------------
<Accuracies on val> class : 88.97
------------------------------
<Accuracies on test> class : 52.12
------------------------------
<Accuracies on in> test class : 81.81
------------------------------
<Accuracies on random> test class : 20.16
------------------------------
<Accuracies on edge> test class : 25.00
------------------------------
<Accuracies on silo> test class : 38.12
------------------------------
Total epoch time: 41.111

New epoch - lr: 0.0009000000000000002
[1/75 iteration of epoch 29/30] 
 {loss} cls : 0.001, total : 0.001 
 {acc} cls : 100.00
[31/75 iteration of epoch 29/30] 
 {loss} cls : 0.002, total : 0.002 
 {acc} cls : 100.00
[61/75 iteration of epoch 29/30] 
 {loss} cls : 0.002, total : 0.002 
 {acc} cls : 100.00
------------------------------
<Losses on train> cls : 0.002, total : 0.002
<Accuracies on train> cls : 99.98
Train epoch time: 20.174
------------------------------
<Accuracies on val> class : 89.34
------------------------------
<Accuracies on test> class : 52.09
------------------------------
<Accuracies on in> test class : 82.31
------------------------------
<Accuracies on random> test class : 19.38
------------------------------
<Accuracies on edge> test class : 24.38
------------------------------
<Accuracies on silo> test class : 39.38
------------------------------
Total epoch time: 40.796

New epoch - lr: 0.0009000000000000002
[1/75 iteration of epoch 30/30] 
 {loss} cls : 0.002, total : 0.002 
 {acc} cls : 100.00
[31/75 iteration of epoch 30/30] 
 {loss} cls : 0.001, total : 0.001 
 {acc} cls : 100.00
[61/75 iteration of epoch 30/30] 
 {loss} cls : 0.002, total : 0.002 
 {acc} cls : 100.00
------------------------------
<Losses on train> cls : 0.002, total : 0.002
<Accuracies on train> cls : 99.98
Train epoch time: 21.094
------------------------------
<Accuracies on val> class : 89.03
------------------------------
<Accuracies on test> class : 52.09
------------------------------
<Accuracies on in> test class : 82.50
------------------------------
<Accuracies on random> test class : 19.30
------------------------------
<Accuracies on edge> test class : 25.00
------------------------------
<Accuracies on silo> test class : 37.50
------------------------------
Total epoch time: 41.780

******************************
Best val 0.897812, corresponding test 0.52 - best test: 0.52625

******************************
Best val 0.8978124856948853, corresponding in test 0.8187500238418579

******************************
Best val 0.8978124856948853, corresponding random test 0.19765624403953552

******************************
Best val 0.8978124856948853, corresponding edge test 0.21875

******************************
Best val 0.8978124856948853, corresponding silo test 0.4124999940395355
