
Loading experiment Texture/ResNet18_step


New epoch - lr: 0.003
[1/75 iteration of epoch 1/30] 
 {loss} cls : 2.901, total : 2.901 
 {acc} cls : 9.38
[31/75 iteration of epoch 1/30] 
 {loss} cls : 0.320, total : 0.320 
 {acc} cls : 91.41
[61/75 iteration of epoch 1/30] 
 {loss} cls : 0.218, total : 0.218 
 {acc} cls : 93.75
------------------------------
<Losses on train> cls : 0.536, total : 0.536
<Accuracies on train> cls : 84.77
Train epoch time: 40.543
------------------------------
<Accuracies on val> class : 88.34
------------------------------
<Accuracies on test> class : 53.22
------------------------------
<Accuracies on in> test class : 83.12
------------------------------
<Accuracies on random> test class : 20.78
------------------------------
<Accuracies on edge> test class : 23.75
------------------------------
<Accuracies on silo> test class : 43.12
------------------------------
Total epoch time: 61.637

New epoch - lr: 0.003
[1/75 iteration of epoch 2/30] 
 {loss} cls : 0.215, total : 0.215 
 {acc} cls : 92.97
[31/75 iteration of epoch 2/30] 
 {loss} cls : 0.420, total : 0.420 
 {acc} cls : 89.06
[61/75 iteration of epoch 2/30] 
 {loss} cls : 0.131, total : 0.131 
 {acc} cls : 96.88
------------------------------
<Losses on train> cls : 0.253, total : 0.253
<Accuracies on train> cls : 92.44
Train epoch time: 39.924
------------------------------
<Accuracies on val> class : 89.00
------------------------------
<Accuracies on test> class : 52.34
------------------------------
<Accuracies on in> test class : 79.88
------------------------------
<Accuracies on random> test class : 24.14
------------------------------
<Accuracies on edge> test class : 20.62
------------------------------
<Accuracies on silo> test class : 34.38
------------------------------
Total epoch time: 61.161

New epoch - lr: 0.003
[1/75 iteration of epoch 3/30] 
 {loss} cls : 0.120, total : 0.120 
 {acc} cls : 96.88
[31/75 iteration of epoch 3/30] 
 {loss} cls : 0.254, total : 0.254 
 {acc} cls : 92.19
[61/75 iteration of epoch 3/30] 
 {loss} cls : 0.179, total : 0.179 
 {acc} cls : 94.53
------------------------------
<Losses on train> cls : 0.196, total : 0.196
<Accuracies on train> cls : 94.29
Train epoch time: 39.918
------------------------------
<Accuracies on val> class : 88.56
------------------------------
<Accuracies on test> class : 52.31
------------------------------
<Accuracies on in> test class : 79.31
------------------------------
<Accuracies on random> test class : 24.77
------------------------------
<Accuracies on edge> test class : 20.62
------------------------------
<Accuracies on silo> test class : 34.38
------------------------------
Total epoch time: 60.931

New epoch - lr: 0.003
[1/75 iteration of epoch 4/30] 
 {loss} cls : 0.154, total : 0.154 
 {acc} cls : 96.09
[31/75 iteration of epoch 4/30] 
 {loss} cls : 0.130, total : 0.130 
 {acc} cls : 95.31
[61/75 iteration of epoch 4/30] 
 {loss} cls : 0.157, total : 0.157 
 {acc} cls : 95.31
------------------------------
<Losses on train> cls : 0.190, total : 0.190
<Accuracies on train> cls : 94.49
Train epoch time: 40.101
------------------------------
<Accuracies on val> class : 88.16
------------------------------
<Accuracies on test> class : 54.28
------------------------------
<Accuracies on in> test class : 81.88
------------------------------
<Accuracies on random> test class : 26.41
------------------------------
<Accuracies on edge> test class : 25.62
------------------------------
<Accuracies on silo> test class : 30.00
------------------------------
Total epoch time: 61.150

New epoch - lr: 0.003
[1/75 iteration of epoch 5/30] 
 {loss} cls : 0.199, total : 0.199 
 {acc} cls : 94.53
[31/75 iteration of epoch 5/30] 
 {loss} cls : 0.108, total : 0.108 
 {acc} cls : 96.88
[61/75 iteration of epoch 5/30] 
 {loss} cls : 0.236, total : 0.236 
 {acc} cls : 94.53
------------------------------
<Losses on train> cls : 0.179, total : 0.179
<Accuracies on train> cls : 94.76
Train epoch time: 40.715
------------------------------
<Accuracies on val> class : 88.34
------------------------------
<Accuracies on test> class : 53.06
------------------------------
<Accuracies on in> test class : 80.12
------------------------------
<Accuracies on random> test class : 25.78
------------------------------
<Accuracies on edge> test class : 23.12
------------------------------
<Accuracies on silo> test class : 30.63
------------------------------
Total epoch time: 61.763

New epoch - lr: 0.003
[1/75 iteration of epoch 6/30] 
 {loss} cls : 0.188, total : 0.188 
 {acc} cls : 96.09
[31/75 iteration of epoch 6/30] 
 {loss} cls : 0.106, total : 0.106 
 {acc} cls : 96.09
[61/75 iteration of epoch 6/30] 
 {loss} cls : 0.196, total : 0.196 
 {acc} cls : 96.09
------------------------------
<Losses on train> cls : 0.184, total : 0.184
<Accuracies on train> cls : 94.54
Train epoch time: 40.257
------------------------------
<Accuracies on val> class : 87.19
------------------------------
<Accuracies on test> class : 54.31
------------------------------
<Accuracies on in> test class : 78.62
------------------------------
<Accuracies on random> test class : 28.20
------------------------------
<Accuracies on edge> test class : 30.00
------------------------------
<Accuracies on silo> test class : 44.38
------------------------------
Total epoch time: 61.325

New epoch - lr: 0.003
[1/75 iteration of epoch 7/30] 
 {loss} cls : 0.190, total : 0.190 
 {acc} cls : 94.53
[31/75 iteration of epoch 7/30] 
 {loss} cls : 0.073, total : 0.073 
 {acc} cls : 97.66
[61/75 iteration of epoch 7/30] 
 {loss} cls : 0.288, total : 0.288 
 {acc} cls : 92.19
------------------------------
<Losses on train> cls : 0.174, total : 0.174
<Accuracies on train> cls : 94.86
Train epoch time: 40.242
------------------------------
<Accuracies on val> class : 87.06
------------------------------
<Accuracies on test> class : 52.25
------------------------------
<Accuracies on in> test class : 78.62
------------------------------
<Accuracies on random> test class : 27.34
------------------------------
<Accuracies on edge> test class : 18.75
------------------------------
<Accuracies on silo> test class : 21.25
------------------------------
Total epoch time: 61.307

New epoch - lr: 0.003
[1/75 iteration of epoch 8/30] 
 {loss} cls : 0.211, total : 0.211 
 {acc} cls : 93.75
[31/75 iteration of epoch 8/30] 
 {loss} cls : 0.205, total : 0.205 
 {acc} cls : 94.53
[61/75 iteration of epoch 8/30] 
 {loss} cls : 0.276, total : 0.276 
 {acc} cls : 93.75
------------------------------
<Losses on train> cls : 0.146, total : 0.146
<Accuracies on train> cls : 95.80
Train epoch time: 40.684
------------------------------
<Accuracies on val> class : 87.06
------------------------------
<Accuracies on test> class : 54.78
------------------------------
<Accuracies on in> test class : 79.75
------------------------------
<Accuracies on random> test class : 28.20
------------------------------
<Accuracies on edge> test class : 25.00
------------------------------
<Accuracies on silo> test class : 47.50
------------------------------
Total epoch time: 61.763

New epoch - lr: 0.003
[1/75 iteration of epoch 9/30] 
 {loss} cls : 0.101, total : 0.101 
 {acc} cls : 95.31
[31/75 iteration of epoch 9/30] 
 {loss} cls : 0.231, total : 0.231 
 {acc} cls : 94.53
[61/75 iteration of epoch 9/30] 
 {loss} cls : 0.126, total : 0.126 
 {acc} cls : 95.31
------------------------------
<Losses on train> cls : 0.155, total : 0.155
<Accuracies on train> cls : 95.44
Train epoch time: 40.305
------------------------------
<Accuracies on val> class : 87.56
------------------------------
<Accuracies on test> class : 54.66
------------------------------
<Accuracies on in> test class : 78.50
------------------------------
<Accuracies on random> test class : 30.39
------------------------------
<Accuracies on edge> test class : 25.62
------------------------------
<Accuracies on silo> test class : 39.38
------------------------------
Total epoch time: 61.347

New epoch - lr: 0.003
[1/75 iteration of epoch 10/30] 
 {loss} cls : 0.136, total : 0.136 
 {acc} cls : 95.31
[31/75 iteration of epoch 10/30] 
 {loss} cls : 0.072, total : 0.072 
 {acc} cls : 97.66
[61/75 iteration of epoch 10/30] 
 {loss} cls : 0.182, total : 0.182 
 {acc} cls : 94.53
------------------------------
<Losses on train> cls : 0.155, total : 0.155
<Accuracies on train> cls : 95.57
Train epoch time: 39.878
------------------------------
<Accuracies on val> class : 87.78
------------------------------
<Accuracies on test> class : 53.72
------------------------------
<Accuracies on in> test class : 78.88
------------------------------
<Accuracies on random> test class : 28.98
------------------------------
<Accuracies on edge> test class : 25.00
------------------------------
<Accuracies on silo> test class : 28.75
------------------------------
Total epoch time: 61.041

New epoch - lr: 0.003
[1/75 iteration of epoch 11/30] 
 {loss} cls : 0.121, total : 0.121 
 {acc} cls : 94.53
[31/75 iteration of epoch 11/30] 
 {loss} cls : 0.126, total : 0.126 
 {acc} cls : 96.88
[61/75 iteration of epoch 11/30] 
 {loss} cls : 0.181, total : 0.181 
 {acc} cls : 94.53
------------------------------
<Losses on train> cls : 0.137, total : 0.137
<Accuracies on train> cls : 96.06
Train epoch time: 40.039
------------------------------
<Accuracies on val> class : 86.88
------------------------------
<Accuracies on test> class : 53.50
------------------------------
<Accuracies on in> test class : 78.19
------------------------------
<Accuracies on random> test class : 30.08
------------------------------
<Accuracies on edge> test class : 20.62
------------------------------
<Accuracies on silo> test class : 26.88
------------------------------
Total epoch time: 61.443

New epoch - lr: 0.003
[1/75 iteration of epoch 12/30] 
 {loss} cls : 0.145, total : 0.145 
 {acc} cls : 94.53
[31/75 iteration of epoch 12/30] 
 {loss} cls : 0.099, total : 0.099 
 {acc} cls : 95.31
[61/75 iteration of epoch 12/30] 
 {loss} cls : 0.095, total : 0.095 
 {acc} cls : 97.66
------------------------------
<Losses on train> cls : 0.134, total : 0.134
<Accuracies on train> cls : 95.85
Train epoch time: 40.062
------------------------------
<Accuracies on val> class : 86.28
------------------------------
<Accuracies on test> class : 54.34
------------------------------
<Accuracies on in> test class : 78.81
------------------------------
<Accuracies on random> test class : 30.31
------------------------------
<Accuracies on edge> test class : 21.88
------------------------------
<Accuracies on silo> test class : 34.38
------------------------------
Total epoch time: 61.149

New epoch - lr: 0.003
[1/75 iteration of epoch 13/30] 
 {loss} cls : 0.288, total : 0.288 
 {acc} cls : 91.41
[31/75 iteration of epoch 13/30] 
 {loss} cls : 0.208, total : 0.208 
 {acc} cls : 92.19
[61/75 iteration of epoch 13/30] 
 {loss} cls : 0.225, total : 0.225 
 {acc} cls : 94.53
------------------------------
<Losses on train> cls : 0.143, total : 0.143
<Accuracies on train> cls : 95.76
Train epoch time: 39.806
------------------------------
<Accuracies on val> class : 87.38
------------------------------
<Accuracies on test> class : 55.25
------------------------------
<Accuracies on in> test class : 80.56
------------------------------
<Accuracies on random> test class : 30.47
------------------------------
<Accuracies on edge> test class : 26.88
------------------------------
<Accuracies on silo> test class : 28.75
------------------------------
Total epoch time: 60.818

New epoch - lr: 0.003
[1/75 iteration of epoch 14/30] 
 {loss} cls : 0.178, total : 0.178 
 {acc} cls : 96.09
[31/75 iteration of epoch 14/30] 
 {loss} cls : 0.106, total : 0.106 
 {acc} cls : 97.66
[61/75 iteration of epoch 14/30] 
 {loss} cls : 0.208, total : 0.208 
 {acc} cls : 93.75
------------------------------
<Losses on train> cls : 0.138, total : 0.138
<Accuracies on train> cls : 95.91
Train epoch time: 40.254
------------------------------
<Accuracies on val> class : 87.44
------------------------------
<Accuracies on test> class : 55.31
------------------------------
<Accuracies on in> test class : 79.81
------------------------------
<Accuracies on random> test class : 31.17
------------------------------
<Accuracies on edge> test class : 25.00
------------------------------
<Accuracies on silo> test class : 33.75
------------------------------
Total epoch time: 61.313

New epoch - lr: 0.003
[1/75 iteration of epoch 15/30] 
 {loss} cls : 0.222, total : 0.222 
 {acc} cls : 92.97
[31/75 iteration of epoch 15/30] 
 {loss} cls : 0.163, total : 0.163 
 {acc} cls : 94.53
[61/75 iteration of epoch 15/30] 
 {loss} cls : 0.093, total : 0.093 
 {acc} cls : 96.09
------------------------------
<Losses on train> cls : 0.135, total : 0.135
<Accuracies on train> cls : 96.19
Train epoch time: 40.911
------------------------------
<Accuracies on val> class : 86.28
------------------------------
<Accuracies on test> class : 55.78
------------------------------
<Accuracies on in> test class : 79.88
------------------------------
<Accuracies on random> test class : 31.02
------------------------------
<Accuracies on edge> test class : 28.75
------------------------------
<Accuracies on silo> test class : 40.00
------------------------------
Total epoch time: 61.977

New epoch - lr: 0.003
[1/75 iteration of epoch 16/30] 
 {loss} cls : 0.153, total : 0.153 
 {acc} cls : 94.53
[31/75 iteration of epoch 16/30] 
 {loss} cls : 0.160, total : 0.160 
 {acc} cls : 92.97
[61/75 iteration of epoch 16/30] 
 {loss} cls : 0.081, total : 0.081 
 {acc} cls : 97.66
------------------------------
<Losses on train> cls : 0.133, total : 0.133
<Accuracies on train> cls : 96.01
Train epoch time: 39.919
------------------------------
<Accuracies on val> class : 85.72
------------------------------
<Accuracies on test> class : 56.47
------------------------------
<Accuracies on in> test class : 78.38
------------------------------
<Accuracies on random> test class : 33.59
------------------------------
<Accuracies on edge> test class : 31.87
------------------------------
<Accuracies on silo> test class : 45.00
------------------------------
Total epoch time: 61.002

New epoch - lr: 0.003
[1/75 iteration of epoch 17/30] 
 {loss} cls : 0.155, total : 0.155 
 {acc} cls : 93.75
[31/75 iteration of epoch 17/30] 
 {loss} cls : 0.085, total : 0.085 
 {acc} cls : 97.66
[61/75 iteration of epoch 17/30] 
 {loss} cls : 0.193, total : 0.193 
 {acc} cls : 92.97
------------------------------
<Losses on train> cls : 0.134, total : 0.134
<Accuracies on train> cls : 95.84
Train epoch time: 39.620
------------------------------
<Accuracies on val> class : 88.50
------------------------------
<Accuracies on test> class : 55.44
------------------------------
<Accuracies on in> test class : 79.19
------------------------------
<Accuracies on random> test class : 32.19
------------------------------
<Accuracies on edge> test class : 25.62
------------------------------
<Accuracies on silo> test class : 33.75
------------------------------
Total epoch time: 60.684

New epoch - lr: 0.003
[1/75 iteration of epoch 18/30] 
 {loss} cls : 0.208, total : 0.208 
 {acc} cls : 92.97
[31/75 iteration of epoch 18/30] 
 {loss} cls : 0.065, total : 0.065 
 {acc} cls : 97.66
[61/75 iteration of epoch 18/30] 
 {loss} cls : 0.198, total : 0.198 
 {acc} cls : 94.53
------------------------------
<Losses on train> cls : 0.134, total : 0.134
<Accuracies on train> cls : 96.00
Train epoch time: 39.946
------------------------------
<Accuracies on val> class : 85.94
------------------------------
<Accuracies on test> class : 54.75
------------------------------
<Accuracies on in> test class : 76.88
------------------------------
<Accuracies on random> test class : 32.42
------------------------------
<Accuracies on edge> test class : 28.12
------------------------------
<Accuracies on silo> test class : 38.75
------------------------------
Total epoch time: 61.013

New epoch - lr: 0.003
[1/75 iteration of epoch 19/30] 
 {loss} cls : 0.090, total : 0.090 
 {acc} cls : 97.66
[31/75 iteration of epoch 19/30] 
 {loss} cls : 0.054, total : 0.054 
 {acc} cls : 98.44
[61/75 iteration of epoch 19/30] 
 {loss} cls : 0.108, total : 0.108 
 {acc} cls : 96.09
------------------------------
<Losses on train> cls : 0.130, total : 0.130
<Accuracies on train> cls : 96.06
Train epoch time: 40.002
------------------------------
<Accuracies on val> class : 87.62
------------------------------
<Accuracies on test> class : 56.44
------------------------------
<Accuracies on in> test class : 79.38
------------------------------
<Accuracies on random> test class : 33.52
------------------------------
<Accuracies on edge> test class : 24.38
------------------------------
<Accuracies on silo> test class : 42.50
------------------------------
Total epoch time: 61.033

New epoch - lr: 0.003
[1/75 iteration of epoch 20/30] 
 {loss} cls : 0.104, total : 0.104 
 {acc} cls : 96.88
[31/75 iteration of epoch 20/30] 
 {loss} cls : 0.101, total : 0.101 
 {acc} cls : 96.09
[61/75 iteration of epoch 20/30] 
 {loss} cls : 0.160, total : 0.160 
 {acc} cls : 96.09
------------------------------
<Losses on train> cls : 0.130, total : 0.130
<Accuracies on train> cls : 96.17
Train epoch time: 40.176
------------------------------
<Accuracies on val> class : 86.59
------------------------------
<Accuracies on test> class : 55.56
------------------------------
<Accuracies on in> test class : 78.94
------------------------------
<Accuracies on random> test class : 32.73
------------------------------
<Accuracies on edge> test class : 23.75
------------------------------
<Accuracies on silo> test class : 36.25
------------------------------
Total epoch time: 61.288

New epoch - lr: 0.003
[1/75 iteration of epoch 21/30] 
 {loss} cls : 0.161, total : 0.161 
 {acc} cls : 94.53
[31/75 iteration of epoch 21/30] 
 {loss} cls : 0.041, total : 0.041 
 {acc} cls : 99.22
[61/75 iteration of epoch 21/30] 
 {loss} cls : 0.108, total : 0.108 
 {acc} cls : 96.88
------------------------------
<Losses on train> cls : 0.120, total : 0.120
<Accuracies on train> cls : 96.42
Train epoch time: 40.111
------------------------------
<Accuracies on val> class : 85.47
------------------------------
<Accuracies on test> class : 55.91
------------------------------
<Accuracies on in> test class : 78.75
------------------------------
<Accuracies on random> test class : 33.36
------------------------------
<Accuracies on edge> test class : 27.50
------------------------------
<Accuracies on silo> test class : 36.25
------------------------------
Total epoch time: 61.130

New epoch - lr: 0.003
[1/75 iteration of epoch 22/30] 
 {loss} cls : 0.228, total : 0.228 
 {acc} cls : 92.97
[31/75 iteration of epoch 22/30] 
 {loss} cls : 0.088, total : 0.088 
 {acc} cls : 96.09
[61/75 iteration of epoch 22/30] 
 {loss} cls : 0.157, total : 0.157 
 {acc} cls : 94.53
------------------------------
<Losses on train> cls : 0.123, total : 0.123
<Accuracies on train> cls : 96.29
Train epoch time: 40.839
------------------------------
<Accuracies on val> class : 86.75
------------------------------
<Accuracies on test> class : 57.12
------------------------------
<Accuracies on in> test class : 78.62
------------------------------
<Accuracies on random> test class : 36.25
------------------------------
<Accuracies on edge> test class : 30.00
------------------------------
<Accuracies on silo> test class : 36.25
------------------------------
Total epoch time: 61.902

New epoch - lr: 0.003
[1/75 iteration of epoch 23/30] 
 {loss} cls : 0.088, total : 0.088 
 {acc} cls : 97.66
[31/75 iteration of epoch 23/30] 
 {loss} cls : 0.160, total : 0.160 
 {acc} cls : 95.31
[61/75 iteration of epoch 23/30] 
 {loss} cls : 0.157, total : 0.157 
 {acc} cls : 93.75
------------------------------
<Losses on train> cls : 0.116, total : 0.116
<Accuracies on train> cls : 96.54
Train epoch time: 39.649
------------------------------
<Accuracies on val> class : 86.72
------------------------------
<Accuracies on test> class : 56.94
------------------------------
<Accuracies on in> test class : 80.75
------------------------------
<Accuracies on random> test class : 33.83
------------------------------
<Accuracies on edge> test class : 25.62
------------------------------
<Accuracies on silo> test class : 35.00
------------------------------
Total epoch time: 60.765

New epoch - lr: 0.003
[1/75 iteration of epoch 24/30] 
 {loss} cls : 0.150, total : 0.150 
 {acc} cls : 96.09
[31/75 iteration of epoch 24/30] 
 {loss} cls : 0.129, total : 0.129 
 {acc} cls : 96.09
[61/75 iteration of epoch 24/30] 
 {loss} cls : 0.130, total : 0.130 
 {acc} cls : 95.31
------------------------------
<Losses on train> cls : 0.118, total : 0.118
<Accuracies on train> cls : 96.48
Train epoch time: 40.822
------------------------------
<Accuracies on val> class : 87.56
------------------------------
<Accuracies on test> class : 57.91
------------------------------
<Accuracies on in> test class : 79.44
------------------------------
<Accuracies on random> test class : 35.94
------------------------------
<Accuracies on edge> test class : 35.00
------------------------------
<Accuracies on silo> test class : 41.25
------------------------------
Total epoch time: 61.873

New epoch - lr: 0.003
[1/75 iteration of epoch 25/30] 
 {loss} cls : 0.089, total : 0.089 
 {acc} cls : 97.66
[31/75 iteration of epoch 25/30] 
 {loss} cls : 0.220, total : 0.220 
 {acc} cls : 92.97
[61/75 iteration of epoch 25/30] 
 {loss} cls : 0.127, total : 0.127 
 {acc} cls : 96.88
------------------------------
<Losses on train> cls : 0.123, total : 0.123
<Accuracies on train> cls : 96.29
Train epoch time: 40.840
------------------------------
<Accuracies on val> class : 86.19
------------------------------
<Accuracies on test> class : 57.19
------------------------------
<Accuracies on in> test class : 77.81
------------------------------
<Accuracies on random> test class : 36.88
------------------------------
<Accuracies on edge> test class : 30.00
------------------------------
<Accuracies on silo> test class : 40.62
------------------------------
Total epoch time: 61.921

New epoch - lr: 0.003
[1/75 iteration of epoch 26/30] 
 {loss} cls : 0.042, total : 0.042 
 {acc} cls : 99.22
[31/75 iteration of epoch 26/30] 
 {loss} cls : 0.052, total : 0.052 
 {acc} cls : 99.22
[61/75 iteration of epoch 26/30] 
 {loss} cls : 0.131, total : 0.131 
 {acc} cls : 96.88
------------------------------
<Losses on train> cls : 0.113, total : 0.113
<Accuracies on train> cls : 96.80
Train epoch time: 39.960
------------------------------
<Accuracies on val> class : 86.44
------------------------------
<Accuracies on test> class : 57.94
------------------------------
<Accuracies on in> test class : 79.50
------------------------------
<Accuracies on random> test class : 36.80
------------------------------
<Accuracies on edge> test class : 27.50
------------------------------
<Accuracies on silo> test class : 41.88
------------------------------
Total epoch time: 61.052

New epoch - lr: 0.0009000000000000002
[1/75 iteration of epoch 27/30] 
 {loss} cls : 0.109, total : 0.109 
 {acc} cls : 96.88
[31/75 iteration of epoch 27/30] 
 {loss} cls : 0.172, total : 0.172 
 {acc} cls : 95.31
[61/75 iteration of epoch 27/30] 
 {loss} cls : 0.196, total : 0.196 
 {acc} cls : 93.75
------------------------------
<Losses on train> cls : 0.112, total : 0.112
<Accuracies on train> cls : 96.60
Train epoch time: 40.084
------------------------------
<Accuracies on val> class : 86.22
------------------------------
<Accuracies on test> class : 58.19
------------------------------
<Accuracies on in> test class : 80.38
------------------------------
<Accuracies on random> test class : 36.17
------------------------------
<Accuracies on edge> test class : 29.38
------------------------------
<Accuracies on silo> test class : 41.25
------------------------------
Total epoch time: 61.175

New epoch - lr: 0.0009000000000000002
[1/75 iteration of epoch 28/30] 
 {loss} cls : 0.140, total : 0.140 
 {acc} cls : 94.53
[31/75 iteration of epoch 28/30] 
 {loss} cls : 0.090, total : 0.090 
 {acc} cls : 97.66
[61/75 iteration of epoch 28/30] 
 {loss} cls : 0.234, total : 0.234 
 {acc} cls : 93.75
------------------------------
<Losses on train> cls : 0.108, total : 0.108
<Accuracies on train> cls : 96.64
Train epoch time: 39.939
------------------------------
<Accuracies on val> class : 86.03
------------------------------
<Accuracies on test> class : 58.03
------------------------------
<Accuracies on in> test class : 79.44
------------------------------
<Accuracies on random> test class : 36.64
------------------------------
<Accuracies on edge> test class : 30.63
------------------------------
<Accuracies on silo> test class : 42.50
------------------------------
Total epoch time: 61.054

New epoch - lr: 0.0009000000000000002
[1/75 iteration of epoch 29/30] 
 {loss} cls : 0.197, total : 0.197 
 {acc} cls : 92.97
[31/75 iteration of epoch 29/30] 
 {loss} cls : 0.082, total : 0.082 
 {acc} cls : 97.66
[61/75 iteration of epoch 29/30] 
 {loss} cls : 0.085, total : 0.085 
 {acc} cls : 97.66
------------------------------
<Losses on train> cls : 0.115, total : 0.115
<Accuracies on train> cls : 96.70
Train epoch time: 40.026
------------------------------
<Accuracies on val> class : 86.06
------------------------------
<Accuracies on test> class : 58.28
------------------------------
<Accuracies on in> test class : 80.56
------------------------------
<Accuracies on random> test class : 36.41
------------------------------
<Accuracies on edge> test class : 28.75
------------------------------
<Accuracies on silo> test class : 40.00
------------------------------
Total epoch time: 61.154

New epoch - lr: 0.0009000000000000002
[1/75 iteration of epoch 30/30] 
 {loss} cls : 0.156, total : 0.156 
 {acc} cls : 95.31
[31/75 iteration of epoch 30/30] 
 {loss} cls : 0.094, total : 0.094 
 {acc} cls : 97.66
[61/75 iteration of epoch 30/30] 
 {loss} cls : 0.151, total : 0.151 
 {acc} cls : 94.53
------------------------------
<Losses on train> cls : 0.113, total : 0.113
<Accuracies on train> cls : 96.58
Train epoch time: 39.784
------------------------------
<Accuracies on val> class : 86.28
------------------------------
<Accuracies on test> class : 58.41
------------------------------
<Accuracies on in> test class : 80.50
------------------------------
<Accuracies on random> test class : 36.41
------------------------------
<Accuracies on edge> test class : 29.38
------------------------------
<Accuracies on silo> test class : 42.50
------------------------------
Total epoch time: 60.870

******************************
Best val 0.89, corresponding test 0.523438 - best test: 0.584063

******************************
Best val 0.8899999856948853, corresponding in test 0.7987499833106995

******************************
Best val 0.8899999856948853, corresponding random test 0.24140624701976776

******************************
Best val 0.8899999856948853, corresponding edge test 0.20624999701976776

******************************
Best val 0.8899999856948853, corresponding silo test 0.34375
