
Loading experiment Texture/ResNet18_step


New epoch - lr: 0.003
[1/75 iteration of epoch 1/30] 
 {loss} cls : 2.829, total : 2.829 
 {acc} cls : 10.94
[31/75 iteration of epoch 1/30] 
 {loss} cls : 0.221, total : 0.221 
 {acc} cls : 92.97
[61/75 iteration of epoch 1/30] 
 {loss} cls : 0.370, total : 0.370 
 {acc} cls : 89.06
------------------------------
<Losses on train> cls : 0.407, total : 0.407
<Accuracies on train> cls : 88.22
Train epoch time: 22.831
------------------------------
<Accuracies on val> class : 88.78
------------------------------
<Accuracies on test> class : 48.53
------------------------------
<Accuracies on in> test class : 79.44
------------------------------
<Accuracies on random> test class : 15.94
------------------------------
<Accuracies on edge> test class : 20.62
------------------------------
<Accuracies on silo> test class : 28.12
------------------------------
Total epoch time: 44.070

New epoch - lr: 0.003
[1/75 iteration of epoch 2/30] 
 {loss} cls : 0.115, total : 0.115 
 {acc} cls : 94.53
[31/75 iteration of epoch 2/30] 
 {loss} cls : 0.074, total : 0.074 
 {acc} cls : 95.31
[61/75 iteration of epoch 2/30] 
 {loss} cls : 0.193, total : 0.193 
 {acc} cls : 93.75
------------------------------
<Losses on train> cls : 0.124, total : 0.124
<Accuracies on train> cls : 96.00
Train epoch time: 22.096
------------------------------
<Accuracies on val> class : 88.53
------------------------------
<Accuracies on test> class : 49.88
------------------------------
<Accuracies on in> test class : 79.81
------------------------------
<Accuracies on random> test class : 16.64
------------------------------
<Accuracies on edge> test class : 19.38
------------------------------
<Accuracies on silo> test class : 46.88
------------------------------
Total epoch time: 42.751

New epoch - lr: 0.003
[1/75 iteration of epoch 3/30] 
 {loss} cls : 0.205, total : 0.205 
 {acc} cls : 93.75
[31/75 iteration of epoch 3/30] 
 {loss} cls : 0.024, total : 0.024 
 {acc} cls : 100.00
[61/75 iteration of epoch 3/30] 
 {loss} cls : 0.154, total : 0.154 
 {acc} cls : 93.75
------------------------------
<Losses on train> cls : 0.101, total : 0.101
<Accuracies on train> cls : 96.82
Train epoch time: 21.438
------------------------------
<Accuracies on val> class : 87.59
------------------------------
<Accuracies on test> class : 50.28
------------------------------
<Accuracies on in> test class : 78.94
------------------------------
<Accuracies on random> test class : 18.75
------------------------------
<Accuracies on edge> test class : 25.62
------------------------------
<Accuracies on silo> test class : 40.62
------------------------------
Total epoch time: 42.217

New epoch - lr: 0.003
[1/75 iteration of epoch 4/30] 
 {loss} cls : 0.024, total : 0.024 
 {acc} cls : 100.00
[31/75 iteration of epoch 4/30] 
 {loss} cls : 0.088, total : 0.088 
 {acc} cls : 99.22
[61/75 iteration of epoch 4/30] 
 {loss} cls : 0.166, total : 0.166 
 {acc} cls : 96.88
------------------------------
<Losses on train> cls : 0.074, total : 0.074
<Accuracies on train> cls : 97.69
Train epoch time: 21.476
------------------------------
<Accuracies on val> class : 89.03
------------------------------
<Accuracies on test> class : 49.78
------------------------------
<Accuracies on in> test class : 80.25
------------------------------
<Accuracies on random> test class : 18.44
------------------------------
<Accuracies on edge> test class : 20.62
------------------------------
<Accuracies on silo> test class : 25.00
------------------------------
Total epoch time: 42.763

New epoch - lr: 0.003
[1/75 iteration of epoch 5/30] 
 {loss} cls : 0.057, total : 0.057 
 {acc} cls : 96.88
[31/75 iteration of epoch 5/30] 
 {loss} cls : 0.036, total : 0.036 
 {acc} cls : 98.44
[61/75 iteration of epoch 5/30] 
 {loss} cls : 0.045, total : 0.045 
 {acc} cls : 98.44
------------------------------
<Losses on train> cls : 0.063, total : 0.063
<Accuracies on train> cls : 97.86
Train epoch time: 21.382
------------------------------
<Accuracies on val> class : 90.16
------------------------------
<Accuracies on test> class : 49.66
------------------------------
<Accuracies on in> test class : 80.62
------------------------------
<Accuracies on random> test class : 16.80
------------------------------
<Accuracies on edge> test class : 16.25
------------------------------
<Accuracies on silo> test class : 36.25
------------------------------
Total epoch time: 42.867

New epoch - lr: 0.003
[1/75 iteration of epoch 6/30] 
 {loss} cls : 0.031, total : 0.031 
 {acc} cls : 99.22
[31/75 iteration of epoch 6/30] 
 {loss} cls : 0.031, total : 0.031 
 {acc} cls : 99.22
[61/75 iteration of epoch 6/30] 
 {loss} cls : 0.018, total : 0.018 
 {acc} cls : 100.00
------------------------------
<Losses on train> cls : 0.059, total : 0.059
<Accuracies on train> cls : 98.10
Train epoch time: 21.410
------------------------------
<Accuracies on val> class : 88.25
------------------------------
<Accuracies on test> class : 49.94
------------------------------
<Accuracies on in> test class : 80.94
------------------------------
<Accuracies on random> test class : 17.58
------------------------------
<Accuracies on edge> test class : 18.75
------------------------------
<Accuracies on silo> test class : 30.00
------------------------------
Total epoch time: 42.574

New epoch - lr: 0.003
[1/75 iteration of epoch 7/30] 
 {loss} cls : 0.027, total : 0.027 
 {acc} cls : 99.22
[31/75 iteration of epoch 7/30] 
 {loss} cls : 0.012, total : 0.012 
 {acc} cls : 100.00
[61/75 iteration of epoch 7/30] 
 {loss} cls : 0.022, total : 0.022 
 {acc} cls : 98.44
------------------------------
<Losses on train> cls : 0.042, total : 0.042
<Accuracies on train> cls : 98.70
Train epoch time: 21.405
------------------------------
<Accuracies on val> class : 88.97
------------------------------
<Accuracies on test> class : 50.03
------------------------------
<Accuracies on in> test class : 80.75
------------------------------
<Accuracies on random> test class : 17.81
------------------------------
<Accuracies on edge> test class : 16.25
------------------------------
<Accuracies on silo> test class : 34.38
------------------------------
Total epoch time: 42.481

New epoch - lr: 0.003
[1/75 iteration of epoch 8/30] 
 {loss} cls : 0.025, total : 0.025 
 {acc} cls : 100.00
[31/75 iteration of epoch 8/30] 
 {loss} cls : 0.020, total : 0.020 
 {acc} cls : 100.00
[61/75 iteration of epoch 8/30] 
 {loss} cls : 0.079, total : 0.079 
 {acc} cls : 96.88
------------------------------
<Losses on train> cls : 0.042, total : 0.042
<Accuracies on train> cls : 98.73
Train epoch time: 21.605
------------------------------
<Accuracies on val> class : 90.00
------------------------------
<Accuracies on test> class : 50.16
------------------------------
<Accuracies on in> test class : 81.25
------------------------------
<Accuracies on random> test class : 16.48
------------------------------
<Accuracies on edge> test class : 19.38
------------------------------
<Accuracies on silo> test class : 39.38
------------------------------
Total epoch time: 42.686

New epoch - lr: 0.003
[1/75 iteration of epoch 9/30] 
 {loss} cls : 0.008, total : 0.008 
 {acc} cls : 100.00
[31/75 iteration of epoch 9/30] 
 {loss} cls : 0.032, total : 0.032 
 {acc} cls : 99.22
[61/75 iteration of epoch 9/30] 
 {loss} cls : 0.020, total : 0.020 
 {acc} cls : 99.22
------------------------------
<Losses on train> cls : 0.033, total : 0.033
<Accuracies on train> cls : 99.10
Train epoch time: 21.369
------------------------------
<Accuracies on val> class : 90.09
------------------------------
<Accuracies on test> class : 50.78
------------------------------
<Accuracies on in> test class : 82.31
------------------------------
<Accuracies on random> test class : 16.48
------------------------------
<Accuracies on edge> test class : 18.12
------------------------------
<Accuracies on silo> test class : 42.50
------------------------------
Total epoch time: 42.459

New epoch - lr: 0.003
[1/75 iteration of epoch 10/30] 
 {loss} cls : 0.022, total : 0.022 
 {acc} cls : 99.22
[31/75 iteration of epoch 10/30] 
 {loss} cls : 0.016, total : 0.016 
 {acc} cls : 99.22
[61/75 iteration of epoch 10/30] 
 {loss} cls : 0.028, total : 0.028 
 {acc} cls : 99.22
------------------------------
<Losses on train> cls : 0.029, total : 0.029
<Accuracies on train> cls : 99.18
Train epoch time: 21.425
------------------------------
<Accuracies on val> class : 89.34
------------------------------
<Accuracies on test> class : 50.62
------------------------------
<Accuracies on in> test class : 80.50
------------------------------
<Accuracies on random> test class : 18.59
------------------------------
<Accuracies on edge> test class : 21.88
------------------------------
<Accuracies on silo> test class : 36.88
------------------------------
Total epoch time: 42.550

New epoch - lr: 0.003
[1/75 iteration of epoch 11/30] 
 {loss} cls : 0.018, total : 0.018 
 {acc} cls : 99.22
[31/75 iteration of epoch 11/30] 
 {loss} cls : 0.169, total : 0.169 
 {acc} cls : 97.66
[61/75 iteration of epoch 11/30] 
 {loss} cls : 0.021, total : 0.021 
 {acc} cls : 99.22
------------------------------
<Losses on train> cls : 0.037, total : 0.037
<Accuracies on train> cls : 98.81
Train epoch time: 21.582
------------------------------
<Accuracies on val> class : 88.03
------------------------------
<Accuracies on test> class : 50.12
------------------------------
<Accuracies on in> test class : 79.38
------------------------------
<Accuracies on random> test class : 18.98
------------------------------
<Accuracies on edge> test class : 21.25
------------------------------
<Accuracies on silo> test class : 35.62
------------------------------
Total epoch time: 42.653

New epoch - lr: 0.003
[1/75 iteration of epoch 12/30] 
 {loss} cls : 0.016, total : 0.016 
 {acc} cls : 100.00
[31/75 iteration of epoch 12/30] 
 {loss} cls : 0.009, total : 0.009 
 {acc} cls : 100.00
[61/75 iteration of epoch 12/30] 
 {loss} cls : 0.023, total : 0.023 
 {acc} cls : 97.66
------------------------------
<Losses on train> cls : 0.030, total : 0.030
<Accuracies on train> cls : 99.16
Train epoch time: 21.648
------------------------------
<Accuracies on val> class : 88.91
------------------------------
<Accuracies on test> class : 51.03
------------------------------
<Accuracies on in> test class : 82.06
------------------------------
<Accuracies on random> test class : 16.95
------------------------------
<Accuracies on edge> test class : 22.50
------------------------------
<Accuracies on silo> test class : 41.88
------------------------------
Total epoch time: 42.834

New epoch - lr: 0.003
[1/75 iteration of epoch 13/30] 
 {loss} cls : 0.038, total : 0.038 
 {acc} cls : 97.66
[31/75 iteration of epoch 13/30] 
 {loss} cls : 0.006, total : 0.006 
 {acc} cls : 100.00
[61/75 iteration of epoch 13/30] 
 {loss} cls : 0.017, total : 0.017 
 {acc} cls : 99.22
------------------------------
<Losses on train> cls : 0.025, total : 0.025
<Accuracies on train> cls : 99.30
Train epoch time: 21.489
------------------------------
<Accuracies on val> class : 88.34
------------------------------
<Accuracies on test> class : 49.75
------------------------------
<Accuracies on in> test class : 80.12
------------------------------
<Accuracies on random> test class : 17.66
------------------------------
<Accuracies on edge> test class : 21.88
------------------------------
<Accuracies on silo> test class : 30.63
------------------------------
Total epoch time: 42.538

New epoch - lr: 0.003
[1/75 iteration of epoch 14/30] 
 {loss} cls : 0.044, total : 0.044 
 {acc} cls : 97.66
[31/75 iteration of epoch 14/30] 
 {loss} cls : 0.043, total : 0.043 
 {acc} cls : 97.66
[61/75 iteration of epoch 14/30] 
 {loss} cls : 0.048, total : 0.048 
 {acc} cls : 96.88
------------------------------
<Losses on train> cls : 0.030, total : 0.030
<Accuracies on train> cls : 99.07
Train epoch time: 21.977
------------------------------
<Accuracies on val> class : 88.41
------------------------------
<Accuracies on test> class : 49.28
------------------------------
<Accuracies on in> test class : 80.38
------------------------------
<Accuracies on random> test class : 15.47
------------------------------
<Accuracies on edge> test class : 19.38
------------------------------
<Accuracies on silo> test class : 38.75
------------------------------
Total epoch time: 43.046

New epoch - lr: 0.003
[1/75 iteration of epoch 15/30] 
 {loss} cls : 0.031, total : 0.031 
 {acc} cls : 99.22
[31/75 iteration of epoch 15/30] 
 {loss} cls : 0.027, total : 0.027 
 {acc} cls : 98.44
[61/75 iteration of epoch 15/30] 
 {loss} cls : 0.052, total : 0.052 
 {acc} cls : 99.22
------------------------------
<Losses on train> cls : 0.025, total : 0.025
<Accuracies on train> cls : 99.25
Train epoch time: 23.791
------------------------------
<Accuracies on val> class : 88.53
------------------------------
<Accuracies on test> class : 49.03
------------------------------
<Accuracies on in> test class : 79.94
------------------------------
<Accuracies on random> test class : 17.27
------------------------------
<Accuracies on edge> test class : 15.62
------------------------------
<Accuracies on silo> test class : 27.50
------------------------------
Total epoch time: 44.955

New epoch - lr: 0.003
[1/75 iteration of epoch 16/30] 
 {loss} cls : 0.005, total : 0.005 
 {acc} cls : 100.00
[31/75 iteration of epoch 16/30] 
 {loss} cls : 0.037, total : 0.037 
 {acc} cls : 98.44
[61/75 iteration of epoch 16/30] 
 {loss} cls : 0.031, total : 0.031 
 {acc} cls : 99.22
------------------------------
<Losses on train> cls : 0.024, total : 0.024
<Accuracies on train> cls : 99.19
Train epoch time: 21.538
------------------------------
<Accuracies on val> class : 88.47
------------------------------
<Accuracies on test> class : 50.25
------------------------------
<Accuracies on in> test class : 81.75
------------------------------
<Accuracies on random> test class : 17.50
------------------------------
<Accuracies on edge> test class : 17.50
------------------------------
<Accuracies on silo> test class : 30.00
------------------------------
Total epoch time: 42.684

New epoch - lr: 0.003
[1/75 iteration of epoch 17/30] 
 {loss} cls : 0.019, total : 0.019 
 {acc} cls : 99.22
[31/75 iteration of epoch 17/30] 
 {loss} cls : 0.014, total : 0.014 
 {acc} cls : 100.00
[61/75 iteration of epoch 17/30] 
 {loss} cls : 0.043, total : 0.043 
 {acc} cls : 99.22
------------------------------
<Losses on train> cls : 0.023, total : 0.023
<Accuracies on train> cls : 99.36
Train epoch time: 21.361
------------------------------
<Accuracies on val> class : 88.62
------------------------------
<Accuracies on test> class : 50.31
------------------------------
<Accuracies on in> test class : 81.19
------------------------------
<Accuracies on random> test class : 16.95
------------------------------
<Accuracies on edge> test class : 23.12
------------------------------
<Accuracies on silo> test class : 35.62
------------------------------
Total epoch time: 42.498

New epoch - lr: 0.003
[1/75 iteration of epoch 18/30] 
 {loss} cls : 0.010, total : 0.010 
 {acc} cls : 100.00
[31/75 iteration of epoch 18/30] 
 {loss} cls : 0.005, total : 0.005 
 {acc} cls : 100.00
[61/75 iteration of epoch 18/30] 
 {loss} cls : 0.037, total : 0.037 
 {acc} cls : 98.44
------------------------------
<Losses on train> cls : 0.020, total : 0.020
<Accuracies on train> cls : 99.41
Train epoch time: 22.672
------------------------------
<Accuracies on val> class : 88.94
------------------------------
<Accuracies on test> class : 49.81
------------------------------
<Accuracies on in> test class : 81.44
------------------------------
<Accuracies on random> test class : 15.94
------------------------------
<Accuracies on edge> test class : 21.88
------------------------------
<Accuracies on silo> test class : 32.50
------------------------------
Total epoch time: 43.742

New epoch - lr: 0.003
[1/75 iteration of epoch 19/30] 
 {loss} cls : 0.058, total : 0.058 
 {acc} cls : 99.22
[31/75 iteration of epoch 19/30] 
 {loss} cls : 0.037, total : 0.037 
 {acc} cls : 99.22
[61/75 iteration of epoch 19/30] 
 {loss} cls : 0.010, total : 0.010 
 {acc} cls : 100.00
------------------------------
<Losses on train> cls : 0.024, total : 0.024
<Accuracies on train> cls : 99.25
Train epoch time: 21.788
------------------------------
<Accuracies on val> class : 88.28
------------------------------
<Accuracies on test> class : 49.22
------------------------------
<Accuracies on in> test class : 78.81
------------------------------
<Accuracies on random> test class : 17.11
------------------------------
<Accuracies on edge> test class : 20.62
------------------------------
<Accuracies on silo> test class : 38.75
------------------------------
Total epoch time: 42.836

New epoch - lr: 0.003
[1/75 iteration of epoch 20/30] 
 {loss} cls : 0.005, total : 0.005 
 {acc} cls : 100.00
[31/75 iteration of epoch 20/30] 
 {loss} cls : 0.010, total : 0.010 
 {acc} cls : 99.22
[61/75 iteration of epoch 20/30] 
 {loss} cls : 0.009, total : 0.009 
 {acc} cls : 100.00
------------------------------
<Losses on train> cls : 0.020, total : 0.020
<Accuracies on train> cls : 99.45
Train epoch time: 21.917
------------------------------
<Accuracies on val> class : 88.97
------------------------------
<Accuracies on test> class : 49.62
------------------------------
<Accuracies on in> test class : 80.19
------------------------------
<Accuracies on random> test class : 17.50
------------------------------
<Accuracies on edge> test class : 18.75
------------------------------
<Accuracies on silo> test class : 31.87
------------------------------
Total epoch time: 43.017

New epoch - lr: 0.003
[1/75 iteration of epoch 21/30] 
 {loss} cls : 0.008, total : 0.008 
 {acc} cls : 100.00
[31/75 iteration of epoch 21/30] 
 {loss} cls : 0.043, total : 0.043 
 {acc} cls : 98.44
[61/75 iteration of epoch 21/30] 
 {loss} cls : 0.013, total : 0.013 
 {acc} cls : 99.22
------------------------------
<Losses on train> cls : 0.022, total : 0.022
<Accuracies on train> cls : 99.43
Train epoch time: 21.420
------------------------------
<Accuracies on val> class : 89.19
------------------------------
<Accuracies on test> class : 50.31
------------------------------
<Accuracies on in> test class : 81.56
------------------------------
<Accuracies on random> test class : 17.58
------------------------------
<Accuracies on edge> test class : 18.75
------------------------------
<Accuracies on silo> test class : 31.25
------------------------------
Total epoch time: 42.476

New epoch - lr: 0.003
[1/75 iteration of epoch 22/30] 
 {loss} cls : 0.003, total : 0.003 
 {acc} cls : 100.00
[31/75 iteration of epoch 22/30] 
 {loss} cls : 0.020, total : 0.020 
 {acc} cls : 99.22
[61/75 iteration of epoch 22/30] 
 {loss} cls : 0.008, total : 0.008 
 {acc} cls : 99.22
------------------------------
<Losses on train> cls : 0.019, total : 0.019
<Accuracies on train> cls : 99.41
Train epoch time: 21.911
------------------------------
<Accuracies on val> class : 87.94
------------------------------
<Accuracies on test> class : 49.84
------------------------------
<Accuracies on in> test class : 79.75
------------------------------
<Accuracies on random> test class : 17.27
------------------------------
<Accuracies on edge> test class : 24.38
------------------------------
<Accuracies on silo> test class : 36.88
------------------------------
Total epoch time: 43.006

New epoch - lr: 0.003
[1/75 iteration of epoch 23/30] 
 {loss} cls : 0.035, total : 0.035 
 {acc} cls : 99.22
[31/75 iteration of epoch 23/30] 
 {loss} cls : 0.004, total : 0.004 
 {acc} cls : 100.00
[61/75 iteration of epoch 23/30] 
 {loss} cls : 0.119, total : 0.119 
 {acc} cls : 96.09
------------------------------
<Losses on train> cls : 0.016, total : 0.016
<Accuracies on train> cls : 99.59
Train epoch time: 21.509
------------------------------
<Accuracies on val> class : 88.81
------------------------------
<Accuracies on test> class : 49.88
------------------------------
<Accuracies on in> test class : 80.88
------------------------------
<Accuracies on random> test class : 16.64
------------------------------
<Accuracies on edge> test class : 23.12
------------------------------
<Accuracies on silo> test class : 32.50
------------------------------
Total epoch time: 42.633

New epoch - lr: 0.003
[1/75 iteration of epoch 24/30] 
 {loss} cls : 0.009, total : 0.009 
 {acc} cls : 100.00
[31/75 iteration of epoch 24/30] 
 {loss} cls : 0.010, total : 0.010 
 {acc} cls : 100.00
[61/75 iteration of epoch 24/30] 
 {loss} cls : 0.014, total : 0.014 
 {acc} cls : 99.22
------------------------------
<Losses on train> cls : 0.017, total : 0.017
<Accuracies on train> cls : 99.52
Train epoch time: 21.424
------------------------------
<Accuracies on val> class : 89.22
------------------------------
<Accuracies on test> class : 49.81
------------------------------
<Accuracies on in> test class : 80.88
------------------------------
<Accuracies on random> test class : 17.11
------------------------------
<Accuracies on edge> test class : 20.00
------------------------------
<Accuracies on silo> test class : 30.63
------------------------------
Total epoch time: 42.499

New epoch - lr: 0.003
[1/75 iteration of epoch 25/30] 
 {loss} cls : 0.053, total : 0.053 
 {acc} cls : 98.44
[31/75 iteration of epoch 25/30] 
 {loss} cls : 0.029, total : 0.029 
 {acc} cls : 99.22
[61/75 iteration of epoch 25/30] 
 {loss} cls : 0.010, total : 0.010 
 {acc} cls : 100.00
------------------------------
<Losses on train> cls : 0.013, total : 0.013
<Accuracies on train> cls : 99.66
Train epoch time: 21.290
------------------------------
<Accuracies on val> class : 88.84
------------------------------
<Accuracies on test> class : 49.88
------------------------------
<Accuracies on in> test class : 80.75
------------------------------
<Accuracies on random> test class : 17.03
------------------------------
<Accuracies on edge> test class : 20.62
------------------------------
<Accuracies on silo> test class : 33.12
------------------------------
Total epoch time: 42.349

New epoch - lr: 0.003
[1/75 iteration of epoch 26/30] 
 {loss} cls : 0.009, total : 0.009 
 {acc} cls : 100.00
[31/75 iteration of epoch 26/30] 
 {loss} cls : 0.006, total : 0.006 
 {acc} cls : 100.00
[61/75 iteration of epoch 26/30] 
 {loss} cls : 0.010, total : 0.010 
 {acc} cls : 100.00
------------------------------
<Losses on train> cls : 0.016, total : 0.016
<Accuracies on train> cls : 99.56
Train epoch time: 21.589
------------------------------
<Accuracies on val> class : 89.41
------------------------------
<Accuracies on test> class : 50.28
------------------------------
<Accuracies on in> test class : 81.12
------------------------------
<Accuracies on random> test class : 17.19
------------------------------
<Accuracies on edge> test class : 18.75
------------------------------
<Accuracies on silo> test class : 38.12
------------------------------
Total epoch time: 42.732

New epoch - lr: 0.0009000000000000002
[1/75 iteration of epoch 27/30] 
 {loss} cls : 0.004, total : 0.004 
 {acc} cls : 100.00
[31/75 iteration of epoch 27/30] 
 {loss} cls : 0.007, total : 0.007 
 {acc} cls : 100.00
[61/75 iteration of epoch 27/30] 
 {loss} cls : 0.038, total : 0.038 
 {acc} cls : 98.44
------------------------------
<Losses on train> cls : 0.016, total : 0.016
<Accuracies on train> cls : 99.53
Train epoch time: 21.457
------------------------------
<Accuracies on val> class : 89.44
------------------------------
<Accuracies on test> class : 49.84
------------------------------
<Accuracies on in> test class : 80.56
------------------------------
<Accuracies on random> test class : 17.19
------------------------------
<Accuracies on edge> test class : 19.38
------------------------------
<Accuracies on silo> test class : 34.38
------------------------------
Total epoch time: 42.543

New epoch - lr: 0.0009000000000000002
[1/75 iteration of epoch 28/30] 
 {loss} cls : 0.022, total : 0.022 
 {acc} cls : 99.22
[31/75 iteration of epoch 28/30] 
 {loss} cls : 0.003, total : 0.003 
 {acc} cls : 100.00
[61/75 iteration of epoch 28/30] 
 {loss} cls : 0.003, total : 0.003 
 {acc} cls : 100.00
------------------------------
<Losses on train> cls : 0.013, total : 0.013
<Accuracies on train> cls : 99.67
Train epoch time: 21.574
------------------------------
<Accuracies on val> class : 89.62
------------------------------
<Accuracies on test> class : 49.78
------------------------------
<Accuracies on in> test class : 80.31
------------------------------
<Accuracies on random> test class : 17.27
------------------------------
<Accuracies on edge> test class : 18.75
------------------------------
<Accuracies on silo> test class : 35.62
------------------------------
Total epoch time: 42.642

New epoch - lr: 0.0009000000000000002
[1/75 iteration of epoch 29/30] 
 {loss} cls : 0.003, total : 0.003 
 {acc} cls : 100.00
[31/75 iteration of epoch 29/30] 
 {loss} cls : 0.003, total : 0.003 
 {acc} cls : 100.00
[61/75 iteration of epoch 29/30] 
 {loss} cls : 0.002, total : 0.002 
 {acc} cls : 100.00
------------------------------
<Losses on train> cls : 0.013, total : 0.013
<Accuracies on train> cls : 99.65
Train epoch time: 21.397
------------------------------
<Accuracies on val> class : 89.00
------------------------------
<Accuracies on test> class : 50.22
------------------------------
<Accuracies on in> test class : 81.31
------------------------------
<Accuracies on random> test class : 16.88
------------------------------
<Accuracies on edge> test class : 19.38
------------------------------
<Accuracies on silo> test class : 36.88
------------------------------
Total epoch time: 42.428

New epoch - lr: 0.0009000000000000002
[1/75 iteration of epoch 30/30] 
 {loss} cls : 0.007, total : 0.007 
 {acc} cls : 100.00
[31/75 iteration of epoch 30/30] 
 {loss} cls : 0.012, total : 0.012 
 {acc} cls : 100.00
[61/75 iteration of epoch 30/30] 
 {loss} cls : 0.002, total : 0.002 
 {acc} cls : 100.00
------------------------------
<Losses on train> cls : 0.011, total : 0.011
<Accuracies on train> cls : 99.71
Train epoch time: 22.471
------------------------------
<Accuracies on val> class : 89.50
------------------------------
<Accuracies on test> class : 50.41
------------------------------
<Accuracies on in> test class : 81.69
------------------------------
<Accuracies on random> test class : 16.88
------------------------------
<Accuracies on edge> test class : 19.38
------------------------------
<Accuracies on silo> test class : 36.88
------------------------------
Total epoch time: 43.553

******************************
Best val 0.901563, corresponding test 0.496563 - best test: 0.510312

******************************
Best val 0.901562511920929, corresponding in test 0.8062499761581421

******************************
Best val 0.901562511920929, corresponding random test 0.16796875

******************************
Best val 0.901562511920929, corresponding edge test 0.16249999403953552

******************************
Best val 0.901562511920929, corresponding silo test 0.36250001192092896
