
Loading experiment ImageNet9/ResNet18_step


New epoch - lr: 0.003
[1/31 iteration of epoch 1/60] 
 {loss} cls : 2.385, total : 2.385 
 {acc} cls : 9.38
[31/31 iteration of epoch 1/60] 
 {loss} cls : 0.363, total : 0.363 
 {acc} cls : 92.97
------------------------------
<Losses on train> cls : 0.883, total : 0.883
<Accuracies on train> cls : 71.47
Train epoch time: 12.689
------------------------------
<Accuracies on val> class : 95.31
------------------------------
<Accuracies on test> class : 80.90
------------------------------
<Accuracies on mixed_rand> test class : 73.77
------------------------------
<Accuracies on mixed_same> test class : 88.02
------------------------------
Total epoch time: 24.076

New epoch - lr: 0.003
[1/31 iteration of epoch 2/60] 
 {loss} cls : 0.232, total : 0.232 
 {acc} cls : 89.06
[31/31 iteration of epoch 2/60] 
 {loss} cls : 0.140, total : 0.140 
 {acc} cls : 96.88
------------------------------
<Losses on train> cls : 0.280, total : 0.280
<Accuracies on train> cls : 90.95
Train epoch time: 11.235
------------------------------
<Accuracies on val> class : 96.54
------------------------------
<Accuracies on test> class : 84.32
------------------------------
<Accuracies on mixed_rand> test class : 77.04
------------------------------
<Accuracies on mixed_same> test class : 91.60
------------------------------
Total epoch time: 22.796

New epoch - lr: 0.003
[1/31 iteration of epoch 3/60] 
 {loss} cls : 0.221, total : 0.221 
 {acc} cls : 92.19
[31/31 iteration of epoch 3/60] 
 {loss} cls : 0.186, total : 0.186 
 {acc} cls : 93.75
------------------------------
<Losses on train> cls : 0.188, total : 0.188
<Accuracies on train> cls : 93.70
Train epoch time: 11.369
------------------------------
<Accuracies on val> class : 95.80
------------------------------
<Accuracies on test> class : 84.04
------------------------------
<Accuracies on mixed_rand> test class : 77.35
------------------------------
<Accuracies on mixed_same> test class : 90.74
------------------------------
Total epoch time: 21.732

New epoch - lr: 0.003
[1/31 iteration of epoch 4/60] 
 {loss} cls : 0.133, total : 0.133 
 {acc} cls : 94.53
[31/31 iteration of epoch 4/60] 
 {loss} cls : 0.100, total : 0.100 
 {acc} cls : 96.09
------------------------------
<Losses on train> cls : 0.127, total : 0.127
<Accuracies on train> cls : 95.49
Train epoch time: 11.328
------------------------------
<Accuracies on val> class : 95.31
------------------------------
<Accuracies on test> class : 84.88
------------------------------
<Accuracies on mixed_rand> test class : 78.89
------------------------------
<Accuracies on mixed_same> test class : 90.86
------------------------------
Total epoch time: 21.943

New epoch - lr: 0.003
[1/31 iteration of epoch 5/60] 
 {loss} cls : 0.066, total : 0.066 
 {acc} cls : 97.66
[31/31 iteration of epoch 5/60] 
 {loss} cls : 0.114, total : 0.114 
 {acc} cls : 96.09
------------------------------
<Losses on train> cls : 0.105, total : 0.105
<Accuracies on train> cls : 96.57
Train epoch time: 11.311
------------------------------
<Accuracies on val> class : 95.80
------------------------------
<Accuracies on test> class : 84.57
------------------------------
<Accuracies on mixed_rand> test class : 78.33
------------------------------
<Accuracies on mixed_same> test class : 90.80
------------------------------
Total epoch time: 21.903

New epoch - lr: 0.003
[1/31 iteration of epoch 6/60] 
 {loss} cls : 0.120, total : 0.120 
 {acc} cls : 95.31
[31/31 iteration of epoch 6/60] 
 {loss} cls : 0.248, total : 0.248 
 {acc} cls : 92.19
------------------------------
<Losses on train> cls : 0.089, total : 0.089
<Accuracies on train> cls : 97.03
Train epoch time: 11.393
------------------------------
<Accuracies on val> class : 95.80
------------------------------
<Accuracies on test> class : 84.60
------------------------------
<Accuracies on mixed_rand> test class : 78.70
------------------------------
<Accuracies on mixed_same> test class : 90.49
------------------------------
Total epoch time: 22.237

New epoch - lr: 0.003
[1/31 iteration of epoch 7/60] 
 {loss} cls : 0.052, total : 0.052 
 {acc} cls : 98.44
[31/31 iteration of epoch 7/60] 
 {loss} cls : 0.047, total : 0.047 
 {acc} cls : 99.22
------------------------------
<Losses on train> cls : 0.080, total : 0.080
<Accuracies on train> cls : 97.45
Train epoch time: 11.374
------------------------------
<Accuracies on val> class : 95.31
------------------------------
<Accuracies on test> class : 84.14
------------------------------
<Accuracies on mixed_rand> test class : 77.90
------------------------------
<Accuracies on mixed_same> test class : 90.37
------------------------------
Total epoch time: 22.465

New epoch - lr: 0.003
[1/31 iteration of epoch 8/60] 
 {loss} cls : 0.102, total : 0.102 
 {acc} cls : 97.66
[31/31 iteration of epoch 8/60] 
 {loss} cls : 0.041, total : 0.041 
 {acc} cls : 97.66
------------------------------
<Losses on train> cls : 0.061, total : 0.061
<Accuracies on train> cls : 98.01
Train epoch time: 11.355
------------------------------
<Accuracies on val> class : 94.57
------------------------------
<Accuracies on test> class : 85.99
------------------------------
<Accuracies on mixed_rand> test class : 80.06
------------------------------
<Accuracies on mixed_same> test class : 91.91
------------------------------
Total epoch time: 21.997

New epoch - lr: 0.003
[1/31 iteration of epoch 9/60] 
 {loss} cls : 0.021, total : 0.021 
 {acc} cls : 99.22
[31/31 iteration of epoch 9/60] 
 {loss} cls : 0.088, total : 0.088 
 {acc} cls : 96.88
------------------------------
<Losses on train> cls : 0.050, total : 0.050
<Accuracies on train> cls : 98.34
Train epoch time: 11.275
------------------------------
<Accuracies on val> class : 94.57
------------------------------
<Accuracies on test> class : 85.86
------------------------------
<Accuracies on mixed_rand> test class : 80.56
------------------------------
<Accuracies on mixed_same> test class : 91.17
------------------------------
Total epoch time: 21.721

New epoch - lr: 0.003
[1/31 iteration of epoch 10/60] 
 {loss} cls : 0.034, total : 0.034 
 {acc} cls : 98.44
[31/31 iteration of epoch 10/60] 
 {loss} cls : 0.160, total : 0.160 
 {acc} cls : 93.75
------------------------------
<Losses on train> cls : 0.041, total : 0.041
<Accuracies on train> cls : 98.69
Train epoch time: 11.290
------------------------------
<Accuracies on val> class : 95.06
------------------------------
<Accuracies on test> class : 85.68
------------------------------
<Accuracies on mixed_rand> test class : 80.37
------------------------------
<Accuracies on mixed_same> test class : 90.99
------------------------------
Total epoch time: 21.520

New epoch - lr: 0.003
[1/31 iteration of epoch 11/60] 
 {loss} cls : 0.122, total : 0.122 
 {acc} cls : 96.09
[31/31 iteration of epoch 11/60] 
 {loss} cls : 0.039, total : 0.039 
 {acc} cls : 98.44
------------------------------
<Losses on train> cls : 0.039, total : 0.039
<Accuracies on train> cls : 98.84
Train epoch time: 11.337
------------------------------
<Accuracies on val> class : 95.06
------------------------------
<Accuracies on test> class : 85.90
------------------------------
<Accuracies on mixed_rand> test class : 80.25
------------------------------
<Accuracies on mixed_same> test class : 91.54
------------------------------
Total epoch time: 22.596

New epoch - lr: 0.003
[1/31 iteration of epoch 12/60] 
 {loss} cls : 0.038, total : 0.038 
 {acc} cls : 98.44
[31/31 iteration of epoch 12/60] 
 {loss} cls : 0.028, total : 0.028 
 {acc} cls : 98.44
------------------------------
<Losses on train> cls : 0.034, total : 0.034
<Accuracies on train> cls : 98.97
Train epoch time: 11.315
------------------------------
<Accuracies on val> class : 94.81
------------------------------
<Accuracies on test> class : 85.43
------------------------------
<Accuracies on mixed_rand> test class : 78.77
------------------------------
<Accuracies on mixed_same> test class : 92.10
------------------------------
Total epoch time: 21.663

New epoch - lr: 0.003
[1/31 iteration of epoch 13/60] 
 {loss} cls : 0.024, total : 0.024 
 {acc} cls : 99.22
[31/31 iteration of epoch 13/60] 
 {loss} cls : 0.116, total : 0.116 
 {acc} cls : 96.88
------------------------------
<Losses on train> cls : 0.040, total : 0.040
<Accuracies on train> cls : 98.82
Train epoch time: 11.226
------------------------------
<Accuracies on val> class : 93.83
------------------------------
<Accuracies on test> class : 85.06
------------------------------
<Accuracies on mixed_rand> test class : 78.70
------------------------------
<Accuracies on mixed_same> test class : 91.42
------------------------------
Total epoch time: 22.044

New epoch - lr: 0.003
[1/31 iteration of epoch 14/60] 
 {loss} cls : 0.008, total : 0.008 
 {acc} cls : 100.00
[31/31 iteration of epoch 14/60] 
 {loss} cls : 0.036, total : 0.036 
 {acc} cls : 98.44
------------------------------
<Losses on train> cls : 0.028, total : 0.028
<Accuracies on train> cls : 99.02
Train epoch time: 11.384
------------------------------
<Accuracies on val> class : 94.57
------------------------------
<Accuracies on test> class : 85.06
------------------------------
<Accuracies on mixed_rand> test class : 78.95
------------------------------
<Accuracies on mixed_same> test class : 91.17
------------------------------
Total epoch time: 21.861

New epoch - lr: 0.003
[1/31 iteration of epoch 15/60] 
 {loss} cls : 0.012, total : 0.012 
 {acc} cls : 100.00
[31/31 iteration of epoch 15/60] 
 {loss} cls : 0.062, total : 0.062 
 {acc} cls : 98.44
------------------------------
<Losses on train> cls : 0.037, total : 0.037
<Accuracies on train> cls : 98.82
Train epoch time: 11.289
------------------------------
<Accuracies on val> class : 94.81
------------------------------
<Accuracies on test> class : 85.34
------------------------------
<Accuracies on mixed_rand> test class : 79.14
------------------------------
<Accuracies on mixed_same> test class : 91.54
------------------------------
Total epoch time: 22.017

New epoch - lr: 0.003
[1/31 iteration of epoch 16/60] 
 {loss} cls : 0.017, total : 0.017 
 {acc} cls : 99.22
[31/31 iteration of epoch 16/60] 
 {loss} cls : 0.014, total : 0.014 
 {acc} cls : 100.00
------------------------------
<Losses on train> cls : 0.031, total : 0.031
<Accuracies on train> cls : 99.17
Train epoch time: 11.321
------------------------------
<Accuracies on val> class : 93.83
------------------------------
<Accuracies on test> class : 85.86
------------------------------
<Accuracies on mixed_rand> test class : 80.19
------------------------------
<Accuracies on mixed_same> test class : 91.54
------------------------------
Total epoch time: 21.834

New epoch - lr: 0.003
[1/31 iteration of epoch 17/60] 
 {loss} cls : 0.002, total : 0.002 
 {acc} cls : 100.00
[31/31 iteration of epoch 17/60] 
 {loss} cls : 0.006, total : 0.006 
 {acc} cls : 100.00
------------------------------
<Losses on train> cls : 0.020, total : 0.020
<Accuracies on train> cls : 99.50
Train epoch time: 11.369
------------------------------
<Accuracies on val> class : 94.32
------------------------------
<Accuracies on test> class : 85.93
------------------------------
<Accuracies on mixed_rand> test class : 80.06
------------------------------
<Accuracies on mixed_same> test class : 91.79
------------------------------
Total epoch time: 22.246

New epoch - lr: 0.003
[1/31 iteration of epoch 18/60] 
 {loss} cls : 0.008, total : 0.008 
 {acc} cls : 100.00
[31/31 iteration of epoch 18/60] 
 {loss} cls : 0.048, total : 0.048 
 {acc} cls : 97.66
------------------------------
<Losses on train> cls : 0.021, total : 0.021
<Accuracies on train> cls : 99.27
Train epoch time: 11.330
------------------------------
<Accuracies on val> class : 94.81
------------------------------
<Accuracies on test> class : 85.90
------------------------------
<Accuracies on mixed_rand> test class : 79.69
------------------------------
<Accuracies on mixed_same> test class : 92.10
------------------------------
Total epoch time: 22.325

New epoch - lr: 0.003
[1/31 iteration of epoch 19/60] 
 {loss} cls : 0.034, total : 0.034 
 {acc} cls : 99.22
[31/31 iteration of epoch 19/60] 
 {loss} cls : 0.015, total : 0.015 
 {acc} cls : 99.22
------------------------------
<Losses on train> cls : 0.020, total : 0.020
<Accuracies on train> cls : 99.45
Train epoch time: 11.377
------------------------------
<Accuracies on val> class : 94.32
------------------------------
<Accuracies on test> class : 85.90
------------------------------
<Accuracies on mixed_rand> test class : 80.37
------------------------------
<Accuracies on mixed_same> test class : 91.42
------------------------------
Total epoch time: 21.404

New epoch - lr: 0.003
[1/31 iteration of epoch 20/60] 
 {loss} cls : 0.006, total : 0.006 
 {acc} cls : 100.00
[31/31 iteration of epoch 20/60] 
 {loss} cls : 0.006, total : 0.006 
 {acc} cls : 100.00
------------------------------
<Losses on train> cls : 0.013, total : 0.013
<Accuracies on train> cls : 99.67
Train epoch time: 11.215
------------------------------
<Accuracies on val> class : 94.81
------------------------------
<Accuracies on test> class : 86.60
------------------------------
<Accuracies on mixed_rand> test class : 81.30
------------------------------
<Accuracies on mixed_same> test class : 91.91
------------------------------
Total epoch time: 22.034

New epoch - lr: 0.003
[1/31 iteration of epoch 21/60] 
 {loss} cls : 0.007, total : 0.007 
 {acc} cls : 100.00
[31/31 iteration of epoch 21/60] 
 {loss} cls : 0.019, total : 0.019 
 {acc} cls : 99.22
------------------------------
<Losses on train> cls : 0.017, total : 0.017
<Accuracies on train> cls : 99.45
Train epoch time: 11.339
------------------------------
<Accuracies on val> class : 93.83
------------------------------
<Accuracies on test> class : 85.93
------------------------------
<Accuracies on mixed_rand> test class : 80.31
------------------------------
<Accuracies on mixed_same> test class : 91.54
------------------------------
Total epoch time: 22.236

New epoch - lr: 0.003
[1/31 iteration of epoch 22/60] 
 {loss} cls : 0.003, total : 0.003 
 {acc} cls : 100.00
[31/31 iteration of epoch 22/60] 
 {loss} cls : 0.015, total : 0.015 
 {acc} cls : 100.00
------------------------------
<Losses on train> cls : 0.013, total : 0.013
<Accuracies on train> cls : 99.67
Train epoch time: 11.291
------------------------------
<Accuracies on val> class : 94.32
------------------------------
<Accuracies on test> class : 86.76
------------------------------
<Accuracies on mixed_rand> test class : 81.48
------------------------------
<Accuracies on mixed_same> test class : 92.04
------------------------------
Total epoch time: 21.961

New epoch - lr: 0.003
[1/31 iteration of epoch 23/60] 
 {loss} cls : 0.018, total : 0.018 
 {acc} cls : 99.22
[31/31 iteration of epoch 23/60] 
 {loss} cls : 0.009, total : 0.009 
 {acc} cls : 99.22
------------------------------
<Losses on train> cls : 0.018, total : 0.018
<Accuracies on train> cls : 99.52
Train epoch time: 11.232
------------------------------
<Accuracies on val> class : 95.06
------------------------------
<Accuracies on test> class : 86.42
------------------------------
<Accuracies on mixed_rand> test class : 80.93
------------------------------
<Accuracies on mixed_same> test class : 91.91
------------------------------
Total epoch time: 21.534

New epoch - lr: 0.003
[1/31 iteration of epoch 24/60] 
 {loss} cls : 0.020, total : 0.020 
 {acc} cls : 99.22
[31/31 iteration of epoch 24/60] 
 {loss} cls : 0.007, total : 0.007 
 {acc} cls : 100.00
------------------------------
<Losses on train> cls : 0.012, total : 0.012
<Accuracies on train> cls : 99.67
Train epoch time: 11.391
------------------------------
<Accuracies on val> class : 93.58
------------------------------
<Accuracies on test> class : 86.60
------------------------------
<Accuracies on mixed_rand> test class : 80.74
------------------------------
<Accuracies on mixed_same> test class : 92.47
------------------------------
Total epoch time: 22.208

New epoch - lr: 0.003
[1/31 iteration of epoch 25/60] 
 {loss} cls : 0.016, total : 0.016 
 {acc} cls : 99.22
[31/31 iteration of epoch 25/60] 
 {loss} cls : 0.008, total : 0.008 
 {acc} cls : 100.00
------------------------------
<Losses on train> cls : 0.013, total : 0.013
<Accuracies on train> cls : 99.72
Train epoch time: 11.378
------------------------------
<Accuracies on val> class : 95.56
------------------------------
<Accuracies on test> class : 86.30
------------------------------
<Accuracies on mixed_rand> test class : 80.37
------------------------------
<Accuracies on mixed_same> test class : 92.22
------------------------------
Total epoch time: 21.760

New epoch - lr: 0.003
[1/31 iteration of epoch 26/60] 
 {loss} cls : 0.010, total : 0.010 
 {acc} cls : 100.00
[31/31 iteration of epoch 26/60] 
 {loss} cls : 0.009, total : 0.009 
 {acc} cls : 100.00
------------------------------
<Losses on train> cls : 0.013, total : 0.013
<Accuracies on train> cls : 99.70
Train epoch time: 11.340
------------------------------
<Accuracies on val> class : 95.06
------------------------------
<Accuracies on test> class : 85.83
------------------------------
<Accuracies on mixed_rand> test class : 80.31
------------------------------
<Accuracies on mixed_same> test class : 91.36
------------------------------
Total epoch time: 21.829

New epoch - lr: 0.003
[1/31 iteration of epoch 27/60] 
 {loss} cls : 0.004, total : 0.004 
 {acc} cls : 100.00
[31/31 iteration of epoch 27/60] 
 {loss} cls : 0.003, total : 0.003 
 {acc} cls : 100.00
------------------------------
<Losses on train> cls : 0.011, total : 0.011
<Accuracies on train> cls : 99.77
Train epoch time: 11.285
------------------------------
<Accuracies on val> class : 95.06
------------------------------
<Accuracies on test> class : 86.54
------------------------------
<Accuracies on mixed_rand> test class : 80.80
------------------------------
<Accuracies on mixed_same> test class : 92.28
------------------------------
Total epoch time: 22.185

New epoch - lr: 0.003
[1/31 iteration of epoch 28/60] 
 {loss} cls : 0.002, total : 0.002 
 {acc} cls : 100.00
[31/31 iteration of epoch 28/60] 
 {loss} cls : 0.003, total : 0.003 
 {acc} cls : 100.00
------------------------------
<Losses on train> cls : 0.007, total : 0.007
<Accuracies on train> cls : 99.90
Train epoch time: 11.288
------------------------------
<Accuracies on val> class : 95.56
------------------------------
<Accuracies on test> class : 86.08
------------------------------
<Accuracies on mixed_rand> test class : 80.43
------------------------------
<Accuracies on mixed_same> test class : 91.73
------------------------------
Total epoch time: 22.002

New epoch - lr: 0.003
[1/31 iteration of epoch 29/60] 
 {loss} cls : 0.027, total : 0.027 
 {acc} cls : 99.22
[31/31 iteration of epoch 29/60] 
 {loss} cls : 0.005, total : 0.005 
 {acc} cls : 100.00
------------------------------
<Losses on train> cls : 0.007, total : 0.007
<Accuracies on train> cls : 99.92
Train epoch time: 11.307
------------------------------
<Accuracies on val> class : 95.31
------------------------------
<Accuracies on test> class : 85.96
------------------------------
<Accuracies on mixed_rand> test class : 80.31
------------------------------
<Accuracies on mixed_same> test class : 91.60
------------------------------
Total epoch time: 22.097

New epoch - lr: 0.003
[1/31 iteration of epoch 30/60] 
 {loss} cls : 0.047, total : 0.047 
 {acc} cls : 98.44
[31/31 iteration of epoch 30/60] 
 {loss} cls : 0.004, total : 0.004 
 {acc} cls : 100.00
------------------------------
<Losses on train> cls : 0.008, total : 0.008
<Accuracies on train> cls : 99.82
Train epoch time: 11.302
------------------------------
<Accuracies on val> class : 94.81
------------------------------
<Accuracies on test> class : 86.60
------------------------------
<Accuracies on mixed_rand> test class : 81.11
------------------------------
<Accuracies on mixed_same> test class : 92.10
------------------------------
Total epoch time: 22.397

New epoch - lr: 0.003
[1/31 iteration of epoch 31/60] 
 {loss} cls : 0.019, total : 0.019 
 {acc} cls : 99.22
[31/31 iteration of epoch 31/60] 
 {loss} cls : 0.006, total : 0.006 
 {acc} cls : 100.00
------------------------------
<Losses on train> cls : 0.007, total : 0.007
<Accuracies on train> cls : 99.85
Train epoch time: 11.361
------------------------------
<Accuracies on val> class : 95.31
------------------------------
<Accuracies on test> class : 85.80
------------------------------
<Accuracies on mixed_rand> test class : 80.06
------------------------------
<Accuracies on mixed_same> test class : 91.54
------------------------------
Total epoch time: 22.661

New epoch - lr: 0.003
[1/31 iteration of epoch 32/60] 
 {loss} cls : 0.002, total : 0.002 
 {acc} cls : 100.00
[31/31 iteration of epoch 32/60] 
 {loss} cls : 0.007, total : 0.007 
 {acc} cls : 100.00
------------------------------
<Losses on train> cls : 0.006, total : 0.006
<Accuracies on train> cls : 99.90
Train epoch time: 11.569
------------------------------
<Accuracies on val> class : 95.06
------------------------------
<Accuracies on test> class : 86.42
------------------------------
<Accuracies on mixed_rand> test class : 80.62
------------------------------
<Accuracies on mixed_same> test class : 92.22
------------------------------
Total epoch time: 21.895

New epoch - lr: 0.003
[1/31 iteration of epoch 33/60] 
 {loss} cls : 0.004, total : 0.004 
 {acc} cls : 100.00
[31/31 iteration of epoch 33/60] 
 {loss} cls : 0.001, total : 0.001 
 {acc} cls : 100.00
------------------------------
<Losses on train> cls : 0.004, total : 0.004
<Accuracies on train> cls : 99.92
Train epoch time: 11.496
------------------------------
<Accuracies on val> class : 94.81
------------------------------
<Accuracies on test> class : 86.45
------------------------------
<Accuracies on mixed_rand> test class : 80.86
------------------------------
<Accuracies on mixed_same> test class : 92.04
------------------------------
Total epoch time: 21.937

New epoch - lr: 0.003
[1/31 iteration of epoch 34/60] 
 {loss} cls : 0.003, total : 0.003 
 {acc} cls : 100.00
[31/31 iteration of epoch 34/60] 
 {loss} cls : 0.001, total : 0.001 
 {acc} cls : 100.00
------------------------------
<Losses on train> cls : 0.005, total : 0.005
<Accuracies on train> cls : 99.92
Train epoch time: 11.344
------------------------------
<Accuracies on val> class : 95.06
------------------------------
<Accuracies on test> class : 86.11
------------------------------
<Accuracies on mixed_rand> test class : 80.31
------------------------------
<Accuracies on mixed_same> test class : 91.91
------------------------------
Total epoch time: 21.912

New epoch - lr: 0.003
[1/31 iteration of epoch 35/60] 
 {loss} cls : 0.006, total : 0.006 
 {acc} cls : 100.00
[31/31 iteration of epoch 35/60] 
 {loss} cls : 0.005, total : 0.005 
 {acc} cls : 100.00
------------------------------
<Losses on train> cls : 0.004, total : 0.004
<Accuracies on train> cls : 99.90
Train epoch time: 11.258
------------------------------
<Accuracies on val> class : 95.56
------------------------------
<Accuracies on test> class : 86.05
------------------------------
<Accuracies on mixed_rand> test class : 80.31
------------------------------
<Accuracies on mixed_same> test class : 91.79
------------------------------
Total epoch time: 22.213

New epoch - lr: 0.003
[1/31 iteration of epoch 36/60] 
 {loss} cls : 0.001, total : 0.001 
 {acc} cls : 100.00
[31/31 iteration of epoch 36/60] 
 {loss} cls : 0.009, total : 0.009 
 {acc} cls : 100.00
------------------------------
<Losses on train> cls : 0.005, total : 0.005
<Accuracies on train> cls : 99.90
Train epoch time: 11.253
------------------------------
<Accuracies on val> class : 95.06
------------------------------
<Accuracies on test> class : 85.68
------------------------------
<Accuracies on mixed_rand> test class : 80.00
------------------------------
<Accuracies on mixed_same> test class : 91.36
------------------------------
Total epoch time: 21.393

New epoch - lr: 0.003
[1/31 iteration of epoch 37/60] 
 {loss} cls : 0.007, total : 0.007 
 {acc} cls : 100.00
[31/31 iteration of epoch 37/60] 
 {loss} cls : 0.002, total : 0.002 
 {acc} cls : 100.00
------------------------------
<Losses on train> cls : 0.005, total : 0.005
<Accuracies on train> cls : 99.95
Train epoch time: 11.184
------------------------------
<Accuracies on val> class : 95.31
------------------------------
<Accuracies on test> class : 85.71
------------------------------
<Accuracies on mixed_rand> test class : 79.94
------------------------------
<Accuracies on mixed_same> test class : 91.48
------------------------------
Total epoch time: 21.031

New epoch - lr: 0.003
[1/31 iteration of epoch 38/60] 
 {loss} cls : 0.005, total : 0.005 
 {acc} cls : 100.00
[31/31 iteration of epoch 38/60] 
 {loss} cls : 0.003, total : 0.003 
 {acc} cls : 100.00
------------------------------
<Losses on train> cls : 0.003, total : 0.003
<Accuracies on train> cls : 99.97
Train epoch time: 11.212
------------------------------
<Accuracies on val> class : 95.80
------------------------------
<Accuracies on test> class : 85.74
------------------------------
<Accuracies on mixed_rand> test class : 79.75
------------------------------
<Accuracies on mixed_same> test class : 91.73
------------------------------
Total epoch time: 21.603

New epoch - lr: 0.003
[1/31 iteration of epoch 39/60] 
 {loss} cls : 0.016, total : 0.016 
 {acc} cls : 99.22
[31/31 iteration of epoch 39/60] 
 {loss} cls : 0.003, total : 0.003 
 {acc} cls : 100.00
------------------------------
<Losses on train> cls : 0.004, total : 0.004
<Accuracies on train> cls : 99.95
Train epoch time: 11.197
------------------------------
<Accuracies on val> class : 95.80
------------------------------
<Accuracies on test> class : 86.14
------------------------------
<Accuracies on mixed_rand> test class : 80.43
------------------------------
<Accuracies on mixed_same> test class : 91.85
------------------------------
Total epoch time: 21.732

New epoch - lr: 0.003
[1/31 iteration of epoch 40/60] 
 {loss} cls : 0.004, total : 0.004 
 {acc} cls : 100.00
[31/31 iteration of epoch 40/60] 
 {loss} cls : 0.001, total : 0.001 
 {acc} cls : 100.00
------------------------------
<Losses on train> cls : 0.003, total : 0.003
<Accuracies on train> cls : 99.97
Train epoch time: 11.302
------------------------------
<Accuracies on val> class : 95.56
------------------------------
<Accuracies on test> class : 85.49
------------------------------
<Accuracies on mixed_rand> test class : 79.75
------------------------------
<Accuracies on mixed_same> test class : 91.23
------------------------------
Total epoch time: 21.789

New epoch - lr: 0.003
[1/31 iteration of epoch 41/60] 
 {loss} cls : 0.001, total : 0.001 
 {acc} cls : 100.00
[31/31 iteration of epoch 41/60] 
 {loss} cls : 0.002, total : 0.002 
 {acc} cls : 100.00
------------------------------
<Losses on train> cls : 0.005, total : 0.005
<Accuracies on train> cls : 99.90
Train epoch time: 11.225
------------------------------
<Accuracies on val> class : 95.31
------------------------------
<Accuracies on test> class : 86.30
------------------------------
<Accuracies on mixed_rand> test class : 80.43
------------------------------
<Accuracies on mixed_same> test class : 92.16
------------------------------
Total epoch time: 21.297

New epoch - lr: 0.003
[1/31 iteration of epoch 42/60] 
 {loss} cls : 0.003, total : 0.003 
 {acc} cls : 100.00
[31/31 iteration of epoch 42/60] 
 {loss} cls : 0.004, total : 0.004 
 {acc} cls : 100.00
------------------------------
<Losses on train> cls : 0.004, total : 0.004
<Accuracies on train> cls : 99.87
Train epoch time: 11.259
------------------------------
<Accuracies on val> class : 95.56
------------------------------
<Accuracies on test> class : 86.05
------------------------------
<Accuracies on mixed_rand> test class : 80.37
------------------------------
<Accuracies on mixed_same> test class : 91.73
------------------------------
Total epoch time: 21.839

New epoch - lr: 0.003
[1/31 iteration of epoch 43/60] 
 {loss} cls : 0.001, total : 0.001 
 {acc} cls : 100.00
[31/31 iteration of epoch 43/60] 
 {loss} cls : 0.003, total : 0.003 
 {acc} cls : 100.00
------------------------------
<Losses on train> cls : 0.003, total : 0.003
<Accuracies on train> cls : 99.97
Train epoch time: 11.288
------------------------------
<Accuracies on val> class : 95.06
------------------------------
<Accuracies on test> class : 85.80
------------------------------
<Accuracies on mixed_rand> test class : 80.37
------------------------------
<Accuracies on mixed_same> test class : 91.23
------------------------------
Total epoch time: 22.088

New epoch - lr: 0.003
[1/31 iteration of epoch 44/60] 
 {loss} cls : 0.001, total : 0.001 
 {acc} cls : 100.00
[31/31 iteration of epoch 44/60] 
 {loss} cls : 0.002, total : 0.002 
 {acc} cls : 100.00
------------------------------
<Losses on train> cls : 0.004, total : 0.004
<Accuracies on train> cls : 99.90
Train epoch time: 11.279
------------------------------
<Accuracies on val> class : 95.06
------------------------------
<Accuracies on test> class : 85.90
------------------------------
<Accuracies on mixed_rand> test class : 80.43
------------------------------
<Accuracies on mixed_same> test class : 91.36
------------------------------
Total epoch time: 21.247

New epoch - lr: 0.003
[1/31 iteration of epoch 45/60] 
 {loss} cls : 0.002, total : 0.002 
 {acc} cls : 100.00
[31/31 iteration of epoch 45/60] 
 {loss} cls : 0.005, total : 0.005 
 {acc} cls : 100.00
------------------------------
<Losses on train> cls : 0.003, total : 0.003
<Accuracies on train> cls : 99.95
Train epoch time: 11.222
------------------------------
<Accuracies on val> class : 95.06
------------------------------
<Accuracies on test> class : 85.62
------------------------------
<Accuracies on mixed_rand> test class : 80.12
------------------------------
<Accuracies on mixed_same> test class : 91.11
------------------------------
Total epoch time: 21.125

New epoch - lr: 0.003
[1/31 iteration of epoch 46/60] 
 {loss} cls : 0.001, total : 0.001 
 {acc} cls : 100.00
[31/31 iteration of epoch 46/60] 
 {loss} cls : 0.001, total : 0.001 
 {acc} cls : 100.00
------------------------------
<Losses on train> cls : 0.003, total : 0.003
<Accuracies on train> cls : 99.95
Train epoch time: 11.250
------------------------------
<Accuracies on val> class : 95.06
------------------------------
<Accuracies on test> class : 86.14
------------------------------
<Accuracies on mixed_rand> test class : 80.31
------------------------------
<Accuracies on mixed_same> test class : 91.98
------------------------------
Total epoch time: 21.210

New epoch - lr: 0.003
[1/31 iteration of epoch 47/60] 
 {loss} cls : 0.001, total : 0.001 
 {acc} cls : 100.00
[31/31 iteration of epoch 47/60] 
 {loss} cls : 0.004, total : 0.004 
 {acc} cls : 100.00
------------------------------
<Losses on train> cls : 0.003, total : 0.003
<Accuracies on train> cls : 99.95
Train epoch time: 11.349
------------------------------
<Accuracies on val> class : 96.05
------------------------------
<Accuracies on test> class : 85.90
------------------------------
<Accuracies on mixed_rand> test class : 80.56
------------------------------
<Accuracies on mixed_same> test class : 91.23
------------------------------
Total epoch time: 21.531

New epoch - lr: 0.003
[1/31 iteration of epoch 48/60] 
 {loss} cls : 0.012, total : 0.012 
 {acc} cls : 99.22
[31/31 iteration of epoch 48/60] 
 {loss} cls : 0.001, total : 0.001 
 {acc} cls : 100.00
------------------------------
<Losses on train> cls : 0.002, total : 0.002
<Accuracies on train> cls : 99.95
Train epoch time: 11.155
------------------------------
<Accuracies on val> class : 95.80
------------------------------
<Accuracies on test> class : 85.90
------------------------------
<Accuracies on mixed_rand> test class : 80.19
------------------------------
<Accuracies on mixed_same> test class : 91.60
------------------------------
Total epoch time: 21.883

New epoch - lr: 0.003
[1/31 iteration of epoch 49/60] 
 {loss} cls : 0.002, total : 0.002 
 {acc} cls : 100.00
[31/31 iteration of epoch 49/60] 
 {loss} cls : 0.002, total : 0.002 
 {acc} cls : 100.00
------------------------------
<Losses on train> cls : 0.003, total : 0.003
<Accuracies on train> cls : 99.92
Train epoch time: 11.204
------------------------------
<Accuracies on val> class : 95.56
------------------------------
<Accuracies on test> class : 86.23
------------------------------
<Accuracies on mixed_rand> test class : 80.49
------------------------------
<Accuracies on mixed_same> test class : 91.98
------------------------------
Total epoch time: 20.941

New epoch - lr: 0.003
[1/31 iteration of epoch 50/60] 
 {loss} cls : 0.001, total : 0.001 
 {acc} cls : 100.00
[31/31 iteration of epoch 50/60] 
 {loss} cls : 0.002, total : 0.002 
 {acc} cls : 100.00
------------------------------
<Losses on train> cls : 0.004, total : 0.004
<Accuracies on train> cls : 99.92
Train epoch time: 11.119
------------------------------
<Accuracies on val> class : 94.81
------------------------------
<Accuracies on test> class : 86.14
------------------------------
<Accuracies on mixed_rand> test class : 80.43
------------------------------
<Accuracies on mixed_same> test class : 91.85
------------------------------
Total epoch time: 20.343

New epoch - lr: 0.003
[1/31 iteration of epoch 51/60] 
 {loss} cls : 0.001, total : 0.001 
 {acc} cls : 100.00
[31/31 iteration of epoch 51/60] 
 {loss} cls : 0.004, total : 0.004 
 {acc} cls : 100.00
------------------------------
<Losses on train> cls : 0.004, total : 0.004
<Accuracies on train> cls : 99.92
Train epoch time: 11.236
------------------------------
<Accuracies on val> class : 95.31
------------------------------
<Accuracies on test> class : 86.33
------------------------------
<Accuracies on mixed_rand> test class : 80.74
------------------------------
<Accuracies on mixed_same> test class : 91.91
------------------------------
Total epoch time: 21.188

New epoch - lr: 0.003
[1/31 iteration of epoch 52/60] 
 {loss} cls : 0.001, total : 0.001 
 {acc} cls : 100.00
[31/31 iteration of epoch 52/60] 
 {loss} cls : 0.001, total : 0.001 
 {acc} cls : 100.00
------------------------------
<Losses on train> cls : 0.002, total : 0.002
<Accuracies on train> cls : 100.00
Train epoch time: 11.089
------------------------------
<Accuracies on val> class : 94.81
------------------------------
<Accuracies on test> class : 86.45
------------------------------
<Accuracies on mixed_rand> test class : 80.99
------------------------------
<Accuracies on mixed_same> test class : 91.91
------------------------------
Total epoch time: 20.720

New epoch - lr: 0.003
[1/31 iteration of epoch 53/60] 
 {loss} cls : 0.001, total : 0.001 
 {acc} cls : 100.00
[31/31 iteration of epoch 53/60] 
 {loss} cls : 0.001, total : 0.001 
 {acc} cls : 100.00
------------------------------
<Losses on train> cls : 0.002, total : 0.002
<Accuracies on train> cls : 99.95
Train epoch time: 11.047
------------------------------
<Accuracies on val> class : 95.31
------------------------------
<Accuracies on test> class : 86.39
------------------------------
<Accuracies on mixed_rand> test class : 80.99
------------------------------
<Accuracies on mixed_same> test class : 91.79
------------------------------
Total epoch time: 20.639

New epoch - lr: 0.0009000000000000002
[1/31 iteration of epoch 54/60] 
 {loss} cls : 0.002, total : 0.002 
 {acc} cls : 100.00
[31/31 iteration of epoch 54/60] 
 {loss} cls : 0.000, total : 0.000 
 {acc} cls : 100.00
------------------------------
<Losses on train> cls : 0.002, total : 0.002
<Accuracies on train> cls : 100.00
Train epoch time: 11.051
------------------------------
<Accuracies on val> class : 95.31
------------------------------
<Accuracies on test> class : 86.02
------------------------------
<Accuracies on mixed_rand> test class : 80.37
------------------------------
<Accuracies on mixed_same> test class : 91.67
------------------------------
Total epoch time: 20.369

New epoch - lr: 0.0009000000000000002
[1/31 iteration of epoch 55/60] 
 {loss} cls : 0.001, total : 0.001 
 {acc} cls : 100.00
[31/31 iteration of epoch 55/60] 
 {loss} cls : 0.002, total : 0.002 
 {acc} cls : 100.00
------------------------------
<Losses on train> cls : 0.002, total : 0.002
<Accuracies on train> cls : 100.00
Train epoch time: 11.034
------------------------------
<Accuracies on val> class : 95.31
------------------------------
<Accuracies on test> class : 86.20
------------------------------
<Accuracies on mixed_rand> test class : 80.62
------------------------------
<Accuracies on mixed_same> test class : 91.79
------------------------------
Total epoch time: 20.469

New epoch - lr: 0.0009000000000000002
[1/31 iteration of epoch 56/60] 
 {loss} cls : 0.001, total : 0.001 
 {acc} cls : 100.00
[31/31 iteration of epoch 56/60] 
 {loss} cls : 0.001, total : 0.001 
 {acc} cls : 100.00
------------------------------
<Losses on train> cls : 0.002, total : 0.002
<Accuracies on train> cls : 100.00
Train epoch time: 11.058
------------------------------
<Accuracies on val> class : 95.31
------------------------------
<Accuracies on test> class : 86.23
------------------------------
<Accuracies on mixed_rand> test class : 80.99
------------------------------
<Accuracies on mixed_same> test class : 91.48
------------------------------
Total epoch time: 20.106

New epoch - lr: 0.0009000000000000002
[1/31 iteration of epoch 57/60] 
 {loss} cls : 0.004, total : 0.004 
 {acc} cls : 100.00
[31/31 iteration of epoch 57/60] 
 {loss} cls : 0.000, total : 0.000 
 {acc} cls : 100.00
------------------------------
<Losses on train> cls : 0.002, total : 0.002
<Accuracies on train> cls : 100.00
Train epoch time: 11.039
------------------------------
<Accuracies on val> class : 94.57
------------------------------
<Accuracies on test> class : 85.96
------------------------------
<Accuracies on mixed_rand> test class : 80.31
------------------------------
<Accuracies on mixed_same> test class : 91.60
------------------------------
Total epoch time: 20.417

New epoch - lr: 0.0009000000000000002
[1/31 iteration of epoch 58/60] 
 {loss} cls : 0.002, total : 0.002 
 {acc} cls : 100.00
[31/31 iteration of epoch 58/60] 
 {loss} cls : 0.004, total : 0.004 
 {acc} cls : 100.00
------------------------------
<Losses on train> cls : 0.002, total : 0.002
<Accuracies on train> cls : 100.00
Train epoch time: 11.029
------------------------------
<Accuracies on val> class : 94.57
------------------------------
<Accuracies on test> class : 85.96
------------------------------
<Accuracies on mixed_rand> test class : 80.37
------------------------------
<Accuracies on mixed_same> test class : 91.54
------------------------------
Total epoch time: 20.181

New epoch - lr: 0.0009000000000000002
[1/31 iteration of epoch 59/60] 
 {loss} cls : 0.001, total : 0.001 
 {acc} cls : 100.00
[31/31 iteration of epoch 59/60] 
 {loss} cls : 0.001, total : 0.001 
 {acc} cls : 100.00
------------------------------
<Losses on train> cls : 0.001, total : 0.001
<Accuracies on train> cls : 100.00
Train epoch time: 11.099
------------------------------
<Accuracies on val> class : 94.57
------------------------------
<Accuracies on test> class : 86.05
------------------------------
<Accuracies on mixed_rand> test class : 80.37
------------------------------
<Accuracies on mixed_same> test class : 91.73
------------------------------
Total epoch time: 20.307

New epoch - lr: 0.0009000000000000002
[1/31 iteration of epoch 60/60] 
 {loss} cls : 0.001, total : 0.001 
 {acc} cls : 100.00
[31/31 iteration of epoch 60/60] 
 {loss} cls : 0.008, total : 0.008 
 {acc} cls : 100.00
------------------------------
<Losses on train> cls : 0.002, total : 0.002
<Accuracies on train> cls : 100.00
Train epoch time: 11.066
------------------------------
<Accuracies on val> class : 95.31
------------------------------
<Accuracies on test> class : 86.02
------------------------------
<Accuracies on mixed_rand> test class : 80.49
------------------------------
<Accuracies on mixed_same> test class : 91.54
------------------------------
Total epoch time: 20.279

******************************
Best val 0.965432, corresponding test 0.84321 - best test: 0.867593

******************************
Best val 0.9654321074485779, corresponding mixed_rand test 0.770370364189148

******************************
Best val 0.9654321074485779, corresponding mixed_same test 0.9160493612289429
