
Loading experiment Officehome/ResNet18_step


New epoch - lr: 0.003
[1/62 iteration of epoch 1/50] 
 {loss} cls : 4.295, total : 4.295 
 {acc} cls : 0.00
[31/62 iteration of epoch 1/50] 
 {loss} cls : 1.381, total : 1.381 
 {acc} cls : 59.38
[61/62 iteration of epoch 1/50] 
 {loss} cls : 0.864, total : 0.864 
 {acc} cls : 79.69
------------------------------
<Losses on train> cls : 1.735, total : 1.735
<Accuracies on train> cls : 57.54
Train epoch time: 211.264
------------------------------
<Accuracies on val> class : 78.56
------------------------------
<Accuracies on test> class : 44.36
------------------------------
<Accuracies on Art> test class : 37.17
------------------------------
<Accuracies on Clipart> test class : 34.48
------------------------------
<Accuracies on Real_World> test class : 58.27
------------------------------
Total epoch time: 450.936

New epoch - lr: 0.003
[1/62 iteration of epoch 2/50] 
 {loss} cls : 0.462, total : 0.462 
 {acc} cls : 82.03
[31/62 iteration of epoch 2/50] 
 {loss} cls : 0.837, total : 0.837 
 {acc} cls : 76.56
[61/62 iteration of epoch 2/50] 
 {loss} cls : 0.465, total : 0.465 
 {acc} cls : 86.72
------------------------------
<Losses on train> cls : 0.533, total : 0.533
<Accuracies on train> cls : 84.88
Train epoch time: 195.772
------------------------------
<Accuracies on val> class : 85.78
------------------------------
<Accuracies on test> class : 45.76
------------------------------
<Accuracies on Art> test class : 37.29
------------------------------
<Accuracies on Clipart> test class : 33.95
------------------------------
<Accuracies on Real_World> test class : 62.31
------------------------------
Total epoch time: 436.981

New epoch - lr: 0.003
[1/62 iteration of epoch 3/50] 
 {loss} cls : 0.468, total : 0.468 
 {acc} cls : 85.94
[31/62 iteration of epoch 3/50] 
 {loss} cls : 0.207, total : 0.207 
 {acc} cls : 96.88
[61/62 iteration of epoch 3/50] 
 {loss} cls : 0.472, total : 0.472 
 {acc} cls : 89.06
------------------------------
<Losses on train> cls : 0.324, total : 0.324
<Accuracies on train> cls : 91.17
Train epoch time: 203.559
------------------------------
<Accuracies on val> class : 89.16
------------------------------
<Accuracies on test> class : 48.35
------------------------------
<Accuracies on Art> test class : 38.73
------------------------------
<Accuracies on Clipart> test class : 38.10
------------------------------
<Accuracies on Real_World> test class : 63.99
------------------------------
Total epoch time: 445.304

New epoch - lr: 0.003
[1/62 iteration of epoch 4/50] 
 {loss} cls : 0.202, total : 0.202 
 {acc} cls : 93.75
[31/62 iteration of epoch 4/50] 
 {loss} cls : 0.188, total : 0.188 
 {acc} cls : 95.31
[61/62 iteration of epoch 4/50] 
 {loss} cls : 0.201, total : 0.201 
 {acc} cls : 90.62
------------------------------
<Losses on train> cls : 0.187, total : 0.187
<Accuracies on train> cls : 95.29
Train epoch time: 27.426
------------------------------
<Accuracies on val> class : 87.13
------------------------------
<Accuracies on test> class : 48.44
------------------------------
<Accuracies on Art> test class : 39.93
------------------------------
<Accuracies on Clipart> test class : 37.25
------------------------------
<Accuracies on Real_World> test class : 64.40
------------------------------
Total epoch time: 268.239

New epoch - lr: 0.003
[1/62 iteration of epoch 5/50] 
 {loss} cls : 0.077, total : 0.077 
 {acc} cls : 96.88
[31/62 iteration of epoch 5/50] 
 {loss} cls : 0.107, total : 0.107 
 {acc} cls : 98.44
[61/62 iteration of epoch 5/50] 
 {loss} cls : 0.134, total : 0.134 
 {acc} cls : 95.31
------------------------------
<Losses on train> cls : 0.122, total : 0.122
<Accuracies on train> cls : 97.05
Train epoch time: 27.641
------------------------------
<Accuracies on val> class : 88.94
------------------------------
<Accuracies on test> class : 48.70
------------------------------
<Accuracies on Art> test class : 39.43
------------------------------
<Accuracies on Clipart> test class : 38.12
------------------------------
<Accuracies on Real_World> test class : 64.47
------------------------------
Total epoch time: 273.268

New epoch - lr: 0.003
[1/62 iteration of epoch 6/50] 
 {loss} cls : 0.074, total : 0.074 
 {acc} cls : 98.44
[31/62 iteration of epoch 6/50] 
 {loss} cls : 0.119, total : 0.119 
 {acc} cls : 96.88
[61/62 iteration of epoch 6/50] 
 {loss} cls : 0.050, total : 0.050 
 {acc} cls : 100.00
------------------------------
<Losses on train> cls : 0.092, total : 0.092
<Accuracies on train> cls : 97.83
Train epoch time: 26.686
------------------------------
<Accuracies on val> class : 87.81
------------------------------
<Accuracies on test> class : 47.06
------------------------------
<Accuracies on Art> test class : 37.17
------------------------------
<Accuracies on Clipart> test class : 36.70
------------------------------
<Accuracies on Real_World> test class : 62.96
------------------------------
Total epoch time: 269.817

New epoch - lr: 0.003
[1/62 iteration of epoch 7/50] 
 {loss} cls : 0.062, total : 0.062 
 {acc} cls : 100.00
[31/62 iteration of epoch 7/50] 
 {loss} cls : 0.036, total : 0.036 
 {acc} cls : 100.00
[61/62 iteration of epoch 7/50] 
 {loss} cls : 0.063, total : 0.063 
 {acc} cls : 96.88
------------------------------
<Losses on train> cls : 0.080, total : 0.080
<Accuracies on train> cls : 98.26
Train epoch time: 25.458
------------------------------
<Accuracies on val> class : 90.52
------------------------------
<Accuracies on test> class : 49.93
------------------------------
<Accuracies on Art> test class : 42.89
------------------------------
<Accuracies on Clipart> test class : 38.21
------------------------------
<Accuracies on Real_World> test class : 65.60
------------------------------
Total epoch time: 272.793

New epoch - lr: 0.003
[1/62 iteration of epoch 8/50] 
 {loss} cls : 0.028, total : 0.028 
 {acc} cls : 100.00
[31/62 iteration of epoch 8/50] 
 {loss} cls : 0.038, total : 0.038 
 {acc} cls : 100.00
[61/62 iteration of epoch 8/50] 
 {loss} cls : 0.022, total : 0.022 
 {acc} cls : 100.00
------------------------------
<Losses on train> cls : 0.056, total : 0.056
<Accuracies on train> cls : 98.87
Train epoch time: 25.887
------------------------------
<Accuracies on val> class : 88.94
------------------------------
<Accuracies on test> class : 49.56
------------------------------
<Accuracies on Art> test class : 40.59
------------------------------
<Accuracies on Clipart> test class : 38.69
------------------------------
<Accuracies on Real_World> test class : 65.46
------------------------------
Total epoch time: 268.904

New epoch - lr: 0.003
[1/62 iteration of epoch 9/50] 
 {loss} cls : 0.067, total : 0.067 
 {acc} cls : 100.00
[31/62 iteration of epoch 9/50] 
 {loss} cls : 0.036, total : 0.036 
 {acc} cls : 100.00
[61/62 iteration of epoch 9/50] 
 {loss} cls : 0.019, total : 0.019 
 {acc} cls : 100.00
------------------------------
<Losses on train> cls : 0.044, total : 0.044
<Accuracies on train> cls : 99.19
Train epoch time: 24.752
------------------------------
<Accuracies on val> class : 88.26
------------------------------
<Accuracies on test> class : 48.58
------------------------------
<Accuracies on Art> test class : 39.47
------------------------------
<Accuracies on Clipart> test class : 36.86
------------------------------
<Accuracies on Real_World> test class : 65.39
------------------------------
Total epoch time: 266.305

New epoch - lr: 0.003
[1/62 iteration of epoch 10/50] 
 {loss} cls : 0.107, total : 0.107 
 {acc} cls : 96.88
[31/62 iteration of epoch 10/50] 
 {loss} cls : 0.032, total : 0.032 
 {acc} cls : 100.00
[61/62 iteration of epoch 10/50] 
 {loss} cls : 0.099, total : 0.099 
 {acc} cls : 96.88
------------------------------
<Losses on train> cls : 0.054, total : 0.054
<Accuracies on train> cls : 99.02
Train epoch time: 25.431
------------------------------
<Accuracies on val> class : 89.84
------------------------------
<Accuracies on test> class : 49.61
------------------------------
<Accuracies on Art> test class : 41.82
------------------------------
<Accuracies on Clipart> test class : 37.82
------------------------------
<Accuracies on Real_World> test class : 65.76
------------------------------
Total epoch time: 268.330

New epoch - lr: 0.003
[1/62 iteration of epoch 11/50] 
 {loss} cls : 0.050, total : 0.050 
 {acc} cls : 96.88
[31/62 iteration of epoch 11/50] 
 {loss} cls : 0.020, total : 0.020 
 {acc} cls : 100.00
[61/62 iteration of epoch 11/50] 
 {loss} cls : 0.117, total : 0.117 
 {acc} cls : 96.88
------------------------------
<Losses on train> cls : 0.049, total : 0.049
<Accuracies on train> cls : 98.89
Train epoch time: 25.633
------------------------------
<Accuracies on val> class : 88.49
------------------------------
<Accuracies on test> class : 49.72
------------------------------
<Accuracies on Art> test class : 41.33
------------------------------
<Accuracies on Clipart> test class : 38.21
------------------------------
<Accuracies on Real_World> test class : 65.92
------------------------------
Total epoch time: 265.806

New epoch - lr: 0.003
[1/62 iteration of epoch 12/50] 
 {loss} cls : 0.044, total : 0.044 
 {acc} cls : 98.44
[31/62 iteration of epoch 12/50] 
 {loss} cls : 0.062, total : 0.062 
 {acc} cls : 96.88
[61/62 iteration of epoch 12/50] 
 {loss} cls : 0.019, total : 0.019 
 {acc} cls : 100.00
------------------------------
<Losses on train> cls : 0.040, total : 0.040
<Accuracies on train> cls : 99.17
Train epoch time: 24.871
------------------------------
<Accuracies on val> class : 90.29
------------------------------
<Accuracies on test> class : 49.48
------------------------------
<Accuracies on Art> test class : 40.87
------------------------------
<Accuracies on Clipart> test class : 38.17
------------------------------
<Accuracies on Real_World> test class : 65.62
------------------------------
Total epoch time: 261.210

New epoch - lr: 0.003
[1/62 iteration of epoch 13/50] 
 {loss} cls : 0.015, total : 0.015 
 {acc} cls : 100.00
[31/62 iteration of epoch 13/50] 
 {loss} cls : 0.044, total : 0.044 
 {acc} cls : 98.44
[61/62 iteration of epoch 13/50] 
 {loss} cls : 0.023, total : 0.023 
 {acc} cls : 100.00
------------------------------
<Losses on train> cls : 0.038, total : 0.038
<Accuracies on train> cls : 99.19
Train epoch time: 25.210
------------------------------
<Accuracies on val> class : 90.29
------------------------------
<Accuracies on test> class : 50.04
------------------------------
<Accuracies on Art> test class : 41.16
------------------------------
<Accuracies on Clipart> test class : 39.68
------------------------------
<Accuracies on Real_World> test class : 65.37
------------------------------
Total epoch time: 257.404

New epoch - lr: 0.003
[1/62 iteration of epoch 14/50] 
 {loss} cls : 0.082, total : 0.082 
 {acc} cls : 98.44
[31/62 iteration of epoch 14/50] 
 {loss} cls : 0.027, total : 0.027 
 {acc} cls : 100.00
[61/62 iteration of epoch 14/50] 
 {loss} cls : 0.014, total : 0.014 
 {acc} cls : 100.00
------------------------------
<Losses on train> cls : 0.028, total : 0.028
<Accuracies on train> cls : 99.45
Train epoch time: 23.916
------------------------------
<Accuracies on val> class : 90.29
------------------------------
<Accuracies on test> class : 49.80
------------------------------
<Accuracies on Art> test class : 40.87
------------------------------
<Accuracies on Clipart> test class : 39.27
------------------------------
<Accuracies on Real_World> test class : 65.32
------------------------------
Total epoch time: 251.366

New epoch - lr: 0.003
[1/62 iteration of epoch 15/50] 
 {loss} cls : 0.096, total : 0.096 
 {acc} cls : 96.88
[31/62 iteration of epoch 15/50] 
 {loss} cls : 0.013, total : 0.013 
 {acc} cls : 100.00
[61/62 iteration of epoch 15/50] 
 {loss} cls : 0.014, total : 0.014 
 {acc} cls : 100.00
------------------------------
<Losses on train> cls : 0.033, total : 0.033
<Accuracies on train> cls : 99.19
Train epoch time: 23.974
------------------------------
<Accuracies on val> class : 90.52
------------------------------
<Accuracies on test> class : 49.40
------------------------------
<Accuracies on Art> test class : 40.63
------------------------------
<Accuracies on Clipart> test class : 37.94
------------------------------
<Accuracies on Real_World> test class : 65.78
------------------------------
Total epoch time: 251.724

New epoch - lr: 0.003
[1/62 iteration of epoch 16/50] 
 {loss} cls : 0.024, total : 0.024 
 {acc} cls : 98.44
[31/62 iteration of epoch 16/50] 
 {loss} cls : 0.020, total : 0.020 
 {acc} cls : 100.00
[61/62 iteration of epoch 16/50] 
 {loss} cls : 0.068, total : 0.068 
 {acc} cls : 98.44
------------------------------
<Losses on train> cls : 0.028, total : 0.028
<Accuracies on train> cls : 99.40
Train epoch time: 24.810
------------------------------
<Accuracies on val> class : 90.52
------------------------------
<Accuracies on test> class : 49.61
------------------------------
<Accuracies on Art> test class : 40.42
------------------------------
<Accuracies on Clipart> test class : 38.60
------------------------------
<Accuracies on Real_World> test class : 65.76
------------------------------
Total epoch time: 255.129

New epoch - lr: 0.003
[1/62 iteration of epoch 17/50] 
 {loss} cls : 0.011, total : 0.011 
 {acc} cls : 100.00
[31/62 iteration of epoch 17/50] 
 {loss} cls : 0.013, total : 0.013 
 {acc} cls : 100.00
[61/62 iteration of epoch 17/50] 
 {loss} cls : 0.071, total : 0.071 
 {acc} cls : 96.88
------------------------------
<Losses on train> cls : 0.031, total : 0.031
<Accuracies on train> cls : 99.37
Train epoch time: 24.066
------------------------------
<Accuracies on val> class : 90.29
------------------------------
<Accuracies on test> class : 50.19
------------------------------
<Accuracies on Art> test class : 40.50
------------------------------
<Accuracies on Clipart> test class : 39.56
------------------------------
<Accuracies on Real_World> test class : 66.24
------------------------------
Total epoch time: 252.181

New epoch - lr: 0.003
[1/62 iteration of epoch 18/50] 
 {loss} cls : 0.049, total : 0.049 
 {acc} cls : 98.44
[31/62 iteration of epoch 18/50] 
 {loss} cls : 0.006, total : 0.006 
 {acc} cls : 100.00
[61/62 iteration of epoch 18/50] 
 {loss} cls : 0.005, total : 0.005 
 {acc} cls : 100.00
------------------------------
<Losses on train> cls : 0.025, total : 0.025
<Accuracies on train> cls : 99.42
Train epoch time: 24.456
------------------------------
<Accuracies on val> class : 90.97
------------------------------
<Accuracies on test> class : 49.79
------------------------------
<Accuracies on Art> test class : 40.79
------------------------------
<Accuracies on Clipart> test class : 39.08
------------------------------
<Accuracies on Real_World> test class : 65.53
------------------------------
Total epoch time: 254.058

New epoch - lr: 0.003
[1/62 iteration of epoch 19/50] 
 {loss} cls : 0.011, total : 0.011 
 {acc} cls : 100.00
[31/62 iteration of epoch 19/50] 
 {loss} cls : 0.012, total : 0.012 
 {acc} cls : 100.00
[61/62 iteration of epoch 19/50] 
 {loss} cls : 0.012, total : 0.012 
 {acc} cls : 100.00
------------------------------
<Losses on train> cls : 0.028, total : 0.028
<Accuracies on train> cls : 99.27
Train epoch time: 24.662
------------------------------
<Accuracies on val> class : 90.52
------------------------------
<Accuracies on test> class : 49.46
------------------------------
<Accuracies on Art> test class : 40.01
------------------------------
<Accuracies on Clipart> test class : 38.58
------------------------------
<Accuracies on Real_World> test class : 65.62
------------------------------
Total epoch time: 252.889

New epoch - lr: 0.003
[1/62 iteration of epoch 20/50] 
 {loss} cls : 0.017, total : 0.017 
 {acc} cls : 100.00
[31/62 iteration of epoch 20/50] 
 {loss} cls : 0.012, total : 0.012 
 {acc} cls : 100.00
[61/62 iteration of epoch 20/50] 
 {loss} cls : 0.015, total : 0.015 
 {acc} cls : 100.00
------------------------------
<Losses on train> cls : 0.025, total : 0.025
<Accuracies on train> cls : 99.45
Train epoch time: 24.268
------------------------------
<Accuracies on val> class : 90.29
------------------------------
<Accuracies on test> class : 49.97
------------------------------
<Accuracies on Art> test class : 40.26
------------------------------
<Accuracies on Clipart> test class : 39.43
------------------------------
<Accuracies on Real_World> test class : 65.94
------------------------------
Total epoch time: 251.765

New epoch - lr: 0.003
[1/62 iteration of epoch 21/50] 
 {loss} cls : 0.027, total : 0.027 
 {acc} cls : 98.44
[31/62 iteration of epoch 21/50] 
 {loss} cls : 0.026, total : 0.026 
 {acc} cls : 100.00
[61/62 iteration of epoch 21/50] 
 {loss} cls : 0.009, total : 0.009 
 {acc} cls : 100.00
------------------------------
<Losses on train> cls : 0.023, total : 0.023
<Accuracies on train> cls : 99.50
Train epoch time: 24.054
------------------------------
<Accuracies on val> class : 90.74
------------------------------
<Accuracies on test> class : 50.26
------------------------------
<Accuracies on Art> test class : 40.71
------------------------------
<Accuracies on Clipart> test class : 39.86
------------------------------
<Accuracies on Real_World> test class : 66.01
------------------------------
Total epoch time: 251.134

New epoch - lr: 0.003
[1/62 iteration of epoch 22/50] 
 {loss} cls : 0.009, total : 0.009 
 {acc} cls : 100.00
[31/62 iteration of epoch 22/50] 
 {loss} cls : 0.007, total : 0.007 
 {acc} cls : 100.00
[61/62 iteration of epoch 22/50] 
 {loss} cls : 0.023, total : 0.023 
 {acc} cls : 98.44
------------------------------
<Losses on train> cls : 0.021, total : 0.021
<Accuracies on train> cls : 99.52
Train epoch time: 24.191
------------------------------
<Accuracies on val> class : 91.20
------------------------------
<Accuracies on test> class : 49.81
------------------------------
<Accuracies on Art> test class : 40.71
------------------------------
<Accuracies on Clipart> test class : 38.58
------------------------------
<Accuracies on Real_World> test class : 66.12
------------------------------
Total epoch time: 254.100

New epoch - lr: 0.003
[1/62 iteration of epoch 23/50] 
 {loss} cls : 0.053, total : 0.053 
 {acc} cls : 98.44
[31/62 iteration of epoch 23/50] 
 {loss} cls : 0.009, total : 0.009 
 {acc} cls : 100.00
[61/62 iteration of epoch 23/50] 
 {loss} cls : 0.076, total : 0.076 
 {acc} cls : 98.44
------------------------------
<Losses on train> cls : 0.021, total : 0.021
<Accuracies on train> cls : 99.57
Train epoch time: 24.030
------------------------------
<Accuracies on val> class : 92.10
------------------------------
<Accuracies on test> class : 49.51
------------------------------
<Accuracies on Art> test class : 40.13
------------------------------
<Accuracies on Clipart> test class : 38.81
------------------------------
<Accuracies on Real_World> test class : 65.46
------------------------------
Total epoch time: 252.336

New epoch - lr: 0.003
[1/62 iteration of epoch 24/50] 
 {loss} cls : 0.022, total : 0.022 
 {acc} cls : 100.00
[31/62 iteration of epoch 24/50] 
 {loss} cls : 0.043, total : 0.043 
 {acc} cls : 98.44
[61/62 iteration of epoch 24/50] 
 {loss} cls : 0.006, total : 0.006 
 {acc} cls : 100.00
------------------------------
<Losses on train> cls : 0.023, total : 0.023
<Accuracies on train> cls : 99.55
Train epoch time: 24.074
------------------------------
<Accuracies on val> class : 90.74
------------------------------
<Accuracies on test> class : 50.54
------------------------------
<Accuracies on Art> test class : 40.87
------------------------------
<Accuracies on Clipart> test class : 40.30
------------------------------
<Accuracies on Real_World> test class : 66.19
------------------------------
Total epoch time: 251.069

New epoch - lr: 0.003
[1/62 iteration of epoch 25/50] 
 {loss} cls : 0.052, total : 0.052 
 {acc} cls : 98.44
[31/62 iteration of epoch 25/50] 
 {loss} cls : 0.008, total : 0.008 
 {acc} cls : 100.00
[61/62 iteration of epoch 25/50] 
 {loss} cls : 0.041, total : 0.041 
 {acc} cls : 98.44
------------------------------
<Losses on train> cls : 0.020, total : 0.020
<Accuracies on train> cls : 99.50
Train epoch time: 23.760
------------------------------
<Accuracies on val> class : 90.74
------------------------------
<Accuracies on test> class : 50.36
------------------------------
<Accuracies on Art> test class : 41.04
------------------------------
<Accuracies on Clipart> test class : 39.56
------------------------------
<Accuracies on Real_World> test class : 66.38
------------------------------
Total epoch time: 250.804

New epoch - lr: 0.003
[1/62 iteration of epoch 26/50] 
 {loss} cls : 0.008, total : 0.008 
 {acc} cls : 100.00
[31/62 iteration of epoch 26/50] 
 {loss} cls : 0.005, total : 0.005 
 {acc} cls : 100.00
[61/62 iteration of epoch 26/50] 
 {loss} cls : 0.009, total : 0.009 
 {acc} cls : 100.00
------------------------------
<Losses on train> cls : 0.017, total : 0.017
<Accuracies on train> cls : 99.65
Train epoch time: 24.526
------------------------------
<Accuracies on val> class : 89.84
------------------------------
<Accuracies on test> class : 49.90
------------------------------
<Accuracies on Art> test class : 39.88
------------------------------
<Accuracies on Clipart> test class : 39.45
------------------------------
<Accuracies on Real_World> test class : 65.94
------------------------------
Total epoch time: 254.542

New epoch - lr: 0.003
[1/62 iteration of epoch 27/50] 
 {loss} cls : 0.073, total : 0.073 
 {acc} cls : 96.88
[31/62 iteration of epoch 27/50] 
 {loss} cls : 0.016, total : 0.016 
 {acc} cls : 100.00
[61/62 iteration of epoch 27/50] 
 {loss} cls : 0.007, total : 0.007 
 {acc} cls : 100.00
------------------------------
<Losses on train> cls : 0.023, total : 0.023
<Accuracies on train> cls : 99.34
Train epoch time: 24.304
------------------------------
<Accuracies on val> class : 91.42
------------------------------
<Accuracies on test> class : 50.37
------------------------------
<Accuracies on Art> test class : 40.75
------------------------------
<Accuracies on Clipart> test class : 40.16
------------------------------
<Accuracies on Real_World> test class : 65.96
------------------------------
Total epoch time: 251.841

New epoch - lr: 0.003
[1/62 iteration of epoch 28/50] 
 {loss} cls : 0.030, total : 0.030 
 {acc} cls : 98.44
[31/62 iteration of epoch 28/50] 
 {loss} cls : 0.119, total : 0.119 
 {acc} cls : 96.88
[61/62 iteration of epoch 28/50] 
 {loss} cls : 0.023, total : 0.023 
 {acc} cls : 100.00
------------------------------
<Losses on train> cls : 0.020, total : 0.020
<Accuracies on train> cls : 99.52
Train epoch time: 24.981
------------------------------
<Accuracies on val> class : 90.74
------------------------------
<Accuracies on test> class : 50.51
------------------------------
<Accuracies on Art> test class : 40.83
------------------------------
<Accuracies on Clipart> test class : 39.89
------------------------------
<Accuracies on Real_World> test class : 66.54
------------------------------
Total epoch time: 251.375

New epoch - lr: 0.003
[1/62 iteration of epoch 29/50] 
 {loss} cls : 0.012, total : 0.012 
 {acc} cls : 100.00
[31/62 iteration of epoch 29/50] 
 {loss} cls : 0.007, total : 0.007 
 {acc} cls : 100.00
[61/62 iteration of epoch 29/50] 
 {loss} cls : 0.017, total : 0.017 
 {acc} cls : 100.00
------------------------------
<Losses on train> cls : 0.021, total : 0.021
<Accuracies on train> cls : 99.45
Train epoch time: 24.418
------------------------------
<Accuracies on val> class : 90.97
------------------------------
<Accuracies on test> class : 49.68
------------------------------
<Accuracies on Art> test class : 40.54
------------------------------
<Accuracies on Clipart> test class : 39.06
------------------------------
<Accuracies on Real_World> test class : 65.41
------------------------------
Total epoch time: 252.681

New epoch - lr: 0.003
[1/62 iteration of epoch 30/50] 
 {loss} cls : 0.021, total : 0.021 
 {acc} cls : 100.00
[31/62 iteration of epoch 30/50] 
 {loss} cls : 0.009, total : 0.009 
 {acc} cls : 100.00
[61/62 iteration of epoch 30/50] 
 {loss} cls : 0.011, total : 0.011 
 {acc} cls : 100.00
------------------------------
<Losses on train> cls : 0.024, total : 0.024
<Accuracies on train> cls : 99.42
Train epoch time: 24.282
------------------------------
<Accuracies on val> class : 91.42
------------------------------
<Accuracies on test> class : 50.23
------------------------------
<Accuracies on Art> test class : 40.83
------------------------------
<Accuracies on Clipart> test class : 39.56
------------------------------
<Accuracies on Real_World> test class : 66.15
------------------------------
Total epoch time: 250.510

New epoch - lr: 0.003
[1/62 iteration of epoch 31/50] 
 {loss} cls : 0.017, total : 0.017 
 {acc} cls : 100.00
[31/62 iteration of epoch 31/50] 
 {loss} cls : 0.043, total : 0.043 
 {acc} cls : 98.44
[61/62 iteration of epoch 31/50] 
 {loss} cls : 0.053, total : 0.053 
 {acc} cls : 98.44
------------------------------
<Losses on train> cls : 0.021, total : 0.021
<Accuracies on train> cls : 99.52
Train epoch time: 24.418
------------------------------
<Accuracies on val> class : 90.29
------------------------------
<Accuracies on test> class : 50.11
------------------------------
<Accuracies on Art> test class : 40.67
------------------------------
<Accuracies on Clipart> test class : 39.36
------------------------------
<Accuracies on Real_World> test class : 66.15
------------------------------
Total epoch time: 252.639

New epoch - lr: 0.003
[1/62 iteration of epoch 32/50] 
 {loss} cls : 0.044, total : 0.044 
 {acc} cls : 98.44
[31/62 iteration of epoch 32/50] 
 {loss} cls : 0.008, total : 0.008 
 {acc} cls : 100.00
[61/62 iteration of epoch 32/50] 
 {loss} cls : 0.014, total : 0.014 
 {acc} cls : 100.00
------------------------------
<Losses on train> cls : 0.018, total : 0.018
<Accuracies on train> cls : 99.55
Train epoch time: 24.472
------------------------------
<Accuracies on val> class : 90.74
------------------------------
<Accuracies on test> class : 50.38
------------------------------
<Accuracies on Art> test class : 40.50
------------------------------
<Accuracies on Clipart> test class : 39.68
------------------------------
<Accuracies on Real_World> test class : 66.61
------------------------------
Total epoch time: 251.486

New epoch - lr: 0.003
[1/62 iteration of epoch 33/50] 
 {loss} cls : 0.024, total : 0.024 
 {acc} cls : 98.44
[31/62 iteration of epoch 33/50] 
 {loss} cls : 0.019, total : 0.019 
 {acc} cls : 98.44
[61/62 iteration of epoch 33/50] 
 {loss} cls : 0.006, total : 0.006 
 {acc} cls : 100.00
------------------------------
<Losses on train> cls : 0.016, total : 0.016
<Accuracies on train> cls : 99.60
Train epoch time: 23.708
------------------------------
<Accuracies on val> class : 91.42
------------------------------
<Accuracies on test> class : 50.24
------------------------------
<Accuracies on Art> test class : 41.16
------------------------------
<Accuracies on Clipart> test class : 39.54
------------------------------
<Accuracies on Real_World> test class : 66.01
------------------------------
Total epoch time: 251.088

New epoch - lr: 0.003
[1/62 iteration of epoch 34/50] 
 {loss} cls : 0.022, total : 0.022 
 {acc} cls : 100.00
[31/62 iteration of epoch 34/50] 
 {loss} cls : 0.007, total : 0.007 
 {acc} cls : 100.00
[61/62 iteration of epoch 34/50] 
 {loss} cls : 0.009, total : 0.009 
 {acc} cls : 100.00
------------------------------
<Losses on train> cls : 0.021, total : 0.021
<Accuracies on train> cls : 99.47
Train epoch time: 24.297
------------------------------
<Accuracies on val> class : 90.52
------------------------------
<Accuracies on test> class : 49.99
------------------------------
<Accuracies on Art> test class : 40.67
------------------------------
<Accuracies on Clipart> test class : 39.77
------------------------------
<Accuracies on Real_World> test class : 65.41
------------------------------
Total epoch time: 252.617

New epoch - lr: 0.003
[1/62 iteration of epoch 35/50] 
 {loss} cls : 0.006, total : 0.006 
 {acc} cls : 100.00
[31/62 iteration of epoch 35/50] 
 {loss} cls : 0.029, total : 0.029 
 {acc} cls : 98.44
[61/62 iteration of epoch 35/50] 
 {loss} cls : 0.012, total : 0.012 
 {acc} cls : 100.00
------------------------------
<Losses on train> cls : 0.020, total : 0.020
<Accuracies on train> cls : 99.42
Train epoch time: 23.830
------------------------------
<Accuracies on val> class : 90.52
------------------------------
<Accuracies on test> class : 49.77
------------------------------
<Accuracies on Art> test class : 40.67
------------------------------
<Accuracies on Clipart> test class : 38.81
------------------------------
<Accuracies on Real_World> test class : 65.83
------------------------------
Total epoch time: 250.408

New epoch - lr: 0.003
[1/62 iteration of epoch 36/50] 
 {loss} cls : 0.068, total : 0.068 
 {acc} cls : 98.44
[31/62 iteration of epoch 36/50] 
 {loss} cls : 0.006, total : 0.006 
 {acc} cls : 100.00
[61/62 iteration of epoch 36/50] 
 {loss} cls : 0.063, total : 0.063 
 {acc} cls : 98.44
------------------------------
<Losses on train> cls : 0.016, total : 0.016
<Accuracies on train> cls : 99.62
Train epoch time: 31.523
------------------------------
<Accuracies on val> class : 91.42
------------------------------
<Accuracies on test> class : 50.32
------------------------------
<Accuracies on Art> test class : 40.63
------------------------------
<Accuracies on Clipart> test class : 39.95
------------------------------
<Accuracies on Real_World> test class : 66.10
------------------------------
Total epoch time: 274.758

New epoch - lr: 0.003
[1/62 iteration of epoch 37/50] 
 {loss} cls : 0.013, total : 0.013 
 {acc} cls : 100.00
[31/62 iteration of epoch 37/50] 
 {loss} cls : 0.004, total : 0.004 
 {acc} cls : 100.00
[61/62 iteration of epoch 37/50] 
 {loss} cls : 0.019, total : 0.019 
 {acc} cls : 98.44
------------------------------
<Losses on train> cls : 0.018, total : 0.018
<Accuracies on train> cls : 99.47
Train epoch time: 32.466
------------------------------
<Accuracies on val> class : 90.29
------------------------------
<Accuracies on test> class : 50.00
------------------------------
<Accuracies on Art> test class : 40.26
------------------------------
<Accuracies on Clipart> test class : 39.01
------------------------------
<Accuracies on Real_World> test class : 66.44
------------------------------
Total epoch time: 275.155

New epoch - lr: 0.003
[1/62 iteration of epoch 38/50] 
 {loss} cls : 0.014, total : 0.014 
 {acc} cls : 100.00
[31/62 iteration of epoch 38/50] 
 {loss} cls : 0.005, total : 0.005 
 {acc} cls : 100.00
[61/62 iteration of epoch 38/50] 
 {loss} cls : 0.012, total : 0.012 
 {acc} cls : 100.00
------------------------------
<Losses on train> cls : 0.015, total : 0.015
<Accuracies on train> cls : 99.70
Train epoch time: 32.273
------------------------------
<Accuracies on val> class : 90.29
------------------------------
<Accuracies on test> class : 50.13
------------------------------
<Accuracies on Art> test class : 41.08
------------------------------
<Accuracies on Clipart> test class : 39.73
------------------------------
<Accuracies on Real_World> test class : 65.60
------------------------------
Total epoch time: 271.249

New epoch - lr: 0.003
[1/62 iteration of epoch 39/50] 
 {loss} cls : 0.037, total : 0.037 
 {acc} cls : 98.44
[31/62 iteration of epoch 39/50] 
 {loss} cls : 0.017, total : 0.017 
 {acc} cls : 100.00
[61/62 iteration of epoch 39/50] 
 {loss} cls : 0.005, total : 0.005 
 {acc} cls : 100.00
------------------------------
<Losses on train> cls : 0.015, total : 0.015
<Accuracies on train> cls : 99.57
Train epoch time: 31.685
------------------------------
<Accuracies on val> class : 90.74
------------------------------
<Accuracies on test> class : 50.31
------------------------------
<Accuracies on Art> test class : 40.54
------------------------------
<Accuracies on Clipart> test class : 40.02
------------------------------
<Accuracies on Real_World> test class : 66.05
------------------------------
Total epoch time: 276.190

New epoch - lr: 0.003
[1/62 iteration of epoch 40/50] 
 {loss} cls : 0.007, total : 0.007 
 {acc} cls : 100.00
[31/62 iteration of epoch 40/50] 
 {loss} cls : 0.010, total : 0.010 
 {acc} cls : 100.00
[61/62 iteration of epoch 40/50] 
 {loss} cls : 0.006, total : 0.006 
 {acc} cls : 100.00
------------------------------
<Losses on train> cls : 0.015, total : 0.015
<Accuracies on train> cls : 99.70
Train epoch time: 31.879
------------------------------
<Accuracies on val> class : 90.74
------------------------------
<Accuracies on test> class : 49.86
------------------------------
<Accuracies on Art> test class : 40.05
------------------------------
<Accuracies on Clipart> test class : 39.68
------------------------------
<Accuracies on Real_World> test class : 65.53
------------------------------
Total epoch time: 272.782

New epoch - lr: 0.003
[1/62 iteration of epoch 41/50] 
 {loss} cls : 0.014, total : 0.014 
 {acc} cls : 100.00
[31/62 iteration of epoch 41/50] 
 {loss} cls : 0.005, total : 0.005 
 {acc} cls : 100.00
[61/62 iteration of epoch 41/50] 
 {loss} cls : 0.006, total : 0.006 
 {acc} cls : 100.00
------------------------------
<Losses on train> cls : 0.015, total : 0.015
<Accuracies on train> cls : 99.55
Train epoch time: 30.740
------------------------------
<Accuracies on val> class : 91.87
------------------------------
<Accuracies on test> class : 49.70
------------------------------
<Accuracies on Art> test class : 39.84
------------------------------
<Accuracies on Clipart> test class : 39.47
------------------------------
<Accuracies on Real_World> test class : 65.43
------------------------------
Total epoch time: 273.084

New epoch - lr: 0.003
[1/62 iteration of epoch 42/50] 
 {loss} cls : 0.005, total : 0.005 
 {acc} cls : 100.00
[31/62 iteration of epoch 42/50] 
 {loss} cls : 0.017, total : 0.017 
 {acc} cls : 100.00
[61/62 iteration of epoch 42/50] 
 {loss} cls : 0.084, total : 0.084 
 {acc} cls : 96.88
------------------------------
<Losses on train> cls : 0.015, total : 0.015
<Accuracies on train> cls : 99.62
Train epoch time: 32.364
------------------------------
<Accuracies on val> class : 91.20
------------------------------
<Accuracies on test> class : 49.79
------------------------------
<Accuracies on Art> test class : 40.38
------------------------------
<Accuracies on Clipart> test class : 39.34
------------------------------
<Accuracies on Real_World> test class : 65.50
------------------------------
Total epoch time: 273.084

New epoch - lr: 0.003
[1/62 iteration of epoch 43/50] 
 {loss} cls : 0.007, total : 0.007 
 {acc} cls : 100.00
[31/62 iteration of epoch 43/50] 
 {loss} cls : 0.023, total : 0.023 
 {acc} cls : 98.44
[61/62 iteration of epoch 43/50] 
 {loss} cls : 0.072, total : 0.072 
 {acc} cls : 98.44
------------------------------
<Losses on train> cls : 0.014, total : 0.014
<Accuracies on train> cls : 99.70
Train epoch time: 31.086
------------------------------
<Accuracies on val> class : 90.97
------------------------------
<Accuracies on test> class : 50.23
------------------------------
<Accuracies on Art> test class : 40.30
------------------------------
<Accuracies on Clipart> test class : 40.16
------------------------------
<Accuracies on Real_World> test class : 65.85
------------------------------
Total epoch time: 273.580

New epoch - lr: 0.003
[1/62 iteration of epoch 44/50] 
 {loss} cls : 0.024, total : 0.024 
 {acc} cls : 98.44
[31/62 iteration of epoch 44/50] 
 {loss} cls : 0.005, total : 0.005 
 {acc} cls : 100.00
[61/62 iteration of epoch 44/50] 
 {loss} cls : 0.005, total : 0.005 
 {acc} cls : 100.00
------------------------------
<Losses on train> cls : 0.017, total : 0.017
<Accuracies on train> cls : 99.55
Train epoch time: 31.079
------------------------------
<Accuracies on val> class : 90.97
------------------------------
<Accuracies on test> class : 49.86
------------------------------
<Accuracies on Art> test class : 40.75
------------------------------
<Accuracies on Clipart> test class : 39.11
------------------------------
<Accuracies on Real_World> test class : 65.71
------------------------------
Total epoch time: 273.556

New epoch - lr: 0.0009000000000000002
[1/62 iteration of epoch 45/50] 
 {loss} cls : 0.007, total : 0.007 
 {acc} cls : 100.00
[31/62 iteration of epoch 45/50] 
 {loss} cls : 0.017, total : 0.017 
 {acc} cls : 98.44
[61/62 iteration of epoch 45/50] 
 {loss} cls : 0.007, total : 0.007 
 {acc} cls : 100.00
------------------------------
<Losses on train> cls : 0.014, total : 0.014
<Accuracies on train> cls : 99.50
Train epoch time: 29.779
------------------------------
<Accuracies on val> class : 91.20
------------------------------
<Accuracies on test> class : 50.00
------------------------------
<Accuracies on Art> test class : 40.13
------------------------------
<Accuracies on Clipart> test class : 39.52
------------------------------
<Accuracies on Real_World> test class : 66.01
------------------------------
Total epoch time: 270.527

New epoch - lr: 0.0009000000000000002
[1/62 iteration of epoch 46/50] 
 {loss} cls : 0.006, total : 0.006 
 {acc} cls : 100.00
[31/62 iteration of epoch 46/50] 
 {loss} cls : 0.004, total : 0.004 
 {acc} cls : 100.00
[61/62 iteration of epoch 46/50] 
 {loss} cls : 0.006, total : 0.006 
 {acc} cls : 100.00
------------------------------
<Losses on train> cls : 0.011, total : 0.011
<Accuracies on train> cls : 99.75
Train epoch time: 29.948
------------------------------
<Accuracies on val> class : 90.97
------------------------------
<Accuracies on test> class : 50.36
------------------------------
<Accuracies on Art> test class : 40.91
------------------------------
<Accuracies on Clipart> test class : 39.54
------------------------------
<Accuracies on Real_World> test class : 66.47
------------------------------
Total epoch time: 273.891

New epoch - lr: 0.0009000000000000002
[1/62 iteration of epoch 47/50] 
 {loss} cls : 0.026, total : 0.026 
 {acc} cls : 98.44
[31/62 iteration of epoch 47/50] 
 {loss} cls : 0.025, total : 0.025 
 {acc} cls : 98.44
[61/62 iteration of epoch 47/50] 
 {loss} cls : 0.017, total : 0.017 
 {acc} cls : 98.44
------------------------------
<Losses on train> cls : 0.012, total : 0.012
<Accuracies on train> cls : 99.62
Train epoch time: 33.275
------------------------------
<Accuracies on val> class : 91.42
------------------------------
<Accuracies on test> class : 50.41
------------------------------
<Accuracies on Art> test class : 41.00
------------------------------
<Accuracies on Clipart> test class : 39.93
------------------------------
<Accuracies on Real_World> test class : 66.15
------------------------------
Total epoch time: 272.355

New epoch - lr: 0.0009000000000000002
[1/62 iteration of epoch 48/50] 
 {loss} cls : 0.005, total : 0.005 
 {acc} cls : 100.00
[31/62 iteration of epoch 48/50] 
 {loss} cls : 0.028, total : 0.028 
 {acc} cls : 98.44
[61/62 iteration of epoch 48/50] 
 {loss} cls : 0.028, total : 0.028 
 {acc} cls : 98.44
------------------------------
<Losses on train> cls : 0.013, total : 0.013
<Accuracies on train> cls : 99.70
Train epoch time: 33.780
------------------------------
<Accuracies on val> class : 91.42
------------------------------
<Accuracies on test> class : 50.37
------------------------------
<Accuracies on Art> test class : 40.67
------------------------------
<Accuracies on Clipart> test class : 40.05
------------------------------
<Accuracies on Real_World> test class : 66.12
------------------------------
Total epoch time: 272.359

New epoch - lr: 0.0009000000000000002
[1/62 iteration of epoch 49/50] 
 {loss} cls : 0.089, total : 0.089 
 {acc} cls : 98.44
[31/62 iteration of epoch 49/50] 
 {loss} cls : 0.009, total : 0.009 
 {acc} cls : 100.00
[61/62 iteration of epoch 49/50] 
 {loss} cls : 0.005, total : 0.005 
 {acc} cls : 100.00
------------------------------
<Losses on train> cls : 0.014, total : 0.014
<Accuracies on train> cls : 99.60
Train epoch time: 31.046
------------------------------
<Accuracies on val> class : 92.10
------------------------------
<Accuracies on test> class : 50.26
------------------------------
<Accuracies on Art> test class : 40.71
------------------------------
<Accuracies on Clipart> test class : 40.00
------------------------------
<Accuracies on Real_World> test class : 65.85
------------------------------
Total epoch time: 265.453

New epoch - lr: 0.0009000000000000002
[1/62 iteration of epoch 50/50] 
 {loss} cls : 0.012, total : 0.012 
 {acc} cls : 100.00
[31/62 iteration of epoch 50/50] 
 {loss} cls : 0.029, total : 0.029 
 {acc} cls : 98.44
[61/62 iteration of epoch 50/50] 
 {loss} cls : 0.032, total : 0.032 
 {acc} cls : 98.44
------------------------------
<Losses on train> cls : 0.012, total : 0.012
<Accuracies on train> cls : 99.62
Train epoch time: 33.184
------------------------------
<Accuracies on val> class : 91.42
------------------------------
<Accuracies on test> class : 50.48
------------------------------
<Accuracies on Art> test class : 41.49
------------------------------
<Accuracies on Clipart> test class : 39.89
------------------------------
<Accuracies on Real_World> test class : 66.10
------------------------------
Total epoch time: 267.547

******************************
Best val 0.920993, corresponding test 0.502556 - best test: 0.505426

******************************
Best val 0.9209932088851929, corresponding Art test 0.40708693861961365

******************************
Best val 0.9209932088851929, corresponding Clipart test 0.4000000059604645

******************************
Best val 0.9209932088851929, corresponding Real_World test 0.6584805846214294
