
Loading experiment ImageNet9/ResNet18_step


New epoch - lr: 0.003
[1/31 iteration of epoch 1/30] 
 {loss} cls : 2.272, total : 7.980 
 {acc} cls : 8.59
[31/31 iteration of epoch 1/30] 
 {loss} cls : 1.189, total : 6.156 
 {acc} cls : 57.81
------------------------------
<Losses on train> cls : 1.183, total : 6.320
<Accuracies on train> cls : 58.49
Train epoch time: 11.189
------------------------------
<Accuracies on val> class : 91.60
------------------------------
<Accuracies on test> class : 75.71
------------------------------
<Accuracies on mixed_rand> test class : 70.43
------------------------------
<Accuracies on mixed_same> test class : 80.99
------------------------------
Total epoch time: 17.108

New epoch - lr: 0.003
[1/31 iteration of epoch 2/30] 
 {loss} cls : 0.581, total : 5.258 
 {acc} cls : 79.69
[31/31 iteration of epoch 2/30] 
 {loss} cls : 0.848, total : 5.345 
 {acc} cls : 71.09
------------------------------
<Losses on train> cls : 0.642, total : 5.082
<Accuracies on train> cls : 79.28
Train epoch time: 9.981
------------------------------
<Accuracies on val> class : 92.10
------------------------------
<Accuracies on test> class : 79.48
------------------------------
<Accuracies on mixed_rand> test class : 73.46
------------------------------
<Accuracies on mixed_same> test class : 85.49
------------------------------
Total epoch time: 15.825

New epoch - lr: 0.003
[1/31 iteration of epoch 3/30] 
 {loss} cls : 0.446, total : 4.748 
 {acc} cls : 85.16
[31/31 iteration of epoch 3/30] 
 {loss} cls : 0.601, total : 4.548 
 {acc} cls : 75.78
------------------------------
<Losses on train> cls : 0.474, total : 4.580
<Accuracies on train> cls : 84.55
Train epoch time: 9.929
------------------------------
<Accuracies on val> class : 91.11
------------------------------
<Accuracies on test> class : 77.10
------------------------------
<Accuracies on mixed_rand> test class : 71.91
------------------------------
<Accuracies on mixed_same> test class : 82.28
------------------------------
Total epoch time: 15.401

New epoch - lr: 0.003
[1/31 iteration of epoch 4/30] 
 {loss} cls : 0.582, total : 4.753 
 {acc} cls : 79.69
[31/31 iteration of epoch 4/30] 
 {loss} cls : 0.366, total : 4.296 
 {acc} cls : 87.50
------------------------------
<Losses on train> cls : 0.416, total : 4.330
<Accuracies on train> cls : 86.74
Train epoch time: 9.977
------------------------------
<Accuracies on val> class : 92.10
------------------------------
<Accuracies on test> class : 79.04
------------------------------
<Accuracies on mixed_rand> test class : 74.26
------------------------------
<Accuracies on mixed_same> test class : 83.83
------------------------------
Total epoch time: 15.769

New epoch - lr: 0.003
[1/31 iteration of epoch 5/30] 
 {loss} cls : 0.264, total : 3.841 
 {acc} cls : 92.97
[31/31 iteration of epoch 5/30] 
 {loss} cls : 0.148, total : 3.627 
 {acc} cls : 95.31
------------------------------
<Losses on train> cls : 0.371, total : 4.143
<Accuracies on train> cls : 88.28
Train epoch time: 9.942
------------------------------
<Accuracies on val> class : 92.10
------------------------------
<Accuracies on test> class : 76.20
------------------------------
<Accuracies on mixed_rand> test class : 71.05
------------------------------
<Accuracies on mixed_same> test class : 81.36
------------------------------
Total epoch time: 15.654

New epoch - lr: 0.003
[1/31 iteration of epoch 6/30] 
 {loss} cls : 0.523, total : 4.374 
 {acc} cls : 82.81
[31/31 iteration of epoch 6/30] 
 {loss} cls : 0.366, total : 4.004 
 {acc} cls : 89.84
------------------------------
<Losses on train> cls : 0.357, total : 4.029
<Accuracies on train> cls : 88.79
Train epoch time: 9.906
------------------------------
<Accuracies on val> class : 91.60
------------------------------
<Accuracies on test> class : 78.73
------------------------------
<Accuracies on mixed_rand> test class : 73.64
------------------------------
<Accuracies on mixed_same> test class : 83.83
------------------------------
Total epoch time: 15.037

New epoch - lr: 0.003
[1/31 iteration of epoch 7/30] 
 {loss} cls : 0.164, total : 3.516 
 {acc} cls : 95.31
[31/31 iteration of epoch 7/30] 
 {loss} cls : 0.139, total : 3.531 
 {acc} cls : 93.75
------------------------------
<Losses on train> cls : 0.278, total : 3.817
<Accuracies on train> cls : 91.33
Train epoch time: 9.889
------------------------------
<Accuracies on val> class : 91.11
------------------------------
<Accuracies on test> class : 77.28
------------------------------
<Accuracies on mixed_rand> test class : 71.60
------------------------------
<Accuracies on mixed_same> test class : 82.96
------------------------------
Total epoch time: 15.192

New epoch - lr: 0.003
[1/31 iteration of epoch 8/30] 
 {loss} cls : 0.288, total : 3.784 
 {acc} cls : 88.28
[31/31 iteration of epoch 8/30] 
 {loss} cls : 0.317, total : 4.018 
 {acc} cls : 92.19
------------------------------
<Losses on train> cls : 0.203, total : 3.609
<Accuracies on train> cls : 93.93
Train epoch time: 9.894
------------------------------
<Accuracies on val> class : 89.88
------------------------------
<Accuracies on test> class : 75.56
------------------------------
<Accuracies on mixed_rand> test class : 70.86
------------------------------
<Accuracies on mixed_same> test class : 80.25
------------------------------
Total epoch time: 15.160

New epoch - lr: 0.003
[1/31 iteration of epoch 9/30] 
 {loss} cls : 0.314, total : 3.779 
 {acc} cls : 89.84
[31/31 iteration of epoch 9/30] 
 {loss} cls : 0.678, total : 4.737 
 {acc} cls : 76.56
------------------------------
<Losses on train> cls : 0.301, total : 3.774
<Accuracies on train> cls : 90.37
Train epoch time: 9.916
------------------------------
<Accuracies on val> class : 90.86
------------------------------
<Accuracies on test> class : 79.75
------------------------------
<Accuracies on mixed_rand> test class : 74.38
------------------------------
<Accuracies on mixed_same> test class : 85.12
------------------------------
Total epoch time: 15.096

New epoch - lr: 0.003
[1/31 iteration of epoch 10/30] 
 {loss} cls : 0.383, total : 3.856 
 {acc} cls : 86.72
[31/31 iteration of epoch 10/30] 
 {loss} cls : 0.091, total : 3.199 
 {acc} cls : 97.66
------------------------------
<Losses on train> cls : 0.208, total : 3.509
<Accuracies on train> cls : 93.52
Train epoch time: 9.921
------------------------------
<Accuracies on val> class : 90.86
------------------------------
<Accuracies on test> class : 78.98
------------------------------
<Accuracies on mixed_rand> test class : 74.01
------------------------------
<Accuracies on mixed_same> test class : 83.95
------------------------------
Total epoch time: 15.012

New epoch - lr: 0.003
[1/31 iteration of epoch 11/30] 
 {loss} cls : 0.155, total : 3.311 
 {acc} cls : 94.53
[31/31 iteration of epoch 11/30] 
 {loss} cls : 0.056, total : 3.093 
 {acc} cls : 98.44
------------------------------
<Losses on train> cls : 0.199, total : 3.450
<Accuracies on train> cls : 93.95
Train epoch time: 9.866
------------------------------
<Accuracies on val> class : 91.60
------------------------------
<Accuracies on test> class : 78.89
------------------------------
<Accuracies on mixed_rand> test class : 73.83
------------------------------
<Accuracies on mixed_same> test class : 83.95
------------------------------
Total epoch time: 15.137

New epoch - lr: 0.003
[1/31 iteration of epoch 12/30] 
 {loss} cls : 0.071, total : 3.147 
 {acc} cls : 97.66
[31/31 iteration of epoch 12/30] 
 {loss} cls : 0.032, total : 3.016 
 {acc} cls : 99.22
------------------------------
<Losses on train> cls : 0.178, total : 3.370
<Accuracies on train> cls : 94.53
Train epoch time: 9.871
------------------------------
<Accuracies on val> class : 90.62
------------------------------
<Accuracies on test> class : 75.49
------------------------------
<Accuracies on mixed_rand> test class : 70.86
------------------------------
<Accuracies on mixed_same> test class : 80.12
------------------------------
Total epoch time: 15.069

New epoch - lr: 0.003
[1/31 iteration of epoch 13/30] 
 {loss} cls : 0.281, total : 3.547 
 {acc} cls : 89.84
[31/31 iteration of epoch 13/30] 
 {loss} cls : 0.272, total : 3.690 
 {acc} cls : 90.62
------------------------------
<Losses on train> cls : 0.128, total : 3.246
<Accuracies on train> cls : 96.02
Train epoch time: 9.869
------------------------------
<Accuracies on val> class : 89.88
------------------------------
<Accuracies on test> class : 77.44
------------------------------
<Accuracies on mixed_rand> test class : 73.02
------------------------------
<Accuracies on mixed_same> test class : 81.85
------------------------------
Total epoch time: 15.134

New epoch - lr: 0.003
[1/31 iteration of epoch 14/30] 
 {loss} cls : 0.120, total : 3.188 
 {acc} cls : 96.88
[31/31 iteration of epoch 14/30] 
 {loss} cls : 0.716, total : 4.605 
 {acc} cls : 80.47
------------------------------
<Losses on train> cls : 0.199, total : 3.397
<Accuracies on train> cls : 93.80
Train epoch time: 9.867
------------------------------
<Accuracies on val> class : 90.62
------------------------------
<Accuracies on test> class : 79.26
------------------------------
<Accuracies on mixed_rand> test class : 73.40
------------------------------
<Accuracies on mixed_same> test class : 85.12
------------------------------
Total epoch time: 15.081

New epoch - lr: 0.003
[1/31 iteration of epoch 15/30] 
 {loss} cls : 0.117, total : 3.138 
 {acc} cls : 97.66
[31/31 iteration of epoch 15/30] 
 {loss} cls : 0.152, total : 3.186 
 {acc} cls : 93.75
------------------------------
<Losses on train> cls : 0.179, total : 3.320
<Accuracies on train> cls : 94.58
Train epoch time: 9.913
------------------------------
<Accuracies on val> class : 91.60
------------------------------
<Accuracies on test> class : 79.78
------------------------------
<Accuracies on mixed_rand> test class : 74.07
------------------------------
<Accuracies on mixed_same> test class : 85.49
------------------------------
Total epoch time: 15.159

New epoch - lr: 0.003
[1/31 iteration of epoch 16/30] 
 {loss} cls : 0.141, total : 3.281 
 {acc} cls : 95.31
[31/31 iteration of epoch 16/30] 
 {loss} cls : 0.092, total : 3.080 
 {acc} cls : 96.88
------------------------------
<Losses on train> cls : 0.133, total : 3.208
<Accuracies on train> cls : 95.97
Train epoch time: 9.892
------------------------------
<Accuracies on val> class : 91.11
------------------------------
<Accuracies on test> class : 77.28
------------------------------
<Accuracies on mixed_rand> test class : 71.91
------------------------------
<Accuracies on mixed_same> test class : 82.65
------------------------------
Total epoch time: 15.289

New epoch - lr: 0.003
[1/31 iteration of epoch 17/30] 
 {loss} cls : 0.371, total : 3.750 
 {acc} cls : 88.28
[31/31 iteration of epoch 17/30] 
 {loss} cls : 0.280, total : 3.574 
 {acc} cls : 91.41
------------------------------
<Losses on train> cls : 0.155, total : 3.256
<Accuracies on train> cls : 95.31
Train epoch time: 9.923
------------------------------
<Accuracies on val> class : 90.86
------------------------------
<Accuracies on test> class : 80.19
------------------------------
<Accuracies on mixed_rand> test class : 75.74
------------------------------
<Accuracies on mixed_same> test class : 84.63
------------------------------
Total epoch time: 15.166

New epoch - lr: 0.003
[1/31 iteration of epoch 18/30] 
 {loss} cls : 0.114, total : 3.129 
 {acc} cls : 98.44
[31/31 iteration of epoch 18/30] 
 {loss} cls : 0.409, total : 3.938 
 {acc} cls : 89.06
------------------------------
<Losses on train> cls : 0.147, total : 3.230
<Accuracies on train> cls : 95.49
Train epoch time: 9.879
------------------------------
<Accuracies on val> class : 88.89
------------------------------
<Accuracies on test> class : 76.33
------------------------------
<Accuracies on mixed_rand> test class : 71.23
------------------------------
<Accuracies on mixed_same> test class : 81.42
------------------------------
Total epoch time: 15.158

New epoch - lr: 0.003
[1/31 iteration of epoch 19/30] 
 {loss} cls : 0.299, total : 3.585 
 {acc} cls : 91.41
[31/31 iteration of epoch 19/30] 
 {loss} cls : 0.100, total : 3.118 
 {acc} cls : 96.88
------------------------------
<Losses on train> cls : 0.127, total : 3.170
<Accuracies on train> cls : 96.30
Train epoch time: 9.853
------------------------------
<Accuracies on val> class : 89.38
------------------------------
<Accuracies on test> class : 79.85
------------------------------
<Accuracies on mixed_rand> test class : 74.57
------------------------------
<Accuracies on mixed_same> test class : 85.12
------------------------------
Total epoch time: 15.021

New epoch - lr: 0.003
[1/31 iteration of epoch 20/30] 
 {loss} cls : 0.044, total : 2.920 
 {acc} cls : 98.44
[31/31 iteration of epoch 20/30] 
 {loss} cls : 0.271, total : 3.576 
 {acc} cls : 93.75
------------------------------
<Losses on train> cls : 0.118, total : 3.134
<Accuracies on train> cls : 96.60
Train epoch time: 9.901
------------------------------
<Accuracies on val> class : 90.12
------------------------------
<Accuracies on test> class : 77.35
------------------------------
<Accuracies on mixed_rand> test class : 72.35
------------------------------
<Accuracies on mixed_same> test class : 82.35
------------------------------
Total epoch time: 15.082

New epoch - lr: 0.003
[1/31 iteration of epoch 21/30] 
 {loss} cls : 0.062, total : 2.986 
 {acc} cls : 98.44
[31/31 iteration of epoch 21/30] 
 {loss} cls : 0.111, total : 3.151 
 {acc} cls : 96.09
------------------------------
<Losses on train> cls : 0.107, total : 3.113
<Accuracies on train> cls : 96.80
Train epoch time: 9.857
------------------------------
<Accuracies on val> class : 89.88
------------------------------
<Accuracies on test> class : 78.52
------------------------------
<Accuracies on mixed_rand> test class : 73.02
------------------------------
<Accuracies on mixed_same> test class : 84.01
------------------------------
Total epoch time: 15.081

New epoch - lr: 0.003
[1/31 iteration of epoch 22/30] 
 {loss} cls : 0.449, total : 4.048 
 {acc} cls : 84.38
[31/31 iteration of epoch 22/30] 
 {loss} cls : 0.047, total : 2.968 
 {acc} cls : 99.22
------------------------------
<Losses on train> cls : 0.117, total : 3.128
<Accuracies on train> cls : 96.42
Train epoch time: 9.925
------------------------------
<Accuracies on val> class : 90.37
------------------------------
<Accuracies on test> class : 77.75
------------------------------
<Accuracies on mixed_rand> test class : 72.41
------------------------------
<Accuracies on mixed_same> test class : 83.09
------------------------------
Total epoch time: 15.047

New epoch - lr: 0.003
[1/31 iteration of epoch 23/30] 
 {loss} cls : 0.039, total : 2.864 
 {acc} cls : 98.44
[31/31 iteration of epoch 23/30] 
 {loss} cls : 0.047, total : 2.915 
 {acc} cls : 98.44
------------------------------
<Losses on train> cls : 0.113, total : 3.100
<Accuracies on train> cls : 96.65
Train epoch time: 9.895
------------------------------
<Accuracies on val> class : 89.88
------------------------------
<Accuracies on test> class : 78.12
------------------------------
<Accuracies on mixed_rand> test class : 72.47
------------------------------
<Accuracies on mixed_same> test class : 83.77
------------------------------
Total epoch time: 15.003

New epoch - lr: 0.003
[1/31 iteration of epoch 24/30] 
 {loss} cls : 0.444, total : 4.032 
 {acc} cls : 87.50
[31/31 iteration of epoch 24/30] 
 {loss} cls : 0.022, total : 2.848 
 {acc} cls : 99.22
------------------------------
<Losses on train> cls : 0.088, total : 3.044
<Accuracies on train> cls : 97.53
Train epoch time: 9.904
------------------------------
<Accuracies on val> class : 88.89
------------------------------
<Accuracies on test> class : 77.13
------------------------------
<Accuracies on mixed_rand> test class : 71.85
------------------------------
<Accuracies on mixed_same> test class : 82.41
------------------------------
Total epoch time: 16.487

New epoch - lr: 0.003
[1/31 iteration of epoch 25/30] 
 {loss} cls : 0.039, total : 2.920 
 {acc} cls : 97.66
[31/31 iteration of epoch 25/30] 
 {loss} cls : 0.152, total : 3.368 
 {acc} cls : 94.53
------------------------------
<Losses on train> cls : 0.100, total : 3.066
<Accuracies on train> cls : 96.82
Train epoch time: 9.901
------------------------------
<Accuracies on val> class : 91.11
------------------------------
<Accuracies on test> class : 80.96
------------------------------
<Accuracies on mixed_rand> test class : 75.68
------------------------------
<Accuracies on mixed_same> test class : 86.23
------------------------------
Total epoch time: 15.159

New epoch - lr: 0.003
[1/31 iteration of epoch 26/30] 
 {loss} cls : 0.037, total : 2.865 
 {acc} cls : 99.22
[31/31 iteration of epoch 26/30] 
 {loss} cls : 0.020, total : 2.855 
 {acc} cls : 100.00
------------------------------
<Losses on train> cls : 0.078, total : 3.007
<Accuracies on train> cls : 97.98
Train epoch time: 9.891
------------------------------
<Accuracies on val> class : 90.86
------------------------------
<Accuracies on test> class : 77.38
------------------------------
<Accuracies on mixed_rand> test class : 71.54
------------------------------
<Accuracies on mixed_same> test class : 83.21
------------------------------
Total epoch time: 15.021

New epoch - lr: 0.0009000000000000002
[1/31 iteration of epoch 27/30] 
 {loss} cls : 0.025, total : 2.904 
 {acc} cls : 99.22
[31/31 iteration of epoch 27/30] 
 {loss} cls : 0.007, total : 2.737 
 {acc} cls : 100.00
------------------------------
<Losses on train> cls : 0.053, total : 2.917
<Accuracies on train> cls : 98.51
Train epoch time: 9.897
------------------------------
<Accuracies on val> class : 90.86
------------------------------
<Accuracies on test> class : 78.83
------------------------------
<Accuracies on mixed_rand> test class : 73.15
------------------------------
<Accuracies on mixed_same> test class : 84.51
------------------------------
Total epoch time: 15.084

New epoch - lr: 0.0009000000000000002
[1/31 iteration of epoch 28/30] 
 {loss} cls : 0.053, total : 2.912 
 {acc} cls : 96.88
[31/31 iteration of epoch 28/30] 
 {loss} cls : 0.033, total : 2.841 
 {acc} cls : 98.44
------------------------------
<Losses on train> cls : 0.066, total : 2.963
<Accuracies on train> cls : 98.06
Train epoch time: 9.901
------------------------------
<Accuracies on val> class : 91.36
------------------------------
<Accuracies on test> class : 79.78
------------------------------
<Accuracies on mixed_rand> test class : 74.38
------------------------------
<Accuracies on mixed_same> test class : 85.19
------------------------------
Total epoch time: 15.039

New epoch - lr: 0.0009000000000000002
[1/31 iteration of epoch 29/30] 
 {loss} cls : 0.096, total : 3.055 
 {acc} cls : 97.66
[31/31 iteration of epoch 29/30] 
 {loss} cls : 0.045, total : 2.895 
 {acc} cls : 98.44
------------------------------
<Losses on train> cls : 0.046, total : 2.896
<Accuracies on train> cls : 98.69
Train epoch time: 9.884
------------------------------
<Accuracies on val> class : 90.12
------------------------------
<Accuracies on test> class : 79.72
------------------------------
<Accuracies on mixed_rand> test class : 74.07
------------------------------
<Accuracies on mixed_same> test class : 85.37
------------------------------
Total epoch time: 15.153

New epoch - lr: 0.0009000000000000002
[1/31 iteration of epoch 30/30] 
 {loss} cls : 0.074, total : 2.987 
 {acc} cls : 96.88
[31/31 iteration of epoch 30/30] 
 {loss} cls : 0.010, total : 2.722 
 {acc} cls : 100.00
------------------------------
<Losses on train> cls : 0.033, total : 2.839
<Accuracies on train> cls : 99.22
Train epoch time: 9.888
------------------------------
<Accuracies on val> class : 91.60
------------------------------
<Accuracies on test> class : 79.60
------------------------------
<Accuracies on mixed_rand> test class : 74.26
------------------------------
<Accuracies on mixed_same> test class : 84.94
------------------------------
Total epoch time: 15.138

******************************
Best val 0.920988, corresponding test 0.762037 - best test: 0.809568

******************************
Best val 0.9209876656532288, corresponding mixed_rand test 0.710493803024292

******************************
Best val 0.9209876656532288, corresponding mixed_same test 0.8135802745819092
