Include2 ERM
WARNING:tensorflow:From /homes/55/jianhaoy/projects/EKI/utils/tf_logger.py:16: The name tf.summary.FileWriter is deprecated. Please use tf.compat.v1.summary.FileWriter instead.

WARNING:tensorflow:From /homes/55/jianhaoy/projects/EKI/utils/tf_logger.py:20: The name tf.Summary is deprecated. Please use tf.compat.v1.Summary instead.


Loading experiment PACS/ResNet18_multi


New epoch - lr: 0.001
[1/209 iteration of epoch 1/50] 
 {loss} cls : 2.229, total : 2.229 
 {acc} cls : 9.38
[31/209 iteration of epoch 1/50] 
 {loss} cls : 0.573, total : 0.573 
 {acc} cls : 81.25
[61/209 iteration of epoch 1/50] 
 {loss} cls : 0.396, total : 0.396 
 {acc} cls : 81.25
[91/209 iteration of epoch 1/50] 
 {loss} cls : 0.384, total : 0.384 
 {acc} cls : 85.94
[121/209 iteration of epoch 1/50] 
 {loss} cls : 0.474, total : 0.474 
 {acc} cls : 78.12
[151/209 iteration of epoch 1/50] 
 {loss} cls : 0.322, total : 0.322 
 {acc} cls : 87.50
[181/209 iteration of epoch 1/50] 
 {loss} cls : 0.454, total : 0.454 
 {acc} cls : 85.94
------------------------------
<Losses on train> cls : 0.523, total : 0.523
<Accuracies on train> cls : 80.11
Train epoch time: 80.306
------------------------------
<Accuracies on val> class : 80.68
------------------------------
<Accuracies on test> class : 67.77
------------------------------
Total epoch time: 86.207

New epoch - lr: 0.001
[1/209 iteration of epoch 2/50] 
 {loss} cls : 0.424, total : 0.424 
 {acc} cls : 85.94
[31/209 iteration of epoch 2/50] 
 {loss} cls : 0.247, total : 0.247 
 {acc} cls : 92.19
[61/209 iteration of epoch 2/50] 
 {loss} cls : 0.341, total : 0.341 
 {acc} cls : 84.38
[91/209 iteration of epoch 2/50] 
 {loss} cls : 0.435, total : 0.435 
 {acc} cls : 81.25
[121/209 iteration of epoch 2/50] 
 {loss} cls : 0.362, total : 0.362 
 {acc} cls : 87.50
[151/209 iteration of epoch 2/50] 
 {loss} cls : 0.249, total : 0.249 
 {acc} cls : 90.62
[181/209 iteration of epoch 2/50] 
 {loss} cls : 0.482, total : 0.482 
 {acc} cls : 82.81
------------------------------
<Losses on train> cls : 0.358, total : 0.358
<Accuracies on train> cls : 86.12
Train epoch time: 76.533
------------------------------
<Accuracies on val> class : 79.87
------------------------------
<Accuracies on test> class : 68.16
------------------------------
Total epoch time: 81.953

New epoch - lr: 0.001
[1/209 iteration of epoch 3/50] 
 {loss} cls : 0.226, total : 0.226 
 {acc} cls : 89.06
[31/209 iteration of epoch 3/50] 
 {loss} cls : 0.335, total : 0.335 
 {acc} cls : 87.50
[61/209 iteration of epoch 3/50] 
 {loss} cls : 0.263, total : 0.263 
 {acc} cls : 89.06
[91/209 iteration of epoch 3/50] 
 {loss} cls : 0.330, total : 0.330 
 {acc} cls : 85.94
[121/209 iteration of epoch 3/50] 
 {loss} cls : 0.381, total : 0.381 
 {acc} cls : 84.38
[151/209 iteration of epoch 3/50] 
 {loss} cls : 0.518, total : 0.518 
 {acc} cls : 82.81
[181/209 iteration of epoch 3/50] 
 {loss} cls : 0.487, total : 0.487 
 {acc} cls : 79.69
------------------------------
<Losses on train> cls : 0.324, total : 0.324
<Accuracies on train> cls : 87.40
Train epoch time: 76.984
------------------------------
<Accuracies on val> class : 82.95
------------------------------
<Accuracies on test> class : 72.36
------------------------------
Total epoch time: 83.263

New epoch - lr: 0.001
[1/209 iteration of epoch 4/50] 
 {loss} cls : 0.381, total : 0.381 
 {acc} cls : 85.94
[31/209 iteration of epoch 4/50] 
 {loss} cls : 0.422, total : 0.422 
 {acc} cls : 84.38
[61/209 iteration of epoch 4/50] 
 {loss} cls : 0.281, total : 0.281 
 {acc} cls : 92.19
[91/209 iteration of epoch 4/50] 
 {loss} cls : 0.220, total : 0.220 
 {acc} cls : 89.06
[121/209 iteration of epoch 4/50] 
 {loss} cls : 0.161, total : 0.161 
 {acc} cls : 92.19
[151/209 iteration of epoch 4/50] 
 {loss} cls : 0.426, total : 0.426 
 {acc} cls : 79.69
[181/209 iteration of epoch 4/50] 
 {loss} cls : 0.332, total : 0.332 
 {acc} cls : 87.50
------------------------------
<Losses on train> cls : 0.307, total : 0.307
<Accuracies on train> cls : 87.63
Train epoch time: 77.714
------------------------------
<Accuracies on val> class : 84.09
------------------------------
<Accuracies on test> class : 73.39
------------------------------
Total epoch time: 83.902

New epoch - lr: 0.001
[1/209 iteration of epoch 5/50] 
 {loss} cls : 0.182, total : 0.182 
 {acc} cls : 90.62
[31/209 iteration of epoch 5/50] 
 {loss} cls : 0.188, total : 0.188 
 {acc} cls : 92.19
[61/209 iteration of epoch 5/50] 
 {loss} cls : 0.360, total : 0.360 
 {acc} cls : 85.94
[91/209 iteration of epoch 5/50] 
 {loss} cls : 0.262, total : 0.262 
 {acc} cls : 89.06
[121/209 iteration of epoch 5/50] 
 {loss} cls : 0.582, total : 0.582 
 {acc} cls : 78.12
[151/209 iteration of epoch 5/50] 
 {loss} cls : 0.351, total : 0.351 
 {acc} cls : 85.94
[181/209 iteration of epoch 5/50] 
 {loss} cls : 0.421, total : 0.421 
 {acc} cls : 84.38
------------------------------
<Losses on train> cls : 0.293, total : 0.293
<Accuracies on train> cls : 88.30
Train epoch time: 75.616
------------------------------
<Accuracies on val> class : 85.39
------------------------------
<Accuracies on test> class : 75.20
------------------------------
Total epoch time: 81.812

New epoch - lr: 0.001
[1/209 iteration of epoch 6/50] 
 {loss} cls : 0.261, total : 0.261 
 {acc} cls : 90.62
[31/209 iteration of epoch 6/50] 
 {loss} cls : 0.226, total : 0.226 
 {acc} cls : 90.62
[61/209 iteration of epoch 6/50] 
 {loss} cls : 0.242, total : 0.242 
 {acc} cls : 89.06
[91/209 iteration of epoch 6/50] 
 {loss} cls : 0.343, total : 0.343 
 {acc} cls : 84.38
[121/209 iteration of epoch 6/50] 
 {loss} cls : 0.385, total : 0.385 
 {acc} cls : 84.38
[151/209 iteration of epoch 6/50] 
 {loss} cls : 0.302, total : 0.302 
 {acc} cls : 84.38
[181/209 iteration of epoch 6/50] 
 {loss} cls : 0.182, total : 0.182 
 {acc} cls : 92.19
------------------------------
<Losses on train> cls : 0.284, total : 0.284
<Accuracies on train> cls : 88.63
Train epoch time: 74.799
------------------------------
<Accuracies on val> class : 82.31
------------------------------
<Accuracies on test> class : 72.12
------------------------------
Total epoch time: 80.714

New epoch - lr: 0.001
[1/209 iteration of epoch 7/50] 
 {loss} cls : 0.205, total : 0.205 
 {acc} cls : 90.62
[31/209 iteration of epoch 7/50] 
 {loss} cls : 0.269, total : 0.269 
 {acc} cls : 87.50
[61/209 iteration of epoch 7/50] 
 {loss} cls : 0.169, total : 0.169 
 {acc} cls : 93.75
[91/209 iteration of epoch 7/50] 
 {loss} cls : 0.318, total : 0.318 
 {acc} cls : 87.50
[121/209 iteration of epoch 7/50] 
 {loss} cls : 0.257, total : 0.257 
 {acc} cls : 87.50
[151/209 iteration of epoch 7/50] 
 {loss} cls : 0.265, total : 0.265 
 {acc} cls : 92.19
[181/209 iteration of epoch 7/50] 
 {loss} cls : 0.207, total : 0.207 
 {acc} cls : 89.06
------------------------------
<Losses on train> cls : 0.271, total : 0.271
<Accuracies on train> cls : 88.94
Train epoch time: 74.488
------------------------------
<Accuracies on val> class : 86.20
------------------------------
<Accuracies on test> class : 76.46
------------------------------
Total epoch time: 80.574

New epoch - lr: 0.001
[1/209 iteration of epoch 8/50] 
 {loss} cls : 0.385, total : 0.385 
 {acc} cls : 81.25
[31/209 iteration of epoch 8/50] 
 {loss} cls : 0.373, total : 0.373 
 {acc} cls : 84.38
[61/209 iteration of epoch 8/50] 
 {loss} cls : 0.242, total : 0.242 
 {acc} cls : 92.19
[91/209 iteration of epoch 8/50] 
 {loss} cls : 0.287, total : 0.287 
 {acc} cls : 89.06
[121/209 iteration of epoch 8/50] 
 {loss} cls : 0.193, total : 0.193 
 {acc} cls : 90.62
[151/209 iteration of epoch 8/50] 
 {loss} cls : 0.219, total : 0.219 
 {acc} cls : 90.62
[181/209 iteration of epoch 8/50] 
 {loss} cls : 0.154, total : 0.154 
 {acc} cls : 93.75
------------------------------
<Losses on train> cls : 0.267, total : 0.267
<Accuracies on train> cls : 89.14
Train epoch time: 75.367
------------------------------
<Accuracies on val> class : 85.06
------------------------------
<Accuracies on test> class : 74.95
------------------------------
Total epoch time: 81.010

New epoch - lr: 0.001
[1/209 iteration of epoch 9/50] 
 {loss} cls : 0.238, total : 0.238 
 {acc} cls : 89.06
[31/209 iteration of epoch 9/50] 
 {loss} cls : 0.131, total : 0.131 
 {acc} cls : 96.88
[61/209 iteration of epoch 9/50] 
 {loss} cls : 0.408, total : 0.408 
 {acc} cls : 81.25
[91/209 iteration of epoch 9/50] 
 {loss} cls : 0.245, total : 0.245 
 {acc} cls : 87.50
[121/209 iteration of epoch 9/50] 
 {loss} cls : 0.281, total : 0.281 
 {acc} cls : 85.94
[151/209 iteration of epoch 9/50] 
 {loss} cls : 0.244, total : 0.244 
 {acc} cls : 92.19
[181/209 iteration of epoch 9/50] 
 {loss} cls : 0.246, total : 0.246 
 {acc} cls : 89.06
------------------------------
<Losses on train> cls : 0.262, total : 0.262
<Accuracies on train> cls : 89.14
Train epoch time: 75.958
------------------------------
<Accuracies on val> class : 84.09
------------------------------
<Accuracies on test> class : 72.85
------------------------------
Total epoch time: 81.680

New epoch - lr: 0.001
[1/209 iteration of epoch 10/50] 
 {loss} cls : 0.319, total : 0.319 
 {acc} cls : 84.38
[31/209 iteration of epoch 10/50] 
 {loss} cls : 0.198, total : 0.198 
 {acc} cls : 92.19
[61/209 iteration of epoch 10/50] 
 {loss} cls : 0.255, total : 0.255 
 {acc} cls : 89.06
[91/209 iteration of epoch 10/50] 
 {loss} cls : 0.311, total : 0.311 
 {acc} cls : 87.50
[121/209 iteration of epoch 10/50] 
 {loss} cls : 0.283, total : 0.283 
 {acc} cls : 87.50
[151/209 iteration of epoch 10/50] 
 {loss} cls : 0.309, total : 0.309 
 {acc} cls : 87.50
[181/209 iteration of epoch 10/50] 
 {loss} cls : 0.217, total : 0.217 
 {acc} cls : 92.19
------------------------------
<Losses on train> cls : 0.259, total : 0.259
<Accuracies on train> cls : 89.66
Train epoch time: 74.547
------------------------------
<Accuracies on val> class : 84.58
------------------------------
<Accuracies on test> class : 73.78
------------------------------
Total epoch time: 80.026

New epoch - lr: 0.001
[1/209 iteration of epoch 11/50] 
 {loss} cls : 0.347, total : 0.347 
 {acc} cls : 85.94
[31/209 iteration of epoch 11/50] 
 {loss} cls : 0.038, total : 0.038 
 {acc} cls : 100.00
[61/209 iteration of epoch 11/50] 
 {loss} cls : 0.251, total : 0.251 
 {acc} cls : 87.50
[91/209 iteration of epoch 11/50] 
 {loss} cls : 0.431, total : 0.431 
 {acc} cls : 82.81
[121/209 iteration of epoch 11/50] 
 {loss} cls : 0.350, total : 0.350 
 {acc} cls : 87.50
[151/209 iteration of epoch 11/50] 
 {loss} cls : 0.235, total : 0.235 
 {acc} cls : 93.75
[181/209 iteration of epoch 11/50] 
 {loss} cls : 0.310, total : 0.310 
 {acc} cls : 85.94
------------------------------
<Losses on train> cls : 0.256, total : 0.256
<Accuracies on train> cls : 89.57
Train epoch time: 75.004
------------------------------
<Accuracies on val> class : 83.77
------------------------------
<Accuracies on test> class : 74.07
------------------------------
Total epoch time: 80.505

New epoch - lr: 0.001
[1/209 iteration of epoch 12/50] 
 {loss} cls : 0.241, total : 0.241 
 {acc} cls : 90.62
[31/209 iteration of epoch 12/50] 
 {loss} cls : 0.295, total : 0.295 
 {acc} cls : 87.50
[61/209 iteration of epoch 12/50] 
 {loss} cls : 0.310, total : 0.310 
 {acc} cls : 89.06
[91/209 iteration of epoch 12/50] 
 {loss} cls : 0.171, total : 0.171 
 {acc} cls : 90.62
[121/209 iteration of epoch 12/50] 
 {loss} cls : 0.341, total : 0.341 
 {acc} cls : 90.62
[151/209 iteration of epoch 12/50] 
 {loss} cls : 0.179, total : 0.179 
 {acc} cls : 93.75
[181/209 iteration of epoch 12/50] 
 {loss} cls : 0.319, total : 0.319 
 {acc} cls : 89.06
------------------------------
<Losses on train> cls : 0.253, total : 0.253
<Accuracies on train> cls : 89.77
Train epoch time: 73.554
------------------------------
<Accuracies on val> class : 83.77
------------------------------
<Accuracies on test> class : 74.56
------------------------------
Total epoch time: 79.093

New epoch - lr: 0.001
[1/209 iteration of epoch 13/50] 
 {loss} cls : 0.290, total : 0.290 
 {acc} cls : 89.06
[31/209 iteration of epoch 13/50] 
 {loss} cls : 0.060, total : 0.060 
 {acc} cls : 98.44
[61/209 iteration of epoch 13/50] 
 {loss} cls : 0.286, total : 0.286 
 {acc} cls : 87.50
[91/209 iteration of epoch 13/50] 
 {loss} cls : 0.246, total : 0.246 
 {acc} cls : 90.62
[121/209 iteration of epoch 13/50] 
 {loss} cls : 0.155, total : 0.155 
 {acc} cls : 95.31
[151/209 iteration of epoch 13/50] 
 {loss} cls : 0.191, total : 0.191 
 {acc} cls : 92.19
[181/209 iteration of epoch 13/50] 
 {loss} cls : 0.201, total : 0.201 
 {acc} cls : 93.75
------------------------------
<Losses on train> cls : 0.249, total : 0.249
<Accuracies on train> cls : 89.88
Train epoch time: 76.143
------------------------------
<Accuracies on val> class : 84.42
------------------------------
<Accuracies on test> class : 76.61
------------------------------
Total epoch time: 81.890

New epoch - lr: 0.001
[1/209 iteration of epoch 14/50] 
 {loss} cls : 0.172, total : 0.172 
 {acc} cls : 93.75
[31/209 iteration of epoch 14/50] 
 {loss} cls : 0.338, total : 0.338 
 {acc} cls : 87.50
[61/209 iteration of epoch 14/50] 
 {loss} cls : 0.176, total : 0.176 
 {acc} cls : 90.62
[91/209 iteration of epoch 14/50] 
 {loss} cls : 0.156, total : 0.156 
 {acc} cls : 93.75
[121/209 iteration of epoch 14/50] 
 {loss} cls : 0.177, total : 0.177 
 {acc} cls : 92.19
[151/209 iteration of epoch 14/50] 
 {loss} cls : 0.184, total : 0.184 
 {acc} cls : 90.62
[181/209 iteration of epoch 14/50] 
 {loss} cls : 0.206, total : 0.206 
 {acc} cls : 90.62
------------------------------
<Losses on train> cls : 0.247, total : 0.247
<Accuracies on train> cls : 89.87
Train epoch time: 78.240
------------------------------
<Accuracies on val> class : 85.55
------------------------------
<Accuracies on test> class : 73.78
------------------------------
Total epoch time: 83.988

New epoch - lr: 0.001
[1/209 iteration of epoch 15/50] 
 {loss} cls : 0.159, total : 0.159 
 {acc} cls : 92.19
[31/209 iteration of epoch 15/50] 
 {loss} cls : 0.266, total : 0.266 
 {acc} cls : 87.50
[61/209 iteration of epoch 15/50] 
 {loss} cls : 0.172, total : 0.172 
 {acc} cls : 92.19
[91/209 iteration of epoch 15/50] 
 {loss} cls : 0.455, total : 0.455 
 {acc} cls : 78.12
[121/209 iteration of epoch 15/50] 
 {loss} cls : 0.240, total : 0.240 
 {acc} cls : 93.75
[151/209 iteration of epoch 15/50] 
 {loss} cls : 0.210, total : 0.210 
 {acc} cls : 90.62
[181/209 iteration of epoch 15/50] 
 {loss} cls : 0.308, total : 0.308 
 {acc} cls : 89.06
------------------------------
<Losses on train> cls : 0.246, total : 0.246
<Accuracies on train> cls : 90.04
Train epoch time: 74.685
------------------------------
<Accuracies on val> class : 85.23
------------------------------
<Accuracies on test> class : 75.98
------------------------------
Total epoch time: 80.350

New epoch - lr: 0.001
[1/209 iteration of epoch 16/50] 
 {loss} cls : 0.291, total : 0.291 
 {acc} cls : 89.06
[31/209 iteration of epoch 16/50] 
 {loss} cls : 0.156, total : 0.156 
 {acc} cls : 95.31
[61/209 iteration of epoch 16/50] 
 {loss} cls : 0.282, total : 0.282 
 {acc} cls : 87.50
[91/209 iteration of epoch 16/50] 
 {loss} cls : 0.289, total : 0.289 
 {acc} cls : 87.50
[121/209 iteration of epoch 16/50] 
 {loss} cls : 0.289, total : 0.289 
 {acc} cls : 87.50
[151/209 iteration of epoch 16/50] 
 {loss} cls : 0.294, total : 0.294 
 {acc} cls : 90.62
[181/209 iteration of epoch 16/50] 
 {loss} cls : 0.227, total : 0.227 
 {acc} cls : 89.06
------------------------------
<Losses on train> cls : 0.245, total : 0.245
<Accuracies on train> cls : 89.96
Train epoch time: 74.327
------------------------------
<Accuracies on val> class : 85.39
------------------------------
<Accuracies on test> class : 75.24
------------------------------
Total epoch time: 79.951

New epoch - lr: 0.001
[1/209 iteration of epoch 17/50] 
 {loss} cls : 0.246, total : 0.246 
 {acc} cls : 87.50
[31/209 iteration of epoch 17/50] 
 {loss} cls : 0.179, total : 0.179 
 {acc} cls : 93.75
[61/209 iteration of epoch 17/50] 
 {loss} cls : 0.195, total : 0.195 
 {acc} cls : 92.19
[91/209 iteration of epoch 17/50] 
 {loss} cls : 0.206, total : 0.206 
 {acc} cls : 93.75
[121/209 iteration of epoch 17/50] 
 {loss} cls : 0.178, total : 0.178 
 {acc} cls : 92.19
[151/209 iteration of epoch 17/50] 
 {loss} cls : 0.232, total : 0.232 
 {acc} cls : 87.50
[181/209 iteration of epoch 17/50] 
 {loss} cls : 0.179, total : 0.179 
 {acc} cls : 96.88
------------------------------
<Losses on train> cls : 0.246, total : 0.246
<Accuracies on train> cls : 89.77
Train epoch time: 74.060
------------------------------
<Accuracies on val> class : 86.20
------------------------------
<Accuracies on test> class : 75.54
------------------------------
Total epoch time: 80.235

New epoch - lr: 0.001
[1/209 iteration of epoch 18/50] 
 {loss} cls : 0.245, total : 0.245 
 {acc} cls : 89.06
[31/209 iteration of epoch 18/50] 
 {loss} cls : 0.362, total : 0.362 
 {acc} cls : 87.50
[61/209 iteration of epoch 18/50] 
 {loss} cls : 0.260, total : 0.260 
 {acc} cls : 93.75
[91/209 iteration of epoch 18/50] 
 {loss} cls : 0.228, total : 0.228 
 {acc} cls : 89.06
[121/209 iteration of epoch 18/50] 
 {loss} cls : 0.258, total : 0.258 
 {acc} cls : 90.62
[151/209 iteration of epoch 18/50] 
 {loss} cls : 0.214, total : 0.214 
 {acc} cls : 92.19
[181/209 iteration of epoch 18/50] 
 {loss} cls : 0.119, total : 0.119 
 {acc} cls : 96.88
------------------------------
<Losses on train> cls : 0.241, total : 0.241
<Accuracies on train> cls : 90.35
Train epoch time: 74.844
------------------------------
<Accuracies on val> class : 84.74
------------------------------
<Accuracies on test> class : 74.85
------------------------------
Total epoch time: 80.398

New epoch - lr: 0.001
[1/209 iteration of epoch 19/50] 
 {loss} cls : 0.345, total : 0.345 
 {acc} cls : 84.38
[31/209 iteration of epoch 19/50] 
 {loss} cls : 0.179, total : 0.179 
 {acc} cls : 90.62
[61/209 iteration of epoch 19/50] 
 {loss} cls : 0.248, total : 0.248 
 {acc} cls : 87.50
[91/209 iteration of epoch 19/50] 
 {loss} cls : 0.383, total : 0.383 
 {acc} cls : 85.94
[121/209 iteration of epoch 19/50] 
 {loss} cls : 0.282, total : 0.282 
 {acc} cls : 89.06
[151/209 iteration of epoch 19/50] 
 {loss} cls : 0.290, total : 0.290 
 {acc} cls : 89.06
[181/209 iteration of epoch 19/50] 
 {loss} cls : 0.048, total : 0.048 
 {acc} cls : 96.88
------------------------------
<Losses on train> cls : 0.241, total : 0.241
<Accuracies on train> cls : 90.12
Train epoch time: 75.616
------------------------------
<Accuracies on val> class : 84.09
------------------------------
<Accuracies on test> class : 75.20
------------------------------
Total epoch time: 81.505

New epoch - lr: 0.001
[1/209 iteration of epoch 20/50] 
 {loss} cls : 0.116, total : 0.116 
 {acc} cls : 95.31
[31/209 iteration of epoch 20/50] 
 {loss} cls : 0.210, total : 0.210 
 {acc} cls : 90.62
[61/209 iteration of epoch 20/50] 
 {loss} cls : 0.120, total : 0.120 
 {acc} cls : 93.75
[91/209 iteration of epoch 20/50] 
 {loss} cls : 0.327, total : 0.327 
 {acc} cls : 85.94
[121/209 iteration of epoch 20/50] 
 {loss} cls : 0.426, total : 0.426 
 {acc} cls : 79.69
[151/209 iteration of epoch 20/50] 
 {loss} cls : 0.296, total : 0.296 
 {acc} cls : 89.06
[181/209 iteration of epoch 20/50] 
 {loss} cls : 0.183, total : 0.183 
 {acc} cls : 90.62
------------------------------
<Losses on train> cls : 0.235, total : 0.235
<Accuracies on train> cls : 90.35
Train epoch time: 75.745
------------------------------
<Accuracies on val> class : 84.74
------------------------------
<Accuracies on test> class : 75.39
------------------------------
Total epoch time: 81.403

New epoch - lr: 0.001
[1/209 iteration of epoch 21/50] 
 {loss} cls : 0.234, total : 0.234 
 {acc} cls : 90.62
[31/209 iteration of epoch 21/50] 
 {loss} cls : 0.259, total : 0.259 
 {acc} cls : 92.19
[61/209 iteration of epoch 21/50] 
 {loss} cls : 0.166, total : 0.166 
 {acc} cls : 95.31
[91/209 iteration of epoch 21/50] 
 {loss} cls : 0.139, total : 0.139 
 {acc} cls : 95.31
[121/209 iteration of epoch 21/50] 
 {loss} cls : 0.341, total : 0.341 
 {acc} cls : 87.50
[151/209 iteration of epoch 21/50] 
 {loss} cls : 0.239, total : 0.239 
 {acc} cls : 92.19
[181/209 iteration of epoch 21/50] 
 {loss} cls : 0.205, total : 0.205 
 {acc} cls : 93.75
------------------------------
<Losses on train> cls : 0.237, total : 0.237
<Accuracies on train> cls : 90.22
Train epoch time: 75.006
------------------------------
<Accuracies on val> class : 85.55
------------------------------
<Accuracies on test> class : 77.20
------------------------------
Total epoch time: 80.705

New epoch - lr: 0.001
[1/209 iteration of epoch 22/50] 
 {loss} cls : 0.348, total : 0.348 
 {acc} cls : 84.38
[31/209 iteration of epoch 22/50] 
 {loss} cls : 0.122, total : 0.122 
 {acc} cls : 93.75
[61/209 iteration of epoch 22/50] 
 {loss} cls : 0.173, total : 0.173 
 {acc} cls : 92.19
[91/209 iteration of epoch 22/50] 
 {loss} cls : 0.231, total : 0.231 
 {acc} cls : 92.19
[121/209 iteration of epoch 22/50] 
 {loss} cls : 0.235, total : 0.235 
 {acc} cls : 90.62
[151/209 iteration of epoch 22/50] 
 {loss} cls : 0.219, total : 0.219 
 {acc} cls : 89.06
[181/209 iteration of epoch 22/50] 
 {loss} cls : 0.266, total : 0.266 
 {acc} cls : 87.50
------------------------------
<Losses on train> cls : 0.238, total : 0.238
<Accuracies on train> cls : 90.25
Train epoch time: 76.707
------------------------------
<Accuracies on val> class : 83.60
------------------------------
<Accuracies on test> class : 72.75
------------------------------
Total epoch time: 82.536

New epoch - lr: 0.001
[1/209 iteration of epoch 23/50] 
 {loss} cls : 0.173, total : 0.173 
 {acc} cls : 92.19
[31/209 iteration of epoch 23/50] 
 {loss} cls : 0.185, total : 0.185 
 {acc} cls : 93.75
[61/209 iteration of epoch 23/50] 
 {loss} cls : 0.140, total : 0.140 
 {acc} cls : 93.75
[91/209 iteration of epoch 23/50] 
 {loss} cls : 0.206, total : 0.206 
 {acc} cls : 89.06
[121/209 iteration of epoch 23/50] 
 {loss} cls : 0.155, total : 0.155 
 {acc} cls : 92.19
[151/209 iteration of epoch 23/50] 
 {loss} cls : 0.238, total : 0.238 
 {acc} cls : 90.62
[181/209 iteration of epoch 23/50] 
 {loss} cls : 0.264, total : 0.264 
 {acc} cls : 87.50
------------------------------
<Losses on train> cls : 0.238, total : 0.238
<Accuracies on train> cls : 90.07
Train epoch time: 75.420
------------------------------
<Accuracies on val> class : 84.74
------------------------------
<Accuracies on test> class : 75.00
------------------------------
Total epoch time: 81.012

New epoch - lr: 0.001
[1/209 iteration of epoch 24/50] 
 {loss} cls : 0.087, total : 0.087 
 {acc} cls : 100.00
[31/209 iteration of epoch 24/50] 
 {loss} cls : 0.211, total : 0.211 
 {acc} cls : 90.62
[61/209 iteration of epoch 24/50] 
 {loss} cls : 0.173, total : 0.173 
 {acc} cls : 92.19
[91/209 iteration of epoch 24/50] 
 {loss} cls : 0.228, total : 0.228 
 {acc} cls : 89.06
[121/209 iteration of epoch 24/50] 
 {loss} cls : 0.334, total : 0.334 
 {acc} cls : 85.94
[151/209 iteration of epoch 24/50] 
 {loss} cls : 0.262, total : 0.262 
 {acc} cls : 89.06
[181/209 iteration of epoch 24/50] 
 {loss} cls : 0.369, total : 0.369 
 {acc} cls : 84.38
------------------------------
<Losses on train> cls : 0.232, total : 0.232
<Accuracies on train> cls : 90.31
Train epoch time: 74.898
------------------------------
<Accuracies on val> class : 84.25
------------------------------
<Accuracies on test> class : 72.12
------------------------------
Total epoch time: 80.544

New epoch - lr: 0.001
[1/209 iteration of epoch 25/50] 
 {loss} cls : 0.217, total : 0.217 
 {acc} cls : 90.62
[31/209 iteration of epoch 25/50] 
 {loss} cls : 0.379, total : 0.379 
 {acc} cls : 85.94
[61/209 iteration of epoch 25/50] 
 {loss} cls : 0.204, total : 0.204 
 {acc} cls : 92.19
[91/209 iteration of epoch 25/50] 
 {loss} cls : 0.350, total : 0.350 
 {acc} cls : 87.50
[121/209 iteration of epoch 25/50] 
 {loss} cls : 0.258, total : 0.258 
 {acc} cls : 90.62
[151/209 iteration of epoch 25/50] 
 {loss} cls : 0.193, total : 0.193 
 {acc} cls : 95.31
[181/209 iteration of epoch 25/50] 
 {loss} cls : 0.210, total : 0.210 
 {acc} cls : 89.06
------------------------------
<Losses on train> cls : 0.231, total : 0.231
<Accuracies on train> cls : 90.49
Train epoch time: 73.836
------------------------------
<Accuracies on val> class : 84.09
------------------------------
<Accuracies on test> class : 73.58
------------------------------
Total epoch time: 79.544

New epoch - lr: 0.001
[1/209 iteration of epoch 26/50] 
 {loss} cls : 0.359, total : 0.359 
 {acc} cls : 87.50
[31/209 iteration of epoch 26/50] 
 {loss} cls : 0.226, total : 0.226 
 {acc} cls : 89.06
[61/209 iteration of epoch 26/50] 
 {loss} cls : 0.298, total : 0.298 
 {acc} cls : 90.62
[91/209 iteration of epoch 26/50] 
 {loss} cls : 0.243, total : 0.243 
 {acc} cls : 90.62
[121/209 iteration of epoch 26/50] 
 {loss} cls : 0.299, total : 0.299 
 {acc} cls : 90.62
[151/209 iteration of epoch 26/50] 
 {loss} cls : 0.264, total : 0.264 
 {acc} cls : 89.06
[181/209 iteration of epoch 26/50] 
 {loss} cls : 0.168, total : 0.168 
 {acc} cls : 90.62
------------------------------
<Losses on train> cls : 0.234, total : 0.234
<Accuracies on train> cls : 90.43
Train epoch time: 72.265
------------------------------
<Accuracies on val> class : 84.74
------------------------------
<Accuracies on test> class : 75.00
------------------------------
Total epoch time: 77.612

New epoch - lr: 0.001
[1/209 iteration of epoch 27/50] 
 {loss} cls : 0.197, total : 0.197 
 {acc} cls : 92.19
[31/209 iteration of epoch 27/50] 
 {loss} cls : 0.162, total : 0.162 
 {acc} cls : 92.19
[61/209 iteration of epoch 27/50] 
 {loss} cls : 0.535, total : 0.535 
 {acc} cls : 78.12
[91/209 iteration of epoch 27/50] 
 {loss} cls : 0.302, total : 0.302 
 {acc} cls : 85.94
[121/209 iteration of epoch 27/50] 
 {loss} cls : 0.141, total : 0.141 
 {acc} cls : 95.31
[151/209 iteration of epoch 27/50] 
 {loss} cls : 0.185, total : 0.185 
 {acc} cls : 92.19
[181/209 iteration of epoch 27/50] 
 {loss} cls : 0.119, total : 0.119 
 {acc} cls : 95.31
------------------------------
<Losses on train> cls : 0.236, total : 0.236
<Accuracies on train> cls : 90.28
Train epoch time: 73.027
------------------------------
<Accuracies on val> class : 85.88
------------------------------
<Accuracies on test> class : 76.07
------------------------------
Total epoch time: 78.477

New epoch - lr: 0.001
[1/209 iteration of epoch 28/50] 
 {loss} cls : 0.242, total : 0.242 
 {acc} cls : 92.19
[31/209 iteration of epoch 28/50] 
 {loss} cls : 0.264, total : 0.264 
 {acc} cls : 89.06
[61/209 iteration of epoch 28/50] 
 {loss} cls : 0.172, total : 0.172 
 {acc} cls : 90.62
[91/209 iteration of epoch 28/50] 
 {loss} cls : 0.174, total : 0.174 
 {acc} cls : 90.62
[121/209 iteration of epoch 28/50] 
 {loss} cls : 0.120, total : 0.120 
 {acc} cls : 92.19
[151/209 iteration of epoch 28/50] 
 {loss} cls : 0.257, total : 0.257 
 {acc} cls : 90.62
[181/209 iteration of epoch 28/50] 
 {loss} cls : 0.307, total : 0.307 
 {acc} cls : 90.62
------------------------------
<Losses on train> cls : 0.228, total : 0.228
<Accuracies on train> cls : 90.57
Train epoch time: 72.402
------------------------------
<Accuracies on val> class : 86.36
------------------------------
<Accuracies on test> class : 78.91
------------------------------
Total epoch time: 78.568

New epoch - lr: 0.001
[1/209 iteration of epoch 29/50] 
 {loss} cls : 0.257, total : 0.257 
 {acc} cls : 89.06
[31/209 iteration of epoch 29/50] 
 {loss} cls : 0.317, total : 0.317 
 {acc} cls : 87.50
[61/209 iteration of epoch 29/50] 
 {loss} cls : 0.110, total : 0.110 
 {acc} cls : 96.88
[91/209 iteration of epoch 29/50] 
 {loss} cls : 0.276, total : 0.276 
 {acc} cls : 90.62
[121/209 iteration of epoch 29/50] 
 {loss} cls : 0.116, total : 0.116 
 {acc} cls : 93.75
[151/209 iteration of epoch 29/50] 
 {loss} cls : 0.210, total : 0.210 
 {acc} cls : 92.19
[181/209 iteration of epoch 29/50] 
 {loss} cls : 0.285, total : 0.285 
 {acc} cls : 87.50
------------------------------
<Losses on train> cls : 0.230, total : 0.230
<Accuracies on train> cls : 90.72
Train epoch time: 71.942
------------------------------
<Accuracies on val> class : 85.23
------------------------------
<Accuracies on test> class : 74.46
------------------------------
Total epoch time: 77.205

New epoch - lr: 0.001
[1/209 iteration of epoch 30/50] 
 {loss} cls : 0.283, total : 0.283 
 {acc} cls : 89.06
[31/209 iteration of epoch 30/50] 
 {loss} cls : 0.264, total : 0.264 
 {acc} cls : 90.62
[61/209 iteration of epoch 30/50] 
 {loss} cls : 0.229, total : 0.229 
 {acc} cls : 90.62
[91/209 iteration of epoch 30/50] 
 {loss} cls : 0.275, total : 0.275 
 {acc} cls : 87.50
[121/209 iteration of epoch 30/50] 
 {loss} cls : 0.421, total : 0.421 
 {acc} cls : 81.25
[151/209 iteration of epoch 30/50] 
 {loss} cls : 0.219, total : 0.219 
 {acc} cls : 90.62
[181/209 iteration of epoch 30/50] 
 {loss} cls : 0.163, total : 0.163 
 {acc} cls : 93.75
------------------------------
<Losses on train> cls : 0.230, total : 0.230
<Accuracies on train> cls : 90.27
Train epoch time: 73.085
------------------------------
<Accuracies on val> class : 85.88
------------------------------
<Accuracies on test> class : 77.00
------------------------------
Total epoch time: 78.294

New epoch - lr: 0.001
[1/209 iteration of epoch 31/50] 
 {loss} cls : 0.189, total : 0.189 
 {acc} cls : 92.19
[31/209 iteration of epoch 31/50] 
 {loss} cls : 0.282, total : 0.282 
 {acc} cls : 85.94
[61/209 iteration of epoch 31/50] 
 {loss} cls : 0.177, total : 0.177 
 {acc} cls : 93.75
[91/209 iteration of epoch 31/50] 
 {loss} cls : 0.259, total : 0.259 
 {acc} cls : 89.06
[121/209 iteration of epoch 31/50] 
 {loss} cls : 0.234, total : 0.234 
 {acc} cls : 89.06
[151/209 iteration of epoch 31/50] 
 {loss} cls : 0.155, total : 0.155 
 {acc} cls : 92.19
[181/209 iteration of epoch 31/50] 
 {loss} cls : 0.500, total : 0.500 
 {acc} cls : 79.69
------------------------------
<Losses on train> cls : 0.228, total : 0.228
<Accuracies on train> cls : 90.57
Train epoch time: 72.396
------------------------------
<Accuracies on val> class : 85.06
------------------------------
<Accuracies on test> class : 76.95
------------------------------
Total epoch time: 77.557

New epoch - lr: 0.001
[1/209 iteration of epoch 32/50] 
 {loss} cls : 0.277, total : 0.277 
 {acc} cls : 89.06
[31/209 iteration of epoch 32/50] 
 {loss} cls : 0.506, total : 0.506 
 {acc} cls : 81.25
[61/209 iteration of epoch 32/50] 
 {loss} cls : 0.181, total : 0.181 
 {acc} cls : 93.75
[91/209 iteration of epoch 32/50] 
 {loss} cls : 0.211, total : 0.211 
 {acc} cls : 93.75
[121/209 iteration of epoch 32/50] 
 {loss} cls : 0.302, total : 0.302 
 {acc} cls : 85.94
[151/209 iteration of epoch 32/50] 
 {loss} cls : 0.228, total : 0.228 
 {acc} cls : 90.62
[181/209 iteration of epoch 32/50] 
 {loss} cls : 0.173, total : 0.173 
 {acc} cls : 96.88
------------------------------
<Losses on train> cls : 0.225, total : 0.225
<Accuracies on train> cls : 90.77
Train epoch time: 72.165
------------------------------
<Accuracies on val> class : 85.39
------------------------------
<Accuracies on test> class : 75.54
------------------------------
Total epoch time: 77.405

New epoch - lr: 0.001
[1/209 iteration of epoch 33/50] 
 {loss} cls : 0.321, total : 0.321 
 {acc} cls : 89.06
[31/209 iteration of epoch 33/50] 
 {loss} cls : 0.222, total : 0.222 
 {acc} cls : 89.06
[61/209 iteration of epoch 33/50] 
 {loss} cls : 0.231, total : 0.231 
 {acc} cls : 89.06
[91/209 iteration of epoch 33/50] 
 {loss} cls : 0.180, total : 0.180 
 {acc} cls : 89.06
[121/209 iteration of epoch 33/50] 
 {loss} cls : 0.259, total : 0.259 
 {acc} cls : 90.62
[151/209 iteration of epoch 33/50] 
 {loss} cls : 0.196, total : 0.196 
 {acc} cls : 92.19
[181/209 iteration of epoch 33/50] 
 {loss} cls : 0.196, total : 0.196 
 {acc} cls : 90.62
------------------------------
<Losses on train> cls : 0.230, total : 0.230
<Accuracies on train> cls : 90.57
Train epoch time: 72.577
------------------------------
<Accuracies on val> class : 85.71
------------------------------
<Accuracies on test> class : 77.98
------------------------------
Total epoch time: 77.969

New epoch - lr: 0.001
[1/209 iteration of epoch 34/50] 
 {loss} cls : 0.210, total : 0.210 
 {acc} cls : 90.62
[31/209 iteration of epoch 34/50] 
 {loss} cls : 0.219, total : 0.219 
 {acc} cls : 89.06
[61/209 iteration of epoch 34/50] 
 {loss} cls : 0.201, total : 0.201 
 {acc} cls : 92.19
[91/209 iteration of epoch 34/50] 
 {loss} cls : 0.126, total : 0.126 
 {acc} cls : 92.19
[121/209 iteration of epoch 34/50] 
 {loss} cls : 0.250, total : 0.250 
 {acc} cls : 90.62
[151/209 iteration of epoch 34/50] 
 {loss} cls : 0.251, total : 0.251 
 {acc} cls : 92.19
[181/209 iteration of epoch 34/50] 
 {loss} cls : 0.252, total : 0.252 
 {acc} cls : 90.62
------------------------------
<Losses on train> cls : 0.229, total : 0.229
<Accuracies on train> cls : 90.67
Train epoch time: 75.099
------------------------------
<Accuracies on val> class : 85.39
------------------------------
<Accuracies on test> class : 76.56
------------------------------
Total epoch time: 80.355

New epoch - lr: 0.001
[1/209 iteration of epoch 35/50] 
 {loss} cls : 0.250, total : 0.250 
 {acc} cls : 90.62
[31/209 iteration of epoch 35/50] 
 {loss} cls : 0.404, total : 0.404 
 {acc} cls : 81.25
[61/209 iteration of epoch 35/50] 
 {loss} cls : 0.156, total : 0.156 
 {acc} cls : 93.75
[91/209 iteration of epoch 35/50] 
 {loss} cls : 0.204, total : 0.204 
 {acc} cls : 89.06
[121/209 iteration of epoch 35/50] 
 {loss} cls : 0.216, total : 0.216 
 {acc} cls : 93.75
[151/209 iteration of epoch 35/50] 
 {loss} cls : 0.162, total : 0.162 
 {acc} cls : 93.75
[181/209 iteration of epoch 35/50] 
 {loss} cls : 0.306, total : 0.306 
 {acc} cls : 85.94
------------------------------
<Losses on train> cls : 0.226, total : 0.226
<Accuracies on train> cls : 90.83
Train epoch time: 72.035
------------------------------
<Accuracies on val> class : 84.42
------------------------------
<Accuracies on test> class : 73.29
------------------------------
Total epoch time: 77.272

New epoch - lr: 0.001
[1/209 iteration of epoch 36/50] 
 {loss} cls : 0.073, total : 0.073 
 {acc} cls : 96.88
[31/209 iteration of epoch 36/50] 
 {loss} cls : 0.151, total : 0.151 
 {acc} cls : 92.19
[61/209 iteration of epoch 36/50] 
 {loss} cls : 0.136, total : 0.136 
 {acc} cls : 92.19
[91/209 iteration of epoch 36/50] 
 {loss} cls : 0.236, total : 0.236 
 {acc} cls : 93.75
[121/209 iteration of epoch 36/50] 
 {loss} cls : 0.121, total : 0.121 
 {acc} cls : 95.31
[151/209 iteration of epoch 36/50] 
 {loss} cls : 0.140, total : 0.140 
 {acc} cls : 93.75
[181/209 iteration of epoch 36/50] 
 {loss} cls : 0.313, total : 0.313 
 {acc} cls : 85.94
------------------------------
<Losses on train> cls : 0.227, total : 0.227
<Accuracies on train> cls : 90.85
Train epoch time: 71.807
------------------------------
<Accuracies on val> class : 84.25
------------------------------
<Accuracies on test> class : 73.29
------------------------------
Total epoch time: 77.327

New epoch - lr: 0.001
[1/209 iteration of epoch 37/50] 
 {loss} cls : 0.262, total : 0.262 
 {acc} cls : 89.06
[31/209 iteration of epoch 37/50] 
 {loss} cls : 0.243, total : 0.243 
 {acc} cls : 92.19
[61/209 iteration of epoch 37/50] 
 {loss} cls : 0.269, total : 0.269 
 {acc} cls : 87.50
[91/209 iteration of epoch 37/50] 
 {loss} cls : 0.191, total : 0.191 
 {acc} cls : 92.19
[121/209 iteration of epoch 37/50] 
 {loss} cls : 0.343, total : 0.343 
 {acc} cls : 89.06
[151/209 iteration of epoch 37/50] 
 {loss} cls : 0.132, total : 0.132 
 {acc} cls : 92.19
[181/209 iteration of epoch 37/50] 
 {loss} cls : 0.260, total : 0.260 
 {acc} cls : 90.62
------------------------------
<Losses on train> cls : 0.226, total : 0.226
<Accuracies on train> cls : 90.72
Train epoch time: 73.297
------------------------------
<Accuracies on val> class : 84.25
------------------------------
<Accuracies on test> class : 72.27
------------------------------
Total epoch time: 78.480

New epoch - lr: 0.001
[1/209 iteration of epoch 38/50] 
 {loss} cls : 0.062, total : 0.062 
 {acc} cls : 100.00
[31/209 iteration of epoch 38/50] 
 {loss} cls : 0.181, total : 0.181 
 {acc} cls : 90.62
[61/209 iteration of epoch 38/50] 
 {loss} cls : 0.199, total : 0.199 
 {acc} cls : 90.62
[91/209 iteration of epoch 38/50] 
 {loss} cls : 0.165, total : 0.165 
 {acc} cls : 90.62
[121/209 iteration of epoch 38/50] 
 {loss} cls : 0.238, total : 0.238 
 {acc} cls : 89.06
[151/209 iteration of epoch 38/50] 
 {loss} cls : 0.189, total : 0.189 
 {acc} cls : 93.75
[181/209 iteration of epoch 38/50] 
 {loss} cls : 0.328, total : 0.328 
 {acc} cls : 89.06
------------------------------
<Losses on train> cls : 0.225, total : 0.225
<Accuracies on train> cls : 90.82
Train epoch time: 73.434
------------------------------
<Accuracies on val> class : 84.42
------------------------------
<Accuracies on test> class : 74.27
------------------------------
Total epoch time: 78.779

New epoch - lr: 0.001
[1/209 iteration of epoch 39/50] 
 {loss} cls : 0.208, total : 0.208 
 {acc} cls : 93.75
[31/209 iteration of epoch 39/50] 
 {loss} cls : 0.166, total : 0.166 
 {acc} cls : 92.19
[61/209 iteration of epoch 39/50] 
 {loss} cls : 0.264, total : 0.264 
 {acc} cls : 87.50
[91/209 iteration of epoch 39/50] 
 {loss} cls : 0.120, total : 0.120 
 {acc} cls : 96.88
[121/209 iteration of epoch 39/50] 
 {loss} cls : 0.169, total : 0.169 
 {acc} cls : 93.75
[151/209 iteration of epoch 39/50] 
 {loss} cls : 0.269, total : 0.269 
 {acc} cls : 89.06
[181/209 iteration of epoch 39/50] 
 {loss} cls : 0.265, total : 0.265 
 {acc} cls : 90.62
------------------------------
<Losses on train> cls : 0.227, total : 0.227
<Accuracies on train> cls : 90.77
Train epoch time: 73.563
------------------------------
<Accuracies on val> class : 85.55
------------------------------
<Accuracies on test> class : 79.88
------------------------------
Total epoch time: 78.964

New epoch - lr: 0.0001
[1/209 iteration of epoch 40/50] 
 {loss} cls : 0.295, total : 0.295 
 {acc} cls : 89.06
[31/209 iteration of epoch 40/50] 
 {loss} cls : 0.257, total : 0.257 
 {acc} cls : 87.50
[61/209 iteration of epoch 40/50] 
 {loss} cls : 0.159, total : 0.159 
 {acc} cls : 93.75
[91/209 iteration of epoch 40/50] 
 {loss} cls : 0.302, total : 0.302 
 {acc} cls : 89.06
[121/209 iteration of epoch 40/50] 
 {loss} cls : 0.235, total : 0.235 
 {acc} cls : 90.62
[151/209 iteration of epoch 40/50] 
 {loss} cls : 0.381, total : 0.381 
 {acc} cls : 82.81
[181/209 iteration of epoch 40/50] 
 {loss} cls : 0.329, total : 0.329 
 {acc} cls : 84.38
------------------------------
<Losses on train> cls : 0.225, total : 0.225
<Accuracies on train> cls : 90.56
Train epoch time: 74.813
------------------------------
<Accuracies on val> class : 85.88
------------------------------
<Accuracies on test> class : 78.32
------------------------------
Total epoch time: 80.363

New epoch - lr: 0.0001
[1/209 iteration of epoch 41/50] 
 {loss} cls : 0.180, total : 0.180 
 {acc} cls : 93.75
[31/209 iteration of epoch 41/50] 
 {loss} cls : 0.171, total : 0.171 
 {acc} cls : 95.31
[61/209 iteration of epoch 41/50] 
 {loss} cls : 0.315, total : 0.315 
 {acc} cls : 89.06
[91/209 iteration of epoch 41/50] 
 {loss} cls : 0.229, total : 0.229 
 {acc} cls : 90.62
[121/209 iteration of epoch 41/50] 
 {loss} cls : 0.387, total : 0.387 
 {acc} cls : 81.25
[151/209 iteration of epoch 41/50] 
 {loss} cls : 0.304, total : 0.304 
 {acc} cls : 87.50
[181/209 iteration of epoch 41/50] 
 {loss} cls : 0.173, total : 0.173 
 {acc} cls : 92.19
------------------------------
<Losses on train> cls : 0.221, total : 0.221
<Accuracies on train> cls : 90.98
Train epoch time: 74.379
------------------------------
<Accuracies on val> class : 85.06
------------------------------
<Accuracies on test> class : 77.25
------------------------------
Total epoch time: 79.819

New epoch - lr: 0.0001
[1/209 iteration of epoch 42/50] 
 {loss} cls : 0.390, total : 0.390 
 {acc} cls : 82.81
[31/209 iteration of epoch 42/50] 
 {loss} cls : 0.218, total : 0.218 
 {acc} cls : 90.62
[61/209 iteration of epoch 42/50] 
 {loss} cls : 0.292, total : 0.292 
 {acc} cls : 85.94
[91/209 iteration of epoch 42/50] 
 {loss} cls : 0.215, total : 0.215 
 {acc} cls : 92.19
[121/209 iteration of epoch 42/50] 
 {loss} cls : 0.170, total : 0.170 
 {acc} cls : 93.75
[151/209 iteration of epoch 42/50] 
 {loss} cls : 0.231, total : 0.231 
 {acc} cls : 92.19
[181/209 iteration of epoch 42/50] 
 {loss} cls : 0.206, total : 0.206 
 {acc} cls : 92.19
------------------------------
<Losses on train> cls : 0.222, total : 0.222
<Accuracies on train> cls : 90.72
Train epoch time: 74.703
------------------------------
<Accuracies on val> class : 85.88
------------------------------
<Accuracies on test> class : 77.34
------------------------------
Total epoch time: 80.100

New epoch - lr: 0.0001
[1/209 iteration of epoch 43/50] 
 {loss} cls : 0.221, total : 0.221 
 {acc} cls : 90.62
[31/209 iteration of epoch 43/50] 
 {loss} cls : 0.231, total : 0.231 
 {acc} cls : 90.62
[61/209 iteration of epoch 43/50] 
 {loss} cls : 0.336, total : 0.336 
 {acc} cls : 85.94
[91/209 iteration of epoch 43/50] 
 {loss} cls : 0.252, total : 0.252 
 {acc} cls : 90.62
[121/209 iteration of epoch 43/50] 
 {loss} cls : 0.218, total : 0.218 
 {acc} cls : 87.50
[151/209 iteration of epoch 43/50] 
 {loss} cls : 0.247, total : 0.247 
 {acc} cls : 89.06
[181/209 iteration of epoch 43/50] 
 {loss} cls : 0.172, total : 0.172 
 {acc} cls : 92.19
------------------------------
<Losses on train> cls : 0.220, total : 0.220
<Accuracies on train> cls : 90.99
Train epoch time: 74.724
------------------------------
<Accuracies on val> class : 85.88
------------------------------
<Accuracies on test> class : 78.17
------------------------------
Total epoch time: 80.013

New epoch - lr: 0.0001
[1/209 iteration of epoch 44/50] 
 {loss} cls : 0.240, total : 0.240 
 {acc} cls : 90.62
[31/209 iteration of epoch 44/50] 
 {loss} cls : 0.148, total : 0.148 
 {acc} cls : 93.75
[61/209 iteration of epoch 44/50] 
 {loss} cls : 0.153, total : 0.153 
 {acc} cls : 93.75
[91/209 iteration of epoch 44/50] 
 {loss} cls : 0.189, total : 0.189 
 {acc} cls : 90.62
[121/209 iteration of epoch 44/50] 
 {loss} cls : 0.386, total : 0.386 
 {acc} cls : 84.38
[151/209 iteration of epoch 44/50] 
 {loss} cls : 0.230, total : 0.230 
 {acc} cls : 90.62
[181/209 iteration of epoch 44/50] 
 {loss} cls : 0.145, total : 0.145 
 {acc} cls : 95.31
------------------------------
<Losses on train> cls : 0.223, total : 0.223
<Accuracies on train> cls : 90.80
Train epoch time: 75.743
------------------------------
<Accuracies on val> class : 85.39
------------------------------
<Accuracies on test> class : 77.64
------------------------------
Total epoch time: 81.008

New epoch - lr: 0.0001
[1/209 iteration of epoch 45/50] 
 {loss} cls : 0.195, total : 0.195 
 {acc} cls : 92.19
[31/209 iteration of epoch 45/50] 
 {loss} cls : 0.230, total : 0.230 
 {acc} cls : 87.50
[61/209 iteration of epoch 45/50] 
 {loss} cls : 0.191, total : 0.191 
 {acc} cls : 93.75
[91/209 iteration of epoch 45/50] 
 {loss} cls : 0.305, total : 0.305 
 {acc} cls : 90.62
[121/209 iteration of epoch 45/50] 
 {loss} cls : 0.278, total : 0.278 
 {acc} cls : 87.50
[151/209 iteration of epoch 45/50] 
 {loss} cls : 0.240, total : 0.240 
 {acc} cls : 87.50
[181/209 iteration of epoch 45/50] 
 {loss} cls : 0.209, total : 0.209 
 {acc} cls : 92.19
------------------------------
<Losses on train> cls : 0.220, total : 0.220
<Accuracies on train> cls : 90.94
Train epoch time: 75.265
------------------------------
<Accuracies on val> class : 85.55
------------------------------
<Accuracies on test> class : 77.59
------------------------------
Total epoch time: 80.587

New epoch - lr: 0.0001
[1/209 iteration of epoch 46/50] 
 {loss} cls : 0.145, total : 0.145 
 {acc} cls : 96.88
[31/209 iteration of epoch 46/50] 
 {loss} cls : 0.225, total : 0.225 
 {acc} cls : 89.06
[61/209 iteration of epoch 46/50] 
 {loss} cls : 0.137, total : 0.137 
 {acc} cls : 93.75
[91/209 iteration of epoch 46/50] 
 {loss} cls : 0.165, total : 0.165 
 {acc} cls : 93.75
[121/209 iteration of epoch 46/50] 
 {loss} cls : 0.252, total : 0.252 
 {acc} cls : 89.06
[151/209 iteration of epoch 46/50] 
 {loss} cls : 0.196, total : 0.196 
 {acc} cls : 92.19
[181/209 iteration of epoch 46/50] 
 {loss} cls : 0.326, total : 0.326 
 {acc} cls : 82.81
------------------------------
<Losses on train> cls : 0.218, total : 0.218
<Accuracies on train> cls : 90.96
Train epoch time: 73.069
------------------------------
<Accuracies on val> class : 85.71
------------------------------
<Accuracies on test> class : 78.08
------------------------------
Total epoch time: 78.377

New epoch - lr: 0.0001
[1/209 iteration of epoch 47/50] 
 {loss} cls : 0.330, total : 0.330 
 {acc} cls : 85.94
[31/209 iteration of epoch 47/50] 
 {loss} cls : 0.165, total : 0.165 
 {acc} cls : 93.75
[61/209 iteration of epoch 47/50] 
 {loss} cls : 0.219, total : 0.219 
 {acc} cls : 90.62
[91/209 iteration of epoch 47/50] 
 {loss} cls : 0.202, total : 0.202 
 {acc} cls : 90.62
[121/209 iteration of epoch 47/50] 
 {loss} cls : 0.297, total : 0.297 
 {acc} cls : 90.62
[151/209 iteration of epoch 47/50] 
 {loss} cls : 0.135, total : 0.135 
 {acc} cls : 93.75
[181/209 iteration of epoch 47/50] 
 {loss} cls : 0.112, total : 0.112 
 {acc} cls : 95.31
------------------------------
<Losses on train> cls : 0.221, total : 0.221
<Accuracies on train> cls : 90.96
Train epoch time: 71.510
------------------------------
<Accuracies on val> class : 85.06
------------------------------
<Accuracies on test> class : 76.95
------------------------------
Total epoch time: 76.598

New epoch - lr: 0.0001
[1/209 iteration of epoch 48/50] 
 {loss} cls : 0.157, total : 0.157 
 {acc} cls : 92.19
[31/209 iteration of epoch 48/50] 
 {loss} cls : 0.121, total : 0.121 
 {acc} cls : 93.75
[61/209 iteration of epoch 48/50] 
 {loss} cls : 0.211, total : 0.211 
 {acc} cls : 95.31
[91/209 iteration of epoch 48/50] 
 {loss} cls : 0.215, total : 0.215 
 {acc} cls : 89.06
[121/209 iteration of epoch 48/50] 
 {loss} cls : 0.197, total : 0.197 
 {acc} cls : 92.19
[151/209 iteration of epoch 48/50] 
 {loss} cls : 0.209, total : 0.209 
 {acc} cls : 90.62
[181/209 iteration of epoch 48/50] 
 {loss} cls : 0.434, total : 0.434 
 {acc} cls : 81.25
------------------------------
<Losses on train> cls : 0.221, total : 0.221
<Accuracies on train> cls : 90.89
Train epoch time: 73.498
------------------------------
<Accuracies on val> class : 85.55
------------------------------
<Accuracies on test> class : 76.46
------------------------------
Total epoch time: 78.739

New epoch - lr: 0.0001
[1/209 iteration of epoch 49/50] 
 {loss} cls : 0.136, total : 0.136 
 {acc} cls : 95.31
[31/209 iteration of epoch 49/50] 
 {loss} cls : 0.188, total : 0.188 
 {acc} cls : 92.19
[61/209 iteration of epoch 49/50] 
 {loss} cls : 0.144, total : 0.144 
 {acc} cls : 93.75
[91/209 iteration of epoch 49/50] 
 {loss} cls : 0.268, total : 0.268 
 {acc} cls : 90.62
[121/209 iteration of epoch 49/50] 
 {loss} cls : 0.263, total : 0.263 
 {acc} cls : 87.50
[151/209 iteration of epoch 49/50] 
 {loss} cls : 0.229, total : 0.229 
 {acc} cls : 90.62
[181/209 iteration of epoch 49/50] 
 {loss} cls : 0.119, total : 0.119 
 {acc} cls : 95.31
------------------------------
<Losses on train> cls : 0.221, total : 0.221
<Accuracies on train> cls : 90.98
Train epoch time: 73.302
------------------------------
<Accuracies on val> class : 86.36
------------------------------
<Accuracies on test> class : 77.59
------------------------------
Total epoch time: 79.043

New epoch - lr: 0.0001
[1/209 iteration of epoch 50/50] 
 {loss} cls : 0.208, total : 0.208 
 {acc} cls : 95.31
[31/209 iteration of epoch 50/50] 
 {loss} cls : 0.214, total : 0.214 
 {acc} cls : 90.62
[61/209 iteration of epoch 50/50] 
 {loss} cls : 0.246, total : 0.246 
 {acc} cls : 92.19
[91/209 iteration of epoch 50/50] 
 {loss} cls : 0.145, total : 0.145 
 {acc} cls : 93.75
[121/209 iteration of epoch 50/50] 
 {loss} cls : 0.203, total : 0.203 
 {acc} cls : 89.06
[151/209 iteration of epoch 50/50] 
 {loss} cls : 0.145, total : 0.145 
 {acc} cls : 93.75
[181/209 iteration of epoch 50/50] 
 {loss} cls : 0.214, total : 0.214 
 {acc} cls : 92.19
------------------------------
<Losses on train> cls : 0.220, total : 0.220
<Accuracies on train> cls : 90.81
Train epoch time: 70.621
------------------------------
<Accuracies on val> class : 85.55
------------------------------
<Accuracies on test> class : 75.98
------------------------------
Total epoch time: 76.225

******************************
Best val 0.863636, corresponding test 0.775879 - best test: 0.798828
