Exclude ERM
WARNING:tensorflow:From /homes/55/jianhaoy/projects/EKI/utils/tf_logger.py:16: The name tf.summary.FileWriter is deprecated. Please use tf.compat.v1.summary.FileWriter instead.

WARNING:tensorflow:From /homes/55/jianhaoy/projects/EKI/utils/tf_logger.py:20: The name tf.Summary is deprecated. Please use tf.compat.v1.Summary instead.


Loading experiment PACS/ResNet18_multi


New epoch - lr: 0.001
[1/165 iteration of epoch 1/50] 
 {loss} cls : 2.101, total : 2.101 
 {acc} cls : 14.06
[31/165 iteration of epoch 1/50] 
 {loss} cls : 0.655, total : 0.655 
 {acc} cls : 73.44
[61/165 iteration of epoch 1/50] 
 {loss} cls : 0.521, total : 0.521 
 {acc} cls : 71.88
[91/165 iteration of epoch 1/50] 
 {loss} cls : 0.510, total : 0.510 
 {acc} cls : 73.44
[121/165 iteration of epoch 1/50] 
 {loss} cls : 0.450, total : 0.450 
 {acc} cls : 79.69
[151/165 iteration of epoch 1/50] 
 {loss} cls : 0.471, total : 0.471 
 {acc} cls : 87.50
------------------------------
<Losses on train> cls : 0.608, total : 0.608
<Accuracies on train> cls : 77.33
Train epoch time: 49.903
------------------------------
<Accuracies on val> class : 73.55
------------------------------
<Accuracies on test> class : 56.53
------------------------------
Total epoch time: 55.756

New epoch - lr: 0.001
[1/165 iteration of epoch 2/50] 
 {loss} cls : 0.421, total : 0.421 
 {acc} cls : 87.50
[31/165 iteration of epoch 2/50] 
 {loss} cls : 0.410, total : 0.410 
 {acc} cls : 85.94
[61/165 iteration of epoch 2/50] 
 {loss} cls : 0.346, total : 0.346 
 {acc} cls : 89.06
[91/165 iteration of epoch 2/50] 
 {loss} cls : 0.387, total : 0.387 
 {acc} cls : 89.06
[121/165 iteration of epoch 2/50] 
 {loss} cls : 0.281, total : 0.281 
 {acc} cls : 89.06
[151/165 iteration of epoch 2/50] 
 {loss} cls : 0.140, total : 0.140 
 {acc} cls : 96.88
------------------------------
<Losses on train> cls : 0.361, total : 0.361
<Accuracies on train> cls : 86.18
Train epoch time: 48.817
------------------------------
<Accuracies on val> class : 78.29
------------------------------
<Accuracies on test> class : 83.53
------------------------------
Total epoch time: 53.957

New epoch - lr: 0.001
[1/165 iteration of epoch 3/50] 
 {loss} cls : 0.316, total : 0.316 
 {acc} cls : 92.19
[31/165 iteration of epoch 3/50] 
 {loss} cls : 0.284, total : 0.284 
 {acc} cls : 87.50
[61/165 iteration of epoch 3/50] 
 {loss} cls : 0.492, total : 0.492 
 {acc} cls : 82.81
[91/165 iteration of epoch 3/50] 
 {loss} cls : 0.288, total : 0.288 
 {acc} cls : 89.06
[121/165 iteration of epoch 3/50] 
 {loss} cls : 0.156, total : 0.156 
 {acc} cls : 92.19
[151/165 iteration of epoch 3/50] 
 {loss} cls : 0.300, total : 0.300 
 {acc} cls : 89.06
------------------------------
<Losses on train> cls : 0.313, total : 0.313
<Accuracies on train> cls : 88.04
Train epoch time: 49.265
------------------------------
<Accuracies on val> class : 77.82
------------------------------
<Accuracies on test> class : 84.01
------------------------------
Total epoch time: 54.295

New epoch - lr: 0.001
[1/165 iteration of epoch 4/50] 
 {loss} cls : 0.412, total : 0.412 
 {acc} cls : 85.94
[31/165 iteration of epoch 4/50] 
 {loss} cls : 0.374, total : 0.374 
 {acc} cls : 87.50
[61/165 iteration of epoch 4/50] 
 {loss} cls : 0.270, total : 0.270 
 {acc} cls : 89.06
[91/165 iteration of epoch 4/50] 
 {loss} cls : 0.166, total : 0.166 
 {acc} cls : 95.31
[121/165 iteration of epoch 4/50] 
 {loss} cls : 0.205, total : 0.205 
 {acc} cls : 92.19
[151/165 iteration of epoch 4/50] 
 {loss} cls : 0.332, total : 0.332 
 {acc} cls : 85.94
------------------------------
<Losses on train> cls : 0.291, total : 0.291
<Accuracies on train> cls : 88.87
Train epoch time: 48.979
------------------------------
<Accuracies on val> class : 76.87
------------------------------
<Accuracies on test> class : 70.06
------------------------------
Total epoch time: 54.135

New epoch - lr: 0.001
[1/165 iteration of epoch 5/50] 
 {loss} cls : 0.110, total : 0.110 
 {acc} cls : 96.88
[31/165 iteration of epoch 5/50] 
 {loss} cls : 0.360, total : 0.360 
 {acc} cls : 89.06
[61/165 iteration of epoch 5/50] 
 {loss} cls : 0.388, total : 0.388 
 {acc} cls : 87.50
[91/165 iteration of epoch 5/50] 
 {loss} cls : 0.185, total : 0.185 
 {acc} cls : 95.31
[121/165 iteration of epoch 5/50] 
 {loss} cls : 0.257, total : 0.257 
 {acc} cls : 90.62
[151/165 iteration of epoch 5/50] 
 {loss} cls : 0.405, total : 0.405 
 {acc} cls : 81.25
------------------------------
<Losses on train> cls : 0.278, total : 0.278
<Accuracies on train> cls : 89.43
Train epoch time: 49.296
------------------------------
<Accuracies on val> class : 76.51
------------------------------
<Accuracies on test> class : 80.30
------------------------------
Total epoch time: 54.349

New epoch - lr: 0.001
[1/165 iteration of epoch 6/50] 
 {loss} cls : 0.564, total : 0.564 
 {acc} cls : 84.38
[31/165 iteration of epoch 6/50] 
 {loss} cls : 0.280, total : 0.280 
 {acc} cls : 90.62
[61/165 iteration of epoch 6/50] 
 {loss} cls : 0.222, total : 0.222 
 {acc} cls : 90.62
[91/165 iteration of epoch 6/50] 
 {loss} cls : 0.310, total : 0.310 
 {acc} cls : 89.06
[121/165 iteration of epoch 6/50] 
 {loss} cls : 0.219, total : 0.219 
 {acc} cls : 89.06
[151/165 iteration of epoch 6/50] 
 {loss} cls : 0.238, total : 0.238 
 {acc} cls : 87.50
------------------------------
<Losses on train> cls : 0.268, total : 0.268
<Accuracies on train> cls : 89.63
Train epoch time: 50.063
------------------------------
<Accuracies on val> class : 76.39
------------------------------
<Accuracies on test> class : 78.02
------------------------------
Total epoch time: 55.054

New epoch - lr: 0.001
[1/165 iteration of epoch 7/50] 
 {loss} cls : 0.374, total : 0.374 
 {acc} cls : 84.38
[31/165 iteration of epoch 7/50] 
 {loss} cls : 0.274, total : 0.274 
 {acc} cls : 90.62
[61/165 iteration of epoch 7/50] 
 {loss} cls : 0.286, total : 0.286 
 {acc} cls : 90.62
[91/165 iteration of epoch 7/50] 
 {loss} cls : 0.267, total : 0.267 
 {acc} cls : 87.50
[121/165 iteration of epoch 7/50] 
 {loss} cls : 0.173, total : 0.173 
 {acc} cls : 92.19
[151/165 iteration of epoch 7/50] 
 {loss} cls : 0.251, total : 0.251 
 {acc} cls : 90.62
------------------------------
<Losses on train> cls : 0.253, total : 0.253
<Accuracies on train> cls : 90.36
Train epoch time: 49.501
------------------------------
<Accuracies on val> class : 79.24
------------------------------
<Accuracies on test> class : 78.56
------------------------------
Total epoch time: 54.903

New epoch - lr: 0.001
[1/165 iteration of epoch 8/50] 
 {loss} cls : 0.344, total : 0.344 
 {acc} cls : 85.94
[31/165 iteration of epoch 8/50] 
 {loss} cls : 0.403, total : 0.403 
 {acc} cls : 85.94
[61/165 iteration of epoch 8/50] 
 {loss} cls : 0.120, total : 0.120 
 {acc} cls : 96.88
[91/165 iteration of epoch 8/50] 
 {loss} cls : 0.308, total : 0.308 
 {acc} cls : 90.62
[121/165 iteration of epoch 8/50] 
 {loss} cls : 0.221, total : 0.221 
 {acc} cls : 89.06
[151/165 iteration of epoch 8/50] 
 {loss} cls : 0.267, total : 0.267 
 {acc} cls : 90.62
------------------------------
<Losses on train> cls : 0.246, total : 0.246
<Accuracies on train> cls : 90.26
Train epoch time: 48.675
------------------------------
<Accuracies on val> class : 81.26
------------------------------
<Accuracies on test> class : 84.31
------------------------------
Total epoch time: 54.047

New epoch - lr: 0.001
[1/165 iteration of epoch 9/50] 
 {loss} cls : 0.189, total : 0.189 
 {acc} cls : 92.19
[31/165 iteration of epoch 9/50] 
 {loss} cls : 0.369, total : 0.369 
 {acc} cls : 85.94
[61/165 iteration of epoch 9/50] 
 {loss} cls : 0.207, total : 0.207 
 {acc} cls : 92.19
[91/165 iteration of epoch 9/50] 
 {loss} cls : 0.149, total : 0.149 
 {acc} cls : 95.31
[121/165 iteration of epoch 9/50] 
 {loss} cls : 0.266, total : 0.266 
 {acc} cls : 90.62
[151/165 iteration of epoch 9/50] 
 {loss} cls : 0.411, total : 0.411 
 {acc} cls : 82.81
------------------------------
<Losses on train> cls : 0.232, total : 0.232
<Accuracies on train> cls : 91.01
Train epoch time: 49.063
------------------------------
<Accuracies on val> class : 78.29
------------------------------
<Accuracies on test> class : 75.21
------------------------------
Total epoch time: 54.009

New epoch - lr: 0.001
[1/165 iteration of epoch 10/50] 
 {loss} cls : 0.218, total : 0.218 
 {acc} cls : 92.19
[31/165 iteration of epoch 10/50] 
 {loss} cls : 0.202, total : 0.202 
 {acc} cls : 90.62
[61/165 iteration of epoch 10/50] 
 {loss} cls : 0.124, total : 0.124 
 {acc} cls : 95.31
[91/165 iteration of epoch 10/50] 
 {loss} cls : 0.177, total : 0.177 
 {acc} cls : 96.88
[121/165 iteration of epoch 10/50] 
 {loss} cls : 0.347, total : 0.347 
 {acc} cls : 85.94
[151/165 iteration of epoch 10/50] 
 {loss} cls : 0.186, total : 0.186 
 {acc} cls : 92.19
------------------------------
<Losses on train> cls : 0.227, total : 0.227
<Accuracies on train> cls : 91.01
Train epoch time: 49.274
------------------------------
<Accuracies on val> class : 79.00
------------------------------
<Accuracies on test> class : 76.29
------------------------------
Total epoch time: 54.231

New epoch - lr: 0.001
[1/165 iteration of epoch 11/50] 
 {loss} cls : 0.286, total : 0.286 
 {acc} cls : 89.06
[31/165 iteration of epoch 11/50] 
 {loss} cls : 0.160, total : 0.160 
 {acc} cls : 95.31
[61/165 iteration of epoch 11/50] 
 {loss} cls : 0.158, total : 0.158 
 {acc} cls : 93.75
[91/165 iteration of epoch 11/50] 
 {loss} cls : 0.243, total : 0.243 
 {acc} cls : 89.06
[121/165 iteration of epoch 11/50] 
 {loss} cls : 0.274, total : 0.274 
 {acc} cls : 90.62
[151/165 iteration of epoch 11/50] 
 {loss} cls : 0.289, total : 0.289 
 {acc} cls : 89.06
------------------------------
<Losses on train> cls : 0.228, total : 0.228
<Accuracies on train> cls : 91.16
Train epoch time: 49.020
------------------------------
<Accuracies on val> class : 78.05
------------------------------
<Accuracies on test> class : 81.20
------------------------------
Total epoch time: 54.009

New epoch - lr: 0.001
[1/165 iteration of epoch 12/50] 
 {loss} cls : 0.211, total : 0.211 
 {acc} cls : 93.75
[31/165 iteration of epoch 12/50] 
 {loss} cls : 0.093, total : 0.093 
 {acc} cls : 95.31
[61/165 iteration of epoch 12/50] 
 {loss} cls : 0.229, total : 0.229 
 {acc} cls : 90.62
[91/165 iteration of epoch 12/50] 
 {loss} cls : 0.153, total : 0.153 
 {acc} cls : 93.75
[121/165 iteration of epoch 12/50] 
 {loss} cls : 0.317, total : 0.317 
 {acc} cls : 85.94
[151/165 iteration of epoch 12/50] 
 {loss} cls : 0.350, total : 0.350 
 {acc} cls : 84.38
------------------------------
<Losses on train> cls : 0.222, total : 0.222
<Accuracies on train> cls : 91.30
Train epoch time: 48.592
------------------------------
<Accuracies on val> class : 78.53
------------------------------
<Accuracies on test> class : 78.32
------------------------------
Total epoch time: 53.571

New epoch - lr: 0.001
[1/165 iteration of epoch 13/50] 
 {loss} cls : 0.254, total : 0.254 
 {acc} cls : 89.06
[31/165 iteration of epoch 13/50] 
 {loss} cls : 0.257, total : 0.257 
 {acc} cls : 89.06
[61/165 iteration of epoch 13/50] 
 {loss} cls : 0.232, total : 0.232 
 {acc} cls : 87.50
[91/165 iteration of epoch 13/50] 
 {loss} cls : 0.250, total : 0.250 
 {acc} cls : 92.19
[121/165 iteration of epoch 13/50] 
 {loss} cls : 0.056, total : 0.056 
 {acc} cls : 98.44
[151/165 iteration of epoch 13/50] 
 {loss} cls : 0.178, total : 0.178 
 {acc} cls : 92.19
------------------------------
<Losses on train> cls : 0.224, total : 0.224
<Accuracies on train> cls : 91.21
Train epoch time: 48.711
------------------------------
<Accuracies on val> class : 79.36
------------------------------
<Accuracies on test> class : 79.58
------------------------------
Total epoch time: 53.716

New epoch - lr: 0.001
[1/165 iteration of epoch 14/50] 
 {loss} cls : 0.149, total : 0.149 
 {acc} cls : 96.88
[31/165 iteration of epoch 14/50] 
 {loss} cls : 0.292, total : 0.292 
 {acc} cls : 87.50
[61/165 iteration of epoch 14/50] 
 {loss} cls : 0.213, total : 0.213 
 {acc} cls : 90.62
[91/165 iteration of epoch 14/50] 
 {loss} cls : 0.296, total : 0.296 
 {acc} cls : 87.50
[121/165 iteration of epoch 14/50] 
 {loss} cls : 0.256, total : 0.256 
 {acc} cls : 89.06
[151/165 iteration of epoch 14/50] 
 {loss} cls : 0.171, total : 0.171 
 {acc} cls : 95.31
------------------------------
<Losses on train> cls : 0.215, total : 0.215
<Accuracies on train> cls : 91.68
Train epoch time: 49.135
------------------------------
<Accuracies on val> class : 78.77
------------------------------
<Accuracies on test> class : 81.50
------------------------------
Total epoch time: 54.163

New epoch - lr: 0.001
[1/165 iteration of epoch 15/50] 
 {loss} cls : 0.088, total : 0.088 
 {acc} cls : 96.88
[31/165 iteration of epoch 15/50] 
 {loss} cls : 0.188, total : 0.188 
 {acc} cls : 92.19
[61/165 iteration of epoch 15/50] 
 {loss} cls : 0.223, total : 0.223 
 {acc} cls : 93.75
[91/165 iteration of epoch 15/50] 
 {loss} cls : 0.157, total : 0.157 
 {acc} cls : 96.88
[121/165 iteration of epoch 15/50] 
 {loss} cls : 0.296, total : 0.296 
 {acc} cls : 85.94
[151/165 iteration of epoch 15/50] 
 {loss} cls : 0.272, total : 0.272 
 {acc} cls : 90.62
------------------------------
<Losses on train> cls : 0.212, total : 0.212
<Accuracies on train> cls : 91.56
Train epoch time: 49.045
------------------------------
<Accuracies on val> class : 77.34
------------------------------
<Accuracies on test> class : 77.84
------------------------------
Total epoch time: 54.195

New epoch - lr: 0.001
[1/165 iteration of epoch 16/50] 
 {loss} cls : 0.168, total : 0.168 
 {acc} cls : 92.19
[31/165 iteration of epoch 16/50] 
 {loss} cls : 0.391, total : 0.391 
 {acc} cls : 82.81
[61/165 iteration of epoch 16/50] 
 {loss} cls : 0.156, total : 0.156 
 {acc} cls : 90.62
[91/165 iteration of epoch 16/50] 
 {loss} cls : 0.166, total : 0.166 
 {acc} cls : 92.19
[121/165 iteration of epoch 16/50] 
 {loss} cls : 0.265, total : 0.265 
 {acc} cls : 89.06
[151/165 iteration of epoch 16/50] 
 {loss} cls : 0.231, total : 0.231 
 {acc} cls : 89.06
------------------------------
<Losses on train> cls : 0.208, total : 0.208
<Accuracies on train> cls : 91.71
Train epoch time: 48.326
------------------------------
<Accuracies on val> class : 78.05
------------------------------
<Accuracies on test> class : 79.28
------------------------------
Total epoch time: 53.449

New epoch - lr: 0.001
[1/165 iteration of epoch 17/50] 
 {loss} cls : 0.256, total : 0.256 
 {acc} cls : 93.75
[31/165 iteration of epoch 17/50] 
 {loss} cls : 0.310, total : 0.310 
 {acc} cls : 84.38
[61/165 iteration of epoch 17/50] 
 {loss} cls : 0.117, total : 0.117 
 {acc} cls : 96.88
[91/165 iteration of epoch 17/50] 
 {loss} cls : 0.200, total : 0.200 
 {acc} cls : 92.19
[121/165 iteration of epoch 17/50] 
 {loss} cls : 0.233, total : 0.233 
 {acc} cls : 90.62
[151/165 iteration of epoch 17/50] 
 {loss} cls : 0.173, total : 0.173 
 {acc} cls : 92.19
------------------------------
<Losses on train> cls : 0.203, total : 0.203
<Accuracies on train> cls : 91.93
Train epoch time: 48.272
------------------------------
<Accuracies on val> class : 79.72
------------------------------
<Accuracies on test> class : 80.12
------------------------------
Total epoch time: 53.318

New epoch - lr: 0.001
[1/165 iteration of epoch 18/50] 
 {loss} cls : 0.242, total : 0.242 
 {acc} cls : 89.06
[31/165 iteration of epoch 18/50] 
 {loss} cls : 0.205, total : 0.205 
 {acc} cls : 92.19
[61/165 iteration of epoch 18/50] 
 {loss} cls : 0.295, total : 0.295 
 {acc} cls : 87.50
[91/165 iteration of epoch 18/50] 
 {loss} cls : 0.155, total : 0.155 
 {acc} cls : 93.75
[121/165 iteration of epoch 18/50] 
 {loss} cls : 0.159, total : 0.159 
 {acc} cls : 95.31
[151/165 iteration of epoch 18/50] 
 {loss} cls : 0.270, total : 0.270 
 {acc} cls : 87.50
------------------------------
<Losses on train> cls : 0.205, total : 0.205
<Accuracies on train> cls : 91.83
Train epoch time: 48.648
------------------------------
<Accuracies on val> class : 78.53
------------------------------
<Accuracies on test> class : 81.44
------------------------------
Total epoch time: 53.733

New epoch - lr: 0.001
[1/165 iteration of epoch 19/50] 
 {loss} cls : 0.207, total : 0.207 
 {acc} cls : 87.50
[31/165 iteration of epoch 19/50] 
 {loss} cls : 0.241, total : 0.241 
 {acc} cls : 89.06
[61/165 iteration of epoch 19/50] 
 {loss} cls : 0.093, total : 0.093 
 {acc} cls : 96.88
[91/165 iteration of epoch 19/50] 
 {loss} cls : 0.078, total : 0.078 
 {acc} cls : 96.88
[121/165 iteration of epoch 19/50] 
 {loss} cls : 0.130, total : 0.130 
 {acc} cls : 95.31
[151/165 iteration of epoch 19/50] 
 {loss} cls : 0.246, total : 0.246 
 {acc} cls : 90.62
------------------------------
<Losses on train> cls : 0.205, total : 0.205
<Accuracies on train> cls : 91.96
Train epoch time: 48.245
------------------------------
<Accuracies on val> class : 79.95
------------------------------
<Accuracies on test> class : 81.32
------------------------------
Total epoch time: 53.300

New epoch - lr: 0.001
[1/165 iteration of epoch 20/50] 
 {loss} cls : 0.177, total : 0.177 
 {acc} cls : 93.75
[31/165 iteration of epoch 20/50] 
 {loss} cls : 0.148, total : 0.148 
 {acc} cls : 92.19
[61/165 iteration of epoch 20/50] 
 {loss} cls : 0.400, total : 0.400 
 {acc} cls : 82.81
[91/165 iteration of epoch 20/50] 
 {loss} cls : 0.161, total : 0.161 
 {acc} cls : 95.31
[121/165 iteration of epoch 20/50] 
 {loss} cls : 0.191, total : 0.191 
 {acc} cls : 93.75
[151/165 iteration of epoch 20/50] 
 {loss} cls : 0.268, total : 0.268 
 {acc} cls : 85.94
------------------------------
<Losses on train> cls : 0.203, total : 0.203
<Accuracies on train> cls : 92.08
Train epoch time: 48.635
------------------------------
<Accuracies on val> class : 79.12
------------------------------
<Accuracies on test> class : 79.10
------------------------------
Total epoch time: 53.595

New epoch - lr: 0.001
[1/165 iteration of epoch 21/50] 
 {loss} cls : 0.229, total : 0.229 
 {acc} cls : 92.19
[31/165 iteration of epoch 21/50] 
 {loss} cls : 0.151, total : 0.151 
 {acc} cls : 93.75
[61/165 iteration of epoch 21/50] 
 {loss} cls : 0.081, total : 0.081 
 {acc} cls : 98.44
[91/165 iteration of epoch 21/50] 
 {loss} cls : 0.201, total : 0.201 
 {acc} cls : 90.62
[121/165 iteration of epoch 21/50] 
 {loss} cls : 0.159, total : 0.159 
 {acc} cls : 93.75
[151/165 iteration of epoch 21/50] 
 {loss} cls : 0.109, total : 0.109 
 {acc} cls : 98.44
------------------------------
<Losses on train> cls : 0.200, total : 0.200
<Accuracies on train> cls : 92.08
Train epoch time: 48.340
------------------------------
<Accuracies on val> class : 79.60
------------------------------
<Accuracies on test> class : 84.79
------------------------------
Total epoch time: 53.479

New epoch - lr: 0.001
[1/165 iteration of epoch 22/50] 
 {loss} cls : 0.269, total : 0.269 
 {acc} cls : 89.06
[31/165 iteration of epoch 22/50] 
 {loss} cls : 0.156, total : 0.156 
 {acc} cls : 92.19
[61/165 iteration of epoch 22/50] 
 {loss} cls : 0.209, total : 0.209 
 {acc} cls : 92.19
[91/165 iteration of epoch 22/50] 
 {loss} cls : 0.130, total : 0.130 
 {acc} cls : 96.88
[121/165 iteration of epoch 22/50] 
 {loss} cls : 0.046, total : 0.046 
 {acc} cls : 98.44
[151/165 iteration of epoch 22/50] 
 {loss} cls : 0.331, total : 0.331 
 {acc} cls : 85.94
------------------------------
<Losses on train> cls : 0.201, total : 0.201
<Accuracies on train> cls : 92.08
Train epoch time: 48.161
------------------------------
<Accuracies on val> class : 80.78
------------------------------
<Accuracies on test> class : 83.47
------------------------------
Total epoch time: 53.238

New epoch - lr: 0.001
[1/165 iteration of epoch 23/50] 
 {loss} cls : 0.114, total : 0.114 
 {acc} cls : 95.31
[31/165 iteration of epoch 23/50] 
 {loss} cls : 0.212, total : 0.212 
 {acc} cls : 93.75
[61/165 iteration of epoch 23/50] 
 {loss} cls : 0.124, total : 0.124 
 {acc} cls : 93.75
[91/165 iteration of epoch 23/50] 
 {loss} cls : 0.125, total : 0.125 
 {acc} cls : 93.75
[121/165 iteration of epoch 23/50] 
 {loss} cls : 0.199, total : 0.199 
 {acc} cls : 92.19
[151/165 iteration of epoch 23/50] 
 {loss} cls : 0.086, total : 0.086 
 {acc} cls : 95.31
------------------------------
<Losses on train> cls : 0.198, total : 0.198
<Accuracies on train> cls : 92.08
Train epoch time: 47.828
------------------------------
<Accuracies on val> class : 79.72
------------------------------
<Accuracies on test> class : 79.64
------------------------------
Total epoch time: 52.830

New epoch - lr: 0.001
[1/165 iteration of epoch 24/50] 
 {loss} cls : 0.101, total : 0.101 
 {acc} cls : 96.88
[31/165 iteration of epoch 24/50] 
 {loss} cls : 0.178, total : 0.178 
 {acc} cls : 90.62
[61/165 iteration of epoch 24/50] 
 {loss} cls : 0.092, total : 0.092 
 {acc} cls : 98.44
[91/165 iteration of epoch 24/50] 
 {loss} cls : 0.107, total : 0.107 
 {acc} cls : 98.44
[121/165 iteration of epoch 24/50] 
 {loss} cls : 0.171, total : 0.171 
 {acc} cls : 92.19
[151/165 iteration of epoch 24/50] 
 {loss} cls : 0.167, total : 0.167 
 {acc} cls : 92.19
------------------------------
<Losses on train> cls : 0.191, total : 0.191
<Accuracies on train> cls : 92.51
Train epoch time: 48.625
------------------------------
<Accuracies on val> class : 79.48
------------------------------
<Accuracies on test> class : 77.54
------------------------------
Total epoch time: 53.779

New epoch - lr: 0.001
[1/165 iteration of epoch 25/50] 
 {loss} cls : 0.200, total : 0.200 
 {acc} cls : 93.75
[31/165 iteration of epoch 25/50] 
 {loss} cls : 0.217, total : 0.217 
 {acc} cls : 95.31
[61/165 iteration of epoch 25/50] 
 {loss} cls : 0.160, total : 0.160 
 {acc} cls : 95.31
[91/165 iteration of epoch 25/50] 
 {loss} cls : 0.300, total : 0.300 
 {acc} cls : 85.94
[121/165 iteration of epoch 25/50] 
 {loss} cls : 0.224, total : 0.224 
 {acc} cls : 89.06
[151/165 iteration of epoch 25/50] 
 {loss} cls : 0.283, total : 0.283 
 {acc} cls : 90.62
------------------------------
<Losses on train> cls : 0.194, total : 0.194
<Accuracies on train> cls : 92.34
Train epoch time: 48.010
------------------------------
<Accuracies on val> class : 80.78
------------------------------
<Accuracies on test> class : 81.80
------------------------------
Total epoch time: 53.107

New epoch - lr: 0.001
[1/165 iteration of epoch 26/50] 
 {loss} cls : 0.131, total : 0.131 
 {acc} cls : 95.31
[31/165 iteration of epoch 26/50] 
 {loss} cls : 0.200, total : 0.200 
 {acc} cls : 90.62
[61/165 iteration of epoch 26/50] 
 {loss} cls : 0.166, total : 0.166 
 {acc} cls : 93.75
[91/165 iteration of epoch 26/50] 
 {loss} cls : 0.205, total : 0.205 
 {acc} cls : 92.19
[121/165 iteration of epoch 26/50] 
 {loss} cls : 0.211, total : 0.211 
 {acc} cls : 89.06
[151/165 iteration of epoch 26/50] 
 {loss} cls : 0.171, total : 0.171 
 {acc} cls : 93.75
------------------------------
<Losses on train> cls : 0.191, total : 0.191
<Accuracies on train> cls : 92.47
Train epoch time: 48.386
------------------------------
<Accuracies on val> class : 79.36
------------------------------
<Accuracies on test> class : 79.76
------------------------------
Total epoch time: 53.549

New epoch - lr: 0.001
[1/165 iteration of epoch 27/50] 
 {loss} cls : 0.273, total : 0.273 
 {acc} cls : 87.50
[31/165 iteration of epoch 27/50] 
 {loss} cls : 0.182, total : 0.182 
 {acc} cls : 92.19
[61/165 iteration of epoch 27/50] 
 {loss} cls : 0.155, total : 0.155 
 {acc} cls : 92.19
[91/165 iteration of epoch 27/50] 
 {loss} cls : 0.253, total : 0.253 
 {acc} cls : 87.50
[121/165 iteration of epoch 27/50] 
 {loss} cls : 0.163, total : 0.163 
 {acc} cls : 95.31
[151/165 iteration of epoch 27/50] 
 {loss} cls : 0.233, total : 0.233 
 {acc} cls : 89.06
------------------------------
<Losses on train> cls : 0.193, total : 0.193
<Accuracies on train> cls : 92.33
Train epoch time: 48.204
------------------------------
<Accuracies on val> class : 79.60
------------------------------
<Accuracies on test> class : 80.30
------------------------------
Total epoch time: 53.328

New epoch - lr: 0.001
[1/165 iteration of epoch 28/50] 
 {loss} cls : 0.251, total : 0.251 
 {acc} cls : 92.19
[31/165 iteration of epoch 28/50] 
 {loss} cls : 0.200, total : 0.200 
 {acc} cls : 93.75
[61/165 iteration of epoch 28/50] 
 {loss} cls : 0.134, total : 0.134 
 {acc} cls : 95.31
[91/165 iteration of epoch 28/50] 
 {loss} cls : 0.298, total : 0.298 
 {acc} cls : 87.50
[121/165 iteration of epoch 28/50] 
 {loss} cls : 0.154, total : 0.154 
 {acc} cls : 93.75
[151/165 iteration of epoch 28/50] 
 {loss} cls : 0.235, total : 0.235 
 {acc} cls : 89.06
------------------------------
<Losses on train> cls : 0.185, total : 0.185
<Accuracies on train> cls : 92.73
Train epoch time: 48.292
------------------------------
<Accuracies on val> class : 79.36
------------------------------
<Accuracies on test> class : 77.78
------------------------------
Total epoch time: 53.347

New epoch - lr: 0.001
[1/165 iteration of epoch 29/50] 
 {loss} cls : 0.127, total : 0.127 
 {acc} cls : 95.31
[31/165 iteration of epoch 29/50] 
 {loss} cls : 0.078, total : 0.078 
 {acc} cls : 96.88
[61/165 iteration of epoch 29/50] 
 {loss} cls : 0.193, total : 0.193 
 {acc} cls : 92.19
[91/165 iteration of epoch 29/50] 
 {loss} cls : 0.326, total : 0.326 
 {acc} cls : 89.06
[121/165 iteration of epoch 29/50] 
 {loss} cls : 0.204, total : 0.204 
 {acc} cls : 93.75
[151/165 iteration of epoch 29/50] 
 {loss} cls : 0.206, total : 0.206 
 {acc} cls : 92.19
------------------------------
<Losses on train> cls : 0.190, total : 0.190
<Accuracies on train> cls : 92.39
Train epoch time: 48.571
------------------------------
<Accuracies on val> class : 79.12
------------------------------
<Accuracies on test> class : 80.30
------------------------------
Total epoch time: 53.626

New epoch - lr: 0.001
[1/165 iteration of epoch 30/50] 
 {loss} cls : 0.227, total : 0.227 
 {acc} cls : 89.06
[31/165 iteration of epoch 30/50] 
 {loss} cls : 0.268, total : 0.268 
 {acc} cls : 87.50
[61/165 iteration of epoch 30/50] 
 {loss} cls : 0.188, total : 0.188 
 {acc} cls : 92.19
[91/165 iteration of epoch 30/50] 
 {loss} cls : 0.288, total : 0.288 
 {acc} cls : 87.50
[121/165 iteration of epoch 30/50] 
 {loss} cls : 0.059, total : 0.059 
 {acc} cls : 96.88
[151/165 iteration of epoch 30/50] 
 {loss} cls : 0.211, total : 0.211 
 {acc} cls : 90.62
------------------------------
<Losses on train> cls : 0.189, total : 0.189
<Accuracies on train> cls : 92.37
Train epoch time: 48.145
------------------------------
<Accuracies on val> class : 79.36
------------------------------
<Accuracies on test> class : 80.66
------------------------------
Total epoch time: 53.116

New epoch - lr: 0.001
[1/165 iteration of epoch 31/50] 
 {loss} cls : 0.214, total : 0.214 
 {acc} cls : 89.06
[31/165 iteration of epoch 31/50] 
 {loss} cls : 0.201, total : 0.201 
 {acc} cls : 92.19
[61/165 iteration of epoch 31/50] 
 {loss} cls : 0.211, total : 0.211 
 {acc} cls : 90.62
[91/165 iteration of epoch 31/50] 
 {loss} cls : 0.078, total : 0.078 
 {acc} cls : 96.88
[121/165 iteration of epoch 31/50] 
 {loss} cls : 0.168, total : 0.168 
 {acc} cls : 95.31
[151/165 iteration of epoch 31/50] 
 {loss} cls : 0.276, total : 0.276 
 {acc} cls : 92.19
------------------------------
<Losses on train> cls : 0.188, total : 0.188
<Accuracies on train> cls : 92.52
Train epoch time: 48.419
------------------------------
<Accuracies on val> class : 80.90
------------------------------
<Accuracies on test> class : 82.10
------------------------------
Total epoch time: 53.666

New epoch - lr: 0.001
[1/165 iteration of epoch 32/50] 
 {loss} cls : 0.188, total : 0.188 
 {acc} cls : 90.62
[31/165 iteration of epoch 32/50] 
 {loss} cls : 0.161, total : 0.161 
 {acc} cls : 90.62
[61/165 iteration of epoch 32/50] 
 {loss} cls : 0.144, total : 0.144 
 {acc} cls : 96.88
[91/165 iteration of epoch 32/50] 
 {loss} cls : 0.122, total : 0.122 
 {acc} cls : 93.75
[121/165 iteration of epoch 32/50] 
 {loss} cls : 0.066, total : 0.066 
 {acc} cls : 96.88
[151/165 iteration of epoch 32/50] 
 {loss} cls : 0.199, total : 0.199 
 {acc} cls : 92.19
------------------------------
<Losses on train> cls : 0.186, total : 0.186
<Accuracies on train> cls : 92.59
Train epoch time: 48.344
------------------------------
<Accuracies on val> class : 79.48
------------------------------
<Accuracies on test> class : 80.12
------------------------------
Total epoch time: 53.343

New epoch - lr: 0.001
[1/165 iteration of epoch 33/50] 
 {loss} cls : 0.138, total : 0.138 
 {acc} cls : 95.31
[31/165 iteration of epoch 33/50] 
 {loss} cls : 0.190, total : 0.190 
 {acc} cls : 93.75
[61/165 iteration of epoch 33/50] 
 {loss} cls : 0.157, total : 0.157 
 {acc} cls : 95.31
[91/165 iteration of epoch 33/50] 
 {loss} cls : 0.298, total : 0.298 
 {acc} cls : 92.19
[121/165 iteration of epoch 33/50] 
 {loss} cls : 0.090, total : 0.090 
 {acc} cls : 93.75
[151/165 iteration of epoch 33/50] 
 {loss} cls : 0.331, total : 0.331 
 {acc} cls : 89.06
------------------------------
<Losses on train> cls : 0.186, total : 0.186
<Accuracies on train> cls : 92.69
Train epoch time: 48.590
------------------------------
<Accuracies on val> class : 78.53
------------------------------
<Accuracies on test> class : 80.96
------------------------------
Total epoch time: 53.617

New epoch - lr: 0.001
[1/165 iteration of epoch 34/50] 
 {loss} cls : 0.177, total : 0.177 
 {acc} cls : 92.19
[31/165 iteration of epoch 34/50] 
 {loss} cls : 0.122, total : 0.122 
 {acc} cls : 96.88
[61/165 iteration of epoch 34/50] 
 {loss} cls : 0.220, total : 0.220 
 {acc} cls : 92.19
[91/165 iteration of epoch 34/50] 
 {loss} cls : 0.117, total : 0.117 
 {acc} cls : 95.31
[121/165 iteration of epoch 34/50] 
 {loss} cls : 0.071, total : 0.071 
 {acc} cls : 96.88
[151/165 iteration of epoch 34/50] 
 {loss} cls : 0.143, total : 0.143 
 {acc} cls : 95.31
------------------------------
<Losses on train> cls : 0.188, total : 0.188
<Accuracies on train> cls : 92.38
Train epoch time: 48.847
------------------------------
<Accuracies on val> class : 79.12
------------------------------
<Accuracies on test> class : 80.30
------------------------------
Total epoch time: 54.062

New epoch - lr: 0.001
[1/165 iteration of epoch 35/50] 
 {loss} cls : 0.311, total : 0.311 
 {acc} cls : 87.50
[31/165 iteration of epoch 35/50] 
 {loss} cls : 0.206, total : 0.206 
 {acc} cls : 89.06
[61/165 iteration of epoch 35/50] 
 {loss} cls : 0.251, total : 0.251 
 {acc} cls : 89.06
[91/165 iteration of epoch 35/50] 
 {loss} cls : 0.274, total : 0.274 
 {acc} cls : 85.94
[121/165 iteration of epoch 35/50] 
 {loss} cls : 0.087, total : 0.087 
 {acc} cls : 96.88
[151/165 iteration of epoch 35/50] 
 {loss} cls : 0.171, total : 0.171 
 {acc} cls : 92.19
------------------------------
<Losses on train> cls : 0.181, total : 0.181
<Accuracies on train> cls : 92.77
Train epoch time: 48.311
------------------------------
<Accuracies on val> class : 78.53
------------------------------
<Accuracies on test> class : 82.22
------------------------------
Total epoch time: 53.350

New epoch - lr: 0.001
[1/165 iteration of epoch 36/50] 
 {loss} cls : 0.156, total : 0.156 
 {acc} cls : 92.19
[31/165 iteration of epoch 36/50] 
 {loss} cls : 0.323, total : 0.323 
 {acc} cls : 84.38
[61/165 iteration of epoch 36/50] 
 {loss} cls : 0.112, total : 0.112 
 {acc} cls : 96.88
[91/165 iteration of epoch 36/50] 
 {loss} cls : 0.200, total : 0.200 
 {acc} cls : 90.62
[121/165 iteration of epoch 36/50] 
 {loss} cls : 0.172, total : 0.172 
 {acc} cls : 92.19
[151/165 iteration of epoch 36/50] 
 {loss} cls : 0.084, total : 0.084 
 {acc} cls : 95.31
------------------------------
<Losses on train> cls : 0.182, total : 0.182
<Accuracies on train> cls : 92.73
Train epoch time: 48.531
------------------------------
<Accuracies on val> class : 77.70
------------------------------
<Accuracies on test> class : 80.84
------------------------------
Total epoch time: 53.522

New epoch - lr: 0.001
[1/165 iteration of epoch 37/50] 
 {loss} cls : 0.241, total : 0.241 
 {acc} cls : 90.62
[31/165 iteration of epoch 37/50] 
 {loss} cls : 0.226, total : 0.226 
 {acc} cls : 90.62
[61/165 iteration of epoch 37/50] 
 {loss} cls : 0.128, total : 0.128 
 {acc} cls : 95.31
[91/165 iteration of epoch 37/50] 
 {loss} cls : 0.134, total : 0.134 
 {acc} cls : 93.75
[121/165 iteration of epoch 37/50] 
 {loss} cls : 0.204, total : 0.204 
 {acc} cls : 92.19
[151/165 iteration of epoch 37/50] 
 {loss} cls : 0.163, total : 0.163 
 {acc} cls : 92.19
------------------------------
<Losses on train> cls : 0.184, total : 0.184
<Accuracies on train> cls : 92.75
Train epoch time: 48.731
------------------------------
<Accuracies on val> class : 78.53
------------------------------
<Accuracies on test> class : 81.20
------------------------------
Total epoch time: 53.770

New epoch - lr: 0.001
[1/165 iteration of epoch 38/50] 
 {loss} cls : 0.269, total : 0.269 
 {acc} cls : 89.06
[31/165 iteration of epoch 38/50] 
 {loss} cls : 0.299, total : 0.299 
 {acc} cls : 89.06
[61/165 iteration of epoch 38/50] 
 {loss} cls : 0.116, total : 0.116 
 {acc} cls : 95.31
[91/165 iteration of epoch 38/50] 
 {loss} cls : 0.297, total : 0.297 
 {acc} cls : 87.50
[121/165 iteration of epoch 38/50] 
 {loss} cls : 0.140, total : 0.140 
 {acc} cls : 95.31
[151/165 iteration of epoch 38/50] 
 {loss} cls : 0.293, total : 0.293 
 {acc} cls : 85.94
------------------------------
<Losses on train> cls : 0.181, total : 0.181
<Accuracies on train> cls : 92.89
Train epoch time: 48.652
------------------------------
<Accuracies on val> class : 77.58
------------------------------
<Accuracies on test> class : 76.89
------------------------------
Total epoch time: 53.751

New epoch - lr: 0.001
[1/165 iteration of epoch 39/50] 
 {loss} cls : 0.248, total : 0.248 
 {acc} cls : 90.62
[31/165 iteration of epoch 39/50] 
 {loss} cls : 0.220, total : 0.220 
 {acc} cls : 92.19
[61/165 iteration of epoch 39/50] 
 {loss} cls : 0.144, total : 0.144 
 {acc} cls : 92.19
[91/165 iteration of epoch 39/50] 
 {loss} cls : 0.185, total : 0.185 
 {acc} cls : 92.19
[121/165 iteration of epoch 39/50] 
 {loss} cls : 0.138, total : 0.138 
 {acc} cls : 92.19
[151/165 iteration of epoch 39/50] 
 {loss} cls : 0.294, total : 0.294 
 {acc} cls : 87.50
------------------------------
<Losses on train> cls : 0.183, total : 0.183
<Accuracies on train> cls : 92.67
Train epoch time: 48.196
------------------------------
<Accuracies on val> class : 79.24
------------------------------
<Accuracies on test> class : 81.08
------------------------------
Total epoch time: 53.148

New epoch - lr: 0.0001
[1/165 iteration of epoch 40/50] 
 {loss} cls : 0.165, total : 0.165 
 {acc} cls : 92.19
[31/165 iteration of epoch 40/50] 
 {loss} cls : 0.185, total : 0.185 
 {acc} cls : 90.62
[61/165 iteration of epoch 40/50] 
 {loss} cls : 0.112, total : 0.112 
 {acc} cls : 95.31
[91/165 iteration of epoch 40/50] 
 {loss} cls : 0.151, total : 0.151 
 {acc} cls : 93.75
[121/165 iteration of epoch 40/50] 
 {loss} cls : 0.107, total : 0.107 
 {acc} cls : 96.88
[151/165 iteration of epoch 40/50] 
 {loss} cls : 0.135, total : 0.135 
 {acc} cls : 95.31
------------------------------
<Losses on train> cls : 0.180, total : 0.180
<Accuracies on train> cls : 92.84
Train epoch time: 48.245
------------------------------
<Accuracies on val> class : 79.00
------------------------------
<Accuracies on test> class : 80.60
------------------------------
Total epoch time: 53.451

New epoch - lr: 0.0001
[1/165 iteration of epoch 41/50] 
 {loss} cls : 0.138, total : 0.138 
 {acc} cls : 93.75
[31/165 iteration of epoch 41/50] 
 {loss} cls : 0.126, total : 0.126 
 {acc} cls : 95.31
[61/165 iteration of epoch 41/50] 
 {loss} cls : 0.154, total : 0.154 
 {acc} cls : 92.19
[91/165 iteration of epoch 41/50] 
 {loss} cls : 0.197, total : 0.197 
 {acc} cls : 93.75
[121/165 iteration of epoch 41/50] 
 {loss} cls : 0.141, total : 0.141 
 {acc} cls : 96.88
[151/165 iteration of epoch 41/50] 
 {loss} cls : 0.138, total : 0.138 
 {acc} cls : 93.75
------------------------------
<Losses on train> cls : 0.178, total : 0.178
<Accuracies on train> cls : 92.91
Train epoch time: 48.914
------------------------------
<Accuracies on val> class : 79.24
------------------------------
<Accuracies on test> class : 79.58
------------------------------
Total epoch time: 54.149

New epoch - lr: 0.0001
[1/165 iteration of epoch 42/50] 
 {loss} cls : 0.180, total : 0.180 
 {acc} cls : 90.62
[31/165 iteration of epoch 42/50] 
 {loss} cls : 0.281, total : 0.281 
 {acc} cls : 87.50
[61/165 iteration of epoch 42/50] 
 {loss} cls : 0.319, total : 0.319 
 {acc} cls : 85.94
[91/165 iteration of epoch 42/50] 
 {loss} cls : 0.222, total : 0.222 
 {acc} cls : 90.62
[121/165 iteration of epoch 42/50] 
 {loss} cls : 0.165, total : 0.165 
 {acc} cls : 92.19
[151/165 iteration of epoch 42/50] 
 {loss} cls : 0.162, total : 0.162 
 {acc} cls : 95.31
------------------------------
<Losses on train> cls : 0.180, total : 0.180
<Accuracies on train> cls : 92.85
Train epoch time: 48.420
------------------------------
<Accuracies on val> class : 79.36
------------------------------
<Accuracies on test> class : 81.08
------------------------------
Total epoch time: 53.468

New epoch - lr: 0.0001
[1/165 iteration of epoch 43/50] 
 {loss} cls : 0.166, total : 0.166 
 {acc} cls : 96.88
[31/165 iteration of epoch 43/50] 
 {loss} cls : 0.208, total : 0.208 
 {acc} cls : 90.62
[61/165 iteration of epoch 43/50] 
 {loss} cls : 0.081, total : 0.081 
 {acc} cls : 96.88
[91/165 iteration of epoch 43/50] 
 {loss} cls : 0.131, total : 0.131 
 {acc} cls : 95.31
[121/165 iteration of epoch 43/50] 
 {loss} cls : 0.151, total : 0.151 
 {acc} cls : 95.31
[151/165 iteration of epoch 43/50] 
 {loss} cls : 0.176, total : 0.176 
 {acc} cls : 92.19
------------------------------
<Losses on train> cls : 0.175, total : 0.175
<Accuracies on train> cls : 93.11
Train epoch time: 47.955
------------------------------
<Accuracies on val> class : 78.88
------------------------------
<Accuracies on test> class : 80.12
------------------------------
Total epoch time: 52.984

New epoch - lr: 0.0001
[1/165 iteration of epoch 44/50] 
 {loss} cls : 0.176, total : 0.176 
 {acc} cls : 92.19
[31/165 iteration of epoch 44/50] 
 {loss} cls : 0.170, total : 0.170 
 {acc} cls : 90.62
[61/165 iteration of epoch 44/50] 
 {loss} cls : 0.139, total : 0.139 
 {acc} cls : 95.31
[91/165 iteration of epoch 44/50] 
 {loss} cls : 0.212, total : 0.212 
 {acc} cls : 92.19
[121/165 iteration of epoch 44/50] 
 {loss} cls : 0.128, total : 0.128 
 {acc} cls : 95.31
[151/165 iteration of epoch 44/50] 
 {loss} cls : 0.116, total : 0.116 
 {acc} cls : 95.31
------------------------------
<Losses on train> cls : 0.176, total : 0.176
<Accuracies on train> cls : 92.99
Train epoch time: 47.900
------------------------------
<Accuracies on val> class : 78.17
------------------------------
<Accuracies on test> class : 79.70
------------------------------
Total epoch time: 53.103

New epoch - lr: 0.0001
[1/165 iteration of epoch 45/50] 
 {loss} cls : 0.249, total : 0.249 
 {acc} cls : 90.62
[31/165 iteration of epoch 45/50] 
 {loss} cls : 0.142, total : 0.142 
 {acc} cls : 93.75
[61/165 iteration of epoch 45/50] 
 {loss} cls : 0.158, total : 0.158 
 {acc} cls : 93.75
[91/165 iteration of epoch 45/50] 
 {loss} cls : 0.332, total : 0.332 
 {acc} cls : 84.38
[121/165 iteration of epoch 45/50] 
 {loss} cls : 0.224, total : 0.224 
 {acc} cls : 90.62
[151/165 iteration of epoch 45/50] 
 {loss} cls : 0.297, total : 0.297 
 {acc} cls : 87.50
------------------------------
<Losses on train> cls : 0.174, total : 0.174
<Accuracies on train> cls : 92.99
Train epoch time: 48.577
------------------------------
<Accuracies on val> class : 78.29
------------------------------
<Accuracies on test> class : 79.70
------------------------------
Total epoch time: 53.342

New epoch - lr: 0.0001
[1/165 iteration of epoch 46/50] 
 {loss} cls : 0.197, total : 0.197 
 {acc} cls : 92.19
[31/165 iteration of epoch 46/50] 
 {loss} cls : 0.147, total : 0.147 
 {acc} cls : 92.19
[61/165 iteration of epoch 46/50] 
 {loss} cls : 0.065, total : 0.065 
 {acc} cls : 98.44
[91/165 iteration of epoch 46/50] 
 {loss} cls : 0.217, total : 0.217 
 {acc} cls : 89.06
[121/165 iteration of epoch 46/50] 
 {loss} cls : 0.346, total : 0.346 
 {acc} cls : 84.38
[151/165 iteration of epoch 46/50] 
 {loss} cls : 0.223, total : 0.223 
 {acc} cls : 90.62
------------------------------
<Losses on train> cls : 0.175, total : 0.175
<Accuracies on train> cls : 92.88
Train epoch time: 48.295
------------------------------
<Accuracies on val> class : 78.65
------------------------------
<Accuracies on test> class : 79.22
------------------------------
Total epoch time: 53.042

New epoch - lr: 0.0001
[1/165 iteration of epoch 47/50] 
 {loss} cls : 0.287, total : 0.287 
 {acc} cls : 89.06
[31/165 iteration of epoch 47/50] 
 {loss} cls : 0.205, total : 0.205 
 {acc} cls : 90.62
[61/165 iteration of epoch 47/50] 
 {loss} cls : 0.066, total : 0.066 
 {acc} cls : 98.44
[91/165 iteration of epoch 47/50] 
 {loss} cls : 0.093, total : 0.093 
 {acc} cls : 98.44
[121/165 iteration of epoch 47/50] 
 {loss} cls : 0.143, total : 0.143 
 {acc} cls : 93.75
[151/165 iteration of epoch 47/50] 
 {loss} cls : 0.109, total : 0.109 
 {acc} cls : 95.31
------------------------------
<Losses on train> cls : 0.176, total : 0.176
<Accuracies on train> cls : 92.94
Train epoch time: 48.110
------------------------------
<Accuracies on val> class : 78.53
------------------------------
<Accuracies on test> class : 79.94
------------------------------
Total epoch time: 53.003

New epoch - lr: 0.0001
[1/165 iteration of epoch 48/50] 
 {loss} cls : 0.107, total : 0.107 
 {acc} cls : 96.88
[31/165 iteration of epoch 48/50] 
 {loss} cls : 0.170, total : 0.170 
 {acc} cls : 95.31
[61/165 iteration of epoch 48/50] 
 {loss} cls : 0.280, total : 0.280 
 {acc} cls : 87.50
[91/165 iteration of epoch 48/50] 
 {loss} cls : 0.160, total : 0.160 
 {acc} cls : 93.75
[121/165 iteration of epoch 48/50] 
 {loss} cls : 0.200, total : 0.200 
 {acc} cls : 92.19
[151/165 iteration of epoch 48/50] 
 {loss} cls : 0.282, total : 0.282 
 {acc} cls : 92.19
------------------------------
<Losses on train> cls : 0.175, total : 0.175
<Accuracies on train> cls : 93.08
Train epoch time: 47.960
------------------------------
<Accuracies on val> class : 77.94
------------------------------
<Accuracies on test> class : 77.90
------------------------------
Total epoch time: 52.725

New epoch - lr: 0.0001
[1/165 iteration of epoch 49/50] 
 {loss} cls : 0.208, total : 0.208 
 {acc} cls : 93.75
[31/165 iteration of epoch 49/50] 
 {loss} cls : 0.160, total : 0.160 
 {acc} cls : 93.75
[61/165 iteration of epoch 49/50] 
 {loss} cls : 0.185, total : 0.185 
 {acc} cls : 92.19
[91/165 iteration of epoch 49/50] 
 {loss} cls : 0.128, total : 0.128 
 {acc} cls : 98.44
[121/165 iteration of epoch 49/50] 
 {loss} cls : 0.141, total : 0.141 
 {acc} cls : 93.75
[151/165 iteration of epoch 49/50] 
 {loss} cls : 0.224, total : 0.224 
 {acc} cls : 87.50
------------------------------
<Losses on train> cls : 0.175, total : 0.175
<Accuracies on train> cls : 93.14
Train epoch time: 48.298
------------------------------
<Accuracies on val> class : 78.65
------------------------------
<Accuracies on test> class : 78.86
------------------------------
Total epoch time: 53.060

New epoch - lr: 0.0001
[1/165 iteration of epoch 50/50] 
 {loss} cls : 0.241, total : 0.241 
 {acc} cls : 93.75
[31/165 iteration of epoch 50/50] 
 {loss} cls : 0.238, total : 0.238 
 {acc} cls : 89.06
[61/165 iteration of epoch 50/50] 
 {loss} cls : 0.130, total : 0.130 
 {acc} cls : 95.31
[91/165 iteration of epoch 50/50] 
 {loss} cls : 0.212, total : 0.212 
 {acc} cls : 92.19
[121/165 iteration of epoch 50/50] 
 {loss} cls : 0.218, total : 0.218 
 {acc} cls : 90.62
[151/165 iteration of epoch 50/50] 
 {loss} cls : 0.110, total : 0.110 
 {acc} cls : 95.31
------------------------------
<Losses on train> cls : 0.178, total : 0.178
<Accuracies on train> cls : 92.92
Train epoch time: 47.819
------------------------------
<Accuracies on val> class : 78.53
------------------------------
<Accuracies on test> class : 80.54
------------------------------
Total epoch time: 52.665

******************************
Best val 0.812574, corresponding test 0.843114 - best test: 0.847904