
Loading experiment Officehome/ResNet18_step


New epoch - lr: 0.003
[1/34 iteration of epoch 1/50] 
 {loss} cls : 4.323, fac : 13.002, total : 17.325 
 {acc} cls : 0.78
[31/34 iteration of epoch 1/50] 
 {loss} cls : 2.021, fac : 11.767, total : 13.787 
 {acc} cls : 59.38
------------------------------
<Losses on train> cls : 3.151, fac : 11.976, total : 15.128
<Accuracies on train> cls : 27.99
Train epoch time: 133.526
------------------------------
<Accuracies on val> class : 48.76
------------------------------
<Accuracies on test> class : 37.22
------------------------------
<Accuracies on Clipart> test class : 28.71
------------------------------
<Accuracies on Product> test class : 35.82
------------------------------
<Accuracies on Real_World> test class : 47.17
------------------------------
Total epoch time: 364.068

New epoch - lr: 0.003
[1/34 iteration of epoch 2/50] 
 {loss} cls : 2.170, fac : 11.769, total : 13.939 
 {acc} cls : 48.44
[31/34 iteration of epoch 2/50] 
 {loss} cls : 1.401, fac : 12.139, total : 13.540 
 {acc} cls : 58.59
------------------------------
<Losses on train> cls : 1.709, fac : 11.976, total : 13.686
<Accuracies on train> cls : 55.91
Train epoch time: 150.763
------------------------------
<Accuracies on val> class : 59.92
------------------------------
<Accuracies on test> class : 51.78
------------------------------
<Accuracies on Clipart> test class : 40.34
------------------------------
<Accuracies on Product> test class : 52.31
------------------------------
<Accuracies on Real_World> test class : 62.70
------------------------------
Total epoch time: 382.980

New epoch - lr: 0.003
[1/34 iteration of epoch 3/50] 
 {loss} cls : 1.389, fac : 11.900, total : 13.289 
 {acc} cls : 61.72
[31/34 iteration of epoch 3/50] 
 {loss} cls : 1.579, fac : 11.719, total : 13.298 
 {acc} cls : 57.03
------------------------------
<Losses on train> cls : 1.262, fac : 11.789, total : 13.050
<Accuracies on train> cls : 67.14
Train epoch time: 147.168
------------------------------
<Accuracies on val> class : 61.16
------------------------------
<Accuracies on test> class : 52.37
------------------------------
<Accuracies on Clipart> test class : 40.87
------------------------------
<Accuracies on Product> test class : 52.65
------------------------------
<Accuracies on Real_World> test class : 63.62
------------------------------
Total epoch time: 379.551

New epoch - lr: 0.003
[1/34 iteration of epoch 4/50] 
 {loss} cls : 0.853, fac : 11.710, total : 12.563 
 {acc} cls : 78.91
[31/34 iteration of epoch 4/50] 
 {loss} cls : 0.897, fac : 11.836, total : 12.733 
 {acc} cls : 74.22
------------------------------
<Losses on train> cls : 0.991, fac : 11.846, total : 12.836
<Accuracies on train> cls : 73.05
Train epoch time: 129.446
------------------------------
<Accuracies on val> class : 61.57
------------------------------
<Accuracies on test> class : 53.04
------------------------------
<Accuracies on Clipart> test class : 41.24
------------------------------
<Accuracies on Product> test class : 53.37
------------------------------
<Accuracies on Real_World> test class : 64.54
------------------------------
Total epoch time: 362.416

New epoch - lr: 0.003
[1/34 iteration of epoch 5/50] 
 {loss} cls : 0.725, fac : 11.813, total : 12.537 
 {acc} cls : 80.47
[31/34 iteration of epoch 5/50] 
 {loss} cls : 0.747, fac : 11.711, total : 12.458 
 {acc} cls : 80.47
------------------------------
<Losses on train> cls : 0.804, fac : 11.740, total : 12.544
<Accuracies on train> cls : 78.24
Train epoch time: 127.143
------------------------------
<Accuracies on val> class : 60.33
------------------------------
<Accuracies on test> class : 54.04
------------------------------
<Accuracies on Clipart> test class : 41.17
------------------------------
<Accuracies on Product> test class : 54.88
------------------------------
<Accuracies on Real_World> test class : 66.08
------------------------------
Total epoch time: 355.938

New epoch - lr: 0.003
[1/34 iteration of epoch 6/50] 
 {loss} cls : 0.775, fac : 11.718, total : 12.493 
 {acc} cls : 81.25
[31/34 iteration of epoch 6/50] 
 {loss} cls : 0.631, fac : 11.719, total : 12.350 
 {acc} cls : 79.69
------------------------------
<Losses on train> cls : 0.667, fac : 11.794, total : 12.461
<Accuracies on train> cls : 82.24
Train epoch time: 133.270
------------------------------
<Accuracies on val> class : 62.81
------------------------------
<Accuracies on test> class : 53.70
------------------------------
<Accuracies on Clipart> test class : 41.35
------------------------------
<Accuracies on Product> test class : 54.31
------------------------------
<Accuracies on Real_World> test class : 65.46
------------------------------
Total epoch time: 360.762

New epoch - lr: 0.003
[1/34 iteration of epoch 7/50] 
 {loss} cls : 0.696, fac : 11.719, total : 12.414 
 {acc} cls : 78.91
[31/34 iteration of epoch 7/50] 
 {loss} cls : 0.667, fac : 11.820, total : 12.487 
 {acc} cls : 86.72
------------------------------
<Losses on train> cls : 0.576, fac : 11.744, total : 12.320
<Accuracies on train> cls : 84.47
Train epoch time: 126.509
------------------------------
<Accuracies on val> class : 61.98
------------------------------
<Accuracies on test> class : 54.70
------------------------------
<Accuracies on Clipart> test class : 43.07
------------------------------
<Accuracies on Product> test class : 55.73
------------------------------
<Accuracies on Real_World> test class : 65.30
------------------------------
Total epoch time: 355.100

New epoch - lr: 0.003
[1/34 iteration of epoch 8/50] 
 {loss} cls : 0.398, fac : 11.788, total : 12.186 
 {acc} cls : 90.62
[31/34 iteration of epoch 8/50] 
 {loss} cls : 0.587, fac : 11.724, total : 12.311 
 {acc} cls : 85.16
------------------------------
<Losses on train> cls : 0.505, fac : 11.768, total : 12.274
<Accuracies on train> cls : 87.04
Train epoch time: 118.563
------------------------------
<Accuracies on val> class : 61.16
------------------------------
<Accuracies on test> class : 53.76
------------------------------
<Accuracies on Clipart> test class : 42.08
------------------------------
<Accuracies on Product> test class : 53.80
------------------------------
<Accuracies on Real_World> test class : 65.41
------------------------------
Total epoch time: 354.533

New epoch - lr: 0.003
[1/34 iteration of epoch 9/50] 
 {loss} cls : 0.469, fac : 11.708, total : 12.177 
 {acc} cls : 89.06
[31/34 iteration of epoch 9/50] 
 {loss} cls : 0.563, fac : 11.719, total : 12.282 
 {acc} cls : 85.94
------------------------------
<Losses on train> cls : 0.459, fac : 11.739, total : 12.197
<Accuracies on train> cls : 88.33
Train epoch time: 121.257
------------------------------
<Accuracies on val> class : 60.33
------------------------------
<Accuracies on test> class : 53.39
------------------------------
<Accuracies on Clipart> test class : 42.77
------------------------------
<Accuracies on Product> test class : 53.12
------------------------------
<Accuracies on Real_World> test class : 64.31
------------------------------
Total epoch time: 349.678

New epoch - lr: 0.003
[1/34 iteration of epoch 10/50] 
 {loss} cls : 0.448, fac : 11.946, total : 12.394 
 {acc} cls : 89.84
[31/34 iteration of epoch 10/50] 
 {loss} cls : 0.557, fac : 11.715, total : 12.272 
 {acc} cls : 82.03
------------------------------
<Losses on train> cls : 0.425, fac : 11.815, total : 12.240
<Accuracies on train> cls : 88.67
Train epoch time: 138.305
------------------------------
<Accuracies on val> class : 62.81
------------------------------
<Accuracies on test> class : 54.11
------------------------------
<Accuracies on Clipart> test class : 42.36
------------------------------
<Accuracies on Product> test class : 55.46
------------------------------
<Accuracies on Real_World> test class : 64.49
------------------------------
Total epoch time: 357.673

New epoch - lr: 0.003
[1/34 iteration of epoch 11/50] 
 {loss} cls : 0.540, fac : 11.714, total : 12.255 
 {acc} cls : 85.94
[31/34 iteration of epoch 11/50] 
 {loss} cls : 0.242, fac : 11.703, total : 11.944 
 {acc} cls : 95.31
------------------------------
<Losses on train> cls : 0.407, fac : 11.708, total : 12.115
<Accuracies on train> cls : 89.87
Train epoch time: 137.834
------------------------------
<Accuracies on val> class : 63.22
------------------------------
<Accuracies on test> class : 53.75
------------------------------
<Accuracies on Clipart> test class : 42.50
------------------------------
<Accuracies on Product> test class : 53.91
------------------------------
<Accuracies on Real_World> test class : 64.86
------------------------------
Total epoch time: 359.227

New epoch - lr: 0.003
[1/34 iteration of epoch 12/50] 
 {loss} cls : 0.382, fac : 11.707, total : 12.090 
 {acc} cls : 90.62
[31/34 iteration of epoch 12/50] 
 {loss} cls : 0.515, fac : 11.696, total : 12.210 
 {acc} cls : 87.50
------------------------------
<Losses on train> cls : 0.384, fac : 11.701, total : 12.085
<Accuracies on train> cls : 89.87
Train epoch time: 125.189
------------------------------
<Accuracies on val> class : 62.81
------------------------------
<Accuracies on test> class : 52.32
------------------------------
<Accuracies on Clipart> test class : 41.86
------------------------------
<Accuracies on Product> test class : 52.24
------------------------------
<Accuracies on Real_World> test class : 62.89
------------------------------
Total epoch time: 354.190

New epoch - lr: 0.003
[1/34 iteration of epoch 13/50] 
 {loss} cls : 0.186, fac : 11.700, total : 11.886 
 {acc} cls : 95.31
[31/34 iteration of epoch 13/50] 
 {loss} cls : 0.413, fac : 11.714, total : 12.127 
 {acc} cls : 88.28
------------------------------
<Losses on train> cls : 0.356, fac : 11.760, total : 12.116
<Accuracies on train> cls : 90.53
Train epoch time: 123.229
------------------------------
<Accuracies on val> class : 65.29
------------------------------
<Accuracies on test> class : 53.73
------------------------------
<Accuracies on Clipart> test class : 41.65
------------------------------
<Accuracies on Product> test class : 54.58
------------------------------
<Accuracies on Real_World> test class : 64.98
------------------------------
Total epoch time: 351.043

New epoch - lr: 0.003
[1/34 iteration of epoch 14/50] 
 {loss} cls : 0.367, fac : 11.702, total : 12.069 
 {acc} cls : 89.06
[31/34 iteration of epoch 14/50] 
 {loss} cls : 0.375, fac : 11.696, total : 12.071 
 {acc} cls : 88.28
------------------------------
<Losses on train> cls : 0.335, fac : 11.698, total : 12.033
<Accuracies on train> cls : 91.41
Train epoch time: 139.296
------------------------------
<Accuracies on val> class : 65.70
------------------------------
<Accuracies on test> class : 55.03
------------------------------
<Accuracies on Clipart> test class : 44.01
------------------------------
<Accuracies on Product> test class : 55.55
------------------------------
<Accuracies on Real_World> test class : 65.55
------------------------------
Total epoch time: 366.533

New epoch - lr: 0.003
[1/34 iteration of epoch 15/50] 
 {loss} cls : 0.229, fac : 11.692, total : 11.921 
 {acc} cls : 95.31
[31/34 iteration of epoch 15/50] 
 {loss} cls : 0.417, fac : 11.700, total : 12.117 
 {acc} cls : 89.06
------------------------------
<Losses on train> cls : 0.284, fac : 11.695, total : 11.979
<Accuracies on train> cls : 92.69
Train epoch time: 139.469
------------------------------
<Accuracies on val> class : 61.98
------------------------------
<Accuracies on test> class : 54.53
------------------------------
<Accuracies on Clipart> test class : 43.44
------------------------------
<Accuracies on Product> test class : 54.72
------------------------------
<Accuracies on Real_World> test class : 65.46
------------------------------
Total epoch time: 360.542

New epoch - lr: 0.003
[1/34 iteration of epoch 16/50] 
 {loss} cls : 0.267, fac : 11.693, total : 11.960 
 {acc} cls : 90.62
[31/34 iteration of epoch 16/50] 
 {loss} cls : 0.164, fac : 11.700, total : 11.865 
 {acc} cls : 95.31
------------------------------
<Losses on train> cls : 0.276, fac : 11.742, total : 12.018
<Accuracies on train> cls : 92.60
Train epoch time: 133.278
------------------------------
<Accuracies on val> class : 64.05
------------------------------
<Accuracies on test> class : 53.48
------------------------------
<Accuracies on Clipart> test class : 43.34
------------------------------
<Accuracies on Product> test class : 53.28
------------------------------
<Accuracies on Real_World> test class : 63.85
------------------------------
Total epoch time: 354.572

New epoch - lr: 0.003
[1/34 iteration of epoch 17/50] 
 {loss} cls : 0.161, fac : 11.695, total : 11.856 
 {acc} cls : 95.31
[31/34 iteration of epoch 17/50] 
 {loss} cls : 0.274, fac : 11.693, total : 11.967 
 {acc} cls : 90.62
------------------------------
<Losses on train> cls : 0.268, fac : 11.693, total : 11.961
<Accuracies on train> cls : 93.27
Train epoch time: 124.448
------------------------------
<Accuracies on val> class : 64.46
------------------------------
<Accuracies on test> class : 55.39
------------------------------
<Accuracies on Clipart> test class : 44.83
------------------------------
<Accuracies on Product> test class : 55.67
------------------------------
<Accuracies on Real_World> test class : 65.69
------------------------------
Total epoch time: 345.384

New epoch - lr: 0.003
[1/34 iteration of epoch 18/50] 
 {loss} cls : 0.219, fac : 11.689, total : 11.908 
 {acc} cls : 92.97
[31/34 iteration of epoch 18/50] 
 {loss} cls : 0.305, fac : 11.690, total : 11.995 
 {acc} cls : 91.41
------------------------------
<Losses on train> cls : 0.270, fac : 11.690, total : 11.961
<Accuracies on train> cls : 92.69
Train epoch time: 143.351
------------------------------
<Accuracies on val> class : 64.46
------------------------------
<Accuracies on test> class : 54.20
------------------------------
<Accuracies on Clipart> test class : 42.89
------------------------------
<Accuracies on Product> test class : 54.81
------------------------------
<Accuracies on Real_World> test class : 64.91
------------------------------
Total epoch time: 369.520

New epoch - lr: 0.003
[1/34 iteration of epoch 19/50] 
 {loss} cls : 0.324, fac : 11.687, total : 12.011 
 {acc} cls : 89.84
[31/34 iteration of epoch 19/50] 
 {loss} cls : 0.238, fac : 11.706, total : 11.945 
 {acc} cls : 92.19
------------------------------
<Losses on train> cls : 0.269, fac : 11.694, total : 11.962
<Accuracies on train> cls : 92.81
Train epoch time: 121.507
------------------------------
<Accuracies on val> class : 61.98
------------------------------
<Accuracies on test> class : 55.40
------------------------------
<Accuracies on Clipart> test class : 44.72
------------------------------
<Accuracies on Product> test class : 55.60
------------------------------
<Accuracies on Real_World> test class : 65.89
------------------------------
Total epoch time: 345.524

New epoch - lr: 0.003
[1/34 iteration of epoch 20/50] 
 {loss} cls : 0.183, fac : 11.745, total : 11.927 
 {acc} cls : 95.31
[31/34 iteration of epoch 20/50] 
 {loss} cls : 0.187, fac : 11.689, total : 11.876 
 {acc} cls : 95.31
------------------------------
<Losses on train> cls : 0.242, fac : 11.716, total : 11.957
<Accuracies on train> cls : 93.77
Train epoch time: 147.223
------------------------------
<Accuracies on val> class : 60.74
------------------------------
<Accuracies on test> class : 53.50
------------------------------
<Accuracies on Clipart> test class : 41.92
------------------------------
<Accuracies on Product> test class : 54.09
------------------------------
<Accuracies on Real_World> test class : 64.49
------------------------------
Total epoch time: 369.999

New epoch - lr: 0.003
[1/34 iteration of epoch 21/50] 
 {loss} cls : 0.163, fac : 11.692, total : 11.855 
 {acc} cls : 95.31
[31/34 iteration of epoch 21/50] 
 {loss} cls : 0.147, fac : 11.688, total : 11.835 
 {acc} cls : 96.88
------------------------------
<Losses on train> cls : 0.249, fac : 11.688, total : 11.937
<Accuracies on train> cls : 93.31
Train epoch time: 132.574
------------------------------
<Accuracies on val> class : 62.81
------------------------------
<Accuracies on test> class : 53.72
------------------------------
<Accuracies on Clipart> test class : 42.93
------------------------------
<Accuracies on Product> test class : 53.71
------------------------------
<Accuracies on Real_World> test class : 64.54
------------------------------
Total epoch time: 355.806

New epoch - lr: 0.003
[1/34 iteration of epoch 22/50] 
 {loss} cls : 0.198, fac : 11.686, total : 11.883 
 {acc} cls : 93.75
[31/34 iteration of epoch 22/50] 
 {loss} cls : 0.178, fac : 11.687, total : 11.865 
 {acc} cls : 96.09
------------------------------
<Losses on train> cls : 0.224, fac : 11.687, total : 11.911
<Accuracies on train> cls : 94.16
Train epoch time: 136.507
------------------------------
<Accuracies on val> class : 63.22
------------------------------
<Accuracies on test> class : 54.30
------------------------------
<Accuracies on Clipart> test class : 43.14
------------------------------
<Accuracies on Product> test class : 54.31
------------------------------
<Accuracies on Real_World> test class : 65.48
------------------------------
Total epoch time: 358.862

New epoch - lr: 0.003
[1/34 iteration of epoch 23/50] 
 {loss} cls : 0.106, fac : 11.687, total : 11.793 
 {acc} cls : 96.88
[31/34 iteration of epoch 23/50] 
 {loss} cls : 0.137, fac : 11.686, total : 11.823 
 {acc} cls : 96.88
------------------------------
<Losses on train> cls : 0.206, fac : 11.686, total : 11.892
<Accuracies on train> cls : 94.32
Train epoch time: 125.052
------------------------------
<Accuracies on val> class : 61.57
------------------------------
<Accuracies on test> class : 53.92
------------------------------
<Accuracies on Clipart> test class : 43.37
------------------------------
<Accuracies on Product> test class : 54.34
------------------------------
<Accuracies on Real_World> test class : 64.08
------------------------------
Total epoch time: 347.917

New epoch - lr: 0.003
[1/34 iteration of epoch 24/50] 
 {loss} cls : 0.194, fac : 11.684, total : 11.878 
 {acc} cls : 93.75
[31/34 iteration of epoch 24/50] 
 {loss} cls : 0.117, fac : 11.695, total : 11.811 
 {acc} cls : 98.44
------------------------------
<Losses on train> cls : 0.207, fac : 11.702, total : 11.909
<Accuracies on train> cls : 94.44
Train epoch time: 134.697
------------------------------
<Accuracies on val> class : 63.64
------------------------------
<Accuracies on test> class : 54.61
------------------------------
<Accuracies on Clipart> test class : 44.35
------------------------------
<Accuracies on Product> test class : 54.45
------------------------------
<Accuracies on Real_World> test class : 65.04
------------------------------
Total epoch time: 358.304

New epoch - lr: 0.003
[1/34 iteration of epoch 25/50] 
 {loss} cls : 0.199, fac : 11.690, total : 11.889 
 {acc} cls : 92.97
[31/34 iteration of epoch 25/50] 
 {loss} cls : 0.283, fac : 11.684, total : 11.966 
 {acc} cls : 91.41
------------------------------
<Losses on train> cls : 0.195, fac : 11.685, total : 11.880
<Accuracies on train> cls : 94.55
Train epoch time: 126.978
------------------------------
<Accuracies on val> class : 58.68
------------------------------
<Accuracies on test> class : 52.68
------------------------------
<Accuracies on Clipart> test class : 42.27
------------------------------
<Accuracies on Product> test class : 52.40
------------------------------
<Accuracies on Real_World> test class : 63.39
------------------------------
Total epoch time: 348.795

New epoch - lr: 0.003
[1/34 iteration of epoch 26/50] 
 {loss} cls : 0.218, fac : 11.685, total : 11.904 
 {acc} cls : 94.53
[31/34 iteration of epoch 26/50] 
 {loss} cls : 0.172, fac : 11.684, total : 11.855 
 {acc} cls : 95.31
------------------------------
<Losses on train> cls : 0.195, fac : 11.685, total : 11.880
<Accuracies on train> cls : 94.67
Train epoch time: 134.005
------------------------------
<Accuracies on val> class : 62.40
------------------------------
<Accuracies on test> class : 54.42
------------------------------
<Accuracies on Clipart> test class : 43.69
------------------------------
<Accuracies on Product> test class : 54.79
------------------------------
<Accuracies on Real_World> test class : 64.79
------------------------------
Total epoch time: 358.006

New epoch - lr: 0.003
[1/34 iteration of epoch 27/50] 
 {loss} cls : 0.188, fac : 11.683, total : 11.872 
 {acc} cls : 94.53
[31/34 iteration of epoch 27/50] 
 {loss} cls : 0.156, fac : 11.702, total : 11.858 
 {acc} cls : 94.53
------------------------------
<Losses on train> cls : 0.181, fac : 11.689, total : 11.870
<Accuracies on train> cls : 95.08
Train epoch time: 130.018
------------------------------
<Accuracies on val> class : 61.98
------------------------------
<Accuracies on test> class : 54.35
------------------------------
<Accuracies on Clipart> test class : 43.99
------------------------------
<Accuracies on Product> test class : 53.98
------------------------------
<Accuracies on Real_World> test class : 65.11
------------------------------
Total epoch time: 354.284

New epoch - lr: 0.003
[1/34 iteration of epoch 28/50] 
 {loss} cls : 0.288, fac : 11.695, total : 11.983 
 {acc} cls : 89.06
[31/34 iteration of epoch 28/50] 
 {loss} cls : 0.230, fac : 11.682, total : 11.913 
 {acc} cls : 92.97
------------------------------
<Losses on train> cls : 0.198, fac : 11.687, total : 11.885
<Accuracies on train> cls : 94.62
Train epoch time: 132.557
------------------------------
<Accuracies on val> class : 60.33
------------------------------
<Accuracies on test> class : 54.29
------------------------------
<Accuracies on Clipart> test class : 44.10
------------------------------
<Accuracies on Product> test class : 54.36
------------------------------
<Accuracies on Real_World> test class : 64.43
------------------------------
Total epoch time: 355.855

New epoch - lr: 0.003
[1/34 iteration of epoch 29/50] 
 {loss} cls : 0.191, fac : 11.685, total : 11.876 
 {acc} cls : 93.75
[31/34 iteration of epoch 29/50] 
 {loss} cls : 0.242, fac : 11.682, total : 11.924 
 {acc} cls : 92.97
------------------------------
<Losses on train> cls : 0.181, fac : 11.683, total : 11.864
<Accuracies on train> cls : 95.20
Train epoch time: 137.320
------------------------------
<Accuracies on val> class : 63.64
------------------------------
<Accuracies on test> class : 53.68
------------------------------
<Accuracies on Clipart> test class : 43.62
------------------------------
<Accuracies on Product> test class : 53.64
------------------------------
<Accuracies on Real_World> test class : 63.81
------------------------------
Total epoch time: 361.094

New epoch - lr: 0.003
[1/34 iteration of epoch 30/50] 
 {loss} cls : 0.181, fac : 11.681, total : 11.862 
 {acc} cls : 95.31
[31/34 iteration of epoch 30/50] 
 {loss} cls : 0.205, fac : 11.684, total : 11.889 
 {acc} cls : 93.75
------------------------------
<Losses on train> cls : 0.187, fac : 11.687, total : 11.874
<Accuracies on train> cls : 95.20
Train epoch time: 142.780
------------------------------
<Accuracies on val> class : 61.57
------------------------------
<Accuracies on test> class : 53.77
------------------------------
<Accuracies on Clipart> test class : 43.62
------------------------------
<Accuracies on Product> test class : 53.66
------------------------------
<Accuracies on Real_World> test class : 64.06
------------------------------
Total epoch time: 365.853

New epoch - lr: 0.003
[1/34 iteration of epoch 31/50] 
 {loss} cls : 0.126, fac : 11.682, total : 11.807 
 {acc} cls : 97.66
[31/34 iteration of epoch 31/50] 
 {loss} cls : 0.200, fac : 11.684, total : 11.884 
 {acc} cls : 93.75
------------------------------
<Losses on train> cls : 0.178, fac : 11.683, total : 11.861
<Accuracies on train> cls : 94.78
Train epoch time: 123.271
------------------------------
<Accuracies on val> class : 62.40
------------------------------
<Accuracies on test> class : 54.75
------------------------------
<Accuracies on Clipart> test class : 44.49
------------------------------
<Accuracies on Product> test class : 54.54
------------------------------
<Accuracies on Real_World> test class : 65.23
------------------------------
Total epoch time: 345.722

New epoch - lr: 0.003
[1/34 iteration of epoch 32/50] 
 {loss} cls : 0.157, fac : 11.682, total : 11.839 
 {acc} cls : 96.88
[31/34 iteration of epoch 32/50] 
 {loss} cls : 0.191, fac : 11.689, total : 11.879 
 {acc} cls : 95.31
------------------------------
<Losses on train> cls : 0.148, fac : 11.707, total : 11.855
<Accuracies on train> cls : 96.05
Train epoch time: 136.724
------------------------------
<Accuracies on val> class : 61.16
------------------------------
<Accuracies on test> class : 52.79
------------------------------
<Accuracies on Clipart> test class : 41.97
------------------------------
<Accuracies on Product> test class : 52.58
------------------------------
<Accuracies on Real_World> test class : 63.85
------------------------------
Total epoch time: 360.560

New epoch - lr: 0.003
[1/34 iteration of epoch 33/50] 
 {loss} cls : 0.135, fac : 11.685, total : 11.820 
 {acc} cls : 96.88
[31/34 iteration of epoch 33/50] 
 {loss} cls : 0.212, fac : 11.681, total : 11.893 
 {acc} cls : 94.53
------------------------------
<Losses on train> cls : 0.160, fac : 11.683, total : 11.843
<Accuracies on train> cls : 95.73
Train epoch time: 116.869
------------------------------
<Accuracies on val> class : 62.81
------------------------------
<Accuracies on test> class : 53.47
------------------------------
<Accuracies on Clipart> test class : 42.93
------------------------------
<Accuracies on Product> test class : 53.57
------------------------------
<Accuracies on Real_World> test class : 63.92
------------------------------
Total epoch time: 337.963

New epoch - lr: 0.003
[1/34 iteration of epoch 34/50] 
 {loss} cls : 0.164, fac : 11.680, total : 11.844 
 {acc} cls : 96.09
[31/34 iteration of epoch 34/50] 
 {loss} cls : 0.116, fac : 11.682, total : 11.798 
 {acc} cls : 96.88
------------------------------
<Losses on train> cls : 0.166, fac : 11.682, total : 11.848
<Accuracies on train> cls : 95.43
Train epoch time: 130.427
------------------------------
<Accuracies on val> class : 61.57
------------------------------
<Accuracies on test> class : 53.56
------------------------------
<Accuracies on Clipart> test class : 43.99
------------------------------
<Accuracies on Product> test class : 52.71
------------------------------
<Accuracies on Real_World> test class : 64.01
------------------------------
Total epoch time: 352.590

New epoch - lr: 0.003
[1/34 iteration of epoch 35/50] 
 {loss} cls : 0.080, fac : 11.684, total : 11.764 
 {acc} cls : 98.44
[31/34 iteration of epoch 35/50] 
 {loss} cls : 0.180, fac : 11.681, total : 11.861 
 {acc} cls : 93.75
------------------------------
<Losses on train> cls : 0.155, fac : 11.681, total : 11.836
<Accuracies on train> cls : 96.05
Train epoch time: 121.927
------------------------------
<Accuracies on val> class : 62.81
------------------------------
<Accuracies on test> class : 53.95
------------------------------
<Accuracies on Clipart> test class : 44.51
------------------------------
<Accuracies on Product> test class : 53.21
------------------------------
<Accuracies on Real_World> test class : 64.17
------------------------------
Total epoch time: 353.661

New epoch - lr: 0.003
[1/34 iteration of epoch 36/50] 
 {loss} cls : 0.087, fac : 11.680, total : 11.768 
 {acc} cls : 97.66
[31/34 iteration of epoch 36/50] 
 {loss} cls : 0.164, fac : 11.681, total : 11.846 
 {acc} cls : 96.88
------------------------------
<Losses on train> cls : 0.149, fac : 11.681, total : 11.830
<Accuracies on train> cls : 96.14
Train epoch time: 132.541
------------------------------
<Accuracies on val> class : 61.98
------------------------------
<Accuracies on test> class : 53.23
------------------------------
<Accuracies on Clipart> test class : 43.30
------------------------------
<Accuracies on Product> test class : 52.74
------------------------------
<Accuracies on Real_World> test class : 63.67
------------------------------
Total epoch time: 356.813

New epoch - lr: 0.003
[1/34 iteration of epoch 37/50] 
 {loss} cls : 0.186, fac : 11.682, total : 11.868 
 {acc} cls : 94.53
[31/34 iteration of epoch 37/50] 
 {loss} cls : 0.100, fac : 11.680, total : 11.780 
 {acc} cls : 96.09
------------------------------
<Losses on train> cls : 0.155, fac : 11.682, total : 11.837
<Accuracies on train> cls : 95.68
Train epoch time: 138.362
------------------------------
<Accuracies on val> class : 62.40
------------------------------
<Accuracies on test> class : 52.79
------------------------------
<Accuracies on Clipart> test class : 43.23
------------------------------
<Accuracies on Product> test class : 52.11
------------------------------
<Accuracies on Real_World> test class : 63.07
------------------------------
Total epoch time: 360.592

New epoch - lr: 0.003
[1/34 iteration of epoch 38/50] 
 {loss} cls : 0.071, fac : 11.681, total : 11.752 
 {acc} cls : 97.66
[31/34 iteration of epoch 38/50] 
 {loss} cls : 0.095, fac : 11.680, total : 11.775 
 {acc} cls : 97.66
------------------------------
<Losses on train> cls : 0.135, fac : 11.681, total : 11.816
<Accuracies on train> cls : 96.32
Train epoch time: 117.490
------------------------------
<Accuracies on val> class : 60.74
------------------------------
<Accuracies on test> class : 53.18
------------------------------
<Accuracies on Clipart> test class : 44.22
------------------------------
<Accuracies on Product> test class : 52.38
------------------------------
<Accuracies on Real_World> test class : 62.98
------------------------------
Total epoch time: 340.319

New epoch - lr: 0.003
[1/34 iteration of epoch 39/50] 
 {loss} cls : 0.153, fac : 11.684, total : 11.837 
 {acc} cls : 95.31
[31/34 iteration of epoch 39/50] 
 {loss} cls : 0.124, fac : 11.686, total : 11.810 
 {acc} cls : 96.09
------------------------------
<Losses on train> cls : 0.139, fac : 11.691, total : 11.830
<Accuracies on train> cls : 96.39
Train epoch time: 116.897
------------------------------
<Accuracies on val> class : 61.98
------------------------------
<Accuracies on test> class : 53.95
------------------------------
<Accuracies on Clipart> test class : 44.26
------------------------------
<Accuracies on Product> test class : 53.39
------------------------------
<Accuracies on Real_World> test class : 64.22
------------------------------
Total epoch time: 339.003

New epoch - lr: 0.003
[1/34 iteration of epoch 40/50] 
 {loss} cls : 0.157, fac : 11.686, total : 11.843 
 {acc} cls : 96.88
[31/34 iteration of epoch 40/50] 
 {loss} cls : 0.110, fac : 11.680, total : 11.789 
 {acc} cls : 96.88
------------------------------
<Losses on train> cls : 0.127, fac : 11.683, total : 11.810
<Accuracies on train> cls : 96.51
Train epoch time: 125.643
------------------------------
<Accuracies on val> class : 60.74
------------------------------
<Accuracies on test> class : 53.61
------------------------------
<Accuracies on Clipart> test class : 43.37
------------------------------
<Accuracies on Product> test class : 53.55
------------------------------
<Accuracies on Real_World> test class : 63.92
------------------------------
Total epoch time: 346.523

New epoch - lr: 0.003
[1/34 iteration of epoch 41/50] 
 {loss} cls : 0.179, fac : 11.683, total : 11.862 
 {acc} cls : 96.09
[31/34 iteration of epoch 41/50] 
 {loss} cls : 0.066, fac : 11.684, total : 11.750 
 {acc} cls : 97.66
------------------------------
<Losses on train> cls : 0.132, fac : 11.682, total : 11.814
<Accuracies on train> cls : 96.67
Train epoch time: 138.218
------------------------------
<Accuracies on val> class : 61.98
------------------------------
<Accuracies on test> class : 52.84
------------------------------
<Accuracies on Clipart> test class : 43.21
------------------------------
<Accuracies on Product> test class : 51.77
------------------------------
<Accuracies on Real_World> test class : 63.58
------------------------------
Total epoch time: 361.649

New epoch - lr: 0.003
[1/34 iteration of epoch 42/50] 
 {loss} cls : 0.129, fac : 11.682, total : 11.811 
 {acc} cls : 96.09
[31/34 iteration of epoch 42/50] 
 {loss} cls : 0.087, fac : 11.690, total : 11.777 
 {acc} cls : 96.88
------------------------------
<Losses on train> cls : 0.111, fac : 11.686, total : 11.797
<Accuracies on train> cls : 97.17
Train epoch time: 141.043
------------------------------
<Accuracies on val> class : 60.74
------------------------------
<Accuracies on test> class : 52.97
------------------------------
<Accuracies on Clipart> test class : 42.70
------------------------------
<Accuracies on Product> test class : 53.03
------------------------------
<Accuracies on Real_World> test class : 63.21
------------------------------
Total epoch time: 365.111

New epoch - lr: 0.003
[1/34 iteration of epoch 43/50] 
 {loss} cls : 0.079, fac : 11.685, total : 11.764 
 {acc} cls : 96.88
[31/34 iteration of epoch 43/50] 
 {loss} cls : 0.153, fac : 11.682, total : 11.835 
 {acc} cls : 95.31
------------------------------
<Losses on train> cls : 0.114, fac : 11.682, total : 11.795
<Accuracies on train> cls : 97.01
Train epoch time: 152.410
------------------------------
<Accuracies on val> class : 61.98
------------------------------
<Accuracies on test> class : 53.07
------------------------------
<Accuracies on Clipart> test class : 43.25
------------------------------
<Accuracies on Product> test class : 52.22
------------------------------
<Accuracies on Real_World> test class : 63.76
------------------------------
Total epoch time: 378.417

New epoch - lr: 0.003
[1/34 iteration of epoch 44/50] 
 {loss} cls : 0.140, fac : 11.680, total : 11.820 
 {acc} cls : 95.31
[31/34 iteration of epoch 44/50] 
 {loss} cls : 0.199, fac : 11.680, total : 11.879 
 {acc} cls : 92.97
------------------------------
<Losses on train> cls : 0.136, fac : 11.680, total : 11.817
<Accuracies on train> cls : 96.28
Train epoch time: 124.730
------------------------------
<Accuracies on val> class : 59.50
------------------------------
<Accuracies on test> class : 52.63
------------------------------
<Accuracies on Clipart> test class : 42.77
------------------------------
<Accuracies on Product> test class : 51.93
------------------------------
<Accuracies on Real_World> test class : 63.21
------------------------------
Total epoch time: 346.721

New epoch - lr: 0.0009000000000000002
[1/34 iteration of epoch 45/50] 
 {loss} cls : 0.142, fac : 11.678, total : 11.820 
 {acc} cls : 96.88
[31/34 iteration of epoch 45/50] 
 {loss} cls : 0.048, fac : 11.679, total : 11.728 
 {acc} cls : 98.44
------------------------------
<Losses on train> cls : 0.108, fac : 11.680, total : 11.788
<Accuracies on train> cls : 97.06
Train epoch time: 137.435
------------------------------
<Accuracies on val> class : 60.33
------------------------------
<Accuracies on test> class : 53.84
------------------------------
<Accuracies on Clipart> test class : 44.28
------------------------------
<Accuracies on Product> test class : 53.39
------------------------------
<Accuracies on Real_World> test class : 63.87
------------------------------
Total epoch time: 356.488

New epoch - lr: 0.0009000000000000002
[1/34 iteration of epoch 46/50] 
 {loss} cls : 0.090, fac : 11.681, total : 11.771 
 {acc} cls : 97.66
[31/34 iteration of epoch 46/50] 
 {loss} cls : 0.093, fac : 11.681, total : 11.773 
 {acc} cls : 97.66
------------------------------
<Losses on train> cls : 0.094, fac : 11.680, total : 11.774
<Accuracies on train> cls : 97.29
Train epoch time: 135.005
------------------------------
<Accuracies on val> class : 61.98
------------------------------
<Accuracies on test> class : 53.67
------------------------------
<Accuracies on Clipart> test class : 43.94
------------------------------
<Accuracies on Product> test class : 53.41
------------------------------
<Accuracies on Real_World> test class : 63.69
------------------------------
Total epoch time: 357.136

New epoch - lr: 0.0009000000000000002
[1/34 iteration of epoch 47/50] 
 {loss} cls : 0.100, fac : 11.679, total : 11.779 
 {acc} cls : 96.09
[31/34 iteration of epoch 47/50] 
 {loss} cls : 0.125, fac : 11.679, total : 11.804 
 {acc} cls : 96.88
------------------------------
<Losses on train> cls : 0.103, fac : 11.680, total : 11.783
<Accuracies on train> cls : 97.22
Train epoch time: 129.631
------------------------------
<Accuracies on val> class : 61.98
------------------------------
<Accuracies on test> class : 53.83
------------------------------
<Accuracies on Clipart> test class : 44.19
------------------------------
<Accuracies on Product> test class : 53.71
------------------------------
<Accuracies on Real_World> test class : 63.60
------------------------------
Total epoch time: 353.634

New epoch - lr: 0.0009000000000000002
[1/34 iteration of epoch 48/50] 
 {loss} cls : 0.082, fac : 11.680, total : 11.762 
 {acc} cls : 97.66
[31/34 iteration of epoch 48/50] 
 {loss} cls : 0.097, fac : 11.679, total : 11.776 
 {acc} cls : 96.88
------------------------------
<Losses on train> cls : 0.098, fac : 11.680, total : 11.778
<Accuracies on train> cls : 97.47
Train epoch time: 113.503
------------------------------
<Accuracies on val> class : 63.22
------------------------------
<Accuracies on test> class : 54.00
------------------------------
<Accuracies on Clipart> test class : 44.93
------------------------------
<Accuracies on Product> test class : 53.53
------------------------------
<Accuracies on Real_World> test class : 63.58
------------------------------
Total epoch time: 338.678

New epoch - lr: 0.0009000000000000002
[1/34 iteration of epoch 49/50] 
 {loss} cls : 0.159, fac : 11.679, total : 11.838 
 {acc} cls : 98.44
[31/34 iteration of epoch 49/50] 
 {loss} cls : 0.077, fac : 11.679, total : 11.755 
 {acc} cls : 98.44
------------------------------
<Losses on train> cls : 0.103, fac : 11.679, total : 11.782
<Accuracies on train> cls : 97.33
Train epoch time: 128.842
------------------------------
<Accuracies on val> class : 61.98
------------------------------
<Accuracies on test> class : 54.46
------------------------------
<Accuracies on Clipart> test class : 44.77
------------------------------
<Accuracies on Product> test class : 54.49
------------------------------
<Accuracies on Real_World> test class : 64.13
------------------------------
Total epoch time: 351.715

New epoch - lr: 0.0009000000000000002
[1/34 iteration of epoch 50/50] 
 {loss} cls : 0.097, fac : 11.679, total : 11.776 
 {acc} cls : 98.44
[31/34 iteration of epoch 50/50] 
 {loss} cls : 0.060, fac : 11.679, total : 11.739 
 {acc} cls : 97.66
------------------------------
<Losses on train> cls : 0.095, fac : 11.680, total : 11.775
<Accuracies on train> cls : 97.31
Train epoch time: 130.091
------------------------------
<Accuracies on val> class : 61.98
------------------------------
<Accuracies on test> class : 54.42
------------------------------
<Accuracies on Clipart> test class : 44.58
------------------------------
<Accuracies on Product> test class : 54.34
------------------------------
<Accuracies on Real_World> test class : 64.36
------------------------------
Total epoch time: 350.655

******************************
Best val 0.657025, corresponding test 0.550338 - best test: 0.553985

******************************
Best val 0.6570248007774353, corresponding Clipart test 0.44009163975715637

******************************
Best val 0.6570248007774353, corresponding Product test 0.5555305480957031

******************************
Best val 0.6570248007774353, corresponding Real_World test 0.6554968953132629
