Include2 CIRL
WARNING:tensorflow:From /homes/55/jianhaoy/projects/EKI/utils/tf_logger.py:16: The name tf.summary.FileWriter is deprecated. Please use tf.compat.v1.summary.FileWriter instead.

WARNING:tensorflow:From /homes/55/jianhaoy/projects/EKI/utils/tf_logger.py:20: The name tf.Summary is deprecated. Please use tf.compat.v1.Summary instead.


Loading experiment PACS/ResNet18_multi

Train: ['/datasets/jianhaoy/PACSC/multi_label_handcrafted2/photo-art_painting/photo_train.txt', '/datasets/jianhaoy/PACSC/multi_label_handcrafted2/photo-art_painting/cartoon_train.txt', '/datasets/jianhaoy/PACSC/multi_label_handcrafted2/photo-art_painting/art_painting_train.txt']

New epoch - lr: 0.001
[1/209 iteration of epoch 1/50] 
 {loss} sup : 2.137, inf : 2.149, fac : 0.223, total : 2.150 
 {acc} sup : 7.81, inf : 15.23
[31/209 iteration of epoch 1/50] 
 {loss} sup : 0.921, inf : 0.911, fac : 0.145, total : 0.921 
 {acc} sup : 70.31, inf : 73.44
[61/209 iteration of epoch 1/50] 
 {loss} sup : 0.715, inf : 0.736, fac : 0.133, total : 0.730 
 {acc} sup : 75.39, inf : 73.05
[91/209 iteration of epoch 1/50] 
 {loss} sup : 0.499, inf : 0.489, fac : 0.099, total : 0.497 
 {acc} sup : 82.42, inf : 83.59
[121/209 iteration of epoch 1/50] 
 {loss} sup : 0.543, inf : 0.540, fac : 0.099, total : 0.545 
 {acc} sup : 83.59, inf : 80.47
[151/209 iteration of epoch 1/50] 
 {loss} sup : 0.524, inf : 0.533, fac : 0.086, total : 0.531 
 {acc} sup : 79.30, inf : 80.08
[181/209 iteration of epoch 1/50] 
 {loss} sup : 0.382, inf : 0.386, fac : 0.061, total : 0.386 
 {acc} sup : 86.72, inf : 85.55
------------------------------
<Losses on train> sup : 0.703, inf : 0.708, fac : 0.114, total : 0.710
<Accuracies on train> sup : 74.17, inf : 73.95
Train epoch time: 951.035
------------------------------
<Accuracies on val> class : 84.58
------------------------------
<Accuracies on test> class : 75.49
------------------------------
Total epoch time: 959.914

New epoch - lr: 0.001
[1/209 iteration of epoch 2/50] 
 {loss} sup : 0.411, inf : 0.413, fac : 0.067, total : 0.426 
 {acc} sup : 85.16, inf : 84.38
[31/209 iteration of epoch 2/50] 
 {loss} sup : 0.474, inf : 0.450, fac : 0.063, total : 0.475 
 {acc} sup : 80.08, inf : 82.03
[61/209 iteration of epoch 2/50] 
 {loss} sup : 0.463, inf : 0.459, fac : 0.074, total : 0.476 
 {acc} sup : 80.47, inf : 81.64
[91/209 iteration of epoch 2/50] 
 {loss} sup : 0.535, inf : 0.528, fac : 0.077, total : 0.547 
 {acc} sup : 78.91, inf : 80.08
[121/209 iteration of epoch 2/50] 
 {loss} sup : 0.490, inf : 0.482, fac : 0.064, total : 0.499 
 {acc} sup : 82.03, inf : 82.42
[151/209 iteration of epoch 2/50] 
 {loss} sup : 0.502, inf : 0.485, fac : 0.038, total : 0.501 
 {acc} sup : 79.30, inf : 81.25
[181/209 iteration of epoch 2/50] 
 {loss} sup : 0.399, inf : 0.403, fac : 0.042, total : 0.409 
 {acc} sup : 87.11, inf : 86.72
------------------------------
<Losses on train> sup : 0.463, inf : 0.462, fac : 0.058, total : 0.474
<Accuracies on train> sup : 82.01, inf : 82.06
Train epoch time: 924.177
------------------------------
<Accuracies on val> class : 87.34
------------------------------
<Accuracies on test> class : 80.91
------------------------------
Total epoch time: 934.605

New epoch - lr: 0.001
[1/209 iteration of epoch 3/50] 
 {loss} sup : 0.352, inf : 0.352, fac : 0.041, total : 0.386 
 {acc} sup : 87.89, inf : 87.89
[31/209 iteration of epoch 3/50] 
 {loss} sup : 0.334, inf : 0.332, fac : 0.036, total : 0.363 
 {acc} sup : 88.28, inf : 88.28
[61/209 iteration of epoch 3/50] 
 {loss} sup : 0.452, inf : 0.455, fac : 0.031, total : 0.479 
 {acc} sup : 84.38, inf : 84.38
[91/209 iteration of epoch 3/50] 
 {loss} sup : 0.532, inf : 0.542, fac : 0.034, total : 0.565 
 {acc} sup : 79.30, inf : 78.52
[121/209 iteration of epoch 3/50] 
 {loss} sup : 0.394, inf : 0.392, fac : 0.029, total : 0.417 
 {acc} sup : 85.16, inf : 85.16
[151/209 iteration of epoch 3/50] 
 {loss} sup : 0.519, inf : 0.520, fac : 0.029, total : 0.544 
 {acc} sup : 80.47, inf : 78.91
[181/209 iteration of epoch 3/50] 
 {loss} sup : 0.452, inf : 0.455, fac : 0.030, total : 0.478 
 {acc} sup : 80.08, inf : 79.30
------------------------------
<Losses on train> sup : 0.414, inf : 0.414, fac : 0.034, total : 0.442
<Accuracies on train> sup : 83.65, inf : 83.65
Train epoch time: 903.423
------------------------------
<Accuracies on val> class : 87.82
------------------------------
<Accuracies on test> class : 81.20
------------------------------
Total epoch time: 912.797

New epoch - lr: 0.001
[1/209 iteration of epoch 4/50] 
 {loss} sup : 0.362, inf : 0.364, fac : 0.027, total : 0.424 
 {acc} sup : 87.89, inf : 87.89
[31/209 iteration of epoch 4/50] 
 {loss} sup : 0.364, inf : 0.358, fac : 0.019, total : 0.404 
 {acc} sup : 85.55, inf : 85.16
[61/209 iteration of epoch 4/50] 
 {loss} sup : 0.411, inf : 0.409, fac : 0.014, total : 0.442 
 {acc} sup : 83.20, inf : 83.20
[91/209 iteration of epoch 4/50] 
 {loss} sup : 0.396, inf : 0.393, fac : 0.020, total : 0.440 
 {acc} sup : 86.33, inf : 85.94
[121/209 iteration of epoch 4/50] 
 {loss} sup : 0.408, inf : 0.404, fac : 0.025, total : 0.463 
 {acc} sup : 86.72, inf : 87.50
[151/209 iteration of epoch 4/50] 
 {loss} sup : 0.390, inf : 0.388, fac : 0.017, total : 0.426 
 {acc} sup : 85.55, inf : 85.94
[181/209 iteration of epoch 4/50] 
 {loss} sup : 0.443, inf : 0.446, fac : 0.012, total : 0.473 
 {acc} sup : 83.59, inf : 82.03
------------------------------
<Losses on train> sup : 0.391, inf : 0.391, fac : 0.019, total : 0.433
<Accuracies on train> sup : 84.35, inf : 84.42
Train epoch time: 888.678
------------------------------
<Accuracies on val> class : 87.82
------------------------------
<Accuracies on test> class : 81.79
------------------------------
Total epoch time: 898.242

New epoch - lr: 0.001
[1/209 iteration of epoch 5/50] 
 {loss} sup : 0.447, inf : 0.443, fac : 0.011, total : 0.489 
 {acc} sup : 82.81, inf : 82.42
[31/209 iteration of epoch 5/50] 
 {loss} sup : 0.361, inf : 0.361, fac : 0.014, total : 0.418 
 {acc} sup : 87.50, inf : 87.89
[61/209 iteration of epoch 5/50] 
 {loss} sup : 0.512, inf : 0.514, fac : 0.012, total : 0.563 
 {acc} sup : 80.86, inf : 81.25
[91/209 iteration of epoch 5/50] 
 {loss} sup : 0.295, inf : 0.303, fac : 0.015, total : 0.360 
 {acc} sup : 88.67, inf : 88.28
[121/209 iteration of epoch 5/50] 
 {loss} sup : 0.481, inf : 0.476, fac : 0.013, total : 0.532 
 {acc} sup : 82.03, inf : 82.03
[151/209 iteration of epoch 5/50] 
 {loss} sup : 0.403, inf : 0.396, fac : 0.013, total : 0.451 
 {acc} sup : 81.64, inf : 82.03
[181/209 iteration of epoch 5/50] 
 {loss} sup : 0.339, inf : 0.337, fac : 0.009, total : 0.375 
 {acc} sup : 85.55, inf : 84.77
------------------------------
<Losses on train> sup : 0.376, inf : 0.376, fac : 0.011, total : 0.423
<Accuracies on train> sup : 84.87, inf : 84.92
Train epoch time: 877.534
------------------------------
<Accuracies on val> class : 88.96
------------------------------
<Accuracies on test> class : 84.03
------------------------------
Total epoch time: 886.299

New epoch - lr: 0.001
[1/209 iteration of epoch 6/50] 
 {loss} sup : 0.367, inf : 0.369, fac : 0.009, total : 0.414 
 {acc} sup : 85.55, inf : 84.77
[31/209 iteration of epoch 6/50] 
 {loss} sup : 0.256, inf : 0.253, fac : 0.012, total : 0.313 
 {acc} sup : 89.06, inf : 89.45
[61/209 iteration of epoch 6/50] 
 {loss} sup : 0.345, inf : 0.349, fac : 0.006, total : 0.379 
 {acc} sup : 85.94, inf : 85.55
[91/209 iteration of epoch 6/50] 
 {loss} sup : 0.565, inf : 0.564, fac : 0.010, total : 0.613 
 {acc} sup : 77.73, inf : 77.34
[121/209 iteration of epoch 6/50] 
 {loss} sup : 0.423, inf : 0.424, fac : 0.005, total : 0.449 
 {acc} sup : 83.98, inf : 83.98
[151/209 iteration of epoch 6/50] 
 {loss} sup : 0.299, inf : 0.298, fac : 0.010, total : 0.347 
 {acc} sup : 87.50, inf : 87.50
[181/209 iteration of epoch 6/50] 
 {loss} sup : 0.343, inf : 0.343, fac : 0.005, total : 0.371 
 {acc} sup : 87.89, inf : 88.28
------------------------------
<Losses on train> sup : 0.358, inf : 0.358, fac : 0.007, total : 0.395
<Accuracies on train> sup : 85.66, inf : 85.70
Train epoch time: 870.799
------------------------------
<Accuracies on val> class : 88.96
------------------------------
<Accuracies on test> class : 83.74
------------------------------
Total epoch time: 879.125

New epoch - lr: 0.001
[1/209 iteration of epoch 7/50] 
 {loss} sup : 0.504, inf : 0.387, fac : 0.005, total : 0.472 
 {acc} sup : 84.77, inf : 86.72
[31/209 iteration of epoch 7/50] 
 {loss} sup : 0.486, inf : 0.377, fac : 0.006, total : 0.464 
 {acc} sup : 83.20, inf : 84.38
[61/209 iteration of epoch 7/50] 
 {loss} sup : 0.490, inf : 0.379, fac : 0.007, total : 0.468 
 {acc} sup : 83.20, inf : 86.33
[91/209 iteration of epoch 7/50] 
 {loss} sup : 0.449, inf : 0.364, fac : 0.007, total : 0.440 
 {acc} sup : 82.42, inf : 84.77
[121/209 iteration of epoch 7/50] 
 {loss} sup : 0.423, inf : 0.352, fac : 0.004, total : 0.406 
 {acc} sup : 83.59, inf : 84.38
[151/209 iteration of epoch 7/50] 
 {loss} sup : 0.552, inf : 0.526, fac : 0.006, total : 0.567 
 {acc} sup : 79.30, inf : 78.52
[181/209 iteration of epoch 7/50] 
 {loss} sup : 0.462, inf : 0.421, fac : 0.006, total : 0.470 
 {acc} sup : 82.03, inf : 84.38
------------------------------
<Losses on train> sup : 0.450, inf : 0.378, fac : 0.006, total : 0.443
<Accuracies on train> sup : 84.52, inf : 85.24
Train epoch time: 863.661
------------------------------
<Accuracies on val> class : 88.80
------------------------------
<Accuracies on test> class : 83.98
------------------------------
Total epoch time: 872.143

New epoch - lr: 0.001
[1/209 iteration of epoch 8/50] 
 {loss} sup : 0.384, inf : 0.349, fac : 0.004, total : 0.388 
 {acc} sup : 87.50, inf : 86.33
[31/209 iteration of epoch 8/50] 
 {loss} sup : 0.421, inf : 0.365, fac : 0.005, total : 0.418 
 {acc} sup : 85.94, inf : 87.11
[61/209 iteration of epoch 8/50] 
 {loss} sup : 0.350, inf : 0.278, fac : 0.003, total : 0.330 
 {acc} sup : 86.33, inf : 89.06
[91/209 iteration of epoch 8/50] 
 {loss} sup : 0.512, inf : 0.459, fac : 0.004, total : 0.507 
 {acc} sup : 80.47, inf : 82.03
[121/209 iteration of epoch 8/50] 
 {loss} sup : 0.350, inf : 0.308, fac : 0.004, total : 0.351 
 {acc} sup : 86.33, inf : 87.11
[151/209 iteration of epoch 8/50] 
 {loss} sup : 0.448, inf : 0.399, fac : 0.004, total : 0.444 
 {acc} sup : 82.81, inf : 85.16
[181/209 iteration of epoch 8/50] 
 {loss} sup : 0.278, inf : 0.254, fac : 0.007, total : 0.301 
 {acc} sup : 89.45, inf : 89.45
------------------------------
<Losses on train> sup : 0.404, inf : 0.363, fac : 0.005, total : 0.408
<Accuracies on train> sup : 84.76, inf : 85.56
Train epoch time: 867.294
------------------------------
<Accuracies on val> class : 89.12
------------------------------
<Accuracies on test> class : 84.23
------------------------------
Total epoch time: 876.176

New epoch - lr: 0.001
[1/209 iteration of epoch 9/50] 
 {loss} sup : 0.280, inf : 0.252, fac : 0.004, total : 0.287 
 {acc} sup : 89.84, inf : 89.06
[31/209 iteration of epoch 9/50] 
 {loss} sup : 0.392, inf : 0.352, fac : 0.006, total : 0.401 
 {acc} sup : 85.55, inf : 88.28
[61/209 iteration of epoch 9/50] 
 {loss} sup : 0.433, inf : 0.387, fac : 0.004, total : 0.430 
 {acc} sup : 82.81, inf : 83.98
[91/209 iteration of epoch 9/50] 
 {loss} sup : 0.309, inf : 0.265, fac : 0.006, total : 0.315 
 {acc} sup : 89.45, inf : 88.28
[121/209 iteration of epoch 9/50] 
 {loss} sup : 0.372, inf : 0.370, fac : 0.004, total : 0.392 
 {acc} sup : 85.55, inf : 85.55
[151/209 iteration of epoch 9/50] 
 {loss} sup : 0.343, inf : 0.340, fac : 0.004, total : 0.361 
 {acc} sup : 84.77, inf : 85.55
[181/209 iteration of epoch 9/50] 
 {loss} sup : 0.327, inf : 0.304, fac : 0.003, total : 0.333 
 {acc} sup : 87.89, inf : 87.89
------------------------------
<Losses on train> sup : 0.382, inf : 0.353, fac : 0.004, total : 0.388
<Accuracies on train> sup : 85.42, inf : 85.77
Train epoch time: 862.331
------------------------------
<Accuracies on val> class : 88.96
------------------------------
<Accuracies on test> class : 84.67
------------------------------
Total epoch time: 870.448

New epoch - lr: 0.001
[1/209 iteration of epoch 10/50] 
 {loss} sup : 0.467, inf : 0.394, fac : 0.005, total : 0.455 
 {acc} sup : 80.86, inf : 87.11
[31/209 iteration of epoch 10/50] 
 {loss} sup : 0.427, inf : 0.422, fac : 0.003, total : 0.440 
 {acc} sup : 80.47, inf : 82.42
[61/209 iteration of epoch 10/50] 
 {loss} sup : 0.424, inf : 0.400, fac : 0.004, total : 0.431 
 {acc} sup : 83.20, inf : 82.42
[91/209 iteration of epoch 10/50] 
 {loss} sup : 0.410, inf : 0.371, fac : 0.003, total : 0.407 
 {acc} sup : 85.16, inf : 83.20
[121/209 iteration of epoch 10/50] 
 {loss} sup : 0.274, inf : 0.255, fac : 0.003, total : 0.281 
 {acc} sup : 91.41, inf : 89.45
[151/209 iteration of epoch 10/50] 
 {loss} sup : 0.401, inf : 0.391, fac : 0.003, total : 0.409 
 {acc} sup : 83.98, inf : 83.20
[181/209 iteration of epoch 10/50] 
 {loss} sup : 0.342, inf : 0.297, fac : 0.003, total : 0.333 
 {acc} sup : 86.72, inf : 89.06
------------------------------
<Losses on train> sup : 0.371, inf : 0.345, fac : 0.004, total : 0.377
<Accuracies on train> sup : 85.63, inf : 86.30
Train epoch time: 860.709
------------------------------
<Accuracies on val> class : 88.96
------------------------------
<Accuracies on test> class : 83.59
------------------------------
Total epoch time: 869.176

New epoch - lr: 0.001
[1/209 iteration of epoch 11/50] 
 {loss} sup : 0.406, inf : 0.367, fac : 0.005, total : 0.413 
 {acc} sup : 84.77, inf : 84.77
[31/209 iteration of epoch 11/50] 
 {loss} sup : 0.449, inf : 0.432, fac : 0.005, total : 0.465 
 {acc} sup : 82.81, inf : 82.42
[61/209 iteration of epoch 11/50] 
 {loss} sup : 0.395, inf : 0.390, fac : 0.003, total : 0.408 
 {acc} sup : 85.55, inf : 83.98
[91/209 iteration of epoch 11/50] 
 {loss} sup : 0.406, inf : 0.392, fac : 0.003, total : 0.413 
 {acc} sup : 82.42, inf : 83.98
[121/209 iteration of epoch 11/50] 
 {loss} sup : 0.434, inf : 0.396, fac : 0.004, total : 0.435 
 {acc} sup : 81.64, inf : 83.20
[151/209 iteration of epoch 11/50] 
 {loss} sup : 0.328, inf : 0.311, fac : 0.006, total : 0.350 
 {acc} sup : 87.50, inf : 89.45
[181/209 iteration of epoch 11/50] 
 {loss} sup : 0.341, inf : 0.277, fac : 0.004, total : 0.327 
 {acc} sup : 85.94, inf : 88.28
------------------------------
<Losses on train> sup : 0.365, inf : 0.342, fac : 0.004, total : 0.372
<Accuracies on train> sup : 85.64, inf : 86.26
Train epoch time: 858.116
------------------------------
<Accuracies on val> class : 90.42
------------------------------
<Accuracies on test> class : 85.40
------------------------------
Total epoch time: 867.190

New epoch - lr: 0.001
[1/209 iteration of epoch 12/50] 
 {loss} sup : 0.461, inf : 0.429, fac : 0.003, total : 0.458 
 {acc} sup : 82.03, inf : 83.98
[31/209 iteration of epoch 12/50] 
 {loss} sup : 0.345, inf : 0.333, fac : 0.004, total : 0.360 
 {acc} sup : 85.55, inf : 84.77
[61/209 iteration of epoch 12/50] 
 {loss} sup : 0.322, inf : 0.305, fac : 0.004, total : 0.332 
 {acc} sup : 86.72, inf : 88.28
[91/209 iteration of epoch 12/50] 
 {loss} sup : 0.394, inf : 0.407, fac : 0.005, total : 0.428 
 {acc} sup : 86.33, inf : 83.59
[121/209 iteration of epoch 12/50] 
 {loss} sup : 0.288, inf : 0.258, fac : 0.004, total : 0.292 
 {acc} sup : 87.89, inf : 88.67
[151/209 iteration of epoch 12/50] 
 {loss} sup : 0.305, inf : 0.280, fac : 0.003, total : 0.305 
 {acc} sup : 87.50, inf : 89.45
[181/209 iteration of epoch 12/50] 
 {loss} sup : 0.429, inf : 0.412, fac : 0.003, total : 0.434 
 {acc} sup : 82.81, inf : 83.59
------------------------------
<Losses on train> sup : 0.358, inf : 0.338, fac : 0.003, total : 0.364
<Accuracies on train> sup : 85.86, inf : 86.33
Train epoch time: 862.664
------------------------------
<Accuracies on val> class : 89.77
------------------------------
<Accuracies on test> class : 85.06
------------------------------
Total epoch time: 871.380

New epoch - lr: 0.001
[1/209 iteration of epoch 13/50] 
 {loss} sup : 0.347, inf : 0.327, fac : 0.003, total : 0.350 
 {acc} sup : 86.72, inf : 86.72
[31/209 iteration of epoch 13/50] 
 {loss} sup : 0.390, inf : 0.379, fac : 0.002, total : 0.394 
 {acc} sup : 83.98, inf : 84.38
[61/209 iteration of epoch 13/50] 
 {loss} sup : 0.304, inf : 0.284, fac : 0.003, total : 0.311 
 {acc} sup : 88.67, inf : 90.23
[91/209 iteration of epoch 13/50] 
 {loss} sup : 0.485, inf : 0.493, fac : 0.003, total : 0.505 
 {acc} sup : 81.25, inf : 80.86
[121/209 iteration of epoch 13/50] 
 {loss} sup : 0.300, inf : 0.281, fac : 0.005, total : 0.314 
 {acc} sup : 88.67, inf : 87.89
[151/209 iteration of epoch 13/50] 
 {loss} sup : 0.325, inf : 0.312, fac : 0.004, total : 0.336 
 {acc} sup : 87.11, inf : 86.33
[181/209 iteration of epoch 13/50] 
 {loss} sup : 0.342, inf : 0.322, fac : 0.003, total : 0.347 
 {acc} sup : 86.72, inf : 86.33
------------------------------
<Losses on train> sup : 0.354, inf : 0.338, fac : 0.003, total : 0.362
<Accuracies on train> sup : 86.00, inf : 86.27
Train epoch time: 869.889
------------------------------
<Accuracies on val> class : 89.45
------------------------------
<Accuracies on test> class : 85.50
------------------------------
Total epoch time: 879.536

New epoch - lr: 0.001
[1/209 iteration of epoch 14/50] 
 {loss} sup : 0.411, inf : 0.398, fac : 0.004, total : 0.425 
 {acc} sup : 80.47, inf : 83.20
[31/209 iteration of epoch 14/50] 
 {loss} sup : 0.260, inf : 0.242, fac : 0.003, total : 0.268 
 {acc} sup : 90.23, inf : 89.45
[61/209 iteration of epoch 14/50] 
 {loss} sup : 0.348, inf : 0.339, fac : 0.004, total : 0.361 
 {acc} sup : 84.77, inf : 84.38
[91/209 iteration of epoch 14/50] 
 {loss} sup : 0.329, inf : 0.317, fac : 0.002, total : 0.333 
 {acc} sup : 85.94, inf : 86.33
[121/209 iteration of epoch 14/50] 
 {loss} sup : 0.416, inf : 0.408, fac : 0.003, total : 0.426 
 {acc} sup : 82.03, inf : 81.64
[151/209 iteration of epoch 14/50] 
 {loss} sup : 0.396, inf : 0.385, fac : 0.003, total : 0.408 
 {acc} sup : 84.38, inf : 83.59
[181/209 iteration of epoch 14/50] 
 {loss} sup : 0.301, inf : 0.283, fac : 0.005, total : 0.318 
 {acc} sup : 89.45, inf : 88.67
------------------------------
<Losses on train> sup : 0.347, inf : 0.332, fac : 0.003, total : 0.355
<Accuracies on train> sup : 86.24, inf : 86.58
Train epoch time: 855.777
------------------------------
<Accuracies on val> class : 89.61
------------------------------
<Accuracies on test> class : 84.77
------------------------------
Total epoch time: 863.513

New epoch - lr: 0.001
[1/209 iteration of epoch 15/50] 
 {loss} sup : 0.272, inf : 0.253, fac : 0.003, total : 0.276 
 {acc} sup : 90.62, inf : 89.84
[31/209 iteration of epoch 15/50] 
 {loss} sup : 0.331, inf : 0.306, fac : 0.002, total : 0.327 
 {acc} sup : 86.33, inf : 88.67
[61/209 iteration of epoch 15/50] 
 {loss} sup : 0.325, inf : 0.311, fac : 0.003, total : 0.334 
 {acc} sup : 87.50, inf : 87.11
[91/209 iteration of epoch 15/50] 
 {loss} sup : 0.360, inf : 0.355, fac : 0.003, total : 0.375 
 {acc} sup : 84.77, inf : 84.77
[121/209 iteration of epoch 15/50] 
 {loss} sup : 0.416, inf : 0.401, fac : 0.002, total : 0.419 
 {acc} sup : 83.20, inf : 82.81
[151/209 iteration of epoch 15/50] 
 {loss} sup : 0.362, inf : 0.339, fac : 0.004, total : 0.369 
 {acc} sup : 84.38, inf : 87.11
[181/209 iteration of epoch 15/50] 
 {loss} sup : 0.293, inf : 0.270, fac : 0.003, total : 0.295 
 {acc} sup : 86.72, inf : 86.33
------------------------------
<Losses on train> sup : 0.345, inf : 0.329, fac : 0.003, total : 0.351
<Accuracies on train> sup : 86.14, inf : 86.63
Train epoch time: 867.605
------------------------------
<Accuracies on val> class : 89.45
------------------------------
<Accuracies on test> class : 84.72
------------------------------
Total epoch time: 875.254

New epoch - lr: 0.001
[1/209 iteration of epoch 16/50] 
 {loss} sup : 0.328, inf : 0.325, fac : 0.002, total : 0.336 
 {acc} sup : 85.16, inf : 86.72
[31/209 iteration of epoch 16/50] 
 {loss} sup : 0.359, inf : 0.353, fac : 0.002, total : 0.365 
 {acc} sup : 83.98, inf : 85.94
[61/209 iteration of epoch 16/50] 
 {loss} sup : 0.488, inf : 0.488, fac : 0.004, total : 0.507 
 {acc} sup : 81.64, inf : 81.25
[91/209 iteration of epoch 16/50] 
 {loss} sup : 0.368, inf : 0.355, fac : 0.002, total : 0.373 
 {acc} sup : 83.20, inf : 83.98
[121/209 iteration of epoch 16/50] 
 {loss} sup : 0.329, inf : 0.310, fac : 0.002, total : 0.332 
 {acc} sup : 85.94, inf : 85.94
[151/209 iteration of epoch 16/50] 
 {loss} sup : 0.345, inf : 0.312, fac : 0.002, total : 0.339 
 {acc} sup : 85.94, inf : 87.11
[181/209 iteration of epoch 16/50] 
 {loss} sup : 0.406, inf : 0.395, fac : 0.003, total : 0.414 
 {acc} sup : 83.98, inf : 83.98
------------------------------
<Losses on train> sup : 0.343, inf : 0.328, fac : 0.003, total : 0.349
<Accuracies on train> sup : 86.35, inf : 86.80
Train epoch time: 863.230
------------------------------
<Accuracies on val> class : 89.77
------------------------------
<Accuracies on test> class : 85.30
------------------------------
Total epoch time: 871.413

New epoch - lr: 0.001
[1/209 iteration of epoch 17/50] 
 {loss} sup : 0.329, inf : 0.329, fac : 0.003, total : 0.342 
 {acc} sup : 87.50, inf : 86.72
[31/209 iteration of epoch 17/50] 
 {loss} sup : 0.271, inf : 0.258, fac : 0.004, total : 0.283 
 {acc} sup : 89.45, inf : 90.23
[61/209 iteration of epoch 17/50] 
 {loss} sup : 0.288, inf : 0.272, fac : 0.003, total : 0.295 
 {acc} sup : 88.67, inf : 89.45
[91/209 iteration of epoch 17/50] 
 {loss} sup : 0.346, inf : 0.332, fac : 0.002, total : 0.348 
 {acc} sup : 85.55, inf : 86.33
[121/209 iteration of epoch 17/50] 
 {loss} sup : 0.295, inf : 0.270, fac : 0.002, total : 0.292 
 {acc} sup : 87.89, inf : 89.06
[151/209 iteration of epoch 17/50] 
 {loss} sup : 0.341, inf : 0.301, fac : 0.003, total : 0.335 
 {acc} sup : 86.72, inf : 88.28
[181/209 iteration of epoch 17/50] 
 {loss} sup : 0.304, inf : 0.303, fac : 0.002, total : 0.316 
 {acc} sup : 88.67, inf : 88.28
------------------------------
<Losses on train> sup : 0.332, inf : 0.320, fac : 0.003, total : 0.339
<Accuracies on train> sup : 86.84, inf : 87.09
Train epoch time: 856.793
------------------------------
<Accuracies on val> class : 90.26
------------------------------
<Accuracies on test> class : 85.84
------------------------------
Total epoch time: 865.101

New epoch - lr: 0.001
[1/209 iteration of epoch 18/50] 
 {loss} sup : 0.417, inf : 0.432, fac : 0.002, total : 0.437 
 {acc} sup : 84.77, inf : 83.59
[31/209 iteration of epoch 18/50] 
 {loss} sup : 0.352, inf : 0.353, fac : 0.002, total : 0.363 
 {acc} sup : 86.33, inf : 85.94
[61/209 iteration of epoch 18/50] 
 {loss} sup : 0.423, inf : 0.392, fac : 0.003, total : 0.421 
 {acc} sup : 80.47, inf : 82.42
[91/209 iteration of epoch 18/50] 
 {loss} sup : 0.218, inf : 0.208, fac : 0.003, total : 0.226 
 {acc} sup : 92.19, inf : 91.02
[121/209 iteration of epoch 18/50] 
 {loss} sup : 0.313, inf : 0.298, fac : 0.002, total : 0.318 
 {acc} sup : 85.55, inf : 87.50
[151/209 iteration of epoch 18/50] 
 {loss} sup : 0.313, inf : 0.304, fac : 0.004, total : 0.328 
 {acc} sup : 87.89, inf : 87.11
[181/209 iteration of epoch 18/50] 
 {loss} sup : 0.300, inf : 0.296, fac : 0.002, total : 0.308 
 {acc} sup : 86.33, inf : 86.33
------------------------------
<Losses on train> sup : 0.329, inf : 0.318, fac : 0.002, total : 0.336
<Accuracies on train> sup : 86.81, inf : 86.89
Train epoch time: 864.945
------------------------------
<Accuracies on val> class : 89.94
------------------------------
<Accuracies on test> class : 85.21
------------------------------
Total epoch time: 872.672

New epoch - lr: 0.001
[1/209 iteration of epoch 19/50] 
 {loss} sup : 0.399, inf : 0.407, fac : 0.003, total : 0.418 
 {acc} sup : 83.20, inf : 81.64
[31/209 iteration of epoch 19/50] 
 {loss} sup : 0.385, inf : 0.346, fac : 0.002, total : 0.378 
 {acc} sup : 83.98, inf : 84.77
[61/209 iteration of epoch 19/50] 
 {loss} sup : 0.335, inf : 0.323, fac : 0.003, total : 0.342 
 {acc} sup : 86.33, inf : 86.72
[91/209 iteration of epoch 19/50] 
 {loss} sup : 0.463, inf : 0.449, fac : 0.002, total : 0.466 
 {acc} sup : 82.81, inf : 81.64
[121/209 iteration of epoch 19/50] 
 {loss} sup : 0.370, inf : 0.359, fac : 0.002, total : 0.377 
 {acc} sup : 87.89, inf : 87.11
[151/209 iteration of epoch 19/50] 
 {loss} sup : 0.346, inf : 0.315, fac : 0.002, total : 0.342 
 {acc} sup : 84.77, inf : 86.72
[181/209 iteration of epoch 19/50] 
 {loss} sup : 0.312, inf : 0.292, fac : 0.002, total : 0.311 
 {acc} sup : 88.28, inf : 89.45
------------------------------
<Losses on train> sup : 0.331, inf : 0.322, fac : 0.002, total : 0.338
<Accuracies on train> sup : 86.74, inf : 86.93
Train epoch time: 860.507
------------------------------
<Accuracies on val> class : 89.77
------------------------------
<Accuracies on test> class : 86.08
------------------------------
Total epoch time: 869.240

New epoch - lr: 0.001
[1/209 iteration of epoch 20/50] 
 {loss} sup : 0.410, inf : 0.406, fac : 0.002, total : 0.417 
 {acc} sup : 81.25, inf : 81.64
[31/209 iteration of epoch 20/50] 
 {loss} sup : 0.228, inf : 0.204, fac : 0.002, total : 0.224 
 {acc} sup : 89.84, inf : 90.23
[61/209 iteration of epoch 20/50] 
 {loss} sup : 0.296, inf : 0.282, fac : 0.002, total : 0.300 
 {acc} sup : 87.50, inf : 89.45
[91/209 iteration of epoch 20/50] 
 {loss} sup : 0.347, inf : 0.345, fac : 0.003, total : 0.359 
 {acc} sup : 86.33, inf : 85.55
[121/209 iteration of epoch 20/50] 
 {loss} sup : 0.320, inf : 0.323, fac : 0.002, total : 0.332 
 {acc} sup : 86.72, inf : 85.55
[151/209 iteration of epoch 20/50] 
 {loss} sup : 0.359, inf : 0.348, fac : 0.003, total : 0.368 
 {acc} sup : 84.77, inf : 86.33
[181/209 iteration of epoch 20/50] 
 {loss} sup : 0.296, inf : 0.297, fac : 0.002, total : 0.306 
 {acc} sup : 87.50, inf : 89.45
------------------------------
<Losses on train> sup : 0.327, inf : 0.316, fac : 0.002, total : 0.333
<Accuracies on train> sup : 86.88, inf : 87.20
Train epoch time: 863.937
------------------------------
<Accuracies on val> class : 89.94
------------------------------
<Accuracies on test> class : 85.16
------------------------------
Total epoch time: 871.995

New epoch - lr: 0.001
[1/209 iteration of epoch 21/50] 
 {loss} sup : 0.274, inf : 0.253, fac : 0.002, total : 0.275 
 {acc} sup : 87.50, inf : 89.45
[31/209 iteration of epoch 21/50] 
 {loss} sup : 0.301, inf : 0.290, fac : 0.002, total : 0.305 
 {acc} sup : 87.11, inf : 87.50
[61/209 iteration of epoch 21/50] 
 {loss} sup : 0.390, inf : 0.361, fac : 0.002, total : 0.383 
 {acc} sup : 85.94, inf : 85.94
[91/209 iteration of epoch 21/50] 
 {loss} sup : 0.284, inf : 0.271, fac : 0.003, total : 0.294 
 {acc} sup : 89.06, inf : 88.28
[121/209 iteration of epoch 21/50] 
 {loss} sup : 0.415, inf : 0.409, fac : 0.002, total : 0.420 
 {acc} sup : 82.03, inf : 82.42
[151/209 iteration of epoch 21/50] 
 {loss} sup : 0.339, inf : 0.330, fac : 0.003, total : 0.349 
 {acc} sup : 84.38, inf : 88.28
[181/209 iteration of epoch 21/50] 
 {loss} sup : 0.416, inf : 0.417, fac : 0.002, total : 0.428 
 {acc} sup : 81.64, inf : 84.77
------------------------------
<Losses on train> sup : 0.322, inf : 0.313, fac : 0.002, total : 0.329
<Accuracies on train> sup : 87.01, inf : 87.31
Train epoch time: 877.518
------------------------------
<Accuracies on val> class : 89.61
------------------------------
<Accuracies on test> class : 84.62
------------------------------
Total epoch time: 885.463

New epoch - lr: 0.001
[1/209 iteration of epoch 22/50] 
 {loss} sup : 0.277, inf : 0.276, fac : 0.002, total : 0.286 
 {acc} sup : 87.50, inf : 86.72
[31/209 iteration of epoch 22/50] 
 {loss} sup : 0.377, inf : 0.375, fac : 0.002, total : 0.387 
 {acc} sup : 84.38, inf : 83.98
[61/209 iteration of epoch 22/50] 
 {loss} sup : 0.285, inf : 0.273, fac : 0.001, total : 0.286 
 {acc} sup : 89.45, inf : 89.45
[91/209 iteration of epoch 22/50] 
 {loss} sup : 0.264, inf : 0.250, fac : 0.003, total : 0.270 
 {acc} sup : 89.84, inf : 89.45
[121/209 iteration of epoch 22/50] 
 {loss} sup : 0.305, inf : 0.305, fac : 0.002, total : 0.315 
 {acc} sup : 88.67, inf : 87.50
[151/209 iteration of epoch 22/50] 
 {loss} sup : 0.385, inf : 0.384, fac : 0.003, total : 0.398 
 {acc} sup : 85.94, inf : 83.59
[181/209 iteration of epoch 22/50] 
 {loss} sup : 0.436, inf : 0.421, fac : 0.002, total : 0.436 
 {acc} sup : 81.25, inf : 81.64
------------------------------
<Losses on train> sup : 0.319, inf : 0.310, fac : 0.002, total : 0.326
<Accuracies on train> sup : 87.17, inf : 87.26
Train epoch time: 871.231
------------------------------
<Accuracies on val> class : 89.94
------------------------------
<Accuracies on test> class : 85.16
------------------------------
Total epoch time: 879.050

New epoch - lr: 0.001
[1/209 iteration of epoch 23/50] 
 {loss} sup : 0.225, inf : 0.220, fac : 0.002, total : 0.232 
 {acc} sup : 91.80, inf : 91.02
[31/209 iteration of epoch 23/50] 
 {loss} sup : 0.465, inf : 0.463, fac : 0.002, total : 0.473 
 {acc} sup : 83.20, inf : 82.03
[61/209 iteration of epoch 23/50] 
 {loss} sup : 0.318, inf : 0.311, fac : 0.002, total : 0.323 
 {acc} sup : 87.89, inf : 87.11
[91/209 iteration of epoch 23/50] 
 {loss} sup : 0.344, inf : 0.318, fac : 0.002, total : 0.341 
 {acc} sup : 85.55, inf : 84.77
[121/209 iteration of epoch 23/50] 
 {loss} sup : 0.234, inf : 0.234, fac : 0.002, total : 0.244 
 {acc} sup : 91.41, inf : 90.62
[151/209 iteration of epoch 23/50] 
 {loss} sup : 0.391, inf : 0.392, fac : 0.002, total : 0.403 
 {acc} sup : 82.81, inf : 82.81
[181/209 iteration of epoch 23/50] 
 {loss} sup : 0.294, inf : 0.277, fac : 0.002, total : 0.294 
 {acc} sup : 87.50, inf : 90.23
------------------------------
<Losses on train> sup : 0.313, inf : 0.302, fac : 0.002, total : 0.319
<Accuracies on train> sup : 87.44, inf : 87.59
Train epoch time: 870.906
------------------------------
<Accuracies on val> class : 89.94
------------------------------
<Accuracies on test> class : 85.74
------------------------------
Total epoch time: 878.499

New epoch - lr: 0.001
[1/209 iteration of epoch 24/50] 
 {loss} sup : 0.310, inf : 0.312, fac : 0.002, total : 0.323 
 {acc} sup : 86.33, inf : 86.72
[31/209 iteration of epoch 24/50] 
 {loss} sup : 0.167, inf : 0.156, fac : 0.002, total : 0.172 
 {acc} sup : 94.53, inf : 92.58
[61/209 iteration of epoch 24/50] 
 {loss} sup : 0.335, inf : 0.327, fac : 0.002, total : 0.341 
 {acc} sup : 85.16, inf : 85.94
[91/209 iteration of epoch 24/50] 
 {loss} sup : 0.324, inf : 0.302, fac : 0.003, total : 0.328 
 {acc} sup : 86.72, inf : 88.28
[121/209 iteration of epoch 24/50] 
 {loss} sup : 0.413, inf : 0.402, fac : 0.003, total : 0.421 
 {acc} sup : 82.42, inf : 83.59
[151/209 iteration of epoch 24/50] 
 {loss} sup : 0.379, inf : 0.380, fac : 0.003, total : 0.393 
 {acc} sup : 83.98, inf : 83.98
[181/209 iteration of epoch 24/50] 
 {loss} sup : 0.336, inf : 0.310, fac : 0.003, total : 0.340 
 {acc} sup : 87.11, inf : 87.11
------------------------------
<Losses on train> sup : 0.317, inf : 0.308, fac : 0.002, total : 0.324
<Accuracies on train> sup : 87.22, inf : 87.53
Train epoch time: 877.952
------------------------------
<Accuracies on val> class : 89.12
------------------------------
<Accuracies on test> class : 84.72
------------------------------
Total epoch time: 886.428

New epoch - lr: 0.001
[1/209 iteration of epoch 25/50] 
 {loss} sup : 0.385, inf : 0.382, fac : 0.002, total : 0.393 
 {acc} sup : 83.20, inf : 85.16
[31/209 iteration of epoch 25/50] 
 {loss} sup : 0.287, inf : 0.269, fac : 0.001, total : 0.284 
 {acc} sup : 88.67, inf : 87.89
[61/209 iteration of epoch 25/50] 
 {loss} sup : 0.385, inf : 0.367, fac : 0.002, total : 0.385 
 {acc} sup : 84.77, inf : 86.33
[91/209 iteration of epoch 25/50] 
 {loss} sup : 0.429, inf : 0.426, fac : 0.002, total : 0.436 
 {acc} sup : 83.20, inf : 83.59
[121/209 iteration of epoch 25/50] 
 {loss} sup : 0.342, inf : 0.342, fac : 0.002, total : 0.350 
 {acc} sup : 86.33, inf : 85.16
[151/209 iteration of epoch 25/50] 
 {loss} sup : 0.264, inf : 0.251, fac : 0.002, total : 0.267 
 {acc} sup : 88.67, inf : 89.84
[181/209 iteration of epoch 25/50] 
 {loss} sup : 0.288, inf : 0.283, fac : 0.002, total : 0.298 
 {acc} sup : 87.50, inf : 87.11
------------------------------
<Losses on train> sup : 0.317, inf : 0.308, fac : 0.002, total : 0.323
<Accuracies on train> sup : 87.15, inf : 87.33
Train epoch time: 863.763
------------------------------
<Accuracies on val> class : 89.12
------------------------------
<Accuracies on test> class : 84.96
------------------------------
Total epoch time: 871.896

New epoch - lr: 0.001
[1/209 iteration of epoch 26/50] 
 {loss} sup : 0.373, inf : 0.353, fac : 0.002, total : 0.371 
 {acc} sup : 85.55, inf : 85.94
[31/209 iteration of epoch 26/50] 
 {loss} sup : 0.317, inf : 0.302, fac : 0.002, total : 0.319 
 {acc} sup : 86.72, inf : 87.11
[61/209 iteration of epoch 26/50] 
 {loss} sup : 0.314, inf : 0.308, fac : 0.002, total : 0.321 
 {acc} sup : 86.33, inf : 87.89
[91/209 iteration of epoch 26/50] 
 {loss} sup : 0.383, inf : 0.382, fac : 0.001, total : 0.389 
 {acc} sup : 83.98, inf : 84.77
[121/209 iteration of epoch 26/50] 
 {loss} sup : 0.293, inf : 0.274, fac : 0.002, total : 0.293 
 {acc} sup : 87.50, inf : 87.11
[151/209 iteration of epoch 26/50] 
 {loss} sup : 0.311, inf : 0.294, fac : 0.002, total : 0.311 
 {acc} sup : 86.33, inf : 87.89
[181/209 iteration of epoch 26/50] 
 {loss} sup : 0.369, inf : 0.342, fac : 0.002, total : 0.363 
 {acc} sup : 85.55, inf : 87.89
------------------------------
<Losses on train> sup : 0.317, inf : 0.309, fac : 0.002, total : 0.323
<Accuracies on train> sup : 87.06, inf : 87.22
Train epoch time: 842.459
------------------------------
<Accuracies on val> class : 89.45
------------------------------
<Accuracies on test> class : 85.45
------------------------------
Total epoch time: 850.065

New epoch - lr: 0.001
[1/209 iteration of epoch 27/50] 
 {loss} sup : 0.257, inf : 0.238, fac : 0.002, total : 0.258 
 {acc} sup : 89.45, inf : 91.02
[31/209 iteration of epoch 27/50] 
 {loss} sup : 0.321, inf : 0.312, fac : 0.002, total : 0.327 
 {acc} sup : 85.94, inf : 86.33
[61/209 iteration of epoch 27/50] 
 {loss} sup : 0.400, inf : 0.376, fac : 0.003, total : 0.402 
 {acc} sup : 85.94, inf : 85.16
[91/209 iteration of epoch 27/50] 
 {loss} sup : 0.290, inf : 0.290, fac : 0.002, total : 0.299 
 {acc} sup : 87.50, inf : 87.11
[121/209 iteration of epoch 27/50] 
 {loss} sup : 0.210, inf : 0.209, fac : 0.002, total : 0.219 
 {acc} sup : 91.41, inf : 91.02
[151/209 iteration of epoch 27/50] 
 {loss} sup : 0.303, inf : 0.279, fac : 0.002, total : 0.303 
 {acc} sup : 89.06, inf : 88.67
[181/209 iteration of epoch 27/50] 
 {loss} sup : 0.253, inf : 0.235, fac : 0.002, total : 0.252 
 {acc} sup : 89.45, inf : 89.06
------------------------------
<Losses on train> sup : 0.315, inf : 0.306, fac : 0.002, total : 0.320
<Accuracies on train> sup : 87.32, inf : 87.54
Train epoch time: 804.005
------------------------------
<Accuracies on val> class : 89.45
------------------------------
<Accuracies on test> class : 85.30
------------------------------
Total epoch time: 811.795

New epoch - lr: 0.001
[1/209 iteration of epoch 28/50] 
 {loss} sup : 0.298, inf : 0.294, fac : 0.002, total : 0.304 
 {acc} sup : 88.28, inf : 87.11
[31/209 iteration of epoch 28/50] 
 {loss} sup : 0.348, inf : 0.347, fac : 0.003, total : 0.361 
 {acc} sup : 85.16, inf : 85.16
[61/209 iteration of epoch 28/50] 
 {loss} sup : 0.296, inf : 0.293, fac : 0.002, total : 0.303 
 {acc} sup : 87.50, inf : 87.50
[91/209 iteration of epoch 28/50] 
 {loss} sup : 0.315, inf : 0.309, fac : 0.003, total : 0.325 
 {acc} sup : 86.33, inf : 84.38
[121/209 iteration of epoch 28/50] 
 {loss} sup : 0.288, inf : 0.293, fac : 0.002, total : 0.300 
 {acc} sup : 86.72, inf : 87.50
[151/209 iteration of epoch 28/50] 
 {loss} sup : 0.363, inf : 0.355, fac : 0.001, total : 0.366 
 {acc} sup : 82.81, inf : 83.59
[181/209 iteration of epoch 28/50] 
 {loss} sup : 0.383, inf : 0.359, fac : 0.002, total : 0.383 
 {acc} sup : 83.98, inf : 86.72
------------------------------
<Losses on train> sup : 0.314, inf : 0.306, fac : 0.002, total : 0.320
<Accuracies on train> sup : 87.28, inf : 87.41
Train epoch time: 806.616
------------------------------
<Accuracies on val> class : 89.12
------------------------------
<Accuracies on test> class : 85.45
------------------------------
Total epoch time: 815.007

New epoch - lr: 0.001
[1/209 iteration of epoch 29/50] 
 {loss} sup : 0.330, inf : 0.326, fac : 0.002, total : 0.337 
 {acc} sup : 86.33, inf : 86.72
[31/209 iteration of epoch 29/50] 
 {loss} sup : 0.363, inf : 0.367, fac : 0.001, total : 0.372 
 {acc} sup : 83.98, inf : 84.77
[61/209 iteration of epoch 29/50] 
 {loss} sup : 0.278, inf : 0.263, fac : 0.001, total : 0.278 
 {acc} sup : 88.28, inf : 88.67
[91/209 iteration of epoch 29/50] 
 {loss} sup : 0.202, inf : 0.193, fac : 0.002, total : 0.210 
 {acc} sup : 93.36, inf : 91.80
[121/209 iteration of epoch 29/50] 
 {loss} sup : 0.360, inf : 0.343, fac : 0.001, total : 0.359 
 {acc} sup : 86.72, inf : 87.11
[151/209 iteration of epoch 29/50] 
 {loss} sup : 0.299, inf : 0.289, fac : 0.002, total : 0.303 
 {acc} sup : 87.89, inf : 90.23
[181/209 iteration of epoch 29/50] 
 {loss} sup : 0.377, inf : 0.375, fac : 0.002, total : 0.385 
 {acc} sup : 82.03, inf : 83.98
------------------------------
<Losses on train> sup : 0.313, inf : 0.306, fac : 0.002, total : 0.319
<Accuracies on train> sup : 87.19, inf : 87.44
Train epoch time: 817.560
------------------------------
<Accuracies on val> class : 89.61
------------------------------
<Accuracies on test> class : 86.08
------------------------------
Total epoch time: 826.251

New epoch - lr: 0.001
[1/209 iteration of epoch 30/50] 
 {loss} sup : 0.345, inf : 0.328, fac : 0.002, total : 0.346 
 {acc} sup : 83.20, inf : 83.98
[31/209 iteration of epoch 30/50] 
 {loss} sup : 0.229, inf : 0.225, fac : 0.002, total : 0.237 
 {acc} sup : 92.19, inf : 91.02
[61/209 iteration of epoch 30/50] 
 {loss} sup : 0.203, inf : 0.197, fac : 0.002, total : 0.209 
 {acc} sup : 93.36, inf : 92.97
[91/209 iteration of epoch 30/50] 
 {loss} sup : 0.237, inf : 0.235, fac : 0.002, total : 0.244 
 {acc} sup : 91.02, inf : 90.62
[121/209 iteration of epoch 30/50] 
 {loss} sup : 0.276, inf : 0.263, fac : 0.002, total : 0.278 
 {acc} sup : 87.11, inf : 88.67
[151/209 iteration of epoch 30/50] 
 {loss} sup : 0.322, inf : 0.298, fac : 0.002, total : 0.320 
 {acc} sup : 89.45, inf : 87.89
[181/209 iteration of epoch 30/50] 
 {loss} sup : 0.332, inf : 0.315, fac : 0.001, total : 0.331 
 {acc} sup : 87.11, inf : 86.33
------------------------------
<Losses on train> sup : 0.310, inf : 0.304, fac : 0.002, total : 0.316
<Accuracies on train> sup : 87.50, inf : 87.58
Train epoch time: 781.925
------------------------------
<Accuracies on val> class : 89.45
------------------------------
<Accuracies on test> class : 85.25
------------------------------
Total epoch time: 789.209

New epoch - lr: 0.001
[1/209 iteration of epoch 31/50] 
 {loss} sup : 0.280, inf : 0.260, fac : 0.002, total : 0.279 
 {acc} sup : 88.28, inf : 88.67
[31/209 iteration of epoch 31/50] 
 {loss} sup : 0.309, inf : 0.296, fac : 0.002, total : 0.311 
 {acc} sup : 86.72, inf : 87.50
[61/209 iteration of epoch 31/50] 
 {loss} sup : 0.243, inf : 0.225, fac : 0.002, total : 0.243 
 {acc} sup : 89.84, inf : 91.02
[91/209 iteration of epoch 31/50] 
 {loss} sup : 0.275, inf : 0.275, fac : 0.002, total : 0.285 
 {acc} sup : 90.23, inf : 88.67
[121/209 iteration of epoch 31/50] 
 {loss} sup : 0.246, inf : 0.242, fac : 0.002, total : 0.252 
 {acc} sup : 90.23, inf : 91.02
[151/209 iteration of epoch 31/50] 
 {loss} sup : 0.327, inf : 0.320, fac : 0.002, total : 0.335 
 {acc} sup : 87.50, inf : 88.67
[181/209 iteration of epoch 31/50] 
 {loss} sup : 0.421, inf : 0.408, fac : 0.002, total : 0.423 
 {acc} sup : 80.86, inf : 81.25
------------------------------
<Losses on train> sup : 0.309, inf : 0.302, fac : 0.002, total : 0.315
<Accuracies on train> sup : 87.61, inf : 87.68
Train epoch time: 759.267
------------------------------
<Accuracies on val> class : 89.45
------------------------------
<Accuracies on test> class : 85.06
------------------------------
Total epoch time: 766.633

New epoch - lr: 0.001
[1/209 iteration of epoch 32/50] 
 {loss} sup : 0.325, inf : 0.308, fac : 0.002, total : 0.325 
 {acc} sup : 86.72, inf : 88.67
[31/209 iteration of epoch 32/50] 
 {loss} sup : 0.357, inf : 0.350, fac : 0.001, total : 0.360 
 {acc} sup : 85.55, inf : 84.38
[61/209 iteration of epoch 32/50] 
 {loss} sup : 0.326, inf : 0.320, fac : 0.002, total : 0.335 
 {acc} sup : 87.50, inf : 85.94
[91/209 iteration of epoch 32/50] 
 {loss} sup : 0.407, inf : 0.395, fac : 0.002, total : 0.409 
 {acc} sup : 82.42, inf : 83.98
[121/209 iteration of epoch 32/50] 
 {loss} sup : 0.239, inf : 0.236, fac : 0.002, total : 0.245 
 {acc} sup : 92.19, inf : 91.41
[151/209 iteration of epoch 32/50] 
 {loss} sup : 0.401, inf : 0.386, fac : 0.002, total : 0.401 
 {acc} sup : 83.98, inf : 86.33
[181/209 iteration of epoch 32/50] 
 {loss} sup : 0.203, inf : 0.203, fac : 0.002, total : 0.213 
 {acc} sup : 92.97, inf : 91.80
------------------------------
<Losses on train> sup : 0.312, inf : 0.306, fac : 0.002, total : 0.318
<Accuracies on train> sup : 87.27, inf : 87.44
Train epoch time: 750.526
------------------------------
<Accuracies on val> class : 88.96
------------------------------
<Accuracies on test> class : 84.96
------------------------------
Total epoch time: 757.681

New epoch - lr: 0.001
[1/209 iteration of epoch 33/50] 
 {loss} sup : 0.275, inf : 0.264, fac : 0.002, total : 0.278 
 {acc} sup : 87.89, inf : 88.28
[31/209 iteration of epoch 33/50] 
 {loss} sup : 0.270, inf : 0.257, fac : 0.002, total : 0.273 
 {acc} sup : 90.62, inf : 91.41
[61/209 iteration of epoch 33/50] 
 {loss} sup : 0.323, inf : 0.339, fac : 0.002, total : 0.339 
 {acc} sup : 85.16, inf : 86.33
[91/209 iteration of epoch 33/50] 
 {loss} sup : 0.252, inf : 0.250, fac : 0.001, total : 0.258 
 {acc} sup : 89.45, inf : 91.41
[121/209 iteration of epoch 33/50] 
 {loss} sup : 0.318, inf : 0.315, fac : 0.002, total : 0.328 
 {acc} sup : 85.94, inf : 86.33
[151/209 iteration of epoch 33/50] 
 {loss} sup : 0.202, inf : 0.188, fac : 0.002, total : 0.208 
 {acc} sup : 91.41, inf : 92.19
[181/209 iteration of epoch 33/50] 
 {loss} sup : 0.358, inf : 0.348, fac : 0.004, total : 0.375 
 {acc} sup : 83.20, inf : 85.16
------------------------------
<Losses on train> sup : 0.305, inf : 0.299, fac : 0.002, total : 0.312
<Accuracies on train> sup : 87.58, inf : 87.67
Train epoch time: 746.741
------------------------------
<Accuracies on val> class : 89.12
------------------------------
<Accuracies on test> class : 85.25
------------------------------
Total epoch time: 754.144

New epoch - lr: 0.001
[1/209 iteration of epoch 34/50] 
 {loss} sup : 0.290, inf : 0.289, fac : 0.002, total : 0.297 
 {acc} sup : 88.28, inf : 89.45
[31/209 iteration of epoch 34/50] 
 {loss} sup : 0.283, inf : 0.290, fac : 0.003, total : 0.300 
 {acc} sup : 87.50, inf : 88.28
[61/209 iteration of epoch 34/50] 
 {loss} sup : 0.394, inf : 0.397, fac : 0.002, total : 0.405 
 {acc} sup : 84.77, inf : 84.77
[91/209 iteration of epoch 34/50] 
 {loss} sup : 0.300, inf : 0.306, fac : 0.002, total : 0.312 
 {acc} sup : 89.45, inf : 89.45
[121/209 iteration of epoch 34/50] 
 {loss} sup : 0.207, inf : 0.199, fac : 0.002, total : 0.213 
 {acc} sup : 91.02, inf : 91.02
[151/209 iteration of epoch 34/50] 
 {loss} sup : 0.249, inf : 0.240, fac : 0.002, total : 0.254 
 {acc} sup : 90.23, inf : 89.06
[181/209 iteration of epoch 34/50] 
 {loss} sup : 0.356, inf : 0.358, fac : 0.002, total : 0.367 
 {acc} sup : 82.81, inf : 82.81
------------------------------
<Losses on train> sup : 0.308, inf : 0.302, fac : 0.002, total : 0.314
<Accuracies on train> sup : 87.49, inf : 87.57
Train epoch time: 778.534
------------------------------
<Accuracies on val> class : 89.45
------------------------------
<Accuracies on test> class : 85.16
------------------------------
Total epoch time: 786.538

New epoch - lr: 0.001
[1/209 iteration of epoch 35/50] 
 {loss} sup : 0.334, inf : 0.326, fac : 0.001, total : 0.336 
 {acc} sup : 85.94, inf : 87.11
[31/209 iteration of epoch 35/50] 
 {loss} sup : 0.252, inf : 0.246, fac : 0.001, total : 0.255 
 {acc} sup : 90.62, inf : 90.23
[61/209 iteration of epoch 35/50] 
 {loss} sup : 0.291, inf : 0.292, fac : 0.002, total : 0.301 
 {acc} sup : 88.28, inf : 89.45
[91/209 iteration of epoch 35/50] 
 {loss} sup : 0.365, inf : 0.364, fac : 0.002, total : 0.375 
 {acc} sup : 86.33, inf : 86.33
[121/209 iteration of epoch 35/50] 
 {loss} sup : 0.248, inf : 0.231, fac : 0.003, total : 0.254 
 {acc} sup : 89.06, inf : 90.62
[151/209 iteration of epoch 35/50] 
 {loss} sup : 0.434, inf : 0.429, fac : 0.002, total : 0.440 
 {acc} sup : 81.25, inf : 82.03
[181/209 iteration of epoch 35/50] 
 {loss} sup : 0.362, inf : 0.359, fac : 0.001, total : 0.367 
 {acc} sup : 86.72, inf : 87.89
------------------------------
<Losses on train> sup : 0.305, inf : 0.299, fac : 0.002, total : 0.311
<Accuracies on train> sup : 87.57, inf : 87.79
Train epoch time: 777.814
------------------------------
<Accuracies on val> class : 88.80
------------------------------
<Accuracies on test> class : 85.25
------------------------------
Total epoch time: 785.782

New epoch - lr: 0.001
[1/209 iteration of epoch 36/50] 
 {loss} sup : 0.374, inf : 0.386, fac : 0.003, total : 0.396 
 {acc} sup : 84.77, inf : 83.59
[31/209 iteration of epoch 36/50] 
 {loss} sup : 0.342, inf : 0.342, fac : 0.002, total : 0.351 
 {acc} sup : 87.89, inf : 87.89
[61/209 iteration of epoch 36/50] 
 {loss} sup : 0.176, inf : 0.166, fac : 0.002, total : 0.181 
 {acc} sup : 93.36, inf : 94.53
[91/209 iteration of epoch 36/50] 
 {loss} sup : 0.259, inf : 0.260, fac : 0.002, total : 0.268 
 {acc} sup : 90.23, inf : 90.62
[121/209 iteration of epoch 36/50] 
 {loss} sup : 0.293, inf : 0.280, fac : 0.001, total : 0.294 
 {acc} sup : 89.06, inf : 88.67
[151/209 iteration of epoch 36/50] 
 {loss} sup : 0.385, inf : 0.387, fac : 0.002, total : 0.394 
 {acc} sup : 85.55, inf : 85.16
[181/209 iteration of epoch 36/50] 
 {loss} sup : 0.264, inf : 0.259, fac : 0.003, total : 0.276 
 {acc} sup : 90.62, inf : 91.02
------------------------------
<Losses on train> sup : 0.301, inf : 0.295, fac : 0.002, total : 0.307
<Accuracies on train> sup : 87.88, inf : 87.95
Train epoch time: 771.555
------------------------------
<Accuracies on val> class : 88.96
------------------------------
<Accuracies on test> class : 85.06
------------------------------
Total epoch time: 779.118

New epoch - lr: 0.001
[1/209 iteration of epoch 37/50] 
 {loss} sup : 0.237, inf : 0.227, fac : 0.001, total : 0.240 
 {acc} sup : 89.84, inf : 90.23
[31/209 iteration of epoch 37/50] 
 {loss} sup : 0.345, inf : 0.337, fac : 0.002, total : 0.349 
 {acc} sup : 85.94, inf : 85.55
[61/209 iteration of epoch 37/50] 
 {loss} sup : 0.304, inf : 0.280, fac : 0.002, total : 0.304 
 {acc} sup : 87.89, inf : 87.11
[91/209 iteration of epoch 37/50] 
 {loss} sup : 0.172, inf : 0.163, fac : 0.002, total : 0.176 
 {acc} sup : 93.36, inf : 93.75
[121/209 iteration of epoch 37/50] 
 {loss} sup : 0.338, inf : 0.344, fac : 0.002, total : 0.352 
 {acc} sup : 85.55, inf : 87.11
[151/209 iteration of epoch 37/50] 
 {loss} sup : 0.274, inf : 0.264, fac : 0.002, total : 0.277 
 {acc} sup : 89.84, inf : 89.45
[181/209 iteration of epoch 37/50] 
 {loss} sup : 0.396, inf : 0.397, fac : 0.002, total : 0.406 
 {acc} sup : 83.98, inf : 82.42
------------------------------
<Losses on train> sup : 0.302, inf : 0.295, fac : 0.002, total : 0.307
<Accuracies on train> sup : 87.82, inf : 87.86
Train epoch time: 771.340
------------------------------
<Accuracies on val> class : 88.96
------------------------------
<Accuracies on test> class : 85.16
------------------------------
Total epoch time: 778.158

New epoch - lr: 0.001
[1/209 iteration of epoch 38/50] 
 {loss} sup : 0.329, inf : 0.321, fac : 0.002, total : 0.334 
 {acc} sup : 87.50, inf : 87.50
[31/209 iteration of epoch 38/50] 
 {loss} sup : 0.292, inf : 0.287, fac : 0.002, total : 0.298 
 {acc} sup : 88.67, inf : 88.28
[61/209 iteration of epoch 38/50] 
 {loss} sup : 0.302, inf : 0.302, fac : 0.001, total : 0.309 
 {acc} sup : 87.50, inf : 86.72
[91/209 iteration of epoch 38/50] 
 {loss} sup : 0.348, inf : 0.345, fac : 0.002, total : 0.358 
 {acc} sup : 86.33, inf : 88.67
[121/209 iteration of epoch 38/50] 
 {loss} sup : 0.298, inf : 0.292, fac : 0.002, total : 0.303 
 {acc} sup : 88.67, inf : 87.50
[151/209 iteration of epoch 38/50] 
 {loss} sup : 0.302, inf : 0.296, fac : 0.001, total : 0.306 
 {acc} sup : 85.94, inf : 86.33
[181/209 iteration of epoch 38/50] 
 {loss} sup : 0.377, inf : 0.363, fac : 0.002, total : 0.381 
 {acc} sup : 83.98, inf : 84.77
------------------------------
<Losses on train> sup : 0.312, inf : 0.305, fac : 0.002, total : 0.318
<Accuracies on train> sup : 87.31, inf : 87.35
Train epoch time: 764.908
------------------------------
<Accuracies on val> class : 90.10
------------------------------
<Accuracies on test> class : 84.91
------------------------------
Total epoch time: 772.227

New epoch - lr: 0.001
[1/209 iteration of epoch 39/50] 
 {loss} sup : 0.316, inf : 0.293, fac : 0.002, total : 0.313 
 {acc} sup : 87.11, inf : 89.45
[31/209 iteration of epoch 39/50] 
 {loss} sup : 0.300, inf : 0.300, fac : 0.002, total : 0.308 
 {acc} sup : 87.89, inf : 87.89
[61/209 iteration of epoch 39/50] 
 {loss} sup : 0.378, inf : 0.380, fac : 0.002, total : 0.388 
 {acc} sup : 85.94, inf : 83.98
[91/209 iteration of epoch 39/50] 
 {loss} sup : 0.354, inf : 0.343, fac : 0.002, total : 0.357 
 {acc} sup : 88.67, inf : 88.28
[121/209 iteration of epoch 39/50] 
 {loss} sup : 0.406, inf : 0.394, fac : 0.002, total : 0.408 
 {acc} sup : 82.42, inf : 84.38
[151/209 iteration of epoch 39/50] 
 {loss} sup : 0.381, inf : 0.357, fac : 0.002, total : 0.380 
 {acc} sup : 86.72, inf : 88.67
[181/209 iteration of epoch 39/50] 
 {loss} sup : 0.440, inf : 0.440, fac : 0.002, total : 0.450 
 {acc} sup : 82.03, inf : 81.25
------------------------------
<Losses on train> sup : 0.306, inf : 0.300, fac : 0.002, total : 0.312
<Accuracies on train> sup : 87.62, inf : 87.74
Train epoch time: 770.292
------------------------------
<Accuracies on val> class : 89.12
------------------------------
<Accuracies on test> class : 85.11
------------------------------
Total epoch time: 777.160

New epoch - lr: 0.0001
[1/209 iteration of epoch 40/50] 
 {loss} sup : 0.367, inf : 0.354, fac : 0.001, total : 0.367 
 {acc} sup : 84.38, inf : 85.16
[31/209 iteration of epoch 40/50] 
 {loss} sup : 0.312, inf : 0.305, fac : 0.001, total : 0.314 
 {acc} sup : 86.33, inf : 87.50
[61/209 iteration of epoch 40/50] 
 {loss} sup : 0.409, inf : 0.405, fac : 0.001, total : 0.414 
 {acc} sup : 84.77, inf : 83.20
[91/209 iteration of epoch 40/50] 
 {loss} sup : 0.322, inf : 0.310, fac : 0.002, total : 0.326 
 {acc} sup : 87.89, inf : 87.89
[121/209 iteration of epoch 40/50] 
 {loss} sup : 0.210, inf : 0.202, fac : 0.002, total : 0.214 
 {acc} sup : 92.19, inf : 91.41
[151/209 iteration of epoch 40/50] 
 {loss} sup : 0.321, inf : 0.314, fac : 0.003, total : 0.333 
 {acc} sup : 87.50, inf : 86.33
[181/209 iteration of epoch 40/50] 
 {loss} sup : 0.288, inf : 0.281, fac : 0.001, total : 0.291 
 {acc} sup : 87.89, inf : 88.28
------------------------------
<Losses on train> sup : 0.304, inf : 0.297, fac : 0.002, total : 0.309
<Accuracies on train> sup : 87.75, inf : 87.76
Train epoch time: 772.113
------------------------------
<Accuracies on val> class : 89.12
------------------------------
<Accuracies on test> class : 84.91
------------------------------
Total epoch time: 779.530

New epoch - lr: 0.0001
[1/209 iteration of epoch 41/50] 
 {loss} sup : 0.319, inf : 0.310, fac : 0.001, total : 0.322 
 {acc} sup : 87.89, inf : 88.67
[31/209 iteration of epoch 41/50] 
 {loss} sup : 0.207, inf : 0.205, fac : 0.002, total : 0.216 
 {acc} sup : 91.41, inf : 91.41
[61/209 iteration of epoch 41/50] 
 {loss} sup : 0.294, inf : 0.291, fac : 0.002, total : 0.301 
 {acc} sup : 88.67, inf : 88.28
[91/209 iteration of epoch 41/50] 
 {loss} sup : 0.327, inf : 0.322, fac : 0.001, total : 0.331 
 {acc} sup : 86.33, inf : 87.11
[121/209 iteration of epoch 41/50] 
 {loss} sup : 0.258, inf : 0.267, fac : 0.001, total : 0.270 
 {acc} sup : 90.23, inf : 89.06
[151/209 iteration of epoch 41/50] 
 {loss} sup : 0.290, inf : 0.316, fac : 0.002, total : 0.315 
 {acc} sup : 85.55, inf : 86.72
[181/209 iteration of epoch 41/50] 
 {loss} sup : 0.269, inf : 0.260, fac : 0.002, total : 0.275 
 {acc} sup : 87.11, inf : 89.45
------------------------------
<Losses on train> sup : 0.304, inf : 0.299, fac : 0.002, total : 0.310
<Accuracies on train> sup : 87.58, inf : 87.65
Train epoch time: 766.701
------------------------------
<Accuracies on val> class : 89.29
------------------------------
<Accuracies on test> class : 85.40
------------------------------
Total epoch time: 774.146

New epoch - lr: 0.0001
[1/209 iteration of epoch 42/50] 
 {loss} sup : 0.305, inf : 0.299, fac : 0.001, total : 0.309 
 {acc} sup : 88.28, inf : 87.89
[31/209 iteration of epoch 42/50] 
 {loss} sup : 0.372, inf : 0.381, fac : 0.002, total : 0.387 
 {acc} sup : 84.77, inf : 85.16
[61/209 iteration of epoch 42/50] 
 {loss} sup : 0.282, inf : 0.279, fac : 0.002, total : 0.289 
 {acc} sup : 88.28, inf : 88.28
[91/209 iteration of epoch 42/50] 
 {loss} sup : 0.333, inf : 0.328, fac : 0.002, total : 0.339 
 {acc} sup : 84.77, inf : 87.89
[121/209 iteration of epoch 42/50] 
 {loss} sup : 0.252, inf : 0.241, fac : 0.002, total : 0.255 
 {acc} sup : 90.23, inf : 90.23
[151/209 iteration of epoch 42/50] 
 {loss} sup : 0.313, inf : 0.306, fac : 0.002, total : 0.318 
 {acc} sup : 87.11, inf : 87.11
[181/209 iteration of epoch 42/50] 
 {loss} sup : 0.279, inf : 0.277, fac : 0.002, total : 0.288 
 {acc} sup : 86.72, inf : 88.28
------------------------------
<Losses on train> sup : 0.301, inf : 0.295, fac : 0.002, total : 0.307
<Accuracies on train> sup : 87.85, inf : 88.10
Train epoch time: 777.830
------------------------------
<Accuracies on val> class : 89.29
------------------------------
<Accuracies on test> class : 85.45
------------------------------
Total epoch time: 785.192

New epoch - lr: 0.0001
[1/209 iteration of epoch 43/50] 
 {loss} sup : 0.255, inf : 0.254, fac : 0.001, total : 0.261 
 {acc} sup : 87.89, inf : 87.89
[31/209 iteration of epoch 43/50] 
 {loss} sup : 0.451, inf : 0.462, fac : 0.002, total : 0.466 
 {acc} sup : 82.42, inf : 79.30
[61/209 iteration of epoch 43/50] 
 {loss} sup : 0.326, inf : 0.330, fac : 0.002, total : 0.336 
 {acc} sup : 87.11, inf : 89.06
[91/209 iteration of epoch 43/50] 
 {loss} sup : 0.228, inf : 0.232, fac : 0.002, total : 0.238 
 {acc} sup : 91.80, inf : 91.02
[121/209 iteration of epoch 43/50] 
 {loss} sup : 0.301, inf : 0.293, fac : 0.002, total : 0.306 
 {acc} sup : 89.06, inf : 87.50
[151/209 iteration of epoch 43/50] 
 {loss} sup : 0.302, inf : 0.298, fac : 0.002, total : 0.308 
 {acc} sup : 87.50, inf : 89.06
[181/209 iteration of epoch 43/50] 
 {loss} sup : 0.259, inf : 0.231, fac : 0.001, total : 0.252 
 {acc} sup : 87.11, inf : 88.67
------------------------------
<Losses on train> sup : 0.301, inf : 0.295, fac : 0.002, total : 0.307
<Accuracies on train> sup : 87.82, inf : 87.80
Train epoch time: 773.228
------------------------------
<Accuracies on val> class : 88.96
------------------------------
<Accuracies on test> class : 85.21
------------------------------
Total epoch time: 780.238

New epoch - lr: 0.0001
[1/209 iteration of epoch 44/50] 
 {loss} sup : 0.391, inf : 0.389, fac : 0.002, total : 0.398 
 {acc} sup : 84.38, inf : 84.77
[31/209 iteration of epoch 44/50] 
 {loss} sup : 0.188, inf : 0.173, fac : 0.002, total : 0.192 
 {acc} sup : 92.58, inf : 91.80
[61/209 iteration of epoch 44/50] 
 {loss} sup : 0.282, inf : 0.277, fac : 0.002, total : 0.291 
 {acc} sup : 87.50, inf : 87.50
[91/209 iteration of epoch 44/50] 
 {loss} sup : 0.280, inf : 0.276, fac : 0.002, total : 0.287 
 {acc} sup : 91.02, inf : 89.06
[121/209 iteration of epoch 44/50] 
 {loss} sup : 0.279, inf : 0.271, fac : 0.001, total : 0.282 
 {acc} sup : 88.67, inf : 89.45
[151/209 iteration of epoch 44/50] 
 {loss} sup : 0.247, inf : 0.228, fac : 0.002, total : 0.249 
 {acc} sup : 90.23, inf : 91.41
[181/209 iteration of epoch 44/50] 
 {loss} sup : 0.327, inf : 0.320, fac : 0.001, total : 0.330 
 {acc} sup : 86.72, inf : 87.11
------------------------------
<Losses on train> sup : 0.298, inf : 0.292, fac : 0.002, total : 0.304
<Accuracies on train> sup : 87.84, inf : 88.02
Train epoch time: 763.840
------------------------------
<Accuracies on val> class : 88.64
------------------------------
<Accuracies on test> class : 84.91
------------------------------
Total epoch time: 770.751

New epoch - lr: 0.0001
[1/209 iteration of epoch 45/50] 
 {loss} sup : 0.336, inf : 0.331, fac : 0.002, total : 0.342 
 {acc} sup : 87.50, inf : 85.16
[31/209 iteration of epoch 45/50] 
 {loss} sup : 0.309, inf : 0.305, fac : 0.001, total : 0.314 
 {acc} sup : 85.94, inf : 85.94
[61/209 iteration of epoch 45/50] 
 {loss} sup : 0.234, inf : 0.230, fac : 0.002, total : 0.243 
 {acc} sup : 89.84, inf : 89.45
[91/209 iteration of epoch 45/50] 
 {loss} sup : 0.319, inf : 0.311, fac : 0.002, total : 0.325 
 {acc} sup : 88.28, inf : 86.33
[121/209 iteration of epoch 45/50] 
 {loss} sup : 0.304, inf : 0.293, fac : 0.002, total : 0.308 
 {acc} sup : 87.11, inf : 86.33
[151/209 iteration of epoch 45/50] 
 {loss} sup : 0.415, inf : 0.396, fac : 0.002, total : 0.414 
 {acc} sup : 83.98, inf : 83.20
[181/209 iteration of epoch 45/50] 
 {loss} sup : 0.312, inf : 0.298, fac : 0.002, total : 0.314 
 {acc} sup : 88.28, inf : 88.28
------------------------------
<Losses on train> sup : 0.300, inf : 0.293, fac : 0.002, total : 0.305
<Accuracies on train> sup : 87.86, inf : 88.02
Train epoch time: 726.711
------------------------------
<Accuracies on val> class : 88.80
------------------------------
<Accuracies on test> class : 85.25
------------------------------
Total epoch time: 733.674

New epoch - lr: 0.0001
[1/209 iteration of epoch 46/50] 
 {loss} sup : 0.209, inf : 0.215, fac : 0.002, total : 0.223 
 {acc} sup : 91.02, inf : 89.45
[31/209 iteration of epoch 46/50] 
 {loss} sup : 0.349, inf : 0.346, fac : 0.002, total : 0.358 
 {acc} sup : 85.94, inf : 85.55
[61/209 iteration of epoch 46/50] 
 {loss} sup : 0.221, inf : 0.199, fac : 0.001, total : 0.217 
 {acc} sup : 90.62, inf : 92.97
[91/209 iteration of epoch 46/50] 
 {loss} sup : 0.243, inf : 0.246, fac : 0.002, total : 0.254 
 {acc} sup : 91.80, inf : 90.23
[121/209 iteration of epoch 46/50] 
 {loss} sup : 0.304, inf : 0.305, fac : 0.002, total : 0.312 
 {acc} sup : 89.45, inf : 89.84
[151/209 iteration of epoch 46/50] 
 {loss} sup : 0.229, inf : 0.222, fac : 0.001, total : 0.232 
 {acc} sup : 89.84, inf : 91.02
[181/209 iteration of epoch 46/50] 
 {loss} sup : 0.320, inf : 0.320, fac : 0.002, total : 0.328 
 {acc} sup : 86.33, inf : 87.11
------------------------------
<Losses on train> sup : 0.301, inf : 0.295, fac : 0.002, total : 0.306
<Accuracies on train> sup : 87.86, inf : 87.79
Train epoch time: 735.869
------------------------------
<Accuracies on val> class : 89.45
------------------------------
<Accuracies on test> class : 85.74
------------------------------
Total epoch time: 743.322

New epoch - lr: 0.0001
[1/209 iteration of epoch 47/50] 
 {loss} sup : 0.260, inf : 0.261, fac : 0.001, total : 0.267 
 {acc} sup : 88.67, inf : 89.06
[31/209 iteration of epoch 47/50] 
 {loss} sup : 0.210, inf : 0.200, fac : 0.002, total : 0.215 
 {acc} sup : 90.23, inf : 91.02
[61/209 iteration of epoch 47/50] 
 {loss} sup : 0.280, inf : 0.270, fac : 0.001, total : 0.282 
 {acc} sup : 91.02, inf : 90.62
[91/209 iteration of epoch 47/50] 
 {loss} sup : 0.322, inf : 0.316, fac : 0.002, total : 0.328 
 {acc} sup : 88.67, inf : 88.67
[121/209 iteration of epoch 47/50] 
 {loss} sup : 0.400, inf : 0.383, fac : 0.001, total : 0.399 
 {acc} sup : 85.16, inf : 87.11
[151/209 iteration of epoch 47/50] 
 {loss} sup : 0.359, inf : 0.362, fac : 0.002, total : 0.368 
 {acc} sup : 87.50, inf : 85.16
[181/209 iteration of epoch 47/50] 
 {loss} sup : 0.200, inf : 0.195, fac : 0.002, total : 0.208 
 {acc} sup : 91.41, inf : 93.36
------------------------------
<Losses on train> sup : 0.305, inf : 0.299, fac : 0.002, total : 0.310
<Accuracies on train> sup : 87.68, inf : 87.81
Train epoch time: 715.482
------------------------------
<Accuracies on val> class : 88.80
------------------------------
<Accuracies on test> class : 85.11
------------------------------
Total epoch time: 723.049

New epoch - lr: 0.0001
[1/209 iteration of epoch 48/50] 
 {loss} sup : 0.299, inf : 0.288, fac : 0.002, total : 0.301 
 {acc} sup : 88.67, inf : 87.89
[31/209 iteration of epoch 48/50] 
 {loss} sup : 0.205, inf : 0.201, fac : 0.001, total : 0.210 
 {acc} sup : 92.58, inf : 92.97
[61/209 iteration of epoch 48/50] 
 {loss} sup : 0.315, inf : 0.301, fac : 0.001, total : 0.315 
 {acc} sup : 88.67, inf : 89.06
[91/209 iteration of epoch 48/50] 
 {loss} sup : 0.255, inf : 0.258, fac : 0.001, total : 0.264 
 {acc} sup : 88.67, inf : 87.11
[121/209 iteration of epoch 48/50] 
 {loss} sup : 0.309, inf : 0.330, fac : 0.002, total : 0.329 
 {acc} sup : 88.28, inf : 87.50
[151/209 iteration of epoch 48/50] 
 {loss} sup : 0.356, inf : 0.364, fac : 0.002, total : 0.370 
 {acc} sup : 85.94, inf : 84.38
[181/209 iteration of epoch 48/50] 
 {loss} sup : 0.284, inf : 0.278, fac : 0.002, total : 0.293 
 {acc} sup : 86.33, inf : 87.50
------------------------------
<Losses on train> sup : 0.296, inf : 0.290, fac : 0.002, total : 0.302
<Accuracies on train> sup : 88.00, inf : 88.16
Train epoch time: 728.228
------------------------------
<Accuracies on val> class : 89.12
------------------------------
<Accuracies on test> class : 85.16
------------------------------
Total epoch time: 745.233

New epoch - lr: 0.0001
[1/209 iteration of epoch 49/50] 
 {loss} sup : 0.303, inf : 0.284, fac : 0.002, total : 0.301 
 {acc} sup : 87.11, inf : 86.72
[31/209 iteration of epoch 49/50] 
 {loss} sup : 0.286, inf : 0.286, fac : 0.002, total : 0.294 
 {acc} sup : 88.67, inf : 87.50
[61/209 iteration of epoch 49/50] 
 {loss} sup : 0.296, inf : 0.288, fac : 0.001, total : 0.299 
 {acc} sup : 86.72, inf : 89.06
[91/209 iteration of epoch 49/50] 
 {loss} sup : 0.253, inf : 0.226, fac : 0.002, total : 0.250 
 {acc} sup : 87.89, inf : 89.84
[121/209 iteration of epoch 49/50] 
 {loss} sup : 0.231, inf : 0.231, fac : 0.002, total : 0.239 
 {acc} sup : 89.84, inf : 90.62
[151/209 iteration of epoch 49/50] 
 {loss} sup : 0.393, inf : 0.381, fac : 0.002, total : 0.395 
 {acc} sup : 83.98, inf : 83.20
[181/209 iteration of epoch 49/50] 
 {loss} sup : 0.286, inf : 0.285, fac : 0.002, total : 0.296 
 {acc} sup : 89.06, inf : 87.89
------------------------------
<Losses on train> sup : 0.302, inf : 0.297, fac : 0.002, total : 0.308
<Accuracies on train> sup : 87.70, inf : 87.81
Train epoch time: 726.724
------------------------------
<Accuracies on val> class : 89.77
------------------------------
<Accuracies on test> class : 86.18
------------------------------
Total epoch time: 733.943

New epoch - lr: 0.0001
[1/209 iteration of epoch 50/50] 
 {loss} sup : 0.287, inf : 0.278, fac : 0.002, total : 0.291 
 {acc} sup : 87.50, inf : 86.33
[31/209 iteration of epoch 50/50] 
 {loss} sup : 0.312, inf : 0.298, fac : 0.002, total : 0.313 
 {acc} sup : 88.28, inf : 88.67
[61/209 iteration of epoch 50/50] 
 {loss} sup : 0.290, inf : 0.288, fac : 0.001, total : 0.296 
 {acc} sup : 87.50, inf : 87.11
[91/209 iteration of epoch 50/50] 
 {loss} sup : 0.202, inf : 0.198, fac : 0.001, total : 0.207 
 {acc} sup : 91.41, inf : 92.97
[121/209 iteration of epoch 50/50] 
 {loss} sup : 0.285, inf : 0.281, fac : 0.001, total : 0.290 
 {acc} sup : 89.84, inf : 88.67
[151/209 iteration of epoch 50/50] 
 {loss} sup : 0.280, inf : 0.263, fac : 0.002, total : 0.281 
 {acc} sup : 87.11, inf : 88.67
[181/209 iteration of epoch 50/50] 
 {loss} sup : 0.416, inf : 0.414, fac : 0.002, total : 0.422 
 {acc} sup : 82.42, inf : 82.81
------------------------------
<Losses on train> sup : 0.299, inf : 0.293, fac : 0.002, total : 0.304
<Accuracies on train> sup : 87.90, inf : 88.01
Train epoch time: 685.939
------------------------------
<Accuracies on val> class : 89.29
------------------------------
<Accuracies on test> class : 85.55
------------------------------
Total epoch time: 692.557

******************************
Best val 0.861816, corresponding test 0.861816 - best test: 0.861816
