
Loading experiment PACS/ResNet18_step

Sample Strategy: all

New epoch - lr: 0.003
[1/28 iteration of epoch 1/30] 
 {loss} cls : 2.261, total : 2.261 
 {acc} cls : 14.06
------------------------------
<Losses on train> cls : 1.213, total : 1.213
<Accuracies on train> cls : 70.79
Train epoch time: 34.783
------------------------------
<Accuracies on val> class : 86.54
------------------------------
<Accuracies on test> class : 64.72
------------------------------
<Accuracies on photo> test class : 94.79
------------------------------
<Accuracies on cartoon> test class : 67.24
------------------------------
<Accuracies on sketch> test class : 50.45
------------------------------
Total epoch time: 71.467

New epoch - lr: 0.003
[1/28 iteration of epoch 2/30] 
 {loss} cls : 0.260, total : 0.260 
 {acc} cls : 92.97
------------------------------
<Losses on train> cls : 0.237, total : 0.237
<Accuracies on train> cls : 93.25
Train epoch time: 31.911
------------------------------
<Accuracies on val> class : 86.06
------------------------------
<Accuracies on test> class : 65.88
------------------------------
<Accuracies on photo> test class : 96.47
------------------------------
<Accuracies on cartoon> test class : 72.95
------------------------------
<Accuracies on sketch> test class : 48.66
------------------------------
Total epoch time: 59.073

New epoch - lr: 0.003
[1/28 iteration of epoch 3/30] 
 {loss} cls : 0.125, total : 0.125 
 {acc} cls : 94.53
------------------------------
<Losses on train> cls : 0.127, total : 0.127
<Accuracies on train> cls : 95.73
Train epoch time: 26.124
------------------------------
<Accuracies on val> class : 87.98
------------------------------
<Accuracies on test> class : 68.71
------------------------------
<Accuracies on photo> test class : 95.39
------------------------------
<Accuracies on cartoon> test class : 71.63
------------------------------
<Accuracies on sketch> test class : 55.64
------------------------------
Total epoch time: 54.075

New epoch - lr: 0.003
[1/28 iteration of epoch 4/30] 
 {loss} cls : 0.094, total : 0.094 
 {acc} cls : 96.09
------------------------------
<Losses on train> cls : 0.078, total : 0.078
<Accuracies on train> cls : 97.15
Train epoch time: 24.003
------------------------------
<Accuracies on val> class : 87.50
------------------------------
<Accuracies on test> class : 69.99
------------------------------
<Accuracies on photo> test class : 96.83
------------------------------
<Accuracies on cartoon> test class : 73.42
------------------------------
<Accuracies on sketch> test class : 56.53
------------------------------
Total epoch time: 51.582

New epoch - lr: 0.003
[1/28 iteration of epoch 5/30] 
 {loss} cls : 0.037, total : 0.037 
 {acc} cls : 97.66
------------------------------
<Losses on train> cls : 0.065, total : 0.065
<Accuracies on train> cls : 97.71
Train epoch time: 22.202
------------------------------
<Accuracies on val> class : 90.87
------------------------------
<Accuracies on test> class : 65.92
------------------------------
<Accuracies on photo> test class : 96.65
------------------------------
<Accuracies on cartoon> test class : 74.27
------------------------------
<Accuracies on sketch> test class : 47.87
------------------------------
Total epoch time: 51.367

New epoch - lr: 0.003
[1/28 iteration of epoch 6/30] 
 {loss} cls : 0.058, total : 0.058 
 {acc} cls : 98.44
------------------------------
<Losses on train> cls : 0.061, total : 0.061
<Accuracies on train> cls : 97.94
Train epoch time: 20.334
------------------------------
<Accuracies on val> class : 87.98
------------------------------
<Accuracies on test> class : 65.23
------------------------------
<Accuracies on photo> test class : 96.23
------------------------------
<Accuracies on cartoon> test class : 76.11
------------------------------
<Accuracies on sketch> test class : 45.56
------------------------------
Total epoch time: 48.968

New epoch - lr: 0.003
[1/28 iteration of epoch 7/30] 
 {loss} cls : 0.013, total : 0.013 
 {acc} cls : 100.00
------------------------------
<Losses on train> cls : 0.037, total : 0.037
<Accuracies on train> cls : 98.74
Train epoch time: 20.371
------------------------------
<Accuracies on val> class : 89.42
------------------------------
<Accuracies on test> class : 64.79
------------------------------
<Accuracies on photo> test class : 96.41
------------------------------
<Accuracies on cartoon> test class : 73.72
------------------------------
<Accuracies on sketch> test class : 46.02
------------------------------
Total epoch time: 49.396

New epoch - lr: 0.003
[1/28 iteration of epoch 8/30] 
 {loss} cls : 0.008, total : 0.008 
 {acc} cls : 100.00
------------------------------
<Losses on train> cls : 0.039, total : 0.039
<Accuracies on train> cls : 98.77
Train epoch time: 20.499
------------------------------
<Accuracies on val> class : 88.94
------------------------------
<Accuracies on test> class : 68.95
------------------------------
<Accuracies on photo> test class : 96.29
------------------------------
<Accuracies on cartoon> test class : 72.18
------------------------------
<Accuracies on sketch> test class : 55.41
------------------------------
Total epoch time: 49.331

New epoch - lr: 0.003
[1/28 iteration of epoch 9/30] 
 {loss} cls : 0.022, total : 0.022 
 {acc} cls : 99.22
------------------------------
<Losses on train> cls : 0.052, total : 0.052
<Accuracies on train> cls : 98.27
Train epoch time: 20.433
------------------------------
<Accuracies on val> class : 90.38
------------------------------
<Accuracies on test> class : 68.36
------------------------------
<Accuracies on photo> test class : 95.03
------------------------------
<Accuracies on cartoon> test class : 74.40
------------------------------
<Accuracies on sketch> test class : 53.42
------------------------------
Total epoch time: 49.316

New epoch - lr: 0.003
[1/28 iteration of epoch 10/30] 
 {loss} cls : 0.009, total : 0.009 
 {acc} cls : 100.00
------------------------------
<Losses on train> cls : 0.040, total : 0.040
<Accuracies on train> cls : 98.55
Train epoch time: 18.805
------------------------------
<Accuracies on val> class : 89.90
------------------------------
<Accuracies on test> class : 69.05
------------------------------
<Accuracies on photo> test class : 96.71
------------------------------
<Accuracies on cartoon> test class : 76.92
------------------------------
<Accuracies on sketch> test class : 52.61
------------------------------
Total epoch time: 46.645

New epoch - lr: 0.003
[1/28 iteration of epoch 11/30] 
 {loss} cls : 0.022, total : 0.022 
 {acc} cls : 99.22
------------------------------
<Losses on train> cls : 0.017, total : 0.017
<Accuracies on train> cls : 99.36
Train epoch time: 19.801
------------------------------
<Accuracies on val> class : 90.38
------------------------------
<Accuracies on test> class : 70.45
------------------------------
<Accuracies on photo> test class : 96.65
------------------------------
<Accuracies on cartoon> test class : 76.45
------------------------------
<Accuracies on sketch> test class : 55.74
------------------------------
Total epoch time: 47.940

New epoch - lr: 0.003
[1/28 iteration of epoch 12/30] 
 {loss} cls : 0.034, total : 0.034 
 {acc} cls : 99.22
------------------------------
<Losses on train> cls : 0.019, total : 0.019
<Accuracies on train> cls : 99.53
Train epoch time: 19.399
------------------------------
<Accuracies on val> class : 91.35
------------------------------
<Accuracies on test> class : 69.37
------------------------------
<Accuracies on photo> test class : 96.59
------------------------------
<Accuracies on cartoon> test class : 76.88
------------------------------
<Accuracies on sketch> test class : 53.32
------------------------------
Total epoch time: 48.360

New epoch - lr: 0.003
[1/28 iteration of epoch 13/30] 
 {loss} cls : 0.008, total : 0.008 
 {acc} cls : 100.00
------------------------------
<Losses on train> cls : 0.015, total : 0.015
<Accuracies on train> cls : 99.50
Train epoch time: 18.907
------------------------------
<Accuracies on val> class : 91.83
------------------------------
<Accuracies on test> class : 73.21
------------------------------
<Accuracies on photo> test class : 97.01
------------------------------
<Accuracies on cartoon> test class : 77.30
------------------------------
<Accuracies on sketch> test class : 60.65
------------------------------
Total epoch time: 47.848

New epoch - lr: 0.003
[1/28 iteration of epoch 14/30] 
 {loss} cls : 0.019, total : 0.019 
 {acc} cls : 99.22
------------------------------
<Losses on train> cls : 0.019, total : 0.019
<Accuracies on train> cls : 99.41
Train epoch time: 19.039
------------------------------
<Accuracies on val> class : 91.83
------------------------------
<Accuracies on test> class : 72.43
------------------------------
<Accuracies on photo> test class : 96.59
------------------------------
<Accuracies on cartoon> test class : 76.66
------------------------------
<Accuracies on sketch> test class : 59.63
------------------------------
Total epoch time: 48.171

New epoch - lr: 0.003
[1/28 iteration of epoch 15/30] 
 {loss} cls : 0.009, total : 0.009 
 {acc} cls : 100.00
------------------------------
<Losses on train> cls : 0.015, total : 0.015
<Accuracies on train> cls : 99.58
Train epoch time: 18.074
------------------------------
<Accuracies on val> class : 91.35
------------------------------
<Accuracies on test> class : 71.55
------------------------------
<Accuracies on photo> test class : 96.53
------------------------------
<Accuracies on cartoon> test class : 76.41
------------------------------
<Accuracies on sketch> test class : 58.03
------------------------------
Total epoch time: 47.530

New epoch - lr: 0.003
[1/28 iteration of epoch 16/30] 
 {loss} cls : 0.019, total : 0.019 
 {acc} cls : 99.22
------------------------------
<Losses on train> cls : 0.014, total : 0.014
<Accuracies on train> cls : 99.64
Train epoch time: 18.146
------------------------------
<Accuracies on val> class : 90.38
------------------------------
<Accuracies on test> class : 69.28
------------------------------
<Accuracies on photo> test class : 96.17
------------------------------
<Accuracies on cartoon> test class : 75.94
------------------------------
<Accuracies on sketch> test class : 53.88
------------------------------
Total epoch time: 48.145

New epoch - lr: 0.003
[1/28 iteration of epoch 17/30] 
 {loss} cls : 0.003, total : 0.003 
 {acc} cls : 100.00
------------------------------
<Losses on train> cls : 0.015, total : 0.015
<Accuracies on train> cls : 99.58
Train epoch time: 17.892
------------------------------
<Accuracies on val> class : 92.31
------------------------------
<Accuracies on test> class : 67.87
------------------------------
<Accuracies on photo> test class : 95.81
------------------------------
<Accuracies on cartoon> test class : 75.68
------------------------------
<Accuracies on sketch> test class : 51.34
------------------------------
Total epoch time: 47.968

New epoch - lr: 0.003
[1/28 iteration of epoch 18/30] 
 {loss} cls : 0.002, total : 0.002 
 {acc} cls : 100.00
------------------------------
<Losses on train> cls : 0.013, total : 0.013
<Accuracies on train> cls : 99.67
Train epoch time: 18.024
------------------------------
<Accuracies on val> class : 91.35
------------------------------
<Accuracies on test> class : 70.58
------------------------------
<Accuracies on photo> test class : 96.83
------------------------------
<Accuracies on cartoon> test class : 76.62
------------------------------
<Accuracies on sketch> test class : 55.82
------------------------------
Total epoch time: 47.323

New epoch - lr: 0.003
[1/28 iteration of epoch 19/30] 
 {loss} cls : 0.004, total : 0.004 
 {acc} cls : 100.00
------------------------------
<Losses on train> cls : 0.011, total : 0.011
<Accuracies on train> cls : 99.75
Train epoch time: 18.637
------------------------------
<Accuracies on val> class : 91.83
------------------------------
<Accuracies on test> class : 71.07
------------------------------
<Accuracies on photo> test class : 96.77
------------------------------
<Accuracies on cartoon> test class : 77.90
------------------------------
<Accuracies on sketch> test class : 56.07
------------------------------
Total epoch time: 47.060

New epoch - lr: 0.003
[1/28 iteration of epoch 20/30] 
 {loss} cls : 0.005, total : 0.005 
 {acc} cls : 100.00
------------------------------
<Losses on train> cls : 0.016, total : 0.016
<Accuracies on train> cls : 99.41
Train epoch time: 19.008
------------------------------
<Accuracies on val> class : 91.83
------------------------------
<Accuracies on test> class : 69.65
------------------------------
<Accuracies on photo> test class : 96.29
------------------------------
<Accuracies on cartoon> test class : 74.49
------------------------------
<Accuracies on sketch> test class : 55.43
------------------------------
Total epoch time: 46.853

New epoch - lr: 0.003
[1/28 iteration of epoch 21/30] 
 {loss} cls : 0.004, total : 0.004 
 {acc} cls : 100.00
------------------------------
<Losses on train> cls : 0.016, total : 0.016
<Accuracies on train> cls : 99.53
Train epoch time: 19.441
------------------------------
<Accuracies on val> class : 91.83
------------------------------
<Accuracies on test> class : 67.77
------------------------------
<Accuracies on photo> test class : 96.47
------------------------------
<Accuracies on cartoon> test class : 75.51
------------------------------
<Accuracies on sketch> test class : 50.95
------------------------------
Total epoch time: 46.977

New epoch - lr: 0.003
[1/28 iteration of epoch 22/30] 
 {loss} cls : 0.006, total : 0.006 
 {acc} cls : 100.00
------------------------------
<Losses on train> cls : 0.012, total : 0.012
<Accuracies on train> cls : 99.50
Train epoch time: 19.193
------------------------------
<Accuracies on val> class : 92.79
------------------------------
<Accuracies on test> class : 65.45
------------------------------
<Accuracies on photo> test class : 96.05
------------------------------
<Accuracies on cartoon> test class : 74.96
------------------------------
<Accuracies on sketch> test class : 46.78
------------------------------
Total epoch time: 47.337

New epoch - lr: 0.003
[1/28 iteration of epoch 23/30] 
 {loss} cls : 0.003, total : 0.003 
 {acc} cls : 100.00
------------------------------
<Losses on train> cls : 0.006, total : 0.006
<Accuracies on train> cls : 99.80
Train epoch time: 19.351
------------------------------
<Accuracies on val> class : 93.27
------------------------------
<Accuracies on test> class : 67.57
------------------------------
<Accuracies on photo> test class : 96.29
------------------------------
<Accuracies on cartoon> test class : 76.62
------------------------------
<Accuracies on sketch> test class : 49.96
------------------------------
Total epoch time: 47.931

New epoch - lr: 0.003
[1/28 iteration of epoch 24/30] 
 {loss} cls : 0.002, total : 0.002 
 {acc} cls : 100.00
------------------------------
<Losses on train> cls : 0.006, total : 0.006
<Accuracies on train> cls : 99.89
Train epoch time: 19.241
------------------------------
<Accuracies on val> class : 92.79
------------------------------
<Accuracies on test> class : 66.61
------------------------------
<Accuracies on photo> test class : 96.23
------------------------------
<Accuracies on cartoon> test class : 76.71
------------------------------
<Accuracies on sketch> test class : 48.00
------------------------------
Total epoch time: 47.278

New epoch - lr: 0.003
[1/28 iteration of epoch 25/30] 
 {loss} cls : 0.006, total : 0.006 
 {acc} cls : 100.00
------------------------------
<Losses on train> cls : 0.007, total : 0.007
<Accuracies on train> cls : 99.86
Train epoch time: 19.166
------------------------------
<Accuracies on val> class : 93.27
------------------------------
<Accuracies on test> class : 69.44
------------------------------
<Accuracies on photo> test class : 96.35
------------------------------
<Accuracies on cartoon> test class : 77.52
------------------------------
<Accuracies on sketch> test class : 53.19
------------------------------
Total epoch time: 47.964

New epoch - lr: 0.003
[1/28 iteration of epoch 26/30] 
 {loss} cls : 0.016, total : 0.016 
 {acc} cls : 99.22
------------------------------
<Losses on train> cls : 0.006, total : 0.006
<Accuracies on train> cls : 99.83
Train epoch time: 18.907
------------------------------
<Accuracies on val> class : 92.31
------------------------------
<Accuracies on test> class : 71.23
------------------------------
<Accuracies on photo> test class : 96.53
------------------------------
<Accuracies on cartoon> test class : 78.03
------------------------------
<Accuracies on sketch> test class : 56.43
------------------------------
Total epoch time: 47.125

New epoch - lr: 0.0009000000000000002
[1/28 iteration of epoch 27/30] 
 {loss} cls : 0.001, total : 0.001 
 {acc} cls : 100.00
------------------------------
<Losses on train> cls : 0.006, total : 0.006
<Accuracies on train> cls : 99.89
Train epoch time: 18.771
------------------------------
<Accuracies on val> class : 92.31
------------------------------
<Accuracies on test> class : 69.09
------------------------------
<Accuracies on photo> test class : 96.47
------------------------------
<Accuracies on cartoon> test class : 77.22
------------------------------
<Accuracies on sketch> test class : 52.61
------------------------------
Total epoch time: 46.589

New epoch - lr: 0.0009000000000000002
[1/28 iteration of epoch 28/30] 
 {loss} cls : 0.004, total : 0.004 
 {acc} cls : 100.00
------------------------------
<Losses on train> cls : 0.005, total : 0.005
<Accuracies on train> cls : 99.86
Train epoch time: 18.897
------------------------------
<Accuracies on val> class : 91.35
------------------------------
<Accuracies on test> class : 70.23
------------------------------
<Accuracies on photo> test class : 96.53
------------------------------
<Accuracies on cartoon> test class : 77.43
------------------------------
<Accuracies on sketch> test class : 54.75
------------------------------
Total epoch time: 46.279

New epoch - lr: 0.0009000000000000002
[1/28 iteration of epoch 29/30] 
 {loss} cls : 0.001, total : 0.001 
 {acc} cls : 100.00
------------------------------
<Losses on train> cls : 0.005, total : 0.005
<Accuracies on train> cls : 99.86
Train epoch time: 19.949
------------------------------
<Accuracies on val> class : 91.83
------------------------------
<Accuracies on test> class : 70.12
------------------------------
<Accuracies on photo> test class : 96.83
------------------------------
<Accuracies on cartoon> test class : 77.99
------------------------------
<Accuracies on sketch> test class : 54.09
------------------------------
Total epoch time: 47.027

New epoch - lr: 0.0009000000000000002
[1/28 iteration of epoch 30/30] 
 {loss} cls : 0.001, total : 0.001 
 {acc} cls : 100.00
------------------------------
<Losses on train> cls : 0.006, total : 0.006
<Accuracies on train> cls : 99.83
Train epoch time: 18.313
------------------------------
<Accuracies on val> class : 92.31
------------------------------
<Accuracies on test> class : 69.73
------------------------------
<Accuracies on photo> test class : 96.59
------------------------------
<Accuracies on cartoon> test class : 78.11
------------------------------
<Accuracies on sketch> test class : 53.32
------------------------------
Total epoch time: 44.045

******************************
Best val 0.932692, corresponding test 0.694448 - best test: 0.732091

******************************
Best val 0.932692289352417, corresponding photo test 0.9634730815887451

******************************
Best val 0.932692289352417, corresponding cartoon test 0.775170624256134

******************************
Best val 0.932692289352417, corresponding sketch test 0.5319419503211975
