
Loading experiment Officehome/ResNet18_step


New epoch - lr: 0.003
[1/61 iteration of epoch 1/50] 
 {loss} cls : 4.380, total : 4.380 
 {acc} cls : 2.34
[31/61 iteration of epoch 1/50] 
 {loss} cls : 2.167, total : 2.167 
 {acc} cls : 57.81
[61/61 iteration of epoch 1/50] 
 {loss} cls : 2.318, total : 2.318 
 {acc} cls : 3.91
------------------------------
<Losses on train> cls : 2.924, total : 2.924
<Accuracies on train> cls : 31.78
Train epoch time: 190.136
------------------------------
<Accuracies on val> class : 73.56
------------------------------
<Accuracies on test> class : 50.50
------------------------------
<Accuracies on Art> test class : 49.65
------------------------------
<Accuracies on Clipart> test class : 38.51
------------------------------
<Accuracies on Product> test class : 62.76
------------------------------
Total epoch time: 286.976

New epoch - lr: 0.003
[1/61 iteration of epoch 2/50] 
 {loss} cls : 2.641, total : 2.641 
 {acc} cls : 32.03
[31/61 iteration of epoch 2/50] 
 {loss} cls : 1.919, total : 1.919 
 {acc} cls : 75.78
[61/61 iteration of epoch 2/50] 
 {loss} cls : 2.245, total : 2.245 
 {acc} cls : 66.41
------------------------------
<Losses on train> cls : 2.199, total : 2.199
<Accuracies on train> cls : 49.41
Train epoch time: 180.920
------------------------------
<Accuracies on val> class : 76.32
------------------------------
<Accuracies on test> class : 51.94
------------------------------
<Accuracies on Art> test class : 51.01
------------------------------
<Accuracies on Clipart> test class : 38.99
------------------------------
<Accuracies on Product> test class : 65.17
------------------------------
Total epoch time: 276.074

New epoch - lr: 0.003
[1/61 iteration of epoch 3/50] 
 {loss} cls : 2.351, total : 2.351 
 {acc} cls : 40.62
[31/61 iteration of epoch 3/50] 
 {loss} cls : 0.872, total : 0.872 
 {acc} cls : 82.81
[61/61 iteration of epoch 3/50] 
 {loss} cls : 2.263, total : 2.263 
 {acc} cls : 40.62
------------------------------
<Losses on train> cls : 1.845, total : 1.845
<Accuracies on train> cls : 59.68
Train epoch time: 171.543
------------------------------
<Accuracies on val> class : 78.16
------------------------------
<Accuracies on test> class : 55.20
------------------------------
<Accuracies on Art> test class : 53.65
------------------------------
<Accuracies on Clipart> test class : 42.38
------------------------------
<Accuracies on Product> test class : 68.66
------------------------------
Total epoch time: 265.669

New epoch - lr: 0.003
[1/61 iteration of epoch 4/50] 
 {loss} cls : 2.009, total : 2.009 
 {acc} cls : 1.56
[31/61 iteration of epoch 4/50] 
 {loss} cls : 1.838, total : 1.838 
 {acc} cls : 78.12
[61/61 iteration of epoch 4/50] 
 {loss} cls : 1.907, total : 1.907 
 {acc} cls : 70.31
------------------------------
<Losses on train> cls : 1.858, total : 1.858
<Accuracies on train> cls : 55.84
Train epoch time: 168.430
------------------------------
<Accuracies on val> class : 79.31
------------------------------
<Accuracies on test> class : 55.30
------------------------------
<Accuracies on Art> test class : 54.47
------------------------------
<Accuracies on Clipart> test class : 42.04
------------------------------
<Accuracies on Product> test class : 68.80
------------------------------
Total epoch time: 263.185

New epoch - lr: 0.003
[1/61 iteration of epoch 5/50] 
 {loss} cls : 1.176, total : 1.176 
 {acc} cls : 91.41
[31/61 iteration of epoch 5/50] 
 {loss} cls : 0.934, total : 0.934 
 {acc} cls : 89.84
[61/61 iteration of epoch 5/50] 
 {loss} cls : 1.171, total : 1.171 
 {acc} cls : 95.31
------------------------------
<Losses on train> cls : 1.767, total : 1.767
<Accuracies on train> cls : 65.36
Train epoch time: 170.819
------------------------------
<Accuracies on val> class : 79.54
------------------------------
<Accuracies on test> class : 54.90
------------------------------
<Accuracies on Art> test class : 53.56
------------------------------
<Accuracies on Clipart> test class : 40.23
------------------------------
<Accuracies on Product> test class : 70.06
------------------------------
Total epoch time: 264.862

New epoch - lr: 0.003
[1/61 iteration of epoch 6/50] 
 {loss} cls : 1.325, total : 1.325 
 {acc} cls : 80.47
[31/61 iteration of epoch 6/50] 
 {loss} cls : 2.357, total : 2.357 
 {acc} cls : 2.34
[61/61 iteration of epoch 6/50] 
 {loss} cls : 2.289, total : 2.289 
 {acc} cls : 24.22
------------------------------
<Losses on train> cls : 1.768, total : 1.768
<Accuracies on train> cls : 64.02
Train epoch time: 169.377
------------------------------
<Accuracies on val> class : 80.23
------------------------------
<Accuracies on test> class : 55.66
------------------------------
<Accuracies on Art> test class : 54.47
------------------------------
<Accuracies on Clipart> test class : 41.97
------------------------------
<Accuracies on Product> test class : 69.77
------------------------------
Total epoch time: 263.562

New epoch - lr: 0.003
[1/61 iteration of epoch 7/50] 
 {loss} cls : 2.031, total : 2.031 
 {acc} cls : 53.91
[31/61 iteration of epoch 7/50] 
 {loss} cls : 2.202, total : 2.202 
 {acc} cls : 39.84
[61/61 iteration of epoch 7/50] 
 {loss} cls : 2.107, total : 2.107 
 {acc} cls : 54.69
------------------------------
<Losses on train> cls : 1.707, total : 1.707
<Accuracies on train> cls : 64.14
Train epoch time: 174.011
------------------------------
<Accuracies on val> class : 78.16
------------------------------
<Accuracies on test> class : 55.20
------------------------------
<Accuracies on Art> test class : 54.72
------------------------------
<Accuracies on Clipart> test class : 42.06
------------------------------
<Accuracies on Product> test class : 68.39
------------------------------
Total epoch time: 267.734

New epoch - lr: 0.003
[1/61 iteration of epoch 8/50] 
 {loss} cls : 1.835, total : 1.835 
 {acc} cls : 71.88
[31/61 iteration of epoch 8/50] 
 {loss} cls : 1.922, total : 1.922 
 {acc} cls : 71.09
[61/61 iteration of epoch 8/50] 
 {loss} cls : 2.012, total : 2.012 
 {acc} cls : 57.81
------------------------------
<Losses on train> cls : 1.693, total : 1.693
<Accuracies on train> cls : 67.80
Train epoch time: 168.720
------------------------------
<Accuracies on val> class : 78.85
------------------------------
<Accuracies on test> class : 55.14
------------------------------
<Accuracies on Art> test class : 55.09
------------------------------
<Accuracies on Clipart> test class : 40.07
------------------------------
<Accuracies on Product> test class : 69.99
------------------------------
Total epoch time: 262.475

New epoch - lr: 0.003
[1/61 iteration of epoch 9/50] 
 {loss} cls : 0.913, total : 0.913 
 {acc} cls : 94.53
[31/61 iteration of epoch 9/50] 
 {loss} cls : 0.861, total : 0.861 
 {acc} cls : 95.31
[61/61 iteration of epoch 9/50] 
 {loss} cls : 1.937, total : 1.937 
 {acc} cls : 75.78
------------------------------
<Losses on train> cls : 1.641, total : 1.641
<Accuracies on train> cls : 63.87
Train epoch time: 166.875
------------------------------
<Accuracies on val> class : 80.00
------------------------------
<Accuracies on test> class : 54.18
------------------------------
<Accuracies on Art> test class : 50.39
------------------------------
<Accuracies on Clipart> test class : 40.34
------------------------------
<Accuracies on Product> test class : 69.86
------------------------------
Total epoch time: 260.429

New epoch - lr: 0.003
[1/61 iteration of epoch 10/50] 
 {loss} cls : 2.106, total : 2.106 
 {acc} cls : 33.59
[31/61 iteration of epoch 10/50] 
 {loss} cls : 2.047, total : 2.047 
 {acc} cls : 1.56
[61/61 iteration of epoch 10/50] 
 {loss} cls : 1.522, total : 1.522 
 {acc} cls : 88.28
------------------------------
<Losses on train> cls : 1.598, total : 1.598
<Accuracies on train> cls : 70.97
Train epoch time: 172.819
------------------------------
<Accuracies on val> class : 79.77
------------------------------
<Accuracies on test> class : 55.87
------------------------------
<Accuracies on Art> test class : 54.80
------------------------------
<Accuracies on Clipart> test class : 42.66
------------------------------
<Accuracies on Product> test class : 69.45
------------------------------
Total epoch time: 266.432

New epoch - lr: 0.003
[1/61 iteration of epoch 11/50] 
 {loss} cls : 1.493, total : 1.493 
 {acc} cls : 91.41
[31/61 iteration of epoch 11/50] 
 {loss} cls : 2.017, total : 2.017 
 {acc} cls : 49.22
[61/61 iteration of epoch 11/50] 
 {loss} cls : 1.747, total : 1.747 
 {acc} cls : 85.16
------------------------------
<Losses on train> cls : 1.511, total : 1.511
<Accuracies on train> cls : 74.81
Train epoch time: 175.389
------------------------------
<Accuracies on val> class : 80.23
------------------------------
<Accuracies on test> class : 55.44
------------------------------
<Accuracies on Art> test class : 53.81
------------------------------
<Accuracies on Clipart> test class : 40.71
------------------------------
<Accuracies on Product> test class : 70.83
------------------------------
Total epoch time: 269.124

New epoch - lr: 0.003
[1/61 iteration of epoch 12/50] 
 {loss} cls : 1.591, total : 1.591 
 {acc} cls : 85.16
[31/61 iteration of epoch 12/50] 
 {loss} cls : 1.321, total : 1.321 
 {acc} cls : 88.28
[61/61 iteration of epoch 12/50] 
 {loss} cls : 2.143, total : 2.143 
 {acc} cls : 27.34
------------------------------
<Losses on train> cls : 1.683, total : 1.683
<Accuracies on train> cls : 60.39
Train epoch time: 172.346
------------------------------
<Accuracies on val> class : 79.31
------------------------------
<Accuracies on test> class : 53.45
------------------------------
<Accuracies on Art> test class : 52.08
------------------------------
<Accuracies on Clipart> test class : 39.45
------------------------------
<Accuracies on Product> test class : 67.97
------------------------------
Total epoch time: 266.080

New epoch - lr: 0.003
[1/61 iteration of epoch 13/50] 
 {loss} cls : 1.293, total : 1.293 
 {acc} cls : 95.31
[31/61 iteration of epoch 13/50] 
 {loss} cls : 0.930, total : 0.930 
 {acc} cls : 96.88
[61/61 iteration of epoch 13/50] 
 {loss} cls : 1.899, total : 1.899 
 {acc} cls : 5.47
------------------------------
<Losses on train> cls : 1.602, total : 1.602
<Accuracies on train> cls : 69.75
Train epoch time: 172.388
------------------------------
<Accuracies on val> class : 78.62
------------------------------
<Accuracies on test> class : 53.33
------------------------------
<Accuracies on Art> test class : 51.79
------------------------------
<Accuracies on Clipart> test class : 38.92
------------------------------
<Accuracies on Product> test class : 68.33
------------------------------
Total epoch time: 265.945

New epoch - lr: 0.003
[1/61 iteration of epoch 14/50] 
 {loss} cls : 1.772, total : 1.772 
 {acc} cls : 82.03
[31/61 iteration of epoch 14/50] 
 {loss} cls : 1.976, total : 1.976 
 {acc} cls : 47.66
[61/61 iteration of epoch 14/50] 
 {loss} cls : 0.733, total : 0.733 
 {acc} cls : 96.09
------------------------------
<Losses on train> cls : 1.570, total : 1.570
<Accuracies on train> cls : 66.82
Train epoch time: 171.450
------------------------------
<Accuracies on val> class : 75.86
------------------------------
<Accuracies on test> class : 51.85
------------------------------
<Accuracies on Art> test class : 51.01
------------------------------
<Accuracies on Clipart> test class : 37.96
------------------------------
<Accuracies on Product> test class : 65.96
------------------------------
Total epoch time: 267.125

New epoch - lr: 0.003
[1/61 iteration of epoch 15/50] 
 {loss} cls : 1.532, total : 1.532 
 {acc} cls : 88.28
[31/61 iteration of epoch 15/50] 
 {loss} cls : 2.115, total : 2.115 
 {acc} cls : 35.94
[61/61 iteration of epoch 15/50] 
 {loss} cls : 2.089, total : 2.089 
 {acc} cls : 25.78
------------------------------
<Losses on train> cls : 1.525, total : 1.525
<Accuracies on train> cls : 67.71
Train epoch time: 167.324
------------------------------
<Accuracies on val> class : 80.00
------------------------------
<Accuracies on test> class : 54.61
------------------------------
<Accuracies on Art> test class : 51.92
------------------------------
<Accuracies on Clipart> test class : 40.87
------------------------------
<Accuracies on Product> test class : 69.59
------------------------------
Total epoch time: 263.156

New epoch - lr: 0.003
[1/61 iteration of epoch 16/50] 
 {loss} cls : 1.922, total : 1.922 
 {acc} cls : 70.31
[31/61 iteration of epoch 16/50] 
 {loss} cls : 2.009, total : 2.009 
 {acc} cls : 16.41
[61/61 iteration of epoch 16/50] 
 {loss} cls : 1.399, total : 1.399 
 {acc} cls : 92.97
------------------------------
<Losses on train> cls : 1.542, total : 1.542
<Accuracies on train> cls : 77.11
Train epoch time: 169.062
------------------------------
<Accuracies on val> class : 81.15
------------------------------
<Accuracies on test> class : 55.42
------------------------------
<Accuracies on Art> test class : 53.07
------------------------------
<Accuracies on Clipart> test class : 40.25
------------------------------
<Accuracies on Product> test class : 71.62
------------------------------
Total epoch time: 268.208

New epoch - lr: 0.003
[1/61 iteration of epoch 17/50] 
 {loss} cls : 1.477, total : 1.477 
 {acc} cls : 92.97
[31/61 iteration of epoch 17/50] 
 {loss} cls : 2.076, total : 2.076 
 {acc} cls : 9.38
[61/61 iteration of epoch 17/50] 
 {loss} cls : 2.002, total : 2.002 
 {acc} cls : 10.16
------------------------------
<Losses on train> cls : 1.559, total : 1.559
<Accuracies on train> cls : 65.04
Train epoch time: 166.766
------------------------------
<Accuracies on val> class : 76.55
------------------------------
<Accuracies on test> class : 55.05
------------------------------
<Accuracies on Art> test class : 51.26
------------------------------
<Accuracies on Clipart> test class : 41.90
------------------------------
<Accuracies on Product> test class : 70.06
------------------------------
Total epoch time: 264.370

New epoch - lr: 0.003
[1/61 iteration of epoch 18/50] 
 {loss} cls : 0.774, total : 0.774 
 {acc} cls : 100.00
[31/61 iteration of epoch 18/50] 
 {loss} cls : 2.182, total : 2.182 
 {acc} cls : 32.81
[61/61 iteration of epoch 18/50] 
 {loss} cls : 2.005, total : 2.005 
 {acc} cls : 8.59
------------------------------
<Losses on train> cls : 1.522, total : 1.522
<Accuracies on train> cls : 67.03
Train epoch time: 164.776
------------------------------
<Accuracies on val> class : 77.24
------------------------------
<Accuracies on test> class : 52.86
------------------------------
<Accuracies on Art> test class : 51.55
------------------------------
<Accuracies on Clipart> test class : 38.44
------------------------------
<Accuracies on Product> test class : 67.76
------------------------------
Total epoch time: 263.222

New epoch - lr: 0.003
[1/61 iteration of epoch 19/50] 
 {loss} cls : 1.169, total : 1.169 
 {acc} cls : 97.66
[31/61 iteration of epoch 19/50] 
 {loss} cls : 1.932, total : 1.932 
 {acc} cls : 17.19
[61/61 iteration of epoch 19/50] 
 {loss} cls : 0.173, total : 0.173 
 {acc} cls : 99.22
------------------------------
<Losses on train> cls : 1.543, total : 1.543
<Accuracies on train> cls : 66.98
Train epoch time: 164.144
------------------------------
<Accuracies on val> class : 79.77
------------------------------
<Accuracies on test> class : 54.98
------------------------------
<Accuracies on Art> test class : 51.59
------------------------------
<Accuracies on Clipart> test class : 40.92
------------------------------
<Accuracies on Product> test class : 70.67
------------------------------
Total epoch time: 264.046

New epoch - lr: 0.003
[1/61 iteration of epoch 20/50] 
 {loss} cls : 1.549, total : 1.549 
 {acc} cls : 87.50
[31/61 iteration of epoch 20/50] 
 {loss} cls : 1.643, total : 1.643 
 {acc} cls : 78.12
[61/61 iteration of epoch 20/50] 
 {loss} cls : 1.810, total : 1.810 
 {acc} cls : 66.41
------------------------------
<Losses on train> cls : 1.546, total : 1.546
<Accuracies on train> cls : 71.84
Train epoch time: 171.036
------------------------------
<Accuracies on val> class : 78.16
------------------------------
<Accuracies on test> class : 54.41
------------------------------
<Accuracies on Art> test class : 51.63
------------------------------
<Accuracies on Clipart> test class : 39.82
------------------------------
<Accuracies on Product> test class : 70.29
------------------------------
Total epoch time: 268.338

New epoch - lr: 0.003
[1/61 iteration of epoch 21/50] 
 {loss} cls : 0.754, total : 0.754 
 {acc} cls : 97.66
[31/61 iteration of epoch 21/50] 
 {loss} cls : 0.639, total : 0.639 
 {acc} cls : 98.44
[61/61 iteration of epoch 21/50] 
 {loss} cls : 1.182, total : 1.182 
 {acc} cls : 99.22
------------------------------
<Losses on train> cls : 1.464, total : 1.464
<Accuracies on train> cls : 72.07
Train epoch time: 170.524
------------------------------
<Accuracies on val> class : 80.00
------------------------------
<Accuracies on test> class : 55.61
------------------------------
<Accuracies on Art> test class : 53.48
------------------------------
<Accuracies on Clipart> test class : 42.54
------------------------------
<Accuracies on Product> test class : 69.63
------------------------------
Total epoch time: 268.815

New epoch - lr: 0.003
[1/61 iteration of epoch 22/50] 
 {loss} cls : 0.171, total : 0.171 
 {acc} cls : 99.22
[31/61 iteration of epoch 22/50] 
 {loss} cls : 1.972, total : 1.972 
 {acc} cls : 48.44
[61/61 iteration of epoch 22/50] 
 {loss} cls : 0.908, total : 0.908 
 {acc} cls : 96.88
------------------------------
<Losses on train> cls : 1.409, total : 1.409
<Accuracies on train> cls : 69.45
Train epoch time: 168.116
------------------------------
<Accuracies on val> class : 80.00
------------------------------
<Accuracies on test> class : 54.48
------------------------------
<Accuracies on Art> test class : 52.29
------------------------------
<Accuracies on Clipart> test class : 39.93
------------------------------
<Accuracies on Product> test class : 69.99
------------------------------
Total epoch time: 265.468

New epoch - lr: 0.003
[1/61 iteration of epoch 23/50] 
 {loss} cls : 1.527, total : 1.527 
 {acc} cls : 84.38
[31/61 iteration of epoch 23/50] 
 {loss} cls : 1.656, total : 1.656 
 {acc} cls : 71.88
[61/61 iteration of epoch 23/50] 
 {loss} cls : 0.620, total : 0.620 
 {acc} cls : 98.44
------------------------------
<Losses on train> cls : 1.398, total : 1.398
<Accuracies on train> cls : 72.91
Train epoch time: 167.108
------------------------------
<Accuracies on val> class : 78.85
------------------------------
<Accuracies on test> class : 54.55
------------------------------
<Accuracies on Art> test class : 51.63
------------------------------
<Accuracies on Clipart> test class : 40.39
------------------------------
<Accuracies on Product> test class : 70.08
------------------------------
Total epoch time: 263.704

New epoch - lr: 0.003
[1/61 iteration of epoch 24/50] 
 {loss} cls : 1.535, total : 1.535 
 {acc} cls : 42.97
[31/61 iteration of epoch 24/50] 
 {loss} cls : 0.192, total : 0.192 
 {acc} cls : 100.00
[61/61 iteration of epoch 24/50] 
 {loss} cls : 1.277, total : 1.277 
 {acc} cls : 99.22
------------------------------
<Losses on train> cls : 1.537, total : 1.537
<Accuracies on train> cls : 62.00
Train epoch time: 168.161
------------------------------
<Accuracies on val> class : 78.16
------------------------------
<Accuracies on test> class : 53.80
------------------------------
<Accuracies on Art> test class : 51.71
------------------------------
<Accuracies on Clipart> test class : 39.77
------------------------------
<Accuracies on Product> test class : 68.73
------------------------------
Total epoch time: 263.041

New epoch - lr: 0.003
[1/61 iteration of epoch 25/50] 
 {loss} cls : 1.490, total : 1.490 
 {acc} cls : 91.41
[31/61 iteration of epoch 25/50] 
 {loss} cls : 1.469, total : 1.469 
 {acc} cls : 92.97
[61/61 iteration of epoch 25/50] 
 {loss} cls : 1.520, total : 1.520 
 {acc} cls : 91.41
------------------------------
<Losses on train> cls : 1.411, total : 1.411
<Accuracies on train> cls : 67.62
Train epoch time: 172.170
------------------------------
<Accuracies on val> class : 77.47
------------------------------
<Accuracies on test> class : 54.59
------------------------------
<Accuracies on Art> test class : 52.53
------------------------------
<Accuracies on Clipart> test class : 40.89
------------------------------
<Accuracies on Product> test class : 69.18
------------------------------
Total epoch time: 266.671

New epoch - lr: 0.003
[1/61 iteration of epoch 26/50] 
 {loss} cls : 1.707, total : 1.707 
 {acc} cls : 61.72
[31/61 iteration of epoch 26/50] 
 {loss} cls : 1.776, total : 1.776 
 {acc} cls : 65.62
[61/61 iteration of epoch 26/50] 
 {loss} cls : 1.814, total : 1.814 
 {acc} cls : 56.25
------------------------------
<Losses on train> cls : 1.432, total : 1.432
<Accuracies on train> cls : 72.44
Train epoch time: 172.810
------------------------------
<Accuracies on val> class : 77.70
------------------------------
<Accuracies on test> class : 54.04
------------------------------
<Accuracies on Art> test class : 50.35
------------------------------
<Accuracies on Clipart> test class : 40.92
------------------------------
<Accuracies on Product> test class : 68.96
------------------------------
Total epoch time: 266.878

New epoch - lr: 0.003
[1/61 iteration of epoch 27/50] 
 {loss} cls : 1.764, total : 1.764 
 {acc} cls : 85.16
[31/61 iteration of epoch 27/50] 
 {loss} cls : 1.747, total : 1.747 
 {acc} cls : 20.31
[61/61 iteration of epoch 27/50] 
 {loss} cls : 1.671, total : 1.671 
 {acc} cls : 59.38
------------------------------
<Losses on train> cls : 1.467, total : 1.467
<Accuracies on train> cls : 75.13
Train epoch time: 172.344
------------------------------
<Accuracies on val> class : 75.86
------------------------------
<Accuracies on test> class : 54.88
------------------------------
<Accuracies on Art> test class : 52.74
------------------------------
<Accuracies on Clipart> test class : 40.05
------------------------------
<Accuracies on Product> test class : 70.65
------------------------------
Total epoch time: 266.551

New epoch - lr: 0.003
[1/61 iteration of epoch 28/50] 
 {loss} cls : 1.768, total : 1.768 
 {acc} cls : 30.47
[31/61 iteration of epoch 28/50] 
 {loss} cls : 1.328, total : 1.328 
 {acc} cls : 96.09
[61/61 iteration of epoch 28/50] 
 {loss} cls : 0.914, total : 0.914 
 {acc} cls : 99.22
------------------------------
<Losses on train> cls : 1.468, total : 1.468
<Accuracies on train> cls : 70.01
Train epoch time: 173.876
------------------------------
<Accuracies on val> class : 76.78
------------------------------
<Accuracies on test> class : 54.35
------------------------------
<Accuracies on Art> test class : 50.43
------------------------------
<Accuracies on Clipart> test class : 40.50
------------------------------
<Accuracies on Product> test class : 70.11
------------------------------
Total epoch time: 267.250

New epoch - lr: 0.003
[1/61 iteration of epoch 29/50] 
 {loss} cls : 0.729, total : 0.729 
 {acc} cls : 96.09
[31/61 iteration of epoch 29/50] 
 {loss} cls : 1.105, total : 1.105 
 {acc} cls : 98.44
[61/61 iteration of epoch 29/50] 
 {loss} cls : 1.530, total : 1.530 
 {acc} cls : 92.19
------------------------------
<Losses on train> cls : 1.315, total : 1.315
<Accuracies on train> cls : 75.35
Train epoch time: 177.804
------------------------------
<Accuracies on val> class : 77.70
------------------------------
<Accuracies on test> class : 53.77
------------------------------
<Accuracies on Art> test class : 52.53
------------------------------
<Accuracies on Clipart> test class : 38.92
------------------------------
<Accuracies on Product> test class : 69.05
------------------------------
Total epoch time: 271.271

New epoch - lr: 0.003
[1/61 iteration of epoch 30/50] 
 {loss} cls : 1.592, total : 1.592 
 {acc} cls : 30.47
[31/61 iteration of epoch 30/50] 
 {loss} cls : 0.949, total : 0.949 
 {acc} cls : 100.00
[61/61 iteration of epoch 30/50] 
 {loss} cls : 0.369, total : 0.369 
 {acc} cls : 97.66
------------------------------
<Losses on train> cls : 1.456, total : 1.456
<Accuracies on train> cls : 67.73
Train epoch time: 171.086
------------------------------
<Accuracies on val> class : 76.78
------------------------------
<Accuracies on test> class : 55.32
------------------------------
<Accuracies on Art> test class : 50.89
------------------------------
<Accuracies on Clipart> test class : 41.56
------------------------------
<Accuracies on Product> test class : 71.28
------------------------------
Total epoch time: 264.628

New epoch - lr: 0.003
[1/61 iteration of epoch 31/50] 
 {loss} cls : 1.540, total : 1.540 
 {acc} cls : 67.97
[31/61 iteration of epoch 31/50] 
 {loss} cls : 0.879, total : 0.879 
 {acc} cls : 97.66
[61/61 iteration of epoch 31/50] 
 {loss} cls : 0.805, total : 0.805 
 {acc} cls : 99.22
------------------------------
<Losses on train> cls : 1.282, total : 1.282
<Accuracies on train> cls : 78.32
Train epoch time: 174.136
------------------------------
<Accuracies on val> class : 76.09
------------------------------
<Accuracies on test> class : 54.18
------------------------------
<Accuracies on Art> test class : 50.19
------------------------------
<Accuracies on Clipart> test class : 41.24
------------------------------
<Accuracies on Product> test class : 69.09
------------------------------
Total epoch time: 266.960

New epoch - lr: 0.003
[1/61 iteration of epoch 32/50] 
 {loss} cls : 1.471, total : 1.471 
 {acc} cls : 82.03
[31/61 iteration of epoch 32/50] 
 {loss} cls : 1.382, total : 1.382 
 {acc} cls : 96.88
[61/61 iteration of epoch 32/50] 
 {loss} cls : 1.639, total : 1.639 
 {acc} cls : 2.34
------------------------------
<Losses on train> cls : 1.358, total : 1.358
<Accuracies on train> cls : 68.37
Train epoch time: 171.864
------------------------------
<Accuracies on val> class : 78.16
------------------------------
<Accuracies on test> class : 53.39
------------------------------
<Accuracies on Art> test class : 49.94
------------------------------
<Accuracies on Clipart> test class : 39.52
------------------------------
<Accuracies on Product> test class : 68.91
------------------------------
Total epoch time: 264.879

New epoch - lr: 0.003
[1/61 iteration of epoch 33/50] 
 {loss} cls : 0.368, total : 0.368 
 {acc} cls : 100.00
[31/61 iteration of epoch 33/50] 
 {loss} cls : 1.711, total : 1.711 
 {acc} cls : 3.12
[61/61 iteration of epoch 33/50] 
 {loss} cls : 0.956, total : 0.956 
 {acc} cls : 98.44
------------------------------
<Losses on train> cls : 1.458, total : 1.458
<Accuracies on train> cls : 73.14
Train epoch time: 172.363
------------------------------
<Accuracies on val> class : 77.93
------------------------------
<Accuracies on test> class : 55.54
------------------------------
<Accuracies on Art> test class : 51.96
------------------------------
<Accuracies on Clipart> test class : 41.79
------------------------------
<Accuracies on Product> test class : 71.03
------------------------------
Total epoch time: 265.026

New epoch - lr: 0.003
[1/61 iteration of epoch 34/50] 
 {loss} cls : 1.363, total : 1.363 
 {acc} cls : 92.19
[31/61 iteration of epoch 34/50] 
 {loss} cls : 1.364, total : 1.364 
 {acc} cls : 98.44
[61/61 iteration of epoch 34/50] 
 {loss} cls : 1.545, total : 1.545 
 {acc} cls : 88.28
------------------------------
<Losses on train> cls : 1.323, total : 1.323
<Accuracies on train> cls : 74.22
Train epoch time: 174.304
------------------------------
<Accuracies on val> class : 79.31
------------------------------
<Accuracies on test> class : 54.65
------------------------------
<Accuracies on Art> test class : 50.06
------------------------------
<Accuracies on Clipart> test class : 40.87
------------------------------
<Accuracies on Product> test class : 70.71
------------------------------
Total epoch time: 267.306

New epoch - lr: 0.003
[1/61 iteration of epoch 35/50] 
 {loss} cls : 1.575, total : 1.575 
 {acc} cls : 77.34
[31/61 iteration of epoch 35/50] 
 {loss} cls : 0.892, total : 0.892 
 {acc} cls : 97.66
[61/61 iteration of epoch 35/50] 
 {loss} cls : 1.678, total : 1.678 
 {acc} cls : 3.91
------------------------------
<Losses on train> cls : 1.350, total : 1.350
<Accuracies on train> cls : 68.66
Train epoch time: 170.786
------------------------------
<Accuracies on val> class : 77.93
------------------------------
<Accuracies on test> class : 54.87
------------------------------
<Accuracies on Art> test class : 52.12
------------------------------
<Accuracies on Clipart> test class : 41.79
------------------------------
<Accuracies on Product> test class : 69.23
------------------------------
Total epoch time: 263.377

New epoch - lr: 0.003
[1/61 iteration of epoch 36/50] 
 {loss} cls : 1.337, total : 1.337 
 {acc} cls : 96.09
[31/61 iteration of epoch 36/50] 
 {loss} cls : 1.275, total : 1.275 
 {acc} cls : 98.44
[61/61 iteration of epoch 36/50] 
 {loss} cls : 1.279, total : 1.279 
 {acc} cls : 96.09
------------------------------
<Losses on train> cls : 1.282, total : 1.282
<Accuracies on train> cls : 71.41
Train epoch time: 174.275
------------------------------
<Accuracies on val> class : 78.16
------------------------------
<Accuracies on test> class : 54.87
------------------------------
<Accuracies on Art> test class : 52.12
------------------------------
<Accuracies on Clipart> test class : 41.47
------------------------------
<Accuracies on Product> test class : 69.57
------------------------------
Total epoch time: 267.280

New epoch - lr: 0.003
[1/61 iteration of epoch 37/50] 
 {loss} cls : 1.733, total : 1.733 
 {acc} cls : 68.75
[31/61 iteration of epoch 37/50] 
 {loss} cls : 1.555, total : 1.555 
 {acc} cls : 78.91
[61/61 iteration of epoch 37/50] 
 {loss} cls : 0.772, total : 0.772 
 {acc} cls : 99.22
------------------------------
<Losses on train> cls : 1.312, total : 1.312
<Accuracies on train> cls : 78.77
Train epoch time: 177.650
------------------------------
<Accuracies on val> class : 79.08
------------------------------
<Accuracies on test> class : 55.50
------------------------------
<Accuracies on Art> test class : 51.42
------------------------------
<Accuracies on Clipart> test class : 42.45
------------------------------
<Accuracies on Product> test class : 70.56
------------------------------
Total epoch time: 270.656

New epoch - lr: 0.003
[1/61 iteration of epoch 38/50] 
 {loss} cls : 1.449, total : 1.449 
 {acc} cls : 93.75
[31/61 iteration of epoch 38/50] 
 {loss} cls : 1.487, total : 1.487 
 {acc} cls : 89.06
[61/61 iteration of epoch 38/50] 
 {loss} cls : 0.715, total : 0.715 
 {acc} cls : 99.22
------------------------------
<Losses on train> cls : 1.352, total : 1.352
<Accuracies on train> cls : 71.58
Train epoch time: 172.445
------------------------------
<Accuracies on val> class : 79.08
------------------------------
<Accuracies on test> class : 54.21
------------------------------
<Accuracies on Art> test class : 49.61
------------------------------
<Accuracies on Clipart> test class : 41.24
------------------------------
<Accuracies on Product> test class : 69.48
------------------------------
Total epoch time: 265.865

New epoch - lr: 0.003
[1/61 iteration of epoch 39/50] 
 {loss} cls : 1.559, total : 1.559 
 {acc} cls : 80.47
[31/61 iteration of epoch 39/50] 
 {loss} cls : 0.305, total : 0.305 
 {acc} cls : 99.22
[61/61 iteration of epoch 39/50] 
 {loss} cls : 1.867, total : 1.867 
 {acc} cls : 37.50
------------------------------
<Losses on train> cls : 1.402, total : 1.402
<Accuracies on train> cls : 70.21
Train epoch time: 175.449
------------------------------
<Accuracies on val> class : 77.24
------------------------------
<Accuracies on test> class : 53.56
------------------------------
<Accuracies on Art> test class : 50.23
------------------------------
<Accuracies on Clipart> test class : 39.24
------------------------------
<Accuracies on Product> test class : 69.45
------------------------------
Total epoch time: 268.533

New epoch - lr: 0.003
[1/61 iteration of epoch 40/50] 
 {loss} cls : 1.331, total : 1.331 
 {acc} cls : 92.97
[31/61 iteration of epoch 40/50] 
 {loss} cls : 0.210, total : 0.210 
 {acc} cls : 99.22
[61/61 iteration of epoch 40/50] 
 {loss} cls : 1.050, total : 1.050 
 {acc} cls : 99.22
------------------------------
<Losses on train> cls : 1.189, total : 1.189
<Accuracies on train> cls : 74.49
Train epoch time: 171.051
------------------------------
<Accuracies on val> class : 77.70
------------------------------
<Accuracies on test> class : 54.30
------------------------------
<Accuracies on Art> test class : 50.84
------------------------------
<Accuracies on Clipart> test class : 39.91
------------------------------
<Accuracies on Product> test class : 70.33
------------------------------
Total epoch time: 265.417

New epoch - lr: 0.003
[1/61 iteration of epoch 41/50] 
 {loss} cls : 1.501, total : 1.501 
 {acc} cls : 57.03
[31/61 iteration of epoch 41/50] 
 {loss} cls : 0.183, total : 0.183 
 {acc} cls : 100.00
[61/61 iteration of epoch 41/50] 
 {loss} cls : 1.488, total : 1.488 
 {acc} cls : 89.84
------------------------------
<Losses on train> cls : 1.233, total : 1.233
<Accuracies on train> cls : 76.11
Train epoch time: 176.429
------------------------------
<Accuracies on val> class : 76.78
------------------------------
<Accuracies on test> class : 54.52
------------------------------
<Accuracies on Art> test class : 49.53
------------------------------
<Accuracies on Clipart> test class : 41.47
------------------------------
<Accuracies on Product> test class : 70.08
------------------------------
Total epoch time: 269.780

New epoch - lr: 0.003
[1/61 iteration of epoch 42/50] 
 {loss} cls : 0.624, total : 0.624 
 {acc} cls : 100.00
[31/61 iteration of epoch 42/50] 
 {loss} cls : 1.497, total : 1.497 
 {acc} cls : 61.72
[61/61 iteration of epoch 42/50] 
 {loss} cls : 0.737, total : 0.737 
 {acc} cls : 100.00
------------------------------
<Losses on train> cls : 1.368, total : 1.368
<Accuracies on train> cls : 68.98
Train epoch time: 172.863
------------------------------
<Accuracies on val> class : 77.93
------------------------------
<Accuracies on test> class : 55.17
------------------------------
<Accuracies on Art> test class : 51.96
------------------------------
<Accuracies on Clipart> test class : 41.10
------------------------------
<Accuracies on Product> test class : 70.76
------------------------------
Total epoch time: 266.834

New epoch - lr: 0.003
[1/61 iteration of epoch 43/50] 
 {loss} cls : 1.528, total : 1.528 
 {acc} cls : 78.12
[31/61 iteration of epoch 43/50] 
 {loss} cls : 1.529, total : 1.529 
 {acc} cls : 76.56
[61/61 iteration of epoch 43/50] 
 {loss} cls : 1.647, total : 1.647 
 {acc} cls : 41.41
------------------------------
<Losses on train> cls : 1.264, total : 1.264
<Accuracies on train> cls : 72.23
Train epoch time: 169.590
------------------------------
<Accuracies on val> class : 78.39
------------------------------
<Accuracies on test> class : 54.62
------------------------------
<Accuracies on Art> test class : 51.30
------------------------------
<Accuracies on Clipart> test class : 41.40
------------------------------
<Accuracies on Product> test class : 69.43
------------------------------
Total epoch time: 264.821

New epoch - lr: 0.003
[1/61 iteration of epoch 44/50] 
 {loss} cls : 0.401, total : 0.401 
 {acc} cls : 98.44
[31/61 iteration of epoch 44/50] 
 {loss} cls : 1.415, total : 1.415 
 {acc} cls : 92.19
[61/61 iteration of epoch 44/50] 
 {loss} cls : 1.381, total : 1.381 
 {acc} cls : 84.38
------------------------------
<Losses on train> cls : 1.307, total : 1.307
<Accuracies on train> cls : 73.37
Train epoch time: 169.460
------------------------------
<Accuracies on val> class : 76.55
------------------------------
<Accuracies on test> class : 54.45
------------------------------
<Accuracies on Art> test class : 50.80
------------------------------
<Accuracies on Clipart> test class : 40.71
------------------------------
<Accuracies on Product> test class : 69.95
------------------------------
Total epoch time: 265.449

New epoch - lr: 0.0009000000000000002
[1/61 iteration of epoch 45/50] 
 {loss} cls : 1.522, total : 1.522 
 {acc} cls : 57.81
[31/61 iteration of epoch 45/50] 
 {loss} cls : 0.745, total : 0.745 
 {acc} cls : 98.44
[61/61 iteration of epoch 45/50] 
 {loss} cls : 1.586, total : 1.586 
 {acc} cls : 65.62
------------------------------
<Losses on train> cls : 1.270, total : 1.270
<Accuracies on train> cls : 79.41
Train epoch time: 168.803
------------------------------
<Accuracies on val> class : 79.77
------------------------------
<Accuracies on test> class : 55.37
------------------------------
<Accuracies on Art> test class : 51.83
------------------------------
<Accuracies on Clipart> test class : 41.31
------------------------------
<Accuracies on Product> test class : 71.14
------------------------------
Total epoch time: 265.518

New epoch - lr: 0.0009000000000000002
[1/61 iteration of epoch 46/50] 
 {loss} cls : 1.336, total : 1.336 
 {acc} cls : 83.59
[31/61 iteration of epoch 46/50] 
 {loss} cls : 1.496, total : 1.496 
 {acc} cls : 64.06
[61/61 iteration of epoch 46/50] 
 {loss} cls : 1.562, total : 1.562 
 {acc} cls : 14.84
------------------------------
<Losses on train> cls : 1.210, total : 1.210
<Accuracies on train> cls : 74.96
Train epoch time: 172.878
------------------------------
<Accuracies on val> class : 78.62
------------------------------
<Accuracies on test> class : 55.04
------------------------------
<Accuracies on Art> test class : 51.96
------------------------------
<Accuracies on Clipart> test class : 40.48
------------------------------
<Accuracies on Product> test class : 71.05
------------------------------
Total epoch time: 269.772

New epoch - lr: 0.0009000000000000002
[1/61 iteration of epoch 47/50] 
 {loss} cls : 1.276, total : 1.276 
 {acc} cls : 96.88
[31/61 iteration of epoch 47/50] 
 {loss} cls : 1.343, total : 1.343 
 {acc} cls : 96.88
[61/61 iteration of epoch 47/50] 
 {loss} cls : 1.682, total : 1.682 
 {acc} cls : 46.88
------------------------------
<Losses on train> cls : 1.264, total : 1.264
<Accuracies on train> cls : 75.41
Train epoch time: 171.129
------------------------------
<Accuracies on val> class : 79.54
------------------------------
<Accuracies on test> class : 55.42
------------------------------
<Accuracies on Art> test class : 52.25
------------------------------
<Accuracies on Clipart> test class : 41.47
------------------------------
<Accuracies on Product> test class : 70.87
------------------------------
Total epoch time: 265.530

New epoch - lr: 0.0009000000000000002
[1/61 iteration of epoch 48/50] 
 {loss} cls : 1.125, total : 1.125 
 {acc} cls : 100.00
[31/61 iteration of epoch 48/50] 
 {loss} cls : 1.673, total : 1.673 
 {acc} cls : 14.06
[61/61 iteration of epoch 48/50] 
 {loss} cls : 0.251, total : 0.251 
 {acc} cls : 100.00
------------------------------
<Losses on train> cls : 1.237, total : 1.237
<Accuracies on train> cls : 77.78
Train epoch time: 167.870
------------------------------
<Accuracies on val> class : 78.62
------------------------------
<Accuracies on test> class : 55.61
------------------------------
<Accuracies on Art> test class : 52.45
------------------------------
<Accuracies on Clipart> test class : 41.26
------------------------------
<Accuracies on Product> test class : 71.46
------------------------------
Total epoch time: 264.240

New epoch - lr: 0.0009000000000000002
[1/61 iteration of epoch 49/50] 
 {loss} cls : 0.498, total : 0.498 
 {acc} cls : 100.00
[31/61 iteration of epoch 49/50] 
 {loss} cls : 1.454, total : 1.454 
 {acc} cls : 63.28
[61/61 iteration of epoch 49/50] 
 {loss} cls : 0.202, total : 0.202 
 {acc} cls : 98.44
------------------------------
<Losses on train> cls : 1.340, total : 1.340
<Accuracies on train> cls : 76.24
Train epoch time: 166.050
------------------------------
<Accuracies on val> class : 78.62
------------------------------
<Accuracies on test> class : 55.12
------------------------------
<Accuracies on Art> test class : 51.92
------------------------------
<Accuracies on Clipart> test class : 41.24
------------------------------
<Accuracies on Product> test class : 70.51
------------------------------
Total epoch time: 260.844

New epoch - lr: 0.0009000000000000002
[1/61 iteration of epoch 50/50] 
 {loss} cls : 1.241, total : 1.241 
 {acc} cls : 97.66
[31/61 iteration of epoch 50/50] 
 {loss} cls : 1.603, total : 1.603 
 {acc} cls : 44.53
[61/61 iteration of epoch 50/50] 
 {loss} cls : 1.657, total : 1.657 
 {acc} cls : 17.19
------------------------------
<Losses on train> cls : 1.255, total : 1.255
<Accuracies on train> cls : 73.80
Train epoch time: 169.994
------------------------------
<Accuracies on val> class : 77.93
------------------------------
<Accuracies on test> class : 54.58
------------------------------
<Accuracies on Art> test class : 51.22
------------------------------
<Accuracies on Clipart> test class : 40.57
------------------------------
<Accuracies on Product> test class : 70.20
------------------------------
Total epoch time: 265.096

******************************
Best val 0.811494, corresponding test 0.55418 - best test: 0.558721

******************************
Best val 0.8114942312240601, corresponding Art test 0.5306963324546814

******************************
Best val 0.8114942312240601, corresponding Clipart test 0.4025200605392456

******************************
Best val 0.8114942312240601, corresponding Product test 0.7161523103713989
