
Loading experiment Officehome/ResNet18_step


New epoch - lr: 0.003
[1/61 iteration of epoch 1/50] 
 {loss} cls : 4.628, fac : 0.534, total : 4.628 
 {acc} cls : 1.56
[31/61 iteration of epoch 1/50] 
 {loss} cls : 1.881, fac : 0.507, total : 1.881 
 {acc} cls : 50.78
[61/61 iteration of epoch 1/50] 
 {loss} cls : 1.471, fac : 0.502, total : 1.471 
 {acc} cls : 64.06
------------------------------
<Losses on train> cls : 2.484, fac : 0.513, total : 2.484
<Accuracies on train> cls : 39.02
Train epoch time: 99.718
------------------------------
<Accuracies on val> class : 56.42
------------------------------
<Accuracies on test> class : 48.41
------------------------------
<Accuracies on Art> test class : 39.31
------------------------------
<Accuracies on Product> test class : 50.01
------------------------------
<Accuracies on Real_World> test class : 51.85
------------------------------
Total epoch time: 340.152

New epoch - lr: 0.003
[1/61 iteration of epoch 2/50] 
 {loss} cls : 1.006, fac : 0.494, total : 1.006 
 {acc} cls : 70.31
[31/61 iteration of epoch 2/50] 
 {loss} cls : 0.960, fac : 0.486, total : 0.960 
 {acc} cls : 68.75
[61/61 iteration of epoch 2/50] 
 {loss} cls : 1.221, fac : 0.484, total : 1.221 
 {acc} cls : 66.41
------------------------------
<Losses on train> cls : 0.999, fac : 0.482, total : 0.999
<Accuracies on train> cls : 71.62
Train epoch time: 96.526
------------------------------
<Accuracies on val> class : 70.87
------------------------------
<Accuracies on test> class : 52.03
------------------------------
<Accuracies on Art> test class : 40.83
------------------------------
<Accuracies on Product> test class : 54.04
------------------------------
<Accuracies on Real_World> test class : 56.21
------------------------------
Total epoch time: 330.820

New epoch - lr: 0.003
[1/61 iteration of epoch 3/50] 
 {loss} cls : 0.617, fac : 0.466, total : 0.617 
 {acc} cls : 82.81
[31/61 iteration of epoch 3/50] 
 {loss} cls : 0.483, fac : 0.465, total : 0.483 
 {acc} cls : 84.38
[61/61 iteration of epoch 3/50] 
 {loss} cls : 0.631, fac : 0.467, total : 0.631 
 {acc} cls : 79.69
------------------------------
<Losses on train> cls : 0.648, fac : 0.472, total : 0.648
<Accuracies on train> cls : 81.52
Train epoch time: 95.544
------------------------------
<Accuracies on val> class : 74.54
------------------------------
<Accuracies on test> class : 52.20
------------------------------
<Accuracies on Art> test class : 41.08
------------------------------
<Accuracies on Product> test class : 54.16
------------------------------
<Accuracies on Real_World> test class : 56.39
------------------------------
Total epoch time: 328.229

New epoch - lr: 0.003
[1/61 iteration of epoch 4/50] 
 {loss} cls : 0.276, fac : 0.470, total : 0.276 
 {acc} cls : 91.41
[31/61 iteration of epoch 4/50] 
 {loss} cls : 0.488, fac : 0.469, total : 0.488 
 {acc} cls : 86.72
[61/61 iteration of epoch 4/50] 
 {loss} cls : 0.396, fac : 0.460, total : 0.396 
 {acc} cls : 88.28
------------------------------
<Losses on train> cls : 0.455, fac : 0.467, total : 0.455
<Accuracies on train> cls : 86.50
Train epoch time: 92.800
------------------------------
<Accuracies on val> class : 73.62
------------------------------
<Accuracies on test> class : 54.00
------------------------------
<Accuracies on Art> test class : 43.55
------------------------------
<Accuracies on Product> test class : 56.90
------------------------------
<Accuracies on Real_World> test class : 56.85
------------------------------
Total epoch time: 326.690

New epoch - lr: 0.003
[1/61 iteration of epoch 5/50] 
 {loss} cls : 0.334, fac : 0.471, total : 0.334 
 {acc} cls : 92.19
[31/61 iteration of epoch 5/50] 
 {loss} cls : 0.262, fac : 0.468, total : 0.262 
 {acc} cls : 94.53
[61/61 iteration of epoch 5/50] 
 {loss} cls : 0.253, fac : 0.464, total : 0.253 
 {acc} cls : 92.97
------------------------------
<Losses on train> cls : 0.322, fac : 0.465, total : 0.322
<Accuracies on train> cls : 90.89
Train epoch time: 91.401
------------------------------
<Accuracies on val> class : 76.83
------------------------------
<Accuracies on test> class : 54.66
------------------------------
<Accuracies on Art> test class : 42.93
------------------------------
<Accuracies on Product> test class : 57.47
------------------------------
<Accuracies on Real_World> test class : 58.32
------------------------------
Total epoch time: 327.552

New epoch - lr: 0.003
[1/61 iteration of epoch 6/50] 
 {loss} cls : 0.162, fac : 0.468, total : 0.162 
 {acc} cls : 96.09
[31/61 iteration of epoch 6/50] 
 {loss} cls : 0.291, fac : 0.455, total : 0.291 
 {acc} cls : 92.97
[61/61 iteration of epoch 6/50] 
 {loss} cls : 0.295, fac : 0.460, total : 0.295 
 {acc} cls : 90.62
------------------------------
<Losses on train> cls : 0.249, fac : 0.462, total : 0.249
<Accuracies on train> cls : 93.17
Train epoch time: 90.312
------------------------------
<Accuracies on val> class : 76.15
------------------------------
<Accuracies on test> class : 53.95
------------------------------
<Accuracies on Art> test class : 44.29
------------------------------
<Accuracies on Product> test class : 55.80
------------------------------
<Accuracies on Real_World> test class : 57.45
------------------------------
Total epoch time: 324.761

New epoch - lr: 0.003
[1/61 iteration of epoch 7/50] 
 {loss} cls : 0.210, fac : 0.466, total : 0.210 
 {acc} cls : 93.75
[31/61 iteration of epoch 7/50] 
 {loss} cls : 0.229, fac : 0.463, total : 0.229 
 {acc} cls : 92.19
[61/61 iteration of epoch 7/50] 
 {loss} cls : 0.281, fac : 0.468, total : 0.281 
 {acc} cls : 89.84
------------------------------
<Losses on train> cls : 0.214, fac : 0.462, total : 0.214
<Accuracies on train> cls : 94.02
Train epoch time: 86.921
------------------------------
<Accuracies on val> class : 78.67
------------------------------
<Accuracies on test> class : 53.51
------------------------------
<Accuracies on Art> test class : 42.44
------------------------------
<Accuracies on Product> test class : 56.16
------------------------------
<Accuracies on Real_World> test class : 56.97
------------------------------
Total epoch time: 315.251

New epoch - lr: 0.003
[1/61 iteration of epoch 8/50] 
 {loss} cls : 0.201, fac : 0.462, total : 0.201 
 {acc} cls : 93.75
[31/61 iteration of epoch 8/50] 
 {loss} cls : 0.198, fac : 0.463, total : 0.198 
 {acc} cls : 93.75
[61/61 iteration of epoch 8/50] 
 {loss} cls : 0.192, fac : 0.459, total : 0.192 
 {acc} cls : 95.31
------------------------------
<Losses on train> cls : 0.172, fac : 0.460, total : 0.172
<Accuracies on train> cls : 94.98
Train epoch time: 86.990
------------------------------
<Accuracies on val> class : 78.21
------------------------------
<Accuracies on test> class : 54.55
------------------------------
<Accuracies on Art> test class : 44.05
------------------------------
<Accuracies on Product> test class : 56.97
------------------------------
<Accuracies on Real_World> test class : 57.93
------------------------------
Total epoch time: 318.183

New epoch - lr: 0.003
[1/61 iteration of epoch 9/50] 
 {loss} cls : 0.144, fac : 0.462, total : 0.144 
 {acc} cls : 96.88
[31/61 iteration of epoch 9/50] 
 {loss} cls : 0.077, fac : 0.461, total : 0.077 
 {acc} cls : 98.44
[61/61 iteration of epoch 9/50] 
 {loss} cls : 0.270, fac : 0.462, total : 0.270 
 {acc} cls : 96.09
------------------------------
<Losses on train> cls : 0.154, fac : 0.459, total : 0.154
<Accuracies on train> cls : 95.77
Train epoch time: 88.075
------------------------------
<Accuracies on val> class : 78.21
------------------------------
<Accuracies on test> class : 55.49
------------------------------
<Accuracies on Art> test class : 43.76
------------------------------
<Accuracies on Product> test class : 58.28
------------------------------
<Accuracies on Real_World> test class : 59.19
------------------------------
Total epoch time: 318.162

New epoch - lr: 0.003
[1/61 iteration of epoch 10/50] 
 {loss} cls : 0.077, fac : 0.456, total : 0.077 
 {acc} cls : 98.44
[31/61 iteration of epoch 10/50] 
 {loss} cls : 0.116, fac : 0.460, total : 0.116 
 {acc} cls : 96.88
[61/61 iteration of epoch 10/50] 
 {loss} cls : 0.110, fac : 0.460, total : 0.110 
 {acc} cls : 97.66
------------------------------
<Losses on train> cls : 0.141, fac : 0.458, total : 0.141
<Accuracies on train> cls : 96.03
Train epoch time: 88.218
------------------------------
<Accuracies on val> class : 77.75
------------------------------
<Accuracies on test> class : 55.15
------------------------------
<Accuracies on Art> test class : 43.72
------------------------------
<Accuracies on Product> test class : 57.63
------------------------------
<Accuracies on Real_World> test class : 58.99
------------------------------
Total epoch time: 317.672

New epoch - lr: 0.003
[1/61 iteration of epoch 11/50] 
 {loss} cls : 0.133, fac : 0.450, total : 0.133 
 {acc} cls : 96.88
[31/61 iteration of epoch 11/50] 
 {loss} cls : 0.137, fac : 0.454, total : 0.137 
 {acc} cls : 93.75
[61/61 iteration of epoch 11/50] 
 {loss} cls : 0.071, fac : 0.460, total : 0.071 
 {acc} cls : 98.44
------------------------------
<Losses on train> cls : 0.139, fac : 0.457, total : 0.139
<Accuracies on train> cls : 96.04
Train epoch time: 88.527
------------------------------
<Accuracies on val> class : 79.13
------------------------------
<Accuracies on test> class : 53.16
------------------------------
<Accuracies on Art> test class : 41.37
------------------------------
<Accuracies on Product> test class : 56.05
------------------------------
<Accuracies on Real_World> test class : 56.78
------------------------------
Total epoch time: 315.231

New epoch - lr: 0.003
[1/61 iteration of epoch 12/50] 
 {loss} cls : 0.101, fac : 0.461, total : 0.101 
 {acc} cls : 97.66
[31/61 iteration of epoch 12/50] 
 {loss} cls : 0.174, fac : 0.461, total : 0.174 
 {acc} cls : 93.75
[61/61 iteration of epoch 12/50] 
 {loss} cls : 0.118, fac : 0.458, total : 0.118 
 {acc} cls : 95.31
------------------------------
<Losses on train> cls : 0.130, fac : 0.457, total : 0.130
<Accuracies on train> cls : 96.36
Train epoch time: 86.871
------------------------------
<Accuracies on val> class : 77.29
------------------------------
<Accuracies on test> class : 54.51
------------------------------
<Accuracies on Art> test class : 43.63
------------------------------
<Accuracies on Product> test class : 57.08
------------------------------
<Accuracies on Real_World> test class : 57.95
------------------------------
Total epoch time: 315.045

New epoch - lr: 0.003
[1/61 iteration of epoch 13/50] 
 {loss} cls : 0.091, fac : 0.460, total : 0.091 
 {acc} cls : 96.09
[31/61 iteration of epoch 13/50] 
 {loss} cls : 0.157, fac : 0.460, total : 0.157 
 {acc} cls : 95.31
[61/61 iteration of epoch 13/50] 
 {loss} cls : 0.130, fac : 0.460, total : 0.130 
 {acc} cls : 94.53
------------------------------
<Losses on train> cls : 0.112, fac : 0.457, total : 0.112
<Accuracies on train> cls : 96.93
Train epoch time: 84.335
------------------------------
<Accuracies on val> class : 77.29
------------------------------
<Accuracies on test> class : 53.83
------------------------------
<Accuracies on Art> test class : 42.32
------------------------------
<Accuracies on Product> test class : 56.07
------------------------------
<Accuracies on Real_World> test class : 57.95
------------------------------
Total epoch time: 314.233

New epoch - lr: 0.003
[1/61 iteration of epoch 14/50] 
 {loss} cls : 0.077, fac : 0.461, total : 0.077 
 {acc} cls : 98.44
[31/61 iteration of epoch 14/50] 
 {loss} cls : 0.041, fac : 0.456, total : 0.041 
 {acc} cls : 100.00
[61/61 iteration of epoch 14/50] 
 {loss} cls : 0.087, fac : 0.455, total : 0.087 
 {acc} cls : 97.66
------------------------------
<Losses on train> cls : 0.110, fac : 0.457, total : 0.110
<Accuracies on train> cls : 96.88
Train epoch time: 85.039
------------------------------
<Accuracies on val> class : 79.59
------------------------------
<Accuracies on test> class : 55.28
------------------------------
<Accuracies on Art> test class : 44.13
------------------------------
<Accuracies on Product> test class : 57.18
------------------------------
<Accuracies on Real_World> test class : 59.56
------------------------------
Total epoch time: 315.495

New epoch - lr: 0.003
[1/61 iteration of epoch 15/50] 
 {loss} cls : 0.081, fac : 0.449, total : 0.081 
 {acc} cls : 98.44
[31/61 iteration of epoch 15/50] 
 {loss} cls : 0.178, fac : 0.462, total : 0.178 
 {acc} cls : 93.75
[61/61 iteration of epoch 15/50] 
 {loss} cls : 0.053, fac : 0.453, total : 0.053 
 {acc} cls : 100.00
------------------------------
<Losses on train> cls : 0.100, fac : 0.456, total : 0.100
<Accuracies on train> cls : 97.17
Train epoch time: 85.934
------------------------------
<Accuracies on val> class : 79.13
------------------------------
<Accuracies on test> class : 54.91
------------------------------
<Accuracies on Art> test class : 43.35
------------------------------
<Accuracies on Product> test class : 56.88
------------------------------
<Accuracies on Real_World> test class : 59.33
------------------------------
Total epoch time: 316.471

New epoch - lr: 0.003
[1/61 iteration of epoch 16/50] 
 {loss} cls : 0.069, fac : 0.453, total : 0.069 
 {acc} cls : 98.44
[31/61 iteration of epoch 16/50] 
 {loss} cls : 0.084, fac : 0.457, total : 0.084 
 {acc} cls : 97.66
[61/61 iteration of epoch 16/50] 
 {loss} cls : 0.069, fac : 0.461, total : 0.069 
 {acc} cls : 97.66
------------------------------
<Losses on train> cls : 0.099, fac : 0.456, total : 0.099
<Accuracies on train> cls : 96.90
Train epoch time: 85.267
------------------------------
<Accuracies on val> class : 80.96
------------------------------
<Accuracies on test> class : 54.56
------------------------------
<Accuracies on Art> test class : 42.07
------------------------------
<Accuracies on Product> test class : 57.33
------------------------------
<Accuracies on Real_World> test class : 58.69
------------------------------
Total epoch time: 314.767

New epoch - lr: 0.003
[1/61 iteration of epoch 17/50] 
 {loss} cls : 0.074, fac : 0.458, total : 0.074 
 {acc} cls : 98.44
[31/61 iteration of epoch 17/50] 
 {loss} cls : 0.091, fac : 0.454, total : 0.091 
 {acc} cls : 97.66
[61/61 iteration of epoch 17/50] 
 {loss} cls : 0.163, fac : 0.449, total : 0.163 
 {acc} cls : 96.09
------------------------------
<Losses on train> cls : 0.099, fac : 0.455, total : 0.099
<Accuracies on train> cls : 97.11
Train epoch time: 86.766
------------------------------
<Accuracies on val> class : 78.90
------------------------------
<Accuracies on test> class : 54.43
------------------------------
<Accuracies on Art> test class : 42.44
------------------------------
<Accuracies on Product> test class : 57.33
------------------------------
<Accuracies on Real_World> test class : 58.16
------------------------------
Total epoch time: 315.472

New epoch - lr: 0.003
[1/61 iteration of epoch 18/50] 
 {loss} cls : 0.065, fac : 0.462, total : 0.065 
 {acc} cls : 96.09
[31/61 iteration of epoch 18/50] 
 {loss} cls : 0.065, fac : 0.459, total : 0.065 
 {acc} cls : 98.44
[61/61 iteration of epoch 18/50] 
 {loss} cls : 0.162, fac : 0.456, total : 0.162 
 {acc} cls : 93.75
------------------------------
<Losses on train> cls : 0.093, fac : 0.455, total : 0.093
<Accuracies on train> cls : 97.21
Train epoch time: 85.533
------------------------------
<Accuracies on val> class : 80.50
------------------------------
<Accuracies on test> class : 55.10
------------------------------
<Accuracies on Art> test class : 43.26
------------------------------
<Accuracies on Product> test class : 58.12
------------------------------
<Accuracies on Real_World> test class : 58.62
------------------------------
Total epoch time: 313.537

New epoch - lr: 0.003
[1/61 iteration of epoch 19/50] 
 {loss} cls : 0.095, fac : 0.450, total : 0.095 
 {acc} cls : 96.09
[31/61 iteration of epoch 19/50] 
 {loss} cls : 0.079, fac : 0.455, total : 0.079 
 {acc} cls : 97.66
[61/61 iteration of epoch 19/50] 
 {loss} cls : 0.155, fac : 0.456, total : 0.155 
 {acc} cls : 96.88
------------------------------
<Losses on train> cls : 0.083, fac : 0.453, total : 0.083
<Accuracies on train> cls : 97.50
Train epoch time: 85.950
------------------------------
<Accuracies on val> class : 78.90
------------------------------
<Accuracies on test> class : 54.84
------------------------------
<Accuracies on Art> test class : 43.22
------------------------------
<Accuracies on Product> test class : 57.31
------------------------------
<Accuracies on Real_World> test class : 58.80
------------------------------
Total epoch time: 314.718

New epoch - lr: 0.003
[1/61 iteration of epoch 20/50] 
 {loss} cls : 0.068, fac : 0.452, total : 0.068 
 {acc} cls : 97.66
[31/61 iteration of epoch 20/50] 
 {loss} cls : 0.067, fac : 0.452, total : 0.067 
 {acc} cls : 98.44
[61/61 iteration of epoch 20/50] 
 {loss} cls : 0.134, fac : 0.449, total : 0.134 
 {acc} cls : 93.75
------------------------------
<Losses on train> cls : 0.083, fac : 0.453, total : 0.083
<Accuracies on train> cls : 97.44
Train epoch time: 88.056
------------------------------
<Accuracies on val> class : 79.13
------------------------------
<Accuracies on test> class : 54.82
------------------------------
<Accuracies on Art> test class : 43.63
------------------------------
<Accuracies on Product> test class : 57.18
------------------------------
<Accuracies on Real_World> test class : 58.66
------------------------------
Total epoch time: 318.781

New epoch - lr: 0.003
[1/61 iteration of epoch 21/50] 
 {loss} cls : 0.053, fac : 0.450, total : 0.053 
 {acc} cls : 98.44
[31/61 iteration of epoch 21/50] 
 {loss} cls : 0.084, fac : 0.454, total : 0.084 
 {acc} cls : 97.66
[61/61 iteration of epoch 21/50] 
 {loss} cls : 0.195, fac : 0.449, total : 0.195 
 {acc} cls : 92.97
------------------------------
<Losses on train> cls : 0.086, fac : 0.453, total : 0.086
<Accuracies on train> cls : 97.35
Train epoch time: 87.892
------------------------------
<Accuracies on val> class : 80.05
------------------------------
<Accuracies on test> class : 55.98
------------------------------
<Accuracies on Art> test class : 44.79
------------------------------
<Accuracies on Product> test class : 58.32
------------------------------
<Accuracies on Real_World> test class : 59.83
------------------------------
Total epoch time: 313.237

New epoch - lr: 0.003
[1/61 iteration of epoch 22/50] 
 {loss} cls : 0.029, fac : 0.450, total : 0.029 
 {acc} cls : 99.22
[31/61 iteration of epoch 22/50] 
 {loss} cls : 0.084, fac : 0.455, total : 0.084 
 {acc} cls : 95.31
[61/61 iteration of epoch 22/50] 
 {loss} cls : 0.147, fac : 0.453, total : 0.147 
 {acc} cls : 94.53
------------------------------
<Losses on train> cls : 0.083, fac : 0.452, total : 0.083
<Accuracies on train> cls : 97.22
Train epoch time: 88.133
------------------------------
<Accuracies on val> class : 80.28
------------------------------
<Accuracies on test> class : 55.49
------------------------------
<Accuracies on Art> test class : 43.96
------------------------------
<Accuracies on Product> test class : 57.90
------------------------------
<Accuracies on Real_World> test class : 59.47
------------------------------
Total epoch time: 315.568

New epoch - lr: 0.003
[1/61 iteration of epoch 23/50] 
 {loss} cls : 0.042, fac : 0.455, total : 0.042 
 {acc} cls : 100.00
[31/61 iteration of epoch 23/50] 
 {loss} cls : 0.063, fac : 0.456, total : 0.063 
 {acc} cls : 98.44
[61/61 iteration of epoch 23/50] 
 {loss} cls : 0.101, fac : 0.450, total : 0.101 
 {acc} cls : 97.66
------------------------------
<Losses on train> cls : 0.077, fac : 0.452, total : 0.077
<Accuracies on train> cls : 97.40
Train epoch time: 89.744
------------------------------
<Accuracies on val> class : 79.59
------------------------------
<Accuracies on test> class : 55.05
------------------------------
<Accuracies on Art> test class : 44.62
------------------------------
<Accuracies on Product> test class : 57.36
------------------------------
<Accuracies on Real_World> test class : 58.50
------------------------------
Total epoch time: 318.584

New epoch - lr: 0.003
[1/61 iteration of epoch 24/50] 
 {loss} cls : 0.102, fac : 0.459, total : 0.102 
 {acc} cls : 96.88
[31/61 iteration of epoch 24/50] 
 {loss} cls : 0.071, fac : 0.452, total : 0.071 
 {acc} cls : 97.66
[61/61 iteration of epoch 24/50] 
 {loss} cls : 0.055, fac : 0.446, total : 0.055 
 {acc} cls : 98.44
------------------------------
<Losses on train> cls : 0.077, fac : 0.453, total : 0.077
<Accuracies on train> cls : 97.50
Train epoch time: 86.095
------------------------------
<Accuracies on val> class : 80.96
------------------------------
<Accuracies on test> class : 55.35
------------------------------
<Accuracies on Art> test class : 44.05
------------------------------
<Accuracies on Product> test class : 58.30
------------------------------
<Accuracies on Real_World> test class : 58.64
------------------------------
Total epoch time: 315.176

New epoch - lr: 0.003
[1/61 iteration of epoch 25/50] 
 {loss} cls : 0.046, fac : 0.454, total : 0.046 
 {acc} cls : 99.22
[31/61 iteration of epoch 25/50] 
 {loss} cls : 0.112, fac : 0.452, total : 0.112 
 {acc} cls : 96.88
[61/61 iteration of epoch 25/50] 
 {loss} cls : 0.031, fac : 0.452, total : 0.031 
 {acc} cls : 100.00
------------------------------
<Losses on train> cls : 0.072, fac : 0.452, total : 0.072
<Accuracies on train> cls : 97.49
Train epoch time: 85.771
------------------------------
<Accuracies on val> class : 80.28
------------------------------
<Accuracies on test> class : 55.06
------------------------------
<Accuracies on Art> test class : 44.21
------------------------------
<Accuracies on Product> test class : 57.29
------------------------------
<Accuracies on Real_World> test class : 58.82
------------------------------
Total epoch time: 315.008

New epoch - lr: 0.003
[1/61 iteration of epoch 26/50] 
 {loss} cls : 0.031, fac : 0.454, total : 0.031 
 {acc} cls : 99.22
[31/61 iteration of epoch 26/50] 
 {loss} cls : 0.120, fac : 0.448, total : 0.120 
 {acc} cls : 95.31
[61/61 iteration of epoch 26/50] 
 {loss} cls : 0.016, fac : 0.451, total : 0.016 
 {acc} cls : 100.00
------------------------------
<Losses on train> cls : 0.071, fac : 0.453, total : 0.071
<Accuracies on train> cls : 97.72
Train epoch time: 85.513
------------------------------
<Accuracies on val> class : 80.28
------------------------------
<Accuracies on test> class : 55.68
------------------------------
<Accuracies on Art> test class : 44.21
------------------------------
<Accuracies on Product> test class : 58.53
------------------------------
<Accuracies on Real_World> test class : 59.17
------------------------------
Total epoch time: 314.572

New epoch - lr: 0.003
[1/61 iteration of epoch 27/50] 
 {loss} cls : 0.024, fac : 0.450, total : 0.024 
 {acc} cls : 100.00
[31/61 iteration of epoch 27/50] 
 {loss} cls : 0.089, fac : 0.454, total : 0.089 
 {acc} cls : 96.88
[61/61 iteration of epoch 27/50] 
 {loss} cls : 0.086, fac : 0.450, total : 0.086 
 {acc} cls : 97.66
------------------------------
<Losses on train> cls : 0.074, fac : 0.452, total : 0.074
<Accuracies on train> cls : 97.58
Train epoch time: 86.486
------------------------------
<Accuracies on val> class : 79.82
------------------------------
<Accuracies on test> class : 55.12
------------------------------
<Accuracies on Art> test class : 44.99
------------------------------
<Accuracies on Product> test class : 56.86
------------------------------
<Accuracies on Real_World> test class : 58.99
------------------------------
Total epoch time: 315.550

New epoch - lr: 0.003
[1/61 iteration of epoch 28/50] 
 {loss} cls : 0.057, fac : 0.451, total : 0.057 
 {acc} cls : 98.44
[31/61 iteration of epoch 28/50] 
 {loss} cls : 0.050, fac : 0.453, total : 0.050 
 {acc} cls : 98.44
[61/61 iteration of epoch 28/50] 
 {loss} cls : 0.088, fac : 0.451, total : 0.088 
 {acc} cls : 96.09
------------------------------
<Losses on train> cls : 0.073, fac : 0.451, total : 0.073
<Accuracies on train> cls : 97.72
Train epoch time: 87.384
------------------------------
<Accuracies on val> class : 79.59
------------------------------
<Accuracies on test> class : 53.82
------------------------------
<Accuracies on Art> test class : 42.93
------------------------------
<Accuracies on Product> test class : 55.60
------------------------------
<Accuracies on Real_World> test class : 58.07
------------------------------
Total epoch time: 315.177

New epoch - lr: 0.003
[1/61 iteration of epoch 29/50] 
 {loss} cls : 0.041, fac : 0.446, total : 0.041 
 {acc} cls : 98.44
[31/61 iteration of epoch 29/50] 
 {loss} cls : 0.051, fac : 0.453, total : 0.051 
 {acc} cls : 98.44
[61/61 iteration of epoch 29/50] 
 {loss} cls : 0.017, fac : 0.447, total : 0.017 
 {acc} cls : 100.00
------------------------------
<Losses on train> cls : 0.070, fac : 0.452, total : 0.070
<Accuracies on train> cls : 97.66
Train epoch time: 86.268
------------------------------
<Accuracies on val> class : 80.96
------------------------------
<Accuracies on test> class : 55.12
------------------------------
<Accuracies on Art> test class : 44.50
------------------------------
<Accuracies on Product> test class : 57.54
------------------------------
<Accuracies on Real_World> test class : 58.57
------------------------------
Total epoch time: 314.829

New epoch - lr: 0.003
[1/61 iteration of epoch 30/50] 
 {loss} cls : 0.019, fac : 0.458, total : 0.019 
 {acc} cls : 100.00
[31/61 iteration of epoch 30/50] 
 {loss} cls : 0.089, fac : 0.452, total : 0.089 
 {acc} cls : 96.88
[61/61 iteration of epoch 30/50] 
 {loss} cls : 0.121, fac : 0.441, total : 0.121 
 {acc} cls : 96.09
------------------------------
<Losses on train> cls : 0.065, fac : 0.452, total : 0.065
<Accuracies on train> cls : 97.66
Train epoch time: 88.411
------------------------------
<Accuracies on val> class : 80.05
------------------------------
<Accuracies on test> class : 55.16
------------------------------
<Accuracies on Art> test class : 45.16
------------------------------
<Accuracies on Product> test class : 57.40
------------------------------
<Accuracies on Real_World> test class : 58.46
------------------------------
Total epoch time: 314.658

New epoch - lr: 0.003
[1/61 iteration of epoch 31/50] 
 {loss} cls : 0.040, fac : 0.453, total : 0.040 
 {acc} cls : 99.22
[31/61 iteration of epoch 31/50] 
 {loss} cls : 0.023, fac : 0.447, total : 0.023 
 {acc} cls : 99.22
[61/61 iteration of epoch 31/50] 
 {loss} cls : 0.066, fac : 0.452, total : 0.066 
 {acc} cls : 97.66
------------------------------
<Losses on train> cls : 0.064, fac : 0.451, total : 0.064
<Accuracies on train> cls : 97.89
Train epoch time: 90.260
------------------------------
<Accuracies on val> class : 80.28
------------------------------
<Accuracies on test> class : 54.30
------------------------------
<Accuracies on Art> test class : 43.02
------------------------------
<Accuracies on Product> test class : 56.68
------------------------------
<Accuracies on Real_World> test class : 58.16
------------------------------
Total epoch time: 317.742

New epoch - lr: 0.003
[1/61 iteration of epoch 32/50] 
 {loss} cls : 0.010, fac : 0.454, total : 0.010 
 {acc} cls : 100.00
[31/61 iteration of epoch 32/50] 
 {loss} cls : 0.075, fac : 0.453, total : 0.075 
 {acc} cls : 97.66
[61/61 iteration of epoch 32/50] 
 {loss} cls : 0.091, fac : 0.453, total : 0.091 
 {acc} cls : 96.09
------------------------------
<Losses on train> cls : 0.065, fac : 0.451, total : 0.065
<Accuracies on train> cls : 97.59
Train epoch time: 87.296
------------------------------
<Accuracies on val> class : 80.28
------------------------------
<Accuracies on test> class : 55.41
------------------------------
<Accuracies on Art> test class : 44.42
------------------------------
<Accuracies on Product> test class : 57.72
------------------------------
<Accuracies on Real_World> test class : 59.19
------------------------------
Total epoch time: 313.626

New epoch - lr: 0.003
[1/61 iteration of epoch 33/50] 
 {loss} cls : 0.016, fac : 0.453, total : 0.016 
 {acc} cls : 100.00
[31/61 iteration of epoch 33/50] 
 {loss} cls : 0.021, fac : 0.458, total : 0.021 
 {acc} cls : 100.00
[61/61 iteration of epoch 33/50] 
 {loss} cls : 0.023, fac : 0.449, total : 0.023 
 {acc} cls : 100.00
------------------------------
<Losses on train> cls : 0.060, fac : 0.451, total : 0.060
<Accuracies on train> cls : 97.89
Train epoch time: 85.326
------------------------------
<Accuracies on val> class : 81.42
------------------------------
<Accuracies on test> class : 54.91
------------------------------
<Accuracies on Art> test class : 44.38
------------------------------
<Accuracies on Product> test class : 56.79
------------------------------
<Accuracies on Real_World> test class : 58.85
------------------------------
Total epoch time: 313.773

New epoch - lr: 0.003
[1/61 iteration of epoch 34/50] 
 {loss} cls : 0.039, fac : 0.451, total : 0.039 
 {acc} cls : 98.44
[31/61 iteration of epoch 34/50] 
 {loss} cls : 0.075, fac : 0.452, total : 0.075 
 {acc} cls : 97.66
[61/61 iteration of epoch 34/50] 
 {loss} cls : 0.065, fac : 0.458, total : 0.065 
 {acc} cls : 98.44
------------------------------
<Losses on train> cls : 0.064, fac : 0.451, total : 0.064
<Accuracies on train> cls : 97.80
Train epoch time: 86.809
------------------------------
<Accuracies on val> class : 80.73
------------------------------
<Accuracies on test> class : 55.19
------------------------------
<Accuracies on Art> test class : 44.29
------------------------------
<Accuracies on Product> test class : 57.54
------------------------------
<Accuracies on Real_World> test class : 58.87
------------------------------
Total epoch time: 315.862

New epoch - lr: 0.003
[1/61 iteration of epoch 35/50] 
 {loss} cls : 0.028, fac : 0.449, total : 0.028 
 {acc} cls : 100.00
[31/61 iteration of epoch 35/50] 
 {loss} cls : 0.045, fac : 0.452, total : 0.045 
 {acc} cls : 98.44
[61/61 iteration of epoch 35/50] 
 {loss} cls : 0.066, fac : 0.452, total : 0.066 
 {acc} cls : 98.44
------------------------------
<Losses on train> cls : 0.066, fac : 0.450, total : 0.066
<Accuracies on train> cls : 97.62
Train epoch time: 87.684
------------------------------
<Accuracies on val> class : 80.28
------------------------------
<Accuracies on test> class : 54.91
------------------------------
<Accuracies on Art> test class : 44.00
------------------------------
<Accuracies on Product> test class : 57.20
------------------------------
<Accuracies on Real_World> test class : 58.64
------------------------------
Total epoch time: 315.015

New epoch - lr: 0.003
[1/61 iteration of epoch 36/50] 
 {loss} cls : 0.097, fac : 0.449, total : 0.097 
 {acc} cls : 96.09
[31/61 iteration of epoch 36/50] 
 {loss} cls : 0.051, fac : 0.447, total : 0.051 
 {acc} cls : 99.22
[61/61 iteration of epoch 36/50] 
 {loss} cls : 0.096, fac : 0.444, total : 0.096 
 {acc} cls : 95.31
------------------------------
<Losses on train> cls : 0.062, fac : 0.450, total : 0.062
<Accuracies on train> cls : 97.78
Train epoch time: 87.296
------------------------------
<Accuracies on val> class : 81.19
------------------------------
<Accuracies on test> class : 54.90
------------------------------
<Accuracies on Art> test class : 44.38
------------------------------
<Accuracies on Product> test class : 57.04
------------------------------
<Accuracies on Real_World> test class : 58.57
------------------------------
Total epoch time: 314.155

New epoch - lr: 0.003
[1/61 iteration of epoch 37/50] 
 {loss} cls : 0.050, fac : 0.447, total : 0.050 
 {acc} cls : 96.88
[31/61 iteration of epoch 37/50] 
 {loss} cls : 0.057, fac : 0.460, total : 0.057 
 {acc} cls : 96.88
[61/61 iteration of epoch 37/50] 
 {loss} cls : 0.023, fac : 0.453, total : 0.023 
 {acc} cls : 99.22
------------------------------
<Losses on train> cls : 0.064, fac : 0.450, total : 0.064
<Accuracies on train> cls : 97.67
Train epoch time: 87.175
------------------------------
<Accuracies on val> class : 81.88
------------------------------
<Accuracies on test> class : 56.10
------------------------------
<Accuracies on Art> test class : 45.61
------------------------------
<Accuracies on Product> test class : 58.23
------------------------------
<Accuracies on Real_World> test class : 59.77
------------------------------
Total epoch time: 315.010

New epoch - lr: 0.003
[1/61 iteration of epoch 38/50] 
 {loss} cls : 0.111, fac : 0.450, total : 0.111 
 {acc} cls : 94.53
[31/61 iteration of epoch 38/50] 
 {loss} cls : 0.025, fac : 0.448, total : 0.025 
 {acc} cls : 98.44
[61/61 iteration of epoch 38/50] 
 {loss} cls : 0.181, fac : 0.447, total : 0.181 
 {acc} cls : 93.75
------------------------------
<Losses on train> cls : 0.065, fac : 0.450, total : 0.065
<Accuracies on train> cls : 97.78
Train epoch time: 86.647
------------------------------
<Accuracies on val> class : 81.42
------------------------------
<Accuracies on test> class : 54.72
------------------------------
<Accuracies on Art> test class : 44.21
------------------------------
<Accuracies on Product> test class : 56.97
------------------------------
<Accuracies on Real_World> test class : 58.27
------------------------------
Total epoch time: 314.003

New epoch - lr: 0.003
[1/61 iteration of epoch 39/50] 
 {loss} cls : 0.020, fac : 0.449, total : 0.020 
 {acc} cls : 100.00
[31/61 iteration of epoch 39/50] 
 {loss} cls : 0.038, fac : 0.450, total : 0.038 
 {acc} cls : 99.22
[61/61 iteration of epoch 39/50] 
 {loss} cls : 0.122, fac : 0.445, total : 0.122 
 {acc} cls : 93.75
------------------------------
<Losses on train> cls : 0.059, fac : 0.450, total : 0.059
<Accuracies on train> cls : 97.80
Train epoch time: 86.135
------------------------------
<Accuracies on val> class : 80.96
------------------------------
<Accuracies on test> class : 55.78
------------------------------
<Accuracies on Art> test class : 45.12
------------------------------
<Accuracies on Product> test class : 57.99
------------------------------
<Accuracies on Real_World> test class : 59.47
------------------------------
Total epoch time: 314.887

New epoch - lr: 0.003
[1/61 iteration of epoch 40/50] 
 {loss} cls : 0.042, fac : 0.453, total : 0.042 
 {acc} cls : 97.66
[31/61 iteration of epoch 40/50] 
 {loss} cls : 0.006, fac : 0.455, total : 0.006 
 {acc} cls : 100.00
[61/61 iteration of epoch 40/50] 
 {loss} cls : 0.043, fac : 0.447, total : 0.043 
 {acc} cls : 98.44
------------------------------
<Losses on train> cls : 0.060, fac : 0.450, total : 0.060
<Accuracies on train> cls : 97.64
Train epoch time: 85.691
------------------------------
<Accuracies on val> class : 81.65
------------------------------
<Accuracies on test> class : 54.79
------------------------------
<Accuracies on Art> test class : 43.39
------------------------------
<Accuracies on Product> test class : 57.36
------------------------------
<Accuracies on Real_World> test class : 58.53
------------------------------
Total epoch time: 312.888

New epoch - lr: 0.003
[1/61 iteration of epoch 41/50] 
 {loss} cls : 0.049, fac : 0.457, total : 0.049 
 {acc} cls : 98.44
[31/61 iteration of epoch 41/50] 
 {loss} cls : 0.009, fac : 0.445, total : 0.009 
 {acc} cls : 100.00
[61/61 iteration of epoch 41/50] 
 {loss} cls : 0.107, fac : 0.451, total : 0.107 
 {acc} cls : 94.53
------------------------------
<Losses on train> cls : 0.056, fac : 0.449, total : 0.056
<Accuracies on train> cls : 97.94
Train epoch time: 86.632
------------------------------
<Accuracies on val> class : 81.19
------------------------------
<Accuracies on test> class : 54.82
------------------------------
<Accuracies on Art> test class : 44.50
------------------------------
<Accuracies on Product> test class : 56.88
------------------------------
<Accuracies on Real_World> test class : 58.48
------------------------------
Total epoch time: 311.700

New epoch - lr: 0.003
[1/61 iteration of epoch 42/50] 
 {loss} cls : 0.020, fac : 0.455, total : 0.020 
 {acc} cls : 100.00
[31/61 iteration of epoch 42/50] 
 {loss} cls : 0.075, fac : 0.453, total : 0.075 
 {acc} cls : 95.31
[61/61 iteration of epoch 42/50] 
 {loss} cls : 0.081, fac : 0.448, total : 0.081 
 {acc} cls : 96.09
------------------------------
<Losses on train> cls : 0.054, fac : 0.449, total : 0.054
<Accuracies on train> cls : 98.04
Train epoch time: 90.219
------------------------------
<Accuracies on val> class : 81.88
------------------------------
<Accuracies on test> class : 55.43
------------------------------
<Accuracies on Art> test class : 45.04
------------------------------
<Accuracies on Product> test class : 57.20
------------------------------
<Accuracies on Real_World> test class : 59.42
------------------------------
Total epoch time: 316.497

New epoch - lr: 0.003
[1/61 iteration of epoch 43/50] 
 {loss} cls : 0.079, fac : 0.448, total : 0.079 
 {acc} cls : 96.09
[31/61 iteration of epoch 43/50] 
 {loss} cls : 0.030, fac : 0.448, total : 0.030 
 {acc} cls : 98.44
[61/61 iteration of epoch 43/50] 
 {loss} cls : 0.050, fac : 0.446, total : 0.050 
 {acc} cls : 97.66
------------------------------
<Losses on train> cls : 0.056, fac : 0.449, total : 0.056
<Accuracies on train> cls : 97.78
Train epoch time: 87.438
------------------------------
<Accuracies on val> class : 81.42
------------------------------
<Accuracies on test> class : 55.24
------------------------------
<Accuracies on Art> test class : 44.46
------------------------------
<Accuracies on Product> test class : 57.63
------------------------------
<Accuracies on Real_World> test class : 58.82
------------------------------
Total epoch time: 315.417

New epoch - lr: 0.003
[1/61 iteration of epoch 44/50] 
 {loss} cls : 0.044, fac : 0.452, total : 0.044 
 {acc} cls : 98.44
[31/61 iteration of epoch 44/50] 
 {loss} cls : 0.019, fac : 0.451, total : 0.019 
 {acc} cls : 99.22
[61/61 iteration of epoch 44/50] 
 {loss} cls : 0.051, fac : 0.446, total : 0.051 
 {acc} cls : 98.44
------------------------------
<Losses on train> cls : 0.052, fac : 0.449, total : 0.052
<Accuracies on train> cls : 98.19
Train epoch time: 85.146
------------------------------
<Accuracies on val> class : 80.73
------------------------------
<Accuracies on test> class : 55.30
------------------------------
<Accuracies on Art> test class : 44.66
------------------------------
<Accuracies on Product> test class : 57.51
------------------------------
<Accuracies on Real_World> test class : 58.96
------------------------------
Total epoch time: 326.503

New epoch - lr: 0.0009000000000000002
[1/61 iteration of epoch 45/50] 
 {loss} cls : 0.042, fac : 0.453, total : 0.042 
 {acc} cls : 98.44
[31/61 iteration of epoch 45/50] 
 {loss} cls : 0.060, fac : 0.447, total : 0.060 
 {acc} cls : 96.88
[61/61 iteration of epoch 45/50] 
 {loss} cls : 0.046, fac : 0.449, total : 0.046 
 {acc} cls : 97.66
------------------------------
<Losses on train> cls : 0.044, fac : 0.449, total : 0.044
<Accuracies on train> cls : 98.32
Train epoch time: 89.496
------------------------------
<Accuracies on val> class : 81.42
------------------------------
<Accuracies on test> class : 55.51
------------------------------
<Accuracies on Art> test class : 44.91
------------------------------
<Accuracies on Product> test class : 57.65
------------------------------
<Accuracies on Real_World> test class : 59.24
------------------------------
Total epoch time: 332.503

New epoch - lr: 0.0009000000000000002
[1/61 iteration of epoch 46/50] 
 {loss} cls : 0.035, fac : 0.450, total : 0.035 
 {acc} cls : 100.00
[31/61 iteration of epoch 46/50] 
 {loss} cls : 0.045, fac : 0.444, total : 0.045 
 {acc} cls : 96.88
[61/61 iteration of epoch 46/50] 
 {loss} cls : 0.012, fac : 0.451, total : 0.012 
 {acc} cls : 100.00
------------------------------
<Losses on train> cls : 0.041, fac : 0.448, total : 0.041
<Accuracies on train> cls : 98.30
Train epoch time: 90.417
------------------------------
<Accuracies on val> class : 81.19
------------------------------
<Accuracies on test> class : 55.30
------------------------------
<Accuracies on Art> test class : 43.92
------------------------------
<Accuracies on Product> test class : 57.40
------------------------------
<Accuracies on Real_World> test class : 59.49
------------------------------
Total epoch time: 329.075

New epoch - lr: 0.0009000000000000002
[1/61 iteration of epoch 47/50] 
 {loss} cls : 0.040, fac : 0.448, total : 0.040 
 {acc} cls : 97.66
[31/61 iteration of epoch 47/50] 
 {loss} cls : 0.025, fac : 0.449, total : 0.025 
 {acc} cls : 100.00
[61/61 iteration of epoch 47/50] 
 {loss} cls : 0.087, fac : 0.449, total : 0.087 
 {acc} cls : 96.09
------------------------------
<Losses on train> cls : 0.043, fac : 0.449, total : 0.043
<Accuracies on train> cls : 98.27
Train epoch time: 86.464
------------------------------
<Accuracies on val> class : 81.88
------------------------------
<Accuracies on test> class : 55.89
------------------------------
<Accuracies on Art> test class : 44.91
------------------------------
<Accuracies on Product> test class : 58.03
------------------------------
<Accuracies on Real_World> test class : 59.83
------------------------------
Total epoch time: 325.533

New epoch - lr: 0.0009000000000000002
[1/61 iteration of epoch 48/50] 
 {loss} cls : 0.028, fac : 0.450, total : 0.028 
 {acc} cls : 99.22
[31/61 iteration of epoch 48/50] 
 {loss} cls : 0.017, fac : 0.450, total : 0.017 
 {acc} cls : 100.00
[61/61 iteration of epoch 48/50] 
 {loss} cls : 0.090, fac : 0.442, total : 0.090 
 {acc} cls : 95.31
------------------------------
<Losses on train> cls : 0.043, fac : 0.449, total : 0.043
<Accuracies on train> cls : 98.05
Train epoch time: 86.652
------------------------------
<Accuracies on val> class : 81.19
------------------------------
<Accuracies on test> class : 55.48
------------------------------
<Accuracies on Art> test class : 44.83
------------------------------
<Accuracies on Product> test class : 57.51
------------------------------
<Accuracies on Real_World> test class : 59.35
------------------------------
Total epoch time: 325.022

New epoch - lr: 0.0009000000000000002
[1/61 iteration of epoch 49/50] 
 {loss} cls : 0.014, fac : 0.449, total : 0.014 
 {acc} cls : 100.00
[31/61 iteration of epoch 49/50] 
 {loss} cls : 0.038, fac : 0.449, total : 0.038 
 {acc} cls : 97.66
[61/61 iteration of epoch 49/50] 
 {loss} cls : 0.053, fac : 0.449, total : 0.053 
 {acc} cls : 96.09
------------------------------
<Losses on train> cls : 0.042, fac : 0.448, total : 0.042
<Accuracies on train> cls : 98.13
Train epoch time: 87.743
------------------------------
<Accuracies on val> class : 80.50
------------------------------
<Accuracies on test> class : 55.30
------------------------------
<Accuracies on Art> test class : 44.62
------------------------------
<Accuracies on Product> test class : 57.49
------------------------------
<Accuracies on Real_World> test class : 59.01
------------------------------
Total epoch time: 324.079

New epoch - lr: 0.0009000000000000002
[1/61 iteration of epoch 50/50] 
 {loss} cls : 0.056, fac : 0.443, total : 0.056 
 {acc} cls : 97.66
[31/61 iteration of epoch 50/50] 
 {loss} cls : 0.039, fac : 0.448, total : 0.039 
 {acc} cls : 98.44
[61/61 iteration of epoch 50/50] 
 {loss} cls : 0.068, fac : 0.456, total : 0.068 
 {acc} cls : 97.66
------------------------------
<Losses on train> cls : 0.042, fac : 0.449, total : 0.042
<Accuracies on train> cls : 98.17
Train epoch time: 87.839
------------------------------
<Accuracies on val> class : 80.73
------------------------------
<Accuracies on test> class : 55.52
------------------------------
<Accuracies on Art> test class : 44.54
------------------------------
<Accuracies on Product> test class : 57.87
------------------------------
<Accuracies on Real_World> test class : 59.24
------------------------------
Total epoch time: 325.462

******************************
Best val 0.818807, corresponding test 0.558941 - best test: 0.560991

******************************
Best val 0.8188073635101318, corresponding Art test 0.4491141438484192

******************************
Best val 0.8188073635101318, corresponding Product test 0.5803108811378479

******************************
Best val 0.8188073635101318, corresponding Real_World test 0.5983474850654602
