
Loading experiment Officehome/ResNet18_step


New epoch - lr: 0.003
[1/61 iteration of epoch 1/50] 
 {loss} cls : 5.925, total : 5.925 
 {acc} cls : 0.00
[31/61 iteration of epoch 1/50] 
 {loss} cls : 3.147, total : 3.147 
 {acc} cls : 39.06
[61/61 iteration of epoch 1/50] 
 {loss} cls : 3.022, total : 3.022 
 {acc} cls : 37.50
------------------------------
<Losses on train> cls : 3.741, total : 3.741
<Accuracies on train> cls : 23.18
Train epoch time: 110.800
------------------------------
<Accuracies on val> class : 72.64
------------------------------
<Accuracies on test> class : 50.18
------------------------------
<Accuracies on Art> test class : 48.13
------------------------------
<Accuracies on Clipart> test class : 39.61
------------------------------
<Accuracies on Product> test class : 61.70
------------------------------
Total epoch time: 225.476

New epoch - lr: 0.003
[1/61 iteration of epoch 2/50] 
 {loss} cls : 2.098, total : 2.098 
 {acc} cls : 54.69
[31/61 iteration of epoch 2/50] 
 {loss} cls : 2.096, total : 2.096 
 {acc} cls : 50.00
[61/61 iteration of epoch 2/50] 
 {loss} cls : 2.070, total : 2.070 
 {acc} cls : 42.19
------------------------------
<Losses on train> cls : 2.321, total : 2.321
<Accuracies on train> cls : 44.49
Train epoch time: 97.368
------------------------------
<Accuracies on val> class : 77.01
------------------------------
<Accuracies on test> class : 54.71
------------------------------
<Accuracies on Art> test class : 51.63
------------------------------
<Accuracies on Clipart> test class : 44.10
------------------------------
<Accuracies on Product> test class : 66.84
------------------------------
Total epoch time: 196.021

New epoch - lr: 0.003
[1/61 iteration of epoch 3/50] 
 {loss} cls : 2.058, total : 2.058 
 {acc} cls : 43.75
[31/61 iteration of epoch 3/50] 
 {loss} cls : 1.956, total : 1.956 
 {acc} cls : 42.19
[61/61 iteration of epoch 3/50] 
 {loss} cls : 1.832, total : 1.832 
 {acc} cls : 45.31
------------------------------
<Losses on train> cls : 1.882, total : 1.882
<Accuracies on train> cls : 50.95
Train epoch time: 90.536
------------------------------
<Accuracies on val> class : 76.78
------------------------------
<Accuracies on test> class : 54.58
------------------------------
<Accuracies on Art> test class : 51.55
------------------------------
<Accuracies on Clipart> test class : 42.70
------------------------------
<Accuracies on Product> test class : 67.92
------------------------------
Total epoch time: 190.272

New epoch - lr: 0.003
[1/61 iteration of epoch 4/50] 
 {loss} cls : 1.569, total : 1.569 
 {acc} cls : 60.94
[31/61 iteration of epoch 4/50] 
 {loss} cls : 1.609, total : 1.609 
 {acc} cls : 56.25
[61/61 iteration of epoch 4/50] 
 {loss} cls : 1.557, total : 1.557 
 {acc} cls : 59.38
------------------------------
<Losses on train> cls : 1.588, total : 1.588
<Accuracies on train> cls : 56.10
Train epoch time: 90.682
------------------------------
<Accuracies on val> class : 76.32
------------------------------
<Accuracies on test> class : 53.49
------------------------------
<Accuracies on Art> test class : 51.13
------------------------------
<Accuracies on Clipart> test class : 41.33
------------------------------
<Accuracies on Product> test class : 66.73
------------------------------
Total epoch time: 187.697

New epoch - lr: 0.003
[1/61 iteration of epoch 5/50] 
 {loss} cls : 1.253, total : 1.253 
 {acc} cls : 73.44
[31/61 iteration of epoch 5/50] 
 {loss} cls : 1.364, total : 1.364 
 {acc} cls : 62.50
[61/61 iteration of epoch 5/50] 
 {loss} cls : 1.210, total : 1.210 
 {acc} cls : 67.19
------------------------------
<Losses on train> cls : 1.371, total : 1.371
<Accuracies on train> cls : 59.73
Train epoch time: 94.984
------------------------------
<Accuracies on val> class : 79.31
------------------------------
<Accuracies on test> class : 55.67
------------------------------
<Accuracies on Art> test class : 51.75
------------------------------
<Accuracies on Clipart> test class : 45.25
------------------------------
<Accuracies on Product> test class : 68.06
------------------------------
Total epoch time: 191.984

New epoch - lr: 0.003
[1/61 iteration of epoch 6/50] 
 {loss} cls : 1.162, total : 1.162 
 {acc} cls : 64.06
[31/61 iteration of epoch 6/50] 
 {loss} cls : 0.902, total : 0.902 
 {acc} cls : 68.75
[61/61 iteration of epoch 6/50] 
 {loss} cls : 1.225, total : 1.225 
 {acc} cls : 57.81
------------------------------
<Losses on train> cls : 1.198, total : 1.198
<Accuracies on train> cls : 63.37
Train epoch time: 91.516
------------------------------
<Accuracies on val> class : 80.46
------------------------------
<Accuracies on test> class : 53.84
------------------------------
<Accuracies on Art> test class : 54.02
------------------------------
<Accuracies on Clipart> test class : 40.73
------------------------------
<Accuracies on Product> test class : 66.64
------------------------------
Total epoch time: 195.069

New epoch - lr: 0.003
[1/61 iteration of epoch 7/50] 
 {loss} cls : 1.235, total : 1.235 
 {acc} cls : 68.75
[31/61 iteration of epoch 7/50] 
 {loss} cls : 1.025, total : 1.025 
 {acc} cls : 67.19
[61/61 iteration of epoch 7/50] 
 {loss} cls : 1.062, total : 1.062 
 {acc} cls : 62.50
------------------------------
<Losses on train> cls : 1.033, total : 1.033
<Accuracies on train> cls : 68.67
Train epoch time: 94.504
------------------------------
<Accuracies on val> class : 80.00
------------------------------
<Accuracies on test> class : 56.08
------------------------------
<Accuracies on Art> test class : 55.01
------------------------------
<Accuracies on Clipart> test class : 43.12
------------------------------
<Accuracies on Product> test class : 69.41
------------------------------
Total epoch time: 194.574

New epoch - lr: 0.003
[1/61 iteration of epoch 8/50] 
 {loss} cls : 0.975, total : 0.975 
 {acc} cls : 73.44
[31/61 iteration of epoch 8/50] 
 {loss} cls : 0.964, total : 0.964 
 {acc} cls : 71.88
[61/61 iteration of epoch 8/50] 
 {loss} cls : 0.827, total : 0.827 
 {acc} cls : 73.44
------------------------------
<Losses on train> cls : 0.912, total : 0.912
<Accuracies on train> cls : 71.13
Train epoch time: 90.716
------------------------------
<Accuracies on val> class : 82.30
------------------------------
<Accuracies on test> class : 56.70
------------------------------
<Accuracies on Art> test class : 54.14
------------------------------
<Accuracies on Clipart> test class : 43.89
------------------------------
<Accuracies on Product> test class : 70.69
------------------------------
Total epoch time: 188.592

New epoch - lr: 0.003
[1/61 iteration of epoch 9/50] 
 {loss} cls : 0.716, total : 0.716 
 {acc} cls : 78.12
[31/61 iteration of epoch 9/50] 
 {loss} cls : 0.877, total : 0.877 
 {acc} cls : 70.31
[61/61 iteration of epoch 9/50] 
 {loss} cls : 0.828, total : 0.828 
 {acc} cls : 71.88
------------------------------
<Losses on train> cls : 0.826, total : 0.826
<Accuracies on train> cls : 73.77
Train epoch time: 92.529
------------------------------
<Accuracies on val> class : 79.54
------------------------------
<Accuracies on test> class : 57.29
------------------------------
<Accuracies on Art> test class : 53.81
------------------------------
<Accuracies on Clipart> test class : 45.89
------------------------------
<Accuracies on Product> test class : 70.40
------------------------------
Total epoch time: 188.012

New epoch - lr: 0.003
[1/61 iteration of epoch 10/50] 
 {loss} cls : 0.804, total : 0.804 
 {acc} cls : 78.12
[31/61 iteration of epoch 10/50] 
 {loss} cls : 0.707, total : 0.707 
 {acc} cls : 75.00
[61/61 iteration of epoch 10/50] 
 {loss} cls : 0.679, total : 0.679 
 {acc} cls : 78.12
------------------------------
<Losses on train> cls : 0.724, total : 0.724
<Accuracies on train> cls : 77.33
Train epoch time: 89.546
------------------------------
<Accuracies on val> class : 80.69
------------------------------
<Accuracies on test> class : 56.01
------------------------------
<Accuracies on Art> test class : 54.26
------------------------------
<Accuracies on Clipart> test class : 43.18
------------------------------
<Accuracies on Product> test class : 69.59
------------------------------
Total epoch time: 192.823

New epoch - lr: 0.003
[1/61 iteration of epoch 11/50] 
 {loss} cls : 0.823, total : 0.823 
 {acc} cls : 71.88
[31/61 iteration of epoch 11/50] 
 {loss} cls : 0.558, total : 0.558 
 {acc} cls : 89.06
[61/61 iteration of epoch 11/50] 
 {loss} cls : 0.785, total : 0.785 
 {acc} cls : 71.88
------------------------------
<Losses on train> cls : 0.650, total : 0.650
<Accuracies on train> cls : 79.61
Train epoch time: 88.993
------------------------------
<Accuracies on val> class : 79.77
------------------------------
<Accuracies on test> class : 55.88
------------------------------
<Accuracies on Art> test class : 52.90
------------------------------
<Accuracies on Clipart> test class : 42.38
------------------------------
<Accuracies on Product> test class : 70.78
------------------------------
Total epoch time: 186.348

New epoch - lr: 0.003
[1/61 iteration of epoch 12/50] 
 {loss} cls : 0.594, total : 0.594 
 {acc} cls : 78.12
[31/61 iteration of epoch 12/50] 
 {loss} cls : 0.594, total : 0.594 
 {acc} cls : 79.69
[61/61 iteration of epoch 12/50] 
 {loss} cls : 0.569, total : 0.569 
 {acc} cls : 84.38
------------------------------
<Losses on train> cls : 0.569, total : 0.569
<Accuracies on train> cls : 82.58
Train epoch time: 95.181
------------------------------
<Accuracies on val> class : 79.54
------------------------------
<Accuracies on test> class : 55.15
------------------------------
<Accuracies on Art> test class : 52.86
------------------------------
<Accuracies on Clipart> test class : 42.29
------------------------------
<Accuracies on Product> test class : 69.05
------------------------------
Total epoch time: 192.969

New epoch - lr: 0.003
[1/61 iteration of epoch 13/50] 
 {loss} cls : 0.449, total : 0.449 
 {acc} cls : 90.62
[31/61 iteration of epoch 13/50] 
 {loss} cls : 0.428, total : 0.428 
 {acc} cls : 93.75
[61/61 iteration of epoch 13/50] 
 {loss} cls : 0.408, total : 0.408 
 {acc} cls : 89.06
------------------------------
<Losses on train> cls : 0.493, total : 0.493
<Accuracies on train> cls : 86.01
Train epoch time: 91.091
------------------------------
<Accuracies on val> class : 79.77
------------------------------
<Accuracies on test> class : 57.39
------------------------------
<Accuracies on Art> test class : 54.26
------------------------------
<Accuracies on Clipart> test class : 44.15
------------------------------
<Accuracies on Product> test class : 72.13
------------------------------
Total epoch time: 189.744

New epoch - lr: 0.003
[1/61 iteration of epoch 14/50] 
 {loss} cls : 0.491, total : 0.491 
 {acc} cls : 89.06
[31/61 iteration of epoch 14/50] 
 {loss} cls : 0.382, total : 0.382 
 {acc} cls : 90.62
[61/61 iteration of epoch 14/50] 
 {loss} cls : 0.481, total : 0.481 
 {acc} cls : 84.38
------------------------------
<Losses on train> cls : 0.431, total : 0.431
<Accuracies on train> cls : 88.60
Train epoch time: 90.560
------------------------------
<Accuracies on val> class : 81.84
------------------------------
<Accuracies on test> class : 55.93
------------------------------
<Accuracies on Art> test class : 52.62
------------------------------
<Accuracies on Clipart> test class : 42.79
------------------------------
<Accuracies on Product> test class : 70.67
------------------------------
Total epoch time: 192.344

New epoch - lr: 0.003
[1/61 iteration of epoch 15/50] 
 {loss} cls : 0.406, total : 0.406 
 {acc} cls : 90.62
[31/61 iteration of epoch 15/50] 
 {loss} cls : 0.369, total : 0.369 
 {acc} cls : 90.62
[61/61 iteration of epoch 15/50] 
 {loss} cls : 0.202, total : 0.202 
 {acc} cls : 98.44
------------------------------
<Losses on train> cls : 0.372, total : 0.372
<Accuracies on train> cls : 90.11
Train epoch time: 94.474
------------------------------
<Accuracies on val> class : 82.07
------------------------------
<Accuracies on test> class : 56.87
------------------------------
<Accuracies on Art> test class : 54.59
------------------------------
<Accuracies on Clipart> test class : 42.91
------------------------------
<Accuracies on Product> test class : 71.84
------------------------------
Total epoch time: 191.112

New epoch - lr: 0.003
[1/61 iteration of epoch 16/50] 
 {loss} cls : 0.325, total : 0.325 
 {acc} cls : 87.50
[31/61 iteration of epoch 16/50] 
 {loss} cls : 0.419, total : 0.419 
 {acc} cls : 87.50
[61/61 iteration of epoch 16/50] 
 {loss} cls : 0.379, total : 0.379 
 {acc} cls : 85.94
------------------------------
<Losses on train> cls : 0.335, total : 0.335
<Accuracies on train> cls : 91.42
Train epoch time: 95.417
------------------------------
<Accuracies on val> class : 81.15
------------------------------
<Accuracies on test> class : 57.40
------------------------------
<Accuracies on Art> test class : 54.64
------------------------------
<Accuracies on Clipart> test class : 43.89
------------------------------
<Accuracies on Product> test class : 72.20
------------------------------
Total epoch time: 192.777

New epoch - lr: 0.003
[1/61 iteration of epoch 17/50] 
 {loss} cls : 0.337, total : 0.337 
 {acc} cls : 90.62
[31/61 iteration of epoch 17/50] 
 {loss} cls : 0.274, total : 0.274 
 {acc} cls : 95.31
[61/61 iteration of epoch 17/50] 
 {loss} cls : 0.339, total : 0.339 
 {acc} cls : 92.19
------------------------------
<Losses on train> cls : 0.293, total : 0.293
<Accuracies on train> cls : 92.85
Train epoch time: 88.549
------------------------------
<Accuracies on val> class : 82.30
------------------------------
<Accuracies on test> class : 57.75
------------------------------
<Accuracies on Art> test class : 55.29
------------------------------
<Accuracies on Clipart> test class : 44.26
------------------------------
<Accuracies on Product> test class : 72.36
------------------------------
Total epoch time: 193.027

New epoch - lr: 0.003
[1/61 iteration of epoch 18/50] 
 {loss} cls : 0.188, total : 0.188 
 {acc} cls : 98.44
[31/61 iteration of epoch 18/50] 
 {loss} cls : 0.231, total : 0.231 
 {acc} cls : 95.31
[61/61 iteration of epoch 18/50] 
 {loss} cls : 0.247, total : 0.247 
 {acc} cls : 93.75
------------------------------
<Losses on train> cls : 0.256, total : 0.256
<Accuracies on train> cls : 93.95
Train epoch time: 89.191
------------------------------
<Accuracies on val> class : 81.61
------------------------------
<Accuracies on test> class : 57.70
------------------------------
<Accuracies on Art> test class : 54.68
------------------------------
<Accuracies on Clipart> test class : 45.68
------------------------------
<Accuracies on Product> test class : 71.16
------------------------------
Total epoch time: 188.075

New epoch - lr: 0.003
[1/61 iteration of epoch 19/50] 
 {loss} cls : 0.333, total : 0.333 
 {acc} cls : 92.19
[31/61 iteration of epoch 19/50] 
 {loss} cls : 0.266, total : 0.266 
 {acc} cls : 93.75
[61/61 iteration of epoch 19/50] 
 {loss} cls : 0.318, total : 0.318 
 {acc} cls : 90.62
------------------------------
<Losses on train> cls : 0.243, total : 0.243
<Accuracies on train> cls : 95.34
Train epoch time: 90.116
------------------------------
<Accuracies on val> class : 80.92
------------------------------
<Accuracies on test> class : 56.74
------------------------------
<Accuracies on Art> test class : 54.22
------------------------------
<Accuracies on Clipart> test class : 42.89
------------------------------
<Accuracies on Product> test class : 71.73
------------------------------
Total epoch time: 187.709

New epoch - lr: 0.003
[1/61 iteration of epoch 20/50] 
 {loss} cls : 0.247, total : 0.247 
 {acc} cls : 95.31
[31/61 iteration of epoch 20/50] 
 {loss} cls : 0.273, total : 0.273 
 {acc} cls : 93.75
[61/61 iteration of epoch 20/50] 
 {loss} cls : 0.162, total : 0.162 
 {acc} cls : 100.00
------------------------------
<Losses on train> cls : 0.206, total : 0.206
<Accuracies on train> cls : 96.11
Train epoch time: 96.281
------------------------------
<Accuracies on val> class : 82.30
------------------------------
<Accuracies on test> class : 58.53
------------------------------
<Accuracies on Art> test class : 55.75
------------------------------
<Accuracies on Clipart> test class : 46.44
------------------------------
<Accuracies on Product> test class : 71.93
------------------------------
Total epoch time: 194.650

New epoch - lr: 0.003
[1/61 iteration of epoch 21/50] 
 {loss} cls : 0.227, total : 0.227 
 {acc} cls : 90.62
[31/61 iteration of epoch 21/50] 
 {loss} cls : 0.154, total : 0.154 
 {acc} cls : 98.44
[61/61 iteration of epoch 21/50] 
 {loss} cls : 0.284, total : 0.284 
 {acc} cls : 96.88
------------------------------
<Losses on train> cls : 0.181, total : 0.181
<Accuracies on train> cls : 96.41
Train epoch time: 90.959
------------------------------
<Accuracies on val> class : 81.38
------------------------------
<Accuracies on test> class : 58.11
------------------------------
<Accuracies on Art> test class : 55.17
------------------------------
<Accuracies on Clipart> test class : 45.59
------------------------------
<Accuracies on Product> test class : 72.02
------------------------------
Total epoch time: 190.242

New epoch - lr: 0.003
[1/61 iteration of epoch 22/50] 
 {loss} cls : 0.127, total : 0.127 
 {acc} cls : 98.44
[31/61 iteration of epoch 22/50] 
 {loss} cls : 0.157, total : 0.157 
 {acc} cls : 96.88
[61/61 iteration of epoch 22/50] 
 {loss} cls : 0.097, total : 0.097 
 {acc} cls : 100.00
------------------------------
<Losses on train> cls : 0.167, total : 0.167
<Accuracies on train> cls : 97.31
Train epoch time: 89.129
------------------------------
<Accuracies on val> class : 82.76
------------------------------
<Accuracies on test> class : 58.04
------------------------------
<Accuracies on Art> test class : 56.08
------------------------------
<Accuracies on Clipart> test class : 44.42
------------------------------
<Accuracies on Product> test class : 72.52
------------------------------
Total epoch time: 189.367

New epoch - lr: 0.003
[1/61 iteration of epoch 23/50] 
 {loss} cls : 0.134, total : 0.134 
 {acc} cls : 95.31
[31/61 iteration of epoch 23/50] 
 {loss} cls : 0.111, total : 0.111 
 {acc} cls : 100.00
[61/61 iteration of epoch 23/50] 
 {loss} cls : 0.100, total : 0.100 
 {acc} cls : 98.44
------------------------------
<Losses on train> cls : 0.154, total : 0.154
<Accuracies on train> cls : 97.18
Train epoch time: 91.712
------------------------------
<Accuracies on val> class : 82.30
------------------------------
<Accuracies on test> class : 58.03
------------------------------
<Accuracies on Art> test class : 55.58
------------------------------
<Accuracies on Clipart> test class : 45.02
------------------------------
<Accuracies on Product> test class : 72.16
------------------------------
Total epoch time: 188.974

New epoch - lr: 0.003
[1/61 iteration of epoch 24/50] 
 {loss} cls : 0.113, total : 0.113 
 {acc} cls : 96.88
[31/61 iteration of epoch 24/50] 
 {loss} cls : 0.109, total : 0.109 
 {acc} cls : 98.44
[61/61 iteration of epoch 24/50] 
 {loss} cls : 0.129, total : 0.129 
 {acc} cls : 100.00
------------------------------
<Losses on train> cls : 0.144, total : 0.144
<Accuracies on train> cls : 97.75
Train epoch time: 92.466
------------------------------
<Accuracies on val> class : 82.30
------------------------------
<Accuracies on test> class : 58.10
------------------------------
<Accuracies on Art> test class : 55.46
------------------------------
<Accuracies on Clipart> test class : 45.29
------------------------------
<Accuracies on Product> test class : 72.13
------------------------------
Total epoch time: 191.269

New epoch - lr: 0.003
[1/61 iteration of epoch 25/50] 
 {loss} cls : 0.178, total : 0.178 
 {acc} cls : 95.31
[31/61 iteration of epoch 25/50] 
 {loss} cls : 0.139, total : 0.139 
 {acc} cls : 96.88
[61/61 iteration of epoch 25/50] 
 {loss} cls : 0.157, total : 0.157 
 {acc} cls : 96.88
------------------------------
<Losses on train> cls : 0.124, total : 0.124
<Accuracies on train> cls : 97.98
Train epoch time: 90.227
------------------------------
<Accuracies on val> class : 81.61
------------------------------
<Accuracies on test> class : 58.00
------------------------------
<Accuracies on Art> test class : 54.59
------------------------------
<Accuracies on Clipart> test class : 45.68
------------------------------
<Accuracies on Product> test class : 71.98
------------------------------
Total epoch time: 190.747

New epoch - lr: 0.003
[1/61 iteration of epoch 26/50] 
 {loss} cls : 0.092, total : 0.092 
 {acc} cls : 100.00
[31/61 iteration of epoch 26/50] 
 {loss} cls : 0.123, total : 0.123 
 {acc} cls : 96.88
[61/61 iteration of epoch 26/50] 
 {loss} cls : 0.075, total : 0.075 
 {acc} cls : 100.00
------------------------------
<Losses on train> cls : 0.125, total : 0.125
<Accuracies on train> cls : 97.90
Train epoch time: 91.168
------------------------------
<Accuracies on val> class : 82.30
------------------------------
<Accuracies on test> class : 58.22
------------------------------
<Accuracies on Art> test class : 56.00
------------------------------
<Accuracies on Clipart> test class : 45.18
------------------------------
<Accuracies on Product> test class : 72.27
------------------------------
Total epoch time: 187.909

New epoch - lr: 0.003
[1/61 iteration of epoch 27/50] 
 {loss} cls : 0.117, total : 0.117 
 {acc} cls : 98.44
[31/61 iteration of epoch 27/50] 
 {loss} cls : 0.137, total : 0.137 
 {acc} cls : 95.31
[61/61 iteration of epoch 27/50] 
 {loss} cls : 0.114, total : 0.114 
 {acc} cls : 98.44
------------------------------
<Losses on train> cls : 0.112, total : 0.112
<Accuracies on train> cls : 98.05
Train epoch time: 96.641
------------------------------
<Accuracies on val> class : 82.30
------------------------------
<Accuracies on test> class : 58.78
------------------------------
<Accuracies on Art> test class : 55.46
------------------------------
<Accuracies on Clipart> test class : 46.60
------------------------------
<Accuracies on Product> test class : 72.58
------------------------------
Total epoch time: 195.014

New epoch - lr: 0.003
[1/61 iteration of epoch 28/50] 
 {loss} cls : 0.101, total : 0.101 
 {acc} cls : 98.44
[31/61 iteration of epoch 28/50] 
 {loss} cls : 0.066, total : 0.066 
 {acc} cls : 100.00
[61/61 iteration of epoch 28/50] 
 {loss} cls : 0.098, total : 0.098 
 {acc} cls : 98.44
------------------------------
<Losses on train> cls : 0.096, total : 0.096
<Accuracies on train> cls : 98.74
Train epoch time: 89.618
------------------------------
<Accuracies on val> class : 81.15
------------------------------
<Accuracies on test> class : 58.65
------------------------------
<Accuracies on Art> test class : 55.46
------------------------------
<Accuracies on Clipart> test class : 46.51
------------------------------
<Accuracies on Product> test class : 72.34
------------------------------
Total epoch time: 190.245

New epoch - lr: 0.003
[1/61 iteration of epoch 29/50] 
 {loss} cls : 0.099, total : 0.099 
 {acc} cls : 100.00
[31/61 iteration of epoch 29/50] 
 {loss} cls : 0.066, total : 0.066 
 {acc} cls : 100.00
[61/61 iteration of epoch 29/50] 
 {loss} cls : 0.112, total : 0.112 
 {acc} cls : 98.44
------------------------------
<Losses on train> cls : 0.106, total : 0.106
<Accuracies on train> cls : 98.46
Train epoch time: 88.801
------------------------------
<Accuracies on val> class : 81.38
------------------------------
<Accuracies on test> class : 58.12
------------------------------
<Accuracies on Art> test class : 55.17
------------------------------
<Accuracies on Clipart> test class : 45.32
------------------------------
<Accuracies on Product> test class : 72.34
------------------------------
Total epoch time: 191.753

New epoch - lr: 0.003
[1/61 iteration of epoch 30/50] 
 {loss} cls : 0.083, total : 0.083 
 {acc} cls : 98.44
[31/61 iteration of epoch 30/50] 
 {loss} cls : 0.113, total : 0.113 
 {acc} cls : 98.44
[61/61 iteration of epoch 30/50] 
 {loss} cls : 0.072, total : 0.072 
 {acc} cls : 96.88
------------------------------
<Losses on train> cls : 0.093, total : 0.093
<Accuracies on train> cls : 98.51
Train epoch time: 93.638
------------------------------
<Accuracies on val> class : 82.07
------------------------------
<Accuracies on test> class : 58.77
------------------------------
<Accuracies on Art> test class : 55.58
------------------------------
<Accuracies on Clipart> test class : 46.64
------------------------------
<Accuracies on Product> test class : 72.45
------------------------------
Total epoch time: 190.879

New epoch - lr: 0.003
[1/61 iteration of epoch 31/50] 
 {loss} cls : 0.109, total : 0.109 
 {acc} cls : 98.44
[31/61 iteration of epoch 31/50] 
 {loss} cls : 0.114, total : 0.114 
 {acc} cls : 98.44
[61/61 iteration of epoch 31/50] 
 {loss} cls : 0.087, total : 0.087 
 {acc} cls : 98.44
------------------------------
<Losses on train> cls : 0.094, total : 0.094
<Accuracies on train> cls : 98.44
Train epoch time: 92.484
------------------------------
<Accuracies on val> class : 82.30
------------------------------
<Accuracies on test> class : 58.58
------------------------------
<Accuracies on Art> test class : 54.84
------------------------------
<Accuracies on Clipart> test class : 46.28
------------------------------
<Accuracies on Product> test class : 72.72
------------------------------
Total epoch time: 189.550

New epoch - lr: 0.003
[1/61 iteration of epoch 32/50] 
 {loss} cls : 0.058, total : 0.058 
 {acc} cls : 100.00
[31/61 iteration of epoch 32/50] 
 {loss} cls : 0.078, total : 0.078 
 {acc} cls : 98.44
[61/61 iteration of epoch 32/50] 
 {loss} cls : 0.103, total : 0.103 
 {acc} cls : 98.44
------------------------------
<Losses on train> cls : 0.088, total : 0.088
<Accuracies on train> cls : 98.72
Train epoch time: 90.944
------------------------------
<Accuracies on val> class : 81.84
------------------------------
<Accuracies on test> class : 58.95
------------------------------
<Accuracies on Art> test class : 56.90
------------------------------
<Accuracies on Clipart> test class : 46.21
------------------------------
<Accuracies on Product> test class : 72.61
------------------------------
Total epoch time: 193.086

New epoch - lr: 0.003
[1/61 iteration of epoch 33/50] 
 {loss} cls : 0.071, total : 0.071 
 {acc} cls : 98.44
[31/61 iteration of epoch 33/50] 
 {loss} cls : 0.089, total : 0.089 
 {acc} cls : 96.88
[61/61 iteration of epoch 33/50] 
 {loss} cls : 0.150, total : 0.150 
 {acc} cls : 95.31
------------------------------
<Losses on train> cls : 0.074, total : 0.074
<Accuracies on train> cls : 99.03
Train epoch time: 87.953
------------------------------
<Accuracies on val> class : 82.53
------------------------------
<Accuracies on test> class : 58.49
------------------------------
<Accuracies on Art> test class : 55.01
------------------------------
<Accuracies on Clipart> test class : 46.14
------------------------------
<Accuracies on Product> test class : 72.54
------------------------------
Total epoch time: 188.431

New epoch - lr: 0.003
[1/61 iteration of epoch 34/50] 
 {loss} cls : 0.091, total : 0.091 
 {acc} cls : 96.88
[31/61 iteration of epoch 34/50] 
 {loss} cls : 0.139, total : 0.139 
 {acc} cls : 96.88
[61/61 iteration of epoch 34/50] 
 {loss} cls : 0.053, total : 0.053 
 {acc} cls : 100.00
------------------------------
<Losses on train> cls : 0.074, total : 0.074
<Accuracies on train> cls : 98.98
Train epoch time: 90.681
------------------------------
<Accuracies on val> class : 81.38
------------------------------
<Accuracies on test> class : 57.98
------------------------------
<Accuracies on Art> test class : 55.01
------------------------------
<Accuracies on Clipart> test class : 45.29
------------------------------
<Accuracies on Product> test class : 72.09
------------------------------
Total epoch time: 187.514

New epoch - lr: 0.003
[1/61 iteration of epoch 35/50] 
 {loss} cls : 0.059, total : 0.059 
 {acc} cls : 100.00
[31/61 iteration of epoch 35/50] 
 {loss} cls : 0.047, total : 0.047 
 {acc} cls : 100.00
[61/61 iteration of epoch 35/50] 
 {loss} cls : 0.044, total : 0.044 
 {acc} cls : 100.00
------------------------------
<Losses on train> cls : 0.075, total : 0.075
<Accuracies on train> cls : 98.95
Train epoch time: 90.512
------------------------------
<Accuracies on val> class : 81.84
------------------------------
<Accuracies on test> class : 58.67
------------------------------
<Accuracies on Art> test class : 55.01
------------------------------
<Accuracies on Clipart> test class : 46.12
------------------------------
<Accuracies on Product> test class : 73.01
------------------------------
Total epoch time: 190.674

New epoch - lr: 0.003
[1/61 iteration of epoch 36/50] 
 {loss} cls : 0.047, total : 0.047 
 {acc} cls : 98.44
[31/61 iteration of epoch 36/50] 
 {loss} cls : 0.095, total : 0.095 
 {acc} cls : 96.88
[61/61 iteration of epoch 36/50] 
 {loss} cls : 0.104, total : 0.104 
 {acc} cls : 98.44
------------------------------
<Losses on train> cls : 0.073, total : 0.073
<Accuracies on train> cls : 98.98
Train epoch time: 94.053
------------------------------
<Accuracies on val> class : 81.61
------------------------------
<Accuracies on test> class : 58.82
------------------------------
<Accuracies on Art> test class : 54.35
------------------------------
<Accuracies on Clipart> test class : 47.19
------------------------------
<Accuracies on Product> test class : 72.70
------------------------------
Total epoch time: 196.873

New epoch - lr: 0.003
[1/61 iteration of epoch 37/50] 
 {loss} cls : 0.066, total : 0.066 
 {acc} cls : 100.00
[31/61 iteration of epoch 37/50] 
 {loss} cls : 0.072, total : 0.072 
 {acc} cls : 98.44
[61/61 iteration of epoch 37/50] 
 {loss} cls : 0.062, total : 0.062 
 {acc} cls : 98.44
------------------------------
<Losses on train> cls : 0.066, total : 0.066
<Accuracies on train> cls : 99.00
Train epoch time: 89.600
------------------------------
<Accuracies on val> class : 82.30
------------------------------
<Accuracies on test> class : 58.83
------------------------------
<Accuracies on Art> test class : 55.46
------------------------------
<Accuracies on Clipart> test class : 46.16
------------------------------
<Accuracies on Product> test class : 73.12
------------------------------
Total epoch time: 186.031

New epoch - lr: 0.003
[1/61 iteration of epoch 38/50] 
 {loss} cls : 0.125, total : 0.125 
 {acc} cls : 95.31
[31/61 iteration of epoch 38/50] 
 {loss} cls : 0.135, total : 0.135 
 {acc} cls : 96.88
[61/61 iteration of epoch 38/50] 
 {loss} cls : 0.088, total : 0.088 
 {acc} cls : 98.44
------------------------------
<Losses on train> cls : 0.066, total : 0.066
<Accuracies on train> cls : 99.03
Train epoch time: 93.711
------------------------------
<Accuracies on val> class : 81.15
------------------------------
<Accuracies on test> class : 58.47
------------------------------
<Accuracies on Art> test class : 55.38
------------------------------
<Accuracies on Clipart> test class : 45.36
------------------------------
<Accuracies on Product> test class : 73.06
------------------------------
Total epoch time: 189.626

New epoch - lr: 0.003
[1/61 iteration of epoch 39/50] 
 {loss} cls : 0.062, total : 0.062 
 {acc} cls : 100.00
[31/61 iteration of epoch 39/50] 
 {loss} cls : 0.053, total : 0.053 
 {acc} cls : 100.00
[61/61 iteration of epoch 39/50] 
 {loss} cls : 0.036, total : 0.036 
 {acc} cls : 100.00
------------------------------
<Losses on train> cls : 0.057, total : 0.057
<Accuracies on train> cls : 99.28
Train epoch time: 91.878
------------------------------
<Accuracies on val> class : 80.92
------------------------------
<Accuracies on test> class : 59.25
------------------------------
<Accuracies on Art> test class : 56.37
------------------------------
<Accuracies on Clipart> test class : 46.90
------------------------------
<Accuracies on Product> test class : 72.97
------------------------------
Total epoch time: 188.251

New epoch - lr: 0.003
[1/61 iteration of epoch 40/50] 
 {loss} cls : 0.058, total : 0.058 
 {acc} cls : 100.00
[31/61 iteration of epoch 40/50] 
 {loss} cls : 0.038, total : 0.038 
 {acc} cls : 100.00
[61/61 iteration of epoch 40/50] 
 {loss} cls : 0.062, total : 0.062 
 {acc} cls : 98.44
------------------------------
<Losses on train> cls : 0.064, total : 0.064
<Accuracies on train> cls : 99.10
Train epoch time: 88.366
------------------------------
<Accuracies on val> class : 81.61
------------------------------
<Accuracies on test> class : 58.41
------------------------------
<Accuracies on Art> test class : 55.67
------------------------------
<Accuracies on Clipart> test class : 45.45
------------------------------
<Accuracies on Product> test class : 72.65
------------------------------
Total epoch time: 187.714

New epoch - lr: 0.003
[1/61 iteration of epoch 41/50] 
 {loss} cls : 0.043, total : 0.043 
 {acc} cls : 100.00
[31/61 iteration of epoch 41/50] 
 {loss} cls : 0.041, total : 0.041 
 {acc} cls : 98.44
[61/61 iteration of epoch 41/50] 
 {loss} cls : 0.088, total : 0.088 
 {acc} cls : 98.44
------------------------------
<Losses on train> cls : 0.054, total : 0.054
<Accuracies on train> cls : 99.21
Train epoch time: 88.276
------------------------------
<Accuracies on val> class : 81.38
------------------------------
<Accuracies on test> class : 59.48
------------------------------
<Accuracies on Art> test class : 55.87
------------------------------
<Accuracies on Clipart> test class : 47.56
------------------------------
<Accuracies on Product> test class : 73.17
------------------------------
Total epoch time: 183.850

New epoch - lr: 0.003
[1/61 iteration of epoch 42/50] 
 {loss} cls : 0.056, total : 0.056 
 {acc} cls : 98.44
[31/61 iteration of epoch 42/50] 
 {loss} cls : 0.070, total : 0.070 
 {acc} cls : 100.00
[61/61 iteration of epoch 42/50] 
 {loss} cls : 0.036, total : 0.036 
 {acc} cls : 100.00
------------------------------
<Losses on train> cls : 0.054, total : 0.054
<Accuracies on train> cls : 99.10
Train epoch time: 89.378
------------------------------
<Accuracies on val> class : 81.61
------------------------------
<Accuracies on test> class : 58.85
------------------------------
<Accuracies on Art> test class : 55.17
------------------------------
<Accuracies on Clipart> test class : 46.62
------------------------------
<Accuracies on Product> test class : 72.90
------------------------------
Total epoch time: 186.562

New epoch - lr: 0.003
[1/61 iteration of epoch 43/50] 
 {loss} cls : 0.054, total : 0.054 
 {acc} cls : 100.00
[31/61 iteration of epoch 43/50] 
 {loss} cls : 0.076, total : 0.076 
 {acc} cls : 98.44
[61/61 iteration of epoch 43/50] 
 {loss} cls : 0.038, total : 0.038 
 {acc} cls : 100.00
------------------------------
<Losses on train> cls : 0.051, total : 0.051
<Accuracies on train> cls : 99.36
Train epoch time: 90.269
------------------------------
<Accuracies on val> class : 81.38
------------------------------
<Accuracies on test> class : 58.83
------------------------------
<Accuracies on Art> test class : 55.62
------------------------------
<Accuracies on Clipart> test class : 46.62
------------------------------
<Accuracies on Product> test class : 72.58
------------------------------
Total epoch time: 191.803

New epoch - lr: 0.003
[1/61 iteration of epoch 44/50] 
 {loss} cls : 0.057, total : 0.057 
 {acc} cls : 98.44
[31/61 iteration of epoch 44/50] 
 {loss} cls : 0.044, total : 0.044 
 {acc} cls : 100.00
[61/61 iteration of epoch 44/50] 
 {loss} cls : 0.058, total : 0.058 
 {acc} cls : 98.44
------------------------------
<Losses on train> cls : 0.054, total : 0.054
<Accuracies on train> cls : 99.26
Train epoch time: 95.056
------------------------------
<Accuracies on val> class : 82.30
------------------------------
<Accuracies on test> class : 59.18
------------------------------
<Accuracies on Art> test class : 56.70
------------------------------
<Accuracies on Clipart> test class : 46.48
------------------------------
<Accuracies on Product> test class : 73.01
------------------------------
Total epoch time: 193.635

New epoch - lr: 0.0009000000000000002
[1/61 iteration of epoch 45/50] 
 {loss} cls : 0.038, total : 0.038 
 {acc} cls : 100.00
[31/61 iteration of epoch 45/50] 
 {loss} cls : 0.039, total : 0.039 
 {acc} cls : 100.00
[61/61 iteration of epoch 45/50] 
 {loss} cls : 0.069, total : 0.069 
 {acc} cls : 100.00
------------------------------
<Losses on train> cls : 0.048, total : 0.048
<Accuracies on train> cls : 99.49
Train epoch time: 92.709
------------------------------
<Accuracies on val> class : 81.61
------------------------------
<Accuracies on test> class : 58.85
------------------------------
<Accuracies on Art> test class : 56.16
------------------------------
<Accuracies on Clipart> test class : 45.89
------------------------------
<Accuracies on Product> test class : 73.06
------------------------------
Total epoch time: 187.971

New epoch - lr: 0.0009000000000000002
[1/61 iteration of epoch 46/50] 
 {loss} cls : 0.043, total : 0.043 
 {acc} cls : 100.00
[31/61 iteration of epoch 46/50] 
 {loss} cls : 0.061, total : 0.061 
 {acc} cls : 98.44
[61/61 iteration of epoch 46/50] 
 {loss} cls : 0.028, total : 0.028 
 {acc} cls : 100.00
------------------------------
<Losses on train> cls : 0.047, total : 0.047
<Accuracies on train> cls : 99.36
Train epoch time: 93.934
------------------------------
<Accuracies on val> class : 82.99
------------------------------
<Accuracies on test> class : 59.12
------------------------------
<Accuracies on Art> test class : 56.04
------------------------------
<Accuracies on Clipart> test class : 46.60
------------------------------
<Accuracies on Product> test class : 73.12
------------------------------
Total epoch time: 195.295

New epoch - lr: 0.0009000000000000002
[1/61 iteration of epoch 47/50] 
 {loss} cls : 0.042, total : 0.042 
 {acc} cls : 100.00
[31/61 iteration of epoch 47/50] 
 {loss} cls : 0.036, total : 0.036 
 {acc} cls : 100.00
[61/61 iteration of epoch 47/50] 
 {loss} cls : 0.044, total : 0.044 
 {acc} cls : 100.00
------------------------------
<Losses on train> cls : 0.046, total : 0.046
<Accuracies on train> cls : 99.33
Train epoch time: 92.917
------------------------------
<Accuracies on val> class : 82.07
------------------------------
<Accuracies on test> class : 59.11
------------------------------
<Accuracies on Art> test class : 55.75
------------------------------
<Accuracies on Clipart> test class : 46.46
------------------------------
<Accuracies on Product> test class : 73.39
------------------------------
Total epoch time: 198.281

New epoch - lr: 0.0009000000000000002
[1/61 iteration of epoch 48/50] 
 {loss} cls : 0.048, total : 0.048 
 {acc} cls : 100.00
[31/61 iteration of epoch 48/50] 
 {loss} cls : 0.026, total : 0.026 
 {acc} cls : 100.00
[61/61 iteration of epoch 48/50] 
 {loss} cls : 0.077, total : 0.077 
 {acc} cls : 98.44
------------------------------
<Losses on train> cls : 0.044, total : 0.044
<Accuracies on train> cls : 99.23
Train epoch time: 98.142
------------------------------
<Accuracies on val> class : 82.30
------------------------------
<Accuracies on test> class : 59.25
------------------------------
<Accuracies on Art> test class : 56.32
------------------------------
<Accuracies on Clipart> test class : 46.74
------------------------------
<Accuracies on Product> test class : 73.15
------------------------------
Total epoch time: 203.489

New epoch - lr: 0.0009000000000000002
[1/61 iteration of epoch 49/50] 
 {loss} cls : 0.047, total : 0.047 
 {acc} cls : 98.44
[31/61 iteration of epoch 49/50] 
 {loss} cls : 0.042, total : 0.042 
 {acc} cls : 100.00
[61/61 iteration of epoch 49/50] 
 {loss} cls : 0.046, total : 0.046 
 {acc} cls : 100.00
------------------------------
<Losses on train> cls : 0.044, total : 0.044
<Accuracies on train> cls : 99.36
Train epoch time: 91.178
------------------------------
<Accuracies on val> class : 82.53
------------------------------
<Accuracies on test> class : 59.29
------------------------------
<Accuracies on Art> test class : 56.12
------------------------------
<Accuracies on Clipart> test class : 46.94
------------------------------
<Accuracies on Product> test class : 73.17
------------------------------
Total epoch time: 194.679

New epoch - lr: 0.0009000000000000002
[1/61 iteration of epoch 50/50] 
 {loss} cls : 0.025, total : 0.025 
 {acc} cls : 100.00
[31/61 iteration of epoch 50/50] 
 {loss} cls : 0.025, total : 0.025 
 {acc} cls : 100.00
[61/61 iteration of epoch 50/50] 
 {loss} cls : 0.026, total : 0.026 
 {acc} cls : 100.00
------------------------------
<Losses on train> cls : 0.043, total : 0.043
<Accuracies on train> cls : 99.36
Train epoch time: 98.414
------------------------------
<Accuracies on val> class : 81.15
------------------------------
<Accuracies on test> class : 58.87
------------------------------
<Accuracies on Art> test class : 56.32
------------------------------
<Accuracies on Clipart> test class : 45.91
------------------------------
<Accuracies on Product> test class : 73.01
------------------------------
Total epoch time: 200.720

******************************
Best val 0.829885, corresponding test 0.591221 - best test: 0.594782

******************************
Best val 0.8298850655555725, corresponding Art test 0.5603625774383545

******************************
Best val 0.8298850655555725, corresponding Clipart test 0.46597936749458313

******************************
Best val 0.8298850655555725, corresponding Product test 0.731245756149292
