Exclude2 CIRL
WARNING:tensorflow:From /homes/55/jianhaoy/projects/EKI/utils/tf_logger.py:16: The name tf.summary.FileWriter is deprecated. Please use tf.compat.v1.summary.FileWriter instead.

WARNING:tensorflow:From /homes/55/jianhaoy/projects/EKI/utils/tf_logger.py:20: The name tf.Summary is deprecated. Please use tf.compat.v1.Summary instead.


Loading experiment PACS/ResNet18_multi

Train: ['/datasets/jianhaoy/PACSC/multi_label_handcrafted2/cartoon-sketch/photo_train.txt', '/datasets/jianhaoy/PACSC/multi_label_handcrafted2/cartoon-sketch/cartoon_train.txt', '/datasets/jianhaoy/PACSC/multi_label_handcrafted2/cartoon-sketch/art_painting_train.txt']

New epoch - lr: 0.001
[1/104 iteration of epoch 1/50] 
 {loss} sup : 2.145, inf : 2.070, fac : 0.148, total : 2.112 
 {acc} sup : 17.19, inf : 17.97
[31/104 iteration of epoch 1/50] 
 {loss} sup : 0.580, inf : 0.547, fac : 0.133, total : 0.568 
 {acc} sup : 83.20, inf : 86.33
[61/104 iteration of epoch 1/50] 
 {loss} sup : 0.420, inf : 0.432, fac : 0.126, total : 0.430 
 {acc} sup : 84.38, inf : 83.20
[91/104 iteration of epoch 1/50] 
 {loss} sup : 0.384, inf : 0.381, fac : 0.087, total : 0.385 
 {acc} sup : 88.28, inf : 88.67
------------------------------
<Losses on train> sup : 0.631, inf : 0.631, fac : 0.120, total : 0.635
<Accuracies on train> sup : 79.97, inf : 80.13
Train epoch time: 251.228
------------------------------
Total epoch time: 251.331

New epoch - lr: 0.001
[1/104 iteration of epoch 2/50] 
 {loss} sup : 0.299, inf : 0.281, fac : 0.096, total : 0.309 
 {acc} sup : 89.84, inf : 89.45
[31/104 iteration of epoch 2/50] 
 {loss} sup : 0.219, inf : 0.217, fac : 0.084, total : 0.235 
 {acc} sup : 93.36, inf : 94.14
[61/104 iteration of epoch 2/50] 
 {loss} sup : 0.347, inf : 0.349, fac : 0.069, total : 0.362 
 {acc} sup : 87.89, inf : 89.06
[91/104 iteration of epoch 2/50] 
 {loss} sup : 0.216, inf : 0.205, fac : 0.057, total : 0.222 
 {acc} sup : 93.75, inf : 94.53
------------------------------
<Losses on train> sup : 0.230, inf : 0.231, fac : 0.077, total : 0.246
<Accuracies on train> sup : 92.72, inf : 92.76
Train epoch time: 246.856
------------------------------
Total epoch time: 246.927

New epoch - lr: 0.001
[1/104 iteration of epoch 3/50] 
 {loss} sup : 0.132, inf : 0.138, fac : 0.068, total : 0.191 
 {acc} sup : 94.92, inf : 94.92
[31/104 iteration of epoch 3/50] 
 {loss} sup : 0.237, inf : 0.237, fac : 0.062, total : 0.288 
 {acc} sup : 92.58, inf : 92.97
[61/104 iteration of epoch 3/50] 
 {loss} sup : 0.207, inf : 0.206, fac : 0.053, total : 0.250 
 {acc} sup : 92.97, inf : 92.58
[91/104 iteration of epoch 3/50] 
 {loss} sup : 0.201, inf : 0.200, fac : 0.071, total : 0.260 
 {acc} sup : 91.41, inf : 91.80
------------------------------
<Losses on train> sup : 0.173, inf : 0.173, fac : 0.056, total : 0.219
<Accuracies on train> sup : 94.40, inf : 94.40
Train epoch time: 247.422
------------------------------
Total epoch time: 247.491

New epoch - lr: 0.001
[1/104 iteration of epoch 4/50] 
 {loss} sup : 0.145, inf : 0.152, fac : 0.052, total : 0.265 
 {acc} sup : 95.31, inf : 94.14
[31/104 iteration of epoch 4/50] 
 {loss} sup : 0.121, inf : 0.119, fac : 0.042, total : 0.214 
 {acc} sup : 97.27, inf : 97.27
[61/104 iteration of epoch 4/50] 
 {loss} sup : 0.197, inf : 0.196, fac : 0.040, total : 0.285 
 {acc} sup : 92.97, inf : 92.97
[91/104 iteration of epoch 4/50] 
 {loss} sup : 0.144, inf : 0.139, fac : 0.040, total : 0.233 
 {acc} sup : 94.92, inf : 95.31
------------------------------
<Losses on train> sup : 0.138, inf : 0.138, fac : 0.037, total : 0.220
<Accuracies on train> sup : 95.62, inf : 95.56
Train epoch time: 250.032
------------------------------
Total epoch time: 250.106

New epoch - lr: 0.001
[1/104 iteration of epoch 5/50] 
 {loss} sup : 0.161, inf : 0.152, fac : 0.039, total : 0.316 
 {acc} sup : 92.97, inf : 92.97
[31/104 iteration of epoch 5/50] 
 {loss} sup : 0.137, inf : 0.132, fac : 0.031, total : 0.261 
 {acc} sup : 94.14, inf : 94.92
[61/104 iteration of epoch 5/50] 
 {loss} sup : 0.054, inf : 0.054, fac : 0.023, total : 0.148 
 {acc} sup : 98.05, inf : 98.44
[91/104 iteration of epoch 5/50] 
 {loss} sup : 0.182, inf : 0.186, fac : 0.016, total : 0.248 
 {acc} sup : 94.14, inf : 93.36
------------------------------
<Losses on train> sup : 0.123, inf : 0.123, fac : 0.022, total : 0.214
<Accuracies on train> sup : 95.86, inf : 95.88
Train epoch time: 247.589
------------------------------
Total epoch time: 247.663

New epoch - lr: 0.001
[1/104 iteration of epoch 6/50] 
 {loss} sup : 0.130, inf : 0.128, fac : 0.017, total : 0.211 
 {acc} sup : 95.70, inf : 95.31
[31/104 iteration of epoch 6/50] 
 {loss} sup : 0.153, inf : 0.155, fac : 0.016, total : 0.235 
 {acc} sup : 95.31, inf : 94.92
[61/104 iteration of epoch 6/50] 
 {loss} sup : 0.117, inf : 0.118, fac : 0.013, total : 0.184 
 {acc} sup : 96.09, inf : 95.70
[91/104 iteration of epoch 6/50] 
 {loss} sup : 0.076, inf : 0.079, fac : 0.014, total : 0.145 
 {acc} sup : 97.66, inf : 97.66
------------------------------
<Losses on train> sup : 0.108, inf : 0.108, fac : 0.015, total : 0.181
<Accuracies on train> sup : 96.58, inf : 96.56
Train epoch time: 247.926
------------------------------
Total epoch time: 248.001

New epoch - lr: 0.001
[1/104 iteration of epoch 7/50] 
 {loss} sup : 0.322, inf : 0.124, fac : 0.013, total : 0.287 
 {acc} sup : 95.31, inf : 97.66
[31/104 iteration of epoch 7/50] 
 {loss} sup : 0.238, inf : 0.135, fac : 0.013, total : 0.252 
 {acc} sup : 96.48, inf : 97.27
[61/104 iteration of epoch 7/50] 
 {loss} sup : 0.219, inf : 0.117, fac : 0.012, total : 0.227 
 {acc} sup : 95.31, inf : 97.27
[91/104 iteration of epoch 7/50] 
 {loss} sup : 0.168, inf : 0.112, fac : 0.009, total : 0.186 
 {acc} sup : 98.05, inf : 96.88
------------------------------
<Losses on train> sup : 0.246, inf : 0.134, fac : 0.011, total : 0.244
<Accuracies on train> sup : 95.33, inf : 96.29
Train epoch time: 248.706
------------------------------
Total epoch time: 248.774

New epoch - lr: 0.001
[1/104 iteration of epoch 8/50] 
 {loss} sup : 0.233, inf : 0.148, fac : 0.014, total : 0.262 
 {acc} sup : 94.92, inf : 96.09
[31/104 iteration of epoch 8/50] 
 {loss} sup : 0.146, inf : 0.088, fac : 0.007, total : 0.152 
 {acc} sup : 96.48, inf : 97.66
[61/104 iteration of epoch 8/50] 
 {loss} sup : 0.158, inf : 0.129, fac : 0.009, total : 0.186 
 {acc} sup : 96.88, inf : 96.88
[91/104 iteration of epoch 8/50] 
 {loss} sup : 0.149, inf : 0.082, fac : 0.009, total : 0.159 
 {acc} sup : 97.66, inf : 98.05
------------------------------
<Losses on train> sup : 0.178, inf : 0.116, fac : 0.008, total : 0.189
<Accuracies on train> sup : 95.75, inf : 96.52
Train epoch time: 246.571
------------------------------
Total epoch time: 246.640

New epoch - lr: 0.001
[1/104 iteration of epoch 9/50] 
 {loss} sup : 0.127, inf : 0.074, fac : 0.007, total : 0.136 
 {acc} sup : 96.88, inf : 96.88
[31/104 iteration of epoch 9/50] 
 {loss} sup : 0.128, inf : 0.085, fac : 0.007, total : 0.143 
 {acc} sup : 96.88, inf : 96.88
[61/104 iteration of epoch 9/50] 
 {loss} sup : 0.160, inf : 0.123, fac : 0.009, total : 0.184 
 {acc} sup : 95.31, inf : 97.27
[91/104 iteration of epoch 9/50] 
 {loss} sup : 0.177, inf : 0.132, fac : 0.006, total : 0.186 
 {acc} sup : 94.53, inf : 95.31
------------------------------
<Losses on train> sup : 0.147, inf : 0.101, fac : 0.007, total : 0.161
<Accuracies on train> sup : 96.30, inf : 96.91
Train epoch time: 247.506
------------------------------
Total epoch time: 247.581

New epoch - lr: 0.001
[1/104 iteration of epoch 10/50] 
 {loss} sup : 0.124, inf : 0.074, fac : 0.008, total : 0.138 
 {acc} sup : 96.09, inf : 97.27
[31/104 iteration of epoch 10/50] 
 {loss} sup : 0.131, inf : 0.090, fac : 0.007, total : 0.143 
 {acc} sup : 96.09, inf : 97.27
[61/104 iteration of epoch 10/50] 
 {loss} sup : 0.078, inf : 0.049, fac : 0.004, total : 0.086 
 {acc} sup : 99.22, inf : 98.83
[91/104 iteration of epoch 10/50] 
 {loss} sup : 0.172, inf : 0.120, fac : 0.007, total : 0.183 
 {acc} sup : 94.53, inf : 94.53
------------------------------
<Losses on train> sup : 0.124, inf : 0.087, fac : 0.007, total : 0.138
<Accuracies on train> sup : 96.60, inf : 97.19
Train epoch time: 247.078
------------------------------
Total epoch time: 247.148

New epoch - lr: 0.001
[1/104 iteration of epoch 11/50] 
 {loss} sup : 0.181, inf : 0.142, fac : 0.007, total : 0.195 
 {acc} sup : 95.70, inf : 95.70
[31/104 iteration of epoch 11/50] 
 {loss} sup : 0.123, inf : 0.053, fac : 0.007, total : 0.125 
 {acc} sup : 97.66, inf : 98.83
[61/104 iteration of epoch 11/50] 
 {loss} sup : 0.123, inf : 0.065, fac : 0.004, total : 0.116 
 {acc} sup : 95.70, inf : 98.44
[91/104 iteration of epoch 11/50] 
 {loss} sup : 0.167, inf : 0.150, fac : 0.006, total : 0.190 
 {acc} sup : 95.70, inf : 96.09
------------------------------
<Losses on train> sup : 0.118, inf : 0.084, fac : 0.006, total : 0.130
<Accuracies on train> sup : 96.68, inf : 97.36
Train epoch time: 246.930
------------------------------
Total epoch time: 247.013

New epoch - lr: 0.001
[1/104 iteration of epoch 12/50] 
 {loss} sup : 0.160, inf : 0.110, fac : 0.006, total : 0.166 
 {acc} sup : 96.09, inf : 96.48
[31/104 iteration of epoch 12/50] 
 {loss} sup : 0.085, inf : 0.063, fac : 0.005, total : 0.100 
 {acc} sup : 98.44, inf : 97.27
[61/104 iteration of epoch 12/50] 
 {loss} sup : 0.144, inf : 0.135, fac : 0.008, total : 0.181 
 {acc} sup : 95.31, inf : 95.70
[91/104 iteration of epoch 12/50] 
 {loss} sup : 0.127, inf : 0.117, fac : 0.005, total : 0.147 
 {acc} sup : 98.05, inf : 97.27
------------------------------
<Losses on train> sup : 0.108, inf : 0.080, fac : 0.005, total : 0.121
<Accuracies on train> sup : 97.07, inf : 97.51
Train epoch time: 246.730
------------------------------
Total epoch time: 246.802

New epoch - lr: 0.001
[1/104 iteration of epoch 13/50] 
 {loss} sup : 0.167, inf : 0.135, fac : 0.005, total : 0.174 
 {acc} sup : 95.31, inf : 96.48
[31/104 iteration of epoch 13/50] 
 {loss} sup : 0.089, inf : 0.065, fac : 0.004, total : 0.098 
 {acc} sup : 98.44, inf : 98.05
[61/104 iteration of epoch 13/50] 
 {loss} sup : 0.104, inf : 0.064, fac : 0.004, total : 0.105 
 {acc} sup : 96.48, inf : 98.44
[91/104 iteration of epoch 13/50] 
 {loss} sup : 0.056, inf : 0.040, fac : 0.004, total : 0.068 
 {acc} sup : 99.61, inf : 98.83
------------------------------
<Losses on train> sup : 0.099, inf : 0.072, fac : 0.005, total : 0.110
<Accuracies on train> sup : 97.21, inf : 97.71
Train epoch time: 246.831
------------------------------
Total epoch time: 246.905

New epoch - lr: 0.001
[1/104 iteration of epoch 14/50] 
 {loss} sup : 0.102, inf : 0.082, fac : 0.003, total : 0.108 
 {acc} sup : 96.88, inf : 96.88
[31/104 iteration of epoch 14/50] 
 {loss} sup : 0.117, inf : 0.079, fac : 0.006, total : 0.125 
 {acc} sup : 96.88, inf : 97.27
[61/104 iteration of epoch 14/50] 
 {loss} sup : 0.109, inf : 0.090, fac : 0.006, total : 0.131 
 {acc} sup : 97.66, inf : 98.05
[91/104 iteration of epoch 14/50] 
 {loss} sup : 0.076, inf : 0.048, fac : 0.006, total : 0.093 
 {acc} sup : 97.27, inf : 98.44
------------------------------
<Losses on train> sup : 0.096, inf : 0.069, fac : 0.005, total : 0.107
<Accuracies on train> sup : 97.23, inf : 97.79
Train epoch time: 247.642
------------------------------
Total epoch time: 247.706

New epoch - lr: 0.001
[1/104 iteration of epoch 15/50] 
 {loss} sup : 0.056, inf : 0.037, fac : 0.003, total : 0.064 
 {acc} sup : 99.61, inf : 99.22
[31/104 iteration of epoch 15/50] 
 {loss} sup : 0.082, inf : 0.052, fac : 0.004, total : 0.087 
 {acc} sup : 96.48, inf : 98.05
[61/104 iteration of epoch 15/50] 
 {loss} sup : 0.098, inf : 0.067, fac : 0.005, total : 0.106 
 {acc} sup : 97.27, inf : 97.27
[91/104 iteration of epoch 15/50] 
 {loss} sup : 0.076, inf : 0.058, fac : 0.006, total : 0.096 
 {acc} sup : 98.05, inf : 97.66
------------------------------
<Losses on train> sup : 0.083, inf : 0.060, fac : 0.004, total : 0.094
<Accuracies on train> sup : 97.79, inf : 98.16
Train epoch time: 248.340
------------------------------
Total epoch time: 248.449

New epoch - lr: 0.001
[1/104 iteration of epoch 16/50] 
 {loss} sup : 0.090, inf : 0.073, fac : 0.003, total : 0.098 
 {acc} sup : 96.48, inf : 97.27
[31/104 iteration of epoch 16/50] 
 {loss} sup : 0.060, inf : 0.041, fac : 0.004, total : 0.068 
 {acc} sup : 98.44, inf : 98.83
[61/104 iteration of epoch 16/50] 
 {loss} sup : 0.139, inf : 0.134, fac : 0.005, total : 0.160 
 {acc} sup : 94.14, inf : 94.53
[91/104 iteration of epoch 16/50] 
 {loss} sup : 0.092, inf : 0.054, fac : 0.005, total : 0.099 
 {acc} sup : 96.88, inf : 98.44
------------------------------
<Losses on train> sup : 0.081, inf : 0.057, fac : 0.004, total : 0.089
<Accuracies on train> sup : 97.64, inf : 98.22
Train epoch time: 249.363
------------------------------
Total epoch time: 249.459

New epoch - lr: 0.001
[1/104 iteration of epoch 17/50] 
 {loss} sup : 0.054, inf : 0.035, fac : 0.005, total : 0.072 
 {acc} sup : 98.83, inf : 99.61
[31/104 iteration of epoch 17/50] 
 {loss} sup : 0.086, inf : 0.045, fac : 0.004, total : 0.086 
 {acc} sup : 97.27, inf : 99.22
[61/104 iteration of epoch 17/50] 
 {loss} sup : 0.069, inf : 0.049, fac : 0.004, total : 0.078 
 {acc} sup : 98.83, inf : 98.83
[91/104 iteration of epoch 17/50] 
 {loss} sup : 0.036, inf : 0.023, fac : 0.004, total : 0.048 
 {acc} sup : 98.83, inf : 99.61
------------------------------
<Losses on train> sup : 0.074, inf : 0.052, fac : 0.004, total : 0.082
<Accuracies on train> sup : 97.95, inf : 98.41
Train epoch time: 246.811
------------------------------
Total epoch time: 246.882

New epoch - lr: 0.001
[1/104 iteration of epoch 18/50] 
 {loss} sup : 0.108, inf : 0.086, fac : 0.004, total : 0.115 
 {acc} sup : 96.09, inf : 97.27
[31/104 iteration of epoch 18/50] 
 {loss} sup : 0.039, inf : 0.036, fac : 0.003, total : 0.051 
 {acc} sup : 99.22, inf : 98.83
[61/104 iteration of epoch 18/50] 
 {loss} sup : 0.069, inf : 0.029, fac : 0.004, total : 0.068 
 {acc} sup : 96.48, inf : 98.83
[91/104 iteration of epoch 18/50] 
 {loss} sup : 0.061, inf : 0.030, fac : 0.002, total : 0.058 
 {acc} sup : 97.27, inf : 98.83
------------------------------
<Losses on train> sup : 0.073, inf : 0.051, fac : 0.004, total : 0.082
<Accuracies on train> sup : 97.89, inf : 98.35
Train epoch time: 248.001
------------------------------
Total epoch time: 248.073

New epoch - lr: 0.001
[1/104 iteration of epoch 19/50] 
 {loss} sup : 0.034, inf : 0.014, fac : 0.003, total : 0.037 
 {acc} sup : 99.22, inf : 100.00
[31/104 iteration of epoch 19/50] 
 {loss} sup : 0.075, inf : 0.063, fac : 0.003, total : 0.084 
 {acc} sup : 98.44, inf : 97.27
[61/104 iteration of epoch 19/50] 
 {loss} sup : 0.065, inf : 0.045, fac : 0.004, total : 0.074 
 {acc} sup : 98.05, inf : 98.83
[91/104 iteration of epoch 19/50] 
 {loss} sup : 0.045, inf : 0.045, fac : 0.003, total : 0.061 
 {acc} sup : 98.83, inf : 98.83
------------------------------
<Losses on train> sup : 0.064, inf : 0.045, fac : 0.004, total : 0.074
<Accuracies on train> sup : 98.34, inf : 98.67
Train epoch time: 248.241
------------------------------
Total epoch time: 248.315

New epoch - lr: 0.001
[1/104 iteration of epoch 20/50] 
 {loss} sup : 0.079, inf : 0.054, fac : 0.004, total : 0.088 
 {acc} sup : 96.88, inf : 98.83
[31/104 iteration of epoch 20/50] 
 {loss} sup : 0.068, inf : 0.025, fac : 0.003, total : 0.063 
 {acc} sup : 96.88, inf : 99.61
[61/104 iteration of epoch 20/50] 
 {loss} sup : 0.056, inf : 0.040, fac : 0.003, total : 0.064 
 {acc} sup : 98.44, inf : 98.44
[91/104 iteration of epoch 20/50] 
 {loss} sup : 0.081, inf : 0.066, fac : 0.004, total : 0.092 
 {acc} sup : 96.88, inf : 97.66
------------------------------
<Losses on train> sup : 0.062, inf : 0.047, fac : 0.004, total : 0.072
<Accuracies on train> sup : 98.19, inf : 98.57
Train epoch time: 247.572
------------------------------
Total epoch time: 247.648

New epoch - lr: 0.001
[1/104 iteration of epoch 21/50] 
 {loss} sup : 0.045, inf : 0.030, fac : 0.003, total : 0.054 
 {acc} sup : 98.44, inf : 99.22
[31/104 iteration of epoch 21/50] 
 {loss} sup : 0.045, inf : 0.020, fac : 0.002, total : 0.042 
 {acc} sup : 98.83, inf : 100.00
[61/104 iteration of epoch 21/50] 
 {loss} sup : 0.083, inf : 0.062, fac : 0.003, total : 0.089 
 {acc} sup : 96.88, inf : 97.66
[91/104 iteration of epoch 21/50] 
 {loss} sup : 0.063, inf : 0.039, fac : 0.005, total : 0.075 
 {acc} sup : 98.83, inf : 99.22
------------------------------
<Losses on train> sup : 0.059, inf : 0.043, fac : 0.003, total : 0.068
<Accuracies on train> sup : 98.35, inf : 98.71
Train epoch time: 247.255
------------------------------
Total epoch time: 247.325

New epoch - lr: 0.001
[1/104 iteration of epoch 22/50] 
 {loss} sup : 0.026, inf : 0.030, fac : 0.003, total : 0.043 
 {acc} sup : 100.00, inf : 99.22
[31/104 iteration of epoch 22/50] 
 {loss} sup : 0.037, inf : 0.037, fac : 0.004, total : 0.057 
 {acc} sup : 99.22, inf : 98.44
[61/104 iteration of epoch 22/50] 
 {loss} sup : 0.055, inf : 0.049, fac : 0.004, total : 0.070 
 {acc} sup : 98.83, inf : 98.05
[91/104 iteration of epoch 22/50] 
 {loss} sup : 0.047, inf : 0.037, fac : 0.003, total : 0.057 
 {acc} sup : 98.44, inf : 98.83
------------------------------
<Losses on train> sup : 0.056, inf : 0.040, fac : 0.003, total : 0.065
<Accuracies on train> sup : 98.46, inf : 98.82
Train epoch time: 247.919
------------------------------
Total epoch time: 247.989

New epoch - lr: 0.001
[1/104 iteration of epoch 23/50] 
 {loss} sup : 0.041, inf : 0.029, fac : 0.003, total : 0.048 
 {acc} sup : 98.05, inf : 98.83
[31/104 iteration of epoch 23/50] 
 {loss} sup : 0.035, inf : 0.017, fac : 0.004, total : 0.045 
 {acc} sup : 99.22, inf : 100.00
[61/104 iteration of epoch 23/50] 
 {loss} sup : 0.041, inf : 0.043, fac : 0.004, total : 0.063 
 {acc} sup : 98.83, inf : 98.83
[91/104 iteration of epoch 23/50] 
 {loss} sup : 0.051, inf : 0.045, fac : 0.004, total : 0.067 
 {acc} sup : 98.05, inf : 97.27
------------------------------
<Losses on train> sup : 0.051, inf : 0.037, fac : 0.003, total : 0.060
<Accuracies on train> sup : 98.55, inf : 98.84
Train epoch time: 246.782
------------------------------
Total epoch time: 246.852

New epoch - lr: 0.001
[1/104 iteration of epoch 24/50] 
 {loss} sup : 0.018, inf : 0.010, fac : 0.002, total : 0.024 
 {acc} sup : 100.00, inf : 100.00
[31/104 iteration of epoch 24/50] 
 {loss} sup : 0.051, inf : 0.040, fac : 0.003, total : 0.062 
 {acc} sup : 98.44, inf : 98.83
[61/104 iteration of epoch 24/50] 
 {loss} sup : 0.033, inf : 0.028, fac : 0.003, total : 0.044 
 {acc} sup : 99.61, inf : 99.22
[91/104 iteration of epoch 24/50] 
 {loss} sup : 0.042, inf : 0.018, fac : 0.002, total : 0.042 
 {acc} sup : 98.44, inf : 99.22
------------------------------
<Losses on train> sup : 0.050, inf : 0.035, fac : 0.003, total : 0.058
<Accuracies on train> sup : 98.66, inf : 99.02
Train epoch time: 247.800
------------------------------
Total epoch time: 247.874

New epoch - lr: 0.001
[1/104 iteration of epoch 25/50] 
 {loss} sup : 0.035, inf : 0.017, fac : 0.003, total : 0.042 
 {acc} sup : 99.22, inf : 100.00
[31/104 iteration of epoch 25/50] 
 {loss} sup : 0.028, inf : 0.020, fac : 0.003, total : 0.039 
 {acc} sup : 99.22, inf : 99.22
[61/104 iteration of epoch 25/50] 
 {loss} sup : 0.049, inf : 0.028, fac : 0.003, total : 0.056 
 {acc} sup : 98.05, inf : 98.83
[91/104 iteration of epoch 25/50] 
 {loss} sup : 0.044, inf : 0.019, fac : 0.002, total : 0.042 
 {acc} sup : 98.83, inf : 100.00
------------------------------
<Losses on train> sup : 0.050, inf : 0.036, fac : 0.003, total : 0.059
<Accuracies on train> sup : 98.61, inf : 98.91
Train epoch time: 248.399
------------------------------
Total epoch time: 248.467

New epoch - lr: 0.001
[1/104 iteration of epoch 26/50] 
 {loss} sup : 0.051, inf : 0.045, fac : 0.003, total : 0.066 
 {acc} sup : 98.83, inf : 98.83
[31/104 iteration of epoch 26/50] 
 {loss} sup : 0.037, inf : 0.015, fac : 0.003, total : 0.040 
 {acc} sup : 98.83, inf : 100.00
[61/104 iteration of epoch 26/50] 
 {loss} sup : 0.046, inf : 0.034, fac : 0.002, total : 0.052 
 {acc} sup : 99.22, inf : 98.44
[91/104 iteration of epoch 26/50] 
 {loss} sup : 0.039, inf : 0.021, fac : 0.002, total : 0.040 
 {acc} sup : 98.83, inf : 100.00
------------------------------
<Losses on train> sup : 0.049, inf : 0.035, fac : 0.003, total : 0.057
<Accuracies on train> sup : 98.62, inf : 98.91
Train epoch time: 247.644
------------------------------
Total epoch time: 247.717

New epoch - lr: 0.001
[1/104 iteration of epoch 27/50] 
 {loss} sup : 0.035, inf : 0.018, fac : 0.002, total : 0.039 
 {acc} sup : 99.22, inf : 99.61
[31/104 iteration of epoch 27/50] 
 {loss} sup : 0.051, inf : 0.044, fac : 0.003, total : 0.062 
 {acc} sup : 98.83, inf : 98.44
[61/104 iteration of epoch 27/50] 
 {loss} sup : 0.032, inf : 0.024, fac : 0.003, total : 0.042 
 {acc} sup : 99.22, inf : 99.61
[91/104 iteration of epoch 27/50] 
 {loss} sup : 0.026, inf : 0.022, fac : 0.003, total : 0.041 
 {acc} sup : 100.00, inf : 99.22
------------------------------
<Losses on train> sup : 0.045, inf : 0.034, fac : 0.003, total : 0.054
<Accuracies on train> sup : 98.85, inf : 98.99
Train epoch time: 247.679
------------------------------
Total epoch time: 247.785

New epoch - lr: 0.001
[1/104 iteration of epoch 28/50] 
 {loss} sup : 0.046, inf : 0.036, fac : 0.002, total : 0.050 
 {acc} sup : 99.22, inf : 99.22
[31/104 iteration of epoch 28/50] 
 {loss} sup : 0.036, inf : 0.029, fac : 0.002, total : 0.044 
 {acc} sup : 99.61, inf : 99.22
[61/104 iteration of epoch 28/50] 
 {loss} sup : 0.036, inf : 0.032, fac : 0.003, total : 0.050 
 {acc} sup : 99.61, inf : 98.83
[91/104 iteration of epoch 28/50] 
 {loss} sup : 0.028, inf : 0.017, fac : 0.003, total : 0.038 
 {acc} sup : 99.61, inf : 100.00
------------------------------
<Losses on train> sup : 0.043, inf : 0.030, fac : 0.003, total : 0.051
<Accuracies on train> sup : 98.82, inf : 99.05
Train epoch time: 254.453
------------------------------
Total epoch time: 254.524

New epoch - lr: 0.001
[1/104 iteration of epoch 29/50] 
 {loss} sup : 0.028, inf : 0.031, fac : 0.003, total : 0.045 
 {acc} sup : 99.61, inf : 99.22
[31/104 iteration of epoch 29/50] 
 {loss} sup : 0.041, inf : 0.017, fac : 0.002, total : 0.041 
 {acc} sup : 99.22, inf : 99.22
[61/104 iteration of epoch 29/50] 
 {loss} sup : 0.044, inf : 0.036, fac : 0.003, total : 0.054 
 {acc} sup : 98.44, inf : 98.44
[91/104 iteration of epoch 29/50] 
 {loss} sup : 0.037, inf : 0.041, fac : 0.003, total : 0.052 
 {acc} sup : 98.83, inf : 98.44
------------------------------
<Losses on train> sup : 0.043, inf : 0.031, fac : 0.003, total : 0.052
<Accuracies on train> sup : 98.90, inf : 99.02
Train epoch time: 246.864
------------------------------
Total epoch time: 246.928

New epoch - lr: 0.001
[1/104 iteration of epoch 30/50] 
 {loss} sup : 0.056, inf : 0.042, fac : 0.002, total : 0.059 
 {acc} sup : 98.05, inf : 98.44
[31/104 iteration of epoch 30/50] 
 {loss} sup : 0.053, inf : 0.023, fac : 0.003, total : 0.051 
 {acc} sup : 98.44, inf : 99.22
[61/104 iteration of epoch 30/50] 
 {loss} sup : 0.043, inf : 0.034, fac : 0.003, total : 0.053 
 {acc} sup : 99.22, inf : 99.61
[91/104 iteration of epoch 30/50] 
 {loss} sup : 0.043, inf : 0.019, fac : 0.002, total : 0.043 
 {acc} sup : 98.44, inf : 100.00
------------------------------
<Losses on train> sup : 0.039, inf : 0.027, fac : 0.003, total : 0.046
<Accuracies on train> sup : 98.95, inf : 99.17
Train epoch time: 245.702
------------------------------
Total epoch time: 245.775

New epoch - lr: 0.001
[1/104 iteration of epoch 31/50] 
 {loss} sup : 0.028, inf : 0.016, fac : 0.003, total : 0.036 
 {acc} sup : 98.83, inf : 100.00
[31/104 iteration of epoch 31/50] 
 {loss} sup : 0.029, inf : 0.021, fac : 0.002, total : 0.034 
 {acc} sup : 99.22, inf : 99.61
[61/104 iteration of epoch 31/50] 
 {loss} sup : 0.025, inf : 0.026, fac : 0.003, total : 0.041 
 {acc} sup : 99.61, inf : 99.22
[91/104 iteration of epoch 31/50] 
 {loss} sup : 0.035, inf : 0.012, fac : 0.003, total : 0.039 
 {acc} sup : 99.22, inf : 99.61
------------------------------
<Losses on train> sup : 0.037, inf : 0.027, fac : 0.003, total : 0.046
<Accuracies on train> sup : 98.94, inf : 99.10
Train epoch time: 247.676
------------------------------
Total epoch time: 247.749

New epoch - lr: 0.001
[1/104 iteration of epoch 32/50] 
 {loss} sup : 0.021, inf : 0.020, fac : 0.002, total : 0.031 
 {acc} sup : 99.22, inf : 99.22
[31/104 iteration of epoch 32/50] 
 {loss} sup : 0.033, inf : 0.033, fac : 0.002, total : 0.045 
 {acc} sup : 99.22, inf : 99.22
[61/104 iteration of epoch 32/50] 
 {loss} sup : 0.020, inf : 0.013, fac : 0.002, total : 0.028 
 {acc} sup : 100.00, inf : 99.61
[91/104 iteration of epoch 32/50] 
 {loss} sup : 0.040, inf : 0.029, fac : 0.002, total : 0.046 
 {acc} sup : 98.83, inf : 99.22
------------------------------
<Losses on train> sup : 0.036, inf : 0.027, fac : 0.003, total : 0.044
<Accuracies on train> sup : 99.00, inf : 99.12
Train epoch time: 247.371
------------------------------
Total epoch time: 247.443

New epoch - lr: 0.001
[1/104 iteration of epoch 33/50] 
 {loss} sup : 0.012, inf : 0.012, fac : 0.003, total : 0.027 
 {acc} sup : 100.00, inf : 99.61
[31/104 iteration of epoch 33/50] 
 {loss} sup : 0.025, inf : 0.012, fac : 0.002, total : 0.030 
 {acc} sup : 99.61, inf : 100.00
[61/104 iteration of epoch 33/50] 
 {loss} sup : 0.082, inf : 0.047, fac : 0.004, total : 0.083 
 {acc} sup : 96.88, inf : 97.66
[91/104 iteration of epoch 33/50] 
 {loss} sup : 0.025, inf : 0.019, fac : 0.002, total : 0.034 
 {acc} sup : 99.61, inf : 99.22
------------------------------
<Losses on train> sup : 0.036, inf : 0.026, fac : 0.003, total : 0.044
<Accuracies on train> sup : 99.02, inf : 99.26
Train epoch time: 246.919
------------------------------
Total epoch time: 246.992

New epoch - lr: 0.001
[1/104 iteration of epoch 34/50] 
 {loss} sup : 0.035, inf : 0.024, fac : 0.002, total : 0.038 
 {acc} sup : 98.44, inf : 99.22
[31/104 iteration of epoch 34/50] 
 {loss} sup : 0.037, inf : 0.016, fac : 0.003, total : 0.040 
 {acc} sup : 98.83, inf : 99.61
[61/104 iteration of epoch 34/50] 
 {loss} sup : 0.057, inf : 0.058, fac : 0.002, total : 0.070 
 {acc} sup : 98.05, inf : 97.27
[91/104 iteration of epoch 34/50] 
 {loss} sup : 0.051, inf : 0.039, fac : 0.002, total : 0.056 
 {acc} sup : 98.83, inf : 98.44
------------------------------
<Losses on train> sup : 0.035, inf : 0.026, fac : 0.003, total : 0.043
<Accuracies on train> sup : 99.05, inf : 99.18
Train epoch time: 246.814
------------------------------
Total epoch time: 246.879

New epoch - lr: 0.001
[1/104 iteration of epoch 35/50] 
 {loss} sup : 0.035, inf : 0.034, fac : 0.003, total : 0.049 
 {acc} sup : 98.44, inf : 99.22
[31/104 iteration of epoch 35/50] 
 {loss} sup : 0.036, inf : 0.019, fac : 0.002, total : 0.040 
 {acc} sup : 98.44, inf : 99.22
[61/104 iteration of epoch 35/50] 
 {loss} sup : 0.054, inf : 0.029, fac : 0.002, total : 0.052 
 {acc} sup : 98.05, inf : 99.22
[91/104 iteration of epoch 35/50] 
 {loss} sup : 0.062, inf : 0.046, fac : 0.002, total : 0.064 
 {acc} sup : 98.05, inf : 98.44
------------------------------
<Losses on train> sup : 0.034, inf : 0.024, fac : 0.003, total : 0.042
<Accuracies on train> sup : 99.07, inf : 99.27
Train epoch time: 247.846
------------------------------
Total epoch time: 247.910

New epoch - lr: 0.001
[1/104 iteration of epoch 36/50] 
 {loss} sup : 0.023, inf : 0.015, fac : 0.002, total : 0.028 
 {acc} sup : 99.61, inf : 99.61
[31/104 iteration of epoch 36/50] 
 {loss} sup : 0.030, inf : 0.017, fac : 0.003, total : 0.036 
 {acc} sup : 99.22, inf : 99.22
[61/104 iteration of epoch 36/50] 
 {loss} sup : 0.038, inf : 0.029, fac : 0.002, total : 0.043 
 {acc} sup : 98.83, inf : 98.83
[91/104 iteration of epoch 36/50] 
 {loss} sup : 0.039, inf : 0.024, fac : 0.002, total : 0.043 
 {acc} sup : 99.22, inf : 99.61
------------------------------
<Losses on train> sup : 0.034, inf : 0.024, fac : 0.002, total : 0.041
<Accuracies on train> sup : 98.99, inf : 99.32
Train epoch time: 248.117
------------------------------
Total epoch time: 248.179

New epoch - lr: 0.001
[1/104 iteration of epoch 37/50] 
 {loss} sup : 0.024, inf : 0.023, fac : 0.002, total : 0.035 
 {acc} sup : 99.61, inf : 98.83
[31/104 iteration of epoch 37/50] 
 {loss} sup : 0.018, inf : 0.006, fac : 0.003, total : 0.025 
 {acc} sup : 100.00, inf : 100.00
[61/104 iteration of epoch 37/50] 
 {loss} sup : 0.020, inf : 0.014, fac : 0.001, total : 0.023 
 {acc} sup : 99.22, inf : 99.61
[91/104 iteration of epoch 37/50] 
 {loss} sup : 0.052, inf : 0.029, fac : 0.002, total : 0.051 
 {acc} sup : 98.44, inf : 98.83
------------------------------
<Losses on train> sup : 0.033, inf : 0.023, fac : 0.002, total : 0.040
<Accuracies on train> sup : 99.14, inf : 99.26
Train epoch time: 245.696
------------------------------
<Accuracies on val> class : 91.40
------------------------------
<Accuracies on test> class : 80.17
------------------------------
Total epoch time: 400.707

New epoch - lr: 0.001
[1/104 iteration of epoch 38/50] 
 {loss} sup : 0.042, inf : 0.047, fac : 0.002, total : 0.056 
 {acc} sup : 98.83, inf : 98.83
[31/104 iteration of epoch 38/50] 
 {loss} sup : 0.072, inf : 0.043, fac : 0.003, total : 0.074 
 {acc} sup : 97.27, inf : 98.83
[61/104 iteration of epoch 38/50] 
 {loss} sup : 0.030, inf : 0.013, fac : 0.002, total : 0.033 
 {acc} sup : 99.61, inf : 99.61
[91/104 iteration of epoch 38/50] 
 {loss} sup : 0.025, inf : 0.013, fac : 0.002, total : 0.029 
 {acc} sup : 99.22, inf : 100.00
------------------------------
<Losses on train> sup : 0.033, inf : 0.023, fac : 0.002, total : 0.040
<Accuracies on train> sup : 99.10, inf : 99.33
Train epoch time: 263.213
------------------------------
<Accuracies on val> class : 92.53
------------------------------
<Accuracies on test> class : 80.30
------------------------------
Total epoch time: 270.127

New epoch - lr: 0.001
[1/104 iteration of epoch 39/50] 
 {loss} sup : 0.007, inf : 0.003, fac : 0.002, total : 0.016 
 {acc} sup : 100.00, inf : 100.00
[31/104 iteration of epoch 39/50] 
 {loss} sup : 0.025, inf : 0.022, fac : 0.002, total : 0.035 
 {acc} sup : 99.22, inf : 99.22
[61/104 iteration of epoch 39/50] 
 {loss} sup : 0.042, inf : 0.023, fac : 0.003, total : 0.045 
 {acc} sup : 99.22, inf : 99.61
[91/104 iteration of epoch 39/50] 
 {loss} sup : 0.011, inf : 0.007, fac : 0.002, total : 0.018 
 {acc} sup : 100.00, inf : 100.00
------------------------------
<Losses on train> sup : 0.033, inf : 0.022, fac : 0.002, total : 0.040
<Accuracies on train> sup : 99.11, inf : 99.34
Train epoch time: 247.738
------------------------------
<Accuracies on val> class : 91.56
------------------------------
<Accuracies on test> class : 79.97
------------------------------
Total epoch time: 254.248

New epoch - lr: 0.0001
[1/104 iteration of epoch 40/50] 
 {loss} sup : 0.016, inf : 0.011, fac : 0.002, total : 0.025 
 {acc} sup : 99.22, inf : 99.61
[31/104 iteration of epoch 40/50] 
 {loss} sup : 0.022, inf : 0.016, fac : 0.002, total : 0.030 
 {acc} sup : 100.00, inf : 99.61
[61/104 iteration of epoch 40/50] 
 {loss} sup : 0.025, inf : 0.026, fac : 0.002, total : 0.037 
 {acc} sup : 99.61, inf : 99.61
[91/104 iteration of epoch 40/50] 
 {loss} sup : 0.022, inf : 0.018, fac : 0.002, total : 0.029 
 {acc} sup : 99.22, inf : 99.22
------------------------------
<Losses on train> sup : 0.031, inf : 0.022, fac : 0.002, total : 0.038
<Accuracies on train> sup : 99.19, inf : 99.38
Train epoch time: 244.844
------------------------------
<Accuracies on val> class : 90.91
------------------------------
<Accuracies on test> class : 80.15
------------------------------
Total epoch time: 251.212

New epoch - lr: 0.0001
[1/104 iteration of epoch 41/50] 
 {loss} sup : 0.015, inf : 0.004, fac : 0.002, total : 0.019 
 {acc} sup : 99.61, inf : 100.00
[31/104 iteration of epoch 41/50] 
 {loss} sup : 0.039, inf : 0.036, fac : 0.003, total : 0.054 
 {acc} sup : 99.61, inf : 99.61
[61/104 iteration of epoch 41/50] 
 {loss} sup : 0.063, inf : 0.037, fac : 0.002, total : 0.062 
 {acc} sup : 98.05, inf : 99.22
[91/104 iteration of epoch 41/50] 
 {loss} sup : 0.037, inf : 0.029, fac : 0.003, total : 0.049 
 {acc} sup : 99.22, inf : 98.44
------------------------------
<Losses on train> sup : 0.031, inf : 0.021, fac : 0.002, total : 0.038
<Accuracies on train> sup : 99.19, inf : 99.41
Train epoch time: 246.768
------------------------------
<Accuracies on val> class : 91.40
------------------------------
<Accuracies on test> class : 80.63
------------------------------
Total epoch time: 253.601

New epoch - lr: 0.0001
[1/104 iteration of epoch 42/50] 
 {loss} sup : 0.025, inf : 0.014, fac : 0.003, total : 0.033 
 {acc} sup : 99.61, inf : 99.61
[31/104 iteration of epoch 42/50] 
 {loss} sup : 0.038, inf : 0.022, fac : 0.002, total : 0.038 
 {acc} sup : 99.22, inf : 99.22
[61/104 iteration of epoch 42/50] 
 {loss} sup : 0.030, inf : 0.021, fac : 0.002, total : 0.035 
 {acc} sup : 99.22, inf : 99.61
[91/104 iteration of epoch 42/50] 
 {loss} sup : 0.032, inf : 0.027, fac : 0.003, total : 0.042 
 {acc} sup : 98.83, inf : 99.22
------------------------------
<Losses on train> sup : 0.028, inf : 0.020, fac : 0.002, total : 0.035
<Accuracies on train> sup : 99.28, inf : 99.43
Train epoch time: 247.893
------------------------------
<Accuracies on val> class : 92.37
------------------------------
<Accuracies on test> class : 80.48
------------------------------
Total epoch time: 254.330

New epoch - lr: 0.0001
[1/104 iteration of epoch 43/50] 
 {loss} sup : 0.033, inf : 0.028, fac : 0.003, total : 0.044 
 {acc} sup : 99.61, inf : 99.61
[31/104 iteration of epoch 43/50] 
 {loss} sup : 0.018, inf : 0.013, fac : 0.002, total : 0.027 
 {acc} sup : 99.61, inf : 99.61
[61/104 iteration of epoch 43/50] 
 {loss} sup : 0.063, inf : 0.040, fac : 0.003, total : 0.067 
 {acc} sup : 98.44, inf : 98.83
[91/104 iteration of epoch 43/50] 
 {loss} sup : 0.030, inf : 0.038, fac : 0.003, total : 0.047 
 {acc} sup : 99.61, inf : 98.44
------------------------------
<Losses on train> sup : 0.029, inf : 0.021, fac : 0.002, total : 0.036
<Accuracies on train> sup : 99.24, inf : 99.40
Train epoch time: 247.257
------------------------------
<Accuracies on val> class : 91.88
------------------------------
<Accuracies on test> class : 80.20
------------------------------
Total epoch time: 253.522

New epoch - lr: 0.0001
[1/104 iteration of epoch 44/50] 
 {loss} sup : 0.056, inf : 0.032, fac : 0.002, total : 0.056 
 {acc} sup : 98.05, inf : 99.22
[31/104 iteration of epoch 44/50] 
 {loss} sup : 0.014, inf : 0.004, fac : 0.002, total : 0.018 
 {acc} sup : 99.61, inf : 100.00
[61/104 iteration of epoch 44/50] 
 {loss} sup : 0.070, inf : 0.060, fac : 0.002, total : 0.077 
 {acc} sup : 98.05, inf : 98.44
[91/104 iteration of epoch 44/50] 
 {loss} sup : 0.026, inf : 0.011, fac : 0.002, total : 0.028 
 {acc} sup : 99.22, inf : 99.61
------------------------------
<Losses on train> sup : 0.030, inf : 0.020, fac : 0.002, total : 0.037
<Accuracies on train> sup : 99.22, inf : 99.41
Train epoch time: 247.222
------------------------------
<Accuracies on val> class : 92.05
------------------------------
<Accuracies on test> class : 80.66
------------------------------
Total epoch time: 254.223

New epoch - lr: 0.0001
[1/104 iteration of epoch 45/50] 
 {loss} sup : 0.025, inf : 0.028, fac : 0.002, total : 0.037 
 {acc} sup : 99.22, inf : 99.22
[31/104 iteration of epoch 45/50] 
 {loss} sup : 0.005, inf : 0.002, fac : 0.001, total : 0.011 
 {acc} sup : 100.00, inf : 100.00
[61/104 iteration of epoch 45/50] 
 {loss} sup : 0.021, inf : 0.013, fac : 0.002, total : 0.026 
 {acc} sup : 99.22, inf : 99.61
[91/104 iteration of epoch 45/50] 
 {loss} sup : 0.023, inf : 0.014, fac : 0.002, total : 0.027 
 {acc} sup : 99.61, inf : 99.61
------------------------------
<Losses on train> sup : 0.027, inf : 0.018, fac : 0.002, total : 0.034
<Accuracies on train> sup : 99.31, inf : 99.45
Train epoch time: 246.313
------------------------------
<Accuracies on val> class : 91.40
------------------------------
<Accuracies on test> class : 80.45
------------------------------
Total epoch time: 252.675

New epoch - lr: 0.0001
[1/104 iteration of epoch 46/50] 
 {loss} sup : 0.015, inf : 0.009, fac : 0.002, total : 0.024 
 {acc} sup : 100.00, inf : 100.00
[31/104 iteration of epoch 46/50] 
 {loss} sup : 0.039, inf : 0.032, fac : 0.002, total : 0.047 
 {acc} sup : 98.83, inf : 98.44
[61/104 iteration of epoch 46/50] 
 {loss} sup : 0.011, inf : 0.004, fac : 0.002, total : 0.017 
 {acc} sup : 100.00, inf : 100.00
[91/104 iteration of epoch 46/50] 
 {loss} sup : 0.019, inf : 0.005, fac : 0.002, total : 0.023 
 {acc} sup : 99.61, inf : 100.00
------------------------------
<Losses on train> sup : 0.027, inf : 0.018, fac : 0.002, total : 0.034
<Accuracies on train> sup : 99.29, inf : 99.46
Train epoch time: 246.402
------------------------------
<Accuracies on val> class : 92.05
------------------------------
<Accuracies on test> class : 80.48
------------------------------
Total epoch time: 252.555

New epoch - lr: 0.0001
[1/104 iteration of epoch 47/50] 
 {loss} sup : 0.031, inf : 0.021, fac : 0.002, total : 0.034 
 {acc} sup : 98.83, inf : 99.22
[31/104 iteration of epoch 47/50] 
 {loss} sup : 0.030, inf : 0.026, fac : 0.002, total : 0.040 
 {acc} sup : 99.22, inf : 99.61
[61/104 iteration of epoch 47/50] 
 {loss} sup : 0.028, inf : 0.015, fac : 0.002, total : 0.033 
 {acc} sup : 99.61, inf : 99.61
[91/104 iteration of epoch 47/50] 
 {loss} sup : 0.026, inf : 0.027, fac : 0.002, total : 0.035 
 {acc} sup : 98.44, inf : 99.22
------------------------------
<Losses on train> sup : 0.028, inf : 0.020, fac : 0.002, total : 0.036
<Accuracies on train> sup : 99.29, inf : 99.40
Train epoch time: 246.404
------------------------------
<Accuracies on val> class : 91.56
------------------------------
<Accuracies on test> class : 80.55
------------------------------
Total epoch time: 253.099

New epoch - lr: 0.0001
[1/104 iteration of epoch 48/50] 
 {loss} sup : 0.033, inf : 0.014, fac : 0.002, total : 0.034 
 {acc} sup : 98.83, inf : 99.61
[31/104 iteration of epoch 48/50] 
 {loss} sup : 0.035, inf : 0.023, fac : 0.002, total : 0.041 
 {acc} sup : 99.22, inf : 99.22
[61/104 iteration of epoch 48/50] 
 {loss} sup : 0.021, inf : 0.015, fac : 0.002, total : 0.027 
 {acc} sup : 99.61, inf : 99.61
[91/104 iteration of epoch 48/50] 
 {loss} sup : 0.054, inf : 0.049, fac : 0.003, total : 0.067 
 {acc} sup : 98.83, inf : 99.22
------------------------------
<Losses on train> sup : 0.029, inf : 0.019, fac : 0.002, total : 0.036
<Accuracies on train> sup : 99.23, inf : 99.48
Train epoch time: 246.602
------------------------------
<Accuracies on val> class : 92.21
------------------------------
<Accuracies on test> class : 80.76
------------------------------
Total epoch time: 253.007

New epoch - lr: 0.0001
[1/104 iteration of epoch 49/50] 
 {loss} sup : 0.036, inf : 0.017, fac : 0.002, total : 0.037 
 {acc} sup : 99.22, inf : 99.61
[31/104 iteration of epoch 49/50] 
 {loss} sup : 0.062, inf : 0.059, fac : 0.003, total : 0.076 
 {acc} sup : 98.05, inf : 97.27
[61/104 iteration of epoch 49/50] 
 {loss} sup : 0.036, inf : 0.027, fac : 0.002, total : 0.043 
 {acc} sup : 98.83, inf : 98.83
[91/104 iteration of epoch 49/50] 
 {loss} sup : 0.019, inf : 0.010, fac : 0.003, total : 0.029 
 {acc} sup : 100.00, inf : 100.00
------------------------------
<Losses on train> sup : 0.029, inf : 0.019, fac : 0.002, total : 0.035
<Accuracies on train> sup : 99.26, inf : 99.49
Train epoch time: 249.596
------------------------------
<Accuracies on val> class : 92.05
------------------------------
<Accuracies on test> class : 80.43
------------------------------
Total epoch time: 255.767

New epoch - lr: 0.0001
[1/104 iteration of epoch 50/50] 
 {loss} sup : 0.050, inf : 0.038, fac : 0.002, total : 0.056 
 {acc} sup : 97.66, inf : 98.44
[31/104 iteration of epoch 50/50] 
 {loss} sup : 0.059, inf : 0.055, fac : 0.003, total : 0.073 
 {acc} sup : 98.44, inf : 98.44
[61/104 iteration of epoch 50/50] 
 {loss} sup : 0.054, inf : 0.052, fac : 0.002, total : 0.063 
 {acc} sup : 98.83, inf : 98.83
[91/104 iteration of epoch 50/50] 
 {loss} sup : 0.022, inf : 0.025, fac : 0.002, total : 0.033 
 {acc} sup : 99.61, inf : 98.83
------------------------------
<Losses on train> sup : 0.027, inf : 0.019, fac : 0.002, total : 0.034
<Accuracies on train> sup : 99.33, inf : 99.45
Train epoch time: 246.928
------------------------------
<Accuracies on val> class : 92.05
------------------------------
<Accuracies on test> class : 80.78
------------------------------
Total epoch time: 253.799

******************************
Best val 0.807839, corresponding test 0.807839 - best test: 0.807839
