WARNING:tensorflow:From /homes/55/jianhaoy/projects/EKI/utils/tf_logger.py:16: The name tf.summary.FileWriter is deprecated. Please use tf.compat.v1.summary.FileWriter instead.

WARNING:tensorflow:From /homes/55/jianhaoy/projects/EKI/utils/tf_logger.py:20: The name tf.Summary is deprecated. Please use tf.compat.v1.Summary instead.


Loading experiment PACS/ResNet18_step


New epoch - lr: 0.003
[1/28 iteration of epoch 1/30] 
 {loss} cls : 2.225, total : 2.225 
 {acc} cls : 9.38
------------------------------
<Losses on train> cls : 4.555, total : 4.555
<Accuracies on train> cls : 25.11
Train epoch time: 15.223
------------------------------
<Accuracies on val> class : 32.21
------------------------------
<Accuracies on test> class : 27.80
------------------------------
<Accuracies on photo> test class : 32.63
------------------------------
<Accuracies on cartoon> test class : 31.27
------------------------------
<Accuracies on sketch> test class : 23.67
------------------------------
Total epoch time: 46.408

New epoch - lr: 0.003
[1/28 iteration of epoch 2/30] 
 {loss} cls : 2.000, total : 2.000 
 {acc} cls : 37.50
------------------------------
<Losses on train> cls : 1.603, total : 1.603
<Accuracies on train> cls : 49.44
Train epoch time: 13.570
------------------------------
<Accuracies on val> class : 54.81
------------------------------
<Accuracies on test> class : 46.85
------------------------------
<Accuracies on photo> test class : 60.90
------------------------------
<Accuracies on cartoon> test class : 41.00
------------------------------
<Accuracies on sketch> test class : 44.36
------------------------------
Total epoch time: 43.771

New epoch - lr: 0.003
[1/28 iteration of epoch 3/30] 
 {loss} cls : 1.040, total : 1.040 
 {acc} cls : 53.12
------------------------------
<Losses on train> cls : 1.006, total : 1.006
<Accuracies on train> cls : 66.52
Train epoch time: 12.323
------------------------------
<Accuracies on val> class : 62.50
------------------------------
<Accuracies on test> class : 50.04
------------------------------
<Accuracies on photo> test class : 64.73
------------------------------
<Accuracies on cartoon> test class : 48.34
------------------------------
<Accuracies on sketch> test class : 44.82
------------------------------
Total epoch time: 43.707

New epoch - lr: 0.003
[1/28 iteration of epoch 4/30] 
 {loss} cls : 0.799, total : 0.799 
 {acc} cls : 78.12
------------------------------
<Losses on train> cls : 0.829, total : 0.829
<Accuracies on train> cls : 72.94
Train epoch time: 11.300
------------------------------
<Accuracies on val> class : 68.27
------------------------------
<Accuracies on test> class : 59.78
------------------------------
<Accuracies on photo> test class : 70.72
------------------------------
<Accuracies on cartoon> test class : 51.66
------------------------------
<Accuracies on sketch> test class : 59.96
------------------------------
Total epoch time: 41.342

New epoch - lr: 0.003
[1/28 iteration of epoch 5/30] 
 {loss} cls : 0.750, total : 0.750 
 {acc} cls : 81.25
------------------------------
<Losses on train> cls : 0.662, total : 0.662
<Accuracies on train> cls : 77.90
Train epoch time: 12.143
------------------------------
<Accuracies on val> class : 72.12
------------------------------
<Accuracies on test> class : 58.91
------------------------------
<Accuracies on photo> test class : 71.38
------------------------------
<Accuracies on cartoon> test class : 56.31
------------------------------
<Accuracies on sketch> test class : 55.15
------------------------------
Total epoch time: 44.246

New epoch - lr: 0.003
[1/28 iteration of epoch 6/30] 
 {loss} cls : 0.267, total : 0.267 
 {acc} cls : 95.31
------------------------------
<Losses on train> cls : 0.528, total : 0.528
<Accuracies on train> cls : 81.92
Train epoch time: 11.701
------------------------------
<Accuracies on val> class : 76.92
------------------------------
<Accuracies on test> class : 65.35
------------------------------
<Accuracies on photo> test class : 74.13
------------------------------
<Accuracies on cartoon> test class : 60.15
------------------------------
<Accuracies on sketch> test class : 64.72
------------------------------
Total epoch time: 46.479

New epoch - lr: 0.003
[1/28 iteration of epoch 7/30] 
 {loss} cls : 0.813, total : 0.813 
 {acc} cls : 73.44
------------------------------
<Losses on train> cls : 0.461, total : 0.461
<Accuracies on train> cls : 84.54
Train epoch time: 10.739
------------------------------
<Accuracies on val> class : 73.56
------------------------------
<Accuracies on test> class : 59.34
------------------------------
<Accuracies on photo> test class : 71.92
------------------------------
<Accuracies on cartoon> test class : 59.85
------------------------------
<Accuracies on sketch> test class : 53.68
------------------------------
Total epoch time: 43.736

New epoch - lr: 0.003
[1/28 iteration of epoch 8/30] 
 {loss} cls : 0.738, total : 0.738 
 {acc} cls : 81.25
------------------------------
<Losses on train> cls : 0.356, total : 0.356
<Accuracies on train> cls : 87.11
Train epoch time: 10.143
------------------------------
<Accuracies on val> class : 75.00
------------------------------
<Accuracies on test> class : 60.10
------------------------------
<Accuracies on photo> test class : 78.26
------------------------------
<Accuracies on cartoon> test class : 54.91
------------------------------
<Accuracies on sketch> test class : 55.48
------------------------------
Total epoch time: 42.885

New epoch - lr: 0.003
[1/28 iteration of epoch 9/30] 
 {loss} cls : 0.156, total : 0.156 
 {acc} cls : 92.19
------------------------------
<Losses on train> cls : 0.255, total : 0.255
<Accuracies on train> cls : 91.07
Train epoch time: 10.379
------------------------------
<Accuracies on val> class : 75.96
------------------------------
<Accuracies on test> class : 58.25
------------------------------
<Accuracies on photo> test class : 74.79
------------------------------
<Accuracies on cartoon> test class : 50.09
------------------------------
<Accuracies on sketch> test class : 56.10
------------------------------
Total epoch time: 44.344

New epoch - lr: 0.003
[1/28 iteration of epoch 10/30] 
 {loss} cls : 0.224, total : 0.224 
 {acc} cls : 89.06
------------------------------
<Losses on train> cls : 0.211, total : 0.211
<Accuracies on train> cls : 92.30
Train epoch time: 10.207
------------------------------
<Accuracies on val> class : 75.48
------------------------------
<Accuracies on test> class : 67.04
------------------------------
<Accuracies on photo> test class : 78.74
------------------------------
<Accuracies on cartoon> test class : 60.32
------------------------------
<Accuracies on sketch> test class : 66.07
------------------------------
Total epoch time: 43.475

New epoch - lr: 0.003
[1/28 iteration of epoch 11/30] 
 {loss} cls : 0.169, total : 0.169 
 {acc} cls : 93.75
------------------------------
<Losses on train> cls : 0.196, total : 0.196
<Accuracies on train> cls : 92.97
Train epoch time: 10.217
------------------------------
<Accuracies on val> class : 78.37
------------------------------
<Accuracies on test> class : 61.83
------------------------------
<Accuracies on photo> test class : 74.61
------------------------------
<Accuracies on cartoon> test class : 54.48
------------------------------
<Accuracies on sketch> test class : 60.78
------------------------------
Total epoch time: 43.615

New epoch - lr: 0.003
[1/28 iteration of epoch 12/30] 
 {loss} cls : 0.140, total : 0.140 
 {acc} cls : 95.31
------------------------------
<Losses on train> cls : 0.176, total : 0.176
<Accuracies on train> cls : 94.70
Train epoch time: 10.850
------------------------------
<Accuracies on val> class : 70.19
------------------------------
<Accuracies on test> class : 63.82
------------------------------
<Accuracies on photo> test class : 73.11
------------------------------
<Accuracies on cartoon> test class : 52.99
------------------------------
<Accuracies on sketch> test class : 66.33
------------------------------
Total epoch time: 42.420

New epoch - lr: 0.003
[1/28 iteration of epoch 13/30] 
 {loss} cls : 0.115, total : 0.115 
 {acc} cls : 96.88
------------------------------
<Losses on train> cls : 0.189, total : 0.189
<Accuracies on train> cls : 93.08
Train epoch time: 10.149
------------------------------
<Accuracies on val> class : 78.85
------------------------------
<Accuracies on test> class : 64.53
------------------------------
<Accuracies on photo> test class : 77.31
------------------------------
<Accuracies on cartoon> test class : 57.59
------------------------------
<Accuracies on sketch> test class : 63.25
------------------------------
Total epoch time: 43.481

New epoch - lr: 0.003
[1/28 iteration of epoch 14/30] 
 {loss} cls : 0.178, total : 0.178 
 {acc} cls : 93.75
------------------------------
<Losses on train> cls : 0.144, total : 0.144
<Accuracies on train> cls : 94.59
Train epoch time: 11.604
------------------------------
<Accuracies on val> class : 82.21
------------------------------
<Accuracies on test> class : 66.76
------------------------------
<Accuracies on photo> test class : 79.16
------------------------------
<Accuracies on cartoon> test class : 55.93
------------------------------
<Accuracies on sketch> test class : 67.96
------------------------------
Total epoch time: 42.820

New epoch - lr: 0.003
[1/28 iteration of epoch 15/30] 
 {loss} cls : 0.121, total : 0.121 
 {acc} cls : 96.88
------------------------------
<Losses on train> cls : 0.125, total : 0.125
<Accuracies on train> cls : 95.70
Train epoch time: 12.089
------------------------------
<Accuracies on val> class : 79.81
------------------------------
<Accuracies on test> class : 66.31
------------------------------
<Accuracies on photo> test class : 77.25
------------------------------
<Accuracies on cartoon> test class : 54.91
------------------------------
<Accuracies on sketch> test class : 68.47
------------------------------
Total epoch time: 41.781

New epoch - lr: 0.003
[1/28 iteration of epoch 16/30] 
 {loss} cls : 0.157, total : 0.157 
 {acc} cls : 93.75
------------------------------
<Losses on train> cls : 0.092, total : 0.092
<Accuracies on train> cls : 97.27
Train epoch time: 10.515
------------------------------
<Accuracies on val> class : 83.65
------------------------------
<Accuracies on test> class : 65.43
------------------------------
<Accuracies on photo> test class : 80.00
------------------------------
<Accuracies on cartoon> test class : 57.12
------------------------------
<Accuracies on sketch> test class : 64.19
------------------------------
Total epoch time: 43.039

New epoch - lr: 0.003
[1/28 iteration of epoch 17/30] 
 {loss} cls : 0.122, total : 0.122 
 {acc} cls : 96.88
------------------------------
<Losses on train> cls : 0.093, total : 0.093
<Accuracies on train> cls : 96.76
Train epoch time: 10.899
------------------------------
<Accuracies on val> class : 78.37
------------------------------
<Accuracies on test> class : 68.12
------------------------------
<Accuracies on photo> test class : 81.08
------------------------------
<Accuracies on cartoon> test class : 58.36
------------------------------
<Accuracies on sketch> test class : 68.44
------------------------------
Total epoch time: 42.354

New epoch - lr: 0.003
[1/28 iteration of epoch 18/30] 
 {loss} cls : 0.060, total : 0.060 
 {acc} cls : 98.44
------------------------------
<Losses on train> cls : 0.066, total : 0.066
<Accuracies on train> cls : 97.94
Train epoch time: 10.606
------------------------------
<Accuracies on val> class : 78.37
------------------------------
<Accuracies on test> class : 66.64
------------------------------
<Accuracies on photo> test class : 78.62
------------------------------
<Accuracies on cartoon> test class : 60.84
------------------------------
<Accuracies on sketch> test class : 65.00
------------------------------
Total epoch time: 40.903

New epoch - lr: 0.003
[1/28 iteration of epoch 19/30] 
 {loss} cls : 0.078, total : 0.078 
 {acc} cls : 95.31
------------------------------
<Losses on train> cls : 0.077, total : 0.077
<Accuracies on train> cls : 97.60
Train epoch time: 10.108
------------------------------
<Accuracies on val> class : 78.85
------------------------------
<Accuracies on test> class : 65.16
------------------------------
<Accuracies on photo> test class : 80.30
------------------------------
<Accuracies on cartoon> test class : 54.52
------------------------------
<Accuracies on sketch> test class : 65.08
------------------------------
Total epoch time: 40.649

New epoch - lr: 0.003
[1/28 iteration of epoch 20/30] 
 {loss} cls : 0.074, total : 0.074 
 {acc} cls : 95.31
------------------------------
<Losses on train> cls : 0.065, total : 0.065
<Accuracies on train> cls : 97.88
Train epoch time: 10.162
------------------------------
<Accuracies on val> class : 80.29
------------------------------
<Accuracies on test> class : 63.99
------------------------------
<Accuracies on photo> test class : 79.70
------------------------------
<Accuracies on cartoon> test class : 61.56
------------------------------
<Accuracies on sketch> test class : 58.77
------------------------------
Total epoch time: 40.317

New epoch - lr: 0.003
[1/28 iteration of epoch 21/30] 
 {loss} cls : 0.064, total : 0.064 
 {acc} cls : 96.88
------------------------------
<Losses on train> cls : 0.072, total : 0.072
<Accuracies on train> cls : 96.93
Train epoch time: 10.116
------------------------------
<Accuracies on val> class : 80.29
------------------------------
<Accuracies on test> class : 65.83
------------------------------
<Accuracies on photo> test class : 76.17
------------------------------
<Accuracies on cartoon> test class : 59.73
------------------------------
<Accuracies on sketch> test class : 65.08
------------------------------
Total epoch time: 40.933

New epoch - lr: 0.003
[1/28 iteration of epoch 22/30] 
 {loss} cls : 0.030, total : 0.030 
 {acc} cls : 100.00
------------------------------
<Losses on train> cls : 0.058, total : 0.058
<Accuracies on train> cls : 98.10
Train epoch time: 10.415
------------------------------
<Accuracies on val> class : 80.77
------------------------------
<Accuracies on test> class : 66.54
------------------------------
<Accuracies on photo> test class : 80.72
------------------------------
<Accuracies on cartoon> test class : 61.60
------------------------------
<Accuracies on sketch> test class : 63.45
------------------------------
Total epoch time: 40.555

New epoch - lr: 0.003
[1/28 iteration of epoch 23/30] 
 {loss} cls : 0.017, total : 0.017 
 {acc} cls : 100.00
------------------------------
<Losses on train> cls : 0.044, total : 0.044
<Accuracies on train> cls : 98.49
Train epoch time: 10.666
------------------------------
<Accuracies on val> class : 79.81
------------------------------
<Accuracies on test> class : 66.28
------------------------------
<Accuracies on photo> test class : 77.78
------------------------------
<Accuracies on cartoon> test class : 57.76
------------------------------
<Accuracies on sketch> test class : 66.48
------------------------------
Total epoch time: 41.733

New epoch - lr: 0.003
[1/28 iteration of epoch 24/30] 
 {loss} cls : 0.053, total : 0.053 
 {acc} cls : 96.88
------------------------------
<Losses on train> cls : 0.059, total : 0.059
<Accuracies on train> cls : 98.38
Train epoch time: 11.055
------------------------------
<Accuracies on val> class : 83.17
------------------------------
<Accuracies on test> class : 70.30
------------------------------
<Accuracies on photo> test class : 80.06
------------------------------
<Accuracies on cartoon> test class : 64.76
------------------------------
<Accuracies on sketch> test class : 69.46
------------------------------
Total epoch time: 42.730

New epoch - lr: 0.003
[1/28 iteration of epoch 25/30] 
 {loss} cls : 0.035, total : 0.035 
 {acc} cls : 98.44
------------------------------
<Losses on train> cls : 0.038, total : 0.038
<Accuracies on train> cls : 98.94
Train epoch time: 10.794
------------------------------
<Accuracies on val> class : 84.13
------------------------------
<Accuracies on test> class : 69.38
------------------------------
<Accuracies on photo> test class : 80.84
------------------------------
<Accuracies on cartoon> test class : 59.13
------------------------------
<Accuracies on sketch> test class : 70.63
------------------------------
Total epoch time: 43.473

New epoch - lr: 0.003
[1/28 iteration of epoch 26/30] 
 {loss} cls : 0.014, total : 0.014 
 {acc} cls : 100.00
------------------------------
<Losses on train> cls : 0.034, total : 0.034
<Accuracies on train> cls : 98.88
Train epoch time: 10.536
------------------------------
<Accuracies on val> class : 81.73
------------------------------
<Accuracies on test> class : 69.00
------------------------------
<Accuracies on photo> test class : 77.37
------------------------------
<Accuracies on cartoon> test class : 58.53
------------------------------
<Accuracies on sketch> test class : 71.70
------------------------------
Total epoch time: 40.118

New epoch - lr: 0.0009000000000000002
[1/28 iteration of epoch 27/30] 
 {loss} cls : 0.014, total : 0.014 
 {acc} cls : 100.00
------------------------------
<Losses on train> cls : 0.041, total : 0.041
<Accuracies on train> cls : 98.38
Train epoch time: 11.259
------------------------------
<Accuracies on val> class : 81.73
------------------------------
<Accuracies on test> class : 70.94
------------------------------
<Accuracies on photo> test class : 80.54
------------------------------
<Accuracies on cartoon> test class : 61.60
------------------------------
<Accuracies on sketch> test class : 72.44
------------------------------
Total epoch time: 41.855

New epoch - lr: 0.0009000000000000002
[1/28 iteration of epoch 28/30] 
 {loss} cls : 0.005, total : 0.005 
 {acc} cls : 100.00
------------------------------
<Losses on train> cls : 0.030, total : 0.030
<Accuracies on train> cls : 99.00
Train epoch time: 12.140
------------------------------
<Accuracies on val> class : 80.29
------------------------------
<Accuracies on test> class : 69.94
------------------------------
<Accuracies on photo> test class : 80.12
------------------------------
<Accuracies on cartoon> test class : 61.73
------------------------------
<Accuracies on sketch> test class : 70.50
------------------------------
Total epoch time: 41.607

New epoch - lr: 0.0009000000000000002
[1/28 iteration of epoch 29/30] 
 {loss} cls : 0.030, total : 0.030 
 {acc} cls : 98.44
------------------------------
<Losses on train> cls : 0.030, total : 0.030
<Accuracies on train> cls : 99.05
Train epoch time: 11.191
------------------------------
<Accuracies on val> class : 80.29
------------------------------
<Accuracies on test> class : 71.03
------------------------------
<Accuracies on photo> test class : 79.94
------------------------------
<Accuracies on cartoon> test class : 62.24
------------------------------
<Accuracies on sketch> test class : 72.49
------------------------------
Total epoch time: 38.520

New epoch - lr: 0.0009000000000000002
[1/28 iteration of epoch 30/30] 
 {loss} cls : 0.019, total : 0.019 
 {acc} cls : 100.00
------------------------------
<Losses on train> cls : 0.019, total : 0.019
<Accuracies on train> cls : 99.39
Train epoch time: 10.022
------------------------------
<Accuracies on val> class : 82.69
------------------------------
<Accuracies on test> class : 70.83
------------------------------
<Accuracies on photo> test class : 80.12
------------------------------
<Accuracies on cartoon> test class : 62.84
------------------------------
<Accuracies on sketch> test class : 71.65
------------------------------
Total epoch time: 36.493

******************************
Best val 0.841346, corresponding test 0.693818 - best test: 0.710311

******************************
Best val 0.8413461446762085, corresponding photo test 0.8083832263946533

******************************
Best val 0.8413461446762085, corresponding cartoon test 0.591296911239624

******************************
Best val 0.8413461446762085, corresponding sketch test 0.706286609172821
