
Loading experiment Texture/ResNet18_step


New epoch - lr: 0.003
[1/75 iteration of epoch 1/30] 
 {loss} cls : 2.874, total : 7.819 
 {acc} cls : 4.69
[31/75 iteration of epoch 1/30] 
 {loss} cls : 0.291, total : 4.221 
 {acc} cls : 91.41
[61/75 iteration of epoch 1/30] 
 {loss} cls : 0.392, total : 3.794 
 {acc} cls : 92.19
------------------------------
<Losses on train> cls : 0.718, total : 4.612
<Accuracies on train> cls : 80.96
Train epoch time: 25.630
------------------------------
<Accuracies on val> class : 87.66
------------------------------
<Accuracies on test> class : 50.88
------------------------------
<Accuracies on in> test class : 83.00
------------------------------
<Accuracies on random> test class : 18.83
------------------------------
<Accuracies on edge> test class : 14.37
------------------------------
<Accuracies on silo> test class : 22.50
------------------------------
Total epoch time: 46.944

New epoch - lr: 0.003
[1/75 iteration of epoch 2/30] 
 {loss} cls : 0.423, total : 3.885 
 {acc} cls : 89.06
[31/75 iteration of epoch 2/30] 
 {loss} cls : 0.267, total : 3.466 
 {acc} cls : 92.97
[61/75 iteration of epoch 2/30] 
 {loss} cls : 0.235, total : 3.337 
 {acc} cls : 92.19
------------------------------
<Losses on train> cls : 0.294, total : 3.425
<Accuracies on train> cls : 91.42
Train epoch time: 24.373
------------------------------
<Accuracies on val> class : 86.56
------------------------------
<Accuracies on test> class : 49.94
------------------------------
<Accuracies on in> test class : 80.62
------------------------------
<Accuracies on random> test class : 18.20
------------------------------
<Accuracies on edge> test class : 15.00
------------------------------
<Accuracies on silo> test class : 31.87
------------------------------
Total epoch time: 45.007

New epoch - lr: 0.003
[1/75 iteration of epoch 3/30] 
 {loss} cls : 0.087, total : 2.783 
 {acc} cls : 99.22
[31/75 iteration of epoch 3/30] 
 {loss} cls : 0.065, total : 2.699 
 {acc} cls : 99.22
[61/75 iteration of epoch 3/30] 
 {loss} cls : 0.143, total : 2.972 
 {acc} cls : 96.88
------------------------------
<Losses on train> cls : 0.225, total : 3.104
<Accuracies on train> cls : 93.48
Train epoch time: 24.375
------------------------------
<Accuracies on val> class : 86.84
------------------------------
<Accuracies on test> class : 49.84
------------------------------
<Accuracies on in> test class : 78.75
------------------------------
<Accuracies on random> test class : 19.92
------------------------------
<Accuracies on edge> test class : 20.62
------------------------------
<Accuracies on silo> test class : 29.38
------------------------------
Total epoch time: 45.030

New epoch - lr: 0.003
[1/75 iteration of epoch 4/30] 
 {loss} cls : 0.031, total : 2.468 
 {acc} cls : 100.00
[31/75 iteration of epoch 4/30] 
 {loss} cls : 0.472, total : 3.684 
 {acc} cls : 86.72
[61/75 iteration of epoch 4/30] 
 {loss} cls : 0.213, total : 3.030 
 {acc} cls : 95.31
------------------------------
<Losses on train> cls : 0.209, total : 3.011
<Accuracies on train> cls : 93.93
Train epoch time: 24.393
------------------------------
<Accuracies on val> class : 86.34
------------------------------
<Accuracies on test> class : 51.25
------------------------------
<Accuracies on in> test class : 77.62
------------------------------
<Accuracies on random> test class : 23.36
------------------------------
<Accuracies on edge> test class : 23.75
------------------------------
<Accuracies on silo> test class : 38.12
------------------------------
Total epoch time: 44.929

New epoch - lr: 0.003
[1/75 iteration of epoch 5/30] 
 {loss} cls : 0.188, total : 2.939 
 {acc} cls : 93.75
[31/75 iteration of epoch 5/30] 
 {loss} cls : 0.362, total : 3.148 
 {acc} cls : 89.84
[61/75 iteration of epoch 5/30] 
 {loss} cls : 0.166, total : 2.760 
 {acc} cls : 95.31
------------------------------
<Losses on train> cls : 0.148, total : 2.795
<Accuracies on train> cls : 95.52
Train epoch time: 24.342
------------------------------
<Accuracies on val> class : 87.53
------------------------------
<Accuracies on test> class : 52.44
------------------------------
<Accuracies on in> test class : 78.44
------------------------------
<Accuracies on random> test class : 24.22
------------------------------
<Accuracies on edge> test class : 25.00
------------------------------
<Accuracies on silo> test class : 45.62
------------------------------
Total epoch time: 44.886

New epoch - lr: 0.003
[1/75 iteration of epoch 6/30] 
 {loss} cls : 0.040, total : 2.538 
 {acc} cls : 98.44
[31/75 iteration of epoch 6/30] 
 {loss} cls : 0.174, total : 2.782 
 {acc} cls : 96.09
[61/75 iteration of epoch 6/30] 
 {loss} cls : 0.040, total : 2.471 
 {acc} cls : 99.22
------------------------------
<Losses on train> cls : 0.134, total : 2.717
<Accuracies on train> cls : 96.23
Train epoch time: 24.420
------------------------------
<Accuracies on val> class : 86.12
------------------------------
<Accuracies on test> class : 53.28
------------------------------
<Accuracies on in> test class : 78.31
------------------------------
<Accuracies on random> test class : 28.12
------------------------------
<Accuracies on edge> test class : 21.88
------------------------------
<Accuracies on silo> test class : 35.62
------------------------------
Total epoch time: 45.046

New epoch - lr: 0.003
[1/75 iteration of epoch 7/30] 
 {loss} cls : 0.031, total : 2.461 
 {acc} cls : 99.22
[31/75 iteration of epoch 7/30] 
 {loss} cls : 0.055, total : 2.446 
 {acc} cls : 100.00
[61/75 iteration of epoch 7/30] 
 {loss} cls : 0.321, total : 3.214 
 {acc} cls : 90.62
------------------------------
<Losses on train> cls : 0.120, total : 2.657
<Accuracies on train> cls : 96.56
Train epoch time: 24.354
------------------------------
<Accuracies on val> class : 86.91
------------------------------
<Accuracies on test> class : 52.44
------------------------------
<Accuracies on in> test class : 78.94
------------------------------
<Accuracies on random> test class : 24.69
------------------------------
<Accuracies on edge> test class : 23.12
------------------------------
<Accuracies on silo> test class : 38.75
------------------------------
Total epoch time: 44.914

New epoch - lr: 0.003
[1/75 iteration of epoch 8/30] 
 {loss} cls : 0.016, total : 2.317 
 {acc} cls : 100.00
[31/75 iteration of epoch 8/30] 
 {loss} cls : 0.157, total : 2.662 
 {acc} cls : 93.75
[61/75 iteration of epoch 8/30] 
 {loss} cls : 0.081, total : 2.593 
 {acc} cls : 98.44
------------------------------
<Losses on train> cls : 0.102, total : 2.585
<Accuracies on train> cls : 97.18
Train epoch time: 24.392
------------------------------
<Accuracies on val> class : 85.81
------------------------------
<Accuracies on test> class : 52.59
------------------------------
<Accuracies on in> test class : 76.00
------------------------------
<Accuracies on random> test class : 28.83
------------------------------
<Accuracies on edge> test class : 30.00
------------------------------
<Accuracies on silo> test class : 31.25
------------------------------
Total epoch time: 44.903

New epoch - lr: 0.003
[1/75 iteration of epoch 9/30] 
 {loss} cls : 0.059, total : 2.522 
 {acc} cls : 98.44
[31/75 iteration of epoch 9/30] 
 {loss} cls : 0.203, total : 3.048 
 {acc} cls : 91.41
[61/75 iteration of epoch 9/30] 
 {loss} cls : 0.336, total : 3.230 
 {acc} cls : 90.62
------------------------------
<Losses on train> cls : 0.113, total : 2.611
<Accuracies on train> cls : 96.81
Train epoch time: 24.326
------------------------------
<Accuracies on val> class : 85.75
------------------------------
<Accuracies on test> class : 53.66
------------------------------
<Accuracies on in> test class : 77.62
------------------------------
<Accuracies on random> test class : 29.22
------------------------------
<Accuracies on edge> test class : 28.75
------------------------------
<Accuracies on silo> test class : 34.38
------------------------------
Total epoch time: 44.866

New epoch - lr: 0.003
[1/75 iteration of epoch 10/30] 
 {loss} cls : 0.196, total : 2.930 
 {acc} cls : 95.31
[31/75 iteration of epoch 10/30] 
 {loss} cls : 0.068, total : 2.400 
 {acc} cls : 98.44
[61/75 iteration of epoch 10/30] 
 {loss} cls : 0.038, total : 2.295 
 {acc} cls : 98.44
------------------------------
<Losses on train> cls : 0.100, total : 2.526
<Accuracies on train> cls : 97.27
Train epoch time: 24.498
------------------------------
<Accuracies on val> class : 85.94
------------------------------
<Accuracies on test> class : 54.44
------------------------------
<Accuracies on in> test class : 80.06
------------------------------
<Accuracies on random> test class : 27.97
------------------------------
<Accuracies on edge> test class : 25.62
------------------------------
<Accuracies on silo> test class : 38.75
------------------------------
Total epoch time: 45.046

New epoch - lr: 0.003
[1/75 iteration of epoch 11/30] 
 {loss} cls : 0.363, total : 3.388 
 {acc} cls : 89.06
[31/75 iteration of epoch 11/30] 
 {loss} cls : 0.018, total : 2.294 
 {acc} cls : 100.00
[61/75 iteration of epoch 11/30] 
 {loss} cls : 0.039, total : 2.322 
 {acc} cls : 99.22
------------------------------
<Losses on train> cls : 0.073, total : 2.481
<Accuracies on train> cls : 97.95
Train epoch time: 24.395
------------------------------
<Accuracies on val> class : 85.75
------------------------------
<Accuracies on test> class : 52.66
------------------------------
<Accuracies on in> test class : 76.81
------------------------------
<Accuracies on random> test class : 26.80
------------------------------
<Accuracies on edge> test class : 31.87
------------------------------
<Accuracies on silo> test class : 38.75
------------------------------
Total epoch time: 44.987

New epoch - lr: 0.003
[1/75 iteration of epoch 12/30] 
 {loss} cls : 0.048, total : 2.429 
 {acc} cls : 99.22
[31/75 iteration of epoch 12/30] 
 {loss} cls : 0.074, total : 2.405 
 {acc} cls : 96.88
[61/75 iteration of epoch 12/30] 
 {loss} cls : 0.025, total : 2.304 
 {acc} cls : 100.00
------------------------------
<Losses on train> cls : 0.073, total : 2.442
<Accuracies on train> cls : 97.82
Train epoch time: 24.363
------------------------------
<Accuracies on val> class : 85.59
------------------------------
<Accuracies on test> class : 53.75
------------------------------
<Accuracies on in> test class : 77.25
------------------------------
<Accuracies on random> test class : 28.83
------------------------------
<Accuracies on edge> test class : 30.63
------------------------------
<Accuracies on silo> test class : 41.25
------------------------------
Total epoch time: 44.870

New epoch - lr: 0.003
[1/75 iteration of epoch 13/30] 
 {loss} cls : 0.047, total : 2.405 
 {acc} cls : 99.22
[31/75 iteration of epoch 13/30] 
 {loss} cls : 0.049, total : 2.333 
 {acc} cls : 99.22
[61/75 iteration of epoch 13/30] 
 {loss} cls : 0.101, total : 2.485 
 {acc} cls : 96.88
------------------------------
<Losses on train> cls : 0.067, total : 2.413
<Accuracies on train> cls : 98.07
Train epoch time: 24.365
------------------------------
<Accuracies on val> class : 85.91
------------------------------
<Accuracies on test> class : 53.37
------------------------------
<Accuracies on in> test class : 77.31
------------------------------
<Accuracies on random> test class : 29.22
------------------------------
<Accuracies on edge> test class : 25.00
------------------------------
<Accuracies on silo> test class : 35.62
------------------------------
Total epoch time: 44.817

New epoch - lr: 0.003
[1/75 iteration of epoch 14/30] 
 {loss} cls : 0.012, total : 2.183 
 {acc} cls : 100.00
[31/75 iteration of epoch 14/30] 
 {loss} cls : 0.045, total : 2.287 
 {acc} cls : 99.22
[61/75 iteration of epoch 14/30] 
 {loss} cls : 0.041, total : 2.318 
 {acc} cls : 97.66
------------------------------
<Losses on train> cls : 0.084, total : 2.453
<Accuracies on train> cls : 97.62
Train epoch time: 24.412
------------------------------
<Accuracies on val> class : 85.72
------------------------------
<Accuracies on test> class : 54.37
------------------------------
<Accuracies on in> test class : 78.00
------------------------------
<Accuracies on random> test class : 29.61
------------------------------
<Accuracies on edge> test class : 27.50
------------------------------
<Accuracies on silo> test class : 43.12
------------------------------
Total epoch time: 44.982

New epoch - lr: 0.003
[1/75 iteration of epoch 15/30] 
 {loss} cls : 0.245, total : 2.919 
 {acc} cls : 90.62
[31/75 iteration of epoch 15/30] 
 {loss} cls : 0.141, total : 2.601 
 {acc} cls : 96.88
[61/75 iteration of epoch 15/30] 
 {loss} cls : 0.052, total : 2.328 
 {acc} cls : 97.66
------------------------------
<Losses on train> cls : 0.060, total : 2.357
<Accuracies on train> cls : 98.36
Train epoch time: 24.443
------------------------------
<Accuracies on val> class : 85.50
------------------------------
<Accuracies on test> class : 54.37
------------------------------
<Accuracies on in> test class : 77.62
------------------------------
<Accuracies on random> test class : 30.23
------------------------------
<Accuracies on edge> test class : 25.00
------------------------------
<Accuracies on silo> test class : 44.38
------------------------------
Total epoch time: 44.981

New epoch - lr: 0.003
[1/75 iteration of epoch 16/30] 
 {loss} cls : 0.108, total : 2.471 
 {acc} cls : 98.44
[31/75 iteration of epoch 16/30] 
 {loss} cls : 0.014, total : 2.195 
 {acc} cls : 100.00
[61/75 iteration of epoch 16/30] 
 {loss} cls : 0.067, total : 2.506 
 {acc} cls : 97.66
------------------------------
<Losses on train> cls : 0.057, total : 2.354
<Accuracies on train> cls : 98.46
Train epoch time: 24.367
------------------------------
<Accuracies on val> class : 85.03
------------------------------
<Accuracies on test> class : 52.78
------------------------------
<Accuracies on in> test class : 74.81
------------------------------
<Accuracies on random> test class : 30.00
------------------------------
<Accuracies on edge> test class : 23.12
------------------------------
<Accuracies on silo> test class : 44.38
------------------------------
Total epoch time: 44.905

New epoch - lr: 0.003
[1/75 iteration of epoch 17/30] 
 {loss} cls : 0.069, total : 2.474 
 {acc} cls : 98.44
[31/75 iteration of epoch 17/30] 
 {loss} cls : 0.013, total : 2.221 
 {acc} cls : 99.22
[61/75 iteration of epoch 17/30] 
 {loss} cls : 0.014, total : 2.188 
 {acc} cls : 100.00
------------------------------
<Losses on train> cls : 0.044, total : 2.319
<Accuracies on train> cls : 98.92
Train epoch time: 24.394
------------------------------
<Accuracies on val> class : 84.91
------------------------------
<Accuracies on test> class : 54.28
------------------------------
<Accuracies on in> test class : 76.94
------------------------------
<Accuracies on random> test class : 32.50
------------------------------
<Accuracies on edge> test class : 23.75
------------------------------
<Accuracies on silo> test class : 32.50
------------------------------
Total epoch time: 44.939

New epoch - lr: 0.003
[1/75 iteration of epoch 18/30] 
 {loss} cls : 0.039, total : 2.362 
 {acc} cls : 100.00
[31/75 iteration of epoch 18/30] 
 {loss} cls : 0.067, total : 2.453 
 {acc} cls : 99.22
[61/75 iteration of epoch 18/30] 
 {loss} cls : 0.013, total : 2.319 
 {acc} cls : 100.00
------------------------------
<Losses on train> cls : 0.064, total : 2.361
<Accuracies on train> cls : 98.29
Train epoch time: 24.359
------------------------------
<Accuracies on val> class : 84.44
------------------------------
<Accuracies on test> class : 53.31
------------------------------
<Accuracies on in> test class : 75.88
------------------------------
<Accuracies on random> test class : 31.17
------------------------------
<Accuracies on edge> test class : 23.12
------------------------------
<Accuracies on silo> test class : 35.00
------------------------------
Total epoch time: 44.963

New epoch - lr: 0.003
[1/75 iteration of epoch 19/30] 
 {loss} cls : 0.070, total : 2.351 
 {acc} cls : 97.66
[31/75 iteration of epoch 19/30] 
 {loss} cls : 0.013, total : 2.184 
 {acc} cls : 100.00
[61/75 iteration of epoch 19/30] 
 {loss} cls : 0.019, total : 2.170 
 {acc} cls : 99.22
------------------------------
<Losses on train> cls : 0.049, total : 2.310
<Accuracies on train> cls : 98.72
Train epoch time: 24.288
------------------------------
<Accuracies on val> class : 86.16
------------------------------
<Accuracies on test> class : 55.19
------------------------------
<Accuracies on in> test class : 78.38
------------------------------
<Accuracies on random> test class : 31.41
------------------------------
<Accuracies on edge> test class : 30.63
------------------------------
<Accuracies on silo> test class : 38.12
------------------------------
Total epoch time: 44.837

New epoch - lr: 0.003
[1/75 iteration of epoch 20/30] 
 {loss} cls : 0.084, total : 2.386 
 {acc} cls : 97.66
[31/75 iteration of epoch 20/30] 
 {loss} cls : 0.016, total : 2.258 
 {acc} cls : 100.00
[61/75 iteration of epoch 20/30] 
 {loss} cls : 0.137, total : 2.672 
 {acc} cls : 95.31
------------------------------
<Losses on train> cls : 0.052, total : 2.329
<Accuracies on train> cls : 98.49
Train epoch time: 24.373
------------------------------
<Accuracies on val> class : 85.06
------------------------------
<Accuracies on test> class : 54.56
------------------------------
<Accuracies on in> test class : 76.69
------------------------------
<Accuracies on random> test class : 31.80
------------------------------
<Accuracies on edge> test class : 31.87
------------------------------
<Accuracies on silo> test class : 38.12
------------------------------
Total epoch time: 44.901

New epoch - lr: 0.003
[1/75 iteration of epoch 21/30] 
 {loss} cls : 0.010, total : 2.248 
 {acc} cls : 100.00
[31/75 iteration of epoch 21/30] 
 {loss} cls : 0.312, total : 3.091 
 {acc} cls : 91.41
[61/75 iteration of epoch 21/30] 
 {loss} cls : 0.036, total : 2.301 
 {acc} cls : 99.22
------------------------------
<Losses on train> cls : 0.079, total : 2.402
<Accuracies on train> cls : 97.51
Train epoch time: 24.471
------------------------------
<Accuracies on val> class : 84.44
------------------------------
<Accuracies on test> class : 53.81
------------------------------
<Accuracies on in> test class : 75.81
------------------------------
<Accuracies on random> test class : 29.53
------------------------------
<Accuracies on edge> test class : 41.25
------------------------------
<Accuracies on silo> test class : 40.62
------------------------------
Total epoch time: 45.016

New epoch - lr: 0.003
[1/75 iteration of epoch 22/30] 
 {loss} cls : 0.020, total : 2.371 
 {acc} cls : 99.22
[31/75 iteration of epoch 22/30] 
 {loss} cls : 0.019, total : 2.106 
 {acc} cls : 99.22
[61/75 iteration of epoch 22/30] 
 {loss} cls : 0.006, total : 2.156 
 {acc} cls : 100.00
------------------------------
<Losses on train> cls : 0.057, total : 2.345
<Accuracies on train> cls : 98.49
Train epoch time: 24.361
------------------------------
<Accuracies on val> class : 85.28
------------------------------
<Accuracies on test> class : 55.00
------------------------------
<Accuracies on in> test class : 76.81
------------------------------
<Accuracies on random> test class : 32.89
------------------------------
<Accuracies on edge> test class : 34.38
------------------------------
<Accuracies on silo> test class : 34.38
------------------------------
Total epoch time: 44.939

New epoch - lr: 0.003
[1/75 iteration of epoch 23/30] 
 {loss} cls : 0.011, total : 2.149 
 {acc} cls : 100.00
[31/75 iteration of epoch 23/30] 
 {loss} cls : 0.005, total : 2.147 
 {acc} cls : 100.00
[61/75 iteration of epoch 23/30] 
 {loss} cls : 0.010, total : 2.127 
 {acc} cls : 100.00
------------------------------
<Losses on train> cls : 0.037, total : 2.263
<Accuracies on train> cls : 99.03
Train epoch time: 24.427
------------------------------
<Accuracies on val> class : 84.12
------------------------------
<Accuracies on test> class : 55.38
------------------------------
<Accuracies on in> test class : 75.12
------------------------------
<Accuracies on random> test class : 34.84
------------------------------
<Accuracies on edge> test class : 35.00
------------------------------
<Accuracies on silo> test class : 42.50
------------------------------
Total epoch time: 45.005

New epoch - lr: 0.003
[1/75 iteration of epoch 24/30] 
 {loss} cls : 0.145, total : 2.556 
 {acc} cls : 95.31
[31/75 iteration of epoch 24/30] 
 {loss} cls : 0.013, total : 2.156 
 {acc} cls : 100.00
[61/75 iteration of epoch 24/30] 
 {loss} cls : 0.097, total : 2.496 
 {acc} cls : 97.66
------------------------------
<Losses on train> cls : 0.025, total : 2.223
<Accuracies on train> cls : 99.42
Train epoch time: 24.396
------------------------------
<Accuracies on val> class : 84.88
------------------------------
<Accuracies on test> class : 55.00
------------------------------
<Accuracies on in> test class : 76.12
------------------------------
<Accuracies on random> test class : 33.36
------------------------------
<Accuracies on edge> test class : 37.50
------------------------------
<Accuracies on silo> test class : 34.38
------------------------------
Total epoch time: 44.912

New epoch - lr: 0.003
[1/75 iteration of epoch 25/30] 
 {loss} cls : 0.029, total : 2.285 
 {acc} cls : 100.00
[31/75 iteration of epoch 25/30] 
 {loss} cls : 0.019, total : 2.182 
 {acc} cls : 99.22
[61/75 iteration of epoch 25/30] 
 {loss} cls : 0.026, total : 2.175 
 {acc} cls : 100.00
------------------------------
<Losses on train> cls : 0.046, total : 2.291
<Accuracies on train> cls : 98.72
Train epoch time: 24.325
------------------------------
<Accuracies on val> class : 84.88
------------------------------
<Accuracies on test> class : 55.66
------------------------------
<Accuracies on in> test class : 76.06
------------------------------
<Accuracies on random> test class : 33.91
------------------------------
<Accuracies on edge> test class : 40.00
------------------------------
<Accuracies on silo> test class : 41.25
------------------------------
Total epoch time: 44.922

New epoch - lr: 0.003
[1/75 iteration of epoch 26/30] 
 {loss} cls : 0.003, total : 2.190 
 {acc} cls : 100.00
[31/75 iteration of epoch 26/30] 
 {loss} cls : 0.136, total : 2.559 
 {acc} cls : 95.31
[61/75 iteration of epoch 26/30] 
 {loss} cls : 0.009, total : 2.166 
 {acc} cls : 100.00
------------------------------
<Losses on train> cls : 0.041, total : 2.270
<Accuracies on train> cls : 98.94
Train epoch time: 24.463
------------------------------
<Accuracies on val> class : 85.19
------------------------------
<Accuracies on test> class : 56.38
------------------------------
<Accuracies on in> test class : 75.31
------------------------------
<Accuracies on random> test class : 35.94
------------------------------
<Accuracies on edge> test class : 43.12
------------------------------
<Accuracies on silo> test class : 43.75
------------------------------
Total epoch time: 45.069

New epoch - lr: 0.0009000000000000002
[1/75 iteration of epoch 27/30] 
 {loss} cls : 0.008, total : 2.152 
 {acc} cls : 100.00
[31/75 iteration of epoch 27/30] 
 {loss} cls : 0.065, total : 2.341 
 {acc} cls : 96.88
[61/75 iteration of epoch 27/30] 
 {loss} cls : 0.006, total : 2.220 
 {acc} cls : 100.00
------------------------------
<Losses on train> cls : 0.033, total : 2.253
<Accuracies on train> cls : 99.18
Train epoch time: 24.330
------------------------------
<Accuracies on val> class : 85.69
------------------------------
<Accuracies on test> class : 56.34
------------------------------
<Accuracies on in> test class : 75.56
------------------------------
<Accuracies on random> test class : 36.25
------------------------------
<Accuracies on edge> test class : 42.50
------------------------------
<Accuracies on silo> test class : 38.75
------------------------------
Total epoch time: 44.906

New epoch - lr: 0.0009000000000000002
[1/75 iteration of epoch 28/30] 
 {loss} cls : 0.122, total : 2.526 
 {acc} cls : 96.09
[31/75 iteration of epoch 28/30] 
 {loss} cls : 0.007, total : 2.134 
 {acc} cls : 100.00
[61/75 iteration of epoch 28/30] 
 {loss} cls : 0.004, total : 2.213 
 {acc} cls : 100.00
------------------------------
<Losses on train> cls : 0.034, total : 2.241
<Accuracies on train> cls : 99.08
Train epoch time: 24.393
------------------------------
<Accuracies on val> class : 85.66
------------------------------
<Accuracies on test> class : 57.00
------------------------------
<Accuracies on in> test class : 76.31
------------------------------
<Accuracies on random> test class : 36.33
------------------------------
<Accuracies on edge> test class : 43.75
------------------------------
<Accuracies on silo> test class : 42.50
------------------------------
Total epoch time: 44.954

New epoch - lr: 0.0009000000000000002
[1/75 iteration of epoch 29/30] 
 {loss} cls : 0.012, total : 2.143 
 {acc} cls : 100.00
[31/75 iteration of epoch 29/30] 
 {loss} cls : 0.006, total : 2.080 
 {acc} cls : 100.00
[61/75 iteration of epoch 29/30] 
 {loss} cls : 0.020, total : 2.195 
 {acc} cls : 100.00
------------------------------
<Losses on train> cls : 0.021, total : 2.193
<Accuracies on train> cls : 99.47
Train epoch time: 24.454
------------------------------
<Accuracies on val> class : 85.50
------------------------------
<Accuracies on test> class : 56.50
------------------------------
<Accuracies on in> test class : 76.00
------------------------------
<Accuracies on random> test class : 36.17
------------------------------
<Accuracies on edge> test class : 40.62
------------------------------
<Accuracies on silo> test class : 40.00
------------------------------
Total epoch time: 44.980

New epoch - lr: 0.0009000000000000002
[1/75 iteration of epoch 30/30] 
 {loss} cls : 0.104, total : 2.430 
 {acc} cls : 98.44
[31/75 iteration of epoch 30/30] 
 {loss} cls : 0.077, total : 2.380 
 {acc} cls : 98.44
[61/75 iteration of epoch 30/30] 
 {loss} cls : 0.005, total : 2.121 
 {acc} cls : 100.00
------------------------------
<Losses on train> cls : 0.024, total : 2.212
<Accuracies on train> cls : 99.47
Train epoch time: 24.301
------------------------------
<Accuracies on val> class : 85.78
------------------------------
<Accuracies on test> class : 57.16
------------------------------
<Accuracies on in> test class : 76.31
------------------------------
<Accuracies on random> test class : 37.11
------------------------------
<Accuracies on edge> test class : 40.62
------------------------------
<Accuracies on silo> test class : 42.50
------------------------------
Total epoch time: 44.909

******************************
Best val 0.876562, corresponding test 0.50875 - best test: 0.571563

******************************
Best val 0.8765624761581421, corresponding in test 0.8299999833106995

******************************
Best val 0.8765624761581421, corresponding random test 0.18828125298023224

******************************
Best val 0.8765624761581421, corresponding edge test 0.14374999701976776

******************************
Best val 0.8765624761581421, corresponding silo test 0.22499999403953552
