
Loading experiment Officehome/ResNet18_step


New epoch - lr: 0.003
[1/34 iteration of epoch 1/50] 
 {loss} cls : 4.330, total : 4.330 
 {acc} cls : 1.56
[31/34 iteration of epoch 1/50] 
 {loss} cls : 1.967, total : 1.967 
 {acc} cls : 52.34
------------------------------
<Losses on train> cls : 2.838, total : 2.838
<Accuracies on train> cls : 34.51
Train epoch time: 31.966
------------------------------
<Accuracies on val> class : 47.52
------------------------------
<Accuracies on test> class : 40.45
------------------------------
<Accuracies on Clipart> test class : 30.26
------------------------------
<Accuracies on Product> test class : 40.84
------------------------------
<Accuracies on Real_World> test class : 50.26
------------------------------
Total epoch time: 274.106

New epoch - lr: 0.003
[1/34 iteration of epoch 2/50] 
 {loss} cls : 1.209, total : 1.209 
 {acc} cls : 70.31
[31/34 iteration of epoch 2/50] 
 {loss} cls : 1.317, total : 1.317 
 {acc} cls : 67.19
------------------------------
<Losses on train> cls : 1.165, total : 1.165
<Accuracies on train> cls : 68.96
Train epoch time: 28.219
------------------------------
<Accuracies on val> class : 59.92
------------------------------
<Accuracies on test> class : 51.65
------------------------------
<Accuracies on Clipart> test class : 39.34
------------------------------
<Accuracies on Product> test class : 52.98
------------------------------
<Accuracies on Real_World> test class : 62.63
------------------------------
Total epoch time: 272.336

New epoch - lr: 0.003
[1/34 iteration of epoch 3/50] 
 {loss} cls : 0.706, total : 0.706 
 {acc} cls : 84.38
[31/34 iteration of epoch 3/50] 
 {loss} cls : 0.717, total : 0.717 
 {acc} cls : 79.69
------------------------------
<Losses on train> cls : 0.713, total : 0.713
<Accuracies on train> cls : 81.00
Train epoch time: 25.984
------------------------------
<Accuracies on val> class : 56.20
------------------------------
<Accuracies on test> class : 49.87
------------------------------
<Accuracies on Clipart> test class : 37.50
------------------------------
<Accuracies on Product> test class : 50.37
------------------------------
<Accuracies on Real_World> test class : 61.76
------------------------------
Total epoch time: 273.392

New epoch - lr: 0.003
[1/34 iteration of epoch 4/50] 
 {loss} cls : 0.805, total : 0.805 
 {acc} cls : 78.91
[31/34 iteration of epoch 4/50] 
 {loss} cls : 0.550, total : 0.550 
 {acc} cls : 85.94
------------------------------
<Losses on train> cls : 0.510, total : 0.510
<Accuracies on train> cls : 86.76
Train epoch time: 26.082
------------------------------
<Accuracies on val> class : 60.74
------------------------------
<Accuracies on test> class : 53.61
------------------------------
<Accuracies on Clipart> test class : 40.23
------------------------------
<Accuracies on Product> test class : 55.37
------------------------------
<Accuracies on Real_World> test class : 65.21
------------------------------
Total epoch time: 275.644

New epoch - lr: 0.003
[1/34 iteration of epoch 5/50] 
 {loss} cls : 0.322, total : 0.322 
 {acc} cls : 93.75
[31/34 iteration of epoch 5/50] 
 {loss} cls : 0.365, total : 0.365 
 {acc} cls : 89.84
------------------------------
<Losses on train> cls : 0.360, total : 0.360
<Accuracies on train> cls : 90.40
Train epoch time: 25.227
------------------------------
<Accuracies on val> class : 64.46
------------------------------
<Accuracies on test> class : 53.58
------------------------------
<Accuracies on Clipart> test class : 39.29
------------------------------
<Accuracies on Product> test class : 56.00
------------------------------
<Accuracies on Real_World> test class : 65.43
------------------------------
Total epoch time: 277.057

New epoch - lr: 0.003
[1/34 iteration of epoch 6/50] 
 {loss} cls : 0.250, total : 0.250 
 {acc} cls : 94.53
[31/34 iteration of epoch 6/50] 
 {loss} cls : 0.211, total : 0.211 
 {acc} cls : 98.44
------------------------------
<Losses on train> cls : 0.268, total : 0.268
<Accuracies on train> cls : 93.96
Train epoch time: 24.823
------------------------------
<Accuracies on val> class : 65.70
------------------------------
<Accuracies on test> class : 54.09
------------------------------
<Accuracies on Clipart> test class : 39.89
------------------------------
<Accuracies on Product> test class : 56.32
------------------------------
<Accuracies on Real_World> test class : 66.05
------------------------------
Total epoch time: 274.419

New epoch - lr: 0.003
[1/34 iteration of epoch 7/50] 
 {loss} cls : 0.204, total : 0.204 
 {acc} cls : 96.88
[31/34 iteration of epoch 7/50] 
 {loss} cls : 0.316, total : 0.316 
 {acc} cls : 92.97
------------------------------
<Losses on train> cls : 0.213, total : 0.213
<Accuracies on train> cls : 95.36
Train epoch time: 25.986
------------------------------
<Accuracies on val> class : 62.81
------------------------------
<Accuracies on test> class : 54.40
------------------------------
<Accuracies on Clipart> test class : 40.27
------------------------------
<Accuracies on Product> test class : 56.59
------------------------------
<Accuracies on Real_World> test class : 66.31
------------------------------
Total epoch time: 274.018

New epoch - lr: 0.003
[1/34 iteration of epoch 8/50] 
 {loss} cls : 0.219, total : 0.219 
 {acc} cls : 93.75
[31/34 iteration of epoch 8/50] 
 {loss} cls : 0.105, total : 0.105 
 {acc} cls : 96.88
------------------------------
<Losses on train> cls : 0.184, total : 0.184
<Accuracies on train> cls : 95.70
Train epoch time: 24.528
------------------------------
<Accuracies on val> class : 61.57
------------------------------
<Accuracies on test> class : 53.60
------------------------------
<Accuracies on Clipart> test class : 38.74
------------------------------
<Accuracies on Product> test class : 56.36
------------------------------
<Accuracies on Real_World> test class : 65.66
------------------------------
Total epoch time: 271.898

New epoch - lr: 0.003
[1/34 iteration of epoch 9/50] 
 {loss} cls : 0.100, total : 0.100 
 {acc} cls : 98.44
[31/34 iteration of epoch 9/50] 
 {loss} cls : 0.166, total : 0.166 
 {acc} cls : 96.09
------------------------------
<Losses on train> cls : 0.162, total : 0.162
<Accuracies on train> cls : 96.48
Train epoch time: 24.587
------------------------------
<Accuracies on val> class : 64.46
------------------------------
<Accuracies on test> class : 54.48
------------------------------
<Accuracies on Clipart> test class : 41.10
------------------------------
<Accuracies on Product> test class : 55.94
------------------------------
<Accuracies on Real_World> test class : 66.40
------------------------------
Total epoch time: 273.270

New epoch - lr: 0.003
[1/34 iteration of epoch 10/50] 
 {loss} cls : 0.136, total : 0.136 
 {acc} cls : 96.88
[31/34 iteration of epoch 10/50] 
 {loss} cls : 0.178, total : 0.178 
 {acc} cls : 95.31
------------------------------
<Losses on train> cls : 0.131, total : 0.131
<Accuracies on train> cls : 97.22
Train epoch time: 26.114
------------------------------
<Accuracies on val> class : 65.29
------------------------------
<Accuracies on test> class : 55.12
------------------------------
<Accuracies on Clipart> test class : 40.87
------------------------------
<Accuracies on Product> test class : 57.74
------------------------------
<Accuracies on Real_World> test class : 66.72
------------------------------
Total epoch time: 274.258

New epoch - lr: 0.003
[1/34 iteration of epoch 11/50] 
 {loss} cls : 0.124, total : 0.124 
 {acc} cls : 96.88
[31/34 iteration of epoch 11/50] 
 {loss} cls : 0.164, total : 0.164 
 {acc} cls : 95.31
------------------------------
<Losses on train> cls : 0.129, total : 0.129
<Accuracies on train> cls : 97.06
Train epoch time: 25.126
------------------------------
<Accuracies on val> class : 64.46
------------------------------
<Accuracies on test> class : 54.89
------------------------------
<Accuracies on Clipart> test class : 40.89
------------------------------
<Accuracies on Product> test class : 57.24
------------------------------
<Accuracies on Real_World> test class : 66.51
------------------------------
Total epoch time: 274.802

New epoch - lr: 0.003
[1/34 iteration of epoch 12/50] 
 {loss} cls : 0.154, total : 0.154 
 {acc} cls : 94.53
[31/34 iteration of epoch 12/50] 
 {loss} cls : 0.045, total : 0.045 
 {acc} cls : 99.22
------------------------------
<Losses on train> cls : 0.108, total : 0.108
<Accuracies on train> cls : 97.40
Train epoch time: 25.360
------------------------------
<Accuracies on val> class : 66.94
------------------------------
<Accuracies on test> class : 54.59
------------------------------
<Accuracies on Clipart> test class : 40.41
------------------------------
<Accuracies on Product> test class : 57.15
------------------------------
<Accuracies on Real_World> test class : 66.19
------------------------------
Total epoch time: 275.684

New epoch - lr: 0.003
[1/34 iteration of epoch 13/50] 
 {loss} cls : 0.078, total : 0.078 
 {acc} cls : 97.66
[31/34 iteration of epoch 13/50] 
 {loss} cls : 0.051, total : 0.051 
 {acc} cls : 99.22
------------------------------
<Losses on train> cls : 0.106, total : 0.106
<Accuracies on train> cls : 97.52
Train epoch time: 24.789
------------------------------
<Accuracies on val> class : 61.98
------------------------------
<Accuracies on test> class : 53.73
------------------------------
<Accuracies on Clipart> test class : 40.32
------------------------------
<Accuracies on Product> test class : 55.40
------------------------------
<Accuracies on Real_World> test class : 65.48
------------------------------
Total epoch time: 273.046

New epoch - lr: 0.003
[1/34 iteration of epoch 14/50] 
 {loss} cls : 0.103, total : 0.103 
 {acc} cls : 96.88
[31/34 iteration of epoch 14/50] 
 {loss} cls : 0.092, total : 0.092 
 {acc} cls : 96.88
------------------------------
<Losses on train> cls : 0.101, total : 0.101
<Accuracies on train> cls : 97.75
Train epoch time: 24.360
------------------------------
<Accuracies on val> class : 62.40
------------------------------
<Accuracies on test> class : 54.21
------------------------------
<Accuracies on Clipart> test class : 40.25
------------------------------
<Accuracies on Product> test class : 56.90
------------------------------
<Accuracies on Real_World> test class : 65.43
------------------------------
Total epoch time: 271.215

New epoch - lr: 0.003
[1/34 iteration of epoch 15/50] 
 {loss} cls : 0.081, total : 0.081 
 {acc} cls : 99.22
[31/34 iteration of epoch 15/50] 
 {loss} cls : 0.044, total : 0.044 
 {acc} cls : 99.22
------------------------------
<Losses on train> cls : 0.101, total : 0.101
<Accuracies on train> cls : 97.86
Train epoch time: 24.350
------------------------------
<Accuracies on val> class : 64.05
------------------------------
<Accuracies on test> class : 54.30
------------------------------
<Accuracies on Clipart> test class : 40.41
------------------------------
<Accuracies on Product> test class : 56.16
------------------------------
<Accuracies on Real_World> test class : 66.33
------------------------------
Total epoch time: 266.626

New epoch - lr: 0.003
[1/34 iteration of epoch 16/50] 
 {loss} cls : 0.105, total : 0.105 
 {acc} cls : 96.09
[31/34 iteration of epoch 16/50] 
 {loss} cls : 0.163, total : 0.163 
 {acc} cls : 96.88
------------------------------
<Losses on train> cls : 0.104, total : 0.104
<Accuracies on train> cls : 97.63
Train epoch time: 24.253
------------------------------
<Accuracies on val> class : 69.42
------------------------------
<Accuracies on test> class : 55.00
------------------------------
<Accuracies on Clipart> test class : 40.85
------------------------------
<Accuracies on Product> test class : 57.42
------------------------------
<Accuracies on Real_World> test class : 66.72
------------------------------
Total epoch time: 253.826

New epoch - lr: 0.003
[1/34 iteration of epoch 17/50] 
 {loss} cls : 0.021, total : 0.021 
 {acc} cls : 99.22
[31/34 iteration of epoch 17/50] 
 {loss} cls : 0.051, total : 0.051 
 {acc} cls : 98.44
------------------------------
<Losses on train> cls : 0.096, total : 0.096
<Accuracies on train> cls : 97.61
Train epoch time: 23.575
------------------------------
<Accuracies on val> class : 63.64
------------------------------
<Accuracies on test> class : 54.47
------------------------------
<Accuracies on Clipart> test class : 41.35
------------------------------
<Accuracies on Product> test class : 55.98
------------------------------
<Accuracies on Real_World> test class : 66.08
------------------------------
Total epoch time: 254.351

New epoch - lr: 0.003
[1/34 iteration of epoch 18/50] 
 {loss} cls : 0.029, total : 0.029 
 {acc} cls : 100.00
[31/34 iteration of epoch 18/50] 
 {loss} cls : 0.057, total : 0.057 
 {acc} cls : 99.22
------------------------------
<Losses on train> cls : 0.076, total : 0.076
<Accuracies on train> cls : 98.41
Train epoch time: 23.839
------------------------------
<Accuracies on val> class : 64.46
------------------------------
<Accuracies on test> class : 53.80
------------------------------
<Accuracies on Clipart> test class : 39.63
------------------------------
<Accuracies on Product> test class : 55.82
------------------------------
<Accuracies on Real_World> test class : 65.94
------------------------------
Total epoch time: 252.361

New epoch - lr: 0.003
[1/34 iteration of epoch 19/50] 
 {loss} cls : 0.084, total : 0.084 
 {acc} cls : 96.88
[31/34 iteration of epoch 19/50] 
 {loss} cls : 0.083, total : 0.083 
 {acc} cls : 98.44
------------------------------
<Losses on train> cls : 0.070, total : 0.070
<Accuracies on train> cls : 98.41
Train epoch time: 22.634
------------------------------
<Accuracies on val> class : 65.29
------------------------------
<Accuracies on test> class : 55.32
------------------------------
<Accuracies on Clipart> test class : 42.98
------------------------------
<Accuracies on Product> test class : 56.57
------------------------------
<Accuracies on Real_World> test class : 66.42
------------------------------
Total epoch time: 253.508

New epoch - lr: 0.003
[1/34 iteration of epoch 20/50] 
 {loss} cls : 0.039, total : 0.039 
 {acc} cls : 99.22
[31/34 iteration of epoch 20/50] 
 {loss} cls : 0.052, total : 0.052 
 {acc} cls : 98.44
------------------------------
<Losses on train> cls : 0.082, total : 0.082
<Accuracies on train> cls : 98.14
Train epoch time: 23.160
------------------------------
<Accuracies on val> class : 64.46
------------------------------
<Accuracies on test> class : 54.55
------------------------------
<Accuracies on Clipart> test class : 40.94
------------------------------
<Accuracies on Product> test class : 56.52
------------------------------
<Accuracies on Real_World> test class : 66.17
------------------------------
Total epoch time: 256.209

New epoch - lr: 0.003
[1/34 iteration of epoch 21/50] 
 {loss} cls : 0.042, total : 0.042 
 {acc} cls : 99.22
[31/34 iteration of epoch 21/50] 
 {loss} cls : 0.063, total : 0.063 
 {acc} cls : 98.44
------------------------------
<Losses on train> cls : 0.070, total : 0.070
<Accuracies on train> cls : 98.21
Train epoch time: 22.492
------------------------------
<Accuracies on val> class : 64.88
------------------------------
<Accuracies on test> class : 54.31
------------------------------
<Accuracies on Clipart> test class : 40.37
------------------------------
<Accuracies on Product> test class : 56.48
------------------------------
<Accuracies on Real_World> test class : 66.08
------------------------------
Total epoch time: 251.003

New epoch - lr: 0.003
[1/34 iteration of epoch 22/50] 
 {loss} cls : 0.057, total : 0.057 
 {acc} cls : 98.44
[31/34 iteration of epoch 22/50] 
 {loss} cls : 0.055, total : 0.055 
 {acc} cls : 96.88
------------------------------
<Losses on train> cls : 0.074, total : 0.074
<Accuracies on train> cls : 98.12
Train epoch time: 22.376
------------------------------
<Accuracies on val> class : 66.12
------------------------------
<Accuracies on test> class : 54.08
------------------------------
<Accuracies on Clipart> test class : 40.21
------------------------------
<Accuracies on Product> test class : 56.25
------------------------------
<Accuracies on Real_World> test class : 65.78
------------------------------
Total epoch time: 255.308

New epoch - lr: 0.003
[1/34 iteration of epoch 23/50] 
 {loss} cls : 0.050, total : 0.050 
 {acc} cls : 98.44
[31/34 iteration of epoch 23/50] 
 {loss} cls : 0.093, total : 0.093 
 {acc} cls : 97.66
------------------------------
<Losses on train> cls : 0.073, total : 0.073
<Accuracies on train> cls : 98.32
Train epoch time: 22.468
------------------------------
<Accuracies on val> class : 65.70
------------------------------
<Accuracies on test> class : 55.57
------------------------------
<Accuracies on Clipart> test class : 41.86
------------------------------
<Accuracies on Product> test class : 58.08
------------------------------
<Accuracies on Real_World> test class : 66.77
------------------------------
Total epoch time: 250.785

New epoch - lr: 0.003
[1/34 iteration of epoch 24/50] 
 {loss} cls : 0.078, total : 0.078 
 {acc} cls : 97.66
[31/34 iteration of epoch 24/50] 
 {loss} cls : 0.089, total : 0.089 
 {acc} cls : 96.09
------------------------------
<Losses on train> cls : 0.063, total : 0.063
<Accuracies on train> cls : 98.46
Train epoch time: 22.103
------------------------------
<Accuracies on val> class : 64.88
------------------------------
<Accuracies on test> class : 55.22
------------------------------
<Accuracies on Clipart> test class : 41.79
------------------------------
<Accuracies on Product> test class : 57.51
------------------------------
<Accuracies on Real_World> test class : 66.35
------------------------------
Total epoch time: 252.090

New epoch - lr: 0.003
[1/34 iteration of epoch 25/50] 
 {loss} cls : 0.082, total : 0.082 
 {acc} cls : 98.44
[31/34 iteration of epoch 25/50] 
 {loss} cls : 0.078, total : 0.078 
 {acc} cls : 97.66
------------------------------
<Losses on train> cls : 0.060, total : 0.060
<Accuracies on train> cls : 98.39
Train epoch time: 22.354
------------------------------
<Accuracies on val> class : 65.29
------------------------------
<Accuracies on test> class : 55.07
------------------------------
<Accuracies on Clipart> test class : 41.51
------------------------------
<Accuracies on Product> test class : 57.78
------------------------------
<Accuracies on Real_World> test class : 65.89
------------------------------
Total epoch time: 252.608

New epoch - lr: 0.003
[1/34 iteration of epoch 26/50] 
 {loss} cls : 0.007, total : 0.007 
 {acc} cls : 100.00
[31/34 iteration of epoch 26/50] 
 {loss} cls : 0.060, total : 0.060 
 {acc} cls : 97.66
------------------------------
<Losses on train> cls : 0.065, total : 0.065
<Accuracies on train> cls : 98.46
Train epoch time: 23.392
------------------------------
<Accuracies on val> class : 64.05
------------------------------
<Accuracies on test> class : 54.62
------------------------------
<Accuracies on Clipart> test class : 41.19
------------------------------
<Accuracies on Product> test class : 56.68
------------------------------
<Accuracies on Real_World> test class : 65.99
------------------------------
Total epoch time: 253.550

New epoch - lr: 0.003
[1/34 iteration of epoch 27/50] 
 {loss} cls : 0.014, total : 0.014 
 {acc} cls : 100.00
[31/34 iteration of epoch 27/50] 
 {loss} cls : 0.030, total : 0.030 
 {acc} cls : 100.00
------------------------------
<Losses on train> cls : 0.049, total : 0.049
<Accuracies on train> cls : 98.81
Train epoch time: 23.486
------------------------------
<Accuracies on val> class : 64.05
------------------------------
<Accuracies on test> class : 54.91
------------------------------
<Accuracies on Clipart> test class : 41.33
------------------------------
<Accuracies on Product> test class : 57.24
------------------------------
<Accuracies on Real_World> test class : 66.15
------------------------------
Total epoch time: 254.274

New epoch - lr: 0.003
[1/34 iteration of epoch 28/50] 
 {loss} cls : 0.039, total : 0.039 
 {acc} cls : 99.22
[31/34 iteration of epoch 28/50] 
 {loss} cls : 0.125, total : 0.125 
 {acc} cls : 95.31
------------------------------
<Losses on train> cls : 0.056, total : 0.056
<Accuracies on train> cls : 98.76
Train epoch time: 23.009
------------------------------
<Accuracies on val> class : 63.64
------------------------------
<Accuracies on test> class : 54.87
------------------------------
<Accuracies on Clipart> test class : 41.44
------------------------------
<Accuracies on Product> test class : 56.90
------------------------------
<Accuracies on Real_World> test class : 66.24
------------------------------
Total epoch time: 252.567

New epoch - lr: 0.003
[1/34 iteration of epoch 29/50] 
 {loss} cls : 0.048, total : 0.048 
 {acc} cls : 99.22
[31/34 iteration of epoch 29/50] 
 {loss} cls : 0.072, total : 0.072 
 {acc} cls : 97.66
------------------------------
<Losses on train> cls : 0.054, total : 0.054
<Accuracies on train> cls : 98.51
Train epoch time: 23.690
------------------------------
<Accuracies on val> class : 65.70
------------------------------
<Accuracies on test> class : 55.06
------------------------------
<Accuracies on Clipart> test class : 41.47
------------------------------
<Accuracies on Product> test class : 57.45
------------------------------
<Accuracies on Real_World> test class : 66.24
------------------------------
Total epoch time: 255.276

New epoch - lr: 0.003
[1/34 iteration of epoch 30/50] 
 {loss} cls : 0.034, total : 0.034 
 {acc} cls : 98.44
[31/34 iteration of epoch 30/50] 
 {loss} cls : 0.023, total : 0.023 
 {acc} cls : 100.00
------------------------------
<Losses on train> cls : 0.058, total : 0.058
<Accuracies on train> cls : 98.32
Train epoch time: 22.786
------------------------------
<Accuracies on val> class : 66.53
------------------------------
<Accuracies on test> class : 55.08
------------------------------
<Accuracies on Clipart> test class : 41.33
------------------------------
<Accuracies on Product> test class : 57.74
------------------------------
<Accuracies on Real_World> test class : 66.15
------------------------------
Total epoch time: 251.988

New epoch - lr: 0.003
[1/34 iteration of epoch 31/50] 
 {loss} cls : 0.076, total : 0.076 
 {acc} cls : 98.44
[31/34 iteration of epoch 31/50] 
 {loss} cls : 0.032, total : 0.032 
 {acc} cls : 100.00
------------------------------
<Losses on train> cls : 0.058, total : 0.058
<Accuracies on train> cls : 98.69
Train epoch time: 23.371
------------------------------
<Accuracies on val> class : 64.05
------------------------------
<Accuracies on test> class : 55.25
------------------------------
<Accuracies on Clipart> test class : 41.81
------------------------------
<Accuracies on Product> test class : 57.81
------------------------------
<Accuracies on Real_World> test class : 66.10
------------------------------
Total epoch time: 253.553

New epoch - lr: 0.003
[1/34 iteration of epoch 32/50] 
 {loss} cls : 0.033, total : 0.033 
 {acc} cls : 99.22
[31/34 iteration of epoch 32/50] 
 {loss} cls : 0.031, total : 0.031 
 {acc} cls : 100.00
------------------------------
<Losses on train> cls : 0.054, total : 0.054
<Accuracies on train> cls : 98.60
Train epoch time: 23.267
------------------------------
<Accuracies on val> class : 64.46
------------------------------
<Accuracies on test> class : 53.90
------------------------------
<Accuracies on Clipart> test class : 40.02
------------------------------
<Accuracies on Product> test class : 55.73
------------------------------
<Accuracies on Real_World> test class : 65.94
------------------------------
Total epoch time: 252.084

New epoch - lr: 0.003
[1/34 iteration of epoch 33/50] 
 {loss} cls : 0.024, total : 0.024 
 {acc} cls : 100.00
[31/34 iteration of epoch 33/50] 
 {loss} cls : 0.130, total : 0.130 
 {acc} cls : 96.88
------------------------------
<Losses on train> cls : 0.055, total : 0.055
<Accuracies on train> cls : 98.64
Train epoch time: 22.797
------------------------------
<Accuracies on val> class : 64.88
------------------------------
<Accuracies on test> class : 54.84
------------------------------
<Accuracies on Clipart> test class : 41.28
------------------------------
<Accuracies on Product> test class : 57.49
------------------------------
<Accuracies on Real_World> test class : 65.73
------------------------------
Total epoch time: 254.119

New epoch - lr: 0.003
[1/34 iteration of epoch 34/50] 
 {loss} cls : 0.029, total : 0.029 
 {acc} cls : 99.22
[31/34 iteration of epoch 34/50] 
 {loss} cls : 0.055, total : 0.055 
 {acc} cls : 96.88
------------------------------
<Losses on train> cls : 0.052, total : 0.052
<Accuracies on train> cls : 98.64
Train epoch time: 23.200
------------------------------
<Accuracies on val> class : 64.88
------------------------------
<Accuracies on test> class : 54.27
------------------------------
<Accuracies on Clipart> test class : 41.15
------------------------------
<Accuracies on Product> test class : 56.50
------------------------------
<Accuracies on Real_World> test class : 65.14
------------------------------
Total epoch time: 251.235

New epoch - lr: 0.003
[1/34 iteration of epoch 35/50] 
 {loss} cls : 0.093, total : 0.093 
 {acc} cls : 96.88
[31/34 iteration of epoch 35/50] 
 {loss} cls : 0.025, total : 0.025 
 {acc} cls : 100.00
------------------------------
<Losses on train> cls : 0.044, total : 0.044
<Accuracies on train> cls : 98.97
Train epoch time: 22.686
------------------------------
<Accuracies on val> class : 66.12
------------------------------
<Accuracies on test> class : 54.65
------------------------------
<Accuracies on Clipart> test class : 41.42
------------------------------
<Accuracies on Product> test class : 56.81
------------------------------
<Accuracies on Real_World> test class : 65.71
------------------------------
Total epoch time: 252.193

New epoch - lr: 0.003
[1/34 iteration of epoch 36/50] 
 {loss} cls : 0.023, total : 0.023 
 {acc} cls : 99.22
[31/34 iteration of epoch 36/50] 
 {loss} cls : 0.053, total : 0.053 
 {acc} cls : 99.22
------------------------------
<Losses on train> cls : 0.051, total : 0.051
<Accuracies on train> cls : 98.69
Train epoch time: 23.339
------------------------------
<Accuracies on val> class : 65.29
------------------------------
<Accuracies on test> class : 54.87
------------------------------
<Accuracies on Clipart> test class : 40.85
------------------------------
<Accuracies on Product> test class : 57.90
------------------------------
<Accuracies on Real_World> test class : 65.85
------------------------------
Total epoch time: 251.220

New epoch - lr: 0.003
[1/34 iteration of epoch 37/50] 
 {loss} cls : 0.030, total : 0.030 
 {acc} cls : 99.22
[31/34 iteration of epoch 37/50] 
 {loss} cls : 0.106, total : 0.106 
 {acc} cls : 96.88
------------------------------
<Losses on train> cls : 0.048, total : 0.048
<Accuracies on train> cls : 98.76
Train epoch time: 24.680
------------------------------
<Accuracies on val> class : 63.22
------------------------------
<Accuracies on test> class : 54.40
------------------------------
<Accuracies on Clipart> test class : 40.94
------------------------------
<Accuracies on Product> test class : 56.63
------------------------------
<Accuracies on Real_World> test class : 65.60
------------------------------
Total epoch time: 266.055

New epoch - lr: 0.003
[1/34 iteration of epoch 38/50] 
 {loss} cls : 0.077, total : 0.077 
 {acc} cls : 96.09
[31/34 iteration of epoch 38/50] 
 {loss} cls : 0.089, total : 0.089 
 {acc} cls : 96.09
------------------------------
<Losses on train> cls : 0.054, total : 0.054
<Accuracies on train> cls : 98.48
Train epoch time: 26.763
------------------------------
<Accuracies on val> class : 64.46
------------------------------
<Accuracies on test> class : 54.33
------------------------------
<Accuracies on Clipart> test class : 40.55
------------------------------
<Accuracies on Product> test class : 56.63
------------------------------
<Accuracies on Real_World> test class : 65.78
------------------------------
Total epoch time: 273.846

New epoch - lr: 0.003
[1/34 iteration of epoch 39/50] 
 {loss} cls : 0.034, total : 0.034 
 {acc} cls : 99.22
[31/34 iteration of epoch 39/50] 
 {loss} cls : 0.029, total : 0.029 
 {acc} cls : 99.22
------------------------------
<Losses on train> cls : 0.048, total : 0.048
<Accuracies on train> cls : 98.81
Train epoch time: 28.106
------------------------------
<Accuracies on val> class : 65.29
------------------------------
<Accuracies on test> class : 53.79
------------------------------
<Accuracies on Clipart> test class : 40.39
------------------------------
<Accuracies on Product> test class : 55.58
------------------------------
<Accuracies on Real_World> test class : 65.39
------------------------------
Total epoch time: 276.266

New epoch - lr: 0.003
[1/34 iteration of epoch 40/50] 
 {loss} cls : 0.052, total : 0.052 
 {acc} cls : 97.66
[31/34 iteration of epoch 40/50] 
 {loss} cls : 0.038, total : 0.038 
 {acc} cls : 100.00
------------------------------
<Losses on train> cls : 0.042, total : 0.042
<Accuracies on train> cls : 98.90
Train epoch time: 27.398
------------------------------
<Accuracies on val> class : 64.88
------------------------------
<Accuracies on test> class : 53.99
------------------------------
<Accuracies on Clipart> test class : 40.71
------------------------------
<Accuracies on Product> test class : 55.60
------------------------------
<Accuracies on Real_World> test class : 65.64
------------------------------
Total epoch time: 272.787

New epoch - lr: 0.003
[1/34 iteration of epoch 41/50] 
 {loss} cls : 0.071, total : 0.071 
 {acc} cls : 96.09
[31/34 iteration of epoch 41/50] 
 {loss} cls : 0.066, total : 0.066 
 {acc} cls : 97.66
------------------------------
<Losses on train> cls : 0.042, total : 0.042
<Accuracies on train> cls : 98.71
Train epoch time: 26.110
------------------------------
<Accuracies on val> class : 62.40
------------------------------
<Accuracies on test> class : 54.86
------------------------------
<Accuracies on Clipart> test class : 41.95
------------------------------
<Accuracies on Product> test class : 57.42
------------------------------
<Accuracies on Real_World> test class : 65.18
------------------------------
Total epoch time: 275.148

New epoch - lr: 0.003
[1/34 iteration of epoch 42/50] 
 {loss} cls : 0.007, total : 0.007 
 {acc} cls : 100.00
[31/34 iteration of epoch 42/50] 
 {loss} cls : 0.047, total : 0.047 
 {acc} cls : 99.22
------------------------------
<Losses on train> cls : 0.045, total : 0.045
<Accuracies on train> cls : 98.78
Train epoch time: 26.384
------------------------------
<Accuracies on val> class : 66.12
------------------------------
<Accuracies on test> class : 54.47
------------------------------
<Accuracies on Clipart> test class : 40.69
------------------------------
<Accuracies on Product> test class : 56.66
------------------------------
<Accuracies on Real_World> test class : 66.05
------------------------------
Total epoch time: 278.573

New epoch - lr: 0.003
[1/34 iteration of epoch 43/50] 
 {loss} cls : 0.026, total : 0.026 
 {acc} cls : 98.44
[31/34 iteration of epoch 43/50] 
 {loss} cls : 0.019, total : 0.019 
 {acc} cls : 100.00
------------------------------
<Losses on train> cls : 0.047, total : 0.047
<Accuracies on train> cls : 98.85
Train epoch time: 25.923
------------------------------
<Accuracies on val> class : 63.22
------------------------------
<Accuracies on test> class : 54.43
------------------------------
<Accuracies on Clipart> test class : 40.18
------------------------------
<Accuracies on Product> test class : 56.95
------------------------------
<Accuracies on Real_World> test class : 66.15
------------------------------
Total epoch time: 276.699

New epoch - lr: 0.003
[1/34 iteration of epoch 44/50] 
 {loss} cls : 0.052, total : 0.052 
 {acc} cls : 98.44
[31/34 iteration of epoch 44/50] 
 {loss} cls : 0.050, total : 0.050 
 {acc} cls : 99.22
------------------------------
<Losses on train> cls : 0.041, total : 0.041
<Accuracies on train> cls : 98.94
Train epoch time: 24.087
------------------------------
<Accuracies on val> class : 65.70
------------------------------
<Accuracies on test> class : 54.36
------------------------------
<Accuracies on Clipart> test class : 40.55
------------------------------
<Accuracies on Product> test class : 56.68
------------------------------
<Accuracies on Real_World> test class : 65.83
------------------------------
Total epoch time: 274.594

New epoch - lr: 0.0009000000000000002
[1/34 iteration of epoch 45/50] 
 {loss} cls : 0.041, total : 0.041 
 {acc} cls : 96.88
[31/34 iteration of epoch 45/50] 
 {loss} cls : 0.052, total : 0.052 
 {acc} cls : 98.44
------------------------------
<Losses on train> cls : 0.039, total : 0.039
<Accuracies on train> cls : 98.90
Train epoch time: 25.151
------------------------------
<Accuracies on val> class : 65.29
------------------------------
<Accuracies on test> class : 54.70
------------------------------
<Accuracies on Clipart> test class : 40.71
------------------------------
<Accuracies on Product> test class : 57.04
------------------------------
<Accuracies on Real_World> test class : 66.33
------------------------------
Total epoch time: 277.531

New epoch - lr: 0.0009000000000000002
[1/34 iteration of epoch 46/50] 
 {loss} cls : 0.073, total : 0.073 
 {acc} cls : 96.09
[31/34 iteration of epoch 46/50] 
 {loss} cls : 0.120, total : 0.120 
 {acc} cls : 96.88
------------------------------
<Losses on train> cls : 0.038, total : 0.038
<Accuracies on train> cls : 98.81
Train epoch time: 24.502
------------------------------
<Accuracies on val> class : 65.29
------------------------------
<Accuracies on test> class : 54.82
------------------------------
<Accuracies on Clipart> test class : 40.69
------------------------------
<Accuracies on Product> test class : 57.18
------------------------------
<Accuracies on Real_World> test class : 66.58
------------------------------
Total epoch time: 275.785

New epoch - lr: 0.0009000000000000002
[1/34 iteration of epoch 47/50] 
 {loss} cls : 0.028, total : 0.028 
 {acc} cls : 97.66
[31/34 iteration of epoch 47/50] 
 {loss} cls : 0.020, total : 0.020 
 {acc} cls : 100.00
------------------------------
<Losses on train> cls : 0.038, total : 0.038
<Accuracies on train> cls : 99.06
Train epoch time: 24.468
------------------------------
<Accuracies on val> class : 66.53
------------------------------
<Accuracies on test> class : 54.99
------------------------------
<Accuracies on Clipart> test class : 41.05
------------------------------
<Accuracies on Product> test class : 57.27
------------------------------
<Accuracies on Real_World> test class : 66.63
------------------------------
Total epoch time: 274.914

New epoch - lr: 0.0009000000000000002
[1/34 iteration of epoch 48/50] 
 {loss} cls : 0.042, total : 0.042 
 {acc} cls : 99.22
[31/34 iteration of epoch 48/50] 
 {loss} cls : 0.029, total : 0.029 
 {acc} cls : 100.00
------------------------------
<Losses on train> cls : 0.034, total : 0.034
<Accuracies on train> cls : 98.99
Train epoch time: 25.071
------------------------------
<Accuracies on val> class : 66.12
------------------------------
<Accuracies on test> class : 55.12
------------------------------
<Accuracies on Clipart> test class : 41.42
------------------------------
<Accuracies on Product> test class : 57.36
------------------------------
<Accuracies on Real_World> test class : 66.56
------------------------------
Total epoch time: 273.900

New epoch - lr: 0.0009000000000000002
[1/34 iteration of epoch 49/50] 
 {loss} cls : 0.049, total : 0.049 
 {acc} cls : 98.44
[31/34 iteration of epoch 49/50] 
 {loss} cls : 0.067, total : 0.067 
 {acc} cls : 98.44
------------------------------
<Losses on train> cls : 0.035, total : 0.035
<Accuracies on train> cls : 99.10
Train epoch time: 24.446
------------------------------
<Accuracies on val> class : 66.53
------------------------------
<Accuracies on test> class : 54.94
------------------------------
<Accuracies on Clipart> test class : 41.03
------------------------------
<Accuracies on Product> test class : 57.06
------------------------------
<Accuracies on Real_World> test class : 66.72
------------------------------
Total epoch time: 277.339

New epoch - lr: 0.0009000000000000002
[1/34 iteration of epoch 50/50] 
 {loss} cls : 0.027, total : 0.027 
 {acc} cls : 100.00
[31/34 iteration of epoch 50/50] 
 {loss} cls : 0.066, total : 0.066 
 {acc} cls : 96.09
------------------------------
<Losses on train> cls : 0.037, total : 0.037
<Accuracies on train> cls : 98.90
Train epoch time: 25.455
------------------------------
<Accuracies on val> class : 66.53
------------------------------
<Accuracies on test> class : 55.12
------------------------------
<Accuracies on Clipart> test class : 40.99
------------------------------
<Accuracies on Product> test class : 57.49
------------------------------
<Accuracies on Real_World> test class : 66.86
------------------------------
Total epoch time: 276.131

******************************
Best val 0.694215, corresponding test 0.550034 - best test: 0.555733

******************************
Best val 0.6942148804664612, corresponding Clipart test 0.4084765315055847

******************************
Best val 0.6942148804664612, corresponding Product test 0.5742284059524536

******************************
Best val 0.6942148804664612, corresponding Real_World test 0.6672021746635437
