WARNING:tensorflow:From /homes/55/jianhaoy/projects/EKI/utils/tf_logger.py:16: The name tf.summary.FileWriter is deprecated. Please use tf.compat.v1.summary.FileWriter instead.

WARNING:tensorflow:From /homes/55/jianhaoy/projects/EKI/utils/tf_logger.py:20: The name tf.Summary is deprecated. Please use tf.compat.v1.Summary instead.


Loading experiment Officehome/ResNet18_step

Sample Strategy: teston

New epoch - lr: 0.003
[1/62 iteration of epoch 1/50] 
 {loss} cls : 4.408, total : 4.408 
 {acc} cls : 2.34
[31/62 iteration of epoch 1/50] 
 {loss} cls : 1.345, total : 1.345 
 {acc} cls : 66.41
[61/62 iteration of epoch 1/50] 
 {loss} cls : 0.834, total : 0.834 
 {acc} cls : 77.34
------------------------------
<Losses on train> cls : 1.824, total : 1.824
<Accuracies on train> cls : 55.58
Train epoch time: 361.262
------------------------------
<Accuracies on val> class : 82.62
------------------------------
<Accuracies on test> class : 50.23
------------------------------
<Accuracies on Art> test class : 39.93
------------------------------
<Accuracies on Clipart> test class : 41.88
------------------------------
<Accuracies on Real_World> test class : 64.33
------------------------------
Total epoch time: 553.203

New epoch - lr: 0.003
[1/62 iteration of epoch 2/50] 
 {loss} cls : 0.742, total : 0.742 
 {acc} cls : 82.03
[31/62 iteration of epoch 2/50] 
 {loss} cls : 0.658, total : 0.658 
 {acc} cls : 78.91
[61/62 iteration of epoch 2/50] 
 {loss} cls : 0.570, total : 0.570 
 {acc} cls : 84.38
------------------------------
<Losses on train> cls : 0.671, total : 0.671
<Accuracies on train> cls : 81.30
Train epoch time: 66.659
------------------------------
<Accuracies on val> class : 83.52
------------------------------
<Accuracies on test> class : 53.66
------------------------------
<Accuracies on Art> test class : 43.68
------------------------------
<Accuracies on Clipart> test class : 47.08
------------------------------
<Accuracies on Real_World> test class : 65.83
------------------------------
Total epoch time: 264.627

New epoch - lr: 0.003
[1/62 iteration of epoch 3/50] 
 {loss} cls : 0.397, total : 0.397 
 {acc} cls : 89.06
[31/62 iteration of epoch 3/50] 
 {loss} cls : 0.623, total : 0.623 
 {acc} cls : 82.03
[61/62 iteration of epoch 3/50] 
 {loss} cls : 0.522, total : 0.522 
 {acc} cls : 85.94
------------------------------
<Losses on train> cls : 0.518, total : 0.518
<Accuracies on train> cls : 85.21
Train epoch time: 50.910
------------------------------
<Accuracies on val> class : 86.00
------------------------------
<Accuracies on test> class : 54.41
------------------------------
<Accuracies on Art> test class : 43.39
------------------------------
<Accuracies on Clipart> test class : 46.25
------------------------------
<Accuracies on Real_World> test class : 68.72
------------------------------
Total epoch time: 249.721

New epoch - lr: 0.003
[1/62 iteration of epoch 4/50] 
 {loss} cls : 0.554, total : 0.554 
 {acc} cls : 85.16
[31/62 iteration of epoch 4/50] 
 {loss} cls : 0.340, total : 0.340 
 {acc} cls : 89.84
[61/62 iteration of epoch 4/50] 
 {loss} cls : 0.331, total : 0.331 
 {acc} cls : 89.84
------------------------------
<Losses on train> cls : 0.407, total : 0.407
<Accuracies on train> cls : 88.61
Train epoch time: 53.544
------------------------------
<Accuracies on val> class : 85.78
------------------------------
<Accuracies on test> class : 53.98
------------------------------
<Accuracies on Art> test class : 43.51
------------------------------
<Accuracies on Clipart> test class : 47.12
------------------------------
<Accuracies on Real_World> test class : 66.67
------------------------------
Total epoch time: 252.370

New epoch - lr: 0.003
[1/62 iteration of epoch 5/50] 
 {loss} cls : 0.394, total : 0.394 
 {acc} cls : 89.84
[31/62 iteration of epoch 5/50] 
 {loss} cls : 0.344, total : 0.344 
 {acc} cls : 89.84
[61/62 iteration of epoch 5/50] 
 {loss} cls : 0.233, total : 0.233 
 {acc} cls : 92.19
------------------------------
<Losses on train> cls : 0.356, total : 0.356
<Accuracies on train> cls : 89.48
Train epoch time: 50.505
------------------------------
<Accuracies on val> class : 85.33
------------------------------
<Accuracies on test> class : 54.74
------------------------------
<Accuracies on Art> test class : 44.87
------------------------------
<Accuracies on Clipart> test class : 46.92
------------------------------
<Accuracies on Real_World> test class : 68.07
------------------------------
Total epoch time: 249.229

New epoch - lr: 0.003
[1/62 iteration of epoch 6/50] 
 {loss} cls : 0.249, total : 0.249 
 {acc} cls : 92.97
[31/62 iteration of epoch 6/50] 
 {loss} cls : 0.244, total : 0.244 
 {acc} cls : 93.75
[61/62 iteration of epoch 6/50] 
 {loss} cls : 0.225, total : 0.225 
 {acc} cls : 94.53
------------------------------
<Losses on train> cls : 0.296, total : 0.296
<Accuracies on train> cls : 91.38
Train epoch time: 48.505
------------------------------
<Accuracies on val> class : 86.46
------------------------------
<Accuracies on test> class : 55.43
------------------------------
<Accuracies on Art> test class : 44.83
------------------------------
<Accuracies on Clipart> test class : 49.07
------------------------------
<Accuracies on Real_World> test class : 67.71
------------------------------
Total epoch time: 249.209

New epoch - lr: 0.003
[1/62 iteration of epoch 7/50] 
 {loss} cls : 0.208, total : 0.208 
 {acc} cls : 93.75
[31/62 iteration of epoch 7/50] 
 {loss} cls : 0.249, total : 0.249 
 {acc} cls : 96.09
[61/62 iteration of epoch 7/50] 
 {loss} cls : 0.194, total : 0.194 
 {acc} cls : 94.53
------------------------------
<Losses on train> cls : 0.261, total : 0.261
<Accuracies on train> cls : 92.88
Train epoch time: 52.208
------------------------------
<Accuracies on val> class : 88.04
------------------------------
<Accuracies on test> class : 55.94
------------------------------
<Accuracies on Art> test class : 45.74
------------------------------
<Accuracies on Clipart> test class : 48.41
------------------------------
<Accuracies on Real_World> test class : 69.18
------------------------------
Total epoch time: 250.959

New epoch - lr: 0.003
[1/62 iteration of epoch 8/50] 
 {loss} cls : 0.238, total : 0.238 
 {acc} cls : 93.75
[31/62 iteration of epoch 8/50] 
 {loss} cls : 0.208, total : 0.208 
 {acc} cls : 95.31
[61/62 iteration of epoch 8/50] 
 {loss} cls : 0.144, total : 0.144 
 {acc} cls : 96.88
------------------------------
<Losses on train> cls : 0.231, total : 0.231
<Accuracies on train> cls : 93.74
Train epoch time: 49.609
------------------------------
<Accuracies on val> class : 87.81
------------------------------
<Accuracies on test> class : 55.36
------------------------------
<Accuracies on Art> test class : 43.14
------------------------------
<Accuracies on Clipart> test class : 49.19
------------------------------
<Accuracies on Real_World> test class : 68.35
------------------------------
Total epoch time: 244.515

New epoch - lr: 0.003
[1/62 iteration of epoch 9/50] 
 {loss} cls : 0.206, total : 0.206 
 {acc} cls : 96.09
[31/62 iteration of epoch 9/50] 
 {loss} cls : 0.200, total : 0.200 
 {acc} cls : 95.31
[61/62 iteration of epoch 9/50] 
 {loss} cls : 0.215, total : 0.215 
 {acc} cls : 93.75
------------------------------
<Losses on train> cls : 0.190, total : 0.190
<Accuracies on train> cls : 94.90
Train epoch time: 49.676
------------------------------
<Accuracies on val> class : 88.26
------------------------------
<Accuracies on test> class : 55.72
------------------------------
<Accuracies on Art> test class : 44.62
------------------------------
<Accuracies on Clipart> test class : 49.46
------------------------------
<Accuracies on Real_World> test class : 68.17
------------------------------
Total epoch time: 248.246

New epoch - lr: 0.003
[1/62 iteration of epoch 10/50] 
 {loss} cls : 0.084, total : 0.084 
 {acc} cls : 98.44
[31/62 iteration of epoch 10/50] 
 {loss} cls : 0.278, total : 0.278 
 {acc} cls : 92.19
[61/62 iteration of epoch 10/50] 
 {loss} cls : 0.104, total : 0.104 
 {acc} cls : 96.09
------------------------------
<Losses on train> cls : 0.170, total : 0.170
<Accuracies on train> cls : 95.54
Train epoch time: 52.083
------------------------------
<Accuracies on val> class : 88.04
------------------------------
<Accuracies on test> class : 56.58
------------------------------
<Accuracies on Art> test class : 46.15
------------------------------
<Accuracies on Clipart> test class : 50.29
------------------------------
<Accuracies on Real_World> test class : 68.69
------------------------------
Total epoch time: 252.176

New epoch - lr: 0.003
[1/62 iteration of epoch 11/50] 
 {loss} cls : 0.141, total : 0.141 
 {acc} cls : 97.66
[31/62 iteration of epoch 11/50] 
 {loss} cls : 0.134, total : 0.134 
 {acc} cls : 97.66
[61/62 iteration of epoch 11/50] 
 {loss} cls : 0.096, total : 0.096 
 {acc} cls : 98.44
------------------------------
<Losses on train> cls : 0.152, total : 0.152
<Accuracies on train> cls : 95.97
Train epoch time: 49.384
------------------------------
<Accuracies on val> class : 88.04
------------------------------
<Accuracies on test> class : 56.07
------------------------------
<Accuracies on Art> test class : 44.00
------------------------------
<Accuracies on Clipart> test class : 49.90
------------------------------
<Accuracies on Real_World> test class : 68.97
------------------------------
Total epoch time: 248.715

New epoch - lr: 0.003
[1/62 iteration of epoch 12/50] 
 {loss} cls : 0.109, total : 0.109 
 {acc} cls : 96.88
[31/62 iteration of epoch 12/50] 
 {loss} cls : 0.120, total : 0.120 
 {acc} cls : 96.09
[61/62 iteration of epoch 12/50] 
 {loss} cls : 0.160, total : 0.160 
 {acc} cls : 97.66
------------------------------
<Losses on train> cls : 0.151, total : 0.151
<Accuracies on train> cls : 95.99
Train epoch time: 49.252
------------------------------
<Accuracies on val> class : 88.04
------------------------------
<Accuracies on test> class : 56.56
------------------------------
<Accuracies on Art> test class : 45.82
------------------------------
<Accuracies on Clipart> test class : 49.55
------------------------------
<Accuracies on Real_World> test class : 69.57
------------------------------
Total epoch time: 249.350

New epoch - lr: 0.003
[1/62 iteration of epoch 13/50] 
 {loss} cls : 0.100, total : 0.100 
 {acc} cls : 97.66
[31/62 iteration of epoch 13/50] 
 {loss} cls : 0.090, total : 0.090 
 {acc} cls : 97.66
[61/62 iteration of epoch 13/50] 
 {loss} cls : 0.108, total : 0.108 
 {acc} cls : 98.44
------------------------------
<Losses on train> cls : 0.127, total : 0.127
<Accuracies on train> cls : 96.66
Train epoch time: 53.035
------------------------------
<Accuracies on val> class : 88.49
------------------------------
<Accuracies on test> class : 56.01
------------------------------
<Accuracies on Art> test class : 45.04
------------------------------
<Accuracies on Clipart> test class : 49.78
------------------------------
<Accuracies on Real_World> test class : 68.37
------------------------------
Total epoch time: 252.617

New epoch - lr: 0.003
[1/62 iteration of epoch 14/50] 
 {loss} cls : 0.103, total : 0.103 
 {acc} cls : 98.44
[31/62 iteration of epoch 14/50] 
 {loss} cls : 0.178, total : 0.178 
 {acc} cls : 96.09
[61/62 iteration of epoch 14/50] 
 {loss} cls : 0.123, total : 0.123 
 {acc} cls : 96.09
------------------------------
<Losses on train> cls : 0.121, total : 0.121
<Accuracies on train> cls : 96.93
Train epoch time: 49.708
------------------------------
<Accuracies on val> class : 89.39
------------------------------
<Accuracies on test> class : 55.69
------------------------------
<Accuracies on Art> test class : 45.20
------------------------------
<Accuracies on Clipart> test class : 48.64
------------------------------
<Accuracies on Real_World> test class : 68.60
------------------------------
Total epoch time: 246.975

New epoch - lr: 0.003
[1/62 iteration of epoch 15/50] 
 {loss} cls : 0.096, total : 0.096 
 {acc} cls : 97.66
[31/62 iteration of epoch 15/50] 
 {loss} cls : 0.096, total : 0.096 
 {acc} cls : 97.66
[61/62 iteration of epoch 15/50] 
 {loss} cls : 0.109, total : 0.109 
 {acc} cls : 97.66
------------------------------
<Losses on train> cls : 0.108, total : 0.108
<Accuracies on train> cls : 97.19
Train epoch time: 51.756
------------------------------
<Accuracies on val> class : 89.39
------------------------------
<Accuracies on test> class : 55.90
------------------------------
<Accuracies on Art> test class : 45.90
------------------------------
<Accuracies on Clipart> test class : 48.75
------------------------------
<Accuracies on Real_World> test class : 68.63
------------------------------
Total epoch time: 249.615

New epoch - lr: 0.003
[1/62 iteration of epoch 16/50] 
 {loss} cls : 0.117, total : 0.117 
 {acc} cls : 96.09
[31/62 iteration of epoch 16/50] 
 {loss} cls : 0.074, total : 0.074 
 {acc} cls : 100.00
[61/62 iteration of epoch 16/50] 
 {loss} cls : 0.054, total : 0.054 
 {acc} cls : 100.00
------------------------------
<Losses on train> cls : 0.096, total : 0.096
<Accuracies on train> cls : 97.79
Train epoch time: 56.390
------------------------------
<Accuracies on val> class : 90.29
------------------------------
<Accuracies on test> class : 57.08
------------------------------
<Accuracies on Art> test class : 46.31
------------------------------
<Accuracies on Clipart> test class : 50.95
------------------------------
<Accuracies on Real_World> test class : 69.22
------------------------------
Total epoch time: 253.029

New epoch - lr: 0.003
[1/62 iteration of epoch 17/50] 
 {loss} cls : 0.089, total : 0.089 
 {acc} cls : 96.88
[31/62 iteration of epoch 17/50] 
 {loss} cls : 0.060, total : 0.060 
 {acc} cls : 99.22
[61/62 iteration of epoch 17/50] 
 {loss} cls : 0.149, total : 0.149 
 {acc} cls : 95.31
------------------------------
<Losses on train> cls : 0.096, total : 0.096
<Accuracies on train> cls : 97.66
Train epoch time: 51.474
------------------------------
<Accuracies on val> class : 90.29
------------------------------
<Accuracies on test> class : 56.25
------------------------------
<Accuracies on Art> test class : 45.28
------------------------------
<Accuracies on Clipart> test class : 49.26
------------------------------
<Accuracies on Real_World> test class : 69.36
------------------------------
Total epoch time: 251.945

New epoch - lr: 0.003
[1/62 iteration of epoch 18/50] 
 {loss} cls : 0.034, total : 0.034 
 {acc} cls : 100.00
[31/62 iteration of epoch 18/50] 
 {loss} cls : 0.105, total : 0.105 
 {acc} cls : 96.09
[61/62 iteration of epoch 18/50] 
 {loss} cls : 0.128, total : 0.128 
 {acc} cls : 96.09
------------------------------
<Losses on train> cls : 0.095, total : 0.095
<Accuracies on train> cls : 97.71
Train epoch time: 51.336
------------------------------
<Accuracies on val> class : 90.29
------------------------------
<Accuracies on test> class : 56.76
------------------------------
<Accuracies on Art> test class : 45.24
------------------------------
<Accuracies on Clipart> test class : 50.10
------------------------------
<Accuracies on Real_World> test class : 69.84
------------------------------
Total epoch time: 250.443

New epoch - lr: 0.003
[1/62 iteration of epoch 19/50] 
 {loss} cls : 0.045, total : 0.045 
 {acc} cls : 98.44
[31/62 iteration of epoch 19/50] 
 {loss} cls : 0.089, total : 0.089 
 {acc} cls : 96.88
[61/62 iteration of epoch 19/50] 
 {loss} cls : 0.063, total : 0.063 
 {acc} cls : 98.44
------------------------------
<Losses on train> cls : 0.080, total : 0.080
<Accuracies on train> cls : 98.03
Train epoch time: 50.821
------------------------------
<Accuracies on val> class : 89.62
------------------------------
<Accuracies on test> class : 57.22
------------------------------
<Accuracies on Art> test class : 46.39
------------------------------
<Accuracies on Clipart> test class : 50.42
------------------------------
<Accuracies on Real_World> test class : 70.05
------------------------------
Total epoch time: 248.734

New epoch - lr: 0.003
[1/62 iteration of epoch 20/50] 
 {loss} cls : 0.149, total : 0.149 
 {acc} cls : 96.88
[31/62 iteration of epoch 20/50] 
 {loss} cls : 0.049, total : 0.049 
 {acc} cls : 100.00
[61/62 iteration of epoch 20/50] 
 {loss} cls : 0.066, total : 0.066 
 {acc} cls : 99.22
------------------------------
<Losses on train> cls : 0.079, total : 0.079
<Accuracies on train> cls : 98.12
Train epoch time: 47.994
------------------------------
<Accuracies on val> class : 90.52
------------------------------
<Accuracies on test> class : 57.24
------------------------------
<Accuracies on Art> test class : 46.19
------------------------------
<Accuracies on Clipart> test class : 50.65
------------------------------
<Accuracies on Real_World> test class : 70.00
------------------------------
Total epoch time: 250.065

New epoch - lr: 0.003
[1/62 iteration of epoch 21/50] 
 {loss} cls : 0.038, total : 0.038 
 {acc} cls : 99.22
[31/62 iteration of epoch 21/50] 
 {loss} cls : 0.025, total : 0.025 
 {acc} cls : 100.00
[61/62 iteration of epoch 21/50] 
 {loss} cls : 0.049, total : 0.049 
 {acc} cls : 100.00
------------------------------
<Losses on train> cls : 0.075, total : 0.075
<Accuracies on train> cls : 98.19
Train epoch time: 49.060
------------------------------
<Accuracies on val> class : 89.84
------------------------------
<Accuracies on test> class : 57.15
------------------------------
<Accuracies on Art> test class : 46.15
------------------------------
<Accuracies on Clipart> test class : 50.58
------------------------------
<Accuracies on Real_World> test class : 69.86
------------------------------
Total epoch time: 251.852

New epoch - lr: 0.003
[1/62 iteration of epoch 22/50] 
 {loss} cls : 0.061, total : 0.061 
 {acc} cls : 98.44
[31/62 iteration of epoch 22/50] 
 {loss} cls : 0.078, total : 0.078 
 {acc} cls : 98.44
[61/62 iteration of epoch 22/50] 
 {loss} cls : 0.031, total : 0.031 
 {acc} cls : 99.22
------------------------------
<Losses on train> cls : 0.066, total : 0.066
<Accuracies on train> cls : 98.39
Train epoch time: 46.659
------------------------------
<Accuracies on val> class : 92.33
------------------------------
<Accuracies on test> class : 57.44
------------------------------
<Accuracies on Art> test class : 46.56
------------------------------
<Accuracies on Clipart> test class : 50.38
------------------------------
<Accuracies on Real_World> test class : 70.58
------------------------------
Total epoch time: 246.991

New epoch - lr: 0.003
[1/62 iteration of epoch 23/50] 
 {loss} cls : 0.077, total : 0.077 
 {acc} cls : 98.44
[31/62 iteration of epoch 23/50] 
 {loss} cls : 0.074, total : 0.074 
 {acc} cls : 99.22
[61/62 iteration of epoch 23/50] 
 {loss} cls : 0.076, total : 0.076 
 {acc} cls : 97.66
------------------------------
<Losses on train> cls : 0.064, total : 0.064
<Accuracies on train> cls : 98.60
Train epoch time: 48.350
------------------------------
<Accuracies on val> class : 90.29
------------------------------
<Accuracies on test> class : 56.70
------------------------------
<Accuracies on Art> test class : 46.39
------------------------------
<Accuracies on Clipart> test class : 49.74
------------------------------
<Accuracies on Real_World> test class : 69.43
------------------------------
Total epoch time: 248.047

New epoch - lr: 0.003
[1/62 iteration of epoch 24/50] 
 {loss} cls : 0.049, total : 0.049 
 {acc} cls : 99.22
[31/62 iteration of epoch 24/50] 
 {loss} cls : 0.063, total : 0.063 
 {acc} cls : 98.44
[61/62 iteration of epoch 24/50] 
 {loss} cls : 0.099, total : 0.099 
 {acc} cls : 96.09
------------------------------
<Losses on train> cls : 0.064, total : 0.064
<Accuracies on train> cls : 98.58
Train epoch time: 49.938
------------------------------
<Accuracies on val> class : 90.07
------------------------------
<Accuracies on test> class : 57.55
------------------------------
<Accuracies on Art> test class : 46.56
------------------------------
<Accuracies on Clipart> test class : 50.93
------------------------------
<Accuracies on Real_World> test class : 70.30
------------------------------
Total epoch time: 250.911

New epoch - lr: 0.003
[1/62 iteration of epoch 25/50] 
 {loss} cls : 0.056, total : 0.056 
 {acc} cls : 99.22
[31/62 iteration of epoch 25/50] 
 {loss} cls : 0.042, total : 0.042 
 {acc} cls : 98.44
[61/62 iteration of epoch 25/50] 
 {loss} cls : 0.050, total : 0.050 
 {acc} cls : 99.22
------------------------------
<Losses on train> cls : 0.056, total : 0.056
<Accuracies on train> cls : 98.77
Train epoch time: 46.032
------------------------------
<Accuracies on val> class : 89.62
------------------------------
<Accuracies on test> class : 55.98
------------------------------
<Accuracies on Art> test class : 44.87
------------------------------
<Accuracies on Clipart> test class : 49.81
------------------------------
<Accuracies on Real_World> test class : 68.35
------------------------------
Total epoch time: 245.416

New epoch - lr: 0.003
[1/62 iteration of epoch 26/50] 
 {loss} cls : 0.065, total : 0.065 
 {acc} cls : 98.44
[31/62 iteration of epoch 26/50] 
 {loss} cls : 0.029, total : 0.029 
 {acc} cls : 100.00
[61/62 iteration of epoch 26/50] 
 {loss} cls : 0.087, total : 0.087 
 {acc} cls : 97.66
------------------------------
<Losses on train> cls : 0.056, total : 0.056
<Accuracies on train> cls : 98.83
Train epoch time: 48.888
------------------------------
<Accuracies on val> class : 90.97
------------------------------
<Accuracies on test> class : 56.10
------------------------------
<Accuracies on Art> test class : 44.09
------------------------------
<Accuracies on Clipart> test class : 49.90
------------------------------
<Accuracies on Real_World> test class : 69.02
------------------------------
Total epoch time: 249.640

New epoch - lr: 0.003
[1/62 iteration of epoch 27/50] 
 {loss} cls : 0.066, total : 0.066 
 {acc} cls : 98.44
[31/62 iteration of epoch 27/50] 
 {loss} cls : 0.056, total : 0.056 
 {acc} cls : 98.44
[61/62 iteration of epoch 27/50] 
 {loss} cls : 0.071, total : 0.071 
 {acc} cls : 97.66
------------------------------
<Losses on train> cls : 0.062, total : 0.062
<Accuracies on train> cls : 98.59
Train epoch time: 48.167
------------------------------
<Accuracies on val> class : 92.33
------------------------------
<Accuracies on test> class : 56.83
------------------------------
<Accuracies on Art> test class : 45.69
------------------------------
<Accuracies on Clipart> test class : 50.36
------------------------------
<Accuracies on Real_World> test class : 69.52
------------------------------
Total epoch time: 250.965

New epoch - lr: 0.003
[1/62 iteration of epoch 28/50] 
 {loss} cls : 0.114, total : 0.114 
 {acc} cls : 96.88
[31/62 iteration of epoch 28/50] 
 {loss} cls : 0.048, total : 0.048 
 {acc} cls : 99.22
[61/62 iteration of epoch 28/50] 
 {loss} cls : 0.072, total : 0.072 
 {acc} cls : 97.66
------------------------------
<Losses on train> cls : 0.055, total : 0.055
<Accuracies on train> cls : 98.77
Train epoch time: 46.772
------------------------------
<Accuracies on val> class : 91.65
------------------------------
<Accuracies on test> class : 56.86
------------------------------
<Accuracies on Art> test class : 45.98
------------------------------
<Accuracies on Clipart> test class : 49.90
------------------------------
<Accuracies on Real_World> test class : 69.89
------------------------------
Total epoch time: 246.394

New epoch - lr: 0.003
[1/62 iteration of epoch 29/50] 
 {loss} cls : 0.033, total : 0.033 
 {acc} cls : 100.00
[31/62 iteration of epoch 29/50] 
 {loss} cls : 0.033, total : 0.033 
 {acc} cls : 99.22
[61/62 iteration of epoch 29/50] 
 {loss} cls : 0.040, total : 0.040 
 {acc} cls : 99.22
------------------------------
<Losses on train> cls : 0.049, total : 0.049
<Accuracies on train> cls : 98.80
Train epoch time: 46.191
------------------------------
<Accuracies on val> class : 91.65
------------------------------
<Accuracies on test> class : 57.11
------------------------------
<Accuracies on Art> test class : 46.52
------------------------------
<Accuracies on Clipart> test class : 50.45
------------------------------
<Accuracies on Real_World> test class : 69.68
------------------------------
Total epoch time: 248.915

New epoch - lr: 0.003
[1/62 iteration of epoch 30/50] 
 {loss} cls : 0.029, total : 0.029 
 {acc} cls : 99.22
[31/62 iteration of epoch 30/50] 
 {loss} cls : 0.033, total : 0.033 
 {acc} cls : 100.00
[61/62 iteration of epoch 30/50] 
 {loss} cls : 0.108, total : 0.108 
 {acc} cls : 96.09
------------------------------
<Losses on train> cls : 0.044, total : 0.044
<Accuracies on train> cls : 99.11
Train epoch time: 47.440
------------------------------
<Accuracies on val> class : 91.65
------------------------------
<Accuracies on test> class : 56.83
------------------------------
<Accuracies on Art> test class : 46.68
------------------------------
<Accuracies on Clipart> test class : 50.01
------------------------------
<Accuracies on Real_World> test class : 69.31
------------------------------
Total epoch time: 249.499

New epoch - lr: 0.003
[1/62 iteration of epoch 31/50] 
 {loss} cls : 0.026, total : 0.026 
 {acc} cls : 100.00
[31/62 iteration of epoch 31/50] 
 {loss} cls : 0.020, total : 0.020 
 {acc} cls : 100.00
[61/62 iteration of epoch 31/50] 
 {loss} cls : 0.051, total : 0.051 
 {acc} cls : 99.22
------------------------------
<Losses on train> cls : 0.048, total : 0.048
<Accuracies on train> cls : 98.92
Train epoch time: 47.508
------------------------------
<Accuracies on val> class : 90.52
------------------------------
<Accuracies on test> class : 57.09
------------------------------
<Accuracies on Art> test class : 46.23
------------------------------
<Accuracies on Clipart> test class : 50.84
------------------------------
<Accuracies on Real_World> test class : 69.41
------------------------------
Total epoch time: 249.198

New epoch - lr: 0.003
[1/62 iteration of epoch 32/50] 
 {loss} cls : 0.085, total : 0.085 
 {acc} cls : 97.66
[31/62 iteration of epoch 32/50] 
 {loss} cls : 0.092, total : 0.092 
 {acc} cls : 97.66
[61/62 iteration of epoch 32/50] 
 {loss} cls : 0.035, total : 0.035 
 {acc} cls : 99.22
------------------------------
<Losses on train> cls : 0.049, total : 0.049
<Accuracies on train> cls : 98.94
Train epoch time: 52.951
------------------------------
<Accuracies on val> class : 90.74
------------------------------
<Accuracies on test> class : 57.21
------------------------------
<Accuracies on Art> test class : 47.14
------------------------------
<Accuracies on Clipart> test class : 50.36
------------------------------
<Accuracies on Real_World> test class : 69.68
------------------------------
Total epoch time: 253.564

New epoch - lr: 0.003
[1/62 iteration of epoch 33/50] 
 {loss} cls : 0.016, total : 0.016 
 {acc} cls : 100.00
[31/62 iteration of epoch 33/50] 
 {loss} cls : 0.023, total : 0.023 
 {acc} cls : 100.00
[61/62 iteration of epoch 33/50] 
 {loss} cls : 0.055, total : 0.055 
 {acc} cls : 98.44
------------------------------
<Losses on train> cls : 0.047, total : 0.047
<Accuracies on train> cls : 98.97
Train epoch time: 52.495
------------------------------
<Accuracies on val> class : 90.07
------------------------------
<Accuracies on test> class : 57.00
------------------------------
<Accuracies on Art> test class : 45.32
------------------------------
<Accuracies on Clipart> test class : 50.77
------------------------------
<Accuracies on Real_World> test class : 69.75
------------------------------
Total epoch time: 254.376

New epoch - lr: 0.003
[1/62 iteration of epoch 34/50] 
 {loss} cls : 0.042, total : 0.042 
 {acc} cls : 99.22
[31/62 iteration of epoch 34/50] 
 {loss} cls : 0.034, total : 0.034 
 {acc} cls : 99.22
[61/62 iteration of epoch 34/50] 
 {loss} cls : 0.010, total : 0.010 
 {acc} cls : 100.00
------------------------------
<Losses on train> cls : 0.045, total : 0.045
<Accuracies on train> cls : 99.02
Train epoch time: 46.901
------------------------------
<Accuracies on val> class : 91.42
------------------------------
<Accuracies on test> class : 56.95
------------------------------
<Accuracies on Art> test class : 45.90
------------------------------
<Accuracies on Clipart> test class : 50.54
------------------------------
<Accuracies on Real_World> test class : 69.52
------------------------------
Total epoch time: 250.523

New epoch - lr: 0.003
[1/62 iteration of epoch 35/50] 
 {loss} cls : 0.024, total : 0.024 
 {acc} cls : 100.00
[31/62 iteration of epoch 35/50] 
 {loss} cls : 0.041, total : 0.041 
 {acc} cls : 99.22
[61/62 iteration of epoch 35/50] 
 {loss} cls : 0.042, total : 0.042 
 {acc} cls : 99.22
------------------------------
<Losses on train> cls : 0.039, total : 0.039
<Accuracies on train> cls : 99.31
Train epoch time: 47.450
------------------------------
<Accuracies on val> class : 91.20
------------------------------
<Accuracies on test> class : 56.88
------------------------------
<Accuracies on Art> test class : 45.65
------------------------------
<Accuracies on Clipart> test class : 50.29
------------------------------
<Accuracies on Real_World> test class : 69.75
------------------------------
Total epoch time: 249.564

New epoch - lr: 0.003
[1/62 iteration of epoch 36/50] 
 {loss} cls : 0.030, total : 0.030 
 {acc} cls : 98.44
[31/62 iteration of epoch 36/50] 
 {loss} cls : 0.043, total : 0.043 
 {acc} cls : 99.22
[61/62 iteration of epoch 36/50] 
 {loss} cls : 0.052, total : 0.052 
 {acc} cls : 99.22
------------------------------
<Losses on train> cls : 0.045, total : 0.045
<Accuracies on train> cls : 98.97
Train epoch time: 46.308
------------------------------
<Accuracies on val> class : 91.20
------------------------------
<Accuracies on test> class : 57.16
------------------------------
<Accuracies on Art> test class : 46.48
------------------------------
<Accuracies on Clipart> test class : 50.08
------------------------------
<Accuracies on Real_World> test class : 70.21
------------------------------
Total epoch time: 248.760

New epoch - lr: 0.003
[1/62 iteration of epoch 37/50] 
 {loss} cls : 0.020, total : 0.020 
 {acc} cls : 99.22
[31/62 iteration of epoch 37/50] 
 {loss} cls : 0.071, total : 0.071 
 {acc} cls : 96.09
[61/62 iteration of epoch 37/50] 
 {loss} cls : 0.014, total : 0.014 
 {acc} cls : 100.00
------------------------------
<Losses on train> cls : 0.041, total : 0.041
<Accuracies on train> cls : 99.09
Train epoch time: 43.804
------------------------------
<Accuracies on val> class : 90.97
------------------------------
<Accuracies on test> class : 57.22
------------------------------
<Accuracies on Art> test class : 46.35
------------------------------
<Accuracies on Clipart> test class : 51.04
------------------------------
<Accuracies on Real_World> test class : 69.45
------------------------------
Total epoch time: 243.964

New epoch - lr: 0.003
[1/62 iteration of epoch 38/50] 
 {loss} cls : 0.034, total : 0.034 
 {acc} cls : 100.00
[31/62 iteration of epoch 38/50] 
 {loss} cls : 0.040, total : 0.040 
 {acc} cls : 98.44
[61/62 iteration of epoch 38/50] 
 {loss} cls : 0.033, total : 0.033 
 {acc} cls : 98.44
------------------------------
<Losses on train> cls : 0.036, total : 0.036
<Accuracies on train> cls : 99.17
Train epoch time: 37.407
------------------------------
<Accuracies on val> class : 91.20
------------------------------
<Accuracies on test> class : 57.70
------------------------------
<Accuracies on Art> test class : 46.11
------------------------------
<Accuracies on Clipart> test class : 51.57
------------------------------
<Accuracies on Real_World> test class : 70.30
------------------------------
Total epoch time: 213.878

New epoch - lr: 0.003
[1/62 iteration of epoch 39/50] 
 {loss} cls : 0.015, total : 0.015 
 {acc} cls : 100.00
[31/62 iteration of epoch 39/50] 
 {loss} cls : 0.040, total : 0.040 
 {acc} cls : 99.22
[61/62 iteration of epoch 39/50] 
 {loss} cls : 0.019, total : 0.019 
 {acc} cls : 100.00
------------------------------
<Losses on train> cls : 0.035, total : 0.035
<Accuracies on train> cls : 99.27
Train epoch time: 37.650
------------------------------
<Accuracies on val> class : 90.97
------------------------------
<Accuracies on test> class : 57.79
------------------------------
<Accuracies on Art> test class : 46.81
------------------------------
<Accuracies on Clipart> test class : 51.96
------------------------------
<Accuracies on Real_World> test class : 69.75
------------------------------
Total epoch time: 215.191

New epoch - lr: 0.003
[1/62 iteration of epoch 40/50] 
 {loss} cls : 0.010, total : 0.010 
 {acc} cls : 100.00
[31/62 iteration of epoch 40/50] 
 {loss} cls : 0.062, total : 0.062 
 {acc} cls : 99.22
[61/62 iteration of epoch 40/50] 
 {loss} cls : 0.052, total : 0.052 
 {acc} cls : 98.44
------------------------------
<Losses on train> cls : 0.038, total : 0.038
<Accuracies on train> cls : 99.16
Train epoch time: 37.656
------------------------------
<Accuracies on val> class : 90.29
------------------------------
<Accuracies on test> class : 57.62
------------------------------
<Accuracies on Art> test class : 46.72
------------------------------
<Accuracies on Clipart> test class : 51.41
------------------------------
<Accuracies on Real_World> test class : 69.91
------------------------------
Total epoch time: 214.832

New epoch - lr: 0.003
[1/62 iteration of epoch 41/50] 
 {loss} cls : 0.040, total : 0.040 
 {acc} cls : 99.22
[31/62 iteration of epoch 41/50] 
 {loss} cls : 0.014, total : 0.014 
 {acc} cls : 100.00
[61/62 iteration of epoch 41/50] 
 {loss} cls : 0.041, total : 0.041 
 {acc} cls : 99.22
------------------------------
<Losses on train> cls : 0.037, total : 0.037
<Accuracies on train> cls : 99.26
Train epoch time: 38.774
------------------------------
<Accuracies on val> class : 90.74
------------------------------
<Accuracies on test> class : 57.77
------------------------------
<Accuracies on Art> test class : 46.52
------------------------------
<Accuracies on Clipart> test class : 51.59
------------------------------
<Accuracies on Real_World> test class : 70.23
------------------------------
Total epoch time: 213.597

New epoch - lr: 0.003
[1/62 iteration of epoch 42/50] 
 {loss} cls : 0.048, total : 0.048 
 {acc} cls : 99.22
[31/62 iteration of epoch 42/50] 
 {loss} cls : 0.032, total : 0.032 
 {acc} cls : 99.22
[61/62 iteration of epoch 42/50] 
 {loss} cls : 0.081, total : 0.081 
 {acc} cls : 97.66
------------------------------
<Losses on train> cls : 0.037, total : 0.037
<Accuracies on train> cls : 99.21
Train epoch time: 37.217
------------------------------
<Accuracies on val> class : 91.20
------------------------------
<Accuracies on test> class : 57.47
------------------------------
<Accuracies on Art> test class : 46.81
------------------------------
<Accuracies on Clipart> test class : 51.07
------------------------------
<Accuracies on Real_World> test class : 69.82
------------------------------
Total epoch time: 213.118

New epoch - lr: 0.003
[1/62 iteration of epoch 43/50] 
 {loss} cls : 0.038, total : 0.038 
 {acc} cls : 99.22
[31/62 iteration of epoch 43/50] 
 {loss} cls : 0.024, total : 0.024 
 {acc} cls : 100.00
[61/62 iteration of epoch 43/50] 
 {loss} cls : 0.024, total : 0.024 
 {acc} cls : 99.22
------------------------------
<Losses on train> cls : 0.036, total : 0.036
<Accuracies on train> cls : 99.22
Train epoch time: 37.027
------------------------------
<Accuracies on val> class : 91.20
------------------------------
<Accuracies on test> class : 57.40
------------------------------
<Accuracies on Art> test class : 45.74
------------------------------
<Accuracies on Clipart> test class : 51.27
------------------------------
<Accuracies on Real_World> test class : 70.05
------------------------------
Total epoch time: 212.705

New epoch - lr: 0.003
[1/62 iteration of epoch 44/50] 
 {loss} cls : 0.045, total : 0.045 
 {acc} cls : 99.22
[31/62 iteration of epoch 44/50] 
 {loss} cls : 0.045, total : 0.045 
 {acc} cls : 98.44
[61/62 iteration of epoch 44/50] 
 {loss} cls : 0.032, total : 0.032 
 {acc} cls : 100.00
------------------------------
<Losses on train> cls : 0.031, total : 0.031
<Accuracies on train> cls : 99.34
Train epoch time: 37.773
------------------------------
<Accuracies on val> class : 90.97
------------------------------
<Accuracies on test> class : 57.59
------------------------------
<Accuracies on Art> test class : 46.39
------------------------------
<Accuracies on Clipart> test class : 51.39
------------------------------
<Accuracies on Real_World> test class : 70.05
------------------------------
Total epoch time: 213.140

New epoch - lr: 0.0009000000000000002
[1/62 iteration of epoch 45/50] 
 {loss} cls : 0.036, total : 0.036 
 {acc} cls : 99.22
[31/62 iteration of epoch 45/50] 
 {loss} cls : 0.016, total : 0.016 
 {acc} cls : 99.22
[61/62 iteration of epoch 45/50] 
 {loss} cls : 0.012, total : 0.012 
 {acc} cls : 100.00
------------------------------
<Losses on train> cls : 0.032, total : 0.032
<Accuracies on train> cls : 99.33
Train epoch time: 37.835
------------------------------
<Accuracies on val> class : 90.97
------------------------------
<Accuracies on test> class : 57.70
------------------------------
<Accuracies on Art> test class : 46.19
------------------------------
<Accuracies on Clipart> test class : 51.64
------------------------------
<Accuracies on Real_World> test class : 70.19
------------------------------
Total epoch time: 214.048

New epoch - lr: 0.0009000000000000002
[1/62 iteration of epoch 46/50] 
 {loss} cls : 0.044, total : 0.044 
 {acc} cls : 99.22
[31/62 iteration of epoch 46/50] 
 {loss} cls : 0.007, total : 0.007 
 {acc} cls : 100.00
[61/62 iteration of epoch 46/50] 
 {loss} cls : 0.025, total : 0.025 
 {acc} cls : 99.22
------------------------------
<Losses on train> cls : 0.030, total : 0.030
<Accuracies on train> cls : 99.34
Train epoch time: 37.883
------------------------------
<Accuracies on val> class : 90.97
------------------------------
<Accuracies on test> class : 57.75
------------------------------
<Accuracies on Art> test class : 45.86
------------------------------
<Accuracies on Clipart> test class : 51.78
------------------------------
<Accuracies on Real_World> test class : 70.37
------------------------------
Total epoch time: 213.179

New epoch - lr: 0.0009000000000000002
[1/62 iteration of epoch 47/50] 
 {loss} cls : 0.032, total : 0.032 
 {acc} cls : 99.22
[31/62 iteration of epoch 47/50] 
 {loss} cls : 0.034, total : 0.034 
 {acc} cls : 99.22
[61/62 iteration of epoch 47/50] 
 {loss} cls : 0.025, total : 0.025 
 {acc} cls : 100.00
------------------------------
<Losses on train> cls : 0.028, total : 0.028
<Accuracies on train> cls : 99.43
Train epoch time: 38.141
------------------------------
<Accuracies on val> class : 90.97
------------------------------
<Accuracies on test> class : 57.77
------------------------------
<Accuracies on Art> test class : 46.48
------------------------------
<Accuracies on Clipart> test class : 51.36
------------------------------
<Accuracies on Real_World> test class : 70.48
------------------------------
Total epoch time: 215.213

New epoch - lr: 0.0009000000000000002
[1/62 iteration of epoch 48/50] 
 {loss} cls : 0.032, total : 0.032 
 {acc} cls : 99.22
[31/62 iteration of epoch 48/50] 
 {loss} cls : 0.019, total : 0.019 
 {acc} cls : 100.00
[61/62 iteration of epoch 48/50] 
 {loss} cls : 0.062, total : 0.062 
 {acc} cls : 98.44
------------------------------
<Losses on train> cls : 0.030, total : 0.030
<Accuracies on train> cls : 99.37
Train epoch time: 35.701
------------------------------
<Accuracies on val> class : 90.74
------------------------------
<Accuracies on test> class : 57.92
------------------------------
<Accuracies on Art> test class : 46.72
------------------------------
<Accuracies on Clipart> test class : 51.73
------------------------------
<Accuracies on Real_World> test class : 70.35
------------------------------
Total epoch time: 199.822

New epoch - lr: 0.0009000000000000002
[1/62 iteration of epoch 49/50] 
 {loss} cls : 0.078, total : 0.078 
 {acc} cls : 97.66
[31/62 iteration of epoch 49/50] 
 {loss} cls : 0.012, total : 0.012 
 {acc} cls : 100.00
[61/62 iteration of epoch 49/50] 
 {loss} cls : 0.019, total : 0.019 
 {acc} cls : 100.00
------------------------------
<Losses on train> cls : 0.028, total : 0.028
<Accuracies on train> cls : 99.41
Train epoch time: 34.621
------------------------------
<Accuracies on val> class : 91.20
------------------------------
<Accuracies on test> class : 57.71
------------------------------
<Accuracies on Art> test class : 46.02
------------------------------
<Accuracies on Clipart> test class : 51.64
------------------------------
<Accuracies on Real_World> test class : 70.30
------------------------------
Total epoch time: 198.880

New epoch - lr: 0.0009000000000000002
[1/62 iteration of epoch 50/50] 
 {loss} cls : 0.025, total : 0.025 
 {acc} cls : 99.22
[31/62 iteration of epoch 50/50] 
 {loss} cls : 0.020, total : 0.020 
 {acc} cls : 100.00
[61/62 iteration of epoch 50/50] 
 {loss} cls : 0.042, total : 0.042 
 {acc} cls : 99.22
------------------------------
<Losses on train> cls : 0.025, total : 0.025
<Accuracies on train> cls : 99.60
Train epoch time: 34.160
------------------------------
<Accuracies on val> class : 90.74
------------------------------
<Accuracies on test> class : 58.03
------------------------------
<Accuracies on Art> test class : 46.56
------------------------------
<Accuracies on Clipart> test class : 52.07
------------------------------
<Accuracies on Real_World> test class : 70.39
------------------------------
Total epoch time: 199.337

******************************
Best val 0.923251, corresponding test 0.568302 - best test: 0.580321

******************************
Best val 0.9232505559921265, corresponding Art test 0.45694273710250854

******************************
Best val 0.9232505559921265, corresponding Clipart test 0.5035509467124939

******************************
Best val 0.9232505559921265, corresponding Real_World test 0.6952031254768372
