
Loading experiment ImageNet9/ResNet18_step


New epoch - lr: 0.003
[1/31 iteration of epoch 1/30] 
 {loss} cls : 2.465, total : 2.465 
 {acc} cls : 5.47
[31/31 iteration of epoch 1/30] 
 {loss} cls : 0.338, total : 0.338 
 {acc} cls : 85.16
------------------------------
<Losses on train> cls : 0.800, total : 0.800
<Accuracies on train> cls : 72.93
Train epoch time: 3.918
------------------------------
<Accuracies on val> class : 95.80
------------------------------
<Accuracies on test> class : 81.27
------------------------------
<Accuracies on mixed_rand> test class : 74.26
------------------------------
<Accuracies on mixed_same> test class : 88.27
------------------------------
Total epoch time: 11.666

New epoch - lr: 0.003
[1/31 iteration of epoch 2/30] 
 {loss} cls : 0.260, total : 0.260 
 {acc} cls : 94.53
[31/31 iteration of epoch 2/30] 
 {loss} cls : 0.201, total : 0.201 
 {acc} cls : 92.97
------------------------------
<Losses on train> cls : 0.236, total : 0.236
<Accuracies on train> cls : 92.19
Train epoch time: 3.340
------------------------------
<Accuracies on val> class : 93.33
------------------------------
<Accuracies on test> class : 83.30
------------------------------
<Accuracies on mixed_rand> test class : 76.60
------------------------------
<Accuracies on mixed_same> test class : 90.00
------------------------------
Total epoch time: 8.651

New epoch - lr: 0.003
[1/31 iteration of epoch 3/30] 
 {loss} cls : 0.190, total : 0.190 
 {acc} cls : 96.09
[31/31 iteration of epoch 3/30] 
 {loss} cls : 0.136, total : 0.136 
 {acc} cls : 96.09
------------------------------
<Losses on train> cls : 0.178, total : 0.178
<Accuracies on train> cls : 94.48
Train epoch time: 3.341
------------------------------
<Accuracies on val> class : 94.57
------------------------------
<Accuracies on test> class : 84.32
------------------------------
<Accuracies on mixed_rand> test class : 77.96
------------------------------
<Accuracies on mixed_same> test class : 90.68
------------------------------
Total epoch time: 8.606

New epoch - lr: 0.003
[1/31 iteration of epoch 4/30] 
 {loss} cls : 0.099, total : 0.099 
 {acc} cls : 96.09
[31/31 iteration of epoch 4/30] 
 {loss} cls : 0.174, total : 0.174 
 {acc} cls : 93.75
------------------------------
<Losses on train> cls : 0.131, total : 0.131
<Accuracies on train> cls : 95.84
Train epoch time: 3.334
------------------------------
<Accuracies on val> class : 95.31
------------------------------
<Accuracies on test> class : 83.89
------------------------------
<Accuracies on mixed_rand> test class : 77.47
------------------------------
<Accuracies on mixed_same> test class : 90.31
------------------------------
Total epoch time: 8.622

New epoch - lr: 0.003
[1/31 iteration of epoch 5/30] 
 {loss} cls : 0.073, total : 0.073 
 {acc} cls : 97.66
[31/31 iteration of epoch 5/30] 
 {loss} cls : 0.058, total : 0.058 
 {acc} cls : 96.88
------------------------------
<Losses on train> cls : 0.114, total : 0.114
<Accuracies on train> cls : 96.35
Train epoch time: 3.374
------------------------------
<Accuracies on val> class : 94.81
------------------------------
<Accuracies on test> class : 84.07
------------------------------
<Accuracies on mixed_rand> test class : 78.21
------------------------------
<Accuracies on mixed_same> test class : 89.94
------------------------------
Total epoch time: 8.642

New epoch - lr: 0.003
[1/31 iteration of epoch 6/30] 
 {loss} cls : 0.073, total : 0.073 
 {acc} cls : 97.66
[31/31 iteration of epoch 6/30] 
 {loss} cls : 0.070, total : 0.070 
 {acc} cls : 99.22
------------------------------
<Losses on train> cls : 0.085, total : 0.085
<Accuracies on train> cls : 97.03
Train epoch time: 3.333
------------------------------
<Accuracies on val> class : 94.81
------------------------------
<Accuracies on test> class : 84.60
------------------------------
<Accuracies on mixed_rand> test class : 77.96
------------------------------
<Accuracies on mixed_same> test class : 91.23
------------------------------
Total epoch time: 8.688

New epoch - lr: 0.003
[1/31 iteration of epoch 7/30] 
 {loss} cls : 0.022, total : 0.022 
 {acc} cls : 99.22
[31/31 iteration of epoch 7/30] 
 {loss} cls : 0.053, total : 0.053 
 {acc} cls : 98.44
------------------------------
<Losses on train> cls : 0.077, total : 0.077
<Accuracies on train> cls : 97.38
Train epoch time: 3.339
------------------------------
<Accuracies on val> class : 95.56
------------------------------
<Accuracies on test> class : 84.17
------------------------------
<Accuracies on mixed_rand> test class : 78.64
------------------------------
<Accuracies on mixed_same> test class : 89.69
------------------------------
Total epoch time: 8.589

New epoch - lr: 0.003
[1/31 iteration of epoch 8/30] 
 {loss} cls : 0.044, total : 0.044 
 {acc} cls : 99.22
[31/31 iteration of epoch 8/30] 
 {loss} cls : 0.061, total : 0.061 
 {acc} cls : 98.44
------------------------------
<Losses on train> cls : 0.061, total : 0.061
<Accuracies on train> cls : 97.86
Train epoch time: 3.366
------------------------------
<Accuracies on val> class : 96.79
------------------------------
<Accuracies on test> class : 83.86
------------------------------
<Accuracies on mixed_rand> test class : 78.27
------------------------------
<Accuracies on mixed_same> test class : 89.44
------------------------------
Total epoch time: 10.992

New epoch - lr: 0.003
[1/31 iteration of epoch 9/30] 
 {loss} cls : 0.032, total : 0.032 
 {acc} cls : 99.22
[31/31 iteration of epoch 9/30] 
 {loss} cls : 0.076, total : 0.076 
 {acc} cls : 97.66
------------------------------
<Losses on train> cls : 0.049, total : 0.049
<Accuracies on train> cls : 98.46
Train epoch time: 3.339
------------------------------
<Accuracies on val> class : 96.05
------------------------------
<Accuracies on test> class : 84.81
------------------------------
<Accuracies on mixed_rand> test class : 79.01
------------------------------
<Accuracies on mixed_same> test class : 90.62
------------------------------
Total epoch time: 8.711

New epoch - lr: 0.003
[1/31 iteration of epoch 10/30] 
 {loss} cls : 0.030, total : 0.030 
 {acc} cls : 98.44
[31/31 iteration of epoch 10/30] 
 {loss} cls : 0.071, total : 0.071 
 {acc} cls : 97.66
------------------------------
<Losses on train> cls : 0.047, total : 0.047
<Accuracies on train> cls : 98.61
Train epoch time: 3.375
------------------------------
<Accuracies on val> class : 95.56
------------------------------
<Accuracies on test> class : 85.46
------------------------------
<Accuracies on mixed_rand> test class : 79.51
------------------------------
<Accuracies on mixed_same> test class : 91.42
------------------------------
Total epoch time: 8.654

New epoch - lr: 0.003
[1/31 iteration of epoch 11/30] 
 {loss} cls : 0.016, total : 0.016 
 {acc} cls : 99.22
[31/31 iteration of epoch 11/30] 
 {loss} cls : 0.095, total : 0.095 
 {acc} cls : 96.88
------------------------------
<Losses on train> cls : 0.049, total : 0.049
<Accuracies on train> cls : 98.49
Train epoch time: 3.339
------------------------------
<Accuracies on val> class : 95.80
------------------------------
<Accuracies on test> class : 85.37
------------------------------
<Accuracies on mixed_rand> test class : 79.44
------------------------------
<Accuracies on mixed_same> test class : 91.30
------------------------------
Total epoch time: 8.722

New epoch - lr: 0.003
[1/31 iteration of epoch 12/30] 
 {loss} cls : 0.015, total : 0.015 
 {acc} cls : 99.22
[31/31 iteration of epoch 12/30] 
 {loss} cls : 0.030, total : 0.030 
 {acc} cls : 99.22
------------------------------
<Losses on train> cls : 0.039, total : 0.039
<Accuracies on train> cls : 98.77
Train epoch time: 3.343
------------------------------
<Accuracies on val> class : 94.81
------------------------------
<Accuracies on test> class : 84.85
------------------------------
<Accuracies on mixed_rand> test class : 78.58
------------------------------
<Accuracies on mixed_same> test class : 91.11
------------------------------
Total epoch time: 8.652

New epoch - lr: 0.003
[1/31 iteration of epoch 13/30] 
 {loss} cls : 0.006, total : 0.006 
 {acc} cls : 100.00
[31/31 iteration of epoch 13/30] 
 {loss} cls : 0.006, total : 0.006 
 {acc} cls : 100.00
------------------------------
<Losses on train> cls : 0.034, total : 0.034
<Accuracies on train> cls : 98.77
Train epoch time: 3.392
------------------------------
<Accuracies on val> class : 95.56
------------------------------
<Accuracies on test> class : 84.17
------------------------------
<Accuracies on mixed_rand> test class : 78.70
------------------------------
<Accuracies on mixed_same> test class : 89.63
------------------------------
Total epoch time: 8.760

New epoch - lr: 0.003
[1/31 iteration of epoch 14/30] 
 {loss} cls : 0.020, total : 0.020 
 {acc} cls : 99.22
[31/31 iteration of epoch 14/30] 
 {loss} cls : 0.104, total : 0.104 
 {acc} cls : 95.31
------------------------------
<Losses on train> cls : 0.035, total : 0.035
<Accuracies on train> cls : 98.94
Train epoch time: 3.374
------------------------------
<Accuracies on val> class : 95.06
------------------------------
<Accuracies on test> class : 84.69
------------------------------
<Accuracies on mixed_rand> test class : 78.27
------------------------------
<Accuracies on mixed_same> test class : 91.11
------------------------------
Total epoch time: 8.685

New epoch - lr: 0.003
[1/31 iteration of epoch 15/30] 
 {loss} cls : 0.036, total : 0.036 
 {acc} cls : 99.22
[31/31 iteration of epoch 15/30] 
 {loss} cls : 0.055, total : 0.055 
 {acc} cls : 96.88
------------------------------
<Losses on train> cls : 0.026, total : 0.026
<Accuracies on train> cls : 99.19
Train epoch time: 3.346
------------------------------
<Accuracies on val> class : 96.30
------------------------------
<Accuracies on test> class : 85.06
------------------------------
<Accuracies on mixed_rand> test class : 79.20
------------------------------
<Accuracies on mixed_same> test class : 90.93
------------------------------
Total epoch time: 8.626

New epoch - lr: 0.003
[1/31 iteration of epoch 16/30] 
 {loss} cls : 0.011, total : 0.011 
 {acc} cls : 100.00
[31/31 iteration of epoch 16/30] 
 {loss} cls : 0.030, total : 0.030 
 {acc} cls : 99.22
------------------------------
<Losses on train> cls : 0.025, total : 0.025
<Accuracies on train> cls : 99.52
Train epoch time: 3.377
------------------------------
<Accuracies on val> class : 95.80
------------------------------
<Accuracies on test> class : 85.56
------------------------------
<Accuracies on mixed_rand> test class : 79.69
------------------------------
<Accuracies on mixed_same> test class : 91.42
------------------------------
Total epoch time: 8.750

New epoch - lr: 0.003
[1/31 iteration of epoch 17/30] 
 {loss} cls : 0.021, total : 0.021 
 {acc} cls : 99.22
[31/31 iteration of epoch 17/30] 
 {loss} cls : 0.022, total : 0.022 
 {acc} cls : 100.00
------------------------------
<Losses on train> cls : 0.028, total : 0.028
<Accuracies on train> cls : 99.29
Train epoch time: 3.430
------------------------------
<Accuracies on val> class : 95.31
------------------------------
<Accuracies on test> class : 85.90
------------------------------
<Accuracies on mixed_rand> test class : 79.81
------------------------------
<Accuracies on mixed_same> test class : 91.98
------------------------------
Total epoch time: 8.763

New epoch - lr: 0.003
[1/31 iteration of epoch 18/30] 
 {loss} cls : 0.028, total : 0.028 
 {acc} cls : 98.44
[31/31 iteration of epoch 18/30] 
 {loss} cls : 0.008, total : 0.008 
 {acc} cls : 100.00
------------------------------
<Losses on train> cls : 0.023, total : 0.023
<Accuracies on train> cls : 99.34
Train epoch time: 3.427
------------------------------
<Accuracies on val> class : 95.06
------------------------------
<Accuracies on test> class : 85.19
------------------------------
<Accuracies on mixed_rand> test class : 79.07
------------------------------
<Accuracies on mixed_same> test class : 91.30
------------------------------
Total epoch time: 8.669

New epoch - lr: 0.003
[1/31 iteration of epoch 19/30] 
 {loss} cls : 0.008, total : 0.008 
 {acc} cls : 100.00
[31/31 iteration of epoch 19/30] 
 {loss} cls : 0.008, total : 0.008 
 {acc} cls : 100.00
------------------------------
<Losses on train> cls : 0.022, total : 0.022
<Accuracies on train> cls : 99.27
Train epoch time: 3.363
------------------------------
<Accuracies on val> class : 95.06
------------------------------
<Accuracies on test> class : 84.60
------------------------------
<Accuracies on mixed_rand> test class : 78.83
------------------------------
<Accuracies on mixed_same> test class : 90.37
------------------------------
Total epoch time: 8.689

New epoch - lr: 0.003
[1/31 iteration of epoch 20/30] 
 {loss} cls : 0.008, total : 0.008 
 {acc} cls : 100.00
[31/31 iteration of epoch 20/30] 
 {loss} cls : 0.008, total : 0.008 
 {acc} cls : 100.00
------------------------------
<Losses on train> cls : 0.019, total : 0.019
<Accuracies on train> cls : 99.45
Train epoch time: 3.386
------------------------------
<Accuracies on val> class : 95.56
------------------------------
<Accuracies on test> class : 85.96
------------------------------
<Accuracies on mixed_rand> test class : 79.94
------------------------------
<Accuracies on mixed_same> test class : 91.98
------------------------------
Total epoch time: 8.738

New epoch - lr: 0.003
[1/31 iteration of epoch 21/30] 
 {loss} cls : 0.020, total : 0.020 
 {acc} cls : 99.22
[31/31 iteration of epoch 21/30] 
 {loss} cls : 0.003, total : 0.003 
 {acc} cls : 100.00
------------------------------
<Losses on train> cls : 0.025, total : 0.025
<Accuracies on train> cls : 99.32
Train epoch time: 3.338
------------------------------
<Accuracies on val> class : 95.56
------------------------------
<Accuracies on test> class : 84.94
------------------------------
<Accuracies on mixed_rand> test class : 78.89
------------------------------
<Accuracies on mixed_same> test class : 90.99
------------------------------
Total epoch time: 8.648

New epoch - lr: 0.003
[1/31 iteration of epoch 22/30] 
 {loss} cls : 0.012, total : 0.012 
 {acc} cls : 100.00
[31/31 iteration of epoch 22/30] 
 {loss} cls : 0.004, total : 0.004 
 {acc} cls : 100.00
------------------------------
<Losses on train> cls : 0.013, total : 0.013
<Accuracies on train> cls : 99.67
Train epoch time: 3.360
------------------------------
<Accuracies on val> class : 95.31
------------------------------
<Accuracies on test> class : 85.65
------------------------------
<Accuracies on mixed_rand> test class : 79.81
------------------------------
<Accuracies on mixed_same> test class : 91.48
------------------------------
Total epoch time: 8.684

New epoch - lr: 0.003
[1/31 iteration of epoch 23/30] 
 {loss} cls : 0.041, total : 0.041 
 {acc} cls : 99.22
[31/31 iteration of epoch 23/30] 
 {loss} cls : 0.003, total : 0.003 
 {acc} cls : 100.00
------------------------------
<Losses on train> cls : 0.022, total : 0.022
<Accuracies on train> cls : 99.50
Train epoch time: 3.423
------------------------------
<Accuracies on val> class : 95.56
------------------------------
<Accuracies on test> class : 85.43
------------------------------
<Accuracies on mixed_rand> test class : 79.69
------------------------------
<Accuracies on mixed_same> test class : 91.17
------------------------------
Total epoch time: 8.659

New epoch - lr: 0.003
[1/31 iteration of epoch 24/30] 
 {loss} cls : 0.005, total : 0.005 
 {acc} cls : 100.00
[31/31 iteration of epoch 24/30] 
 {loss} cls : 0.005, total : 0.005 
 {acc} cls : 100.00
------------------------------
<Losses on train> cls : 0.011, total : 0.011
<Accuracies on train> cls : 99.75
Train epoch time: 3.358
------------------------------
<Accuracies on val> class : 95.31
------------------------------
<Accuracies on test> class : 86.05
------------------------------
<Accuracies on mixed_rand> test class : 80.56
------------------------------
<Accuracies on mixed_same> test class : 91.54
------------------------------
Total epoch time: 8.660

New epoch - lr: 0.003
[1/31 iteration of epoch 25/30] 
 {loss} cls : 0.005, total : 0.005 
 {acc} cls : 100.00
[31/31 iteration of epoch 25/30] 
 {loss} cls : 0.003, total : 0.003 
 {acc} cls : 100.00
------------------------------
<Losses on train> cls : 0.013, total : 0.013
<Accuracies on train> cls : 99.72
Train epoch time: 3.452
------------------------------
<Accuracies on val> class : 95.56
------------------------------
<Accuracies on test> class : 85.56
------------------------------
<Accuracies on mixed_rand> test class : 79.69
------------------------------
<Accuracies on mixed_same> test class : 91.42
------------------------------
Total epoch time: 8.753

New epoch - lr: 0.003
[1/31 iteration of epoch 26/30] 
 {loss} cls : 0.010, total : 0.010 
 {acc} cls : 100.00
[31/31 iteration of epoch 26/30] 
 {loss} cls : 0.021, total : 0.021 
 {acc} cls : 98.44
------------------------------
<Losses on train> cls : 0.008, total : 0.008
<Accuracies on train> cls : 99.85
Train epoch time: 3.393
------------------------------
<Accuracies on val> class : 95.56
------------------------------
<Accuracies on test> class : 85.93
------------------------------
<Accuracies on mixed_rand> test class : 80.00
------------------------------
<Accuracies on mixed_same> test class : 91.85
------------------------------
Total epoch time: 8.908

New epoch - lr: 0.0009000000000000002
[1/31 iteration of epoch 27/30] 
 {loss} cls : 0.004, total : 0.004 
 {acc} cls : 100.00
[31/31 iteration of epoch 27/30] 
 {loss} cls : 0.015, total : 0.015 
 {acc} cls : 99.22
------------------------------
<Losses on train> cls : 0.012, total : 0.012
<Accuracies on train> cls : 99.70
Train epoch time: 3.384
------------------------------
<Accuracies on val> class : 95.06
------------------------------
<Accuracies on test> class : 86.05
------------------------------
<Accuracies on mixed_rand> test class : 80.06
------------------------------
<Accuracies on mixed_same> test class : 92.04
------------------------------
Total epoch time: 8.761

New epoch - lr: 0.0009000000000000002
[1/31 iteration of epoch 28/30] 
 {loss} cls : 0.003, total : 0.003 
 {acc} cls : 100.00
[31/31 iteration of epoch 28/30] 
 {loss} cls : 0.011, total : 0.011 
 {acc} cls : 99.22
------------------------------
<Losses on train> cls : 0.007, total : 0.007
<Accuracies on train> cls : 99.80
Train epoch time: 3.446
------------------------------
<Accuracies on val> class : 95.06
------------------------------
<Accuracies on test> class : 85.80
------------------------------
<Accuracies on mixed_rand> test class : 79.88
------------------------------
<Accuracies on mixed_same> test class : 91.73
------------------------------
Total epoch time: 8.803

New epoch - lr: 0.0009000000000000002
[1/31 iteration of epoch 29/30] 
 {loss} cls : 0.008, total : 0.008 
 {acc} cls : 100.00
[31/31 iteration of epoch 29/30] 
 {loss} cls : 0.002, total : 0.002 
 {acc} cls : 100.00
------------------------------
<Losses on train> cls : 0.005, total : 0.005
<Accuracies on train> cls : 99.90
Train epoch time: 3.419
------------------------------
<Accuracies on val> class : 95.06
------------------------------
<Accuracies on test> class : 86.08
------------------------------
<Accuracies on mixed_rand> test class : 80.37
------------------------------
<Accuracies on mixed_same> test class : 91.79
------------------------------
Total epoch time: 8.850

New epoch - lr: 0.0009000000000000002
[1/31 iteration of epoch 30/30] 
 {loss} cls : 0.007, total : 0.007 
 {acc} cls : 100.00
[31/31 iteration of epoch 30/30] 
 {loss} cls : 0.011, total : 0.011 
 {acc} cls : 99.22
------------------------------
<Losses on train> cls : 0.007, total : 0.007
<Accuracies on train> cls : 99.87
Train epoch time: 3.404
------------------------------
<Accuracies on val> class : 95.31
------------------------------
<Accuracies on test> class : 85.90
------------------------------
<Accuracies on mixed_rand> test class : 80.19
------------------------------
<Accuracies on mixed_same> test class : 91.60
------------------------------
Total epoch time: 8.712

******************************
Best val 0.967901, corresponding test 0.83858 - best test: 0.860802

******************************
Best val 0.9679012298583984, corresponding mixed_rand test 0.7827160358428955

******************************
Best val 0.9679012298583984, corresponding mixed_same test 0.894444465637207
