
Loading experiment Officehome/ResNet18_step

Sample Strategy: all

New epoch - lr: 0.003
[1/30 iteration of epoch 1/50] 
 {loss} cls : 4.381, fac : 4.718, total : 9.100 
 {acc} cls : 1.95
------------------------------
<Losses on train> cls : 2.556, fac : 4.700, total : 7.257
<Accuracies on train> cls : 41.63
Train epoch time: 218.109
------------------------------
<Accuracies on val> class : 53.67
------------------------------
<Accuracies on test> class : 55.56
------------------------------
<Accuracies on Art> test class : 46.48
------------------------------
<Accuracies on Product> test class : 56.41
------------------------------
<Accuracies on Real_World> test class : 59.77
------------------------------
Total epoch time: 621.911

New epoch - lr: 0.003
[1/30 iteration of epoch 2/50] 
 {loss} cls : 1.231, fac : 4.661, total : 5.892 
 {acc} cls : 70.31
------------------------------
<Losses on train> cls : 0.874, fac : 4.628, total : 5.502
<Accuracies on train> cls : 78.05
Train epoch time: 111.968
------------------------------
<Accuracies on val> class : 63.07
------------------------------
<Accuracies on test> class : 57.53
------------------------------
<Accuracies on Art> test class : 45.16
------------------------------
<Accuracies on Product> test class : 58.98
------------------------------
<Accuracies on Real_World> test class : 62.96
------------------------------
Total epoch time: 500.519

New epoch - lr: 0.003
[1/30 iteration of epoch 3/50] 
 {loss} cls : 0.643, fac : 4.606, total : 5.249 
 {acc} cls : 83.20
------------------------------
<Losses on train> cls : 0.621, fac : 4.595, total : 5.216
<Accuracies on train> cls : 83.41
Train epoch time: 96.080
------------------------------
<Accuracies on val> class : 67.89
------------------------------
<Accuracies on test> class : 59.91
------------------------------
<Accuracies on Art> test class : 47.55
------------------------------
<Accuracies on Product> test class : 62.27
------------------------------
<Accuracies on Real_World> test class : 64.40
------------------------------
Total epoch time: 488.887

New epoch - lr: 0.003
[1/30 iteration of epoch 4/50] 
 {loss} cls : 0.537, fac : 4.590, total : 5.128 
 {acc} cls : 86.72
------------------------------
<Losses on train> cls : 0.486, fac : 4.576, total : 5.062
<Accuracies on train> cls : 87.01
Train epoch time: 88.422
------------------------------
<Accuracies on val> class : 70.18
------------------------------
<Accuracies on test> class : 59.07
------------------------------
<Accuracies on Art> test class : 46.39
------------------------------
<Accuracies on Product> test class : 61.88
------------------------------
<Accuracies on Real_World> test class : 63.25
------------------------------
Total epoch time: 482.507

New epoch - lr: 0.003
[1/30 iteration of epoch 5/50] 
 {loss} cls : 0.402, fac : 4.579, total : 4.981 
 {acc} cls : 87.50
------------------------------
<Losses on train> cls : 0.405, fac : 4.558, total : 4.963
<Accuracies on train> cls : 88.92
Train epoch time: 86.946
------------------------------
<Accuracies on val> class : 70.18
------------------------------
<Accuracies on test> class : 60.44
------------------------------
<Accuracies on Art> test class : 48.50
------------------------------
<Accuracies on Product> test class : 62.54
------------------------------
<Accuracies on Real_World> test class : 64.95
------------------------------
Total epoch time: 478.163

New epoch - lr: 0.003
[1/30 iteration of epoch 6/50] 
 {loss} cls : 0.309, fac : 4.542, total : 4.852 
 {acc} cls : 90.62
------------------------------
<Losses on train> cls : 0.342, fac : 4.543, total : 4.885
<Accuracies on train> cls : 90.61
Train epoch time: 84.880
------------------------------
<Accuracies on val> class : 72.25
------------------------------
<Accuracies on test> class : 60.47
------------------------------
<Accuracies on Art> test class : 48.45
------------------------------
<Accuracies on Product> test class : 62.38
------------------------------
<Accuracies on Real_World> test class : 65.23
------------------------------
Total epoch time: 474.153

New epoch - lr: 0.003
[1/30 iteration of epoch 7/50] 
 {loss} cls : 0.261, fac : 4.547, total : 4.808 
 {acc} cls : 94.14
------------------------------
<Losses on train> cls : 0.298, fac : 4.530, total : 4.827
<Accuracies on train> cls : 91.85
Train epoch time: 78.262
------------------------------
<Accuracies on val> class : 75.23
------------------------------
<Accuracies on test> class : 61.67
------------------------------
<Accuracies on Art> test class : 49.77
------------------------------
<Accuracies on Product> test class : 63.69
------------------------------
<Accuracies on Real_World> test class : 66.24
------------------------------
Total epoch time: 467.977

New epoch - lr: 0.003
[1/30 iteration of epoch 8/50] 
 {loss} cls : 0.236, fac : 4.509, total : 4.745 
 {acc} cls : 94.14
------------------------------
<Losses on train> cls : 0.258, fac : 4.518, total : 4.776
<Accuracies on train> cls : 93.09
Train epoch time: 77.607
------------------------------
<Accuracies on val> class : 73.85
------------------------------
<Accuracies on test> class : 61.28
------------------------------
<Accuracies on Art> test class : 48.70
------------------------------
<Accuracies on Product> test class : 63.08
------------------------------
<Accuracies on Real_World> test class : 66.44
------------------------------
Total epoch time: 466.738

New epoch - lr: 0.003
[1/30 iteration of epoch 9/50] 
 {loss} cls : 0.202, fac : 4.510, total : 4.712 
 {acc} cls : 94.92
------------------------------
<Losses on train> cls : 0.232, fac : 4.508, total : 4.740
<Accuracies on train> cls : 93.80
Train epoch time: 78.352
------------------------------
<Accuracies on val> class : 75.92
------------------------------
<Accuracies on test> class : 60.52
------------------------------
<Accuracies on Art> test class : 47.80
------------------------------
<Accuracies on Product> test class : 62.54
------------------------------
<Accuracies on Real_World> test class : 65.55
------------------------------
Total epoch time: 473.130

New epoch - lr: 0.003
[1/30 iteration of epoch 10/50] 
 {loss} cls : 0.214, fac : 4.492, total : 4.707 
 {acc} cls : 93.75
------------------------------
<Losses on train> cls : 0.202, fac : 4.496, total : 4.698
<Accuracies on train> cls : 94.61
Train epoch time: 75.536
------------------------------
<Accuracies on val> class : 72.25
------------------------------
<Accuracies on test> class : 60.99
------------------------------
<Accuracies on Art> test class : 48.83
------------------------------
<Accuracies on Product> test class : 63.01
------------------------------
<Accuracies on Real_World> test class : 65.71
------------------------------
Total epoch time: 467.545

New epoch - lr: 0.003
[1/30 iteration of epoch 11/50] 
 {loss} cls : 0.287, fac : 4.497, total : 4.784 
 {acc} cls : 94.14
------------------------------
<Losses on train> cls : 0.191, fac : 4.488, total : 4.679
<Accuracies on train> cls : 94.97
Train epoch time: 76.840
------------------------------
<Accuracies on val> class : 73.17
------------------------------
<Accuracies on test> class : 60.67
------------------------------
<Accuracies on Art> test class : 47.75
------------------------------
<Accuracies on Product> test class : 62.69
------------------------------
<Accuracies on Real_World> test class : 65.80
------------------------------
Total epoch time: 470.370

New epoch - lr: 0.003
[1/30 iteration of epoch 12/50] 
 {loss} cls : 0.137, fac : 4.498, total : 4.635 
 {acc} cls : 96.88
------------------------------
<Losses on train> cls : 0.172, fac : 4.480, total : 4.652
<Accuracies on train> cls : 95.14
Train epoch time: 79.478
------------------------------
<Accuracies on val> class : 73.62
------------------------------
<Accuracies on test> class : 59.37
------------------------------
<Accuracies on Art> test class : 46.11
------------------------------
<Accuracies on Product> test class : 61.73
------------------------------
<Accuracies on Real_World> test class : 64.36
------------------------------
Total epoch time: 464.105

New epoch - lr: 0.003
[1/30 iteration of epoch 13/50] 
 {loss} cls : 0.172, fac : 4.469, total : 4.641 
 {acc} cls : 96.09
------------------------------
<Losses on train> cls : 0.157, fac : 4.470, total : 4.628
<Accuracies on train> cls : 95.91
Train epoch time: 74.638
------------------------------
<Accuracies on val> class : 74.31
------------------------------
<Accuracies on test> class : 60.27
------------------------------
<Accuracies on Art> test class : 47.63
------------------------------
<Accuracies on Product> test class : 62.00
------------------------------
<Accuracies on Real_World> test class : 65.55
------------------------------
Total epoch time: 467.896

New epoch - lr: 0.003
[1/30 iteration of epoch 14/50] 
 {loss} cls : 0.117, fac : 4.451, total : 4.568 
 {acc} cls : 97.66
------------------------------
<Losses on train> cls : 0.142, fac : 4.461, total : 4.603
<Accuracies on train> cls : 96.26
Train epoch time: 78.061
------------------------------
<Accuracies on val> class : 72.94
------------------------------
<Accuracies on test> class : 60.48
------------------------------
<Accuracies on Art> test class : 48.08
------------------------------
<Accuracies on Product> test class : 62.56
------------------------------
<Accuracies on Real_World> test class : 65.27
------------------------------
Total epoch time: 462.797

New epoch - lr: 0.003
[1/30 iteration of epoch 15/50] 
 {loss} cls : 0.154, fac : 4.475, total : 4.628 
 {acc} cls : 95.31
------------------------------
<Losses on train> cls : 0.137, fac : 4.454, total : 4.591
<Accuracies on train> cls : 96.35
Train epoch time: 78.115
------------------------------
<Accuracies on val> class : 74.08
------------------------------
<Accuracies on test> class : 59.73
------------------------------
<Accuracies on Art> test class : 45.82
------------------------------
<Accuracies on Product> test class : 61.84
------------------------------
<Accuracies on Real_World> test class : 65.32
------------------------------
Total epoch time: 467.596

New epoch - lr: 0.003
[1/30 iteration of epoch 16/50] 
 {loss} cls : 0.099, fac : 4.461, total : 4.559 
 {acc} cls : 98.05
------------------------------
<Losses on train> cls : 0.123, fac : 4.446, total : 4.569
<Accuracies on train> cls : 97.02
Train epoch time: 75.880
------------------------------
<Accuracies on val> class : 73.85
------------------------------
<Accuracies on test> class : 60.13
------------------------------
<Accuracies on Art> test class : 47.63
------------------------------
<Accuracies on Product> test class : 62.31
------------------------------
<Accuracies on Real_World> test class : 64.86
------------------------------
Total epoch time: 469.525

New epoch - lr: 0.003
[1/30 iteration of epoch 17/50] 
 {loss} cls : 0.127, fac : 4.431, total : 4.558 
 {acc} cls : 95.70
------------------------------
<Losses on train> cls : 0.120, fac : 4.439, total : 4.559
<Accuracies on train> cls : 96.91
Train epoch time: 76.834
------------------------------
<Accuracies on val> class : 74.31
------------------------------
<Accuracies on test> class : 60.57
------------------------------
<Accuracies on Art> test class : 47.84
------------------------------
<Accuracies on Product> test class : 62.11
------------------------------
<Accuracies on Real_World> test class : 66.10
------------------------------
Total epoch time: 463.368

New epoch - lr: 0.003
[1/30 iteration of epoch 18/50] 
 {loss} cls : 0.118, fac : 4.438, total : 4.556 
 {acc} cls : 96.88
------------------------------
<Losses on train> cls : 0.108, fac : 4.433, total : 4.541
<Accuracies on train> cls : 97.29
Train epoch time: 72.548
------------------------------
<Accuracies on val> class : 74.08
------------------------------
<Accuracies on test> class : 59.70
------------------------------
<Accuracies on Art> test class : 46.93
------------------------------
<Accuracies on Product> test class : 61.66
------------------------------
<Accuracies on Real_World> test class : 64.82
------------------------------
Total epoch time: 459.817

New epoch - lr: 0.003
[1/30 iteration of epoch 19/50] 
 {loss} cls : 0.092, fac : 4.431, total : 4.523 
 {acc} cls : 98.05
------------------------------
<Losses on train> cls : 0.105, fac : 4.426, total : 4.531
<Accuracies on train> cls : 97.47
Train epoch time: 74.719
------------------------------
<Accuracies on val> class : 75.92
------------------------------
<Accuracies on test> class : 60.43
------------------------------
<Accuracies on Art> test class : 47.88
------------------------------
<Accuracies on Product> test class : 62.42
------------------------------
<Accuracies on Real_World> test class : 65.39
------------------------------
Total epoch time: 462.235

New epoch - lr: 0.003
[1/30 iteration of epoch 20/50] 
 {loss} cls : 0.090, fac : 4.438, total : 4.529 
 {acc} cls : 98.44
------------------------------
<Losses on train> cls : 0.101, fac : 4.420, total : 4.522
<Accuracies on train> cls : 97.51
Train epoch time: 71.699
------------------------------
<Accuracies on val> class : 73.17
------------------------------
<Accuracies on test> class : 59.69
------------------------------
<Accuracies on Art> test class : 46.97
------------------------------
<Accuracies on Product> test class : 61.79
------------------------------
<Accuracies on Real_World> test class : 64.63
------------------------------
Total epoch time: 463.940

New epoch - lr: 0.003
[1/30 iteration of epoch 21/50] 
 {loss} cls : 0.066, fac : 4.418, total : 4.484 
 {acc} cls : 99.22
------------------------------
<Losses on train> cls : 0.098, fac : 4.413, total : 4.511
<Accuracies on train> cls : 97.49
Train epoch time: 79.991
------------------------------
<Accuracies on val> class : 74.77
------------------------------
<Accuracies on test> class : 60.38
------------------------------
<Accuracies on Art> test class : 46.39
------------------------------
<Accuracies on Product> test class : 63.10
------------------------------
<Accuracies on Real_World> test class : 65.39
------------------------------
Total epoch time: 465.213

New epoch - lr: 0.003
[1/30 iteration of epoch 22/50] 
 {loss} cls : 0.099, fac : 4.417, total : 4.516 
 {acc} cls : 96.48
------------------------------
<Losses on train> cls : 0.094, fac : 4.407, total : 4.501
<Accuracies on train> cls : 97.58
Train epoch time: 73.566
------------------------------
<Accuracies on val> class : 75.92
------------------------------
<Accuracies on test> class : 59.87
------------------------------
<Accuracies on Art> test class : 46.56
------------------------------
<Accuracies on Product> test class : 62.04
------------------------------
<Accuracies on Real_World> test class : 65.07
------------------------------
Total epoch time: 464.152

New epoch - lr: 0.003
[1/30 iteration of epoch 23/50] 
 {loss} cls : 0.067, fac : 4.399, total : 4.466 
 {acc} cls : 99.22
------------------------------
<Losses on train> cls : 0.091, fac : 4.402, total : 4.493
<Accuracies on train> cls : 97.81
Train epoch time: 75.861
------------------------------
<Accuracies on val> class : 75.00
------------------------------
<Accuracies on test> class : 59.89
------------------------------
<Accuracies on Art> test class : 46.07
------------------------------
<Accuracies on Product> test class : 62.49
------------------------------
<Accuracies on Real_World> test class : 64.93
------------------------------
Total epoch time: 468.117

New epoch - lr: 0.003
[1/30 iteration of epoch 24/50] 
 {loss} cls : 0.099, fac : 4.408, total : 4.508 
 {acc} cls : 96.88
------------------------------
<Losses on train> cls : 0.090, fac : 4.398, total : 4.488
<Accuracies on train> cls : 97.68
Train epoch time: 77.702
------------------------------
<Accuracies on val> class : 75.00
------------------------------
<Accuracies on test> class : 59.92
------------------------------
<Accuracies on Art> test class : 46.11
------------------------------
<Accuracies on Product> test class : 62.47
------------------------------
<Accuracies on Real_World> test class : 65.02
------------------------------
Total epoch time: 469.416

New epoch - lr: 0.003
[1/30 iteration of epoch 25/50] 
 {loss} cls : 0.062, fac : 4.376, total : 4.439 
 {acc} cls : 98.83
------------------------------
<Losses on train> cls : 0.083, fac : 4.390, total : 4.473
<Accuracies on train> cls : 97.71
Train epoch time: 76.447
------------------------------
<Accuracies on val> class : 75.46
------------------------------
<Accuracies on test> class : 60.10
------------------------------
<Accuracies on Art> test class : 46.60
------------------------------
<Accuracies on Product> test class : 62.63
------------------------------
<Accuracies on Real_World> test class : 65.04
------------------------------
Total epoch time: 468.393

New epoch - lr: 0.003
[1/30 iteration of epoch 26/50] 
 {loss} cls : 0.103, fac : 4.392, total : 4.495 
 {acc} cls : 96.09
------------------------------
<Losses on train> cls : 0.083, fac : 4.386, total : 4.469
<Accuracies on train> cls : 97.75
Train epoch time: 75.522
------------------------------
<Accuracies on val> class : 74.77
------------------------------
<Accuracies on test> class : 60.20
------------------------------
<Accuracies on Art> test class : 46.52
------------------------------
<Accuracies on Product> test class : 62.85
------------------------------
<Accuracies on Real_World> test class : 65.11
------------------------------
Total epoch time: 466.457

New epoch - lr: 0.003
[1/30 iteration of epoch 27/50] 
 {loss} cls : 0.076, fac : 4.385, total : 4.461 
 {acc} cls : 98.44
------------------------------
<Losses on train> cls : 0.079, fac : 4.380, total : 4.459
<Accuracies on train> cls : 97.97
Train epoch time: 79.613
------------------------------
<Accuracies on val> class : 74.77
------------------------------
<Accuracies on test> class : 59.70
------------------------------
<Accuracies on Art> test class : 45.98
------------------------------
<Accuracies on Product> test class : 61.95
------------------------------
<Accuracies on Real_World> test class : 65.04
------------------------------
Total epoch time: 469.937

New epoch - lr: 0.003
[1/30 iteration of epoch 28/50] 
 {loss} cls : 0.040, fac : 4.350, total : 4.390 
 {acc} cls : 99.22
------------------------------
<Losses on train> cls : 0.077, fac : 4.375, total : 4.452
<Accuracies on train> cls : 98.10
Train epoch time: 78.505
------------------------------
<Accuracies on val> class : 74.54
------------------------------
<Accuracies on test> class : 59.65
------------------------------
<Accuracies on Art> test class : 46.60
------------------------------
<Accuracies on Product> test class : 61.70
------------------------------
<Accuracies on Real_World> test class : 64.84
------------------------------
Total epoch time: 467.471

New epoch - lr: 0.003
[1/30 iteration of epoch 29/50] 
 {loss} cls : 0.069, fac : 4.370, total : 4.439 
 {acc} cls : 98.44
------------------------------
<Losses on train> cls : 0.069, fac : 4.368, total : 4.438
<Accuracies on train> cls : 98.35
Train epoch time: 74.478
------------------------------
<Accuracies on val> class : 74.31
------------------------------
<Accuracies on test> class : 59.75
------------------------------
<Accuracies on Art> test class : 46.68
------------------------------
<Accuracies on Product> test class : 62.13
------------------------------
<Accuracies on Real_World> test class : 64.61
------------------------------
Total epoch time: 466.575

New epoch - lr: 0.003
[1/30 iteration of epoch 30/50] 
 {loss} cls : 0.049, fac : 4.378, total : 4.427 
 {acc} cls : 98.83
------------------------------
<Losses on train> cls : 0.076, fac : 4.367, total : 4.443
<Accuracies on train> cls : 98.19
Train epoch time: 75.139
------------------------------
<Accuracies on val> class : 76.61
------------------------------
<Accuracies on test> class : 59.38
------------------------------
<Accuracies on Art> test class : 45.65
------------------------------
<Accuracies on Product> test class : 62.06
------------------------------
<Accuracies on Real_World> test class : 64.29
------------------------------
Total epoch time: 474.661

New epoch - lr: 0.003
[1/30 iteration of epoch 31/50] 
 {loss} cls : 0.039, fac : 4.368, total : 4.407 
 {acc} cls : 99.61
------------------------------
<Losses on train> cls : 0.071, fac : 4.363, total : 4.434
<Accuracies on train> cls : 98.20
Train epoch time: 77.336
------------------------------
<Accuracies on val> class : 76.61
------------------------------
<Accuracies on test> class : 59.62
------------------------------
<Accuracies on Art> test class : 46.68
------------------------------
<Accuracies on Product> test class : 61.82
------------------------------
<Accuracies on Real_World> test class : 64.59
------------------------------
Total epoch time: 465.320

New epoch - lr: 0.003
[1/30 iteration of epoch 32/50] 
 {loss} cls : 0.061, fac : 4.353, total : 4.414 
 {acc} cls : 99.22
------------------------------
<Losses on train> cls : 0.069, fac : 4.356, total : 4.425
<Accuracies on train> cls : 98.29
Train epoch time: 74.167
------------------------------
<Accuracies on val> class : 74.77
------------------------------
<Accuracies on test> class : 59.88
------------------------------
<Accuracies on Art> test class : 46.23
------------------------------
<Accuracies on Product> test class : 62.58
------------------------------
<Accuracies on Real_World> test class : 64.72
------------------------------
Total epoch time: 462.911

New epoch - lr: 0.003
[1/30 iteration of epoch 33/50] 
 {loss} cls : 0.032, fac : 4.357, total : 4.389 
 {acc} cls : 100.00
------------------------------
<Losses on train> cls : 0.074, fac : 4.354, total : 4.428
<Accuracies on train> cls : 98.12
Train epoch time: 75.025
------------------------------
<Accuracies on val> class : 75.69
------------------------------
<Accuracies on test> class : 59.38
------------------------------
<Accuracies on Art> test class : 45.90
------------------------------
<Accuracies on Product> test class : 62.13
------------------------------
<Accuracies on Real_World> test class : 64.08
------------------------------
Total epoch time: 465.783

New epoch - lr: 0.003
[1/30 iteration of epoch 34/50] 
 {loss} cls : 0.041, fac : 4.338, total : 4.379 
 {acc} cls : 100.00
------------------------------
<Losses on train> cls : 0.067, fac : 4.349, total : 4.415
<Accuracies on train> cls : 98.29
Train epoch time: 79.225
------------------------------
<Accuracies on val> class : 75.23
------------------------------
<Accuracies on test> class : 60.02
------------------------------
<Accuracies on Art> test class : 46.56
------------------------------
<Accuracies on Product> test class : 62.54
------------------------------
<Accuracies on Real_World> test class : 64.95
------------------------------
Total epoch time: 466.790

New epoch - lr: 0.003
[1/30 iteration of epoch 35/50] 
 {loss} cls : 0.059, fac : 4.359, total : 4.418 
 {acc} cls : 98.05
------------------------------
<Losses on train> cls : 0.068, fac : 4.344, total : 4.412
<Accuracies on train> cls : 98.22
Train epoch time: 74.708
------------------------------
<Accuracies on val> class : 75.00
------------------------------
<Accuracies on test> class : 59.82
------------------------------
<Accuracies on Art> test class : 47.01
------------------------------
<Accuracies on Product> test class : 62.18
------------------------------
<Accuracies on Real_World> test class : 64.56
------------------------------
Total epoch time: 461.169

New epoch - lr: 0.003
[1/30 iteration of epoch 36/50] 
 {loss} cls : 0.065, fac : 4.340, total : 4.405 
 {acc} cls : 98.44
------------------------------
<Losses on train> cls : 0.064, fac : 4.340, total : 4.405
<Accuracies on train> cls : 98.26
Train epoch time: 79.612
------------------------------
<Accuracies on val> class : 75.00
------------------------------
<Accuracies on test> class : 59.81
------------------------------
<Accuracies on Art> test class : 46.56
------------------------------
<Accuracies on Product> test class : 62.40
------------------------------
<Accuracies on Real_World> test class : 64.56
------------------------------
Total epoch time: 469.952

New epoch - lr: 0.003
[1/30 iteration of epoch 37/50] 
 {loss} cls : 0.077, fac : 4.338, total : 4.414 
 {acc} cls : 98.05
------------------------------
<Losses on train> cls : 0.066, fac : 4.337, total : 4.403
<Accuracies on train> cls : 98.27
Train epoch time: 77.220
------------------------------
<Accuracies on val> class : 75.46
------------------------------
<Accuracies on test> class : 59.14
------------------------------
<Accuracies on Art> test class : 45.57
------------------------------
<Accuracies on Product> test class : 61.91
------------------------------
<Accuracies on Real_World> test class : 63.87
------------------------------
Total epoch time: 466.879

New epoch - lr: 0.003
[1/30 iteration of epoch 38/50] 
 {loss} cls : 0.058, fac : 4.322, total : 4.380 
 {acc} cls : 98.44
------------------------------
<Losses on train> cls : 0.063, fac : 4.331, total : 4.395
<Accuracies on train> cls : 98.35
Train epoch time: 75.905
------------------------------
<Accuracies on val> class : 74.31
------------------------------
<Accuracies on test> class : 59.48
------------------------------
<Accuracies on Art> test class : 45.65
------------------------------
<Accuracies on Product> test class : 61.97
------------------------------
<Accuracies on Real_World> test class : 64.63
------------------------------
Total epoch time: 464.729

New epoch - lr: 0.003
[1/30 iteration of epoch 39/50] 
 {loss} cls : 0.029, fac : 4.327, total : 4.356 
 {acc} cls : 99.61
------------------------------
<Losses on train> cls : 0.060, fac : 4.328, total : 4.388
<Accuracies on train> cls : 98.36
Train epoch time: 79.331
------------------------------
<Accuracies on val> class : 76.38
------------------------------
<Accuracies on test> class : 59.28
------------------------------
<Accuracies on Art> test class : 45.32
------------------------------
<Accuracies on Product> test class : 62.13
------------------------------
<Accuracies on Real_World> test class : 64.15
------------------------------
Total epoch time: 460.635

New epoch - lr: 0.003
[1/30 iteration of epoch 40/50] 
 {loss} cls : 0.052, fac : 4.312, total : 4.363 
 {acc} cls : 98.44
------------------------------
<Losses on train> cls : 0.062, fac : 4.324, total : 4.386
<Accuracies on train> cls : 98.37
Train epoch time: 75.168
------------------------------
<Accuracies on val> class : 76.83
------------------------------
<Accuracies on test> class : 59.65
------------------------------
<Accuracies on Art> test class : 45.86
------------------------------
<Accuracies on Product> test class : 62.45
------------------------------
<Accuracies on Real_World> test class : 64.47
------------------------------
Total epoch time: 458.729

New epoch - lr: 0.003
[1/30 iteration of epoch 41/50] 
 {loss} cls : 0.058, fac : 4.315, total : 4.373 
 {acc} cls : 98.05
------------------------------
<Losses on train> cls : 0.063, fac : 4.321, total : 4.384
<Accuracies on train> cls : 98.39
Train epoch time: 72.332
------------------------------
<Accuracies on val> class : 76.38
------------------------------
<Accuracies on test> class : 59.60
------------------------------
<Accuracies on Art> test class : 45.28
------------------------------
<Accuracies on Product> test class : 62.81
------------------------------
<Accuracies on Real_World> test class : 64.31
------------------------------
Total epoch time: 454.399

New epoch - lr: 0.003
[1/30 iteration of epoch 42/50] 
 {loss} cls : 0.037, fac : 4.305, total : 4.342 
 {acc} cls : 99.61
------------------------------
<Losses on train> cls : 0.061, fac : 4.317, total : 4.378
<Accuracies on train> cls : 98.37
Train epoch time: 75.417
------------------------------
<Accuracies on val> class : 75.46
------------------------------
<Accuracies on test> class : 59.22
------------------------------
<Accuracies on Art> test class : 45.82
------------------------------
<Accuracies on Product> test class : 61.91
------------------------------
<Accuracies on Real_World> test class : 63.94
------------------------------
Total epoch time: 456.682

New epoch - lr: 0.003
[1/30 iteration of epoch 43/50] 
 {loss} cls : 0.059, fac : 4.310, total : 4.368 
 {acc} cls : 98.83
------------------------------
<Losses on train> cls : 0.058, fac : 4.315, total : 4.373
<Accuracies on train> cls : 98.44
Train epoch time: 69.739
------------------------------
<Accuracies on val> class : 74.77
------------------------------
<Accuracies on test> class : 59.33
------------------------------
<Accuracies on Art> test class : 45.74
------------------------------
<Accuracies on Product> test class : 62.45
------------------------------
<Accuracies on Real_World> test class : 63.74
------------------------------
Total epoch time: 453.553

New epoch - lr: 0.003
[1/30 iteration of epoch 44/50] 
 {loss} cls : 0.034, fac : 4.297, total : 4.331 
 {acc} cls : 99.22
------------------------------
<Losses on train> cls : 0.061, fac : 4.311, total : 4.372
<Accuracies on train> cls : 98.28
Train epoch time: 74.961
------------------------------
<Accuracies on val> class : 76.38
------------------------------
<Accuracies on test> class : 59.59
------------------------------
<Accuracies on Art> test class : 46.11
------------------------------
<Accuracies on Product> test class : 62.20
------------------------------
<Accuracies on Real_World> test class : 64.45
------------------------------
Total epoch time: 467.739

New epoch - lr: 0.0009000000000000002
[1/30 iteration of epoch 45/50] 
 {loss} cls : 0.051, fac : 4.307, total : 4.358 
 {acc} cls : 98.05
------------------------------
<Losses on train> cls : 0.049, fac : 4.307, total : 4.356
<Accuracies on train> cls : 98.75
Train epoch time: 71.054
------------------------------
<Accuracies on val> class : 75.92
------------------------------
<Accuracies on test> class : 59.18
------------------------------
<Accuracies on Art> test class : 45.20
------------------------------
<Accuracies on Product> test class : 62.02
------------------------------
<Accuracies on Real_World> test class : 64.08
------------------------------
Total epoch time: 446.008

New epoch - lr: 0.0009000000000000002
[1/30 iteration of epoch 46/50] 
 {loss} cls : 0.064, fac : 4.315, total : 4.379 
 {acc} cls : 98.44
------------------------------
<Losses on train> cls : 0.053, fac : 4.307, total : 4.359
<Accuracies on train> cls : 98.67
Train epoch time: 70.650
------------------------------
<Accuracies on val> class : 76.61
------------------------------
<Accuracies on test> class : 59.22
------------------------------
<Accuracies on Art> test class : 45.53
------------------------------
<Accuracies on Product> test class : 61.93
------------------------------
<Accuracies on Real_World> test class : 64.08
------------------------------
Total epoch time: 459.108

New epoch - lr: 0.0009000000000000002
[1/30 iteration of epoch 47/50] 
 {loss} cls : 0.024, fac : 4.300, total : 4.324 
 {acc} cls : 100.00
------------------------------
<Losses on train> cls : 0.051, fac : 4.305, total : 4.356
<Accuracies on train> cls : 98.71
Train epoch time: 75.983
------------------------------
<Accuracies on val> class : 75.69
------------------------------
<Accuracies on test> class : 59.36
------------------------------
<Accuracies on Art> test class : 45.16
------------------------------
<Accuracies on Product> test class : 62.36
------------------------------
<Accuracies on Real_World> test class : 64.22
------------------------------
Total epoch time: 454.549

New epoch - lr: 0.0009000000000000002
[1/30 iteration of epoch 48/50] 
 {loss} cls : 0.060, fac : 4.294, total : 4.354 
 {acc} cls : 98.05
------------------------------
<Losses on train> cls : 0.049, fac : 4.305, total : 4.354
<Accuracies on train> cls : 98.71
Train epoch time: 69.991
------------------------------
<Accuracies on val> class : 74.77
------------------------------
<Accuracies on test> class : 59.28
------------------------------
<Accuracies on Art> test class : 45.32
------------------------------
<Accuracies on Product> test class : 62.33
------------------------------
<Accuracies on Real_World> test class : 63.94
------------------------------
Total epoch time: 452.854

New epoch - lr: 0.0009000000000000002
[1/30 iteration of epoch 49/50] 
 {loss} cls : 0.042, fac : 4.302, total : 4.344 
 {acc} cls : 98.44
------------------------------
<Losses on train> cls : 0.051, fac : 4.303, total : 4.354
<Accuracies on train> cls : 98.58
Train epoch time: 72.777
------------------------------
<Accuracies on val> class : 75.92
------------------------------
<Accuracies on test> class : 59.41
------------------------------
<Accuracies on Art> test class : 45.36
------------------------------
<Accuracies on Product> test class : 62.56
------------------------------
<Accuracies on Real_World> test class : 64.03
------------------------------
Total epoch time: 459.947

New epoch - lr: 0.0009000000000000002
[1/30 iteration of epoch 50/50] 
 {loss} cls : 0.065, fac : 4.310, total : 4.375 
 {acc} cls : 97.66
------------------------------
<Losses on train> cls : 0.050, fac : 4.301, total : 4.351
<Accuracies on train> cls : 98.68
Train epoch time: 73.795
------------------------------
<Accuracies on val> class : 76.15
------------------------------
<Accuracies on test> class : 59.16
------------------------------
<Accuracies on Art> test class : 45.20
------------------------------
<Accuracies on Product> test class : 62.27
------------------------------
<Accuracies on Real_World> test class : 63.78
------------------------------
Total epoch time: 471.733

******************************
Best val 0.768349, corresponding test 0.596454 - best test: 0.61668

******************************
Best val 0.7683486342430115, corresponding Art test 0.45859086513519287

******************************
Best val 0.7683486342430115, corresponding Product test 0.6244649887084961

******************************
Best val 0.7683486342430115, corresponding Real_World test 0.6447096467018127
