WARNING:tensorflow:From /homes/55/jianhaoy/projects/CIRL/utils/tf_logger.py:16: The name tf.summary.FileWriter is deprecated. Please use tf.compat.v1.summary.FileWriter instead.

WARNING:tensorflow:From /homes/55/jianhaoy/projects/CIRL/utils/tf_logger.py:20: The name tf.Summary is deprecated. Please use tf.compat.v1.Summary instead.


Loading experiment PACS/ResNet18

all !!!!!!!!!!!!!!!!!!!!!!!!!!!

New epoch - lr: 0.001
[1/395 iteration of epoch 1/50] 
 {loss} cls : 2.067, total : 2.067 
 {acc} cls : 18.75
[31/395 iteration of epoch 1/50] 
 {loss} cls : 0.351, total : 0.351 
 {acc} cls : 90.62
[61/395 iteration of epoch 1/50] 
 {loss} cls : 0.521, total : 0.521 
 {acc} cls : 81.25
[91/395 iteration of epoch 1/50] 
 {loss} cls : 0.673, total : 0.673 
 {acc} cls : 75.00
[121/395 iteration of epoch 1/50] 
 {loss} cls : 0.175, total : 0.175 
 {acc} cls : 93.75
[151/395 iteration of epoch 1/50] 
 {loss} cls : 0.598, total : 0.598 
 {acc} cls : 75.00
[181/395 iteration of epoch 1/50] 
 {loss} cls : 1.222, total : 1.222 
 {acc} cls : 62.50
[211/395 iteration of epoch 1/50] 
 {loss} cls : 0.783, total : 0.783 
 {acc} cls : 75.00
[241/395 iteration of epoch 1/50] 
 {loss} cls : 0.460, total : 0.460 
 {acc} cls : 84.38
[271/395 iteration of epoch 1/50] 
 {loss} cls : 0.047, total : 0.047 
 {acc} cls : 100.00
[301/395 iteration of epoch 1/50] 
 {loss} cls : 0.091, total : 0.091 
 {acc} cls : 96.88
[331/395 iteration of epoch 1/50] 
 {loss} cls : 0.007, total : 0.007 
 {acc} cls : 100.00
[361/395 iteration of epoch 1/50] 
 {loss} cls : 0.081, total : 0.081 
 {acc} cls : 93.75
[391/395 iteration of epoch 1/50] 
 {loss} cls : 0.185, total : 0.185 
 {acc} cls : 96.88
------------------------------
<Losses on train> cls : 0.466, total : 0.466
<Accuracies on train> cls : 83.97
Train epoch time: 124.066
------------------------------
<Accuracies on val> class : 89.03
------------------------------
<Accuracies on test> class : 63.67
------------------------------
Total epoch time: 171.209

New epoch - lr: 0.001
[1/395 iteration of epoch 2/50] 
 {loss} cls : 0.116, total : 0.116 
 {acc} cls : 93.75
[31/395 iteration of epoch 2/50] 
 {loss} cls : 0.332, total : 0.332 
 {acc} cls : 87.50
[61/395 iteration of epoch 2/50] 
 {loss} cls : 0.057, total : 0.057 
 {acc} cls : 100.00
[91/395 iteration of epoch 2/50] 
 {loss} cls : 0.231, total : 0.231 
 {acc} cls : 87.50
[121/395 iteration of epoch 2/50] 
 {loss} cls : 0.466, total : 0.466 
 {acc} cls : 81.25
[151/395 iteration of epoch 2/50] 
 {loss} cls : 0.413, total : 0.413 
 {acc} cls : 90.62
[181/395 iteration of epoch 2/50] 
 {loss} cls : 0.288, total : 0.288 
 {acc} cls : 87.50
[211/395 iteration of epoch 2/50] 
 {loss} cls : 0.137, total : 0.137 
 {acc} cls : 96.88
[241/395 iteration of epoch 2/50] 
 {loss} cls : 0.149, total : 0.149 
 {acc} cls : 93.75
[271/395 iteration of epoch 2/50] 
 {loss} cls : 0.227, total : 0.227 
 {acc} cls : 93.75
[301/395 iteration of epoch 2/50] 
 {loss} cls : 0.116, total : 0.116 
 {acc} cls : 96.88
[331/395 iteration of epoch 2/50] 
 {loss} cls : 0.005, total : 0.005 
 {acc} cls : 100.00
[361/395 iteration of epoch 2/50] 
 {loss} cls : 0.265, total : 0.265 
 {acc} cls : 90.62
[391/395 iteration of epoch 2/50] 
 {loss} cls : 0.092, total : 0.092 
 {acc} cls : 93.75
------------------------------
<Losses on train> cls : 0.192, total : 0.192
<Accuracies on train> cls : 93.92
Train epoch time: 90.340
------------------------------
<Accuracies on val> class : 91.14
------------------------------
<Accuracies on test> class : 74.04
------------------------------
Total epoch time: 137.160

New epoch - lr: 0.001
[1/395 iteration of epoch 3/50] 
 {loss} cls : 0.110, total : 0.110 
 {acc} cls : 96.88
[31/395 iteration of epoch 3/50] 
 {loss} cls : 0.078, total : 0.078 
 {acc} cls : 96.88
[61/395 iteration of epoch 3/50] 
 {loss} cls : 0.103, total : 0.103 
 {acc} cls : 96.88
[91/395 iteration of epoch 3/50] 
 {loss} cls : 0.085, total : 0.085 
 {acc} cls : 96.88
[121/395 iteration of epoch 3/50] 
 {loss} cls : 0.395, total : 0.395 
 {acc} cls : 84.38
[151/395 iteration of epoch 3/50] 
 {loss} cls : 0.045, total : 0.045 
 {acc} cls : 96.88
[181/395 iteration of epoch 3/50] 
 {loss} cls : 0.097, total : 0.097 
 {acc} cls : 96.88
[211/395 iteration of epoch 3/50] 
 {loss} cls : 0.110, total : 0.110 
 {acc} cls : 96.88
[241/395 iteration of epoch 3/50] 
 {loss} cls : 0.177, total : 0.177 
 {acc} cls : 90.62
[271/395 iteration of epoch 3/50] 
 {loss} cls : 0.012, total : 0.012 
 {acc} cls : 100.00
[301/395 iteration of epoch 3/50] 
 {loss} cls : 0.215, total : 0.215 
 {acc} cls : 93.75
[331/395 iteration of epoch 3/50] 
 {loss} cls : 0.043, total : 0.043 
 {acc} cls : 96.88
[361/395 iteration of epoch 3/50] 
 {loss} cls : 0.093, total : 0.093 
 {acc} cls : 93.75
[391/395 iteration of epoch 3/50] 
 {loss} cls : 0.016, total : 0.016 
 {acc} cls : 100.00
------------------------------
<Losses on train> cls : 0.118, total : 0.118
<Accuracies on train> cls : 95.85
Train epoch time: 81.372
------------------------------
<Accuracies on val> class : 96.20
------------------------------
<Accuracies on test> class : 74.26
------------------------------
Total epoch time: 125.157

New epoch - lr: 0.001
[1/395 iteration of epoch 4/50] 
 {loss} cls : 0.116, total : 0.116 
 {acc} cls : 96.88
[31/395 iteration of epoch 4/50] 
 {loss} cls : 0.211, total : 0.211 
 {acc} cls : 90.62
[61/395 iteration of epoch 4/50] 
 {loss} cls : 0.156, total : 0.156 
 {acc} cls : 96.88
[91/395 iteration of epoch 4/50] 
 {loss} cls : 0.096, total : 0.096 
 {acc} cls : 96.88
[121/395 iteration of epoch 4/50] 
 {loss} cls : 0.007, total : 0.007 
 {acc} cls : 100.00
[151/395 iteration of epoch 4/50] 
 {loss} cls : 0.001, total : 0.001 
 {acc} cls : 100.00
[181/395 iteration of epoch 4/50] 
 {loss} cls : 0.029, total : 0.029 
 {acc} cls : 96.88
[211/395 iteration of epoch 4/50] 
 {loss} cls : 0.006, total : 0.006 
 {acc} cls : 100.00
[241/395 iteration of epoch 4/50] 
 {loss} cls : 0.040, total : 0.040 
 {acc} cls : 96.88
[271/395 iteration of epoch 4/50] 
 {loss} cls : 0.003, total : 0.003 
 {acc} cls : 100.00
[301/395 iteration of epoch 4/50] 
 {loss} cls : 0.263, total : 0.263 
 {acc} cls : 93.75
[331/395 iteration of epoch 4/50] 
 {loss} cls : 0.051, total : 0.051 
 {acc} cls : 96.88
[361/395 iteration of epoch 4/50] 
 {loss} cls : 0.255, total : 0.255 
 {acc} cls : 93.75
[391/395 iteration of epoch 4/50] 
 {loss} cls : 0.229, total : 0.229 
 {acc} cls : 90.62
------------------------------
<Losses on train> cls : 0.085, total : 0.085
<Accuracies on train> cls : 96.98
Train epoch time: 83.947
------------------------------
<Accuracies on val> class : 92.83
------------------------------
<Accuracies on test> class : 77.91
------------------------------
Total epoch time: 126.316

New epoch - lr: 0.001
[1/395 iteration of epoch 5/50] 
 {loss} cls : 0.002, total : 0.002 
 {acc} cls : 100.00
[31/395 iteration of epoch 5/50] 
 {loss} cls : 0.071, total : 0.071 
 {acc} cls : 96.88
[61/395 iteration of epoch 5/50] 
 {loss} cls : 0.102, total : 0.102 
 {acc} cls : 96.88
[91/395 iteration of epoch 5/50] 
 {loss} cls : 0.009, total : 0.009 
 {acc} cls : 100.00
[121/395 iteration of epoch 5/50] 
 {loss} cls : 0.023, total : 0.023 
 {acc} cls : 100.00
[151/395 iteration of epoch 5/50] 
 {loss} cls : 0.025, total : 0.025 
 {acc} cls : 100.00
[181/395 iteration of epoch 5/50] 
 {loss} cls : 0.009, total : 0.009 
 {acc} cls : 100.00
[211/395 iteration of epoch 5/50] 
 {loss} cls : 0.000, total : 0.000 
 {acc} cls : 100.00
[241/395 iteration of epoch 5/50] 
 {loss} cls : 0.050, total : 0.050 
 {acc} cls : 96.88
[271/395 iteration of epoch 5/50] 
 {loss} cls : 0.018, total : 0.018 
 {acc} cls : 100.00
[301/395 iteration of epoch 5/50] 
 {loss} cls : 0.328, total : 0.328 
 {acc} cls : 87.50
[331/395 iteration of epoch 5/50] 
 {loss} cls : 0.067, total : 0.067 
 {acc} cls : 96.88
[361/395 iteration of epoch 5/50] 
 {loss} cls : 0.001, total : 0.001 
 {acc} cls : 100.00
[391/395 iteration of epoch 5/50] 
 {loss} cls : 0.022, total : 0.022 
 {acc} cls : 100.00
------------------------------
<Losses on train> cls : 0.060, total : 0.060
<Accuracies on train> cls : 97.87
Train epoch time: 85.166
------------------------------
<Accuracies on val> class : 96.20
------------------------------
<Accuracies on test> class : 78.27
------------------------------
Total epoch time: 126.804

New epoch - lr: 0.001
[1/395 iteration of epoch 6/50] 
 {loss} cls : 0.001, total : 0.001 
 {acc} cls : 100.00
[31/395 iteration of epoch 6/50] 
 {loss} cls : 0.004, total : 0.004 
 {acc} cls : 100.00
[61/395 iteration of epoch 6/50] 
 {loss} cls : 0.012, total : 0.012 
 {acc} cls : 100.00
[91/395 iteration of epoch 6/50] 
 {loss} cls : 0.184, total : 0.184 
 {acc} cls : 90.62
[121/395 iteration of epoch 6/50] 
 {loss} cls : 0.009, total : 0.009 
 {acc} cls : 100.00
[151/395 iteration of epoch 6/50] 
 {loss} cls : 0.221, total : 0.221 
 {acc} cls : 96.88
[181/395 iteration of epoch 6/50] 
 {loss} cls : 0.112, total : 0.112 
 {acc} cls : 96.88
[211/395 iteration of epoch 6/50] 
 {loss} cls : 0.009, total : 0.009 
 {acc} cls : 100.00
[241/395 iteration of epoch 6/50] 
 {loss} cls : 0.012, total : 0.012 
 {acc} cls : 100.00
[271/395 iteration of epoch 6/50] 
 {loss} cls : 0.024, total : 0.024 
 {acc} cls : 100.00
[301/395 iteration of epoch 6/50] 
 {loss} cls : 0.009, total : 0.009 
 {acc} cls : 100.00
[331/395 iteration of epoch 6/50] 
 {loss} cls : 0.001, total : 0.001 
 {acc} cls : 100.00
[361/395 iteration of epoch 6/50] 
 {loss} cls : 0.015, total : 0.015 
 {acc} cls : 100.00
[391/395 iteration of epoch 6/50] 
 {loss} cls : 0.006, total : 0.006 
 {acc} cls : 100.00
------------------------------
<Losses on train> cls : 0.044, total : 0.044
<Accuracies on train> cls : 98.41
Train epoch time: 82.917
------------------------------
<Accuracies on val> class : 95.36
------------------------------
<Accuracies on test> class : 75.91
------------------------------
Total epoch time: 132.152

New epoch - lr: 0.001
[1/395 iteration of epoch 7/50] 
 {loss} cls : 0.137, total : 0.137 
 {acc} cls : 96.88
[31/395 iteration of epoch 7/50] 
 {loss} cls : 0.011, total : 0.011 
 {acc} cls : 100.00
[61/395 iteration of epoch 7/50] 
 {loss} cls : 0.067, total : 0.067 
 {acc} cls : 96.88
[91/395 iteration of epoch 7/50] 
 {loss} cls : 0.003, total : 0.003 
 {acc} cls : 100.00
[121/395 iteration of epoch 7/50] 
 {loss} cls : 0.003, total : 0.003 
 {acc} cls : 100.00
[151/395 iteration of epoch 7/50] 
 {loss} cls : 0.061, total : 0.061 
 {acc} cls : 96.88
[181/395 iteration of epoch 7/50] 
 {loss} cls : 0.039, total : 0.039 
 {acc} cls : 96.88
[211/395 iteration of epoch 7/50] 
 {loss} cls : 0.004, total : 0.004 
 {acc} cls : 100.00
[241/395 iteration of epoch 7/50] 
 {loss} cls : 0.010, total : 0.010 
 {acc} cls : 100.00
[271/395 iteration of epoch 7/50] 
 {loss} cls : 0.041, total : 0.041 
 {acc} cls : 96.88
[301/395 iteration of epoch 7/50] 
 {loss} cls : 0.031, total : 0.031 
 {acc} cls : 96.88
[331/395 iteration of epoch 7/50] 
 {loss} cls : 0.014, total : 0.014 
 {acc} cls : 100.00
[361/395 iteration of epoch 7/50] 
 {loss} cls : 0.112, total : 0.112 
 {acc} cls : 93.75
[391/395 iteration of epoch 7/50] 
 {loss} cls : 0.005, total : 0.005 
 {acc} cls : 100.00
------------------------------
<Losses on train> cls : 0.034, total : 0.034
<Accuracies on train> cls : 98.87
Train epoch time: 78.185
------------------------------
<Accuracies on val> class : 96.20
------------------------------
<Accuracies on test> class : 75.72
------------------------------
Total epoch time: 132.805

New epoch - lr: 0.001
[1/395 iteration of epoch 8/50] 
 {loss} cls : 0.009, total : 0.009 
 {acc} cls : 100.00
[31/395 iteration of epoch 8/50] 
 {loss} cls : 0.015, total : 0.015 
 {acc} cls : 100.00
[61/395 iteration of epoch 8/50] 
 {loss} cls : 0.002, total : 0.002 
 {acc} cls : 100.00
[91/395 iteration of epoch 8/50] 
 {loss} cls : 0.032, total : 0.032 
 {acc} cls : 100.00
[121/395 iteration of epoch 8/50] 
 {loss} cls : 0.013, total : 0.013 
 {acc} cls : 100.00
[151/395 iteration of epoch 8/50] 
 {loss} cls : 0.001, total : 0.001 
 {acc} cls : 100.00
[181/395 iteration of epoch 8/50] 
 {loss} cls : 0.168, total : 0.168 
 {acc} cls : 96.88
[211/395 iteration of epoch 8/50] 
 {loss} cls : 0.001, total : 0.001 
 {acc} cls : 100.00
[241/395 iteration of epoch 8/50] 
 {loss} cls : 0.002, total : 0.002 
 {acc} cls : 100.00
[271/395 iteration of epoch 8/50] 
 {loss} cls : 0.001, total : 0.001 
 {acc} cls : 100.00
[301/395 iteration of epoch 8/50] 
 {loss} cls : 0.013, total : 0.013 
 {acc} cls : 100.00
[331/395 iteration of epoch 8/50] 
 {loss} cls : 0.007, total : 0.007 
 {acc} cls : 100.00
[361/395 iteration of epoch 8/50] 
 {loss} cls : 0.027, total : 0.027 
 {acc} cls : 100.00
[391/395 iteration of epoch 8/50] 
 {loss} cls : 0.016, total : 0.016 
 {acc} cls : 100.00
------------------------------
<Losses on train> cls : 0.035, total : 0.035
<Accuracies on train> cls : 98.88
Train epoch time: 75.310
------------------------------
<Accuracies on val> class : 95.36
------------------------------
<Accuracies on test> class : 77.55
------------------------------
Total epoch time: 132.457

New epoch - lr: 0.001
[1/395 iteration of epoch 9/50] 
 {loss} cls : 0.005, total : 0.005 
 {acc} cls : 100.00
[31/395 iteration of epoch 9/50] 
 {loss} cls : 0.003, total : 0.003 
 {acc} cls : 100.00
[61/395 iteration of epoch 9/50] 
 {loss} cls : 0.005, total : 0.005 
 {acc} cls : 100.00
[91/395 iteration of epoch 9/50] 
 {loss} cls : 0.000, total : 0.000 
 {acc} cls : 100.00
[121/395 iteration of epoch 9/50] 
 {loss} cls : 0.007, total : 0.007 
 {acc} cls : 100.00
[151/395 iteration of epoch 9/50] 
 {loss} cls : 0.003, total : 0.003 
 {acc} cls : 100.00
[181/395 iteration of epoch 9/50] 
 {loss} cls : 0.046, total : 0.046 
 {acc} cls : 96.88
[211/395 iteration of epoch 9/50] 
 {loss} cls : 0.001, total : 0.001 
 {acc} cls : 100.00
[241/395 iteration of epoch 9/50] 
 {loss} cls : 0.138, total : 0.138 
 {acc} cls : 93.75
[271/395 iteration of epoch 9/50] 
 {loss} cls : 0.006, total : 0.006 
 {acc} cls : 100.00
[301/395 iteration of epoch 9/50] 
 {loss} cls : 0.078, total : 0.078 
 {acc} cls : 96.88
[331/395 iteration of epoch 9/50] 
 {loss} cls : 0.055, total : 0.055 
 {acc} cls : 96.88
[361/395 iteration of epoch 9/50] 
 {loss} cls : 0.066, total : 0.066 
 {acc} cls : 96.88
[391/395 iteration of epoch 9/50] 
 {loss} cls : 0.009, total : 0.009 
 {acc} cls : 100.00
------------------------------
<Losses on train> cls : 0.031, total : 0.031
<Accuracies on train> cls : 98.96
Train epoch time: 76.241
------------------------------
<Accuracies on val> class : 94.94
------------------------------
<Accuracies on test> class : 75.22
------------------------------
Total epoch time: 130.521

New epoch - lr: 0.001
[1/395 iteration of epoch 10/50] 
 {loss} cls : 0.018, total : 0.018 
 {acc} cls : 100.00
[31/395 iteration of epoch 10/50] 
 {loss} cls : 0.028, total : 0.028 
 {acc} cls : 100.00
[61/395 iteration of epoch 10/50] 
 {loss} cls : 0.002, total : 0.002 
 {acc} cls : 100.00
[91/395 iteration of epoch 10/50] 
 {loss} cls : 0.003, total : 0.003 
 {acc} cls : 100.00
[121/395 iteration of epoch 10/50] 
 {loss} cls : 0.009, total : 0.009 
 {acc} cls : 100.00
[151/395 iteration of epoch 10/50] 
 {loss} cls : 0.000, total : 0.000 
 {acc} cls : 100.00
[181/395 iteration of epoch 10/50] 
 {loss} cls : 0.046, total : 0.046 
 {acc} cls : 100.00
[211/395 iteration of epoch 10/50] 
 {loss} cls : 0.011, total : 0.011 
 {acc} cls : 100.00
[241/395 iteration of epoch 10/50] 
 {loss} cls : 0.000, total : 0.000 
 {acc} cls : 100.00
[271/395 iteration of epoch 10/50] 
 {loss} cls : 0.003, total : 0.003 
 {acc} cls : 100.00
[301/395 iteration of epoch 10/50] 
 {loss} cls : 0.175, total : 0.175 
 {acc} cls : 96.88
[331/395 iteration of epoch 10/50] 
 {loss} cls : 0.023, total : 0.023 
 {acc} cls : 100.00
[361/395 iteration of epoch 10/50] 
 {loss} cls : 0.084, total : 0.084 
 {acc} cls : 96.88
[391/395 iteration of epoch 10/50] 
 {loss} cls : 0.006, total : 0.006 
 {acc} cls : 100.00
------------------------------
<Losses on train> cls : 0.024, total : 0.024
<Accuracies on train> cls : 99.19
Train epoch time: 80.086
------------------------------
<Accuracies on val> class : 94.94
------------------------------
<Accuracies on test> class : 76.67
------------------------------
Total epoch time: 127.707

New epoch - lr: 0.001
[1/395 iteration of epoch 11/50] 
 {loss} cls : 0.004, total : 0.004 
 {acc} cls : 100.00
[31/395 iteration of epoch 11/50] 
 {loss} cls : 0.000, total : 0.000 
 {acc} cls : 100.00
[61/395 iteration of epoch 11/50] 
 {loss} cls : 0.002, total : 0.002 
 {acc} cls : 100.00
[91/395 iteration of epoch 11/50] 
 {loss} cls : 0.001, total : 0.001 
 {acc} cls : 100.00
[121/395 iteration of epoch 11/50] 
 {loss} cls : 0.005, total : 0.005 
 {acc} cls : 100.00
[151/395 iteration of epoch 11/50] 
 {loss} cls : 0.013, total : 0.013 
 {acc} cls : 100.00
[181/395 iteration of epoch 11/50] 
 {loss} cls : 0.005, total : 0.005 
 {acc} cls : 100.00
[211/395 iteration of epoch 11/50] 
 {loss} cls : 0.001, total : 0.001 
 {acc} cls : 100.00
[241/395 iteration of epoch 11/50] 
 {loss} cls : 0.002, total : 0.002 
 {acc} cls : 100.00
[271/395 iteration of epoch 11/50] 
 {loss} cls : 0.001, total : 0.001 
 {acc} cls : 100.00
[301/395 iteration of epoch 11/50] 
 {loss} cls : 0.001, total : 0.001 
 {acc} cls : 100.00
[331/395 iteration of epoch 11/50] 
 {loss} cls : 0.001, total : 0.001 
 {acc} cls : 100.00
[361/395 iteration of epoch 11/50] 
 {loss} cls : 0.001, total : 0.001 
 {acc} cls : 100.00
[391/395 iteration of epoch 11/50] 
 {loss} cls : 0.002, total : 0.002 
 {acc} cls : 100.00
------------------------------
<Losses on train> cls : 0.019, total : 0.019
<Accuracies on train> cls : 99.39
Train epoch time: 82.052
------------------------------
<Accuracies on val> class : 95.36
------------------------------
<Accuracies on test> class : 75.51
------------------------------
Total epoch time: 127.880

New epoch - lr: 0.001
[1/395 iteration of epoch 12/50] 
 {loss} cls : 0.011, total : 0.011 
 {acc} cls : 100.00
[31/395 iteration of epoch 12/50] 
 {loss} cls : 0.002, total : 0.002 
 {acc} cls : 100.00
[61/395 iteration of epoch 12/50] 
 {loss} cls : 0.012, total : 0.012 
 {acc} cls : 100.00
[91/395 iteration of epoch 12/50] 
 {loss} cls : 0.010, total : 0.010 
 {acc} cls : 100.00
[121/395 iteration of epoch 12/50] 
 {loss} cls : 0.010, total : 0.010 
 {acc} cls : 100.00
[151/395 iteration of epoch 12/50] 
 {loss} cls : 0.049, total : 0.049 
 {acc} cls : 96.88
[181/395 iteration of epoch 12/50] 
 {loss} cls : 0.007, total : 0.007 
 {acc} cls : 100.00
[211/395 iteration of epoch 12/50] 
 {loss} cls : 0.024, total : 0.024 
 {acc} cls : 100.00
[241/395 iteration of epoch 12/50] 
 {loss} cls : 0.103, total : 0.103 
 {acc} cls : 96.88
[271/395 iteration of epoch 12/50] 
 {loss} cls : 0.005, total : 0.005 
 {acc} cls : 100.00
[301/395 iteration of epoch 12/50] 
 {loss} cls : 0.002, total : 0.002 
 {acc} cls : 100.00
[331/395 iteration of epoch 12/50] 
 {loss} cls : 0.011, total : 0.011 
 {acc} cls : 100.00
[361/395 iteration of epoch 12/50] 
 {loss} cls : 0.012, total : 0.012 
 {acc} cls : 100.00
[391/395 iteration of epoch 12/50] 
 {loss} cls : 0.002, total : 0.002 
 {acc} cls : 100.00
------------------------------
<Losses on train> cls : 0.015, total : 0.015
<Accuracies on train> cls : 99.54
Train epoch time: 84.646
------------------------------
<Accuracies on val> class : 95.36
------------------------------
<Accuracies on test> class : 76.84
------------------------------
Total epoch time: 126.971

New epoch - lr: 0.001
[1/395 iteration of epoch 13/50] 
 {loss} cls : 0.003, total : 0.003 
 {acc} cls : 100.00
[31/395 iteration of epoch 13/50] 
 {loss} cls : 0.000, total : 0.000 
 {acc} cls : 100.00
[61/395 iteration of epoch 13/50] 
 {loss} cls : 0.099, total : 0.099 
 {acc} cls : 96.88
[91/395 iteration of epoch 13/50] 
 {loss} cls : 0.001, total : 0.001 
 {acc} cls : 100.00
[121/395 iteration of epoch 13/50] 
 {loss} cls : 0.022, total : 0.022 
 {acc} cls : 100.00
[151/395 iteration of epoch 13/50] 
 {loss} cls : 0.034, total : 0.034 
 {acc} cls : 100.00
[181/395 iteration of epoch 13/50] 
 {loss} cls : 0.129, total : 0.129 
 {acc} cls : 96.88
[211/395 iteration of epoch 13/50] 
 {loss} cls : 0.001, total : 0.001 
 {acc} cls : 100.00
[241/395 iteration of epoch 13/50] 
 {loss} cls : 0.006, total : 0.006 
 {acc} cls : 100.00
[271/395 iteration of epoch 13/50] 
 {loss} cls : 0.008, total : 0.008 
 {acc} cls : 100.00
[301/395 iteration of epoch 13/50] 
 {loss} cls : 0.007, total : 0.007 
 {acc} cls : 100.00
[331/395 iteration of epoch 13/50] 
 {loss} cls : 0.073, total : 0.073 
 {acc} cls : 96.88
[361/395 iteration of epoch 13/50] 
 {loss} cls : 0.010, total : 0.010 
 {acc} cls : 100.00
[391/395 iteration of epoch 13/50] 
 {loss} cls : 0.031, total : 0.031 
 {acc} cls : 100.00
------------------------------
<Losses on train> cls : 0.016, total : 0.016
<Accuracies on train> cls : 99.47
Train epoch time: 84.315
------------------------------
<Accuracies on val> class : 94.94
------------------------------
<Accuracies on test> class : 76.36
------------------------------
Total epoch time: 128.145

New epoch - lr: 0.001
[1/395 iteration of epoch 14/50] 
 {loss} cls : 0.034, total : 0.034 
 {acc} cls : 96.88
[31/395 iteration of epoch 14/50] 
 {loss} cls : 0.001, total : 0.001 
 {acc} cls : 100.00
[61/395 iteration of epoch 14/50] 
 {loss} cls : 0.014, total : 0.014 
 {acc} cls : 100.00
[91/395 iteration of epoch 14/50] 
 {loss} cls : 0.005, total : 0.005 
 {acc} cls : 100.00
[121/395 iteration of epoch 14/50] 
 {loss} cls : 0.001, total : 0.001 
 {acc} cls : 100.00
[151/395 iteration of epoch 14/50] 
 {loss} cls : 0.001, total : 0.001 
 {acc} cls : 100.00
[181/395 iteration of epoch 14/50] 
 {loss} cls : 0.009, total : 0.009 
 {acc} cls : 100.00
[211/395 iteration of epoch 14/50] 
 {loss} cls : 0.016, total : 0.016 
 {acc} cls : 100.00
[241/395 iteration of epoch 14/50] 
 {loss} cls : 0.001, total : 0.001 
 {acc} cls : 100.00
[271/395 iteration of epoch 14/50] 
 {loss} cls : 0.002, total : 0.002 
 {acc} cls : 100.00
[301/395 iteration of epoch 14/50] 
 {loss} cls : 0.011, total : 0.011 
 {acc} cls : 100.00
[331/395 iteration of epoch 14/50] 
 {loss} cls : 0.002, total : 0.002 
 {acc} cls : 100.00
[361/395 iteration of epoch 14/50] 
 {loss} cls : 0.215, total : 0.215 
 {acc} cls : 93.75
[391/395 iteration of epoch 14/50] 
 {loss} cls : 0.005, total : 0.005 
 {acc} cls : 100.00
------------------------------
<Losses on train> cls : 0.017, total : 0.017
<Accuracies on train> cls : 99.46
Train epoch time: 81.065
------------------------------
<Accuracies on val> class : 94.94
------------------------------
<Accuracies on test> class : 76.07
------------------------------
Total epoch time: 133.262

New epoch - lr: 0.001
[1/395 iteration of epoch 15/50] 
 {loss} cls : 0.235, total : 0.235 
 {acc} cls : 96.88
[31/395 iteration of epoch 15/50] 
 {loss} cls : 0.001, total : 0.001 
 {acc} cls : 100.00
[61/395 iteration of epoch 15/50] 
 {loss} cls : 0.028, total : 0.028 
 {acc} cls : 100.00
[91/395 iteration of epoch 15/50] 
 {loss} cls : 0.010, total : 0.010 
 {acc} cls : 100.00
[121/395 iteration of epoch 15/50] 
 {loss} cls : 0.001, total : 0.001 
 {acc} cls : 100.00
[151/395 iteration of epoch 15/50] 
 {loss} cls : 0.002, total : 0.002 
 {acc} cls : 100.00
[181/395 iteration of epoch 15/50] 
 {loss} cls : 0.000, total : 0.000 
 {acc} cls : 100.00
[211/395 iteration of epoch 15/50] 
 {loss} cls : 0.000, total : 0.000 
 {acc} cls : 100.00
[241/395 iteration of epoch 15/50] 
 {loss} cls : 0.051, total : 0.051 
 {acc} cls : 96.88
[271/395 iteration of epoch 15/50] 
 {loss} cls : 0.063, total : 0.063 
 {acc} cls : 96.88
[301/395 iteration of epoch 15/50] 
 {loss} cls : 0.002, total : 0.002 
 {acc} cls : 100.00
[331/395 iteration of epoch 15/50] 
 {loss} cls : 0.003, total : 0.003 
 {acc} cls : 100.00
[361/395 iteration of epoch 15/50] 
 {loss} cls : 0.001, total : 0.001 
 {acc} cls : 100.00
[391/395 iteration of epoch 15/50] 
 {loss} cls : 0.001, total : 0.001 
 {acc} cls : 100.00
------------------------------
<Losses on train> cls : 0.013, total : 0.013
<Accuracies on train> cls : 99.63
Train epoch time: 74.899
------------------------------
<Accuracies on val> class : 95.78
------------------------------
<Accuracies on test> class : 75.65
------------------------------
Total epoch time: 132.761

New epoch - lr: 0.001
[1/395 iteration of epoch 16/50] 
 {loss} cls : 0.005, total : 0.005 
 {acc} cls : 100.00
[31/395 iteration of epoch 16/50] 
 {loss} cls : 0.001, total : 0.001 
 {acc} cls : 100.00
[61/395 iteration of epoch 16/50] 
 {loss} cls : 0.000, total : 0.000 
 {acc} cls : 100.00
[91/395 iteration of epoch 16/50] 
 {loss} cls : 0.002, total : 0.002 
 {acc} cls : 100.00
[121/395 iteration of epoch 16/50] 
 {loss} cls : 0.000, total : 0.000 
 {acc} cls : 100.00
[151/395 iteration of epoch 16/50] 
 {loss} cls : 0.179, total : 0.179 
 {acc} cls : 93.75
[181/395 iteration of epoch 16/50] 
 {loss} cls : 0.000, total : 0.000 
 {acc} cls : 100.00
[211/395 iteration of epoch 16/50] 
 {loss} cls : 0.001, total : 0.001 
 {acc} cls : 100.00
[241/395 iteration of epoch 16/50] 
 {loss} cls : 0.000, total : 0.000 
 {acc} cls : 100.00
[271/395 iteration of epoch 16/50] 
 {loss} cls : 0.001, total : 0.001 
 {acc} cls : 100.00
[301/395 iteration of epoch 16/50] 
 {loss} cls : 0.024, total : 0.024 
 {acc} cls : 100.00
[331/395 iteration of epoch 16/50] 
 {loss} cls : 0.001, total : 0.001 
 {acc} cls : 100.00
[361/395 iteration of epoch 16/50] 
 {loss} cls : 0.002, total : 0.002 
 {acc} cls : 100.00
[391/395 iteration of epoch 16/50] 
 {loss} cls : 0.005, total : 0.005 
 {acc} cls : 100.00
------------------------------
<Losses on train> cls : 0.012, total : 0.012
<Accuracies on train> cls : 99.60
Train epoch time: 73.492
------------------------------
<Accuracies on val> class : 95.36
------------------------------
<Accuracies on test> class : 76.70
------------------------------
Total epoch time: 131.247

New epoch - lr: 0.001
[1/395 iteration of epoch 17/50] 
 {loss} cls : 0.009, total : 0.009 
 {acc} cls : 100.00
[31/395 iteration of epoch 17/50] 
 {loss} cls : 0.001, total : 0.001 
 {acc} cls : 100.00
[61/395 iteration of epoch 17/50] 
 {loss} cls : 0.000, total : 0.000 
 {acc} cls : 100.00
[91/395 iteration of epoch 17/50] 
 {loss} cls : 0.156, total : 0.156 
 {acc} cls : 96.88
[121/395 iteration of epoch 17/50] 
 {loss} cls : 0.035, total : 0.035 
 {acc} cls : 96.88
[151/395 iteration of epoch 17/50] 
 {loss} cls : 0.021, total : 0.021 
 {acc} cls : 100.00
[181/395 iteration of epoch 17/50] 
 {loss} cls : 0.000, total : 0.000 
 {acc} cls : 100.00
[211/395 iteration of epoch 17/50] 
 {loss} cls : 0.042, total : 0.042 
 {acc} cls : 96.88
[241/395 iteration of epoch 17/50] 
 {loss} cls : 0.178, total : 0.178 
 {acc} cls : 93.75
[271/395 iteration of epoch 17/50] 
 {loss} cls : 0.050, total : 0.050 
 {acc} cls : 96.88
[301/395 iteration of epoch 17/50] 
 {loss} cls : 0.010, total : 0.010 
 {acc} cls : 100.00
[331/395 iteration of epoch 17/50] 
 {loss} cls : 0.001, total : 0.001 
 {acc} cls : 100.00
[361/395 iteration of epoch 17/50] 
 {loss} cls : 0.011, total : 0.011 
 {acc} cls : 100.00
[391/395 iteration of epoch 17/50] 
 {loss} cls : 0.001, total : 0.001 
 {acc} cls : 100.00
------------------------------
<Losses on train> cls : 0.013, total : 0.013
<Accuracies on train> cls : 99.56
Train epoch time: 73.670
------------------------------
<Accuracies on val> class : 96.20
------------------------------
<Accuracies on test> class : 77.04
------------------------------
Total epoch time: 129.875

New epoch - lr: 0.001
[1/395 iteration of epoch 18/50] 
 {loss} cls : 0.000, total : 0.000 
 {acc} cls : 100.00
[31/395 iteration of epoch 18/50] 
 {loss} cls : 0.000, total : 0.000 
 {acc} cls : 100.00
[61/395 iteration of epoch 18/50] 
 {loss} cls : 0.007, total : 0.007 
 {acc} cls : 100.00
[91/395 iteration of epoch 18/50] 
 {loss} cls : 0.000, total : 0.000 
 {acc} cls : 100.00
[121/395 iteration of epoch 18/50] 
 {loss} cls : 0.000, total : 0.000 
 {acc} cls : 100.00
[151/395 iteration of epoch 18/50] 
 {loss} cls : 0.007, total : 0.007 
 {acc} cls : 100.00
[181/395 iteration of epoch 18/50] 
 {loss} cls : 0.001, total : 0.001 
 {acc} cls : 100.00
[211/395 iteration of epoch 18/50] 
 {loss} cls : 0.004, total : 0.004 
 {acc} cls : 100.00
[241/395 iteration of epoch 18/50] 
 {loss} cls : 0.001, total : 0.001 
 {acc} cls : 100.00
[271/395 iteration of epoch 18/50] 
 {loss} cls : 0.008, total : 0.008 
 {acc} cls : 100.00
[301/395 iteration of epoch 18/50] 
 {loss} cls : 0.000, total : 0.000 
 {acc} cls : 100.00
[331/395 iteration of epoch 18/50] 
 {loss} cls : 0.001, total : 0.001 
 {acc} cls : 100.00
[361/395 iteration of epoch 18/50] 
 {loss} cls : 0.001, total : 0.001 
 {acc} cls : 100.00
[391/395 iteration of epoch 18/50] 
 {loss} cls : 0.001, total : 0.001 
 {acc} cls : 100.00
------------------------------
<Losses on train> cls : 0.009, total : 0.009
<Accuracies on train> cls : 99.72
Train epoch time: 77.003
------------------------------
<Accuracies on val> class : 96.62
------------------------------
<Accuracies on test> class : 76.19
------------------------------
Total epoch time: 128.746

New epoch - lr: 0.001
[1/395 iteration of epoch 19/50] 
 {loss} cls : 0.000, total : 0.000 
 {acc} cls : 100.00
[31/395 iteration of epoch 19/50] 
 {loss} cls : 0.001, total : 0.001 
 {acc} cls : 100.00
[61/395 iteration of epoch 19/50] 
 {loss} cls : 0.001, total : 0.001 
 {acc} cls : 100.00
[91/395 iteration of epoch 19/50] 
 {loss} cls : 0.001, total : 0.001 
 {acc} cls : 100.00
[121/395 iteration of epoch 19/50] 
 {loss} cls : 0.001, total : 0.001 
 {acc} cls : 100.00
[151/395 iteration of epoch 19/50] 
 {loss} cls : 0.012, total : 0.012 
 {acc} cls : 100.00
[181/395 iteration of epoch 19/50] 
 {loss} cls : 0.002, total : 0.002 
 {acc} cls : 100.00
[211/395 iteration of epoch 19/50] 
 {loss} cls : 0.000, total : 0.000 
 {acc} cls : 100.00
[241/395 iteration of epoch 19/50] 
 {loss} cls : 0.007, total : 0.007 
 {acc} cls : 100.00
[271/395 iteration of epoch 19/50] 
 {loss} cls : 0.001, total : 0.001 
 {acc} cls : 100.00
[301/395 iteration of epoch 19/50] 
 {loss} cls : 0.000, total : 0.000 
 {acc} cls : 100.00
[331/395 iteration of epoch 19/50] 
 {loss} cls : 0.002, total : 0.002 
 {acc} cls : 100.00
[361/395 iteration of epoch 19/50] 
 {loss} cls : 0.006, total : 0.006 
 {acc} cls : 100.00
[391/395 iteration of epoch 19/50] 
 {loss} cls : 0.191, total : 0.191 
 {acc} cls : 93.75
------------------------------
<Losses on train> cls : 0.010, total : 0.010
<Accuracies on train> cls : 99.67
Train epoch time: 82.632
------------------------------
<Accuracies on val> class : 96.62
------------------------------
<Accuracies on test> class : 77.95
------------------------------
Total epoch time: 130.878

New epoch - lr: 0.001
[1/395 iteration of epoch 20/50] 
 {loss} cls : 0.001, total : 0.001 
 {acc} cls : 100.00
[31/395 iteration of epoch 20/50] 
 {loss} cls : 0.000, total : 0.000 
 {acc} cls : 100.00
[61/395 iteration of epoch 20/50] 
 {loss} cls : 0.007, total : 0.007 
 {acc} cls : 100.00
[91/395 iteration of epoch 20/50] 
 {loss} cls : 0.003, total : 0.003 
 {acc} cls : 100.00
[121/395 iteration of epoch 20/50] 
 {loss} cls : 0.004, total : 0.004 
 {acc} cls : 100.00
[151/395 iteration of epoch 20/50] 
 {loss} cls : 0.013, total : 0.013 
 {acc} cls : 100.00
[181/395 iteration of epoch 20/50] 
 {loss} cls : 0.010, total : 0.010 
 {acc} cls : 100.00
[211/395 iteration of epoch 20/50] 
 {loss} cls : 0.001, total : 0.001 
 {acc} cls : 100.00
[241/395 iteration of epoch 20/50] 
 {loss} cls : 0.000, total : 0.000 
 {acc} cls : 100.00
[271/395 iteration of epoch 20/50] 
 {loss} cls : 0.000, total : 0.000 
 {acc} cls : 100.00
[301/395 iteration of epoch 20/50] 
 {loss} cls : 0.001, total : 0.001 
 {acc} cls : 100.00
[331/395 iteration of epoch 20/50] 
 {loss} cls : 0.001, total : 0.001 
 {acc} cls : 100.00
[361/395 iteration of epoch 20/50] 
 {loss} cls : 0.000, total : 0.000 
 {acc} cls : 100.00
[391/395 iteration of epoch 20/50] 
 {loss} cls : 0.007, total : 0.007 
 {acc} cls : 100.00
------------------------------
<Losses on train> cls : 0.010, total : 0.010
<Accuracies on train> cls : 99.73
Train epoch time: 82.951
------------------------------
<Accuracies on val> class : 95.78
------------------------------
<Accuracies on test> class : 77.30
------------------------------
Total epoch time: 126.446

New epoch - lr: 0.001
[1/395 iteration of epoch 21/50] 
 {loss} cls : 0.003, total : 0.003 
 {acc} cls : 100.00
[31/395 iteration of epoch 21/50] 
 {loss} cls : 0.001, total : 0.001 
 {acc} cls : 100.00
[61/395 iteration of epoch 21/50] 
 {loss} cls : 0.001, total : 0.001 
 {acc} cls : 100.00
[91/395 iteration of epoch 21/50] 
 {loss} cls : 0.001, total : 0.001 
 {acc} cls : 100.00
[121/395 iteration of epoch 21/50] 
 {loss} cls : 0.032, total : 0.032 
 {acc} cls : 100.00
[151/395 iteration of epoch 21/50] 
 {loss} cls : 0.000, total : 0.000 
 {acc} cls : 100.00
[181/395 iteration of epoch 21/50] 
 {loss} cls : 0.012, total : 0.012 
 {acc} cls : 100.00
[211/395 iteration of epoch 21/50] 
 {loss} cls : 0.002, total : 0.002 
 {acc} cls : 100.00
[241/395 iteration of epoch 21/50] 
 {loss} cls : 0.004, total : 0.004 
 {acc} cls : 100.00
[271/395 iteration of epoch 21/50] 
 {loss} cls : 0.000, total : 0.000 
 {acc} cls : 100.00
[301/395 iteration of epoch 21/50] 
 {loss} cls : 0.001, total : 0.001 
 {acc} cls : 100.00
[331/395 iteration of epoch 21/50] 
 {loss} cls : 0.001, total : 0.001 
 {acc} cls : 100.00
[361/395 iteration of epoch 21/50] 
 {loss} cls : 0.002, total : 0.002 
 {acc} cls : 100.00
[391/395 iteration of epoch 21/50] 
 {loss} cls : 0.000, total : 0.000 
 {acc} cls : 100.00
------------------------------
<Losses on train> cls : 0.007, total : 0.007
<Accuracies on train> cls : 99.77
Train epoch time: 83.184
------------------------------
<Accuracies on val> class : 95.78
------------------------------
<Accuracies on test> class : 76.96
------------------------------
Total epoch time: 132.985

New epoch - lr: 0.001
[1/395 iteration of epoch 22/50] 
 {loss} cls : 0.001, total : 0.001 
 {acc} cls : 100.00
[31/395 iteration of epoch 22/50] 
 {loss} cls : 0.001, total : 0.001 
 {acc} cls : 100.00
[61/395 iteration of epoch 22/50] 
 {loss} cls : 0.001, total : 0.001 
 {acc} cls : 100.00
[91/395 iteration of epoch 22/50] 
 {loss} cls : 0.000, total : 0.000 
 {acc} cls : 100.00
[121/395 iteration of epoch 22/50] 
 {loss} cls : 0.000, total : 0.000 
 {acc} cls : 100.00
[151/395 iteration of epoch 22/50] 
 {loss} cls : 0.003, total : 0.003 
 {acc} cls : 100.00
[181/395 iteration of epoch 22/50] 
 {loss} cls : 0.000, total : 0.000 
 {acc} cls : 100.00
[211/395 iteration of epoch 22/50] 
 {loss} cls : 0.048, total : 0.048 
 {acc} cls : 96.88
[241/395 iteration of epoch 22/50] 
 {loss} cls : 0.018, total : 0.018 
 {acc} cls : 100.00
[271/395 iteration of epoch 22/50] 
 {loss} cls : 0.001, total : 0.001 
 {acc} cls : 100.00
[301/395 iteration of epoch 22/50] 
 {loss} cls : 0.000, total : 0.000 
 {acc} cls : 100.00
[331/395 iteration of epoch 22/50] 
 {loss} cls : 0.001, total : 0.001 
 {acc} cls : 100.00
[361/395 iteration of epoch 22/50] 
 {loss} cls : 0.002, total : 0.002 
 {acc} cls : 100.00
[391/395 iteration of epoch 22/50] 
 {loss} cls : 0.001, total : 0.001 
 {acc} cls : 100.00
------------------------------
<Losses on train> cls : 0.007, total : 0.007
<Accuracies on train> cls : 99.79
Train epoch time: 82.870
------------------------------
<Accuracies on val> class : 95.78
------------------------------
<Accuracies on test> class : 76.78
------------------------------
Total epoch time: 134.594

New epoch - lr: 0.001
[1/395 iteration of epoch 23/50] 
 {loss} cls : 0.048, total : 0.048 
 {acc} cls : 96.88
[31/395 iteration of epoch 23/50] 
 {loss} cls : 0.001, total : 0.001 
 {acc} cls : 100.00
[61/395 iteration of epoch 23/50] 
 {loss} cls : 0.010, total : 0.010 
 {acc} cls : 100.00
[91/395 iteration of epoch 23/50] 
 {loss} cls : 0.002, total : 0.002 
 {acc} cls : 100.00
[121/395 iteration of epoch 23/50] 
 {loss} cls : 0.080, total : 0.080 
 {acc} cls : 93.75
[151/395 iteration of epoch 23/50] 
 {loss} cls : 0.001, total : 0.001 
 {acc} cls : 100.00
[181/395 iteration of epoch 23/50] 
 {loss} cls : 0.000, total : 0.000 
 {acc} cls : 100.00
[211/395 iteration of epoch 23/50] 
 {loss} cls : 0.000, total : 0.000 
 {acc} cls : 100.00
[241/395 iteration of epoch 23/50] 
 {loss} cls : 0.001, total : 0.001 
 {acc} cls : 100.00
[271/395 iteration of epoch 23/50] 
 {loss} cls : 0.000, total : 0.000 
 {acc} cls : 100.00
[301/395 iteration of epoch 23/50] 
 {loss} cls : 0.001, total : 0.001 
 {acc} cls : 100.00
[331/395 iteration of epoch 23/50] 
 {loss} cls : 0.004, total : 0.004 
 {acc} cls : 100.00
[361/395 iteration of epoch 23/50] 
 {loss} cls : 0.001, total : 0.001 
 {acc} cls : 100.00
[391/395 iteration of epoch 23/50] 
 {loss} cls : 0.002, total : 0.002 
 {acc} cls : 100.00
------------------------------
<Losses on train> cls : 0.007, total : 0.007
<Accuracies on train> cls : 99.83
Train epoch time: 75.811
------------------------------
<Accuracies on val> class : 96.20
------------------------------
<Accuracies on test> class : 77.46
------------------------------
Total epoch time: 135.904

New epoch - lr: 0.001
[1/395 iteration of epoch 24/50] 
 {loss} cls : 0.004, total : 0.004 
 {acc} cls : 100.00
[31/395 iteration of epoch 24/50] 
 {loss} cls : 0.000, total : 0.000 
 {acc} cls : 100.00
[61/395 iteration of epoch 24/50] 
 {loss} cls : 0.000, total : 0.000 
 {acc} cls : 100.00
[91/395 iteration of epoch 24/50] 
 {loss} cls : 0.001, total : 0.001 
 {acc} cls : 100.00
[121/395 iteration of epoch 24/50] 
 {loss} cls : 0.000, total : 0.000 
 {acc} cls : 100.00
[151/395 iteration of epoch 24/50] 
 {loss} cls : 0.000, total : 0.000 
 {acc} cls : 100.00
[181/395 iteration of epoch 24/50] 
 {loss} cls : 0.001, total : 0.001 
 {acc} cls : 100.00
[211/395 iteration of epoch 24/50] 
 {loss} cls : 0.003, total : 0.003 
 {acc} cls : 100.00
[241/395 iteration of epoch 24/50] 
 {loss} cls : 0.042, total : 0.042 
 {acc} cls : 96.88
[271/395 iteration of epoch 24/50] 
 {loss} cls : 0.001, total : 0.001 
 {acc} cls : 100.00
[301/395 iteration of epoch 24/50] 
 {loss} cls : 0.001, total : 0.001 
 {acc} cls : 100.00
[331/395 iteration of epoch 24/50] 
 {loss} cls : 0.001, total : 0.001 
 {acc} cls : 100.00
[361/395 iteration of epoch 24/50] 
 {loss} cls : 0.000, total : 0.000 
 {acc} cls : 100.00
[391/395 iteration of epoch 24/50] 
 {loss} cls : 0.000, total : 0.000 
 {acc} cls : 100.00
------------------------------
<Losses on train> cls : 0.005, total : 0.005
<Accuracies on train> cls : 99.87
Train epoch time: 74.972
------------------------------
<Accuracies on val> class : 97.05
------------------------------
<Accuracies on test> class : 77.64
------------------------------
Total epoch time: 131.417

New epoch - lr: 0.001
[1/395 iteration of epoch 25/50] 
 {loss} cls : 0.028, total : 0.028 
 {acc} cls : 100.00
[31/395 iteration of epoch 25/50] 
 {loss} cls : 0.033, total : 0.033 
 {acc} cls : 100.00
[61/395 iteration of epoch 25/50] 
 {loss} cls : 0.000, total : 0.000 
 {acc} cls : 100.00
[91/395 iteration of epoch 25/50] 
 {loss} cls : 0.002, total : 0.002 
 {acc} cls : 100.00
[121/395 iteration of epoch 25/50] 
 {loss} cls : 0.002, total : 0.002 
 {acc} cls : 100.00
[151/395 iteration of epoch 25/50] 
 {loss} cls : 0.005, total : 0.005 
 {acc} cls : 100.00
[181/395 iteration of epoch 25/50] 
 {loss} cls : 0.002, total : 0.002 
 {acc} cls : 100.00
[211/395 iteration of epoch 25/50] 
 {loss} cls : 0.000, total : 0.000 
 {acc} cls : 100.00
[241/395 iteration of epoch 25/50] 
 {loss} cls : 0.001, total : 0.001 
 {acc} cls : 100.00
[271/395 iteration of epoch 25/50] 
 {loss} cls : 0.000, total : 0.000 
 {acc} cls : 100.00
[301/395 iteration of epoch 25/50] 
 {loss} cls : 0.008, total : 0.008 
 {acc} cls : 100.00
[331/395 iteration of epoch 25/50] 
 {loss} cls : 0.000, total : 0.000 
 {acc} cls : 100.00
[361/395 iteration of epoch 25/50] 
 {loss} cls : 0.003, total : 0.003 
 {acc} cls : 100.00
[391/395 iteration of epoch 25/50] 
 {loss} cls : 0.012, total : 0.012 
 {acc} cls : 100.00
------------------------------
<Losses on train> cls : 0.006, total : 0.006
<Accuracies on train> cls : 99.85
Train epoch time: 73.652
------------------------------
<Accuracies on val> class : 96.20
------------------------------
<Accuracies on test> class : 76.80
------------------------------
Total epoch time: 132.441

New epoch - lr: 0.001
[1/395 iteration of epoch 26/50] 
 {loss} cls : 0.002, total : 0.002 
 {acc} cls : 100.00
[31/395 iteration of epoch 26/50] 
 {loss} cls : 0.001, total : 0.001 
 {acc} cls : 100.00
[61/395 iteration of epoch 26/50] 
 {loss} cls : 0.001, total : 0.001 
 {acc} cls : 100.00
[91/395 iteration of epoch 26/50] 
 {loss} cls : 0.002, total : 0.002 
 {acc} cls : 100.00
[121/395 iteration of epoch 26/50] 
 {loss} cls : 0.000, total : 0.000 
 {acc} cls : 100.00
[151/395 iteration of epoch 26/50] 
 {loss} cls : 0.000, total : 0.000 
 {acc} cls : 100.00
[181/395 iteration of epoch 26/50] 
 {loss} cls : 0.001, total : 0.001 
 {acc} cls : 100.00
[211/395 iteration of epoch 26/50] 
 {loss} cls : 0.000, total : 0.000 
 {acc} cls : 100.00
[241/395 iteration of epoch 26/50] 
 {loss} cls : 0.004, total : 0.004 
 {acc} cls : 100.00
[271/395 iteration of epoch 26/50] 
 {loss} cls : 0.010, total : 0.010 
 {acc} cls : 100.00
[301/395 iteration of epoch 26/50] 
 {loss} cls : 0.004, total : 0.004 
 {acc} cls : 100.00
[331/395 iteration of epoch 26/50] 
 {loss} cls : 0.014, total : 0.014 
 {acc} cls : 100.00
[361/395 iteration of epoch 26/50] 
 {loss} cls : 0.009, total : 0.009 
 {acc} cls : 100.00
[391/395 iteration of epoch 26/50] 
 {loss} cls : 0.005, total : 0.005 
 {acc} cls : 100.00
------------------------------
<Losses on train> cls : 0.006, total : 0.006
<Accuracies on train> cls : 99.86
Train epoch time: 75.887
------------------------------
<Accuracies on val> class : 96.20
------------------------------
<Accuracies on test> class : 77.94
------------------------------
Total epoch time: 127.967

New epoch - lr: 0.001
[1/395 iteration of epoch 27/50] 
 {loss} cls : 0.001, total : 0.001 
 {acc} cls : 100.00
[31/395 iteration of epoch 27/50] 
 {loss} cls : 0.001, total : 0.001 
 {acc} cls : 100.00
[61/395 iteration of epoch 27/50] 
 {loss} cls : 0.003, total : 0.003 
 {acc} cls : 100.00
[91/395 iteration of epoch 27/50] 
 {loss} cls : 0.000, total : 0.000 
 {acc} cls : 100.00
[121/395 iteration of epoch 27/50] 
 {loss} cls : 0.045, total : 0.045 
 {acc} cls : 96.88
[151/395 iteration of epoch 27/50] 
 {loss} cls : 0.005, total : 0.005 
 {acc} cls : 100.00
[181/395 iteration of epoch 27/50] 
 {loss} cls : 0.001, total : 0.001 
 {acc} cls : 100.00
[211/395 iteration of epoch 27/50] 
 {loss} cls : 0.019, total : 0.019 
 {acc} cls : 100.00
[241/395 iteration of epoch 27/50] 
 {loss} cls : 0.001, total : 0.001 
 {acc} cls : 100.00
[271/395 iteration of epoch 27/50] 
 {loss} cls : 0.016, total : 0.016 
 {acc} cls : 100.00
[301/395 iteration of epoch 27/50] 
 {loss} cls : 0.001, total : 0.001 
 {acc} cls : 100.00
[331/395 iteration of epoch 27/50] 
 {loss} cls : 0.002, total : 0.002 
 {acc} cls : 100.00
[361/395 iteration of epoch 27/50] 
 {loss} cls : 0.002, total : 0.002 
 {acc} cls : 100.00
[391/395 iteration of epoch 27/50] 
 {loss} cls : 0.000, total : 0.000 
 {acc} cls : 100.00
------------------------------
<Losses on train> cls : 0.007, total : 0.007
<Accuracies on train> cls : 99.82
Train epoch time: 81.085
------------------------------
<Accuracies on val> class : 94.94
------------------------------
<Accuracies on test> class : 78.54
------------------------------
Total epoch time: 126.377

New epoch - lr: 0.001
[1/395 iteration of epoch 28/50] 
 {loss} cls : 0.001, total : 0.001 
 {acc} cls : 100.00
[31/395 iteration of epoch 28/50] 
 {loss} cls : 0.003, total : 0.003 
 {acc} cls : 100.00
[61/395 iteration of epoch 28/50] 
 {loss} cls : 0.000, total : 0.000 
 {acc} cls : 100.00
[91/395 iteration of epoch 28/50] 
 {loss} cls : 0.031, total : 0.031 
 {acc} cls : 100.00
[121/395 iteration of epoch 28/50] 
 {loss} cls : 0.006, total : 0.006 
 {acc} cls : 100.00
[151/395 iteration of epoch 28/50] 
 {loss} cls : 0.000, total : 0.000 
 {acc} cls : 100.00
[181/395 iteration of epoch 28/50] 
 {loss} cls : 0.001, total : 0.001 
 {acc} cls : 100.00
[211/395 iteration of epoch 28/50] 
 {loss} cls : 0.019, total : 0.019 
 {acc} cls : 100.00
[241/395 iteration of epoch 28/50] 
 {loss} cls : 0.003, total : 0.003 
 {acc} cls : 100.00
[271/395 iteration of epoch 28/50] 
 {loss} cls : 0.008, total : 0.008 
 {acc} cls : 100.00
[301/395 iteration of epoch 28/50] 
 {loss} cls : 0.002, total : 0.002 
 {acc} cls : 100.00
[331/395 iteration of epoch 28/50] 
 {loss} cls : 0.003, total : 0.003 
 {acc} cls : 100.00
[361/395 iteration of epoch 28/50] 
 {loss} cls : 0.107, total : 0.107 
 {acc} cls : 96.88
[391/395 iteration of epoch 28/50] 
 {loss} cls : 0.004, total : 0.004 
 {acc} cls : 100.00
------------------------------
<Losses on train> cls : 0.008, total : 0.008
<Accuracies on train> cls : 99.81
Train epoch time: 82.228
------------------------------
<Accuracies on val> class : 94.94
------------------------------
<Accuracies on test> class : 79.52
------------------------------
Total epoch time: 124.110

New epoch - lr: 0.001
[1/395 iteration of epoch 29/50] 
 {loss} cls : 0.001, total : 0.001 
 {acc} cls : 100.00
[31/395 iteration of epoch 29/50] 
 {loss} cls : 0.002, total : 0.002 
 {acc} cls : 100.00
[61/395 iteration of epoch 29/50] 
 {loss} cls : 0.036, total : 0.036 
 {acc} cls : 96.88
[91/395 iteration of epoch 29/50] 
 {loss} cls : 0.000, total : 0.000 
 {acc} cls : 100.00
[121/395 iteration of epoch 29/50] 
 {loss} cls : 0.004, total : 0.004 
 {acc} cls : 100.00
[151/395 iteration of epoch 29/50] 
 {loss} cls : 0.062, total : 0.062 
 {acc} cls : 96.88
[181/395 iteration of epoch 29/50] 
 {loss} cls : 0.005, total : 0.005 
 {acc} cls : 100.00
[211/395 iteration of epoch 29/50] 
 {loss} cls : 0.000, total : 0.000 
 {acc} cls : 100.00
[241/395 iteration of epoch 29/50] 
 {loss} cls : 0.000, total : 0.000 
 {acc} cls : 100.00
[271/395 iteration of epoch 29/50] 
 {loss} cls : 0.000, total : 0.000 
 {acc} cls : 100.00
[301/395 iteration of epoch 29/50] 
 {loss} cls : 0.001, total : 0.001 
 {acc} cls : 100.00
[331/395 iteration of epoch 29/50] 
 {loss} cls : 0.146, total : 0.146 
 {acc} cls : 96.88
[361/395 iteration of epoch 29/50] 
 {loss} cls : 0.001, total : 0.001 
 {acc} cls : 100.00
[391/395 iteration of epoch 29/50] 
 {loss} cls : 0.000, total : 0.000 
 {acc} cls : 100.00
------------------------------
<Losses on train> cls : 0.008, total : 0.008
<Accuracies on train> cls : 99.77
Train epoch time: 84.961
------------------------------
<Accuracies on val> class : 95.36
------------------------------
<Accuracies on test> class : 79.06
------------------------------
Total epoch time: 131.143

New epoch - lr: 0.001
[1/395 iteration of epoch 30/50] 
 {loss} cls : 0.002, total : 0.002 
 {acc} cls : 100.00
[31/395 iteration of epoch 30/50] 
 {loss} cls : 0.000, total : 0.000 
 {acc} cls : 100.00
[61/395 iteration of epoch 30/50] 
 {loss} cls : 0.000, total : 0.000 
 {acc} cls : 100.00
[91/395 iteration of epoch 30/50] 
 {loss} cls : 0.000, total : 0.000 
 {acc} cls : 100.00
[121/395 iteration of epoch 30/50] 
 {loss} cls : 0.001, total : 0.001 
 {acc} cls : 100.00
[151/395 iteration of epoch 30/50] 
 {loss} cls : 0.003, total : 0.003 
 {acc} cls : 100.00
[181/395 iteration of epoch 30/50] 
 {loss} cls : 0.029, total : 0.029 
 {acc} cls : 96.88
[211/395 iteration of epoch 30/50] 
 {loss} cls : 0.002, total : 0.002 
 {acc} cls : 100.00
[241/395 iteration of epoch 30/50] 
 {loss} cls : 0.002, total : 0.002 
 {acc} cls : 100.00
[271/395 iteration of epoch 30/50] 
 {loss} cls : 0.002, total : 0.002 
 {acc} cls : 100.00
[301/395 iteration of epoch 30/50] 
 {loss} cls : 0.009, total : 0.009 
 {acc} cls : 100.00
[331/395 iteration of epoch 30/50] 
 {loss} cls : 0.001, total : 0.001 
 {acc} cls : 100.00
[361/395 iteration of epoch 30/50] 
 {loss} cls : 0.001, total : 0.001 
 {acc} cls : 100.00
[391/395 iteration of epoch 30/50] 
 {loss} cls : 0.000, total : 0.000 
 {acc} cls : 100.00
------------------------------
<Losses on train> cls : 0.005, total : 0.005
<Accuracies on train> cls : 99.87
Train epoch time: 79.988
------------------------------
<Accuracies on val> class : 96.62
------------------------------
<Accuracies on test> class : 77.52
------------------------------
Total epoch time: 132.046

New epoch - lr: 0.001
[1/395 iteration of epoch 31/50] 
 {loss} cls : 0.000, total : 0.000 
 {acc} cls : 100.00
[31/395 iteration of epoch 31/50] 
 {loss} cls : 0.001, total : 0.001 
 {acc} cls : 100.00
[61/395 iteration of epoch 31/50] 
 {loss} cls : 0.003, total : 0.003 
 {acc} cls : 100.00
[91/395 iteration of epoch 31/50] 
 {loss} cls : 0.000, total : 0.000 
 {acc} cls : 100.00
[121/395 iteration of epoch 31/50] 
 {loss} cls : 0.001, total : 0.001 
 {acc} cls : 100.00
[151/395 iteration of epoch 31/50] 
 {loss} cls : 0.000, total : 0.000 
 {acc} cls : 100.00
[181/395 iteration of epoch 31/50] 
 {loss} cls : 0.009, total : 0.009 
 {acc} cls : 100.00
[211/395 iteration of epoch 31/50] 
 {loss} cls : 0.005, total : 0.005 
 {acc} cls : 100.00
[241/395 iteration of epoch 31/50] 
 {loss} cls : 0.001, total : 0.001 
 {acc} cls : 100.00
[271/395 iteration of epoch 31/50] 
 {loss} cls : 0.000, total : 0.000 
 {acc} cls : 100.00
[301/395 iteration of epoch 31/50] 
 {loss} cls : 0.001, total : 0.001 
 {acc} cls : 100.00
[331/395 iteration of epoch 31/50] 
 {loss} cls : 0.001, total : 0.001 
 {acc} cls : 100.00
[361/395 iteration of epoch 31/50] 
 {loss} cls : 0.000, total : 0.000 
 {acc} cls : 100.00
[391/395 iteration of epoch 31/50] 
 {loss} cls : 0.006, total : 0.006 
 {acc} cls : 100.00
------------------------------
<Losses on train> cls : 0.006, total : 0.006
<Accuracies on train> cls : 99.82
Train epoch time: 77.573
------------------------------
<Accuracies on val> class : 96.62
------------------------------
<Accuracies on test> class : 78.12
------------------------------
Total epoch time: 133.845

New epoch - lr: 0.001
[1/395 iteration of epoch 32/50] 
 {loss} cls : 0.000, total : 0.000 
 {acc} cls : 100.00
[31/395 iteration of epoch 32/50] 
 {loss} cls : 0.000, total : 0.000 
 {acc} cls : 100.00
[61/395 iteration of epoch 32/50] 
 {loss} cls : 0.010, total : 0.010 
 {acc} cls : 100.00
[91/395 iteration of epoch 32/50] 
 {loss} cls : 0.003, total : 0.003 
 {acc} cls : 100.00
[121/395 iteration of epoch 32/50] 
 {loss} cls : 0.000, total : 0.000 
 {acc} cls : 100.00
[151/395 iteration of epoch 32/50] 
 {loss} cls : 0.012, total : 0.012 
 {acc} cls : 100.00
[181/395 iteration of epoch 32/50] 
 {loss} cls : 0.000, total : 0.000 
 {acc} cls : 100.00
[211/395 iteration of epoch 32/50] 
 {loss} cls : 0.002, total : 0.002 
 {acc} cls : 100.00
[241/395 iteration of epoch 32/50] 
 {loss} cls : 0.001, total : 0.001 
 {acc} cls : 100.00
[271/395 iteration of epoch 32/50] 
 {loss} cls : 0.001, total : 0.001 
 {acc} cls : 100.00
[301/395 iteration of epoch 32/50] 
 {loss} cls : 0.000, total : 0.000 
 {acc} cls : 100.00
[331/395 iteration of epoch 32/50] 
 {loss} cls : 0.001, total : 0.001 
 {acc} cls : 100.00
[361/395 iteration of epoch 32/50] 
 {loss} cls : 0.002, total : 0.002 
 {acc} cls : 100.00
[391/395 iteration of epoch 32/50] 
 {loss} cls : 0.006, total : 0.006 
 {acc} cls : 100.00
------------------------------
<Losses on train> cls : 0.006, total : 0.006
<Accuracies on train> cls : 99.82
Train epoch time: 71.975
------------------------------
<Accuracies on val> class : 96.20
------------------------------
<Accuracies on test> class : 77.32
------------------------------
Total epoch time: 130.974

New epoch - lr: 0.001
[1/395 iteration of epoch 33/50] 
 {loss} cls : 0.005, total : 0.005 
 {acc} cls : 100.00
[31/395 iteration of epoch 33/50] 
 {loss} cls : 0.002, total : 0.002 
 {acc} cls : 100.00
[61/395 iteration of epoch 33/50] 
 {loss} cls : 0.002, total : 0.002 
 {acc} cls : 100.00
[91/395 iteration of epoch 33/50] 
 {loss} cls : 0.001, total : 0.001 
 {acc} cls : 100.00
[121/395 iteration of epoch 33/50] 
 {loss} cls : 0.001, total : 0.001 
 {acc} cls : 100.00
[151/395 iteration of epoch 33/50] 
 {loss} cls : 0.000, total : 0.000 
 {acc} cls : 100.00
[181/395 iteration of epoch 33/50] 
 {loss} cls : 0.000, total : 0.000 
 {acc} cls : 100.00
[211/395 iteration of epoch 33/50] 
 {loss} cls : 0.000, total : 0.000 
 {acc} cls : 100.00
[241/395 iteration of epoch 33/50] 
 {loss} cls : 0.000, total : 0.000 
 {acc} cls : 100.00
[271/395 iteration of epoch 33/50] 
 {loss} cls : 0.003, total : 0.003 
 {acc} cls : 100.00
[301/395 iteration of epoch 33/50] 
 {loss} cls : 0.000, total : 0.000 
 {acc} cls : 100.00
[331/395 iteration of epoch 33/50] 
 {loss} cls : 0.002, total : 0.002 
 {acc} cls : 100.00
[361/395 iteration of epoch 33/50] 
 {loss} cls : 0.001, total : 0.001 
 {acc} cls : 100.00
[391/395 iteration of epoch 33/50] 
 {loss} cls : 0.000, total : 0.000 
 {acc} cls : 100.00
------------------------------
<Losses on train> cls : 0.004, total : 0.004
<Accuracies on train> cls : 99.91
Train epoch time: 70.494
------------------------------
<Accuracies on val> class : 96.20
------------------------------
<Accuracies on test> class : 77.85
------------------------------
Total epoch time: 131.500

New epoch - lr: 0.001
[1/395 iteration of epoch 34/50] 
 {loss} cls : 0.006, total : 0.006 
 {acc} cls : 100.00
[31/395 iteration of epoch 34/50] 
 {loss} cls : 0.000, total : 0.000 
 {acc} cls : 100.00
[61/395 iteration of epoch 34/50] 
 {loss} cls : 0.002, total : 0.002 
 {acc} cls : 100.00
[91/395 iteration of epoch 34/50] 
 {loss} cls : 0.002, total : 0.002 
 {acc} cls : 100.00
[121/395 iteration of epoch 34/50] 
 {loss} cls : 0.005, total : 0.005 
 {acc} cls : 100.00
[151/395 iteration of epoch 34/50] 
 {loss} cls : 0.001, total : 0.001 
 {acc} cls : 100.00
[181/395 iteration of epoch 34/50] 
 {loss} cls : 0.006, total : 0.006 
 {acc} cls : 100.00
[211/395 iteration of epoch 34/50] 
 {loss} cls : 0.001, total : 0.001 
 {acc} cls : 100.00
[241/395 iteration of epoch 34/50] 
 {loss} cls : 0.000, total : 0.000 
 {acc} cls : 100.00
[271/395 iteration of epoch 34/50] 
 {loss} cls : 0.002, total : 0.002 
 {acc} cls : 100.00
[301/395 iteration of epoch 34/50] 
 {loss} cls : 0.001, total : 0.001 
 {acc} cls : 100.00
[331/395 iteration of epoch 34/50] 
 {loss} cls : 0.001, total : 0.001 
 {acc} cls : 100.00
[361/395 iteration of epoch 34/50] 
 {loss} cls : 0.000, total : 0.000 
 {acc} cls : 100.00
[391/395 iteration of epoch 34/50] 
 {loss} cls : 0.000, total : 0.000 
 {acc} cls : 100.00
------------------------------
<Losses on train> cls : 0.003, total : 0.003
<Accuracies on train> cls : 99.95
Train epoch time: 73.608
------------------------------
<Accuracies on val> class : 96.62
------------------------------
<Accuracies on test> class : 77.56
------------------------------
Total epoch time: 129.191

New epoch - lr: 0.001
[1/395 iteration of epoch 35/50] 
 {loss} cls : 0.004, total : 0.004 
 {acc} cls : 100.00
[31/395 iteration of epoch 35/50] 
 {loss} cls : 0.001, total : 0.001 
 {acc} cls : 100.00
[61/395 iteration of epoch 35/50] 
 {loss} cls : 0.000, total : 0.000 
 {acc} cls : 100.00
[91/395 iteration of epoch 35/50] 
 {loss} cls : 0.000, total : 0.000 
 {acc} cls : 100.00
[121/395 iteration of epoch 35/50] 
 {loss} cls : 0.003, total : 0.003 
 {acc} cls : 100.00
[151/395 iteration of epoch 35/50] 
 {loss} cls : 0.001, total : 0.001 
 {acc} cls : 100.00
[181/395 iteration of epoch 35/50] 
 {loss} cls : 0.000, total : 0.000 
 {acc} cls : 100.00
[211/395 iteration of epoch 35/50] 
 {loss} cls : 0.003, total : 0.003 
 {acc} cls : 100.00
[241/395 iteration of epoch 35/50] 
 {loss} cls : 0.000, total : 0.000 
 {acc} cls : 100.00
[271/395 iteration of epoch 35/50] 
 {loss} cls : 0.003, total : 0.003 
 {acc} cls : 100.00
[301/395 iteration of epoch 35/50] 
 {loss} cls : 0.087, total : 0.087 
 {acc} cls : 96.88
[331/395 iteration of epoch 35/50] 
 {loss} cls : 0.081, total : 0.081 
 {acc} cls : 96.88
[361/395 iteration of epoch 35/50] 
 {loss} cls : 0.000, total : 0.000 
 {acc} cls : 100.00
[391/395 iteration of epoch 35/50] 
 {loss} cls : 0.001, total : 0.001 
 {acc} cls : 100.00
------------------------------
<Losses on train> cls : 0.004, total : 0.004
<Accuracies on train> cls : 99.91
Train epoch time: 77.188
------------------------------
<Accuracies on val> class : 95.78
------------------------------
<Accuracies on test> class : 77.69
------------------------------
Total epoch time: 126.882

New epoch - lr: 0.001
[1/395 iteration of epoch 36/50] 
 {loss} cls : 0.006, total : 0.006 
 {acc} cls : 100.00
[31/395 iteration of epoch 36/50] 
 {loss} cls : 0.002, total : 0.002 
 {acc} cls : 100.00
[61/395 iteration of epoch 36/50] 
 {loss} cls : 0.000, total : 0.000 
 {acc} cls : 100.00
[91/395 iteration of epoch 36/50] 
 {loss} cls : 0.018, total : 0.018 
 {acc} cls : 100.00
[121/395 iteration of epoch 36/50] 
 {loss} cls : 0.002, total : 0.002 
 {acc} cls : 100.00
[151/395 iteration of epoch 36/50] 
 {loss} cls : 0.001, total : 0.001 
 {acc} cls : 100.00
[181/395 iteration of epoch 36/50] 
 {loss} cls : 0.003, total : 0.003 
 {acc} cls : 100.00
[211/395 iteration of epoch 36/50] 
 {loss} cls : 0.001, total : 0.001 
 {acc} cls : 100.00
[241/395 iteration of epoch 36/50] 
 {loss} cls : 0.001, total : 0.001 
 {acc} cls : 100.00
[271/395 iteration of epoch 36/50] 
 {loss} cls : 0.001, total : 0.001 
 {acc} cls : 100.00
[301/395 iteration of epoch 36/50] 
 {loss} cls : 0.000, total : 0.000 
 {acc} cls : 100.00
[331/395 iteration of epoch 36/50] 
 {loss} cls : 0.000, total : 0.000 
 {acc} cls : 100.00
[361/395 iteration of epoch 36/50] 
 {loss} cls : 0.000, total : 0.000 
 {acc} cls : 100.00
[391/395 iteration of epoch 36/50] 
 {loss} cls : 0.001, total : 0.001 
 {acc} cls : 100.00
------------------------------
<Losses on train> cls : 0.006, total : 0.006
<Accuracies on train> cls : 99.83
Train epoch time: 79.967
------------------------------
<Accuracies on val> class : 95.78
------------------------------
<Accuracies on test> class : 76.34
------------------------------
Total epoch time: 125.045

New epoch - lr: 0.001
[1/395 iteration of epoch 37/50] 
 {loss} cls : 0.002, total : 0.002 
 {acc} cls : 100.00
[31/395 iteration of epoch 37/50] 
 {loss} cls : 0.001, total : 0.001 
 {acc} cls : 100.00
[61/395 iteration of epoch 37/50] 
 {loss} cls : 0.001, total : 0.001 
 {acc} cls : 100.00
[91/395 iteration of epoch 37/50] 
 {loss} cls : 0.003, total : 0.003 
 {acc} cls : 100.00
[121/395 iteration of epoch 37/50] 
 {loss} cls : 0.001, total : 0.001 
 {acc} cls : 100.00
[151/395 iteration of epoch 37/50] 
 {loss} cls : 0.006, total : 0.006 
 {acc} cls : 100.00
[181/395 iteration of epoch 37/50] 
 {loss} cls : 0.109, total : 0.109 
 {acc} cls : 96.88
[211/395 iteration of epoch 37/50] 
 {loss} cls : 0.001, total : 0.001 
 {acc} cls : 100.00
[241/395 iteration of epoch 37/50] 
 {loss} cls : 0.005, total : 0.005 
 {acc} cls : 100.00
[271/395 iteration of epoch 37/50] 
 {loss} cls : 0.001, total : 0.001 
 {acc} cls : 100.00
[301/395 iteration of epoch 37/50] 
 {loss} cls : 0.005, total : 0.005 
 {acc} cls : 100.00
[331/395 iteration of epoch 37/50] 
 {loss} cls : 0.000, total : 0.000 
 {acc} cls : 100.00
[361/395 iteration of epoch 37/50] 
 {loss} cls : 0.031, total : 0.031 
 {acc} cls : 100.00
[391/395 iteration of epoch 37/50] 
 {loss} cls : 0.001, total : 0.001 
 {acc} cls : 100.00
------------------------------
<Losses on train> cls : 0.004, total : 0.004
<Accuracies on train> cls : 99.91
Train epoch time: 76.773
------------------------------
<Accuracies on val> class : 96.20
------------------------------
<Accuracies on test> class : 78.19
------------------------------
Total epoch time: 124.636

New epoch - lr: 0.001
[1/395 iteration of epoch 38/50] 
 {loss} cls : 0.000, total : 0.000 
 {acc} cls : 100.00
[31/395 iteration of epoch 38/50] 
 {loss} cls : 0.000, total : 0.000 
 {acc} cls : 100.00
[61/395 iteration of epoch 38/50] 
 {loss} cls : 0.000, total : 0.000 
 {acc} cls : 100.00
[91/395 iteration of epoch 38/50] 
 {loss} cls : 0.000, total : 0.000 
 {acc} cls : 100.00
[121/395 iteration of epoch 38/50] 
 {loss} cls : 0.001, total : 0.001 
 {acc} cls : 100.00
[151/395 iteration of epoch 38/50] 
 {loss} cls : 0.000, total : 0.000 
 {acc} cls : 100.00
[181/395 iteration of epoch 38/50] 
 {loss} cls : 0.001, total : 0.001 
 {acc} cls : 100.00
[211/395 iteration of epoch 38/50] 
 {loss} cls : 0.002, total : 0.002 
 {acc} cls : 100.00
[241/395 iteration of epoch 38/50] 
 {loss} cls : 0.001, total : 0.001 
 {acc} cls : 100.00
[271/395 iteration of epoch 38/50] 
 {loss} cls : 0.001, total : 0.001 
 {acc} cls : 100.00
[301/395 iteration of epoch 38/50] 
 {loss} cls : 0.001, total : 0.001 
 {acc} cls : 100.00
[331/395 iteration of epoch 38/50] 
 {loss} cls : 0.012, total : 0.012 
 {acc} cls : 100.00
[361/395 iteration of epoch 38/50] 
 {loss} cls : 0.000, total : 0.000 
 {acc} cls : 100.00
[391/395 iteration of epoch 38/50] 
 {loss} cls : 0.000, total : 0.000 
 {acc} cls : 100.00
------------------------------
<Losses on train> cls : 0.006, total : 0.006
<Accuracies on train> cls : 99.90
Train epoch time: 78.307
------------------------------
<Accuracies on val> class : 95.78
------------------------------
<Accuracies on test> class : 75.96
------------------------------
Total epoch time: 132.850

New epoch - lr: 0.001
[1/395 iteration of epoch 39/50] 
 {loss} cls : 0.003, total : 0.003 
 {acc} cls : 100.00
[31/395 iteration of epoch 39/50] 
 {loss} cls : 0.005, total : 0.005 
 {acc} cls : 100.00
[61/395 iteration of epoch 39/50] 
 {loss} cls : 0.008, total : 0.008 
 {acc} cls : 100.00
[91/395 iteration of epoch 39/50] 
 {loss} cls : 0.012, total : 0.012 
 {acc} cls : 100.00
[121/395 iteration of epoch 39/50] 
 {loss} cls : 0.000, total : 0.000 
 {acc} cls : 100.00
[151/395 iteration of epoch 39/50] 
 {loss} cls : 0.000, total : 0.000 
 {acc} cls : 100.00
[181/395 iteration of epoch 39/50] 
 {loss} cls : 0.000, total : 0.000 
 {acc} cls : 100.00
[211/395 iteration of epoch 39/50] 
 {loss} cls : 0.000, total : 0.000 
 {acc} cls : 100.00
[241/395 iteration of epoch 39/50] 
 {loss} cls : 0.001, total : 0.001 
 {acc} cls : 100.00
[271/395 iteration of epoch 39/50] 
 {loss} cls : 0.000, total : 0.000 
 {acc} cls : 100.00
[301/395 iteration of epoch 39/50] 
 {loss} cls : 0.009, total : 0.009 
 {acc} cls : 100.00
[331/395 iteration of epoch 39/50] 
 {loss} cls : 0.006, total : 0.006 
 {acc} cls : 100.00
[361/395 iteration of epoch 39/50] 
 {loss} cls : 0.001, total : 0.001 
 {acc} cls : 100.00
[391/395 iteration of epoch 39/50] 
 {loss} cls : 0.001, total : 0.001 
 {acc} cls : 100.00
------------------------------
<Losses on train> cls : 0.004, total : 0.004
<Accuracies on train> cls : 99.91
Train epoch time: 76.887
------------------------------
<Accuracies on val> class : 95.36
------------------------------
<Accuracies on test> class : 77.66
------------------------------
Total epoch time: 136.780

New epoch - lr: 0.0001
[1/395 iteration of epoch 40/50] 
 {loss} cls : 0.000, total : 0.000 
 {acc} cls : 100.00
[31/395 iteration of epoch 40/50] 
 {loss} cls : 0.001, total : 0.001 
 {acc} cls : 100.00
[61/395 iteration of epoch 40/50] 
 {loss} cls : 0.000, total : 0.000 
 {acc} cls : 100.00
[91/395 iteration of epoch 40/50] 
 {loss} cls : 0.001, total : 0.001 
 {acc} cls : 100.00
[121/395 iteration of epoch 40/50] 
 {loss} cls : 0.089, total : 0.089 
 {acc} cls : 96.88
[151/395 iteration of epoch 40/50] 
 {loss} cls : 0.004, total : 0.004 
 {acc} cls : 100.00
[181/395 iteration of epoch 40/50] 
 {loss} cls : 0.000, total : 0.000 
 {acc} cls : 100.00
[211/395 iteration of epoch 40/50] 
 {loss} cls : 0.002, total : 0.002 
 {acc} cls : 100.00
[241/395 iteration of epoch 40/50] 
 {loss} cls : 0.000, total : 0.000 
 {acc} cls : 100.00
[271/395 iteration of epoch 40/50] 
 {loss} cls : 0.001, total : 0.001 
 {acc} cls : 100.00
[301/395 iteration of epoch 40/50] 
 {loss} cls : 0.004, total : 0.004 
 {acc} cls : 100.00
[331/395 iteration of epoch 40/50] 
 {loss} cls : 0.000, total : 0.000 
 {acc} cls : 100.00
[361/395 iteration of epoch 40/50] 
 {loss} cls : 0.000, total : 0.000 
 {acc} cls : 100.00
[391/395 iteration of epoch 40/50] 
 {loss} cls : 0.000, total : 0.000 
 {acc} cls : 100.00
------------------------------
<Losses on train> cls : 0.004, total : 0.004
<Accuracies on train> cls : 99.90
Train epoch time: 72.751
------------------------------
<Accuracies on val> class : 95.78
------------------------------
<Accuracies on test> class : 77.49
------------------------------
Total epoch time: 132.447

New epoch - lr: 0.0001
[1/395 iteration of epoch 41/50] 
 {loss} cls : 0.001, total : 0.001 
 {acc} cls : 100.00
[31/395 iteration of epoch 41/50] 
 {loss} cls : 0.000, total : 0.000 
 {acc} cls : 100.00
[61/395 iteration of epoch 41/50] 
 {loss} cls : 0.016, total : 0.016 
 {acc} cls : 100.00
[91/395 iteration of epoch 41/50] 
 {loss} cls : 0.002, total : 0.002 
 {acc} cls : 100.00
[121/395 iteration of epoch 41/50] 
 {loss} cls : 0.001, total : 0.001 
 {acc} cls : 100.00
[151/395 iteration of epoch 41/50] 
 {loss} cls : 0.002, total : 0.002 
 {acc} cls : 100.00
[181/395 iteration of epoch 41/50] 
 {loss} cls : 0.005, total : 0.005 
 {acc} cls : 100.00
[211/395 iteration of epoch 41/50] 
 {loss} cls : 0.000, total : 0.000 
 {acc} cls : 100.00
[241/395 iteration of epoch 41/50] 
 {loss} cls : 0.002, total : 0.002 
 {acc} cls : 100.00
[271/395 iteration of epoch 41/50] 
 {loss} cls : 0.006, total : 0.006 
 {acc} cls : 100.00
[301/395 iteration of epoch 41/50] 
 {loss} cls : 0.000, total : 0.000 
 {acc} cls : 100.00
[331/395 iteration of epoch 41/50] 
 {loss} cls : 0.000, total : 0.000 
 {acc} cls : 100.00
[361/395 iteration of epoch 41/50] 
 {loss} cls : 0.001, total : 0.001 
 {acc} cls : 100.00
[391/395 iteration of epoch 41/50] 
 {loss} cls : 0.000, total : 0.000 
 {acc} cls : 100.00
------------------------------
<Losses on train> cls : 0.004, total : 0.004
<Accuracies on train> cls : 99.92
Train epoch time: 72.652
------------------------------
<Accuracies on val> class : 95.78
------------------------------
<Accuracies on test> class : 77.26
------------------------------
Total epoch time: 132.864

New epoch - lr: 0.0001
[1/395 iteration of epoch 42/50] 
 {loss} cls : 0.002, total : 0.002 
 {acc} cls : 100.00
[31/395 iteration of epoch 42/50] 
 {loss} cls : 0.001, total : 0.001 
 {acc} cls : 100.00
[61/395 iteration of epoch 42/50] 
 {loss} cls : 0.004, total : 0.004 
 {acc} cls : 100.00
[91/395 iteration of epoch 42/50] 
 {loss} cls : 0.010, total : 0.010 
 {acc} cls : 100.00
[121/395 iteration of epoch 42/50] 
 {loss} cls : 0.000, total : 0.000 
 {acc} cls : 100.00
[151/395 iteration of epoch 42/50] 
 {loss} cls : 0.001, total : 0.001 
 {acc} cls : 100.00
[181/395 iteration of epoch 42/50] 
 {loss} cls : 0.000, total : 0.000 
 {acc} cls : 100.00
[211/395 iteration of epoch 42/50] 
 {loss} cls : 0.001, total : 0.001 
 {acc} cls : 100.00
[241/395 iteration of epoch 42/50] 
 {loss} cls : 0.001, total : 0.001 
 {acc} cls : 100.00
[271/395 iteration of epoch 42/50] 
 {loss} cls : 0.000, total : 0.000 
 {acc} cls : 100.00
[301/395 iteration of epoch 42/50] 
 {loss} cls : 0.000, total : 0.000 
 {acc} cls : 100.00
[331/395 iteration of epoch 42/50] 
 {loss} cls : 0.000, total : 0.000 
 {acc} cls : 100.00
[361/395 iteration of epoch 42/50] 
 {loss} cls : 0.000, total : 0.000 
 {acc} cls : 100.00
[391/395 iteration of epoch 42/50] 
 {loss} cls : 0.000, total : 0.000 
 {acc} cls : 100.00
------------------------------
<Losses on train> cls : 0.004, total : 0.004
<Accuracies on train> cls : 99.91
Train epoch time: 74.164
------------------------------
<Accuracies on val> class : 96.20
------------------------------
<Accuracies on test> class : 77.77
------------------------------
Total epoch time: 127.310

New epoch - lr: 0.0001
[1/395 iteration of epoch 43/50] 
 {loss} cls : 0.001, total : 0.001 
 {acc} cls : 100.00
[31/395 iteration of epoch 43/50] 
 {loss} cls : 0.001, total : 0.001 
 {acc} cls : 100.00
[61/395 iteration of epoch 43/50] 
 {loss} cls : 0.001, total : 0.001 
 {acc} cls : 100.00
[91/395 iteration of epoch 43/50] 
 {loss} cls : 0.000, total : 0.000 
 {acc} cls : 100.00
[121/395 iteration of epoch 43/50] 
 {loss} cls : 0.004, total : 0.004 
 {acc} cls : 100.00
[151/395 iteration of epoch 43/50] 
 {loss} cls : 0.001, total : 0.001 
 {acc} cls : 100.00
[181/395 iteration of epoch 43/50] 
 {loss} cls : 0.000, total : 0.000 
 {acc} cls : 100.00
[211/395 iteration of epoch 43/50] 
 {loss} cls : 0.000, total : 0.000 
 {acc} cls : 100.00
[241/395 iteration of epoch 43/50] 
 {loss} cls : 0.000, total : 0.000 
 {acc} cls : 100.00
[271/395 iteration of epoch 43/50] 
 {loss} cls : 0.000, total : 0.000 
 {acc} cls : 100.00
[301/395 iteration of epoch 43/50] 
 {loss} cls : 0.000, total : 0.000 
 {acc} cls : 100.00
[331/395 iteration of epoch 43/50] 
 {loss} cls : 0.001, total : 0.001 
 {acc} cls : 100.00
[361/395 iteration of epoch 43/50] 
 {loss} cls : 0.000, total : 0.000 
 {acc} cls : 100.00
[391/395 iteration of epoch 43/50] 
 {loss} cls : 0.001, total : 0.001 
 {acc} cls : 100.00
------------------------------
<Losses on train> cls : 0.003, total : 0.003
<Accuracies on train> cls : 99.94
Train epoch time: 74.483
------------------------------
<Accuracies on val> class : 96.20
------------------------------
<Accuracies on test> class : 78.12
------------------------------
Total epoch time: 120.105

New epoch - lr: 0.0001
[1/395 iteration of epoch 44/50] 
 {loss} cls : 0.005, total : 0.005 
 {acc} cls : 100.00
[31/395 iteration of epoch 44/50] 
 {loss} cls : 0.013, total : 0.013 
 {acc} cls : 100.00
[61/395 iteration of epoch 44/50] 
 {loss} cls : 0.000, total : 0.000 
 {acc} cls : 100.00
[91/395 iteration of epoch 44/50] 
 {loss} cls : 0.003, total : 0.003 
 {acc} cls : 100.00
[121/395 iteration of epoch 44/50] 
 {loss} cls : 0.000, total : 0.000 
 {acc} cls : 100.00
[151/395 iteration of epoch 44/50] 
 {loss} cls : 0.001, total : 0.001 
 {acc} cls : 100.00
[181/395 iteration of epoch 44/50] 
 {loss} cls : 0.000, total : 0.000 
 {acc} cls : 100.00
[211/395 iteration of epoch 44/50] 
 {loss} cls : 0.017, total : 0.017 
 {acc} cls : 100.00
[241/395 iteration of epoch 44/50] 
 {loss} cls : 0.000, total : 0.000 
 {acc} cls : 100.00
[271/395 iteration of epoch 44/50] 
 {loss} cls : 0.000, total : 0.000 
 {acc} cls : 100.00
[301/395 iteration of epoch 44/50] 
 {loss} cls : 0.001, total : 0.001 
 {acc} cls : 100.00
[331/395 iteration of epoch 44/50] 
 {loss} cls : 0.000, total : 0.000 
 {acc} cls : 100.00
[361/395 iteration of epoch 44/50] 
 {loss} cls : 0.000, total : 0.000 
 {acc} cls : 100.00
[391/395 iteration of epoch 44/50] 
 {loss} cls : 0.000, total : 0.000 
 {acc} cls : 100.00
------------------------------
<Losses on train> cls : 0.003, total : 0.003
<Accuracies on train> cls : 99.93
Train epoch time: 82.031
------------------------------
<Accuracies on val> class : 96.20
------------------------------
<Accuracies on test> class : 78.08
------------------------------
Total epoch time: 130.691

New epoch - lr: 0.0001
[1/395 iteration of epoch 45/50] 
 {loss} cls : 0.001, total : 0.001 
 {acc} cls : 100.00
[31/395 iteration of epoch 45/50] 
 {loss} cls : 0.001, total : 0.001 
 {acc} cls : 100.00
[61/395 iteration of epoch 45/50] 
 {loss} cls : 0.000, total : 0.000 
 {acc} cls : 100.00
[91/395 iteration of epoch 45/50] 
 {loss} cls : 0.000, total : 0.000 
 {acc} cls : 100.00
[121/395 iteration of epoch 45/50] 
 {loss} cls : 0.000, total : 0.000 
 {acc} cls : 100.00
[151/395 iteration of epoch 45/50] 
 {loss} cls : 0.000, total : 0.000 
 {acc} cls : 100.00
[181/395 iteration of epoch 45/50] 
 {loss} cls : 0.003, total : 0.003 
 {acc} cls : 100.00
[211/395 iteration of epoch 45/50] 
 {loss} cls : 0.003, total : 0.003 
 {acc} cls : 100.00
[241/395 iteration of epoch 45/50] 
 {loss} cls : 0.003, total : 0.003 
 {acc} cls : 100.00
[271/395 iteration of epoch 45/50] 
 {loss} cls : 0.002, total : 0.002 
 {acc} cls : 100.00
[301/395 iteration of epoch 45/50] 
 {loss} cls : 0.000, total : 0.000 
 {acc} cls : 100.00
[331/395 iteration of epoch 45/50] 
 {loss} cls : 0.003, total : 0.003 
 {acc} cls : 100.00
[361/395 iteration of epoch 45/50] 
 {loss} cls : 0.000, total : 0.000 
 {acc} cls : 100.00
[391/395 iteration of epoch 45/50] 
 {loss} cls : 0.003, total : 0.003 
 {acc} cls : 100.00
------------------------------
<Losses on train> cls : 0.003, total : 0.003
<Accuracies on train> cls : 99.95
Train epoch time: 70.325
------------------------------
<Accuracies on val> class : 96.62
------------------------------
<Accuracies on test> class : 77.69
------------------------------
Total epoch time: 120.051

New epoch - lr: 0.0001
[1/395 iteration of epoch 46/50] 
 {loss} cls : 0.011, total : 0.011 
 {acc} cls : 100.00
[31/395 iteration of epoch 46/50] 
 {loss} cls : 0.001, total : 0.001 
 {acc} cls : 100.00
[61/395 iteration of epoch 46/50] 
 {loss} cls : 0.001, total : 0.001 
 {acc} cls : 100.00
[91/395 iteration of epoch 46/50] 
 {loss} cls : 0.001, total : 0.001 
 {acc} cls : 100.00
[121/395 iteration of epoch 46/50] 
 {loss} cls : 0.000, total : 0.000 
 {acc} cls : 100.00
[151/395 iteration of epoch 46/50] 
 {loss} cls : 0.000, total : 0.000 
 {acc} cls : 100.00
[181/395 iteration of epoch 46/50] 
 {loss} cls : 0.018, total : 0.018 
 {acc} cls : 100.00
[211/395 iteration of epoch 46/50] 
 {loss} cls : 0.002, total : 0.002 
 {acc} cls : 100.00
[241/395 iteration of epoch 46/50] 
 {loss} cls : 0.001, total : 0.001 
 {acc} cls : 100.00
[271/395 iteration of epoch 46/50] 
 {loss} cls : 0.001, total : 0.001 
 {acc} cls : 100.00
[301/395 iteration of epoch 46/50] 
 {loss} cls : 0.001, total : 0.001 
 {acc} cls : 100.00
[331/395 iteration of epoch 46/50] 
 {loss} cls : 0.069, total : 0.069 
 {acc} cls : 96.88
[361/395 iteration of epoch 46/50] 
 {loss} cls : 0.001, total : 0.001 
 {acc} cls : 100.00
[391/395 iteration of epoch 46/50] 
 {loss} cls : 0.000, total : 0.000 
 {acc} cls : 100.00
------------------------------
<Losses on train> cls : 0.003, total : 0.003
<Accuracies on train> cls : 99.95
Train epoch time: 64.407
------------------------------
<Accuracies on val> class : 96.20
------------------------------
<Accuracies on test> class : 78.21
------------------------------
Total epoch time: 112.999

New epoch - lr: 0.0001
[1/395 iteration of epoch 47/50] 
 {loss} cls : 0.000, total : 0.000 
 {acc} cls : 100.00
[31/395 iteration of epoch 47/50] 
 {loss} cls : 0.001, total : 0.001 
 {acc} cls : 100.00
[61/395 iteration of epoch 47/50] 
 {loss} cls : 0.010, total : 0.010 
 {acc} cls : 100.00
[91/395 iteration of epoch 47/50] 
 {loss} cls : 0.000, total : 0.000 
 {acc} cls : 100.00
[121/395 iteration of epoch 47/50] 
 {loss} cls : 0.000, total : 0.000 
 {acc} cls : 100.00
[151/395 iteration of epoch 47/50] 
 {loss} cls : 0.001, total : 0.001 
 {acc} cls : 100.00
[181/395 iteration of epoch 47/50] 
 {loss} cls : 0.000, total : 0.000 
 {acc} cls : 100.00
[211/395 iteration of epoch 47/50] 
 {loss} cls : 0.000, total : 0.000 
 {acc} cls : 100.00
[241/395 iteration of epoch 47/50] 
 {loss} cls : 0.000, total : 0.000 
 {acc} cls : 100.00
[271/395 iteration of epoch 47/50] 
 {loss} cls : 0.002, total : 0.002 
 {acc} cls : 100.00
[301/395 iteration of epoch 47/50] 
 {loss} cls : 0.004, total : 0.004 
 {acc} cls : 100.00
[331/395 iteration of epoch 47/50] 
 {loss} cls : 0.001, total : 0.001 
 {acc} cls : 100.00
[361/395 iteration of epoch 47/50] 
 {loss} cls : 0.036, total : 0.036 
 {acc} cls : 100.00
[391/395 iteration of epoch 47/50] 
 {loss} cls : 0.000, total : 0.000 
 {acc} cls : 100.00
------------------------------
<Losses on train> cls : 0.003, total : 0.003
<Accuracies on train> cls : 99.94
Train epoch time: 69.461
------------------------------
<Accuracies on val> class : 96.20
------------------------------
<Accuracies on test> class : 78.68
------------------------------
Total epoch time: 115.288

New epoch - lr: 0.0001
[1/395 iteration of epoch 48/50] 
 {loss} cls : 0.000, total : 0.000 
 {acc} cls : 100.00
[31/395 iteration of epoch 48/50] 
 {loss} cls : 0.004, total : 0.004 
 {acc} cls : 100.00
[61/395 iteration of epoch 48/50] 
 {loss} cls : 0.000, total : 0.000 
 {acc} cls : 100.00
[91/395 iteration of epoch 48/50] 
 {loss} cls : 0.010, total : 0.010 
 {acc} cls : 100.00
[121/395 iteration of epoch 48/50] 
 {loss} cls : 0.000, total : 0.000 
 {acc} cls : 100.00
[151/395 iteration of epoch 48/50] 
 {loss} cls : 0.000, total : 0.000 
 {acc} cls : 100.00
[181/395 iteration of epoch 48/50] 
 {loss} cls : 0.000, total : 0.000 
 {acc} cls : 100.00
[211/395 iteration of epoch 48/50] 
 {loss} cls : 0.000, total : 0.000 
 {acc} cls : 100.00
[241/395 iteration of epoch 48/50] 
 {loss} cls : 0.000, total : 0.000 
 {acc} cls : 100.00
[271/395 iteration of epoch 48/50] 
 {loss} cls : 0.000, total : 0.000 
 {acc} cls : 100.00
[301/395 iteration of epoch 48/50] 
 {loss} cls : 0.000, total : 0.000 
 {acc} cls : 100.00
[331/395 iteration of epoch 48/50] 
 {loss} cls : 0.000, total : 0.000 
 {acc} cls : 100.00
[361/395 iteration of epoch 48/50] 
 {loss} cls : 0.000, total : 0.000 
 {acc} cls : 100.00
[391/395 iteration of epoch 48/50] 
 {loss} cls : 0.000, total : 0.000 
 {acc} cls : 100.00
------------------------------
<Losses on train> cls : 0.003, total : 0.003
<Accuracies on train> cls : 99.92
Train epoch time: 70.973
------------------------------
<Accuracies on val> class : 97.05
------------------------------
<Accuracies on test> class : 77.06
------------------------------
Total epoch time: 116.178

New epoch - lr: 0.0001
[1/395 iteration of epoch 49/50] 
 {loss} cls : 0.000, total : 0.000 
 {acc} cls : 100.00
[31/395 iteration of epoch 49/50] 
 {loss} cls : 0.000, total : 0.000 
 {acc} cls : 100.00
[61/395 iteration of epoch 49/50] 
 {loss} cls : 0.000, total : 0.000 
 {acc} cls : 100.00
[91/395 iteration of epoch 49/50] 
 {loss} cls : 0.000, total : 0.000 
 {acc} cls : 100.00
[121/395 iteration of epoch 49/50] 
 {loss} cls : 0.004, total : 0.004 
 {acc} cls : 100.00
[151/395 iteration of epoch 49/50] 
 {loss} cls : 0.001, total : 0.001 
 {acc} cls : 100.00
[181/395 iteration of epoch 49/50] 
 {loss} cls : 0.003, total : 0.003 
 {acc} cls : 100.00
[211/395 iteration of epoch 49/50] 
 {loss} cls : 0.008, total : 0.008 
 {acc} cls : 100.00
[241/395 iteration of epoch 49/50] 
 {loss} cls : 0.000, total : 0.000 
 {acc} cls : 100.00
[271/395 iteration of epoch 49/50] 
 {loss} cls : 0.001, total : 0.001 
 {acc} cls : 100.00
[301/395 iteration of epoch 49/50] 
 {loss} cls : 0.000, total : 0.000 
 {acc} cls : 100.00
[331/395 iteration of epoch 49/50] 
 {loss} cls : 0.006, total : 0.006 
 {acc} cls : 100.00
[361/395 iteration of epoch 49/50] 
 {loss} cls : 0.002, total : 0.002 
 {acc} cls : 100.00
[391/395 iteration of epoch 49/50] 
 {loss} cls : 0.000, total : 0.000 
 {acc} cls : 100.00
------------------------------
<Losses on train> cls : 0.002, total : 0.002
<Accuracies on train> cls : 99.98
Train epoch time: 75.370
------------------------------
<Accuracies on val> class : 95.78
------------------------------
<Accuracies on test> class : 78.53
------------------------------
Total epoch time: 116.329

New epoch - lr: 0.0001
[1/395 iteration of epoch 50/50] 
 {loss} cls : 0.001, total : 0.001 
 {acc} cls : 100.00
[31/395 iteration of epoch 50/50] 
 {loss} cls : 0.001, total : 0.001 
 {acc} cls : 100.00
[61/395 iteration of epoch 50/50] 
 {loss} cls : 0.000, total : 0.000 
 {acc} cls : 100.00
[91/395 iteration of epoch 50/50] 
 {loss} cls : 0.001, total : 0.001 
 {acc} cls : 100.00
[121/395 iteration of epoch 50/50] 
 {loss} cls : 0.004, total : 0.004 
 {acc} cls : 100.00
[151/395 iteration of epoch 50/50] 
 {loss} cls : 0.001, total : 0.001 
 {acc} cls : 100.00
[181/395 iteration of epoch 50/50] 
 {loss} cls : 0.001, total : 0.001 
 {acc} cls : 100.00
[211/395 iteration of epoch 50/50] 
 {loss} cls : 0.000, total : 0.000 
 {acc} cls : 100.00
[241/395 iteration of epoch 50/50] 
 {loss} cls : 0.002, total : 0.002 
 {acc} cls : 100.00
[271/395 iteration of epoch 50/50] 
 {loss} cls : 0.014, total : 0.014 
 {acc} cls : 100.00
[301/395 iteration of epoch 50/50] 
 {loss} cls : 0.000, total : 0.000 
 {acc} cls : 100.00
[331/395 iteration of epoch 50/50] 
 {loss} cls : 0.000, total : 0.000 
 {acc} cls : 100.00
[361/395 iteration of epoch 50/50] 
 {loss} cls : 0.018, total : 0.018 
 {acc} cls : 100.00
[391/395 iteration of epoch 50/50] 
 {loss} cls : 0.000, total : 0.000 
 {acc} cls : 100.00
------------------------------
<Losses on train> cls : 0.002, total : 0.002
<Accuracies on train> cls : 99.97
Train epoch time: 68.761
------------------------------
<Accuracies on val> class : 96.20
------------------------------
<Accuracies on test> class : 76.75
------------------------------
Total epoch time: 104.642

******************************
Best val 0.970464, corresponding test 0.770629 - best test: 0.795214
