
Loading experiment PACS/ResNet18_step

Sample Strategy: all

New epoch - lr: 0.003
[1/23 iteration of epoch 1/30] 
 {loss} cls : 2.124, total : 2.124 
 {acc} cls : 12.50
------------------------------
<Losses on train> cls : 1.093, total : 1.093
<Accuracies on train> cls : 78.09
Train epoch time: 18.705
------------------------------
<Accuracies on val> class : 98.83
------------------------------
<Accuracies on test> class : 43.29
------------------------------
<Accuracies on cartoon> test class : 43.52
------------------------------
<Accuracies on art_painting> test class : 58.11
------------------------------
<Accuracies on sketch> test class : 35.43
------------------------------
Total epoch time: 50.041

New epoch - lr: 0.003
[1/23 iteration of epoch 2/30] 
 {loss} cls : 0.038, total : 0.038 
 {acc} cls : 99.22
------------------------------
<Losses on train> cls : 0.055, total : 0.055
<Accuracies on train> cls : 98.37
Train epoch time: 16.961
------------------------------
<Accuracies on val> class : 97.08
------------------------------
<Accuracies on test> class : 47.54
------------------------------
<Accuracies on cartoon> test class : 39.72
------------------------------
<Accuracies on art_painting> test class : 65.53
------------------------------
<Accuracies on sketch> test class : 42.84
------------------------------
Total epoch time: 46.205

New epoch - lr: 0.003
[1/23 iteration of epoch 3/30] 
 {loss} cls : 0.029, total : 0.029 
 {acc} cls : 99.22
------------------------------
<Losses on train> cls : 0.025, total : 0.025
<Accuracies on train> cls : 99.15
Train epoch time: 16.793
------------------------------
<Accuracies on val> class : 97.66
------------------------------
<Accuracies on test> class : 50.23
------------------------------
<Accuracies on cartoon> test class : 47.18
------------------------------
<Accuracies on art_painting> test class : 63.82
------------------------------
<Accuracies on sketch> test class : 44.97
------------------------------
Total epoch time: 46.708

New epoch - lr: 0.003
[1/23 iteration of epoch 4/30] 
 {loss} cls : 0.019, total : 0.019 
 {acc} cls : 99.22
------------------------------
<Losses on train> cls : 0.022, total : 0.022
<Accuracies on train> cls : 99.25
Train epoch time: 16.757
------------------------------
<Accuracies on val> class : 98.25
------------------------------
<Accuracies on test> class : 52.82
------------------------------
<Accuracies on cartoon> test class : 49.19
------------------------------
<Accuracies on art_painting> test class : 65.28
------------------------------
<Accuracies on sketch> test class : 48.49
------------------------------
Total epoch time: 48.138

New epoch - lr: 0.003
[1/23 iteration of epoch 5/30] 
 {loss} cls : 0.020, total : 0.020 
 {acc} cls : 99.22
------------------------------
<Losses on train> cls : 0.017, total : 0.017
<Accuracies on train> cls : 99.46
Train epoch time: 16.591
------------------------------
<Accuracies on val> class : 98.83
------------------------------
<Accuracies on test> class : 52.70
------------------------------
<Accuracies on cartoon> test class : 49.45
------------------------------
<Accuracies on art_painting> test class : 66.60
------------------------------
<Accuracies on sketch> test class : 47.39
------------------------------
Total epoch time: 47.614

New epoch - lr: 0.003
[1/23 iteration of epoch 6/30] 
 {loss} cls : 0.015, total : 0.015 
 {acc} cls : 99.22
------------------------------
<Losses on train> cls : 0.010, total : 0.010
<Accuracies on train> cls : 99.63
Train epoch time: 17.900
------------------------------
<Accuracies on val> class : 98.83
------------------------------
<Accuracies on test> class : 49.41
------------------------------
<Accuracies on cartoon> test class : 46.03
------------------------------
<Accuracies on art_painting> test class : 65.28
------------------------------
<Accuracies on sketch> test class : 43.14
------------------------------
Total epoch time: 47.297

New epoch - lr: 0.003
[1/23 iteration of epoch 7/30] 
 {loss} cls : 0.010, total : 0.010 
 {acc} cls : 100.00
------------------------------
<Losses on train> cls : 0.012, total : 0.012
<Accuracies on train> cls : 99.56
Train epoch time: 18.488
------------------------------
<Accuracies on val> class : 99.42
------------------------------
<Accuracies on test> class : 49.99
------------------------------
<Accuracies on cartoon> test class : 44.58
------------------------------
<Accuracies on art_painting> test class : 66.31
------------------------------
<Accuracies on sketch> test class : 44.72
------------------------------
Total epoch time: 49.377

New epoch - lr: 0.003
[1/23 iteration of epoch 8/30] 
 {loss} cls : 0.001, total : 0.001 
 {acc} cls : 100.00
------------------------------
<Losses on train> cls : 0.010, total : 0.010
<Accuracies on train> cls : 99.69
Train epoch time: 17.533
------------------------------
<Accuracies on val> class : 98.25
------------------------------
<Accuracies on test> class : 49.87
------------------------------
<Accuracies on cartoon> test class : 45.65
------------------------------
<Accuracies on art_painting> test class : 65.23
------------------------------
<Accuracies on sketch> test class : 44.39
------------------------------
Total epoch time: 48.599

New epoch - lr: 0.003
[1/23 iteration of epoch 9/30] 
 {loss} cls : 0.004, total : 0.004 
 {acc} cls : 100.00
------------------------------
<Losses on train> cls : 0.012, total : 0.012
<Accuracies on train> cls : 99.52
Train epoch time: 18.201
------------------------------
<Accuracies on val> class : 98.83
------------------------------
<Accuracies on test> class : 49.42
------------------------------
<Accuracies on cartoon> test class : 47.61
------------------------------
<Accuracies on art_painting> test class : 63.82
------------------------------
<Accuracies on sketch> test class : 42.99
------------------------------
Total epoch time: 49.162

New epoch - lr: 0.003
[1/23 iteration of epoch 10/30] 
 {loss} cls : 0.005, total : 0.005 
 {acc} cls : 100.00
------------------------------
<Losses on train> cls : 0.010, total : 0.010
<Accuracies on train> cls : 99.69
Train epoch time: 17.342
------------------------------
<Accuracies on val> class : 98.83
------------------------------
<Accuracies on test> class : 50.78
------------------------------
<Accuracies on cartoon> test class : 47.35
------------------------------
<Accuracies on art_painting> test class : 68.60
------------------------------
<Accuracies on sketch> test class : 43.52
------------------------------
Total epoch time: 49.610

New epoch - lr: 0.003
[1/23 iteration of epoch 11/30] 
 {loss} cls : 0.002, total : 0.002 
 {acc} cls : 100.00
------------------------------
<Losses on train> cls : 0.009, total : 0.009
<Accuracies on train> cls : 99.76
Train epoch time: 16.551
------------------------------
<Accuracies on val> class : 98.83
------------------------------
<Accuracies on test> class : 52.15
------------------------------
<Accuracies on cartoon> test class : 43.34
------------------------------
<Accuracies on art_painting> test class : 67.72
------------------------------
<Accuracies on sketch> test class : 49.27
------------------------------
Total epoch time: 50.259

New epoch - lr: 0.003
[1/23 iteration of epoch 12/30] 
 {loss} cls : 0.002, total : 0.002 
 {acc} cls : 100.00
------------------------------
<Losses on train> cls : 0.008, total : 0.008
<Accuracies on train> cls : 99.80
Train epoch time: 15.924
------------------------------
<Accuracies on val> class : 100.00
------------------------------
<Accuracies on test> class : 52.01
------------------------------
<Accuracies on cartoon> test class : 44.84
------------------------------
<Accuracies on art_painting> test class : 68.60
------------------------------
<Accuracies on sketch> test class : 47.65
------------------------------
Total epoch time: 49.827

New epoch - lr: 0.003
[1/23 iteration of epoch 13/30] 
 {loss} cls : 0.003, total : 0.003 
 {acc} cls : 100.00
------------------------------
<Losses on train> cls : 0.004, total : 0.004
<Accuracies on train> cls : 99.90
Train epoch time: 16.790
------------------------------
<Accuracies on val> class : 99.42
------------------------------
<Accuracies on test> class : 52.69
------------------------------
<Accuracies on cartoon> test class : 45.14
------------------------------
<Accuracies on art_painting> test class : 68.65
------------------------------
<Accuracies on sketch> test class : 48.87
------------------------------
Total epoch time: 48.901

New epoch - lr: 0.003
[1/23 iteration of epoch 14/30] 
 {loss} cls : 0.003, total : 0.003 
 {acc} cls : 100.00
------------------------------
<Losses on train> cls : 0.005, total : 0.005
<Accuracies on train> cls : 99.80
Train epoch time: 17.523
------------------------------
<Accuracies on val> class : 98.83
------------------------------
<Accuracies on test> class : 52.81
------------------------------
<Accuracies on cartoon> test class : 44.16
------------------------------
<Accuracies on art_painting> test class : 68.12
------------------------------
<Accuracies on sketch> test class : 49.99
------------------------------
Total epoch time: 49.065

New epoch - lr: 0.003
[1/23 iteration of epoch 15/30] 
 {loss} cls : 0.000, total : 0.000 
 {acc} cls : 100.00
------------------------------
<Losses on train> cls : 0.004, total : 0.004
<Accuracies on train> cls : 99.93
Train epoch time: 17.730
------------------------------
<Accuracies on val> class : 99.42
------------------------------
<Accuracies on test> class : 52.41
------------------------------
<Accuracies on cartoon> test class : 44.75
------------------------------
<Accuracies on art_painting> test class : 68.99
------------------------------
<Accuracies on sketch> test class : 48.33
------------------------------
Total epoch time: 49.447

New epoch - lr: 0.003
[1/23 iteration of epoch 16/30] 
 {loss} cls : 0.005, total : 0.005 
 {acc} cls : 100.00
------------------------------
<Losses on train> cls : 0.004, total : 0.004
<Accuracies on train> cls : 99.90
Train epoch time: 17.196
------------------------------
<Accuracies on val> class : 98.83
------------------------------
<Accuracies on test> class : 53.78
------------------------------
<Accuracies on cartoon> test class : 43.56
------------------------------
<Accuracies on art_painting> test class : 67.63
------------------------------
<Accuracies on sketch> test class : 52.66
------------------------------
Total epoch time: 49.575

New epoch - lr: 0.003
[1/23 iteration of epoch 17/30] 
 {loss} cls : 0.004, total : 0.004 
 {acc} cls : 100.00
------------------------------
<Losses on train> cls : 0.005, total : 0.005
<Accuracies on train> cls : 99.83
Train epoch time: 17.189
------------------------------
<Accuracies on val> class : 98.83
------------------------------
<Accuracies on test> class : 54.97
------------------------------
<Accuracies on cartoon> test class : 43.00
------------------------------
<Accuracies on art_painting> test class : 67.38
------------------------------
<Accuracies on sketch> test class : 55.64
------------------------------
Total epoch time: 50.021

New epoch - lr: 0.003
[1/23 iteration of epoch 18/30] 
 {loss} cls : 0.001, total : 0.001 
 {acc} cls : 100.00
------------------------------
<Losses on train> cls : 0.003, total : 0.003
<Accuracies on train> cls : 99.90
Train epoch time: 17.257
------------------------------
<Accuracies on val> class : 98.25
------------------------------
<Accuracies on test> class : 53.82
------------------------------
<Accuracies on cartoon> test class : 43.34
------------------------------
<Accuracies on art_painting> test class : 68.46
------------------------------
<Accuracies on sketch> test class : 52.43
------------------------------
Total epoch time: 49.667

New epoch - lr: 0.003
[1/23 iteration of epoch 19/30] 
 {loss} cls : 0.001, total : 0.001 
 {acc} cls : 100.00
------------------------------
<Losses on train> cls : 0.003, total : 0.003
<Accuracies on train> cls : 99.90
Train epoch time: 17.894
------------------------------
<Accuracies on val> class : 98.83
------------------------------
<Accuracies on test> class : 53.08
------------------------------
<Accuracies on cartoon> test class : 44.03
------------------------------
<Accuracies on art_painting> test class : 67.97
------------------------------
<Accuracies on sketch> test class : 50.73
------------------------------
Total epoch time: 49.076

New epoch - lr: 0.003
[1/23 iteration of epoch 20/30] 
 {loss} cls : 0.001, total : 0.001 
 {acc} cls : 100.00
------------------------------
<Losses on train> cls : 0.002, total : 0.002
<Accuracies on train> cls : 100.00
Train epoch time: 18.940
------------------------------
<Accuracies on val> class : 99.42
------------------------------
<Accuracies on test> class : 54.79
------------------------------
<Accuracies on cartoon> test class : 45.39
------------------------------
<Accuracies on art_painting> test class : 68.41
------------------------------
<Accuracies on sketch> test class : 53.30
------------------------------
Total epoch time: 49.206

New epoch - lr: 0.003
[1/23 iteration of epoch 21/30] 
 {loss} cls : 0.001, total : 0.001 
 {acc} cls : 100.00
------------------------------
<Losses on train> cls : 0.003, total : 0.003
<Accuracies on train> cls : 99.93
Train epoch time: 19.190
------------------------------
<Accuracies on val> class : 99.42
------------------------------
<Accuracies on test> class : 53.64
------------------------------
<Accuracies on cartoon> test class : 45.39
------------------------------
<Accuracies on art_painting> test class : 69.09
------------------------------
<Accuracies on sketch> test class : 50.50
------------------------------
Total epoch time: 48.772

New epoch - lr: 0.003
[1/23 iteration of epoch 22/30] 
 {loss} cls : 0.001, total : 0.001 
 {acc} cls : 100.00
------------------------------
<Losses on train> cls : 0.005, total : 0.005
<Accuracies on train> cls : 99.80
Train epoch time: 19.311
------------------------------
<Accuracies on val> class : 99.42
------------------------------
<Accuracies on test> class : 53.86
------------------------------
<Accuracies on cartoon> test class : 46.29
------------------------------
<Accuracies on art_painting> test class : 68.75
------------------------------
<Accuracies on sketch> test class : 50.62
------------------------------
Total epoch time: 49.697

New epoch - lr: 0.003
[1/23 iteration of epoch 23/30] 
 {loss} cls : 0.000, total : 0.000 
 {acc} cls : 100.00
------------------------------
<Losses on train> cls : 0.003, total : 0.003
<Accuracies on train> cls : 99.97
Train epoch time: 18.922
------------------------------
<Accuracies on val> class : 99.42
------------------------------
<Accuracies on test> class : 53.70
------------------------------
<Accuracies on cartoon> test class : 45.39
------------------------------
<Accuracies on art_painting> test class : 67.68
------------------------------
<Accuracies on sketch> test class : 51.36
------------------------------
Total epoch time: 49.544

New epoch - lr: 0.003
[1/23 iteration of epoch 24/30] 
 {loss} cls : 0.003, total : 0.003 
 {acc} cls : 100.00
------------------------------
<Losses on train> cls : 0.003, total : 0.003
<Accuracies on train> cls : 99.97
Train epoch time: 18.345
------------------------------
<Accuracies on val> class : 99.42
------------------------------
<Accuracies on test> class : 55.15
------------------------------
<Accuracies on cartoon> test class : 45.99
------------------------------
<Accuracies on art_painting> test class : 69.73
------------------------------
<Accuracies on sketch> test class : 53.02
------------------------------
Total epoch time: 49.574

New epoch - lr: 0.003
[1/23 iteration of epoch 25/30] 
 {loss} cls : 0.002, total : 0.002 
 {acc} cls : 100.00
------------------------------
<Losses on train> cls : 0.004, total : 0.004
<Accuracies on train> cls : 99.86
Train epoch time: 18.045
------------------------------
<Accuracies on val> class : 98.83
------------------------------
<Accuracies on test> class : 56.28
------------------------------
<Accuracies on cartoon> test class : 47.35
------------------------------
<Accuracies on art_painting> test class : 68.80
------------------------------
<Accuracies on sketch> test class : 55.08
------------------------------
Total epoch time: 49.552

New epoch - lr: 0.003
[1/23 iteration of epoch 26/30] 
 {loss} cls : 0.000, total : 0.000 
 {acc} cls : 100.00
------------------------------
<Losses on train> cls : 0.002, total : 0.002
<Accuracies on train> cls : 100.00
Train epoch time: 18.811
------------------------------
<Accuracies on val> class : 99.42
------------------------------
<Accuracies on test> class : 55.27
------------------------------
<Accuracies on cartoon> test class : 46.42
------------------------------
<Accuracies on art_painting> test class : 69.14
------------------------------
<Accuracies on sketch> test class : 53.32
------------------------------
Total epoch time: 49.420

New epoch - lr: 0.0009000000000000002
[1/23 iteration of epoch 27/30] 
 {loss} cls : 0.001, total : 0.001 
 {acc} cls : 100.00
------------------------------
<Losses on train> cls : 0.002, total : 0.002
<Accuracies on train> cls : 99.90
Train epoch time: 17.919
------------------------------
<Accuracies on val> class : 99.42
------------------------------
<Accuracies on test> class : 55.26
------------------------------
<Accuracies on cartoon> test class : 46.76
------------------------------
<Accuracies on art_painting> test class : 68.99
------------------------------
<Accuracies on sketch> test class : 53.17
------------------------------
Total epoch time: 48.625

New epoch - lr: 0.0009000000000000002
[1/23 iteration of epoch 28/30] 
 {loss} cls : 0.002, total : 0.002 
 {acc} cls : 100.00
------------------------------
<Losses on train> cls : 0.001, total : 0.001
<Accuracies on train> cls : 100.00
Train epoch time: 18.564
------------------------------
<Accuracies on val> class : 99.42
------------------------------
<Accuracies on test> class : 54.95
------------------------------
<Accuracies on cartoon> test class : 46.93
------------------------------
<Accuracies on art_painting> test class : 68.85
------------------------------
<Accuracies on sketch> test class : 52.48
------------------------------
Total epoch time: 49.283

New epoch - lr: 0.0009000000000000002
[1/23 iteration of epoch 29/30] 
 {loss} cls : 0.000, total : 0.000 
 {acc} cls : 100.00
------------------------------
<Losses on train> cls : 0.002, total : 0.002
<Accuracies on train> cls : 99.93
Train epoch time: 18.660
------------------------------
<Accuracies on val> class : 99.42
------------------------------
<Accuracies on test> class : 54.46
------------------------------
<Accuracies on cartoon> test class : 46.42
------------------------------
<Accuracies on art_painting> test class : 69.29
------------------------------
<Accuracies on sketch> test class : 51.54
------------------------------
Total epoch time: 50.028

New epoch - lr: 0.0009000000000000002
[1/23 iteration of epoch 30/30] 
 {loss} cls : 0.000, total : 0.000 
 {acc} cls : 100.00
------------------------------
<Losses on train> cls : 0.003, total : 0.003
<Accuracies on train> cls : 99.86
Train epoch time: 17.969
------------------------------
<Accuracies on val> class : 98.25
------------------------------
<Accuracies on test> class : 54.43
------------------------------
<Accuracies on cartoon> test class : 46.37
------------------------------
<Accuracies on art_painting> test class : 67.87
------------------------------
<Accuracies on sketch> test class : 52.23
------------------------------
Total epoch time: 49.969

******************************
Best val 1, corresponding test 0.52013 - best test: 0.562793

******************************
Best val 1.0, corresponding cartoon test 0.4483788311481476

******************************
Best val 1.0, corresponding art_painting test 0.68603515625

******************************
Best val 1.0, corresponding sketch test 0.4764571189880371
