
Loading experiment PACS/ResNet18_step

Sample Strategy: all

New epoch - lr: 0.003
[1/32 iteration of epoch 1/30] 
 {loss} cls : 2.024, fac : 1.017, total : 3.041 
 {acc} cls : 15.62
[31/32 iteration of epoch 1/30] 
 {loss} cls : 0.367, fac : 0.715, total : 1.082 
 {acc} cls : 89.84
------------------------------
<Losses on train> cls : 1.087, fac : 0.898, total : 1.985
<Accuracies on train> cls : 69.90
Train epoch time: 20.229
------------------------------
<Accuracies on val> class : 87.76
------------------------------
<Accuracies on test> class : 71.51
------------------------------
<Accuracies on photo> test class : 83.41
------------------------------
<Accuracies on art_painting> test class : 70.41
------------------------------
<Accuracies on sketch> test class : 67.01
------------------------------
Total epoch time: 41.841

New epoch - lr: 0.003
[1/32 iteration of epoch 2/30] 
 {loss} cls : 0.330, fac : 0.706, total : 1.036 
 {acc} cls : 91.41
[31/32 iteration of epoch 2/30] 
 {loss} cls : 0.257, fac : 0.417, total : 0.674 
 {acc} cls : 91.41
------------------------------
<Losses on train> cls : 0.253, fac : 0.541, total : 0.794
<Accuracies on train> cls : 91.53
Train epoch time: 19.832
------------------------------
<Accuracies on val> class : 83.12
------------------------------
<Accuracies on test> class : 66.47
------------------------------
<Accuracies on photo> test class : 87.25
------------------------------
<Accuracies on art_painting> test class : 74.22
------------------------------
<Accuracies on sketch> test class : 53.60
------------------------------
Total epoch time: 41.486

New epoch - lr: 0.003
[1/32 iteration of epoch 3/30] 
 {loss} cls : 0.201, fac : 0.358, total : 0.560 
 {acc} cls : 92.97
[31/32 iteration of epoch 3/30] 
 {loss} cls : 0.107, fac : 0.249, total : 0.356 
 {acc} cls : 96.09
------------------------------
<Losses on train> cls : 0.208, fac : 0.313, total : 0.521
<Accuracies on train> cls : 93.07
Train epoch time: 19.383
------------------------------
<Accuracies on val> class : 91.98
------------------------------
<Accuracies on test> class : 67.77
------------------------------
<Accuracies on photo> test class : 84.91
------------------------------
<Accuracies on art_painting> test class : 72.95
------------------------------
<Accuracies on sketch> test class : 57.78
------------------------------
Total epoch time: 41.184

New epoch - lr: 0.003
[1/32 iteration of epoch 4/30] 
 {loss} cls : 0.155, fac : 0.229, total : 0.384 
 {acc} cls : 95.31
[31/32 iteration of epoch 4/30] 
 {loss} cls : 0.124, fac : 0.168, total : 0.292 
 {acc} cls : 96.88
------------------------------
<Losses on train> cls : 0.165, fac : 0.198, total : 0.364
<Accuracies on train> cls : 94.90
Train epoch time: 18.149
------------------------------
<Accuracies on val> class : 94.94
------------------------------
<Accuracies on test> class : 71.27
------------------------------
<Accuracies on photo> test class : 86.47
------------------------------
<Accuracies on art_painting> test class : 71.48
------------------------------
<Accuracies on sketch> test class : 64.70
------------------------------
Total epoch time: 41.052

New epoch - lr: 0.003
[1/32 iteration of epoch 5/30] 
 {loss} cls : 0.096, fac : 0.166, total : 0.262 
 {acc} cls : 96.09
[31/32 iteration of epoch 5/30] 
 {loss} cls : 0.121, fac : 0.112, total : 0.233 
 {acc} cls : 96.09
------------------------------
<Losses on train> cls : 0.127, fac : 0.143, total : 0.270
<Accuracies on train> cls : 96.04
Train epoch time: 18.402
------------------------------
<Accuracies on val> class : 94.94
------------------------------
<Accuracies on test> class : 70.22
------------------------------
<Accuracies on photo> test class : 86.47
------------------------------
<Accuracies on art_painting> test class : 70.70
------------------------------
<Accuracies on sketch> test class : 63.07
------------------------------
Total epoch time: 40.959

New epoch - lr: 0.003
[1/32 iteration of epoch 6/30] 
 {loss} cls : 0.078, fac : 0.122, total : 0.200 
 {acc} cls : 98.44
[31/32 iteration of epoch 6/30] 
 {loss} cls : 0.202, fac : 0.117, total : 0.318 
 {acc} cls : 96.09
------------------------------
<Losses on train> cls : 0.120, fac : 0.117, total : 0.237
<Accuracies on train> cls : 96.56
Train epoch time: 18.687
------------------------------
<Accuracies on val> class : 93.67
------------------------------
<Accuracies on test> class : 74.72
------------------------------
<Accuracies on photo> test class : 89.10
------------------------------
<Accuracies on art_painting> test class : 74.27
------------------------------
<Accuracies on sketch> test class : 68.85
------------------------------
Total epoch time: 40.966

New epoch - lr: 0.003
[1/32 iteration of epoch 7/30] 
 {loss} cls : 0.142, fac : 0.091, total : 0.233 
 {acc} cls : 95.31
[31/32 iteration of epoch 7/30] 
 {loss} cls : 0.096, fac : 0.101, total : 0.197 
 {acc} cls : 96.88
------------------------------
<Losses on train> cls : 0.089, fac : 0.097, total : 0.185
<Accuracies on train> cls : 97.41
Train epoch time: 19.306
------------------------------
<Accuracies on val> class : 96.62
------------------------------
<Accuracies on test> class : 75.72
------------------------------
<Accuracies on photo> test class : 87.60
------------------------------
<Accuracies on art_painting> test class : 74.71
------------------------------
<Accuracies on sketch> test class : 71.19
------------------------------
Total epoch time: 42.148

New epoch - lr: 0.003
[1/32 iteration of epoch 8/30] 
 {loss} cls : 0.112, fac : 0.083, total : 0.195 
 {acc} cls : 96.88
[31/32 iteration of epoch 8/30] 
 {loss} cls : 0.083, fac : 0.087, total : 0.170 
 {acc} cls : 96.09
------------------------------
<Losses on train> cls : 0.090, fac : 0.084, total : 0.174
<Accuracies on train> cls : 97.22
Train epoch time: 18.944
------------------------------
<Accuracies on val> class : 95.36
------------------------------
<Accuracies on test> class : 75.65
------------------------------
<Accuracies on photo> test class : 90.18
------------------------------
<Accuracies on art_painting> test class : 77.20
------------------------------
<Accuracies on sketch> test class : 68.67
------------------------------
Total epoch time: 40.284

New epoch - lr: 0.003
[1/32 iteration of epoch 9/30] 
 {loss} cls : 0.088, fac : 0.069, total : 0.157 
 {acc} cls : 98.44
[31/32 iteration of epoch 9/30] 
 {loss} cls : 0.116, fac : 0.079, total : 0.195 
 {acc} cls : 94.53
------------------------------
<Losses on train> cls : 0.073, fac : 0.078, total : 0.150
<Accuracies on train> cls : 97.80
Train epoch time: 18.940
------------------------------
<Accuracies on val> class : 95.78
------------------------------
<Accuracies on test> class : 76.80
------------------------------
<Accuracies on photo> test class : 90.54
------------------------------
<Accuracies on art_painting> test class : 79.05
------------------------------
<Accuracies on sketch> test class : 69.79
------------------------------
Total epoch time: 40.931

New epoch - lr: 0.003
[1/32 iteration of epoch 10/30] 
 {loss} cls : 0.047, fac : 0.074, total : 0.121 
 {acc} cls : 97.66
[31/32 iteration of epoch 10/30] 
 {loss} cls : 0.077, fac : 0.068, total : 0.145 
 {acc} cls : 98.44
------------------------------
<Losses on train> cls : 0.072, fac : 0.069, total : 0.141
<Accuracies on train> cls : 97.95
Train epoch time: 18.455
------------------------------
<Accuracies on val> class : 95.78
------------------------------
<Accuracies on test> class : 78.40
------------------------------
<Accuracies on photo> test class : 90.60
------------------------------
<Accuracies on art_painting> test class : 78.22
------------------------------
<Accuracies on sketch> test class : 73.30
------------------------------
Total epoch time: 40.556

New epoch - lr: 0.003
[1/32 iteration of epoch 11/30] 
 {loss} cls : 0.040, fac : 0.071, total : 0.111 
 {acc} cls : 99.22
[31/32 iteration of epoch 11/30] 
 {loss} cls : 0.011, fac : 0.069, total : 0.079 
 {acc} cls : 100.00
------------------------------
<Losses on train> cls : 0.068, fac : 0.065, total : 0.134
<Accuracies on train> cls : 98.05
Train epoch time: 18.236
------------------------------
<Accuracies on val> class : 96.20
------------------------------
<Accuracies on test> class : 74.96
------------------------------
<Accuracies on photo> test class : 90.42
------------------------------
<Accuracies on art_painting> test class : 78.17
------------------------------
<Accuracies on sketch> test class : 66.71
------------------------------
Total epoch time: 41.160

New epoch - lr: 0.003
[1/32 iteration of epoch 12/30] 
 {loss} cls : 0.025, fac : 0.056, total : 0.081 
 {acc} cls : 100.00
[31/32 iteration of epoch 12/30] 
 {loss} cls : 0.041, fac : 0.054, total : 0.095 
 {acc} cls : 99.22
------------------------------
<Losses on train> cls : 0.069, fac : 0.058, total : 0.127
<Accuracies on train> cls : 98.07
Train epoch time: 17.184
------------------------------
<Accuracies on val> class : 96.62
------------------------------
<Accuracies on test> class : 77.73
------------------------------
<Accuracies on photo> test class : 89.64
------------------------------
<Accuracies on art_painting> test class : 78.42
------------------------------
<Accuracies on sketch> test class : 72.31
------------------------------
Total epoch time: 40.006

New epoch - lr: 0.003
[1/32 iteration of epoch 13/30] 
 {loss} cls : 0.099, fac : 0.063, total : 0.162 
 {acc} cls : 98.44
[31/32 iteration of epoch 13/30] 
 {loss} cls : 0.047, fac : 0.053, total : 0.101 
 {acc} cls : 99.22
------------------------------
<Losses on train> cls : 0.050, fac : 0.055, total : 0.105
<Accuracies on train> cls : 98.71
Train epoch time: 17.497
------------------------------
<Accuracies on val> class : 96.62
------------------------------
<Accuracies on test> class : 79.25
------------------------------
<Accuracies on photo> test class : 90.54
------------------------------
<Accuracies on art_painting> test class : 78.81
------------------------------
<Accuracies on sketch> test class : 74.68
------------------------------
Total epoch time: 41.179

New epoch - lr: 0.003
[1/32 iteration of epoch 14/30] 
 {loss} cls : 0.067, fac : 0.051, total : 0.118 
 {acc} cls : 97.66
[31/32 iteration of epoch 14/30] 
 {loss} cls : 0.099, fac : 0.045, total : 0.144 
 {acc} cls : 96.09
------------------------------
<Losses on train> cls : 0.052, fac : 0.051, total : 0.103
<Accuracies on train> cls : 98.68
Train epoch time: 17.730
------------------------------
<Accuracies on val> class : 96.62
------------------------------
<Accuracies on test> class : 78.33
------------------------------
<Accuracies on photo> test class : 90.18
------------------------------
<Accuracies on art_painting> test class : 79.93
------------------------------
<Accuracies on sketch> test class : 72.46
------------------------------
Total epoch time: 40.670

New epoch - lr: 0.003
[1/32 iteration of epoch 15/30] 
 {loss} cls : 0.044, fac : 0.045, total : 0.090 
 {acc} cls : 98.44
[31/32 iteration of epoch 15/30] 
 {loss} cls : 0.022, fac : 0.047, total : 0.070 
 {acc} cls : 99.22
------------------------------
<Losses on train> cls : 0.050, fac : 0.049, total : 0.100
<Accuracies on train> cls : 98.39
Train epoch time: 17.827
------------------------------
<Accuracies on val> class : 96.62
------------------------------
<Accuracies on test> class : 75.66
------------------------------
<Accuracies on photo> test class : 88.74
------------------------------
<Accuracies on art_painting> test class : 77.10
------------------------------
<Accuracies on sketch> test class : 69.36
------------------------------
Total epoch time: 39.952

New epoch - lr: 0.003
[1/32 iteration of epoch 16/30] 
 {loss} cls : 0.025, fac : 0.040, total : 0.065 
 {acc} cls : 99.22
[31/32 iteration of epoch 16/30] 
 {loss} cls : 0.020, fac : 0.044, total : 0.064 
 {acc} cls : 100.00
------------------------------
<Losses on train> cls : 0.041, fac : 0.044, total : 0.086
<Accuracies on train> cls : 98.75
Train epoch time: 19.831
------------------------------
<Accuracies on val> class : 96.62
------------------------------
<Accuracies on test> class : 79.53
------------------------------
<Accuracies on photo> test class : 89.46
------------------------------
<Accuracies on art_painting> test class : 79.88
------------------------------
<Accuracies on sketch> test class : 75.13
------------------------------
Total epoch time: 41.837

New epoch - lr: 0.003
[1/32 iteration of epoch 17/30] 
 {loss} cls : 0.039, fac : 0.043, total : 0.082 
 {acc} cls : 99.22
[31/32 iteration of epoch 17/30] 
 {loss} cls : 0.108, fac : 0.042, total : 0.150 
 {acc} cls : 96.09
------------------------------
<Losses on train> cls : 0.047, fac : 0.043, total : 0.089
<Accuracies on train> cls : 98.73
Train epoch time: 19.171
------------------------------
<Accuracies on val> class : 95.78
------------------------------
<Accuracies on test> class : 76.02
------------------------------
<Accuracies on photo> test class : 88.80
------------------------------
<Accuracies on art_painting> test class : 78.08
------------------------------
<Accuracies on sketch> test class : 69.51
------------------------------
Total epoch time: 40.961

New epoch - lr: 0.003
[1/32 iteration of epoch 18/30] 
 {loss} cls : 0.046, fac : 0.046, total : 0.092 
 {acc} cls : 98.44
[31/32 iteration of epoch 18/30] 
 {loss} cls : 0.048, fac : 0.050, total : 0.097 
 {acc} cls : 99.22
------------------------------
<Losses on train> cls : 0.040, fac : 0.041, total : 0.081
<Accuracies on train> cls : 98.80
Train epoch time: 19.447
------------------------------
<Accuracies on val> class : 96.20
------------------------------
<Accuracies on test> class : 78.25
------------------------------
<Accuracies on photo> test class : 90.42
------------------------------
<Accuracies on art_painting> test class : 79.39
------------------------------
<Accuracies on sketch> test class : 72.49
------------------------------
Total epoch time: 40.379

New epoch - lr: 0.003
[1/32 iteration of epoch 19/30] 
 {loss} cls : 0.075, fac : 0.037, total : 0.112 
 {acc} cls : 98.44
[31/32 iteration of epoch 19/30] 
 {loss} cls : 0.034, fac : 0.045, total : 0.079 
 {acc} cls : 98.44
------------------------------
<Losses on train> cls : 0.042, fac : 0.041, total : 0.083
<Accuracies on train> cls : 98.93
Train epoch time: 18.695
------------------------------
<Accuracies on val> class : 96.20
------------------------------
<Accuracies on test> class : 76.13
------------------------------
<Accuracies on photo> test class : 91.26
------------------------------
<Accuracies on art_painting> test class : 79.39
------------------------------
<Accuracies on sketch> test class : 68.01
------------------------------
Total epoch time: 40.137

New epoch - lr: 0.003
[1/32 iteration of epoch 20/30] 
 {loss} cls : 0.014, fac : 0.044, total : 0.058 
 {acc} cls : 100.00
[31/32 iteration of epoch 20/30] 
 {loss} cls : 0.026, fac : 0.027, total : 0.053 
 {acc} cls : 100.00
------------------------------
<Losses on train> cls : 0.039, fac : 0.039, total : 0.078
<Accuracies on train> cls : 99.00
Train epoch time: 17.936
------------------------------
<Accuracies on val> class : 96.20
------------------------------
<Accuracies on test> class : 76.28
------------------------------
<Accuracies on photo> test class : 88.98
------------------------------
<Accuracies on art_painting> test class : 78.76
------------------------------
<Accuracies on sketch> test class : 69.59
------------------------------
Total epoch time: 41.128

New epoch - lr: 0.003
[1/32 iteration of epoch 21/30] 
 {loss} cls : 0.018, fac : 0.037, total : 0.054 
 {acc} cls : 99.22
[31/32 iteration of epoch 21/30] 
 {loss} cls : 0.021, fac : 0.036, total : 0.056 
 {acc} cls : 99.22
------------------------------
<Losses on train> cls : 0.038, fac : 0.037, total : 0.076
<Accuracies on train> cls : 99.00
Train epoch time: 17.828
------------------------------
<Accuracies on val> class : 95.36
------------------------------
<Accuracies on test> class : 79.13
------------------------------
<Accuracies on photo> test class : 90.06
------------------------------
<Accuracies on art_painting> test class : 80.22
------------------------------
<Accuracies on sketch> test class : 73.91
------------------------------
Total epoch time: 40.439

New epoch - lr: 0.003
[1/32 iteration of epoch 22/30] 
 {loss} cls : 0.048, fac : 0.037, total : 0.084 
 {acc} cls : 98.44
[31/32 iteration of epoch 22/30] 
 {loss} cls : 0.056, fac : 0.037, total : 0.093 
 {acc} cls : 98.44
------------------------------
<Losses on train> cls : 0.031, fac : 0.038, total : 0.069
<Accuracies on train> cls : 99.15
Train epoch time: 17.688
------------------------------
<Accuracies on val> class : 95.78
------------------------------
<Accuracies on test> class : 76.67
------------------------------
<Accuracies on photo> test class : 89.22
------------------------------
<Accuracies on art_painting> test class : 79.88
------------------------------
<Accuracies on sketch> test class : 69.66
------------------------------
Total epoch time: 40.429

New epoch - lr: 0.003
[1/32 iteration of epoch 23/30] 
 {loss} cls : 0.033, fac : 0.032, total : 0.065 
 {acc} cls : 99.22
[31/32 iteration of epoch 23/30] 
 {loss} cls : 0.043, fac : 0.034, total : 0.077 
 {acc} cls : 98.44
------------------------------
<Losses on train> cls : 0.033, fac : 0.033, total : 0.065
<Accuracies on train> cls : 99.19
Train epoch time: 17.151
------------------------------
<Accuracies on val> class : 95.78
------------------------------
<Accuracies on test> class : 76.80
------------------------------
<Accuracies on photo> test class : 89.70
------------------------------
<Accuracies on art_painting> test class : 80.32
------------------------------
<Accuracies on sketch> test class : 69.48
------------------------------
Total epoch time: 40.205

New epoch - lr: 0.003
[1/32 iteration of epoch 24/30] 
 {loss} cls : 0.042, fac : 0.032, total : 0.075 
 {acc} cls : 99.22
[31/32 iteration of epoch 24/30] 
 {loss} cls : 0.019, fac : 0.036, total : 0.056 
 {acc} cls : 99.22
------------------------------
<Losses on train> cls : 0.028, fac : 0.031, total : 0.059
<Accuracies on train> cls : 99.29
Train epoch time: 17.817
------------------------------
<Accuracies on val> class : 95.78
------------------------------
<Accuracies on test> class : 76.91
------------------------------
<Accuracies on photo> test class : 89.16
------------------------------
<Accuracies on art_painting> test class : 79.10
------------------------------
<Accuracies on sketch> test class : 70.55
------------------------------
Total epoch time: 39.940

New epoch - lr: 0.003
[1/32 iteration of epoch 25/30] 
 {loss} cls : 0.040, fac : 0.033, total : 0.074 
 {acc} cls : 98.44
[31/32 iteration of epoch 25/30] 
 {loss} cls : 0.020, fac : 0.027, total : 0.047 
 {acc} cls : 100.00
------------------------------
<Losses on train> cls : 0.025, fac : 0.032, total : 0.057
<Accuracies on train> cls : 99.37
Train epoch time: 18.155
------------------------------
<Accuracies on val> class : 96.20
------------------------------
<Accuracies on test> class : 80.32
------------------------------
<Accuracies on photo> test class : 90.48
------------------------------
<Accuracies on art_painting> test class : 80.86
------------------------------
<Accuracies on sketch> test class : 75.72
------------------------------
Total epoch time: 40.295

New epoch - lr: 0.003
[1/32 iteration of epoch 26/30] 
 {loss} cls : 0.015, fac : 0.025, total : 0.040 
 {acc} cls : 100.00
[31/32 iteration of epoch 26/30] 
 {loss} cls : 0.048, fac : 0.030, total : 0.078 
 {acc} cls : 98.44
------------------------------
<Losses on train> cls : 0.036, fac : 0.030, total : 0.066
<Accuracies on train> cls : 98.95
Train epoch time: 18.094
------------------------------
<Accuracies on val> class : 95.36
------------------------------
<Accuracies on test> class : 77.32
------------------------------
<Accuracies on photo> test class : 89.34
------------------------------
<Accuracies on art_painting> test class : 79.49
------------------------------
<Accuracies on sketch> test class : 71.09
------------------------------
Total epoch time: 39.742

New epoch - lr: 0.0009000000000000002
[1/32 iteration of epoch 27/30] 
 {loss} cls : 0.012, fac : 0.031, total : 0.043 
 {acc} cls : 100.00
[31/32 iteration of epoch 27/30] 
 {loss} cls : 0.007, fac : 0.030, total : 0.038 
 {acc} cls : 100.00
------------------------------
<Losses on train> cls : 0.019, fac : 0.031, total : 0.050
<Accuracies on train> cls : 99.66
Train epoch time: 18.215
------------------------------
<Accuracies on val> class : 96.20
------------------------------
<Accuracies on test> class : 78.37
------------------------------
<Accuracies on photo> test class : 90.30
------------------------------
<Accuracies on art_painting> test class : 80.91
------------------------------
<Accuracies on sketch> test class : 71.98
------------------------------
Total epoch time: 41.369

New epoch - lr: 0.0009000000000000002
[1/32 iteration of epoch 28/30] 
 {loss} cls : 0.020, fac : 0.026, total : 0.046 
 {acc} cls : 99.22
[31/32 iteration of epoch 28/30] 
 {loss} cls : 0.008, fac : 0.028, total : 0.036 
 {acc} cls : 100.00
------------------------------
<Losses on train> cls : 0.021, fac : 0.029, total : 0.049
<Accuracies on train> cls : 99.46
Train epoch time: 18.031
------------------------------
<Accuracies on val> class : 96.20
------------------------------
<Accuracies on test> class : 78.10
------------------------------
<Accuracies on photo> test class : 89.88
------------------------------
<Accuracies on art_painting> test class : 80.37
------------------------------
<Accuracies on sketch> test class : 71.90
------------------------------
Total epoch time: 42.033

New epoch - lr: 0.0009000000000000002
[1/32 iteration of epoch 29/30] 
 {loss} cls : 0.056, fac : 0.029, total : 0.085 
 {acc} cls : 98.44
[31/32 iteration of epoch 29/30] 
 {loss} cls : 0.026, fac : 0.028, total : 0.054 
 {acc} cls : 100.00
------------------------------
<Losses on train> cls : 0.031, fac : 0.028, total : 0.059
<Accuracies on train> cls : 99.27
Train epoch time: 16.540
------------------------------
<Accuracies on val> class : 96.20
------------------------------
<Accuracies on test> class : 78.96
------------------------------
<Accuracies on photo> test class : 90.42
------------------------------
<Accuracies on art_painting> test class : 80.62
------------------------------
<Accuracies on sketch> test class : 73.22
------------------------------
Total epoch time: 38.475

New epoch - lr: 0.0009000000000000002
[1/32 iteration of epoch 30/30] 
 {loss} cls : 0.018, fac : 0.022, total : 0.040 
 {acc} cls : 100.00
[31/32 iteration of epoch 30/30] 
 {loss} cls : 0.011, fac : 0.025, total : 0.035 
 {acc} cls : 100.00
------------------------------
<Losses on train> cls : 0.024, fac : 0.028, total : 0.052
<Accuracies on train> cls : 99.39
Train epoch time: 15.755
------------------------------
<Accuracies on val> class : 96.20
------------------------------
<Accuracies on test> class : 79.04
------------------------------
<Accuracies on photo> test class : 90.12
------------------------------
<Accuracies on art_painting> test class : 81.20
------------------------------
<Accuracies on sketch> test class : 73.20
------------------------------
Total epoch time: 35.985

******************************
Best val 0.966245, corresponding test 0.795345 - best test: 0.803191

******************************
Best val 0.9662446975708008, corresponding photo test 0.8946107625961304

******************************
Best val 0.9662446975708008, corresponding art_painting test 0.798828125

******************************
Best val 0.9662446975708008, corresponding sketch test 0.7513362169265747
