
Loading experiment ImageNet9/ResNet18_step


New epoch - lr: 0.003
[1/31 iteration of epoch 1/30] 
 {loss} cls : 2.243, total : 2.243 
 {acc} cls : 14.06
[31/31 iteration of epoch 1/30] 
 {loss} cls : 0.508, total : 0.508 
 {acc} cls : 84.38
------------------------------
<Losses on train> cls : 1.114, total : 1.114
<Accuracies on train> cls : 68.90
Train epoch time: 7.737
------------------------------
<Accuracies on val> class : 90.62
------------------------------
<Accuracies on test> class : 69.81
------------------------------
<Accuracies on mixed_rand> test class : 63.40
------------------------------
<Accuracies on mixed_same> test class : 76.23
------------------------------
Total epoch time: 13.696

New epoch - lr: 0.003
[1/31 iteration of epoch 2/30] 
 {loss} cls : 0.290, total : 0.290 
 {acc} cls : 89.06
[31/31 iteration of epoch 2/30] 
 {loss} cls : 0.136, total : 0.136 
 {acc} cls : 93.75
------------------------------
<Losses on train> cls : 0.279, total : 0.279
<Accuracies on train> cls : 91.43
Train epoch time: 6.348
------------------------------
<Accuracies on val> class : 93.09
------------------------------
<Accuracies on test> class : 75.68
------------------------------
<Accuracies on mixed_rand> test class : 69.14
------------------------------
<Accuracies on mixed_same> test class : 82.22
------------------------------
Total epoch time: 12.211

New epoch - lr: 0.003
[1/31 iteration of epoch 3/30] 
 {loss} cls : 0.157, total : 0.157 
 {acc} cls : 95.31
[31/31 iteration of epoch 3/30] 
 {loss} cls : 0.322, total : 0.322 
 {acc} cls : 90.62
------------------------------
<Losses on train> cls : 0.181, total : 0.181
<Accuracies on train> cls : 93.65
Train epoch time: 6.025
------------------------------
<Accuracies on val> class : 92.35
------------------------------
<Accuracies on test> class : 77.38
------------------------------
<Accuracies on mixed_rand> test class : 70.37
------------------------------
<Accuracies on mixed_same> test class : 84.38
------------------------------
Total epoch time: 11.172

New epoch - lr: 0.003
[1/31 iteration of epoch 4/30] 
 {loss} cls : 0.157, total : 0.157 
 {acc} cls : 95.31
[31/31 iteration of epoch 4/30] 
 {loss} cls : 0.162, total : 0.162 
 {acc} cls : 93.75
------------------------------
<Losses on train> cls : 0.161, total : 0.161
<Accuracies on train> cls : 94.91
Train epoch time: 6.033
------------------------------
<Accuracies on val> class : 92.10
------------------------------
<Accuracies on test> class : 76.76
------------------------------
<Accuracies on mixed_rand> test class : 71.79
------------------------------
<Accuracies on mixed_same> test class : 81.73
------------------------------
Total epoch time: 11.325

New epoch - lr: 0.003
[1/31 iteration of epoch 5/30] 
 {loss} cls : 0.096, total : 0.096 
 {acc} cls : 98.44
[31/31 iteration of epoch 5/30] 
 {loss} cls : 0.101, total : 0.101 
 {acc} cls : 96.88
------------------------------
<Losses on train> cls : 0.091, total : 0.091
<Accuracies on train> cls : 97.08
Train epoch time: 5.962
------------------------------
<Accuracies on val> class : 94.32
------------------------------
<Accuracies on test> class : 79.51
------------------------------
<Accuracies on mixed_rand> test class : 73.33
------------------------------
<Accuracies on mixed_same> test class : 85.68
------------------------------
Total epoch time: 12.123

New epoch - lr: 0.003
[1/31 iteration of epoch 6/30] 
 {loss} cls : 0.025, total : 0.025 
 {acc} cls : 100.00
[31/31 iteration of epoch 6/30] 
 {loss} cls : 0.032, total : 0.032 
 {acc} cls : 100.00
------------------------------
<Losses on train> cls : 0.073, total : 0.073
<Accuracies on train> cls : 97.48
Train epoch time: 5.727
------------------------------
<Accuracies on val> class : 93.33
------------------------------
<Accuracies on test> class : 79.85
------------------------------
<Accuracies on mixed_rand> test class : 73.95
------------------------------
<Accuracies on mixed_same> test class : 85.74
------------------------------
Total epoch time: 11.339

New epoch - lr: 0.003
[1/31 iteration of epoch 7/30] 
 {loss} cls : 0.044, total : 0.044 
 {acc} cls : 98.44
[31/31 iteration of epoch 7/30] 
 {loss} cls : 0.043, total : 0.043 
 {acc} cls : 98.44
------------------------------
<Losses on train> cls : 0.046, total : 0.046
<Accuracies on train> cls : 98.54
Train epoch time: 5.827
------------------------------
<Accuracies on val> class : 92.84
------------------------------
<Accuracies on test> class : 77.56
------------------------------
<Accuracies on mixed_rand> test class : 71.42
------------------------------
<Accuracies on mixed_same> test class : 83.70
------------------------------
Total epoch time: 11.299

New epoch - lr: 0.003
[1/31 iteration of epoch 8/30] 
 {loss} cls : 0.031, total : 0.031 
 {acc} cls : 98.44
[31/31 iteration of epoch 8/30] 
 {loss} cls : 0.016, total : 0.016 
 {acc} cls : 100.00
------------------------------
<Losses on train> cls : 0.045, total : 0.045
<Accuracies on train> cls : 98.49
Train epoch time: 5.846
------------------------------
<Accuracies on val> class : 94.07
------------------------------
<Accuracies on test> class : 78.43
------------------------------
<Accuracies on mixed_rand> test class : 72.28
------------------------------
<Accuracies on mixed_same> test class : 84.57
------------------------------
Total epoch time: 11.492

New epoch - lr: 0.003
[1/31 iteration of epoch 9/30] 
 {loss} cls : 0.059, total : 0.059 
 {acc} cls : 98.44
[31/31 iteration of epoch 9/30] 
 {loss} cls : 0.132, total : 0.132 
 {acc} cls : 95.31
------------------------------
<Losses on train> cls : 0.043, total : 0.043
<Accuracies on train> cls : 98.44
Train epoch time: 6.053
------------------------------
<Accuracies on val> class : 93.83
------------------------------
<Accuracies on test> class : 79.97
------------------------------
<Accuracies on mixed_rand> test class : 73.33
------------------------------
<Accuracies on mixed_same> test class : 86.60
------------------------------
Total epoch time: 11.588

New epoch - lr: 0.003
[1/31 iteration of epoch 10/30] 
 {loss} cls : 0.006, total : 0.006 
 {acc} cls : 100.00
[31/31 iteration of epoch 10/30] 
 {loss} cls : 0.010, total : 0.010 
 {acc} cls : 100.00
------------------------------
<Losses on train> cls : 0.034, total : 0.034
<Accuracies on train> cls : 98.89
Train epoch time: 5.987
------------------------------
<Accuracies on val> class : 93.83
------------------------------
<Accuracies on test> class : 78.33
------------------------------
<Accuracies on mixed_rand> test class : 72.04
------------------------------
<Accuracies on mixed_same> test class : 84.63
------------------------------
Total epoch time: 11.391

New epoch - lr: 0.003
[1/31 iteration of epoch 11/30] 
 {loss} cls : 0.040, total : 0.040 
 {acc} cls : 96.88
[31/31 iteration of epoch 11/30] 
 {loss} cls : 0.014, total : 0.014 
 {acc} cls : 100.00
------------------------------
<Losses on train> cls : 0.021, total : 0.021
<Accuracies on train> cls : 99.40
Train epoch time: 5.931
------------------------------
<Accuracies on val> class : 92.84
------------------------------
<Accuracies on test> class : 81.23
------------------------------
<Accuracies on mixed_rand> test class : 75.25
------------------------------
<Accuracies on mixed_same> test class : 87.22
------------------------------
Total epoch time: 11.607

New epoch - lr: 0.003
[1/31 iteration of epoch 12/30] 
 {loss} cls : 0.019, total : 0.019 
 {acc} cls : 100.00
[31/31 iteration of epoch 12/30] 
 {loss} cls : 0.001, total : 0.001 
 {acc} cls : 100.00
------------------------------
<Losses on train> cls : 0.015, total : 0.015
<Accuracies on train> cls : 99.55
Train epoch time: 5.946
------------------------------
<Accuracies on val> class : 92.59
------------------------------
<Accuracies on test> class : 78.55
------------------------------
<Accuracies on mixed_rand> test class : 72.22
------------------------------
<Accuracies on mixed_same> test class : 84.88
------------------------------
Total epoch time: 11.469

New epoch - lr: 0.003
[1/31 iteration of epoch 13/30] 
 {loss} cls : 0.027, total : 0.027 
 {acc} cls : 100.00
[31/31 iteration of epoch 13/30] 
 {loss} cls : 0.007, total : 0.007 
 {acc} cls : 100.00
------------------------------
<Losses on train> cls : 0.026, total : 0.026
<Accuracies on train> cls : 99.14
Train epoch time: 5.929
------------------------------
<Accuracies on val> class : 92.59
------------------------------
<Accuracies on test> class : 80.62
------------------------------
<Accuracies on mixed_rand> test class : 74.14
------------------------------
<Accuracies on mixed_same> test class : 87.10
------------------------------
Total epoch time: 11.324

New epoch - lr: 0.003
[1/31 iteration of epoch 14/30] 
 {loss} cls : 0.090, total : 0.090 
 {acc} cls : 98.44
[31/31 iteration of epoch 14/30] 
 {loss} cls : 0.007, total : 0.007 
 {acc} cls : 100.00
------------------------------
<Losses on train> cls : 0.018, total : 0.018
<Accuracies on train> cls : 99.65
Train epoch time: 5.819
------------------------------
<Accuracies on val> class : 93.58
------------------------------
<Accuracies on test> class : 80.74
------------------------------
<Accuracies on mixed_rand> test class : 74.32
------------------------------
<Accuracies on mixed_same> test class : 87.16
------------------------------
Total epoch time: 11.292

New epoch - lr: 0.003
[1/31 iteration of epoch 15/30] 
 {loss} cls : 0.011, total : 0.011 
 {acc} cls : 100.00
[31/31 iteration of epoch 15/30] 
 {loss} cls : 0.015, total : 0.015 
 {acc} cls : 100.00
------------------------------
<Losses on train> cls : 0.010, total : 0.010
<Accuracies on train> cls : 99.80
Train epoch time: 5.901
------------------------------
<Accuracies on val> class : 92.10
------------------------------
<Accuracies on test> class : 77.87
------------------------------
<Accuracies on mixed_rand> test class : 71.73
------------------------------
<Accuracies on mixed_same> test class : 84.01
------------------------------
Total epoch time: 11.538

New epoch - lr: 0.003
[1/31 iteration of epoch 16/30] 
 {loss} cls : 0.010, total : 0.010 
 {acc} cls : 100.00
[31/31 iteration of epoch 16/30] 
 {loss} cls : 0.006, total : 0.006 
 {acc} cls : 100.00
------------------------------
<Losses on train> cls : 0.011, total : 0.011
<Accuracies on train> cls : 99.80
Train epoch time: 5.825
------------------------------
<Accuracies on val> class : 92.84
------------------------------
<Accuracies on test> class : 80.90
------------------------------
<Accuracies on mixed_rand> test class : 74.63
------------------------------
<Accuracies on mixed_same> test class : 87.16
------------------------------
Total epoch time: 11.228

New epoch - lr: 0.003
[1/31 iteration of epoch 17/30] 
 {loss} cls : 0.011, total : 0.011 
 {acc} cls : 100.00
[31/31 iteration of epoch 17/30] 
 {loss} cls : 0.006, total : 0.006 
 {acc} cls : 100.00
------------------------------
<Losses on train> cls : 0.010, total : 0.010
<Accuracies on train> cls : 99.80
Train epoch time: 5.909
------------------------------
<Accuracies on val> class : 94.07
------------------------------
<Accuracies on test> class : 80.46
------------------------------
<Accuracies on mixed_rand> test class : 74.20
------------------------------
<Accuracies on mixed_same> test class : 86.73
------------------------------
Total epoch time: 11.505

New epoch - lr: 0.003
[1/31 iteration of epoch 18/30] 
 {loss} cls : 0.037, total : 0.037 
 {acc} cls : 96.88
[31/31 iteration of epoch 18/30] 
 {loss} cls : 0.011, total : 0.011 
 {acc} cls : 100.00
------------------------------
<Losses on train> cls : 0.010, total : 0.010
<Accuracies on train> cls : 99.65
Train epoch time: 6.024
------------------------------
<Accuracies on val> class : 94.07
------------------------------
<Accuracies on test> class : 80.00
------------------------------
<Accuracies on mixed_rand> test class : 73.95
------------------------------
<Accuracies on mixed_same> test class : 86.05
------------------------------
Total epoch time: 11.481

New epoch - lr: 0.003
[1/31 iteration of epoch 19/30] 
 {loss} cls : 0.023, total : 0.023 
 {acc} cls : 100.00
[31/31 iteration of epoch 19/30] 
 {loss} cls : 0.030, total : 0.030 
 {acc} cls : 98.44
------------------------------
<Losses on train> cls : 0.015, total : 0.015
<Accuracies on train> cls : 99.45
Train epoch time: 5.973
------------------------------
<Accuracies on val> class : 94.07
------------------------------
<Accuracies on test> class : 79.57
------------------------------
<Accuracies on mixed_rand> test class : 73.40
------------------------------
<Accuracies on mixed_same> test class : 85.74
------------------------------
Total epoch time: 11.386

New epoch - lr: 0.003
[1/31 iteration of epoch 20/30] 
 {loss} cls : 0.018, total : 0.018 
 {acc} cls : 98.44
[31/31 iteration of epoch 20/30] 
 {loss} cls : 0.002, total : 0.002 
 {acc} cls : 100.00
------------------------------
<Losses on train> cls : 0.008, total : 0.008
<Accuracies on train> cls : 99.75
Train epoch time: 5.977
------------------------------
<Accuracies on val> class : 94.07
------------------------------
<Accuracies on test> class : 81.33
------------------------------
<Accuracies on mixed_rand> test class : 75.25
------------------------------
<Accuracies on mixed_same> test class : 87.41
------------------------------
Total epoch time: 11.286

New epoch - lr: 0.003
[1/31 iteration of epoch 21/30] 
 {loss} cls : 0.002, total : 0.002 
 {acc} cls : 100.00
[31/31 iteration of epoch 21/30] 
 {loss} cls : 0.001, total : 0.001 
 {acc} cls : 100.00
------------------------------
<Losses on train> cls : 0.007, total : 0.007
<Accuracies on train> cls : 99.80
Train epoch time: 5.813
------------------------------
<Accuracies on val> class : 94.57
------------------------------
<Accuracies on test> class : 80.86
------------------------------
<Accuracies on mixed_rand> test class : 74.38
------------------------------
<Accuracies on mixed_same> test class : 87.35
------------------------------
Total epoch time: 11.918

New epoch - lr: 0.003
[1/31 iteration of epoch 22/30] 
 {loss} cls : 0.001, total : 0.001 
 {acc} cls : 100.00
[31/31 iteration of epoch 22/30] 
 {loss} cls : 0.006, total : 0.006 
 {acc} cls : 100.00
------------------------------
<Losses on train> cls : 0.005, total : 0.005
<Accuracies on train> cls : 99.95
Train epoch time: 5.819
------------------------------
<Accuracies on val> class : 93.83
------------------------------
<Accuracies on test> class : 80.52
------------------------------
<Accuracies on mixed_rand> test class : 74.44
------------------------------
<Accuracies on mixed_same> test class : 86.60
------------------------------
Total epoch time: 11.416

New epoch - lr: 0.003
[1/31 iteration of epoch 23/30] 
 {loss} cls : 0.001, total : 0.001 
 {acc} cls : 100.00
[31/31 iteration of epoch 23/30] 
 {loss} cls : 0.004, total : 0.004 
 {acc} cls : 100.00
------------------------------
<Losses on train> cls : 0.006, total : 0.006
<Accuracies on train> cls : 99.85
Train epoch time: 6.004
------------------------------
<Accuracies on val> class : 93.58
------------------------------
<Accuracies on test> class : 80.83
------------------------------
<Accuracies on mixed_rand> test class : 74.81
------------------------------
<Accuracies on mixed_same> test class : 86.85
------------------------------
Total epoch time: 11.665

New epoch - lr: 0.003
[1/31 iteration of epoch 24/30] 
 {loss} cls : 0.001, total : 0.001 
 {acc} cls : 100.00
[31/31 iteration of epoch 24/30] 
 {loss} cls : 0.001, total : 0.001 
 {acc} cls : 100.00
------------------------------
<Losses on train> cls : 0.010, total : 0.010
<Accuracies on train> cls : 99.65
Train epoch time: 5.827
------------------------------
<Accuracies on val> class : 94.32
------------------------------
<Accuracies on test> class : 80.68
------------------------------
<Accuracies on mixed_rand> test class : 74.14
------------------------------
<Accuracies on mixed_same> test class : 87.22
------------------------------
Total epoch time: 11.397

New epoch - lr: 0.003
[1/31 iteration of epoch 25/30] 
 {loss} cls : 0.001, total : 0.001 
 {acc} cls : 100.00
[31/31 iteration of epoch 25/30] 
 {loss} cls : 0.001, total : 0.001 
 {acc} cls : 100.00
------------------------------
<Losses on train> cls : 0.007, total : 0.007
<Accuracies on train> cls : 99.75
Train epoch time: 6.719
------------------------------
<Accuracies on val> class : 93.83
------------------------------
<Accuracies on test> class : 80.09
------------------------------
<Accuracies on mixed_rand> test class : 73.70
------------------------------
<Accuracies on mixed_same> test class : 86.48
------------------------------
Total epoch time: 12.406

New epoch - lr: 0.003
[1/31 iteration of epoch 26/30] 
 {loss} cls : 0.002, total : 0.002 
 {acc} cls : 100.00
[31/31 iteration of epoch 26/30] 
 {loss} cls : 0.016, total : 0.016 
 {acc} cls : 100.00
------------------------------
<Losses on train> cls : 0.007, total : 0.007
<Accuracies on train> cls : 99.85
Train epoch time: 6.487
------------------------------
<Accuracies on val> class : 95.06
------------------------------
<Accuracies on test> class : 79.81
------------------------------
<Accuracies on mixed_rand> test class : 73.40
------------------------------
<Accuracies on mixed_same> test class : 86.23
------------------------------
Total epoch time: 12.608

New epoch - lr: 0.0009000000000000002
[1/31 iteration of epoch 27/30] 
 {loss} cls : 0.003, total : 0.003 
 {acc} cls : 100.00
[31/31 iteration of epoch 27/30] 
 {loss} cls : 0.001, total : 0.001 
 {acc} cls : 100.00
------------------------------
<Losses on train> cls : 0.008, total : 0.008
<Accuracies on train> cls : 99.85
Train epoch time: 6.398
------------------------------
<Accuracies on val> class : 94.32
------------------------------
<Accuracies on test> class : 80.40
------------------------------
<Accuracies on mixed_rand> test class : 73.77
------------------------------
<Accuracies on mixed_same> test class : 87.04
------------------------------
Total epoch time: 12.049

New epoch - lr: 0.0009000000000000002
[1/31 iteration of epoch 28/30] 
 {loss} cls : 0.004, total : 0.004 
 {acc} cls : 100.00
[31/31 iteration of epoch 28/30] 
 {loss} cls : 0.000, total : 0.000 
 {acc} cls : 100.00
------------------------------
<Losses on train> cls : 0.005, total : 0.005
<Accuracies on train> cls : 99.85
Train epoch time: 6.022
------------------------------
<Accuracies on val> class : 94.81
------------------------------
<Accuracies on test> class : 80.52
------------------------------
<Accuracies on mixed_rand> test class : 73.77
------------------------------
<Accuracies on mixed_same> test class : 87.28
------------------------------
Total epoch time: 11.578

New epoch - lr: 0.0009000000000000002
[1/31 iteration of epoch 29/30] 
 {loss} cls : 0.003, total : 0.003 
 {acc} cls : 100.00
[31/31 iteration of epoch 29/30] 
 {loss} cls : 0.007, total : 0.007 
 {acc} cls : 100.00
------------------------------
<Losses on train> cls : 0.003, total : 0.003
<Accuracies on train> cls : 100.00
Train epoch time: 5.965
------------------------------
<Accuracies on val> class : 94.32
------------------------------
<Accuracies on test> class : 80.49
------------------------------
<Accuracies on mixed_rand> test class : 73.95
------------------------------
<Accuracies on mixed_same> test class : 87.04
------------------------------
Total epoch time: 11.459

New epoch - lr: 0.0009000000000000002
[1/31 iteration of epoch 30/30] 
 {loss} cls : 0.001, total : 0.001 
 {acc} cls : 100.00
[31/31 iteration of epoch 30/30] 
 {loss} cls : 0.001, total : 0.001 
 {acc} cls : 100.00
------------------------------
<Losses on train> cls : 0.005, total : 0.005
<Accuracies on train> cls : 99.90
Train epoch time: 5.986
------------------------------
<Accuracies on val> class : 94.32
------------------------------
<Accuracies on test> class : 80.77
------------------------------
<Accuracies on mixed_rand> test class : 74.07
------------------------------
<Accuracies on mixed_same> test class : 87.47
------------------------------
Total epoch time: 11.560

******************************
Best val 0.950617, corresponding test 0.798148 - best test: 0.813272

******************************
Best val 0.9506173133850098, corresponding mixed_rand test 0.7339506149291992

******************************
Best val 0.9506173133850098, corresponding mixed_same test 0.8623456954956055
