
Loading experiment ImageNet9/ResNet18_step


New epoch - lr: 0.003
[1/31 iteration of epoch 1/60] 
 {loss} cls : 3.966, total : 3.966 
 {acc} cls : 0.00
[31/31 iteration of epoch 1/60] 
 {loss} cls : 1.530, total : 1.530 
 {acc} cls : 51.56
------------------------------
<Losses on train> cls : 2.230, total : 2.230
<Accuracies on train> cls : 40.42
Train epoch time: 5.283
------------------------------
<Accuracies on val> class : 91.11
------------------------------
<Accuracies on test> class : 75.15
------------------------------
<Accuracies on mixed_rand> test class : 69.94
------------------------------
<Accuracies on mixed_same> test class : 80.37
------------------------------
Total epoch time: 10.735

New epoch - lr: 0.003
[1/31 iteration of epoch 2/60] 
 {loss} cls : 1.307, total : 1.307 
 {acc} cls : 56.25
[31/31 iteration of epoch 2/60] 
 {loss} cls : 0.826, total : 0.826 
 {acc} cls : 57.81
------------------------------
<Losses on train> cls : 1.121, total : 1.121
<Accuracies on train> cls : 55.95
Train epoch time: 5.914
------------------------------
<Accuracies on val> class : 91.36
------------------------------
<Accuracies on test> class : 72.78
------------------------------
<Accuracies on mixed_rand> test class : 68.33
------------------------------
<Accuracies on mixed_same> test class : 77.22
------------------------------
Total epoch time: 11.131

New epoch - lr: 0.003
[1/31 iteration of epoch 3/60] 
 {loss} cls : 0.892, total : 0.892 
 {acc} cls : 57.81
[31/31 iteration of epoch 3/60] 
 {loss} cls : 0.560, total : 0.560 
 {acc} cls : 76.56
------------------------------
<Losses on train> cls : 0.765, total : 0.765
<Accuracies on train> cls : 65.42
Train epoch time: 5.278
------------------------------
<Accuracies on val> class : 92.10
------------------------------
<Accuracies on test> class : 77.01
------------------------------
<Accuracies on mixed_rand> test class : 72.28
------------------------------
<Accuracies on mixed_same> test class : 81.73
------------------------------
Total epoch time: 10.795

New epoch - lr: 0.003
[1/31 iteration of epoch 4/60] 
 {loss} cls : 0.692, total : 0.692 
 {acc} cls : 70.31
[31/31 iteration of epoch 4/60] 
 {loss} cls : 0.716, total : 0.716 
 {acc} cls : 68.75
------------------------------
<Losses on train> cls : 0.594, total : 0.594
<Accuracies on train> cls : 72.83
Train epoch time: 5.270
------------------------------
<Accuracies on val> class : 92.84
------------------------------
<Accuracies on test> class : 77.53
------------------------------
<Accuracies on mixed_rand> test class : 72.10
------------------------------
<Accuracies on mixed_same> test class : 82.96
------------------------------
Total epoch time: 10.591

New epoch - lr: 0.003
[1/31 iteration of epoch 5/60] 
 {loss} cls : 0.522, total : 0.522 
 {acc} cls : 79.69
[31/31 iteration of epoch 5/60] 
 {loss} cls : 0.536, total : 0.536 
 {acc} cls : 71.88
------------------------------
<Losses on train> cls : 0.476, total : 0.476
<Accuracies on train> cls : 79.59
Train epoch time: 5.384
------------------------------
<Accuracies on val> class : 92.84
------------------------------
<Accuracies on test> class : 78.09
------------------------------
<Accuracies on mixed_rand> test class : 72.78
------------------------------
<Accuracies on mixed_same> test class : 83.40
------------------------------
Total epoch time: 10.759

New epoch - lr: 0.003
[1/31 iteration of epoch 6/60] 
 {loss} cls : 0.384, total : 0.384 
 {acc} cls : 85.94
[31/31 iteration of epoch 6/60] 
 {loss} cls : 0.352, total : 0.352 
 {acc} cls : 84.38
------------------------------
<Losses on train> cls : 0.389, total : 0.389
<Accuracies on train> cls : 85.18
Train epoch time: 5.308
------------------------------
<Accuracies on val> class : 91.85
------------------------------
<Accuracies on test> class : 75.99
------------------------------
<Accuracies on mixed_rand> test class : 70.86
------------------------------
<Accuracies on mixed_same> test class : 81.11
------------------------------
Total epoch time: 10.498

New epoch - lr: 0.003
[1/31 iteration of epoch 7/60] 
 {loss} cls : 0.347, total : 0.347 
 {acc} cls : 84.38
[31/31 iteration of epoch 7/60] 
 {loss} cls : 0.260, total : 0.260 
 {acc} cls : 87.50
------------------------------
<Losses on train> cls : 0.313, total : 0.313
<Accuracies on train> cls : 87.90
Train epoch time: 5.351
------------------------------
<Accuracies on val> class : 93.33
------------------------------
<Accuracies on test> class : 77.35
------------------------------
<Accuracies on mixed_rand> test class : 72.65
------------------------------
<Accuracies on mixed_same> test class : 82.04
------------------------------
Total epoch time: 10.928

New epoch - lr: 0.003
[1/31 iteration of epoch 8/60] 
 {loss} cls : 0.348, total : 0.348 
 {acc} cls : 79.69
[31/31 iteration of epoch 8/60] 
 {loss} cls : 0.224, total : 0.224 
 {acc} cls : 92.19
------------------------------
<Losses on train> cls : 0.276, total : 0.276
<Accuracies on train> cls : 90.17
Train epoch time: 5.291
------------------------------
<Accuracies on val> class : 90.86
------------------------------
<Accuracies on test> class : 73.98
------------------------------
<Accuracies on mixed_rand> test class : 69.14
------------------------------
<Accuracies on mixed_same> test class : 78.83
------------------------------
Total epoch time: 10.734

New epoch - lr: 0.003
[1/31 iteration of epoch 9/60] 
 {loss} cls : 0.155, total : 0.155 
 {acc} cls : 93.75
[31/31 iteration of epoch 9/60] 
 {loss} cls : 0.189, total : 0.189 
 {acc} cls : 96.88
------------------------------
<Losses on train> cls : 0.220, total : 0.220
<Accuracies on train> cls : 92.44
Train epoch time: 5.255
------------------------------
<Accuracies on val> class : 93.09
------------------------------
<Accuracies on test> class : 78.58
------------------------------
<Accuracies on mixed_rand> test class : 73.77
------------------------------
<Accuracies on mixed_same> test class : 83.40
------------------------------
Total epoch time: 10.699

New epoch - lr: 0.003
[1/31 iteration of epoch 10/60] 
 {loss} cls : 0.281, total : 0.281 
 {acc} cls : 93.75
[31/31 iteration of epoch 10/60] 
 {loss} cls : 0.384, total : 0.384 
 {acc} cls : 93.75
------------------------------
<Losses on train> cls : 0.201, total : 0.201
<Accuracies on train> cls : 93.90
Train epoch time: 5.321
------------------------------
<Accuracies on val> class : 93.09
------------------------------
<Accuracies on test> class : 77.01
------------------------------
<Accuracies on mixed_rand> test class : 72.28
------------------------------
<Accuracies on mixed_same> test class : 81.73
------------------------------
Total epoch time: 10.681

New epoch - lr: 0.003
[1/31 iteration of epoch 11/60] 
 {loss} cls : 0.068, total : 0.068 
 {acc} cls : 100.00
[31/31 iteration of epoch 11/60] 
 {loss} cls : 0.160, total : 0.160 
 {acc} cls : 95.31
------------------------------
<Losses on train> cls : 0.152, total : 0.152
<Accuracies on train> cls : 95.26
Train epoch time: 5.302
------------------------------
<Accuracies on val> class : 91.36
------------------------------
<Accuracies on test> class : 77.84
------------------------------
<Accuracies on mixed_rand> test class : 72.28
------------------------------
<Accuracies on mixed_same> test class : 83.40
------------------------------
Total epoch time: 10.667

New epoch - lr: 0.003
[1/31 iteration of epoch 12/60] 
 {loss} cls : 0.178, total : 0.178 
 {acc} cls : 95.31
[31/31 iteration of epoch 12/60] 
 {loss} cls : 0.167, total : 0.167 
 {acc} cls : 93.75
------------------------------
<Losses on train> cls : 0.145, total : 0.145
<Accuracies on train> cls : 95.77
Train epoch time: 5.360
------------------------------
<Accuracies on val> class : 93.33
------------------------------
<Accuracies on test> class : 79.60
------------------------------
<Accuracies on mixed_rand> test class : 75.19
------------------------------
<Accuracies on mixed_same> test class : 84.01
------------------------------
Total epoch time: 10.966

New epoch - lr: 0.003
[1/31 iteration of epoch 13/60] 
 {loss} cls : 0.117, total : 0.117 
 {acc} cls : 96.88
[31/31 iteration of epoch 13/60] 
 {loss} cls : 0.060, total : 0.060 
 {acc} cls : 98.44
------------------------------
<Losses on train> cls : 0.113, total : 0.113
<Accuracies on train> cls : 97.08
Train epoch time: 5.695
------------------------------
<Accuracies on val> class : 90.37
------------------------------
<Accuracies on test> class : 78.77
------------------------------
<Accuracies on mixed_rand> test class : 74.32
------------------------------
<Accuracies on mixed_same> test class : 83.21
------------------------------
Total epoch time: 10.899

New epoch - lr: 0.003
[1/31 iteration of epoch 14/60] 
 {loss} cls : 0.096, total : 0.096 
 {acc} cls : 96.88
[31/31 iteration of epoch 14/60] 
 {loss} cls : 0.035, total : 0.035 
 {acc} cls : 100.00
------------------------------
<Losses on train> cls : 0.100, total : 0.100
<Accuracies on train> cls : 97.48
Train epoch time: 5.359
------------------------------
<Accuracies on val> class : 92.10
------------------------------
<Accuracies on test> class : 78.46
------------------------------
<Accuracies on mixed_rand> test class : 74.26
------------------------------
<Accuracies on mixed_same> test class : 82.65
------------------------------
Total epoch time: 10.710

New epoch - lr: 0.003
[1/31 iteration of epoch 15/60] 
 {loss} cls : 0.041, total : 0.041 
 {acc} cls : 100.00
[31/31 iteration of epoch 15/60] 
 {loss} cls : 0.098, total : 0.098 
 {acc} cls : 95.31
------------------------------
<Losses on train> cls : 0.099, total : 0.099
<Accuracies on train> cls : 97.18
Train epoch time: 5.257
------------------------------
<Accuracies on val> class : 93.33
------------------------------
<Accuracies on test> class : 78.12
------------------------------
<Accuracies on mixed_rand> test class : 73.21
------------------------------
<Accuracies on mixed_same> test class : 83.02
------------------------------
Total epoch time: 10.871

New epoch - lr: 0.003
[1/31 iteration of epoch 16/60] 
 {loss} cls : 0.127, total : 0.127 
 {acc} cls : 95.31
[31/31 iteration of epoch 16/60] 
 {loss} cls : 0.073, total : 0.073 
 {acc} cls : 96.88
------------------------------
<Losses on train> cls : 0.097, total : 0.097
<Accuracies on train> cls : 97.28
Train epoch time: 5.336
------------------------------
<Accuracies on val> class : 91.60
------------------------------
<Accuracies on test> class : 78.52
------------------------------
<Accuracies on mixed_rand> test class : 73.21
------------------------------
<Accuracies on mixed_same> test class : 83.83
------------------------------
Total epoch time: 10.692

New epoch - lr: 0.003
[1/31 iteration of epoch 17/60] 
 {loss} cls : 0.043, total : 0.043 
 {acc} cls : 98.44
[31/31 iteration of epoch 17/60] 
 {loss} cls : 0.133, total : 0.133 
 {acc} cls : 93.75
------------------------------
<Losses on train> cls : 0.076, total : 0.076
<Accuracies on train> cls : 97.83
Train epoch time: 5.377
------------------------------
<Accuracies on val> class : 92.10
------------------------------
<Accuracies on test> class : 78.46
------------------------------
<Accuracies on mixed_rand> test class : 73.77
------------------------------
<Accuracies on mixed_same> test class : 83.15
------------------------------
Total epoch time: 10.591

New epoch - lr: 0.003
[1/31 iteration of epoch 18/60] 
 {loss} cls : 0.121, total : 0.121 
 {acc} cls : 95.31
[31/31 iteration of epoch 18/60] 
 {loss} cls : 0.065, total : 0.065 
 {acc} cls : 98.44
------------------------------
<Losses on train> cls : 0.087, total : 0.087
<Accuracies on train> cls : 97.13
Train epoch time: 5.950
------------------------------
<Accuracies on val> class : 92.35
------------------------------
<Accuracies on test> class : 79.63
------------------------------
<Accuracies on mixed_rand> test class : 74.38
------------------------------
<Accuracies on mixed_same> test class : 84.88
------------------------------
Total epoch time: 11.292

New epoch - lr: 0.003
[1/31 iteration of epoch 19/60] 
 {loss} cls : 0.018, total : 0.018 
 {acc} cls : 100.00
[31/31 iteration of epoch 19/60] 
 {loss} cls : 0.036, total : 0.036 
 {acc} cls : 100.00
------------------------------
<Losses on train> cls : 0.065, total : 0.065
<Accuracies on train> cls : 98.19
Train epoch time: 5.384
------------------------------
<Accuracies on val> class : 91.11
------------------------------
<Accuracies on test> class : 77.25
------------------------------
<Accuracies on mixed_rand> test class : 72.47
------------------------------
<Accuracies on mixed_same> test class : 82.04
------------------------------
Total epoch time: 10.620

New epoch - lr: 0.003
[1/31 iteration of epoch 20/60] 
 {loss} cls : 0.031, total : 0.031 
 {acc} cls : 100.00
[31/31 iteration of epoch 20/60] 
 {loss} cls : 0.066, total : 0.066 
 {acc} cls : 96.88
------------------------------
<Losses on train> cls : 0.057, total : 0.057
<Accuracies on train> cls : 98.34
Train epoch time: 5.278
------------------------------
<Accuracies on val> class : 91.36
------------------------------
<Accuracies on test> class : 75.77
------------------------------
<Accuracies on mixed_rand> test class : 71.60
------------------------------
<Accuracies on mixed_same> test class : 79.94
------------------------------
Total epoch time: 10.588

New epoch - lr: 0.003
[1/31 iteration of epoch 21/60] 
 {loss} cls : 0.048, total : 0.048 
 {acc} cls : 96.88
[31/31 iteration of epoch 21/60] 
 {loss} cls : 0.052, total : 0.052 
 {acc} cls : 98.44
------------------------------
<Losses on train> cls : 0.069, total : 0.069
<Accuracies on train> cls : 98.14
Train epoch time: 5.951
------------------------------
<Accuracies on val> class : 92.59
------------------------------
<Accuracies on test> class : 79.91
------------------------------
<Accuracies on mixed_rand> test class : 74.75
------------------------------
<Accuracies on mixed_same> test class : 85.06
------------------------------
Total epoch time: 11.259

New epoch - lr: 0.003
[1/31 iteration of epoch 22/60] 
 {loss} cls : 0.047, total : 0.047 
 {acc} cls : 100.00
[31/31 iteration of epoch 22/60] 
 {loss} cls : 0.072, total : 0.072 
 {acc} cls : 98.44
------------------------------
<Losses on train> cls : 0.067, total : 0.067
<Accuracies on train> cls : 97.93
Train epoch time: 5.362
------------------------------
<Accuracies on val> class : 91.11
------------------------------
<Accuracies on test> class : 76.39
------------------------------
<Accuracies on mixed_rand> test class : 71.98
------------------------------
<Accuracies on mixed_same> test class : 80.80
------------------------------
Total epoch time: 10.601

New epoch - lr: 0.003
[1/31 iteration of epoch 23/60] 
 {loss} cls : 0.040, total : 0.040 
 {acc} cls : 98.44
[31/31 iteration of epoch 23/60] 
 {loss} cls : 0.021, total : 0.021 
 {acc} cls : 100.00
------------------------------
<Losses on train> cls : 0.069, total : 0.069
<Accuracies on train> cls : 97.73
Train epoch time: 5.613
------------------------------
<Accuracies on val> class : 93.33
------------------------------
<Accuracies on test> class : 79.72
------------------------------
<Accuracies on mixed_rand> test class : 75.19
------------------------------
<Accuracies on mixed_same> test class : 84.26
------------------------------
Total epoch time: 11.177

New epoch - lr: 0.003
[1/31 iteration of epoch 24/60] 
 {loss} cls : 0.027, total : 0.027 
 {acc} cls : 100.00
[31/31 iteration of epoch 24/60] 
 {loss} cls : 0.016, total : 0.016 
 {acc} cls : 100.00
------------------------------
<Losses on train> cls : 0.045, total : 0.045
<Accuracies on train> cls : 99.19
Train epoch time: 5.327
------------------------------
<Accuracies on val> class : 92.35
------------------------------
<Accuracies on test> class : 78.77
------------------------------
<Accuracies on mixed_rand> test class : 73.95
------------------------------
<Accuracies on mixed_same> test class : 83.58
------------------------------
Total epoch time: 10.478

New epoch - lr: 0.003
[1/31 iteration of epoch 25/60] 
 {loss} cls : 0.014, total : 0.014 
 {acc} cls : 100.00
[31/31 iteration of epoch 25/60] 
 {loss} cls : 0.032, total : 0.032 
 {acc} cls : 98.44
------------------------------
<Losses on train> cls : 0.047, total : 0.047
<Accuracies on train> cls : 98.74
Train epoch time: 5.340
------------------------------
<Accuracies on val> class : 93.58
------------------------------
<Accuracies on test> class : 78.58
------------------------------
<Accuracies on mixed_rand> test class : 73.40
------------------------------
<Accuracies on mixed_same> test class : 83.77
------------------------------
Total epoch time: 10.715

New epoch - lr: 0.003
[1/31 iteration of epoch 26/60] 
 {loss} cls : 0.006, total : 0.006 
 {acc} cls : 100.00
[31/31 iteration of epoch 26/60] 
 {loss} cls : 0.040, total : 0.040 
 {acc} cls : 98.44
------------------------------
<Losses on train> cls : 0.038, total : 0.038
<Accuracies on train> cls : 99.19
Train epoch time: 5.313
------------------------------
<Accuracies on val> class : 91.85
------------------------------
<Accuracies on test> class : 77.90
------------------------------
<Accuracies on mixed_rand> test class : 73.64
------------------------------
<Accuracies on mixed_same> test class : 82.16
------------------------------
Total epoch time: 10.483

New epoch - lr: 0.003
[1/31 iteration of epoch 27/60] 
 {loss} cls : 0.035, total : 0.035 
 {acc} cls : 100.00
[31/31 iteration of epoch 27/60] 
 {loss} cls : 0.155, total : 0.155 
 {acc} cls : 95.31
------------------------------
<Losses on train> cls : 0.060, total : 0.060
<Accuracies on train> cls : 98.14
Train epoch time: 5.246
------------------------------
<Accuracies on val> class : 93.58
------------------------------
<Accuracies on test> class : 80.59
------------------------------
<Accuracies on mixed_rand> test class : 75.80
------------------------------
<Accuracies on mixed_same> test class : 85.37
------------------------------
Total epoch time: 10.689

New epoch - lr: 0.003
[1/31 iteration of epoch 28/60] 
 {loss} cls : 0.061, total : 0.061 
 {acc} cls : 98.44
[31/31 iteration of epoch 28/60] 
 {loss} cls : 0.019, total : 0.019 
 {acc} cls : 100.00
------------------------------
<Losses on train> cls : 0.041, total : 0.041
<Accuracies on train> cls : 98.94
Train epoch time: 5.232
------------------------------
<Accuracies on val> class : 93.33
------------------------------
<Accuracies on test> class : 79.69
------------------------------
<Accuracies on mixed_rand> test class : 75.12
------------------------------
<Accuracies on mixed_same> test class : 84.26
------------------------------
Total epoch time: 10.316

New epoch - lr: 0.003
[1/31 iteration of epoch 29/60] 
 {loss} cls : 0.020, total : 0.020 
 {acc} cls : 100.00
[31/31 iteration of epoch 29/60] 
 {loss} cls : 0.024, total : 0.024 
 {acc} cls : 100.00
------------------------------
<Losses on train> cls : 0.028, total : 0.028
<Accuracies on train> cls : 99.55
Train epoch time: 5.735
------------------------------
<Accuracies on val> class : 93.33
------------------------------
<Accuracies on test> class : 79.41
------------------------------
<Accuracies on mixed_rand> test class : 75.06
------------------------------
<Accuracies on mixed_same> test class : 83.77
------------------------------
Total epoch time: 10.968

New epoch - lr: 0.003
[1/31 iteration of epoch 30/60] 
 {loss} cls : 0.055, total : 0.055 
 {acc} cls : 98.44
[31/31 iteration of epoch 30/60] 
 {loss} cls : 0.038, total : 0.038 
 {acc} cls : 100.00
------------------------------
<Losses on train> cls : 0.034, total : 0.034
<Accuracies on train> cls : 99.50
Train epoch time: 5.493
------------------------------
<Accuracies on val> class : 92.84
------------------------------
<Accuracies on test> class : 78.67
------------------------------
<Accuracies on mixed_rand> test class : 74.38
------------------------------
<Accuracies on mixed_same> test class : 82.96
------------------------------
Total epoch time: 10.598

New epoch - lr: 0.003
[1/31 iteration of epoch 31/60] 
 {loss} cls : 0.055, total : 0.055 
 {acc} cls : 98.44
[31/31 iteration of epoch 31/60] 
 {loss} cls : 0.136, total : 0.136 
 {acc} cls : 95.31
------------------------------
<Losses on train> cls : 0.049, total : 0.049
<Accuracies on train> cls : 98.44
Train epoch time: 5.179
------------------------------
<Accuracies on val> class : 93.33
------------------------------
<Accuracies on test> class : 77.72
------------------------------
<Accuracies on mixed_rand> test class : 73.40
------------------------------
<Accuracies on mixed_same> test class : 82.04
------------------------------
Total epoch time: 10.207

New epoch - lr: 0.003
[1/31 iteration of epoch 32/60] 
 {loss} cls : 0.038, total : 0.038 
 {acc} cls : 98.44
[31/31 iteration of epoch 32/60] 
 {loss} cls : 0.025, total : 0.025 
 {acc} cls : 98.44
------------------------------
<Losses on train> cls : 0.041, total : 0.041
<Accuracies on train> cls : 98.79
Train epoch time: 5.211
------------------------------
<Accuracies on val> class : 92.59
------------------------------
<Accuracies on test> class : 80.31
------------------------------
<Accuracies on mixed_rand> test class : 75.74
------------------------------
<Accuracies on mixed_same> test class : 84.88
------------------------------
Total epoch time: 10.388

New epoch - lr: 0.003
[1/31 iteration of epoch 33/60] 
 {loss} cls : 0.033, total : 0.033 
 {acc} cls : 98.44
[31/31 iteration of epoch 33/60] 
 {loss} cls : 0.030, total : 0.030 
 {acc} cls : 98.44
------------------------------
<Losses on train> cls : 0.040, total : 0.040
<Accuracies on train> cls : 98.84
Train epoch time: 5.330
------------------------------
<Accuracies on val> class : 92.84
------------------------------
<Accuracies on test> class : 79.75
------------------------------
<Accuracies on mixed_rand> test class : 75.12
------------------------------
<Accuracies on mixed_same> test class : 84.38
------------------------------
Total epoch time: 10.438

New epoch - lr: 0.003
[1/31 iteration of epoch 34/60] 
 {loss} cls : 0.030, total : 0.030 
 {acc} cls : 98.44
[31/31 iteration of epoch 34/60] 
 {loss} cls : 0.017, total : 0.017 
 {acc} cls : 100.00
------------------------------
<Losses on train> cls : 0.026, total : 0.026
<Accuracies on train> cls : 99.40
Train epoch time: 5.793
------------------------------
<Accuracies on val> class : 93.83
------------------------------
<Accuracies on test> class : 80.22
------------------------------
<Accuracies on mixed_rand> test class : 74.94
------------------------------
<Accuracies on mixed_same> test class : 85.49
------------------------------
Total epoch time: 11.278

New epoch - lr: 0.003
[1/31 iteration of epoch 35/60] 
 {loss} cls : 0.068, total : 0.068 
 {acc} cls : 98.44
[31/31 iteration of epoch 35/60] 
 {loss} cls : 0.023, total : 0.023 
 {acc} cls : 100.00
------------------------------
<Losses on train> cls : 0.025, total : 0.025
<Accuracies on train> cls : 99.65
Train epoch time: 5.218
------------------------------
<Accuracies on val> class : 92.84
------------------------------
<Accuracies on test> class : 79.60
------------------------------
<Accuracies on mixed_rand> test class : 75.06
------------------------------
<Accuracies on mixed_same> test class : 84.14
------------------------------
Total epoch time: 10.273

New epoch - lr: 0.003
[1/31 iteration of epoch 36/60] 
 {loss} cls : 0.010, total : 0.010 
 {acc} cls : 100.00
[31/31 iteration of epoch 36/60] 
 {loss} cls : 0.016, total : 0.016 
 {acc} cls : 100.00
------------------------------
<Losses on train> cls : 0.025, total : 0.025
<Accuracies on train> cls : 99.34
Train epoch time: 5.745
------------------------------
<Accuracies on val> class : 94.32
------------------------------
<Accuracies on test> class : 80.90
------------------------------
<Accuracies on mixed_rand> test class : 76.05
------------------------------
<Accuracies on mixed_same> test class : 85.74
------------------------------
Total epoch time: 11.278

New epoch - lr: 0.003
[1/31 iteration of epoch 37/60] 
 {loss} cls : 0.007, total : 0.007 
 {acc} cls : 100.00
[31/31 iteration of epoch 37/60] 
 {loss} cls : 0.012, total : 0.012 
 {acc} cls : 100.00
------------------------------
<Losses on train> cls : 0.018, total : 0.018
<Accuracies on train> cls : 99.80
Train epoch time: 5.231
------------------------------
<Accuracies on val> class : 94.07
------------------------------
<Accuracies on test> class : 81.20
------------------------------
<Accuracies on mixed_rand> test class : 76.42
------------------------------
<Accuracies on mixed_same> test class : 85.99
------------------------------
Total epoch time: 10.481

New epoch - lr: 0.003
[1/31 iteration of epoch 38/60] 
 {loss} cls : 0.067, total : 0.067 
 {acc} cls : 98.44
[31/31 iteration of epoch 38/60] 
 {loss} cls : 0.032, total : 0.032 
 {acc} cls : 98.44
------------------------------
<Losses on train> cls : 0.023, total : 0.023
<Accuracies on train> cls : 99.45
Train epoch time: 5.308
------------------------------
<Accuracies on val> class : 92.35
------------------------------
<Accuracies on test> class : 79.38
------------------------------
<Accuracies on mixed_rand> test class : 74.38
------------------------------
<Accuracies on mixed_same> test class : 84.38
------------------------------
Total epoch time: 10.349

New epoch - lr: 0.003
[1/31 iteration of epoch 39/60] 
 {loss} cls : 0.006, total : 0.006 
 {acc} cls : 100.00
[31/31 iteration of epoch 39/60] 
 {loss} cls : 0.023, total : 0.023 
 {acc} cls : 100.00
------------------------------
<Losses on train> cls : 0.024, total : 0.024
<Accuracies on train> cls : 99.29
Train epoch time: 5.354
------------------------------
<Accuracies on val> class : 92.35
------------------------------
<Accuracies on test> class : 79.44
------------------------------
<Accuracies on mixed_rand> test class : 74.88
------------------------------
<Accuracies on mixed_same> test class : 84.01
------------------------------
Total epoch time: 10.442

New epoch - lr: 0.003
[1/31 iteration of epoch 40/60] 
 {loss} cls : 0.023, total : 0.023 
 {acc} cls : 100.00
[31/31 iteration of epoch 40/60] 
 {loss} cls : 0.006, total : 0.006 
 {acc} cls : 100.00
------------------------------
<Losses on train> cls : 0.017, total : 0.017
<Accuracies on train> cls : 99.70
Train epoch time: 5.208
------------------------------
<Accuracies on val> class : 92.35
------------------------------
<Accuracies on test> class : 80.93
------------------------------
<Accuracies on mixed_rand> test class : 76.60
------------------------------
<Accuracies on mixed_same> test class : 85.25
------------------------------
Total epoch time: 10.340

New epoch - lr: 0.003
[1/31 iteration of epoch 41/60] 
 {loss} cls : 0.027, total : 0.027 
 {acc} cls : 100.00
[31/31 iteration of epoch 41/60] 
 {loss} cls : 0.004, total : 0.004 
 {acc} cls : 100.00
------------------------------
<Losses on train> cls : 0.014, total : 0.014
<Accuracies on train> cls : 99.75
Train epoch time: 5.353
------------------------------
<Accuracies on val> class : 91.60
------------------------------
<Accuracies on test> class : 80.00
------------------------------
<Accuracies on mixed_rand> test class : 75.19
------------------------------
<Accuracies on mixed_same> test class : 84.81
------------------------------
Total epoch time: 10.530

New epoch - lr: 0.003
[1/31 iteration of epoch 42/60] 
 {loss} cls : 0.037, total : 0.037 
 {acc} cls : 100.00
[31/31 iteration of epoch 42/60] 
 {loss} cls : 0.010, total : 0.010 
 {acc} cls : 100.00
------------------------------
<Losses on train> cls : 0.023, total : 0.023
<Accuracies on train> cls : 99.55
Train epoch time: 5.490
------------------------------
<Accuracies on val> class : 93.09
------------------------------
<Accuracies on test> class : 80.62
------------------------------
<Accuracies on mixed_rand> test class : 76.05
------------------------------
<Accuracies on mixed_same> test class : 85.19
------------------------------
Total epoch time: 10.671

New epoch - lr: 0.003
[1/31 iteration of epoch 43/60] 
 {loss} cls : 0.014, total : 0.014 
 {acc} cls : 100.00
[31/31 iteration of epoch 43/60] 
 {loss} cls : 0.005, total : 0.005 
 {acc} cls : 100.00
------------------------------
<Losses on train> cls : 0.019, total : 0.019
<Accuracies on train> cls : 99.60
Train epoch time: 5.195
------------------------------
<Accuracies on val> class : 92.84
------------------------------
<Accuracies on test> class : 78.52
------------------------------
<Accuracies on mixed_rand> test class : 74.01
------------------------------
<Accuracies on mixed_same> test class : 83.02
------------------------------
Total epoch time: 10.272

New epoch - lr: 0.003
[1/31 iteration of epoch 44/60] 
 {loss} cls : 0.005, total : 0.005 
 {acc} cls : 100.00
[31/31 iteration of epoch 44/60] 
 {loss} cls : 0.059, total : 0.059 
 {acc} cls : 98.44
------------------------------
<Losses on train> cls : 0.033, total : 0.033
<Accuracies on train> cls : 99.19
Train epoch time: 5.246
------------------------------
<Accuracies on val> class : 93.83
------------------------------
<Accuracies on test> class : 80.43
------------------------------
<Accuracies on mixed_rand> test class : 75.43
------------------------------
<Accuracies on mixed_same> test class : 85.43
------------------------------
Total epoch time: 10.378

New epoch - lr: 0.003
[1/31 iteration of epoch 45/60] 
 {loss} cls : 0.010, total : 0.010 
 {acc} cls : 100.00
[31/31 iteration of epoch 45/60] 
 {loss} cls : 0.012, total : 0.012 
 {acc} cls : 100.00
------------------------------
<Losses on train> cls : 0.019, total : 0.019
<Accuracies on train> cls : 99.60
Train epoch time: 5.379
------------------------------
<Accuracies on val> class : 92.84
------------------------------
<Accuracies on test> class : 79.88
------------------------------
<Accuracies on mixed_rand> test class : 75.74
------------------------------
<Accuracies on mixed_same> test class : 84.01
------------------------------
Total epoch time: 10.379

New epoch - lr: 0.003
[1/31 iteration of epoch 46/60] 
 {loss} cls : 0.059, total : 0.059 
 {acc} cls : 96.88
[31/31 iteration of epoch 46/60] 
 {loss} cls : 0.004, total : 0.004 
 {acc} cls : 100.00
------------------------------
<Losses on train> cls : 0.028, total : 0.028
<Accuracies on train> cls : 99.19
Train epoch time: 5.833
------------------------------
<Accuracies on val> class : 93.09
------------------------------
<Accuracies on test> class : 80.12
------------------------------
<Accuracies on mixed_rand> test class : 75.43
------------------------------
<Accuracies on mixed_same> test class : 84.81
------------------------------
Total epoch time: 10.903

New epoch - lr: 0.003
[1/31 iteration of epoch 47/60] 
 {loss} cls : 0.016, total : 0.016 
 {acc} cls : 100.00
[31/31 iteration of epoch 47/60] 
 {loss} cls : 0.013, total : 0.013 
 {acc} cls : 100.00
------------------------------
<Losses on train> cls : 0.019, total : 0.019
<Accuracies on train> cls : 99.60
Train epoch time: 5.207
------------------------------
<Accuracies on val> class : 91.60
------------------------------
<Accuracies on test> class : 80.80
------------------------------
<Accuracies on mixed_rand> test class : 75.68
------------------------------
<Accuracies on mixed_same> test class : 85.93
------------------------------
Total epoch time: 10.279

New epoch - lr: 0.003
[1/31 iteration of epoch 48/60] 
 {loss} cls : 0.010, total : 0.010 
 {acc} cls : 100.00
[31/31 iteration of epoch 48/60] 
 {loss} cls : 0.021, total : 0.021 
 {acc} cls : 100.00
------------------------------
<Losses on train> cls : 0.029, total : 0.029
<Accuracies on train> cls : 99.19
Train epoch time: 6.443
------------------------------
<Accuracies on val> class : 93.09
------------------------------
<Accuracies on test> class : 79.85
------------------------------
<Accuracies on mixed_rand> test class : 75.74
------------------------------
<Accuracies on mixed_same> test class : 83.95
------------------------------
Total epoch time: 11.528

New epoch - lr: 0.003
[1/31 iteration of epoch 49/60] 
 {loss} cls : 0.065, total : 0.065 
 {acc} cls : 96.88
[31/31 iteration of epoch 49/60] 
 {loss} cls : 0.081, total : 0.081 
 {acc} cls : 96.88
------------------------------
<Losses on train> cls : 0.034, total : 0.034
<Accuracies on train> cls : 99.14
Train epoch time: 6.115
------------------------------
<Accuracies on val> class : 92.10
------------------------------
<Accuracies on test> class : 80.74
------------------------------
<Accuracies on mixed_rand> test class : 76.30
------------------------------
<Accuracies on mixed_same> test class : 85.19
------------------------------
Total epoch time: 11.195

New epoch - lr: 0.003
[1/31 iteration of epoch 50/60] 
 {loss} cls : 0.129, total : 0.129 
 {acc} cls : 95.31
[31/31 iteration of epoch 50/60] 
 {loss} cls : 0.033, total : 0.033 
 {acc} cls : 98.44
------------------------------
<Losses on train> cls : 0.027, total : 0.027
<Accuracies on train> cls : 99.29
Train epoch time: 5.882
------------------------------
<Accuracies on val> class : 92.59
------------------------------
<Accuracies on test> class : 80.00
------------------------------
<Accuracies on mixed_rand> test class : 75.68
------------------------------
<Accuracies on mixed_same> test class : 84.32
------------------------------
Total epoch time: 11.020

New epoch - lr: 0.003
[1/31 iteration of epoch 51/60] 
 {loss} cls : 0.007, total : 0.007 
 {acc} cls : 100.00
[31/31 iteration of epoch 51/60] 
 {loss} cls : 0.092, total : 0.092 
 {acc} cls : 98.44
------------------------------
<Losses on train> cls : 0.029, total : 0.029
<Accuracies on train> cls : 99.45
Train epoch time: 5.354
------------------------------
<Accuracies on val> class : 92.59
------------------------------
<Accuracies on test> class : 80.71
------------------------------
<Accuracies on mixed_rand> test class : 76.30
------------------------------
<Accuracies on mixed_same> test class : 85.12
------------------------------
Total epoch time: 10.501

New epoch - lr: 0.003
[1/31 iteration of epoch 52/60] 
 {loss} cls : 0.022, total : 0.022 
 {acc} cls : 98.44
[31/31 iteration of epoch 52/60] 
 {loss} cls : 0.047, total : 0.047 
 {acc} cls : 100.00
------------------------------
<Losses on train> cls : 0.021, total : 0.021
<Accuracies on train> cls : 99.60
Train epoch time: 5.732
------------------------------
<Accuracies on val> class : 93.09
------------------------------
<Accuracies on test> class : 80.49
------------------------------
<Accuracies on mixed_rand> test class : 75.37
------------------------------
<Accuracies on mixed_same> test class : 85.62
------------------------------
Total epoch time: 10.818

New epoch - lr: 0.003
[1/31 iteration of epoch 53/60] 
 {loss} cls : 0.018, total : 0.018 
 {acc} cls : 100.00
[31/31 iteration of epoch 53/60] 
 {loss} cls : 0.046, total : 0.046 
 {acc} cls : 100.00
------------------------------
<Losses on train> cls : 0.030, total : 0.030
<Accuracies on train> cls : 99.40
Train epoch time: 5.403
------------------------------
<Accuracies on val> class : 92.35
------------------------------
<Accuracies on test> class : 80.93
------------------------------
<Accuracies on mixed_rand> test class : 76.23
------------------------------
<Accuracies on mixed_same> test class : 85.62
------------------------------
Total epoch time: 10.500

New epoch - lr: 0.0009000000000000002
[1/31 iteration of epoch 54/60] 
 {loss} cls : 0.030, total : 0.030 
 {acc} cls : 100.00
[31/31 iteration of epoch 54/60] 
 {loss} cls : 0.077, total : 0.077 
 {acc} cls : 96.88
------------------------------
<Losses on train> cls : 0.038, total : 0.038
<Accuracies on train> cls : 98.74
Train epoch time: 5.379
------------------------------
<Accuracies on val> class : 92.84
------------------------------
<Accuracies on test> class : 80.86
------------------------------
<Accuracies on mixed_rand> test class : 76.17
------------------------------
<Accuracies on mixed_same> test class : 85.56
------------------------------
Total epoch time: 10.529

New epoch - lr: 0.0009000000000000002
[1/31 iteration of epoch 55/60] 
 {loss} cls : 0.027, total : 0.027 
 {acc} cls : 98.44
[31/31 iteration of epoch 55/60] 
 {loss} cls : 0.008, total : 0.008 
 {acc} cls : 100.00
------------------------------
<Losses on train> cls : 0.030, total : 0.030
<Accuracies on train> cls : 98.89
Train epoch time: 5.257
------------------------------
<Accuracies on val> class : 92.59
------------------------------
<Accuracies on test> class : 80.74
------------------------------
<Accuracies on mixed_rand> test class : 76.11
------------------------------
<Accuracies on mixed_same> test class : 85.37
------------------------------
Total epoch time: 10.474

New epoch - lr: 0.0009000000000000002
[1/31 iteration of epoch 56/60] 
 {loss} cls : 0.016, total : 0.016 
 {acc} cls : 100.00
[31/31 iteration of epoch 56/60] 
 {loss} cls : 0.116, total : 0.116 
 {acc} cls : 98.44
------------------------------
<Losses on train> cls : 0.033, total : 0.033
<Accuracies on train> cls : 99.40
Train epoch time: 5.366
------------------------------
<Accuracies on val> class : 92.84
------------------------------
<Accuracies on test> class : 80.99
------------------------------
<Accuracies on mixed_rand> test class : 76.42
------------------------------
<Accuracies on mixed_same> test class : 85.56
------------------------------
Total epoch time: 10.505

New epoch - lr: 0.0009000000000000002
[1/31 iteration of epoch 57/60] 
 {loss} cls : 0.100, total : 0.100 
 {acc} cls : 92.19
[31/31 iteration of epoch 57/60] 
 {loss} cls : 0.061, total : 0.061 
 {acc} cls : 96.88
------------------------------
<Losses on train> cls : 0.065, total : 0.065
<Accuracies on train> cls : 97.43
Train epoch time: 5.888
------------------------------
<Accuracies on val> class : 93.09
------------------------------
<Accuracies on test> class : 81.11
------------------------------
<Accuracies on mixed_rand> test class : 76.67
------------------------------
<Accuracies on mixed_same> test class : 85.56
------------------------------
Total epoch time: 10.934

New epoch - lr: 0.0009000000000000002
[1/31 iteration of epoch 58/60] 
 {loss} cls : 0.028, total : 0.028 
 {acc} cls : 100.00
[31/31 iteration of epoch 58/60] 
 {loss} cls : 0.017, total : 0.017 
 {acc} cls : 100.00
------------------------------
<Losses on train> cls : 0.069, total : 0.069
<Accuracies on train> cls : 97.03
Train epoch time: 5.380
------------------------------
<Accuracies on val> class : 93.09
------------------------------
<Accuracies on test> class : 81.45
------------------------------
<Accuracies on mixed_rand> test class : 76.98
------------------------------
<Accuracies on mixed_same> test class : 85.93
------------------------------
Total epoch time: 10.523

New epoch - lr: 0.0009000000000000002
[1/31 iteration of epoch 59/60] 
 {loss} cls : 0.105, total : 0.105 
 {acc} cls : 93.75
[31/31 iteration of epoch 59/60] 
 {loss} cls : 0.085, total : 0.085 
 {acc} cls : 100.00
------------------------------
<Losses on train> cls : 0.070, total : 0.070
<Accuracies on train> cls : 97.63
Train epoch time: 5.625
------------------------------
<Accuracies on val> class : 93.33
------------------------------
<Accuracies on test> class : 82.07
------------------------------
<Accuracies on mixed_rand> test class : 77.53
------------------------------
<Accuracies on mixed_same> test class : 86.60
------------------------------
Total epoch time: 10.727

New epoch - lr: 0.0009000000000000002
[1/31 iteration of epoch 60/60] 
 {loss} cls : 0.044, total : 0.044 
 {acc} cls : 100.00
[31/31 iteration of epoch 60/60] 
 {loss} cls : 0.067, total : 0.067 
 {acc} cls : 100.00
------------------------------
<Losses on train> cls : 0.050, total : 0.050
<Accuracies on train> cls : 99.19
Train epoch time: 5.365
------------------------------
<Accuracies on val> class : 93.09
------------------------------
<Accuracies on test> class : 81.76
------------------------------
<Accuracies on mixed_rand> test class : 77.35
------------------------------
<Accuracies on mixed_same> test class : 86.17
------------------------------
Total epoch time: 10.477

******************************
Best val 0.94321, corresponding test 0.808951 - best test: 0.820679

******************************
Best val 0.9432098865509033, corresponding mixed_rand test 0.760493814945221

******************************
Best val 0.9432098865509033, corresponding mixed_same test 0.8574073910713196
