
Loading experiment Officehome/ResNet18_step

Sample Strategy: all

New epoch - lr: 0.003
[1/61 iteration of epoch 1/50] 
 {loss} cls : 4.420, total : 4.420 
 {acc} cls : 1.56
[31/61 iteration of epoch 1/50] 
 {loss} cls : 1.148, total : 1.148 
 {acc} cls : 66.41
[61/61 iteration of epoch 1/50] 
 {loss} cls : 1.039, total : 1.039 
 {acc} cls : 71.88
------------------------------
<Losses on train> cls : 1.795, total : 1.795
<Accuracies on train> cls : 56.60
Train epoch time: 124.097
------------------------------
<Accuracies on val> class : 74.71
------------------------------
<Accuracies on test> class : 55.78
------------------------------
<Accuracies on Art> test class : 51.01
------------------------------
<Accuracies on Clipart> test class : 47.65
------------------------------
<Accuracies on Product> test class : 66.39
------------------------------
Total epoch time: 227.074

New epoch - lr: 0.003
[1/61 iteration of epoch 2/50] 
 {loss} cls : 0.776, total : 0.776 
 {acc} cls : 75.00
[31/61 iteration of epoch 2/50] 
 {loss} cls : 0.758, total : 0.758 
 {acc} cls : 79.69
[61/61 iteration of epoch 2/50] 
 {loss} cls : 0.738, total : 0.738 
 {acc} cls : 75.00
------------------------------
<Losses on train> cls : 0.700, total : 0.700
<Accuracies on train> cls : 79.93
Train epoch time: 127.872
------------------------------
<Accuracies on val> class : 77.93
------------------------------
<Accuracies on test> class : 59.31
------------------------------
<Accuracies on Art> test class : 55.46
------------------------------
<Accuracies on Clipart> test class : 50.84
------------------------------
<Accuracies on Product> test class : 69.75
------------------------------
Total epoch time: 226.544

New epoch - lr: 0.003
[1/61 iteration of epoch 3/50] 
 {loss} cls : 0.427, total : 0.427 
 {acc} cls : 85.94
[31/61 iteration of epoch 3/50] 
 {loss} cls : 0.566, total : 0.566 
 {acc} cls : 82.81
[61/61 iteration of epoch 3/50] 
 {loss} cls : 0.672, total : 0.672 
 {acc} cls : 75.00
------------------------------
<Losses on train> cls : 0.549, total : 0.549
<Accuracies on train> cls : 83.99
Train epoch time: 115.887
------------------------------
<Accuracies on val> class : 80.00
------------------------------
<Accuracies on test> class : 60.93
------------------------------
<Accuracies on Art> test class : 56.45
------------------------------
<Accuracies on Clipart> test class : 51.87
------------------------------
<Accuracies on Product> test class : 72.29
------------------------------
Total epoch time: 225.806

New epoch - lr: 0.003
[1/61 iteration of epoch 4/50] 
 {loss} cls : 0.458, total : 0.458 
 {acc} cls : 89.06
[31/61 iteration of epoch 4/50] 
 {loss} cls : 0.469, total : 0.469 
 {acc} cls : 84.38
[61/61 iteration of epoch 4/50] 
 {loss} cls : 0.520, total : 0.520 
 {acc} cls : 84.38
------------------------------
<Losses on train> cls : 0.441, total : 0.441
<Accuracies on train> cls : 87.26
Train epoch time: 119.545
------------------------------
<Accuracies on val> class : 78.85
------------------------------
<Accuracies on test> class : 58.51
------------------------------
<Accuracies on Art> test class : 55.05
------------------------------
<Accuracies on Clipart> test class : 48.98
------------------------------
<Accuracies on Product> test class : 69.77
------------------------------
Total epoch time: 223.407

New epoch - lr: 0.003
[1/61 iteration of epoch 5/50] 
 {loss} cls : 0.290, total : 0.290 
 {acc} cls : 92.97
[31/61 iteration of epoch 5/50] 
 {loss} cls : 0.478, total : 0.478 
 {acc} cls : 90.62
[61/61 iteration of epoch 5/50] 
 {loss} cls : 0.482, total : 0.482 
 {acc} cls : 87.50
------------------------------
<Losses on train> cls : 0.385, total : 0.385
<Accuracies on train> cls : 88.88
Train epoch time: 121.359
------------------------------
<Accuracies on val> class : 80.00
------------------------------
<Accuracies on test> class : 60.23
------------------------------
<Accuracies on Art> test class : 55.95
------------------------------
<Accuracies on Clipart> test class : 51.52
------------------------------
<Accuracies on Product> test class : 71.12
------------------------------
Total epoch time: 223.347

New epoch - lr: 0.003
[1/61 iteration of epoch 6/50] 
 {loss} cls : 0.482, total : 0.482 
 {acc} cls : 84.38
[31/61 iteration of epoch 6/50] 
 {loss} cls : 0.230, total : 0.230 
 {acc} cls : 95.31
[61/61 iteration of epoch 6/50] 
 {loss} cls : 0.363, total : 0.363 
 {acc} cls : 90.62
------------------------------
<Losses on train> cls : 0.305, total : 0.305
<Accuracies on train> cls : 91.14
Train epoch time: 122.160
------------------------------
<Accuracies on val> class : 81.84
------------------------------
<Accuracies on test> class : 61.11
------------------------------
<Accuracies on Art> test class : 56.20
------------------------------
<Accuracies on Clipart> test class : 51.84
------------------------------
<Accuracies on Product> test class : 72.90
------------------------------
Total epoch time: 221.725

New epoch - lr: 0.003
[1/61 iteration of epoch 7/50] 
 {loss} cls : 0.253, total : 0.253 
 {acc} cls : 92.97
[31/61 iteration of epoch 7/50] 
 {loss} cls : 0.252, total : 0.252 
 {acc} cls : 92.19
[61/61 iteration of epoch 7/50] 
 {loss} cls : 0.240, total : 0.240 
 {acc} cls : 92.97
------------------------------
<Losses on train> cls : 0.283, total : 0.283
<Accuracies on train> cls : 91.79
Train epoch time: 119.649
------------------------------
<Accuracies on val> class : 81.84
------------------------------
<Accuracies on test> class : 60.75
------------------------------
<Accuracies on Art> test class : 56.57
------------------------------
<Accuracies on Clipart> test class : 52.23
------------------------------
<Accuracies on Product> test class : 71.41
------------------------------
Total epoch time: 225.576

New epoch - lr: 0.003
[1/61 iteration of epoch 8/50] 
 {loss} cls : 0.166, total : 0.166 
 {acc} cls : 95.31
[31/61 iteration of epoch 8/50] 
 {loss} cls : 0.171, total : 0.171 
 {acc} cls : 96.09
[61/61 iteration of epoch 8/50] 
 {loss} cls : 0.160, total : 0.160 
 {acc} cls : 95.31
------------------------------
<Losses on train> cls : 0.255, total : 0.255
<Accuracies on train> cls : 92.78
Train epoch time: 114.287
------------------------------
<Accuracies on val> class : 81.15
------------------------------
<Accuracies on test> class : 62.40
------------------------------
<Accuracies on Art> test class : 57.68
------------------------------
<Accuracies on Clipart> test class : 54.07
------------------------------
<Accuracies on Product> test class : 73.17
------------------------------
Total epoch time: 219.057

New epoch - lr: 0.003
[1/61 iteration of epoch 9/50] 
 {loss} cls : 0.151, total : 0.151 
 {acc} cls : 94.53
[31/61 iteration of epoch 9/50] 
 {loss} cls : 0.188, total : 0.188 
 {acc} cls : 96.09
[61/61 iteration of epoch 9/50] 
 {loss} cls : 0.308, total : 0.308 
 {acc} cls : 90.62
------------------------------
<Losses on train> cls : 0.209, total : 0.209
<Accuracies on train> cls : 94.19
Train epoch time: 119.701
------------------------------
<Accuracies on val> class : 81.15
------------------------------
<Accuracies on test> class : 61.90
------------------------------
<Accuracies on Art> test class : 56.86
------------------------------
<Accuracies on Clipart> test class : 53.49
------------------------------
<Accuracies on Product> test class : 72.92
------------------------------
Total epoch time: 219.159

New epoch - lr: 0.003
[1/61 iteration of epoch 10/50] 
 {loss} cls : 0.181, total : 0.181 
 {acc} cls : 94.53
[31/61 iteration of epoch 10/50] 
 {loss} cls : 0.207, total : 0.207 
 {acc} cls : 92.19
[61/61 iteration of epoch 10/50] 
 {loss} cls : 0.191, total : 0.191 
 {acc} cls : 95.31
------------------------------
<Losses on train> cls : 0.205, total : 0.205
<Accuracies on train> cls : 94.06
Train epoch time: 121.733
------------------------------
<Accuracies on val> class : 82.30
------------------------------
<Accuracies on test> class : 62.93
------------------------------
<Accuracies on Art> test class : 58.01
------------------------------
<Accuracies on Clipart> test class : 54.20
------------------------------
<Accuracies on Product> test class : 74.21
------------------------------
Total epoch time: 223.014

New epoch - lr: 0.003
[1/61 iteration of epoch 11/50] 
 {loss} cls : 0.120, total : 0.120 
 {acc} cls : 95.31
[31/61 iteration of epoch 11/50] 
 {loss} cls : 0.134, total : 0.134 
 {acc} cls : 96.09
[61/61 iteration of epoch 11/50] 
 {loss} cls : 0.270, total : 0.270 
 {acc} cls : 92.19
------------------------------
<Losses on train> cls : 0.187, total : 0.187
<Accuracies on train> cls : 94.92
Train epoch time: 120.651
------------------------------
<Accuracies on val> class : 81.15
------------------------------
<Accuracies on test> class : 62.18
------------------------------
<Accuracies on Art> test class : 56.70
------------------------------
<Accuracies on Clipart> test class : 53.70
------------------------------
<Accuracies on Product> test class : 73.51
------------------------------
Total epoch time: 225.437

New epoch - lr: 0.003
[1/61 iteration of epoch 12/50] 
 {loss} cls : 0.138, total : 0.138 
 {acc} cls : 96.09
[31/61 iteration of epoch 12/50] 
 {loss} cls : 0.223, total : 0.223 
 {acc} cls : 96.88
[61/61 iteration of epoch 12/50] 
 {loss} cls : 0.099, total : 0.099 
 {acc} cls : 98.44
------------------------------
<Losses on train> cls : 0.155, total : 0.155
<Accuracies on train> cls : 95.68
Train epoch time: 113.711
------------------------------
<Accuracies on val> class : 80.92
------------------------------
<Accuracies on test> class : 63.08
------------------------------
<Accuracies on Art> test class : 58.01
------------------------------
<Accuracies on Clipart> test class : 55.19
------------------------------
<Accuracies on Product> test class : 73.60
------------------------------
Total epoch time: 219.704

New epoch - lr: 0.003
[1/61 iteration of epoch 13/50] 
 {loss} cls : 0.185, total : 0.185 
 {acc} cls : 95.31
[31/61 iteration of epoch 13/50] 
 {loss} cls : 0.226, total : 0.226 
 {acc} cls : 92.97
[61/61 iteration of epoch 13/50] 
 {loss} cls : 0.082, total : 0.082 
 {acc} cls : 96.88
------------------------------
<Losses on train> cls : 0.147, total : 0.147
<Accuracies on train> cls : 96.23
Train epoch time: 120.809
------------------------------
<Accuracies on val> class : 80.92
------------------------------
<Accuracies on test> class : 62.08
------------------------------
<Accuracies on Art> test class : 55.09
------------------------------
<Accuracies on Clipart> test class : 54.27
------------------------------
<Accuracies on Product> test class : 73.58
------------------------------
Total epoch time: 223.205

New epoch - lr: 0.003
[1/61 iteration of epoch 14/50] 
 {loss} cls : 0.199, total : 0.199 
 {acc} cls : 95.31
[31/61 iteration of epoch 14/50] 
 {loss} cls : 0.146, total : 0.146 
 {acc} cls : 96.09
[61/61 iteration of epoch 14/50] 
 {loss} cls : 0.135, total : 0.135 
 {acc} cls : 93.75
------------------------------
<Losses on train> cls : 0.125, total : 0.125
<Accuracies on train> cls : 96.72
Train epoch time: 118.536
------------------------------
<Accuracies on val> class : 82.53
------------------------------
<Accuracies on test> class : 62.60
------------------------------
<Accuracies on Art> test class : 58.34
------------------------------
<Accuracies on Clipart> test class : 54.32
------------------------------
<Accuracies on Product> test class : 73.08
------------------------------
Total epoch time: 222.140

New epoch - lr: 0.003
[1/61 iteration of epoch 15/50] 
 {loss} cls : 0.098, total : 0.098 
 {acc} cls : 96.88
[31/61 iteration of epoch 15/50] 
 {loss} cls : 0.172, total : 0.172 
 {acc} cls : 94.53
[61/61 iteration of epoch 15/50] 
 {loss} cls : 0.108, total : 0.108 
 {acc} cls : 97.66
------------------------------
<Losses on train> cls : 0.130, total : 0.130
<Accuracies on train> cls : 96.52
Train epoch time: 117.162
------------------------------
<Accuracies on val> class : 81.38
------------------------------
<Accuracies on test> class : 62.40
------------------------------
<Accuracies on Art> test class : 57.35
------------------------------
<Accuracies on Clipart> test class : 53.61
------------------------------
<Accuracies on Product> test class : 73.80
------------------------------
Total epoch time: 219.462

New epoch - lr: 0.003
[1/61 iteration of epoch 16/50] 
 {loss} cls : 0.101, total : 0.101 
 {acc} cls : 96.09
[31/61 iteration of epoch 16/50] 
 {loss} cls : 0.101, total : 0.101 
 {acc} cls : 96.88
[61/61 iteration of epoch 16/50] 
 {loss} cls : 0.185, total : 0.185 
 {acc} cls : 96.09
------------------------------
<Losses on train> cls : 0.113, total : 0.113
<Accuracies on train> cls : 96.95
Train epoch time: 115.251
------------------------------
<Accuracies on val> class : 81.84
------------------------------
<Accuracies on test> class : 62.59
------------------------------
<Accuracies on Art> test class : 57.40
------------------------------
<Accuracies on Clipart> test class : 54.27
------------------------------
<Accuracies on Product> test class : 73.62
------------------------------
Total epoch time: 216.865

New epoch - lr: 0.003
[1/61 iteration of epoch 17/50] 
 {loss} cls : 0.057, total : 0.057 
 {acc} cls : 97.66
[31/61 iteration of epoch 17/50] 
 {loss} cls : 0.121, total : 0.121 
 {acc} cls : 95.31
[61/61 iteration of epoch 17/50] 
 {loss} cls : 0.073, total : 0.073 
 {acc} cls : 98.44
------------------------------
<Losses on train> cls : 0.105, total : 0.105
<Accuracies on train> cls : 97.23
Train epoch time: 118.240
------------------------------
<Accuracies on val> class : 82.30
------------------------------
<Accuracies on test> class : 62.88
------------------------------
<Accuracies on Art> test class : 56.12
------------------------------
<Accuracies on Clipart> test class : 54.30
------------------------------
<Accuracies on Product> test class : 75.02
------------------------------
Total epoch time: 216.039

New epoch - lr: 0.003
[1/61 iteration of epoch 18/50] 
 {loss} cls : 0.154, total : 0.154 
 {acc} cls : 96.88
[31/61 iteration of epoch 18/50] 
 {loss} cls : 0.095, total : 0.095 
 {acc} cls : 96.88
[61/61 iteration of epoch 18/50] 
 {loss} cls : 0.113, total : 0.113 
 {acc} cls : 96.88
------------------------------
<Losses on train> cls : 0.098, total : 0.098
<Accuracies on train> cls : 97.53
Train epoch time: 109.174
------------------------------
<Accuracies on val> class : 80.69
------------------------------
<Accuracies on test> class : 63.46
------------------------------
<Accuracies on Art> test class : 57.97
------------------------------
<Accuracies on Clipart> test class : 55.51
------------------------------
<Accuracies on Product> test class : 74.27
------------------------------
Total epoch time: 209.983

New epoch - lr: 0.003
[1/61 iteration of epoch 19/50] 
 {loss} cls : 0.064, total : 0.064 
 {acc} cls : 98.44
[31/61 iteration of epoch 19/50] 
 {loss} cls : 0.071, total : 0.071 
 {acc} cls : 97.66
[61/61 iteration of epoch 19/50] 
 {loss} cls : 0.088, total : 0.088 
 {acc} cls : 98.44
------------------------------
<Losses on train> cls : 0.092, total : 0.092
<Accuracies on train> cls : 97.63
Train epoch time: 112.857
------------------------------
<Accuracies on val> class : 82.76
------------------------------
<Accuracies on test> class : 63.23
------------------------------
<Accuracies on Art> test class : 56.70
------------------------------
<Accuracies on Clipart> test class : 55.74
------------------------------
<Accuracies on Product> test class : 74.16
------------------------------
Total epoch time: 208.378

New epoch - lr: 0.003
[1/61 iteration of epoch 20/50] 
 {loss} cls : 0.126, total : 0.126 
 {acc} cls : 97.66
[31/61 iteration of epoch 20/50] 
 {loss} cls : 0.093, total : 0.093 
 {acc} cls : 96.88
[61/61 iteration of epoch 20/50] 
 {loss} cls : 0.116, total : 0.116 
 {acc} cls : 96.09
------------------------------
<Losses on train> cls : 0.089, total : 0.089
<Accuracies on train> cls : 97.76
Train epoch time: 113.688
------------------------------
<Accuracies on val> class : 82.53
------------------------------
<Accuracies on test> class : 63.08
------------------------------
<Accuracies on Art> test class : 57.07
------------------------------
<Accuracies on Clipart> test class : 54.91
------------------------------
<Accuracies on Product> test class : 74.41
------------------------------
Total epoch time: 208.639

New epoch - lr: 0.003
[1/61 iteration of epoch 21/50] 
 {loss} cls : 0.051, total : 0.051 
 {acc} cls : 99.22
[31/61 iteration of epoch 21/50] 
 {loss} cls : 0.060, total : 0.060 
 {acc} cls : 98.44
[61/61 iteration of epoch 21/50] 
 {loss} cls : 0.113, total : 0.113 
 {acc} cls : 96.09
------------------------------
<Losses on train> cls : 0.084, total : 0.084
<Accuracies on train> cls : 97.80
Train epoch time: 116.221
------------------------------
<Accuracies on val> class : 82.53
------------------------------
<Accuracies on test> class : 62.92
------------------------------
<Accuracies on Art> test class : 56.70
------------------------------
<Accuracies on Clipart> test class : 55.12
------------------------------
<Accuracies on Product> test class : 73.98
------------------------------
Total epoch time: 210.616

New epoch - lr: 0.003
[1/61 iteration of epoch 22/50] 
 {loss} cls : 0.099, total : 0.099 
 {acc} cls : 96.88
[31/61 iteration of epoch 22/50] 
 {loss} cls : 0.099, total : 0.099 
 {acc} cls : 96.09
[61/61 iteration of epoch 22/50] 
 {loss} cls : 0.034, total : 0.034 
 {acc} cls : 100.00
------------------------------
<Losses on train> cls : 0.080, total : 0.080
<Accuracies on train> cls : 98.05
Train epoch time: 110.902
------------------------------
<Accuracies on val> class : 81.61
------------------------------
<Accuracies on test> class : 63.26
------------------------------
<Accuracies on Art> test class : 57.11
------------------------------
<Accuracies on Clipart> test class : 54.98
------------------------------
<Accuracies on Product> test class : 74.77
------------------------------
Total epoch time: 212.516

New epoch - lr: 0.003
[1/61 iteration of epoch 23/50] 
 {loss} cls : 0.089, total : 0.089 
 {acc} cls : 96.88
[31/61 iteration of epoch 23/50] 
 {loss} cls : 0.089, total : 0.089 
 {acc} cls : 96.88
[61/61 iteration of epoch 23/50] 
 {loss} cls : 0.073, total : 0.073 
 {acc} cls : 98.44
------------------------------
<Losses on train> cls : 0.077, total : 0.077
<Accuracies on train> cls : 97.95
Train epoch time: 110.392
------------------------------
<Accuracies on val> class : 84.60
------------------------------
<Accuracies on test> class : 63.52
------------------------------
<Accuracies on Art> test class : 57.44
------------------------------
<Accuracies on Clipart> test class : 55.35
------------------------------
<Accuracies on Product> test class : 74.88
------------------------------
Total epoch time: 205.754

New epoch - lr: 0.003
[1/61 iteration of epoch 24/50] 
 {loss} cls : 0.036, total : 0.036 
 {acc} cls : 100.00
[31/61 iteration of epoch 24/50] 
 {loss} cls : 0.117, total : 0.117 
 {acc} cls : 96.09
[61/61 iteration of epoch 24/50] 
 {loss} cls : 0.060, total : 0.060 
 {acc} cls : 99.22
------------------------------
<Losses on train> cls : 0.068, total : 0.068
<Accuracies on train> cls : 98.39
Train epoch time: 112.334
------------------------------
<Accuracies on val> class : 80.92
------------------------------
<Accuracies on test> class : 63.24
------------------------------
<Accuracies on Art> test class : 57.19
------------------------------
<Accuracies on Clipart> test class : 55.37
------------------------------
<Accuracies on Product> test class : 74.30
------------------------------
Total epoch time: 207.087

New epoch - lr: 0.003
[1/61 iteration of epoch 25/50] 
 {loss} cls : 0.071, total : 0.071 
 {acc} cls : 98.44
[31/61 iteration of epoch 25/50] 
 {loss} cls : 0.105, total : 0.105 
 {acc} cls : 96.09
[61/61 iteration of epoch 25/50] 
 {loss} cls : 0.139, total : 0.139 
 {acc} cls : 96.88
------------------------------
<Losses on train> cls : 0.065, total : 0.065
<Accuracies on train> cls : 98.41
Train epoch time: 115.609
------------------------------
<Accuracies on val> class : 82.76
------------------------------
<Accuracies on test> class : 63.32
------------------------------
<Accuracies on Art> test class : 57.15
------------------------------
<Accuracies on Clipart> test class : 55.76
------------------------------
<Accuracies on Product> test class : 74.12
------------------------------
Total epoch time: 209.267

New epoch - lr: 0.003
[1/61 iteration of epoch 26/50] 
 {loss} cls : 0.088, total : 0.088 
 {acc} cls : 97.66
[31/61 iteration of epoch 26/50] 
 {loss} cls : 0.073, total : 0.073 
 {acc} cls : 98.44
[61/61 iteration of epoch 26/50] 
 {loss} cls : 0.034, total : 0.034 
 {acc} cls : 100.00
------------------------------
<Losses on train> cls : 0.060, total : 0.060
<Accuracies on train> cls : 98.40
Train epoch time: 111.486
------------------------------
<Accuracies on val> class : 80.92
------------------------------
<Accuracies on test> class : 63.23
------------------------------
<Accuracies on Art> test class : 57.44
------------------------------
<Accuracies on Clipart> test class : 55.42
------------------------------
<Accuracies on Product> test class : 74.07
------------------------------
Total epoch time: 212.655

New epoch - lr: 0.003
[1/61 iteration of epoch 27/50] 
 {loss} cls : 0.062, total : 0.062 
 {acc} cls : 98.44
[31/61 iteration of epoch 27/50] 
 {loss} cls : 0.027, total : 0.027 
 {acc} cls : 100.00
[61/61 iteration of epoch 27/50] 
 {loss} cls : 0.093, total : 0.093 
 {acc} cls : 97.66
------------------------------
<Losses on train> cls : 0.059, total : 0.059
<Accuracies on train> cls : 98.45
Train epoch time: 109.716
------------------------------
<Accuracies on val> class : 81.84
------------------------------
<Accuracies on test> class : 63.48
------------------------------
<Accuracies on Art> test class : 58.26
------------------------------
<Accuracies on Clipart> test class : 54.73
------------------------------
<Accuracies on Product> test class : 74.93
------------------------------
Total epoch time: 205.428

New epoch - lr: 0.003
[1/61 iteration of epoch 28/50] 
 {loss} cls : 0.040, total : 0.040 
 {acc} cls : 100.00
[31/61 iteration of epoch 28/50] 
 {loss} cls : 0.055, total : 0.055 
 {acc} cls : 99.22
[61/61 iteration of epoch 28/50] 
 {loss} cls : 0.057, total : 0.057 
 {acc} cls : 98.44
------------------------------
<Losses on train> cls : 0.060, total : 0.060
<Accuracies on train> cls : 98.63
Train epoch time: 114.450
------------------------------
<Accuracies on val> class : 80.92
------------------------------
<Accuracies on test> class : 63.29
------------------------------
<Accuracies on Art> test class : 57.07
------------------------------
<Accuracies on Clipart> test class : 55.85
------------------------------
<Accuracies on Product> test class : 74.00
------------------------------
Total epoch time: 208.903

New epoch - lr: 0.003
[1/61 iteration of epoch 29/50] 
 {loss} cls : 0.027, total : 0.027 
 {acc} cls : 100.00
[31/61 iteration of epoch 29/50] 
 {loss} cls : 0.089, total : 0.089 
 {acc} cls : 98.44
[61/61 iteration of epoch 29/50] 
 {loss} cls : 0.068, total : 0.068 
 {acc} cls : 97.66
------------------------------
<Losses on train> cls : 0.052, total : 0.052
<Accuracies on train> cls : 98.81
Train epoch time: 115.576
------------------------------
<Accuracies on val> class : 82.53
------------------------------
<Accuracies on test> class : 63.53
------------------------------
<Accuracies on Art> test class : 57.15
------------------------------
<Accuracies on Clipart> test class : 56.38
------------------------------
<Accuracies on Product> test class : 74.05
------------------------------
Total epoch time: 209.766

New epoch - lr: 0.003
[1/61 iteration of epoch 30/50] 
 {loss} cls : 0.028, total : 0.028 
 {acc} cls : 99.22
[31/61 iteration of epoch 30/50] 
 {loss} cls : 0.036, total : 0.036 
 {acc} cls : 99.22
[61/61 iteration of epoch 30/50] 
 {loss} cls : 0.080, total : 0.080 
 {acc} cls : 98.44
------------------------------
<Losses on train> cls : 0.057, total : 0.057
<Accuracies on train> cls : 98.57
Train epoch time: 113.709
------------------------------
<Accuracies on val> class : 82.07
------------------------------
<Accuracies on test> class : 63.28
------------------------------
<Accuracies on Art> test class : 58.43
------------------------------
<Accuracies on Clipart> test class : 55.05
------------------------------
<Accuracies on Product> test class : 74.03
------------------------------
Total epoch time: 212.194

New epoch - lr: 0.003
[1/61 iteration of epoch 31/50] 
 {loss} cls : 0.048, total : 0.048 
 {acc} cls : 99.22
[31/61 iteration of epoch 31/50] 
 {loss} cls : 0.069, total : 0.069 
 {acc} cls : 96.88
[61/61 iteration of epoch 31/50] 
 {loss} cls : 0.067, total : 0.067 
 {acc} cls : 98.44
------------------------------
<Losses on train> cls : 0.049, total : 0.049
<Accuracies on train> cls : 98.85
Train epoch time: 108.448
------------------------------
<Accuracies on val> class : 82.99
------------------------------
<Accuracies on test> class : 63.24
------------------------------
<Accuracies on Art> test class : 56.90
------------------------------
<Accuracies on Clipart> test class : 55.44
------------------------------
<Accuracies on Product> test class : 74.39
------------------------------
Total epoch time: 205.398

New epoch - lr: 0.003
[1/61 iteration of epoch 32/50] 
 {loss} cls : 0.057, total : 0.057 
 {acc} cls : 99.22
[31/61 iteration of epoch 32/50] 
 {loss} cls : 0.046, total : 0.046 
 {acc} cls : 98.44
[61/61 iteration of epoch 32/50] 
 {loss} cls : 0.038, total : 0.038 
 {acc} cls : 100.00
------------------------------
<Losses on train> cls : 0.049, total : 0.049
<Accuracies on train> cls : 98.92
Train epoch time: 114.043
------------------------------
<Accuracies on val> class : 82.76
------------------------------
<Accuracies on test> class : 63.24
------------------------------
<Accuracies on Art> test class : 57.07
------------------------------
<Accuracies on Clipart> test class : 55.23
------------------------------
<Accuracies on Product> test class : 74.48
------------------------------
Total epoch time: 208.403

New epoch - lr: 0.003
[1/61 iteration of epoch 33/50] 
 {loss} cls : 0.046, total : 0.046 
 {acc} cls : 100.00
[31/61 iteration of epoch 33/50] 
 {loss} cls : 0.047, total : 0.047 
 {acc} cls : 99.22
[61/61 iteration of epoch 33/50] 
 {loss} cls : 0.095, total : 0.095 
 {acc} cls : 97.66
------------------------------
<Losses on train> cls : 0.047, total : 0.047
<Accuracies on train> cls : 99.00
Train epoch time: 115.687
------------------------------
<Accuracies on val> class : 82.53
------------------------------
<Accuracies on test> class : 63.82
------------------------------
<Accuracies on Art> test class : 57.44
------------------------------
<Accuracies on Clipart> test class : 55.95
------------------------------
<Accuracies on Product> test class : 75.06
------------------------------
Total epoch time: 209.830

New epoch - lr: 0.003
[1/61 iteration of epoch 34/50] 
 {loss} cls : 0.040, total : 0.040 
 {acc} cls : 98.44
[31/61 iteration of epoch 34/50] 
 {loss} cls : 0.020, total : 0.020 
 {acc} cls : 100.00
[61/61 iteration of epoch 34/50] 
 {loss} cls : 0.017, total : 0.017 
 {acc} cls : 100.00
------------------------------
<Losses on train> cls : 0.044, total : 0.044
<Accuracies on train> cls : 99.01
Train epoch time: 110.291
------------------------------
<Accuracies on val> class : 81.84
------------------------------
<Accuracies on test> class : 63.19
------------------------------
<Accuracies on Art> test class : 56.65
------------------------------
<Accuracies on Clipart> test class : 54.80
------------------------------
<Accuracies on Product> test class : 75.02
------------------------------
Total epoch time: 208.723

New epoch - lr: 0.003
[1/61 iteration of epoch 35/50] 
 {loss} cls : 0.043, total : 0.043 
 {acc} cls : 98.44
[31/61 iteration of epoch 35/50] 
 {loss} cls : 0.022, total : 0.022 
 {acc} cls : 100.00
[61/61 iteration of epoch 35/50] 
 {loss} cls : 0.038, total : 0.038 
 {acc} cls : 99.22
------------------------------
<Losses on train> cls : 0.046, total : 0.046
<Accuracies on train> cls : 98.86
Train epoch time: 107.560
------------------------------
<Accuracies on val> class : 83.22
------------------------------
<Accuracies on test> class : 63.42
------------------------------
<Accuracies on Art> test class : 56.86
------------------------------
<Accuracies on Clipart> test class : 55.07
------------------------------
<Accuracies on Product> test class : 75.22
------------------------------
Total epoch time: 202.944

New epoch - lr: 0.003
[1/61 iteration of epoch 36/50] 
 {loss} cls : 0.053, total : 0.053 
 {acc} cls : 98.44
[31/61 iteration of epoch 36/50] 
 {loss} cls : 0.026, total : 0.026 
 {acc} cls : 99.22
[61/61 iteration of epoch 36/50] 
 {loss} cls : 0.037, total : 0.037 
 {acc} cls : 99.22
------------------------------
<Losses on train> cls : 0.040, total : 0.040
<Accuracies on train> cls : 99.08
Train epoch time: 113.391
------------------------------
<Accuracies on val> class : 82.07
------------------------------
<Accuracies on test> class : 63.48
------------------------------
<Accuracies on Art> test class : 57.77
------------------------------
<Accuracies on Clipart> test class : 55.67
------------------------------
<Accuracies on Product> test class : 74.30
------------------------------
Total epoch time: 208.829

New epoch - lr: 0.003
[1/61 iteration of epoch 37/50] 
 {loss} cls : 0.039, total : 0.039 
 {acc} cls : 100.00
[31/61 iteration of epoch 37/50] 
 {loss} cls : 0.031, total : 0.031 
 {acc} cls : 100.00
[61/61 iteration of epoch 37/50] 
 {loss} cls : 0.056, total : 0.056 
 {acc} cls : 99.22
------------------------------
<Losses on train> cls : 0.045, total : 0.045
<Accuracies on train> cls : 99.03
Train epoch time: 118.061
------------------------------
<Accuracies on val> class : 81.61
------------------------------
<Accuracies on test> class : 63.65
------------------------------
<Accuracies on Art> test class : 57.56
------------------------------
<Accuracies on Clipart> test class : 55.62
------------------------------
<Accuracies on Product> test class : 74.88
------------------------------
Total epoch time: 212.503

New epoch - lr: 0.003
[1/61 iteration of epoch 38/50] 
 {loss} cls : 0.021, total : 0.021 
 {acc} cls : 100.00
[31/61 iteration of epoch 38/50] 
 {loss} cls : 0.014, total : 0.014 
 {acc} cls : 100.00
[61/61 iteration of epoch 38/50] 
 {loss} cls : 0.038, total : 0.038 
 {acc} cls : 99.22
------------------------------
<Losses on train> cls : 0.043, total : 0.043
<Accuracies on train> cls : 98.95
Train epoch time: 113.007
------------------------------
<Accuracies on val> class : 81.84
------------------------------
<Accuracies on test> class : 64.01
------------------------------
<Accuracies on Art> test class : 57.40
------------------------------
<Accuracies on Clipart> test class : 56.93
------------------------------
<Accuracies on Product> test class : 74.59
------------------------------
Total epoch time: 212.124

New epoch - lr: 0.003
[1/61 iteration of epoch 39/50] 
 {loss} cls : 0.043, total : 0.043 
 {acc} cls : 98.44
[31/61 iteration of epoch 39/50] 
 {loss} cls : 0.017, total : 0.017 
 {acc} cls : 100.00
[61/61 iteration of epoch 39/50] 
 {loss} cls : 0.065, total : 0.065 
 {acc} cls : 98.44
------------------------------
<Losses on train> cls : 0.038, total : 0.038
<Accuracies on train> cls : 99.05
Train epoch time: 111.891
------------------------------
<Accuracies on val> class : 82.07
------------------------------
<Accuracies on test> class : 63.97
------------------------------
<Accuracies on Art> test class : 57.11
------------------------------
<Accuracies on Clipart> test class : 57.04
------------------------------
<Accuracies on Product> test class : 74.54
------------------------------
Total epoch time: 205.923

New epoch - lr: 0.003
[1/61 iteration of epoch 40/50] 
 {loss} cls : 0.049, total : 0.049 
 {acc} cls : 98.44
[31/61 iteration of epoch 40/50] 
 {loss} cls : 0.035, total : 0.035 
 {acc} cls : 99.22
[61/61 iteration of epoch 40/50] 
 {loss} cls : 0.057, total : 0.057 
 {acc} cls : 98.44
------------------------------
<Losses on train> cls : 0.038, total : 0.038
<Accuracies on train> cls : 99.22
Train epoch time: 114.262
------------------------------
<Accuracies on val> class : 82.53
------------------------------
<Accuracies on test> class : 63.59
------------------------------
<Accuracies on Art> test class : 57.19
------------------------------
<Accuracies on Clipart> test class : 55.40
------------------------------
<Accuracies on Product> test class : 75.15
------------------------------
Total epoch time: 210.407

New epoch - lr: 0.003
[1/61 iteration of epoch 41/50] 
 {loss} cls : 0.037, total : 0.037 
 {acc} cls : 99.22
[31/61 iteration of epoch 41/50] 
 {loss} cls : 0.021, total : 0.021 
 {acc} cls : 100.00
[61/61 iteration of epoch 41/50] 
 {loss} cls : 0.026, total : 0.026 
 {acc} cls : 98.44
------------------------------
<Losses on train> cls : 0.035, total : 0.035
<Accuracies on train> cls : 99.22
Train epoch time: 118.832
------------------------------
<Accuracies on val> class : 83.22
------------------------------
<Accuracies on test> class : 63.57
------------------------------
<Accuracies on Art> test class : 57.52
------------------------------
<Accuracies on Clipart> test class : 55.37
------------------------------
<Accuracies on Product> test class : 74.93
------------------------------
Total epoch time: 213.907

New epoch - lr: 0.003
[1/61 iteration of epoch 42/50] 
 {loss} cls : 0.024, total : 0.024 
 {acc} cls : 99.22
[31/61 iteration of epoch 42/50] 
 {loss} cls : 0.018, total : 0.018 
 {acc} cls : 100.00
[61/61 iteration of epoch 42/50] 
 {loss} cls : 0.011, total : 0.011 
 {acc} cls : 100.00
------------------------------
<Losses on train> cls : 0.031, total : 0.031
<Accuracies on train> cls : 99.40
Train epoch time: 108.370
------------------------------
<Accuracies on val> class : 83.45
------------------------------
<Accuracies on test> class : 64.05
------------------------------
<Accuracies on Art> test class : 57.56
------------------------------
<Accuracies on Clipart> test class : 56.31
------------------------------
<Accuracies on Product> test class : 75.20
------------------------------
Total epoch time: 206.836

New epoch - lr: 0.003
[1/61 iteration of epoch 43/50] 
 {loss} cls : 0.065, total : 0.065 
 {acc} cls : 99.22
[31/61 iteration of epoch 43/50] 
 {loss} cls : 0.069, total : 0.069 
 {acc} cls : 97.66
[61/61 iteration of epoch 43/50] 
 {loss} cls : 0.036, total : 0.036 
 {acc} cls : 99.22
------------------------------
<Losses on train> cls : 0.032, total : 0.032
<Accuracies on train> cls : 99.30
Train epoch time: 112.016
------------------------------
<Accuracies on val> class : 81.15
------------------------------
<Accuracies on test> class : 64.05
------------------------------
<Accuracies on Art> test class : 57.93
------------------------------
<Accuracies on Clipart> test class : 55.83
------------------------------
<Accuracies on Product> test class : 75.49
------------------------------
Total epoch time: 205.754

New epoch - lr: 0.003
[1/61 iteration of epoch 44/50] 
 {loss} cls : 0.022, total : 0.022 
 {acc} cls : 100.00
[31/61 iteration of epoch 44/50] 
 {loss} cls : 0.022, total : 0.022 
 {acc} cls : 99.22
[61/61 iteration of epoch 44/50] 
 {loss} cls : 0.024, total : 0.024 
 {acc} cls : 100.00
------------------------------
<Losses on train> cls : 0.033, total : 0.033
<Accuracies on train> cls : 99.28
Train epoch time: 115.403
------------------------------
<Accuracies on val> class : 81.38
------------------------------
<Accuracies on test> class : 64.71
------------------------------
<Accuracies on Art> test class : 58.06
------------------------------
<Accuracies on Clipart> test class : 56.68
------------------------------
<Accuracies on Product> test class : 76.26
------------------------------
Total epoch time: 210.939

New epoch - lr: 0.0009000000000000002
[1/61 iteration of epoch 45/50] 
 {loss} cls : 0.010, total : 0.010 
 {acc} cls : 100.00
[31/61 iteration of epoch 45/50] 
 {loss} cls : 0.016, total : 0.016 
 {acc} cls : 100.00
[61/61 iteration of epoch 45/50] 
 {loss} cls : 0.019, total : 0.019 
 {acc} cls : 100.00
------------------------------
<Losses on train> cls : 0.028, total : 0.028
<Accuracies on train> cls : 99.44
Train epoch time: 110.544
------------------------------
<Accuracies on val> class : 83.22
------------------------------
<Accuracies on test> class : 64.21
------------------------------
<Accuracies on Art> test class : 57.77
------------------------------
<Accuracies on Clipart> test class : 56.20
------------------------------
<Accuracies on Product> test class : 75.60
------------------------------
Total epoch time: 206.486

New epoch - lr: 0.0009000000000000002
[1/61 iteration of epoch 46/50] 
 {loss} cls : 0.021, total : 0.021 
 {acc} cls : 100.00
[31/61 iteration of epoch 46/50] 
 {loss} cls : 0.026, total : 0.026 
 {acc} cls : 100.00
[61/61 iteration of epoch 46/50] 
 {loss} cls : 0.012, total : 0.012 
 {acc} cls : 100.00
------------------------------
<Losses on train> cls : 0.025, total : 0.025
<Accuracies on train> cls : 99.58
Train epoch time: 111.728
------------------------------
<Accuracies on val> class : 83.22
------------------------------
<Accuracies on test> class : 64.64
------------------------------
<Accuracies on Art> test class : 57.93
------------------------------
<Accuracies on Clipart> test class : 56.88
------------------------------
<Accuracies on Product> test class : 75.94
------------------------------
Total epoch time: 211.217

New epoch - lr: 0.0009000000000000002
[1/61 iteration of epoch 47/50] 
 {loss} cls : 0.014, total : 0.014 
 {acc} cls : 100.00
[31/61 iteration of epoch 47/50] 
 {loss} cls : 0.017, total : 0.017 
 {acc} cls : 100.00
[61/61 iteration of epoch 47/50] 
 {loss} cls : 0.012, total : 0.012 
 {acc} cls : 100.00
------------------------------
<Losses on train> cls : 0.022, total : 0.022
<Accuracies on train> cls : 99.64
Train epoch time: 109.730
------------------------------
<Accuracies on val> class : 83.68
------------------------------
<Accuracies on test> class : 64.27
------------------------------
<Accuracies on Art> test class : 57.89
------------------------------
<Accuracies on Clipart> test class : 56.52
------------------------------
<Accuracies on Product> test class : 75.38
------------------------------
Total epoch time: 203.733

New epoch - lr: 0.0009000000000000002
[1/61 iteration of epoch 48/50] 
 {loss} cls : 0.011, total : 0.011 
 {acc} cls : 100.00
[31/61 iteration of epoch 48/50] 
 {loss} cls : 0.035, total : 0.035 
 {acc} cls : 99.22
[61/61 iteration of epoch 48/50] 
 {loss} cls : 0.016, total : 0.016 
 {acc} cls : 100.00
------------------------------
<Losses on train> cls : 0.025, total : 0.025
<Accuracies on train> cls : 99.54
Train epoch time: 113.890
------------------------------
<Accuracies on val> class : 83.45
------------------------------
<Accuracies on test> class : 64.49
------------------------------
<Accuracies on Art> test class : 58.26
------------------------------
<Accuracies on Clipart> test class : 56.54
------------------------------
<Accuracies on Product> test class : 75.72
------------------------------
Total epoch time: 207.757

New epoch - lr: 0.0009000000000000002
[1/61 iteration of epoch 49/50] 
 {loss} cls : 0.035, total : 0.035 
 {acc} cls : 99.22
[31/61 iteration of epoch 49/50] 
 {loss} cls : 0.027, total : 0.027 
 {acc} cls : 98.44
[61/61 iteration of epoch 49/50] 
 {loss} cls : 0.056, total : 0.056 
 {acc} cls : 98.44
------------------------------
<Losses on train> cls : 0.025, total : 0.025
<Accuracies on train> cls : 99.51
Train epoch time: 112.297
------------------------------
<Accuracies on val> class : 83.45
------------------------------
<Accuracies on test> class : 64.35
------------------------------
<Accuracies on Art> test class : 58.47
------------------------------
<Accuracies on Clipart> test class : 56.70
------------------------------
<Accuracies on Product> test class : 75.08
------------------------------
Total epoch time: 209.274

New epoch - lr: 0.0009000000000000002
[1/61 iteration of epoch 50/50] 
 {loss} cls : 0.016, total : 0.016 
 {acc} cls : 99.22
[31/61 iteration of epoch 50/50] 
 {loss} cls : 0.014, total : 0.014 
 {acc} cls : 100.00
[61/61 iteration of epoch 50/50] 
 {loss} cls : 0.012, total : 0.012 
 {acc} cls : 100.00
------------------------------
<Losses on train> cls : 0.024, total : 0.024
<Accuracies on train> cls : 99.56
Train epoch time: 111.302
------------------------------
<Accuracies on val> class : 82.53
------------------------------
<Accuracies on test> class : 64.58
------------------------------
<Accuracies on Art> test class : 58.51
------------------------------
<Accuracies on Clipart> test class : 56.88
------------------------------
<Accuracies on Product> test class : 75.47
------------------------------
Total epoch time: 209.711

******************************
Best val 0.845977, corresponding test 0.635206 - best test: 0.647137

******************************
Best val 0.8459770083427429, corresponding Art test 0.5743716359138489

******************************
Best val 0.8459770083427429, corresponding Clipart test 0.5534936785697937

******************************
Best val 0.8459770083427429, corresponding Product test 0.7488173246383667
