
Loading experiment Officehome/ResNet18_step


New epoch - lr: 0.003
[1/61 iteration of epoch 1/50] 
 {loss} cls : 4.416, total : 4.416 
 {acc} cls : 1.56
[31/61 iteration of epoch 1/50] 
 {loss} cls : 1.961, total : 1.961 
 {acc} cls : 48.44
[61/61 iteration of epoch 1/50] 
 {loss} cls : 1.195, total : 1.195 
 {acc} cls : 71.09
------------------------------
<Losses on train> cls : 2.416, total : 2.416
<Accuracies on train> cls : 41.80
Train epoch time: 64.980
------------------------------
<Accuracies on val> class : 64.91
------------------------------
<Accuracies on test> class : 47.41
------------------------------
<Accuracies on Art> test class : 38.11
------------------------------
<Accuracies on Product> test class : 48.70
------------------------------
<Accuracies on Real_World> test class : 51.27
------------------------------
Total epoch time: 302.234

New epoch - lr: 0.003
[1/61 iteration of epoch 2/50] 
 {loss} cls : 0.994, total : 0.994 
 {acc} cls : 72.66
[31/61 iteration of epoch 2/50] 
 {loss} cls : 0.902, total : 0.902 
 {acc} cls : 80.47
[61/61 iteration of epoch 2/50] 
 {loss} cls : 0.981, total : 0.981 
 {acc} cls : 75.78
------------------------------
<Losses on train> cls : 0.966, total : 0.966
<Accuracies on train> cls : 74.28
Train epoch time: 60.731
------------------------------
<Accuracies on val> class : 73.62
------------------------------
<Accuracies on test> class : 53.48
------------------------------
<Accuracies on Art> test class : 44.13
------------------------------
<Accuracies on Product> test class : 55.06
------------------------------
<Accuracies on Real_World> test class : 57.08
------------------------------
Total epoch time: 301.013

New epoch - lr: 0.003
[1/61 iteration of epoch 3/50] 
 {loss} cls : 0.869, total : 0.869 
 {acc} cls : 77.34
[31/61 iteration of epoch 3/50] 
 {loss} cls : 0.456, total : 0.456 
 {acc} cls : 90.62
[61/61 iteration of epoch 3/50] 
 {loss} cls : 0.399, total : 0.399 
 {acc} cls : 88.28
------------------------------
<Losses on train> cls : 0.615, total : 0.615
<Accuracies on train> cls : 84.22
Train epoch time: 60.364
------------------------------
<Accuracies on val> class : 76.15
------------------------------
<Accuracies on test> class : 53.98
------------------------------
<Accuracies on Art> test class : 43.47
------------------------------
<Accuracies on Product> test class : 55.24
------------------------------
<Accuracies on Real_World> test class : 58.55
------------------------------
Total epoch time: 299.697

New epoch - lr: 0.003
[1/61 iteration of epoch 4/50] 
 {loss} cls : 0.382, total : 0.382 
 {acc} cls : 91.41
[31/61 iteration of epoch 4/50] 
 {loss} cls : 0.178, total : 0.178 
 {acc} cls : 95.31
[61/61 iteration of epoch 4/50] 
 {loss} cls : 0.585, total : 0.585 
 {acc} cls : 83.59
------------------------------
<Losses on train> cls : 0.466, total : 0.466
<Accuracies on train> cls : 88.37
Train epoch time: 62.061
------------------------------
<Accuracies on val> class : 76.15
------------------------------
<Accuracies on test> class : 52.94
------------------------------
<Accuracies on Art> test class : 44.38
------------------------------
<Accuracies on Product> test class : 54.04
------------------------------
<Accuracies on Real_World> test class : 56.58
------------------------------
Total epoch time: 301.004

New epoch - lr: 0.003
[1/61 iteration of epoch 5/50] 
 {loss} cls : 0.362, total : 0.362 
 {acc} cls : 94.53
[31/61 iteration of epoch 5/50] 
 {loss} cls : 0.362, total : 0.362 
 {acc} cls : 88.28
[61/61 iteration of epoch 5/50] 
 {loss} cls : 0.548, total : 0.548 
 {acc} cls : 86.72
------------------------------
<Losses on train> cls : 0.405, total : 0.405
<Accuracies on train> cls : 89.70
Train epoch time: 63.437
------------------------------
<Accuracies on val> class : 78.67
------------------------------
<Accuracies on test> class : 53.08
------------------------------
<Accuracies on Art> test class : 42.56
------------------------------
<Accuracies on Product> test class : 56.16
------------------------------
<Accuracies on Real_World> test class : 55.80
------------------------------
Total epoch time: 306.011

New epoch - lr: 0.003
[1/61 iteration of epoch 6/50] 
 {loss} cls : 0.390, total : 0.390 
 {acc} cls : 89.06
[31/61 iteration of epoch 6/50] 
 {loss} cls : 0.255, total : 0.255 
 {acc} cls : 91.41
[61/61 iteration of epoch 6/50] 
 {loss} cls : 0.209, total : 0.209 
 {acc} cls : 92.97
------------------------------
<Losses on train> cls : 0.342, total : 0.342
<Accuracies on train> cls : 91.03
Train epoch time: 55.872
------------------------------
<Accuracies on val> class : 80.05
------------------------------
<Accuracies on test> class : 54.25
------------------------------
<Accuracies on Art> test class : 44.79
------------------------------
<Accuracies on Product> test class : 56.21
------------------------------
<Accuracies on Real_World> test class : 57.54
------------------------------
Total epoch time: 297.820

New epoch - lr: 0.003
[1/61 iteration of epoch 7/50] 
 {loss} cls : 0.197, total : 0.197 
 {acc} cls : 96.09
[31/61 iteration of epoch 7/50] 
 {loss} cls : 0.286, total : 0.286 
 {acc} cls : 93.75
[61/61 iteration of epoch 7/50] 
 {loss} cls : 0.404, total : 0.404 
 {acc} cls : 92.97
------------------------------
<Losses on train> cls : 0.316, total : 0.316
<Accuracies on train> cls : 92.25
Train epoch time: 55.842
------------------------------
<Accuracies on val> class : 79.82
------------------------------
<Accuracies on test> class : 54.75
------------------------------
<Accuracies on Art> test class : 43.59
------------------------------
<Accuracies on Product> test class : 57.02
------------------------------
<Accuracies on Real_World> test class : 58.66
------------------------------
Total epoch time: 298.014

New epoch - lr: 0.003
[1/61 iteration of epoch 8/50] 
 {loss} cls : 0.474, total : 0.474 
 {acc} cls : 87.50
[31/61 iteration of epoch 8/50] 
 {loss} cls : 0.437, total : 0.437 
 {acc} cls : 87.50
[61/61 iteration of epoch 8/50] 
 {loss} cls : 0.281, total : 0.281 
 {acc} cls : 92.97
------------------------------
<Losses on train> cls : 0.315, total : 0.315
<Accuracies on train> cls : 91.69
Train epoch time: 59.212
------------------------------
<Accuracies on val> class : 78.90
------------------------------
<Accuracies on test> class : 53.47
------------------------------
<Accuracies on Art> test class : 43.68
------------------------------
<Accuracies on Product> test class : 55.53
------------------------------
<Accuracies on Real_World> test class : 56.83
------------------------------
Total epoch time: 294.636

New epoch - lr: 0.003
[1/61 iteration of epoch 9/50] 
 {loss} cls : 0.186, total : 0.186 
 {acc} cls : 95.31
[31/61 iteration of epoch 9/50] 
 {loss} cls : 0.215, total : 0.215 
 {acc} cls : 93.75
[61/61 iteration of epoch 9/50] 
 {loss} cls : 0.487, total : 0.487 
 {acc} cls : 88.28
------------------------------
<Losses on train> cls : 0.305, total : 0.305
<Accuracies on train> cls : 92.17
Train epoch time: 54.736
------------------------------
<Accuracies on val> class : 78.44
------------------------------
<Accuracies on test> class : 54.54
------------------------------
<Accuracies on Art> test class : 44.38
------------------------------
<Accuracies on Product> test class : 56.86
------------------------------
<Accuracies on Real_World> test class : 57.84
------------------------------
Total epoch time: 280.046

New epoch - lr: 0.003
[1/61 iteration of epoch 10/50] 
 {loss} cls : 0.254, total : 0.254 
 {acc} cls : 92.97
[31/61 iteration of epoch 10/50] 
 {loss} cls : 0.253, total : 0.253 
 {acc} cls : 92.19
[61/61 iteration of epoch 10/50] 
 {loss} cls : 0.363, total : 0.363 
 {acc} cls : 88.28
------------------------------
<Losses on train> cls : 0.284, total : 0.284
<Accuracies on train> cls : 92.48
Train epoch time: 53.040
------------------------------
<Accuracies on val> class : 79.82
------------------------------
<Accuracies on test> class : 54.05
------------------------------
<Accuracies on Art> test class : 42.32
------------------------------
<Accuracies on Product> test class : 56.68
------------------------------
<Accuracies on Real_World> test class : 57.91
------------------------------
Total epoch time: 278.932

New epoch - lr: 0.003
[1/61 iteration of epoch 11/50] 
 {loss} cls : 0.207, total : 0.207 
 {acc} cls : 92.97
[31/61 iteration of epoch 11/50] 
 {loss} cls : 0.324, total : 0.324 
 {acc} cls : 89.84
[61/61 iteration of epoch 11/50] 
 {loss} cls : 0.249, total : 0.249 
 {acc} cls : 94.53
------------------------------
<Losses on train> cls : 0.260, total : 0.260
<Accuracies on train> cls : 93.28
Train epoch time: 51.393
------------------------------
<Accuracies on val> class : 80.05
------------------------------
<Accuracies on test> class : 54.27
------------------------------
<Accuracies on Art> test class : 42.97
------------------------------
<Accuracies on Product> test class : 57.15
------------------------------
<Accuracies on Real_World> test class : 57.63
------------------------------
Total epoch time: 278.243

New epoch - lr: 0.003
[1/61 iteration of epoch 12/50] 
 {loss} cls : 0.219, total : 0.219 
 {acc} cls : 94.53
[31/61 iteration of epoch 12/50] 
 {loss} cls : 0.227, total : 0.227 
 {acc} cls : 94.53
[61/61 iteration of epoch 12/50] 
 {loss} cls : 0.394, total : 0.394 
 {acc} cls : 88.28
------------------------------
<Losses on train> cls : 0.267, total : 0.267
<Accuracies on train> cls : 92.96
Train epoch time: 53.467
------------------------------
<Accuracies on val> class : 80.28
------------------------------
<Accuracies on test> class : 53.80
------------------------------
<Accuracies on Art> test class : 43.68
------------------------------
<Accuracies on Product> test class : 55.71
------------------------------
<Accuracies on Real_World> test class : 57.49
------------------------------
Total epoch time: 322.914

New epoch - lr: 0.003
[1/61 iteration of epoch 13/50] 
 {loss} cls : 0.326, total : 0.326 
 {acc} cls : 92.19
[31/61 iteration of epoch 13/50] 
 {loss} cls : 0.153, total : 0.153 
 {acc} cls : 95.31
[61/61 iteration of epoch 13/50] 
 {loss} cls : 0.275, total : 0.275 
 {acc} cls : 91.41
------------------------------
<Losses on train> cls : 0.239, total : 0.239
<Accuracies on train> cls : 93.71
Train epoch time: 67.604
------------------------------
<Accuracies on val> class : 80.50
------------------------------
<Accuracies on test> class : 54.33
------------------------------
<Accuracies on Art> test class : 43.18
------------------------------
<Accuracies on Product> test class : 56.90
------------------------------
<Accuracies on Real_World> test class : 57.91
------------------------------
Total epoch time: 360.775

New epoch - lr: 0.003
[1/61 iteration of epoch 14/50] 
 {loss} cls : 0.227, total : 0.227 
 {acc} cls : 94.53
[31/61 iteration of epoch 14/50] 
 {loss} cls : 0.272, total : 0.272 
 {acc} cls : 92.97
[61/61 iteration of epoch 14/50] 
 {loss} cls : 0.241, total : 0.241 
 {acc} cls : 91.41
------------------------------
<Losses on train> cls : 0.238, total : 0.238
<Accuracies on train> cls : 93.72
Train epoch time: 68.009
------------------------------
<Accuracies on val> class : 80.96
------------------------------
<Accuracies on test> class : 55.19
------------------------------
<Accuracies on Art> test class : 43.84
------------------------------
<Accuracies on Product> test class : 57.90
------------------------------
<Accuracies on Real_World> test class : 58.76
------------------------------
Total epoch time: 356.754

New epoch - lr: 0.003
[1/61 iteration of epoch 15/50] 
 {loss} cls : 0.125, total : 0.125 
 {acc} cls : 97.66
[31/61 iteration of epoch 15/50] 
 {loss} cls : 0.201, total : 0.201 
 {acc} cls : 95.31
[61/61 iteration of epoch 15/50] 
 {loss} cls : 0.397, total : 0.397 
 {acc} cls : 86.72
------------------------------
<Losses on train> cls : 0.227, total : 0.227
<Accuracies on train> cls : 93.67
Train epoch time: 70.425
------------------------------
<Accuracies on val> class : 80.96
------------------------------
<Accuracies on test> class : 54.65
------------------------------
<Accuracies on Art> test class : 44.09
------------------------------
<Accuracies on Product> test class : 57.29
------------------------------
<Accuracies on Real_World> test class : 57.84
------------------------------
Total epoch time: 360.395

New epoch - lr: 0.003
[1/61 iteration of epoch 16/50] 
 {loss} cls : 0.082, total : 0.082 
 {acc} cls : 99.22
[31/61 iteration of epoch 16/50] 
 {loss} cls : 0.161, total : 0.161 
 {acc} cls : 96.88
[61/61 iteration of epoch 16/50] 
 {loss} cls : 0.117, total : 0.117 
 {acc} cls : 97.66
------------------------------
<Losses on train> cls : 0.227, total : 0.227
<Accuracies on train> cls : 94.06
Train epoch time: 68.850
------------------------------
<Accuracies on val> class : 80.96
------------------------------
<Accuracies on test> class : 54.10
------------------------------
<Accuracies on Art> test class : 43.35
------------------------------
<Accuracies on Product> test class : 56.88
------------------------------
<Accuracies on Real_World> test class : 57.26
------------------------------
Total epoch time: 358.852

New epoch - lr: 0.003
[1/61 iteration of epoch 17/50] 
 {loss} cls : 0.121, total : 0.121 
 {acc} cls : 97.66
[31/61 iteration of epoch 17/50] 
 {loss} cls : 0.215, total : 0.215 
 {acc} cls : 95.31
[61/61 iteration of epoch 17/50] 
 {loss} cls : 0.351, total : 0.351 
 {acc} cls : 90.62
------------------------------
<Losses on train> cls : 0.223, total : 0.223
<Accuracies on train> cls : 94.06
Train epoch time: 67.081
------------------------------
<Accuracies on val> class : 80.96
------------------------------
<Accuracies on test> class : 54.22
------------------------------
<Accuracies on Art> test class : 42.69
------------------------------
<Accuracies on Product> test class : 56.99
------------------------------
<Accuracies on Real_World> test class : 57.82
------------------------------
Total epoch time: 353.465

New epoch - lr: 0.003
[1/61 iteration of epoch 18/50] 
 {loss} cls : 0.165, total : 0.165 
 {acc} cls : 95.31
[31/61 iteration of epoch 18/50] 
 {loss} cls : 0.169, total : 0.169 
 {acc} cls : 95.31
[61/61 iteration of epoch 18/50] 
 {loss} cls : 0.225, total : 0.225 
 {acc} cls : 92.19
------------------------------
<Losses on train> cls : 0.203, total : 0.203
<Accuracies on train> cls : 94.45
Train epoch time: 72.993
------------------------------
<Accuracies on val> class : 80.50
------------------------------
<Accuracies on test> class : 53.81
------------------------------
<Accuracies on Art> test class : 42.65
------------------------------
<Accuracies on Product> test class : 56.61
------------------------------
<Accuracies on Real_World> test class : 57.17
------------------------------
Total epoch time: 359.075

New epoch - lr: 0.003
[1/61 iteration of epoch 19/50] 
 {loss} cls : 0.254, total : 0.254 
 {acc} cls : 93.75
[31/61 iteration of epoch 19/50] 
 {loss} cls : 0.175, total : 0.175 
 {acc} cls : 93.75
[61/61 iteration of epoch 19/50] 
 {loss} cls : 0.175, total : 0.175 
 {acc} cls : 94.53
------------------------------
<Losses on train> cls : 0.208, total : 0.208
<Accuracies on train> cls : 94.44
Train epoch time: 72.633
------------------------------
<Accuracies on val> class : 80.28
------------------------------
<Accuracies on test> class : 53.96
------------------------------
<Accuracies on Art> test class : 42.23
------------------------------
<Accuracies on Product> test class : 57.18
------------------------------
<Accuracies on Real_World> test class : 57.22
------------------------------
Total epoch time: 386.856

New epoch - lr: 0.003
[1/61 iteration of epoch 20/50] 
 {loss} cls : 0.218, total : 0.218 
 {acc} cls : 91.41
[31/61 iteration of epoch 20/50] 
 {loss} cls : 0.332, total : 0.332 
 {acc} cls : 93.75
[61/61 iteration of epoch 20/50] 
 {loss} cls : 0.089, total : 0.089 
 {acc} cls : 96.09
------------------------------
<Losses on train> cls : 0.218, total : 0.218
<Accuracies on train> cls : 94.04
Train epoch time: 70.515
------------------------------
<Accuracies on val> class : 80.28
------------------------------
<Accuracies on test> class : 53.87
------------------------------
<Accuracies on Art> test class : 43.26
------------------------------
<Accuracies on Product> test class : 56.43
------------------------------
<Accuracies on Real_World> test class : 57.17
------------------------------
Total epoch time: 359.494

New epoch - lr: 0.003
[1/61 iteration of epoch 21/50] 
 {loss} cls : 0.144, total : 0.144 
 {acc} cls : 96.88
[31/61 iteration of epoch 21/50] 
 {loss} cls : 0.176, total : 0.176 
 {acc} cls : 95.31
[61/61 iteration of epoch 21/50] 
 {loss} cls : 0.136, total : 0.136 
 {acc} cls : 95.31
------------------------------
<Losses on train> cls : 0.203, total : 0.203
<Accuracies on train> cls : 94.04
Train epoch time: 72.254
------------------------------
<Accuracies on val> class : 79.13
------------------------------
<Accuracies on test> class : 54.09
------------------------------
<Accuracies on Art> test class : 43.68
------------------------------
<Accuracies on Product> test class : 56.84
------------------------------
<Accuracies on Real_World> test class : 57.08
------------------------------
Total epoch time: 361.299

New epoch - lr: 0.003
[1/61 iteration of epoch 22/50] 
 {loss} cls : 0.232, total : 0.232 
 {acc} cls : 93.75
[31/61 iteration of epoch 22/50] 
 {loss} cls : 0.171, total : 0.171 
 {acc} cls : 96.88
[61/61 iteration of epoch 22/50] 
 {loss} cls : 0.223, total : 0.223 
 {acc} cls : 95.31
------------------------------
<Losses on train> cls : 0.211, total : 0.211
<Accuracies on train> cls : 94.40
Train epoch time: 70.800
------------------------------
<Accuracies on val> class : 80.28
------------------------------
<Accuracies on test> class : 53.60
------------------------------
<Accuracies on Art> test class : 42.60
------------------------------
<Accuracies on Product> test class : 56.23
------------------------------
<Accuracies on Real_World> test class : 57.06
------------------------------
Total epoch time: 354.125

New epoch - lr: 0.003
[1/61 iteration of epoch 23/50] 
 {loss} cls : 0.258, total : 0.258 
 {acc} cls : 92.97
[31/61 iteration of epoch 23/50] 
 {loss} cls : 0.252, total : 0.252 
 {acc} cls : 92.97
[61/61 iteration of epoch 23/50] 
 {loss} cls : 0.195, total : 0.195 
 {acc} cls : 92.97
------------------------------
<Losses on train> cls : 0.179, total : 0.179
<Accuracies on train> cls : 94.89
Train epoch time: 72.961
------------------------------
<Accuracies on val> class : 81.19
------------------------------
<Accuracies on test> class : 54.87
------------------------------
<Accuracies on Art> test class : 44.42
------------------------------
<Accuracies on Product> test class : 57.15
------------------------------
<Accuracies on Real_World> test class : 58.37
------------------------------
Total epoch time: 357.752

New epoch - lr: 0.003
[1/61 iteration of epoch 24/50] 
 {loss} cls : 0.060, total : 0.060 
 {acc} cls : 98.44
[31/61 iteration of epoch 24/50] 
 {loss} cls : 0.209, total : 0.209 
 {acc} cls : 94.53
[61/61 iteration of epoch 24/50] 
 {loss} cls : 0.208, total : 0.208 
 {acc} cls : 93.75
------------------------------
<Losses on train> cls : 0.187, total : 0.187
<Accuracies on train> cls : 94.58
Train epoch time: 70.627
------------------------------
<Accuracies on val> class : 82.34
------------------------------
<Accuracies on test> class : 53.16
------------------------------
<Accuracies on Art> test class : 43.06
------------------------------
<Accuracies on Product> test class : 55.51
------------------------------
<Accuracies on Real_World> test class : 56.39
------------------------------
Total epoch time: 352.579

New epoch - lr: 0.003
[1/61 iteration of epoch 25/50] 
 {loss} cls : 0.141, total : 0.141 
 {acc} cls : 96.09
[31/61 iteration of epoch 25/50] 
 {loss} cls : 0.048, total : 0.048 
 {acc} cls : 99.22
[61/61 iteration of epoch 25/50] 
 {loss} cls : 0.268, total : 0.268 
 {acc} cls : 90.62
------------------------------
<Losses on train> cls : 0.180, total : 0.180
<Accuracies on train> cls : 94.92
Train epoch time: 72.267
------------------------------
<Accuracies on val> class : 80.96
------------------------------
<Accuracies on test> class : 53.85
------------------------------
<Accuracies on Art> test class : 43.39
------------------------------
<Accuracies on Product> test class : 56.68
------------------------------
<Accuracies on Real_World> test class : 56.81
------------------------------
Total epoch time: 357.869

New epoch - lr: 0.003
[1/61 iteration of epoch 26/50] 
 {loss} cls : 0.172, total : 0.172 
 {acc} cls : 95.31
[31/61 iteration of epoch 26/50] 
 {loss} cls : 0.291, total : 0.291 
 {acc} cls : 91.41
[61/61 iteration of epoch 26/50] 
 {loss} cls : 0.121, total : 0.121 
 {acc} cls : 96.09
------------------------------
<Losses on train> cls : 0.186, total : 0.186
<Accuracies on train> cls : 94.70
Train epoch time: 71.883
------------------------------
<Accuracies on val> class : 79.59
------------------------------
<Accuracies on test> class : 52.63
------------------------------
<Accuracies on Art> test class : 43.02
------------------------------
<Accuracies on Product> test class : 55.03
------------------------------
<Accuracies on Real_World> test class : 55.54
------------------------------
Total epoch time: 327.637

New epoch - lr: 0.003
[1/61 iteration of epoch 27/50] 
 {loss} cls : 0.187, total : 0.187 
 {acc} cls : 93.75
[31/61 iteration of epoch 27/50] 
 {loss} cls : 0.299, total : 0.299 
 {acc} cls : 92.19
[61/61 iteration of epoch 27/50] 
 {loss} cls : 0.224, total : 0.224 
 {acc} cls : 91.41
------------------------------
<Losses on train> cls : 0.202, total : 0.202
<Accuracies on train> cls : 94.43
Train epoch time: 54.779
------------------------------
<Accuracies on val> class : 80.05
------------------------------
<Accuracies on test> class : 53.37
------------------------------
<Accuracies on Art> test class : 42.73
------------------------------
<Accuracies on Product> test class : 55.67
------------------------------
<Accuracies on Real_World> test class : 56.97
------------------------------
Total epoch time: 278.013

New epoch - lr: 0.003
[1/61 iteration of epoch 28/50] 
 {loss} cls : 0.166, total : 0.166 
 {acc} cls : 96.88
[31/61 iteration of epoch 28/50] 
 {loss} cls : 0.275, total : 0.275 
 {acc} cls : 89.84
[61/61 iteration of epoch 28/50] 
 {loss} cls : 0.071, total : 0.071 
 {acc} cls : 97.66
------------------------------
<Losses on train> cls : 0.188, total : 0.188
<Accuracies on train> cls : 94.70
Train epoch time: 54.475
------------------------------
<Accuracies on val> class : 79.82
------------------------------
<Accuracies on test> class : 53.51
------------------------------
<Accuracies on Art> test class : 43.72
------------------------------
<Accuracies on Product> test class : 56.23
------------------------------
<Accuracies on Real_World> test class : 56.19
------------------------------
Total epoch time: 276.915

New epoch - lr: 0.003
[1/61 iteration of epoch 29/50] 
 {loss} cls : 0.202, total : 0.202 
 {acc} cls : 95.31
[31/61 iteration of epoch 29/50] 
 {loss} cls : 0.276, total : 0.276 
 {acc} cls : 93.75
[61/61 iteration of epoch 29/50] 
 {loss} cls : 0.159, total : 0.159 
 {acc} cls : 93.75
------------------------------
<Losses on train> cls : 0.178, total : 0.178
<Accuracies on train> cls : 94.89
Train epoch time: 52.786
------------------------------
<Accuracies on val> class : 80.28
------------------------------
<Accuracies on test> class : 53.91
------------------------------
<Accuracies on Art> test class : 43.47
------------------------------
<Accuracies on Product> test class : 56.52
------------------------------
<Accuracies on Real_World> test class : 57.06
------------------------------
Total epoch time: 276.040

New epoch - lr: 0.003
[1/61 iteration of epoch 30/50] 
 {loss} cls : 0.203, total : 0.203 
 {acc} cls : 93.75
[31/61 iteration of epoch 30/50] 
 {loss} cls : 0.154, total : 0.154 
 {acc} cls : 96.09
[61/61 iteration of epoch 30/50] 
 {loss} cls : 0.214, total : 0.214 
 {acc} cls : 92.97
------------------------------
<Losses on train> cls : 0.178, total : 0.178
<Accuracies on train> cls : 94.88
Train epoch time: 53.554
------------------------------
<Accuracies on val> class : 79.82
------------------------------
<Accuracies on test> class : 53.37
------------------------------
<Accuracies on Art> test class : 42.52
------------------------------
<Accuracies on Product> test class : 56.41
------------------------------
<Accuracies on Real_World> test class : 56.32
------------------------------
Total epoch time: 278.358

New epoch - lr: 0.003
[1/61 iteration of epoch 31/50] 
 {loss} cls : 0.225, total : 0.225 
 {acc} cls : 92.19
[31/61 iteration of epoch 31/50] 
 {loss} cls : 0.164, total : 0.164 
 {acc} cls : 95.31
[61/61 iteration of epoch 31/50] 
 {loss} cls : 0.135, total : 0.135 
 {acc} cls : 96.09
------------------------------
<Losses on train> cls : 0.178, total : 0.178
<Accuracies on train> cls : 94.89
Train epoch time: 54.387
------------------------------
<Accuracies on val> class : 80.96
------------------------------
<Accuracies on test> class : 53.11
------------------------------
<Accuracies on Art> test class : 42.89
------------------------------
<Accuracies on Product> test class : 55.94
------------------------------
<Accuracies on Real_World> test class : 55.93
------------------------------
Total epoch time: 279.183

New epoch - lr: 0.003
[1/61 iteration of epoch 32/50] 
 {loss} cls : 0.112, total : 0.112 
 {acc} cls : 97.66
[31/61 iteration of epoch 32/50] 
 {loss} cls : 0.175, total : 0.175 
 {acc} cls : 94.53
[61/61 iteration of epoch 32/50] 
 {loss} cls : 0.111, total : 0.111 
 {acc} cls : 95.31
------------------------------
<Losses on train> cls : 0.179, total : 0.179
<Accuracies on train> cls : 94.88
Train epoch time: 54.251
------------------------------
<Accuracies on val> class : 81.19
------------------------------
<Accuracies on test> class : 53.19
------------------------------
<Accuracies on Art> test class : 42.89
------------------------------
<Accuracies on Product> test class : 55.58
------------------------------
<Accuracies on Real_World> test class : 56.48
------------------------------
Total epoch time: 279.588

New epoch - lr: 0.003
[1/61 iteration of epoch 33/50] 
 {loss} cls : 0.125, total : 0.125 
 {acc} cls : 96.88
[31/61 iteration of epoch 33/50] 
 {loss} cls : 0.086, total : 0.086 
 {acc} cls : 98.44
[61/61 iteration of epoch 33/50] 
 {loss} cls : 0.204, total : 0.204 
 {acc} cls : 91.41
------------------------------
<Losses on train> cls : 0.166, total : 0.166
<Accuracies on train> cls : 95.18
Train epoch time: 53.858
------------------------------
<Accuracies on val> class : 79.82
------------------------------
<Accuracies on test> class : 51.78
------------------------------
<Accuracies on Art> test class : 40.83
------------------------------
<Accuracies on Product> test class : 54.38
------------------------------
<Accuracies on Real_World> test class : 55.22
------------------------------
Total epoch time: 278.483

New epoch - lr: 0.003
[1/61 iteration of epoch 34/50] 
 {loss} cls : 0.163, total : 0.163 
 {acc} cls : 96.09
[31/61 iteration of epoch 34/50] 
 {loss} cls : 0.122, total : 0.122 
 {acc} cls : 97.66
[61/61 iteration of epoch 34/50] 
 {loss} cls : 0.234, total : 0.234 
 {acc} cls : 94.53
------------------------------
<Losses on train> cls : 0.178, total : 0.178
<Accuracies on train> cls : 94.86
Train epoch time: 53.247
------------------------------
<Accuracies on val> class : 81.19
------------------------------
<Accuracies on test> class : 53.45
------------------------------
<Accuracies on Art> test class : 42.07
------------------------------
<Accuracies on Product> test class : 56.61
------------------------------
<Accuracies on Real_World> test class : 56.58
------------------------------
Total epoch time: 277.934

New epoch - lr: 0.003
[1/61 iteration of epoch 35/50] 
 {loss} cls : 0.156, total : 0.156 
 {acc} cls : 93.75
[31/61 iteration of epoch 35/50] 
 {loss} cls : 0.141, total : 0.141 
 {acc} cls : 93.75
[61/61 iteration of epoch 35/50] 
 {loss} cls : 0.129, total : 0.129 
 {acc} cls : 96.88
------------------------------
<Losses on train> cls : 0.172, total : 0.172
<Accuracies on train> cls : 94.99
Train epoch time: 54.206
------------------------------
<Accuracies on val> class : 80.96
------------------------------
<Accuracies on test> class : 52.69
------------------------------
<Accuracies on Art> test class : 41.82
------------------------------
<Accuracies on Product> test class : 56.03
------------------------------
<Accuracies on Real_World> test class : 55.34
------------------------------
Total epoch time: 278.071

New epoch - lr: 0.003
[1/61 iteration of epoch 36/50] 
 {loss} cls : 0.153, total : 0.153 
 {acc} cls : 96.09
[31/61 iteration of epoch 36/50] 
 {loss} cls : 0.216, total : 0.216 
 {acc} cls : 93.75
[61/61 iteration of epoch 36/50] 
 {loss} cls : 0.243, total : 0.243 
 {acc} cls : 92.97
------------------------------
<Losses on train> cls : 0.172, total : 0.172
<Accuracies on train> cls : 95.26
Train epoch time: 53.153
------------------------------
<Accuracies on val> class : 79.82
------------------------------
<Accuracies on test> class : 52.10
------------------------------
<Accuracies on Art> test class : 40.42
------------------------------
<Accuracies on Product> test class : 54.74
------------------------------
<Accuracies on Real_World> test class : 55.91
------------------------------
Total epoch time: 279.056

New epoch - lr: 0.003
[1/61 iteration of epoch 37/50] 
 {loss} cls : 0.261, total : 0.261 
 {acc} cls : 93.75
[31/61 iteration of epoch 37/50] 
 {loss} cls : 0.210, total : 0.210 
 {acc} cls : 93.75
[61/61 iteration of epoch 37/50] 
 {loss} cls : 0.232, total : 0.232 
 {acc} cls : 92.97
------------------------------
<Losses on train> cls : 0.175, total : 0.175
<Accuracies on train> cls : 94.81
Train epoch time: 54.097
------------------------------
<Accuracies on val> class : 79.36
------------------------------
<Accuracies on test> class : 51.97
------------------------------
<Accuracies on Art> test class : 41.78
------------------------------
<Accuracies on Product> test class : 54.79
------------------------------
<Accuracies on Real_World> test class : 54.79
------------------------------
Total epoch time: 325.979

New epoch - lr: 0.003
[1/61 iteration of epoch 38/50] 
 {loss} cls : 0.128, total : 0.128 
 {acc} cls : 95.31
[31/61 iteration of epoch 38/50] 
 {loss} cls : 0.069, total : 0.069 
 {acc} cls : 99.22
[61/61 iteration of epoch 38/50] 
 {loss} cls : 0.192, total : 0.192 
 {acc} cls : 93.75
------------------------------
<Losses on train> cls : 0.161, total : 0.161
<Accuracies on train> cls : 95.54
Train epoch time: 64.507
------------------------------
<Accuracies on val> class : 80.05
------------------------------
<Accuracies on test> class : 52.70
------------------------------
<Accuracies on Art> test class : 41.90
------------------------------
<Accuracies on Product> test class : 55.42
------------------------------
<Accuracies on Real_World> test class : 55.96
------------------------------
Total epoch time: 332.890

New epoch - lr: 0.003
[1/61 iteration of epoch 39/50] 
 {loss} cls : 0.152, total : 0.152 
 {acc} cls : 95.31
[31/61 iteration of epoch 39/50] 
 {loss} cls : 0.136, total : 0.136 
 {acc} cls : 92.97
[61/61 iteration of epoch 39/50] 
 {loss} cls : 0.057, total : 0.057 
 {acc} cls : 97.66
------------------------------
<Losses on train> cls : 0.160, total : 0.160
<Accuracies on train> cls : 95.26
Train epoch time: 67.448
------------------------------
<Accuracies on val> class : 80.50
------------------------------
<Accuracies on test> class : 52.88
------------------------------
<Accuracies on Art> test class : 41.57
------------------------------
<Accuracies on Product> test class : 56.48
------------------------------
<Accuracies on Real_World> test class : 55.52
------------------------------
Total epoch time: 350.254

New epoch - lr: 0.003
[1/61 iteration of epoch 40/50] 
 {loss} cls : 0.196, total : 0.196 
 {acc} cls : 95.31
[31/61 iteration of epoch 40/50] 
 {loss} cls : 0.187, total : 0.187 
 {acc} cls : 93.75
[61/61 iteration of epoch 40/50] 
 {loss} cls : 0.157, total : 0.157 
 {acc} cls : 92.19
------------------------------
<Losses on train> cls : 0.169, total : 0.169
<Accuracies on train> cls : 95.35
Train epoch time: 68.061
------------------------------
<Accuracies on val> class : 81.42
------------------------------
<Accuracies on test> class : 52.70
------------------------------
<Accuracies on Art> test class : 41.53
------------------------------
<Accuracies on Product> test class : 55.87
------------------------------
<Accuracies on Real_World> test class : 55.70
------------------------------
Total epoch time: 352.825

New epoch - lr: 0.003
[1/61 iteration of epoch 41/50] 
 {loss} cls : 0.098, total : 0.098 
 {acc} cls : 95.31
[31/61 iteration of epoch 41/50] 
 {loss} cls : 0.177, total : 0.177 
 {acc} cls : 95.31
[61/61 iteration of epoch 41/50] 
 {loss} cls : 0.217, total : 0.217 
 {acc} cls : 92.97
------------------------------
<Losses on train> cls : 0.161, total : 0.161
<Accuracies on train> cls : 95.26
Train epoch time: 68.346
------------------------------
<Accuracies on val> class : 80.05
------------------------------
<Accuracies on test> class : 53.44
------------------------------
<Accuracies on Art> test class : 42.93
------------------------------
<Accuracies on Product> test class : 56.12
------------------------------
<Accuracies on Real_World> test class : 56.58
------------------------------
Total epoch time: 351.029

New epoch - lr: 0.003
[1/61 iteration of epoch 42/50] 
 {loss} cls : 0.133, total : 0.133 
 {acc} cls : 96.88
[31/61 iteration of epoch 42/50] 
 {loss} cls : 0.144, total : 0.144 
 {acc} cls : 96.88
[61/61 iteration of epoch 42/50] 
 {loss} cls : 0.201, total : 0.201 
 {acc} cls : 95.31
------------------------------
<Losses on train> cls : 0.144, total : 0.144
<Accuracies on train> cls : 95.80
Train epoch time: 70.276
------------------------------
<Accuracies on val> class : 80.05
------------------------------
<Accuracies on test> class : 51.50
------------------------------
<Accuracies on Art> test class : 39.68
------------------------------
<Accuracies on Product> test class : 54.63
------------------------------
<Accuracies on Real_World> test class : 54.90
------------------------------
Total epoch time: 323.026

New epoch - lr: 0.003
[1/61 iteration of epoch 43/50] 
 {loss} cls : 0.174, total : 0.174 
 {acc} cls : 93.75
[31/61 iteration of epoch 43/50] 
 {loss} cls : 0.119, total : 0.119 
 {acc} cls : 94.53
[61/61 iteration of epoch 43/50] 
 {loss} cls : 0.162, total : 0.162 
 {acc} cls : 94.53
------------------------------
<Losses on train> cls : 0.155, total : 0.155
<Accuracies on train> cls : 95.22
Train epoch time: 68.747
------------------------------
<Accuracies on val> class : 79.13
------------------------------
<Accuracies on test> class : 51.86
------------------------------
<Accuracies on Art> test class : 41.33
------------------------------
<Accuracies on Product> test class : 54.85
------------------------------
<Accuracies on Real_World> test class : 54.67
------------------------------
Total epoch time: 373.317

New epoch - lr: 0.003
[1/61 iteration of epoch 44/50] 
 {loss} cls : 0.133, total : 0.133 
 {acc} cls : 96.09
[31/61 iteration of epoch 44/50] 
 {loss} cls : 0.293, total : 0.293 
 {acc} cls : 89.84
[61/61 iteration of epoch 44/50] 
 {loss} cls : 0.108, total : 0.108 
 {acc} cls : 98.44
------------------------------
<Losses on train> cls : 0.145, total : 0.145
<Accuracies on train> cls : 95.70
Train epoch time: 72.550
------------------------------
<Accuracies on val> class : 81.19
------------------------------
<Accuracies on test> class : 52.27
------------------------------
<Accuracies on Art> test class : 41.00
------------------------------
<Accuracies on Product> test class : 55.24
------------------------------
<Accuracies on Real_World> test class : 55.52
------------------------------
Total epoch time: 391.348

New epoch - lr: 0.0009000000000000002
[1/61 iteration of epoch 45/50] 
 {loss} cls : 0.101, total : 0.101 
 {acc} cls : 97.66
[31/61 iteration of epoch 45/50] 
 {loss} cls : 0.204, total : 0.204 
 {acc} cls : 93.75
[61/61 iteration of epoch 45/50] 
 {loss} cls : 0.111, total : 0.111 
 {acc} cls : 94.53
------------------------------
<Losses on train> cls : 0.150, total : 0.150
<Accuracies on train> cls : 95.66
Train epoch time: 75.200
------------------------------
<Accuracies on val> class : 81.65
------------------------------
<Accuracies on test> class : 52.68
------------------------------
<Accuracies on Art> test class : 41.24
------------------------------
<Accuracies on Product> test class : 55.94
------------------------------
<Accuracies on Real_World> test class : 55.73
------------------------------
Total epoch time: 389.588

New epoch - lr: 0.0009000000000000002
[1/61 iteration of epoch 46/50] 
 {loss} cls : 0.101, total : 0.101 
 {acc} cls : 97.66
[31/61 iteration of epoch 46/50] 
 {loss} cls : 0.083, total : 0.083 
 {acc} cls : 97.66
[61/61 iteration of epoch 46/50] 
 {loss} cls : 0.173, total : 0.173 
 {acc} cls : 94.53
------------------------------
<Losses on train> cls : 0.142, total : 0.142
<Accuracies on train> cls : 95.84
Train epoch time: 75.033
------------------------------
<Accuracies on val> class : 80.50
------------------------------
<Accuracies on test> class : 52.62
------------------------------
<Accuracies on Art> test class : 42.15
------------------------------
<Accuracies on Product> test class : 55.06
------------------------------
<Accuracies on Real_World> test class : 55.98
------------------------------
Total epoch time: 382.602

New epoch - lr: 0.0009000000000000002
[1/61 iteration of epoch 47/50] 
 {loss} cls : 0.146, total : 0.146 
 {acc} cls : 95.31
[31/61 iteration of epoch 47/50] 
 {loss} cls : 0.111, total : 0.111 
 {acc} cls : 96.88
[61/61 iteration of epoch 47/50] 
 {loss} cls : 0.073, total : 0.073 
 {acc} cls : 98.44
------------------------------
<Losses on train> cls : 0.141, total : 0.141
<Accuracies on train> cls : 95.72
Train epoch time: 75.095
------------------------------
<Accuracies on val> class : 80.73
------------------------------
<Accuracies on test> class : 53.17
------------------------------
<Accuracies on Art> test class : 41.78
------------------------------
<Accuracies on Product> test class : 56.05
------------------------------
<Accuracies on Real_World> test class : 56.58
------------------------------
Total epoch time: 355.261

New epoch - lr: 0.0009000000000000002
[1/61 iteration of epoch 48/50] 
 {loss} cls : 0.236, total : 0.236 
 {acc} cls : 92.97
[31/61 iteration of epoch 48/50] 
 {loss} cls : 0.140, total : 0.140 
 {acc} cls : 96.09
[61/61 iteration of epoch 48/50] 
 {loss} cls : 0.147, total : 0.147 
 {acc} cls : 94.53
------------------------------
<Losses on train> cls : 0.128, total : 0.128
<Accuracies on train> cls : 96.12
Train epoch time: 57.725
------------------------------
<Accuracies on val> class : 80.96
------------------------------
<Accuracies on test> class : 52.91
------------------------------
<Accuracies on Art> test class : 41.45
------------------------------
<Accuracies on Product> test class : 55.64
------------------------------
<Accuracies on Real_World> test class : 56.51
------------------------------
Total epoch time: 297.340

New epoch - lr: 0.0009000000000000002
[1/61 iteration of epoch 49/50] 
 {loss} cls : 0.108, total : 0.108 
 {acc} cls : 98.44
[31/61 iteration of epoch 49/50] 
 {loss} cls : 0.139, total : 0.139 
 {acc} cls : 95.31
[61/61 iteration of epoch 49/50] 
 {loss} cls : 0.036, total : 0.036 
 {acc} cls : 98.44
------------------------------
<Losses on train> cls : 0.133, total : 0.133
<Accuracies on train> cls : 96.00
Train epoch time: 57.396
------------------------------
<Accuracies on val> class : 81.19
------------------------------
<Accuracies on test> class : 53.57
------------------------------
<Accuracies on Art> test class : 41.86
------------------------------
<Accuracies on Product> test class : 56.75
------------------------------
<Accuracies on Real_World> test class : 56.85
------------------------------
Total epoch time: 293.803

New epoch - lr: 0.0009000000000000002
[1/61 iteration of epoch 50/50] 
 {loss} cls : 0.165, total : 0.165 
 {acc} cls : 96.09
[31/61 iteration of epoch 50/50] 
 {loss} cls : 0.031, total : 0.031 
 {acc} cls : 99.22
[61/61 iteration of epoch 50/50] 
 {loss} cls : 0.048, total : 0.048 
 {acc} cls : 98.44
------------------------------
<Losses on train> cls : 0.127, total : 0.127
<Accuracies on train> cls : 96.04
Train epoch time: 55.815
------------------------------
<Accuracies on val> class : 81.19
------------------------------
<Accuracies on test> class : 53.76
------------------------------
<Accuracies on Art> test class : 42.32
------------------------------
<Accuracies on Product> test class : 56.72
------------------------------
<Accuracies on Real_World> test class : 57.13
------------------------------
Total epoch time: 292.817

******************************
Best val 0.823394, corresponding test 0.531587 - best test: 0.551902

******************************
Best val 0.8233944773674011, corresponding Art test 0.4305727183818817

******************************
Best val 0.8233944773674011, corresponding Product test 0.555079996585846

******************************
Best val 0.8233944773674011, corresponding Real_World test 0.5639201402664185
