
Loading experiment PACS/ResNet18_step

Sample Strategy: all

New epoch - lr: 0.003
[1/32 iteration of epoch 1/30] 
 {loss} cls : 2.116, total : 2.116 
 {acc} cls : 17.97
[31/32 iteration of epoch 1/30] 
 {loss} cls : 0.322, total : 0.322 
 {acc} cls : 86.72
------------------------------
<Losses on train> cls : 1.494, total : 1.494
<Accuracies on train> cls : 64.67
Train epoch time: 22.746
------------------------------
<Accuracies on val> class : 84.39
------------------------------
<Accuracies on test> class : 64.91
------------------------------
<Accuracies on photo> test class : 85.03
------------------------------
<Accuracies on art_painting> test class : 68.07
------------------------------
<Accuracies on sketch> test class : 54.72
------------------------------
Total epoch time: 50.817

New epoch - lr: 0.003
[1/32 iteration of epoch 2/30] 
 {loss} cls : 0.353, total : 0.353 
 {acc} cls : 89.06
[31/32 iteration of epoch 2/30] 
 {loss} cls : 0.214, total : 0.214 
 {acc} cls : 92.19
------------------------------
<Losses on train> cls : 0.299, total : 0.299
<Accuracies on train> cls : 89.67
Train epoch time: 21.868
------------------------------
<Accuracies on val> class : 84.39
------------------------------
<Accuracies on test> class : 68.20
------------------------------
<Accuracies on photo> test class : 88.86
------------------------------
<Accuracies on art_painting> test class : 72.02
------------------------------
<Accuracies on sketch> test class : 57.42
------------------------------
Total epoch time: 49.330

New epoch - lr: 0.003
[1/32 iteration of epoch 3/30] 
 {loss} cls : 0.290, total : 0.290 
 {acc} cls : 89.84
[31/32 iteration of epoch 3/30] 
 {loss} cls : 0.347, total : 0.347 
 {acc} cls : 91.41
------------------------------
<Losses on train> cls : 0.218, total : 0.218
<Accuracies on train> cls : 92.26
Train epoch time: 21.828
------------------------------
<Accuracies on val> class : 90.30
------------------------------
<Accuracies on test> class : 73.31
------------------------------
<Accuracies on photo> test class : 90.48
------------------------------
<Accuracies on art_painting> test class : 73.78
------------------------------
<Accuracies on sketch> test class : 65.77
------------------------------
Total epoch time: 49.732

New epoch - lr: 0.003
[1/32 iteration of epoch 4/30] 
 {loss} cls : 0.103, total : 0.103 
 {acc} cls : 96.09
[31/32 iteration of epoch 4/30] 
 {loss} cls : 0.140, total : 0.140 
 {acc} cls : 95.31
------------------------------
<Losses on train> cls : 0.144, total : 0.144
<Accuracies on train> cls : 95.14
Train epoch time: 21.103
------------------------------
<Accuracies on val> class : 91.98
------------------------------
<Accuracies on test> class : 71.19
------------------------------
<Accuracies on photo> test class : 90.66
------------------------------
<Accuracies on art_painting> test class : 71.34
------------------------------
<Accuracies on sketch> test class : 62.84
------------------------------
Total epoch time: 48.610

New epoch - lr: 0.003
[1/32 iteration of epoch 5/30] 
 {loss} cls : 0.128, total : 0.128 
 {acc} cls : 95.31
[31/32 iteration of epoch 5/30] 
 {loss} cls : 0.103, total : 0.103 
 {acc} cls : 96.88
------------------------------
<Losses on train> cls : 0.114, total : 0.114
<Accuracies on train> cls : 96.24
Train epoch time: 20.058
------------------------------
<Accuracies on val> class : 91.56
------------------------------
<Accuracies on test> class : 71.60
------------------------------
<Accuracies on photo> test class : 89.94
------------------------------
<Accuracies on art_painting> test class : 71.63
------------------------------
<Accuracies on sketch> test class : 63.78
------------------------------
Total epoch time: 47.430

New epoch - lr: 0.003
[1/32 iteration of epoch 6/30] 
 {loss} cls : 0.124, total : 0.124 
 {acc} cls : 96.88
[31/32 iteration of epoch 6/30] 
 {loss} cls : 0.110, total : 0.110 
 {acc} cls : 95.31
------------------------------
<Losses on train> cls : 0.087, total : 0.087
<Accuracies on train> cls : 96.97
Train epoch time: 20.371
------------------------------
<Accuracies on val> class : 94.51
------------------------------
<Accuracies on test> class : 69.82
------------------------------
<Accuracies on photo> test class : 88.50
------------------------------
<Accuracies on art_painting> test class : 68.21
------------------------------
<Accuracies on sketch> test class : 62.71
------------------------------
Total epoch time: 48.561

New epoch - lr: 0.003
[1/32 iteration of epoch 7/30] 
 {loss} cls : 0.062, total : 0.062 
 {acc} cls : 97.66
[31/32 iteration of epoch 7/30] 
 {loss} cls : 0.155, total : 0.155 
 {acc} cls : 94.53
------------------------------
<Losses on train> cls : 0.083, total : 0.083
<Accuracies on train> cls : 97.19
Train epoch time: 19.458
------------------------------
<Accuracies on val> class : 91.98
------------------------------
<Accuracies on test> class : 74.76
------------------------------
<Accuracies on photo> test class : 91.50
------------------------------
<Accuracies on art_painting> test class : 73.34
------------------------------
<Accuracies on sketch> test class : 68.39
------------------------------
Total epoch time: 48.626

New epoch - lr: 0.003
[1/32 iteration of epoch 8/30] 
 {loss} cls : 0.074, total : 0.074 
 {acc} cls : 96.88
[31/32 iteration of epoch 8/30] 
 {loss} cls : 0.102, total : 0.102 
 {acc} cls : 94.53
------------------------------
<Losses on train> cls : 0.063, total : 0.063
<Accuracies on train> cls : 97.71
Train epoch time: 19.129
------------------------------
<Accuracies on val> class : 94.09
------------------------------
<Accuracies on test> class : 75.06
------------------------------
<Accuracies on photo> test class : 89.58
------------------------------
<Accuracies on art_painting> test class : 73.10
------------------------------
<Accuracies on sketch> test class : 69.92
------------------------------
Total epoch time: 47.878

New epoch - lr: 0.003
[1/32 iteration of epoch 9/30] 
 {loss} cls : 0.044, total : 0.044 
 {acc} cls : 98.44
[31/32 iteration of epoch 9/30] 
 {loss} cls : 0.015, total : 0.015 
 {acc} cls : 100.00
------------------------------
<Losses on train> cls : 0.047, total : 0.047
<Accuracies on train> cls : 98.51
Train epoch time: 19.787
------------------------------
<Accuracies on val> class : 93.67
------------------------------
<Accuracies on test> class : 75.27
------------------------------
<Accuracies on photo> test class : 90.42
------------------------------
<Accuracies on art_painting> test class : 72.75
------------------------------
<Accuracies on sketch> test class : 70.15
------------------------------
Total epoch time: 48.315

New epoch - lr: 0.003
[1/32 iteration of epoch 10/30] 
 {loss} cls : 0.031, total : 0.031 
 {acc} cls : 99.22
[31/32 iteration of epoch 10/30] 
 {loss} cls : 0.046, total : 0.046 
 {acc} cls : 98.44
------------------------------
<Losses on train> cls : 0.044, total : 0.044
<Accuracies on train> cls : 98.61
Train epoch time: 19.642
------------------------------
<Accuracies on val> class : 93.67
------------------------------
<Accuracies on test> class : 74.06
------------------------------
<Accuracies on photo> test class : 89.16
------------------------------
<Accuracies on art_painting> test class : 71.53
------------------------------
<Accuracies on sketch> test class : 68.95
------------------------------
Total epoch time: 48.296

New epoch - lr: 0.003
[1/32 iteration of epoch 11/30] 
 {loss} cls : 0.017, total : 0.017 
 {acc} cls : 100.00
[31/32 iteration of epoch 11/30] 
 {loss} cls : 0.014, total : 0.014 
 {acc} cls : 99.22
------------------------------
<Losses on train> cls : 0.038, total : 0.038
<Accuracies on train> cls : 98.85
Train epoch time: 19.935
------------------------------
<Accuracies on val> class : 92.41
------------------------------
<Accuracies on test> class : 74.30
------------------------------
<Accuracies on photo> test class : 90.36
------------------------------
<Accuracies on art_painting> test class : 73.54
------------------------------
<Accuracies on sketch> test class : 67.88
------------------------------
Total epoch time: 48.719

New epoch - lr: 0.003
[1/32 iteration of epoch 12/30] 
 {loss} cls : 0.007, total : 0.007 
 {acc} cls : 100.00
[31/32 iteration of epoch 12/30] 
 {loss} cls : 0.024, total : 0.024 
 {acc} cls : 99.22
------------------------------
<Losses on train> cls : 0.052, total : 0.052
<Accuracies on train> cls : 98.29
Train epoch time: 19.730
------------------------------
<Accuracies on val> class : 95.36
------------------------------
<Accuracies on test> class : 72.46
------------------------------
<Accuracies on photo> test class : 89.40
------------------------------
<Accuracies on art_painting> test class : 72.17
------------------------------
<Accuracies on sketch> test class : 65.41
------------------------------
Total epoch time: 48.861

New epoch - lr: 0.003
[1/32 iteration of epoch 13/30] 
 {loss} cls : 0.056, total : 0.056 
 {acc} cls : 99.22
[31/32 iteration of epoch 13/30] 
 {loss} cls : 0.023, total : 0.023 
 {acc} cls : 99.22
------------------------------
<Losses on train> cls : 0.034, total : 0.034
<Accuracies on train> cls : 99.02
Train epoch time: 19.862
------------------------------
<Accuracies on val> class : 93.25
------------------------------
<Accuracies on test> class : 75.61
------------------------------
<Accuracies on photo> test class : 90.60
------------------------------
<Accuracies on art_painting> test class : 75.49
------------------------------
<Accuracies on sketch> test class : 69.31
------------------------------
Total epoch time: 47.145

New epoch - lr: 0.003
[1/32 iteration of epoch 14/30] 
 {loss} cls : 0.059, total : 0.059 
 {acc} cls : 98.44
[31/32 iteration of epoch 14/30] 
 {loss} cls : 0.075, total : 0.075 
 {acc} cls : 97.66
------------------------------
<Losses on train> cls : 0.036, total : 0.036
<Accuracies on train> cls : 98.90
Train epoch time: 20.602
------------------------------
<Accuracies on val> class : 93.25
------------------------------
<Accuracies on test> class : 74.16
------------------------------
<Accuracies on photo> test class : 89.82
------------------------------
<Accuracies on art_painting> test class : 72.12
------------------------------
<Accuracies on sketch> test class : 68.57
------------------------------
Total epoch time: 48.721

New epoch - lr: 0.003
[1/32 iteration of epoch 15/30] 
 {loss} cls : 0.038, total : 0.038 
 {acc} cls : 98.44
[31/32 iteration of epoch 15/30] 
 {loss} cls : 0.050, total : 0.050 
 {acc} cls : 98.44
------------------------------
<Losses on train> cls : 0.028, total : 0.028
<Accuracies on train> cls : 99.10
Train epoch time: 21.448
------------------------------
<Accuracies on val> class : 94.09
------------------------------
<Accuracies on test> class : 73.82
------------------------------
<Accuracies on photo> test class : 89.16
------------------------------
<Accuracies on art_painting> test class : 72.17
------------------------------
<Accuracies on sketch> test class : 68.16
------------------------------
Total epoch time: 48.265

New epoch - lr: 0.003
[1/32 iteration of epoch 16/30] 
 {loss} cls : 0.006, total : 0.006 
 {acc} cls : 100.00
[31/32 iteration of epoch 16/30] 
 {loss} cls : 0.013, total : 0.013 
 {acc} cls : 100.00
------------------------------
<Losses on train> cls : 0.025, total : 0.025
<Accuracies on train> cls : 99.12
Train epoch time: 21.607
------------------------------
<Accuracies on val> class : 93.67
------------------------------
<Accuracies on test> class : 74.94
------------------------------
<Accuracies on photo> test class : 90.30
------------------------------
<Accuracies on art_painting> test class : 72.51
------------------------------
<Accuracies on sketch> test class : 69.69
------------------------------
Total epoch time: 48.093

New epoch - lr: 0.003
[1/32 iteration of epoch 17/30] 
 {loss} cls : 0.022, total : 0.022 
 {acc} cls : 100.00
[31/32 iteration of epoch 17/30] 
 {loss} cls : 0.008, total : 0.008 
 {acc} cls : 100.00
------------------------------
<Losses on train> cls : 0.018, total : 0.018
<Accuracies on train> cls : 99.46
Train epoch time: 21.305
------------------------------
<Accuracies on val> class : 94.94
------------------------------
<Accuracies on test> class : 73.70
------------------------------
<Accuracies on photo> test class : 89.40
------------------------------
<Accuracies on art_painting> test class : 73.39
------------------------------
<Accuracies on sketch> test class : 67.19
------------------------------
Total epoch time: 48.765

New epoch - lr: 0.003
[1/32 iteration of epoch 18/30] 
 {loss} cls : 0.036, total : 0.036 
 {acc} cls : 99.22
[31/32 iteration of epoch 18/30] 
 {loss} cls : 0.013, total : 0.013 
 {acc} cls : 99.22
------------------------------
<Losses on train> cls : 0.018, total : 0.018
<Accuracies on train> cls : 99.46
Train epoch time: 21.158
------------------------------
<Accuracies on val> class : 94.09
------------------------------
<Accuracies on test> class : 72.64
------------------------------
<Accuracies on photo> test class : 89.46
------------------------------
<Accuracies on art_painting> test class : 72.95
------------------------------
<Accuracies on sketch> test class : 65.33
------------------------------
Total epoch time: 49.168

New epoch - lr: 0.003
[1/32 iteration of epoch 19/30] 
 {loss} cls : 0.002, total : 0.002 
 {acc} cls : 100.00
[31/32 iteration of epoch 19/30] 
 {loss} cls : 0.033, total : 0.033 
 {acc} cls : 99.22
------------------------------
<Losses on train> cls : 0.027, total : 0.027
<Accuracies on train> cls : 99.00
Train epoch time: 20.941
------------------------------
<Accuracies on val> class : 94.09
------------------------------
<Accuracies on test> class : 73.35
------------------------------
<Accuracies on photo> test class : 89.34
------------------------------
<Accuracies on art_painting> test class : 72.90
------------------------------
<Accuracies on sketch> test class : 66.79
------------------------------
Total epoch time: 47.575

New epoch - lr: 0.003
[1/32 iteration of epoch 20/30] 
 {loss} cls : 0.007, total : 0.007 
 {acc} cls : 100.00
[31/32 iteration of epoch 20/30] 
 {loss} cls : 0.028, total : 0.028 
 {acc} cls : 99.22
------------------------------
<Losses on train> cls : 0.022, total : 0.022
<Accuracies on train> cls : 99.15
Train epoch time: 20.796
------------------------------
<Accuracies on val> class : 94.51
------------------------------
<Accuracies on test> class : 75.00
------------------------------
<Accuracies on photo> test class : 90.84
------------------------------
<Accuracies on art_painting> test class : 76.22
------------------------------
<Accuracies on sketch> test class : 67.63
------------------------------
Total epoch time: 48.728

New epoch - lr: 0.003
[1/32 iteration of epoch 21/30] 
 {loss} cls : 0.004, total : 0.004 
 {acc} cls : 100.00
[31/32 iteration of epoch 21/30] 
 {loss} cls : 0.016, total : 0.016 
 {acc} cls : 99.22
------------------------------
<Losses on train> cls : 0.022, total : 0.022
<Accuracies on train> cls : 99.32
Train epoch time: 20.156
------------------------------
<Accuracies on val> class : 94.51
------------------------------
<Accuracies on test> class : 74.00
------------------------------
<Accuracies on photo> test class : 90.72
------------------------------
<Accuracies on art_painting> test class : 75.29
------------------------------
<Accuracies on sketch> test class : 66.23
------------------------------
Total epoch time: 48.777

New epoch - lr: 0.003
[1/32 iteration of epoch 22/30] 
 {loss} cls : 0.017, total : 0.017 
 {acc} cls : 99.22
[31/32 iteration of epoch 22/30] 
 {loss} cls : 0.018, total : 0.018 
 {acc} cls : 99.22
------------------------------
<Losses on train> cls : 0.023, total : 0.023
<Accuracies on train> cls : 99.24
Train epoch time: 19.879
------------------------------
<Accuracies on val> class : 94.51
------------------------------
<Accuracies on test> class : 70.11
------------------------------
<Accuracies on photo> test class : 86.65
------------------------------
<Accuracies on art_painting> test class : 69.04
------------------------------
<Accuracies on sketch> test class : 63.63
------------------------------
Total epoch time: 49.009

New epoch - lr: 0.003
[1/32 iteration of epoch 23/30] 
 {loss} cls : 0.008, total : 0.008 
 {acc} cls : 100.00
[31/32 iteration of epoch 23/30] 
 {loss} cls : 0.021, total : 0.021 
 {acc} cls : 99.22
------------------------------
<Losses on train> cls : 0.016, total : 0.016
<Accuracies on train> cls : 99.49
Train epoch time: 19.031
------------------------------
<Accuracies on val> class : 94.94
------------------------------
<Accuracies on test> class : 74.59
------------------------------
<Accuracies on photo> test class : 90.54
------------------------------
<Accuracies on art_painting> test class : 73.00
------------------------------
<Accuracies on sketch> test class : 68.64
------------------------------
Total epoch time: 49.757

New epoch - lr: 0.003
[1/32 iteration of epoch 24/30] 
 {loss} cls : 0.010, total : 0.010 
 {acc} cls : 100.00
[31/32 iteration of epoch 24/30] 
 {loss} cls : 0.006, total : 0.006 
 {acc} cls : 100.00
------------------------------
<Losses on train> cls : 0.014, total : 0.014
<Accuracies on train> cls : 99.58
Train epoch time: 18.663
------------------------------
<Accuracies on val> class : 94.94
------------------------------
<Accuracies on test> class : 75.06
------------------------------
<Accuracies on photo> test class : 89.64
------------------------------
<Accuracies on art_painting> test class : 74.07
------------------------------
<Accuracies on sketch> test class : 69.38
------------------------------
Total epoch time: 48.796

New epoch - lr: 0.003
[1/32 iteration of epoch 25/30] 
 {loss} cls : 0.023, total : 0.023 
 {acc} cls : 99.22
[31/32 iteration of epoch 25/30] 
 {loss} cls : 0.011, total : 0.011 
 {acc} cls : 100.00
------------------------------
<Losses on train> cls : 0.013, total : 0.013
<Accuracies on train> cls : 99.63
Train epoch time: 18.526
------------------------------
<Accuracies on val> class : 95.36
------------------------------
<Accuracies on test> class : 74.00
------------------------------
<Accuracies on photo> test class : 89.76
------------------------------
<Accuracies on art_painting> test class : 72.36
------------------------------
<Accuracies on sketch> test class : 68.16
------------------------------
Total epoch time: 50.084

New epoch - lr: 0.003
[1/32 iteration of epoch 26/30] 
 {loss} cls : 0.012, total : 0.012 
 {acc} cls : 99.22
[31/32 iteration of epoch 26/30] 
 {loss} cls : 0.002, total : 0.002 
 {acc} cls : 100.00
------------------------------
<Losses on train> cls : 0.008, total : 0.008
<Accuracies on train> cls : 99.73
Train epoch time: 18.651
------------------------------
<Accuracies on val> class : 94.51
------------------------------
<Accuracies on test> class : 75.90
------------------------------
<Accuracies on photo> test class : 90.72
------------------------------
<Accuracies on art_painting> test class : 74.85
------------------------------
<Accuracies on sketch> test class : 70.15
------------------------------
Total epoch time: 49.145

New epoch - lr: 0.0009000000000000002
[1/32 iteration of epoch 27/30] 
 {loss} cls : 0.002, total : 0.002 
 {acc} cls : 100.00
[31/32 iteration of epoch 27/30] 
 {loss} cls : 0.004, total : 0.004 
 {acc} cls : 100.00
------------------------------
<Losses on train> cls : 0.011, total : 0.011
<Accuracies on train> cls : 99.66
Train epoch time: 18.698
------------------------------
<Accuracies on val> class : 94.94
------------------------------
<Accuracies on test> class : 75.44
------------------------------
<Accuracies on photo> test class : 90.12
------------------------------
<Accuracies on art_painting> test class : 74.37
------------------------------
<Accuracies on sketch> test class : 69.76
------------------------------
Total epoch time: 48.500

New epoch - lr: 0.0009000000000000002
[1/32 iteration of epoch 28/30] 
 {loss} cls : 0.037, total : 0.037 
 {acc} cls : 99.22
[31/32 iteration of epoch 28/30] 
 {loss} cls : 0.010, total : 0.010 
 {acc} cls : 100.00
------------------------------
<Losses on train> cls : 0.013, total : 0.013
<Accuracies on train> cls : 99.68
Train epoch time: 19.440
------------------------------
<Accuracies on val> class : 95.78
------------------------------
<Accuracies on test> class : 75.49
------------------------------
<Accuracies on photo> test class : 90.06
------------------------------
<Accuracies on art_painting> test class : 73.68
------------------------------
<Accuracies on sketch> test class : 70.25
------------------------------
Total epoch time: 48.326

New epoch - lr: 0.0009000000000000002
[1/32 iteration of epoch 29/30] 
 {loss} cls : 0.009, total : 0.009 
 {acc} cls : 99.22
[31/32 iteration of epoch 29/30] 
 {loss} cls : 0.006, total : 0.006 
 {acc} cls : 100.00
------------------------------
<Losses on train> cls : 0.011, total : 0.011
<Accuracies on train> cls : 99.63
Train epoch time: 19.289
------------------------------
<Accuracies on val> class : 95.78
------------------------------
<Accuracies on test> class : 75.00
------------------------------
<Accuracies on photo> test class : 89.70
------------------------------
<Accuracies on art_painting> test class : 73.88
------------------------------
<Accuracies on sketch> test class : 69.33
------------------------------
Total epoch time: 46.611

New epoch - lr: 0.0009000000000000002
[1/32 iteration of epoch 30/30] 
 {loss} cls : 0.027, total : 0.027 
 {acc} cls : 99.22
[31/32 iteration of epoch 30/30] 
 {loss} cls : 0.001, total : 0.001 
 {acc} cls : 100.00
------------------------------
<Losses on train> cls : 0.009, total : 0.009
<Accuracies on train> cls : 99.76
Train epoch time: 18.681
------------------------------
<Accuracies on val> class : 95.36
------------------------------
<Accuracies on test> class : 75.19
------------------------------
<Accuracies on photo> test class : 89.82
------------------------------
<Accuracies on art_painting> test class : 73.97
------------------------------
<Accuracies on sketch> test class : 69.61
------------------------------
Total epoch time: 44.825

******************************
Best val 0.957806, corresponding test 0.749967 - best test: 0.75899

******************************
Best val 0.9578059315681458, corresponding photo test 0.8970059752464294

******************************
Best val 0.9578059315681458, corresponding art_painting test 0.73876953125

******************************
Best val 0.9578059315681458, corresponding sketch test 0.6933062076568604
