
Loading experiment PACS/ResNet18_step

Sample Strategy: all

New epoch - lr: 0.003
[1/55 iteration of epoch 1/30] 
 {loss} cls : 2.021, total : 2.021 
 {acc} cls : 11.72
[31/55 iteration of epoch 1/30] 
 {loss} cls : 0.654, total : 0.654 
 {acc} cls : 81.25
------------------------------
<Losses on train> cls : 1.529, total : 1.529
<Accuracies on train> cls : 69.33
Train epoch time: 30.490
------------------------------
<Accuracies on val> class : 84.42
------------------------------
<Accuracies on test> class : 32.83
------------------------------
<Accuracies on photo> test class : 28.02
------------------------------
<Accuracies on cartoon> test class : 44.24
------------------------------
<Accuracies on art_painting> test class : 23.68
------------------------------
Total epoch time: 53.726

New epoch - lr: 0.003
[1/55 iteration of epoch 2/30] 
 {loss} cls : 0.188, total : 0.188 
 {acc} cls : 95.31
[31/55 iteration of epoch 2/30] 
 {loss} cls : 0.311, total : 0.311 
 {acc} cls : 87.50
------------------------------
<Losses on train> cls : 0.237, total : 0.237
<Accuracies on train> cls : 91.38
Train epoch time: 29.120
------------------------------
<Accuracies on val> class : 89.95
------------------------------
<Accuracies on test> class : 38.91
------------------------------
<Accuracies on photo> test class : 34.13
------------------------------
<Accuracies on cartoon> test class : 53.20
------------------------------
<Accuracies on art_painting> test class : 26.46
------------------------------
Total epoch time: 52.008

New epoch - lr: 0.003
[1/55 iteration of epoch 3/30] 
 {loss} cls : 0.112, total : 0.112 
 {acc} cls : 96.88
[31/55 iteration of epoch 3/30] 
 {loss} cls : 0.268, total : 0.268 
 {acc} cls : 92.19
------------------------------
<Losses on train> cls : 0.157, total : 0.157
<Accuracies on train> cls : 94.64
Train epoch time: 27.662
------------------------------
<Accuracies on val> class : 90.95
------------------------------
<Accuracies on test> class : 44.11
------------------------------
<Accuracies on photo> test class : 40.30
------------------------------
<Accuracies on cartoon> test class : 60.37
------------------------------
<Accuracies on art_painting> test class : 28.61
------------------------------
Total epoch time: 51.083

New epoch - lr: 0.003
[1/55 iteration of epoch 4/30] 
 {loss} cls : 0.105, total : 0.105 
 {acc} cls : 97.66
[31/55 iteration of epoch 4/30] 
 {loss} cls : 0.052, total : 0.052 
 {acc} cls : 97.66
------------------------------
<Losses on train> cls : 0.116, total : 0.116
<Accuracies on train> cls : 95.89
Train epoch time: 27.981
------------------------------
<Accuracies on val> class : 91.46
------------------------------
<Accuracies on test> class : 42.81
------------------------------
<Accuracies on photo> test class : 35.33
------------------------------
<Accuracies on cartoon> test class : 62.33
------------------------------
<Accuracies on art_painting> test class : 26.56
------------------------------
Total epoch time: 51.572

New epoch - lr: 0.003
[1/55 iteration of epoch 5/30] 
 {loss} cls : 0.078, total : 0.078 
 {acc} cls : 97.66
[31/55 iteration of epoch 5/30] 
 {loss} cls : 0.030, total : 0.030 
 {acc} cls : 99.22
------------------------------
<Losses on train> cls : 0.100, total : 0.100
<Accuracies on train> cls : 96.43
Train epoch time: 27.487
------------------------------
<Accuracies on val> class : 89.95
------------------------------
<Accuracies on test> class : 48.37
------------------------------
<Accuracies on photo> test class : 42.22
------------------------------
<Accuracies on cartoon> test class : 66.25
------------------------------
<Accuracies on art_painting> test class : 32.91
------------------------------
Total epoch time: 51.776

New epoch - lr: 0.003
[1/55 iteration of epoch 6/30] 
 {loss} cls : 0.065, total : 0.065 
 {acc} cls : 96.88
[31/55 iteration of epoch 6/30] 
 {loss} cls : 0.122, total : 0.122 
 {acc} cls : 95.31
------------------------------
<Losses on train> cls : 0.080, total : 0.080
<Accuracies on train> cls : 97.06
Train epoch time: 27.007
------------------------------
<Accuracies on val> class : 91.96
------------------------------
<Accuracies on test> class : 46.75
------------------------------
<Accuracies on photo> test class : 41.08
------------------------------
<Accuracies on cartoon> test class : 63.23
------------------------------
<Accuracies on art_painting> test class : 32.52
------------------------------
Total epoch time: 51.693

New epoch - lr: 0.003
[1/55 iteration of epoch 7/30] 
 {loss} cls : 0.066, total : 0.066 
 {acc} cls : 97.66
[31/55 iteration of epoch 7/30] 
 {loss} cls : 0.050, total : 0.050 
 {acc} cls : 98.44
------------------------------
<Losses on train> cls : 0.062, total : 0.062
<Accuracies on train> cls : 97.94
Train epoch time: 26.683
------------------------------
<Accuracies on val> class : 94.97
------------------------------
<Accuracies on test> class : 45.69
------------------------------
<Accuracies on photo> test class : 41.50
------------------------------
<Accuracies on cartoon> test class : 61.05
------------------------------
<Accuracies on art_painting> test class : 31.54
------------------------------
Total epoch time: 51.379

New epoch - lr: 0.003
[1/55 iteration of epoch 8/30] 
 {loss} cls : 0.058, total : 0.058 
 {acc} cls : 98.44
[31/55 iteration of epoch 8/30] 
 {loss} cls : 0.048, total : 0.048 
 {acc} cls : 97.66
------------------------------
<Losses on train> cls : 0.059, total : 0.059
<Accuracies on train> cls : 97.71
Train epoch time: 27.130
------------------------------
<Accuracies on val> class : 90.70
------------------------------
<Accuracies on test> class : 42.46
------------------------------
<Accuracies on photo> test class : 35.75
------------------------------
<Accuracies on cartoon> test class : 61.48
------------------------------
<Accuracies on art_painting> test class : 26.17
------------------------------
Total epoch time: 51.349

New epoch - lr: 0.003
[1/55 iteration of epoch 9/30] 
 {loss} cls : 0.071, total : 0.071 
 {acc} cls : 97.66
[31/55 iteration of epoch 9/30] 
 {loss} cls : 0.079, total : 0.079 
 {acc} cls : 97.66
------------------------------
<Losses on train> cls : 0.055, total : 0.055
<Accuracies on train> cls : 97.98
Train epoch time: 26.846
------------------------------
<Accuracies on val> class : 94.47
------------------------------
<Accuracies on test> class : 44.26
------------------------------
<Accuracies on photo> test class : 37.84
------------------------------
<Accuracies on cartoon> test class : 62.76
------------------------------
<Accuracies on art_painting> test class : 28.32
------------------------------
Total epoch time: 50.610

New epoch - lr: 0.003
[1/55 iteration of epoch 10/30] 
 {loss} cls : 0.144, total : 0.144 
 {acc} cls : 94.53
[31/55 iteration of epoch 10/30] 
 {loss} cls : 0.020, total : 0.020 
 {acc} cls : 100.00
------------------------------
<Losses on train> cls : 0.040, total : 0.040
<Accuracies on train> cls : 98.66
Train epoch time: 28.049
------------------------------
<Accuracies on val> class : 93.72
------------------------------
<Accuracies on test> class : 46.65
------------------------------
<Accuracies on photo> test class : 41.02
------------------------------
<Accuracies on cartoon> test class : 63.61
------------------------------
<Accuracies on art_painting> test class : 31.84
------------------------------
Total epoch time: 51.808

New epoch - lr: 0.003
[1/55 iteration of epoch 11/30] 
 {loss} cls : 0.033, total : 0.033 
 {acc} cls : 98.44
[31/55 iteration of epoch 11/30] 
 {loss} cls : 0.044, total : 0.044 
 {acc} cls : 97.66
------------------------------
<Losses on train> cls : 0.044, total : 0.044
<Accuracies on train> cls : 98.47
Train epoch time: 28.052
------------------------------
<Accuracies on val> class : 94.72
------------------------------
<Accuracies on test> class : 45.50
------------------------------
<Accuracies on photo> test class : 39.16
------------------------------
<Accuracies on cartoon> test class : 64.21
------------------------------
<Accuracies on art_painting> test class : 29.25
------------------------------
Total epoch time: 51.235

New epoch - lr: 0.003
[1/55 iteration of epoch 12/30] 
 {loss} cls : 0.028, total : 0.028 
 {acc} cls : 99.22
[31/55 iteration of epoch 12/30] 
 {loss} cls : 0.005, total : 0.005 
 {acc} cls : 100.00
------------------------------
<Losses on train> cls : 0.029, total : 0.029
<Accuracies on train> cls : 98.96
Train epoch time: 28.214
------------------------------
<Accuracies on val> class : 93.22
------------------------------
<Accuracies on test> class : 41.88
------------------------------
<Accuracies on photo> test class : 35.33
------------------------------
<Accuracies on cartoon> test class : 61.39
------------------------------
<Accuracies on art_painting> test class : 24.90
------------------------------
Total epoch time: 51.097

New epoch - lr: 0.003
[1/55 iteration of epoch 13/30] 
 {loss} cls : 0.024, total : 0.024 
 {acc} cls : 98.44
[31/55 iteration of epoch 13/30] 
 {loss} cls : 0.043, total : 0.043 
 {acc} cls : 99.22
------------------------------
<Losses on train> cls : 0.033, total : 0.033
<Accuracies on train> cls : 98.85
Train epoch time: 28.162
------------------------------
<Accuracies on val> class : 93.22
------------------------------
<Accuracies on test> class : 47.39
------------------------------
<Accuracies on photo> test class : 41.98
------------------------------
<Accuracies on cartoon> test class : 66.72
------------------------------
<Accuracies on art_painting> test class : 29.69
------------------------------
Total epoch time: 51.065

New epoch - lr: 0.003
[1/55 iteration of epoch 14/30] 
 {loss} cls : 0.015, total : 0.015 
 {acc} cls : 100.00
[31/55 iteration of epoch 14/30] 
 {loss} cls : 0.023, total : 0.023 
 {acc} cls : 99.22
------------------------------
<Losses on train> cls : 0.030, total : 0.030
<Accuracies on train> cls : 99.09
Train epoch time: 29.084
------------------------------
<Accuracies on val> class : 93.72
------------------------------
<Accuracies on test> class : 48.43
------------------------------
<Accuracies on photo> test class : 44.25
------------------------------
<Accuracies on cartoon> test class : 67.53
------------------------------
<Accuracies on art_painting> test class : 29.98
------------------------------
Total epoch time: 51.768

New epoch - lr: 0.003
[1/55 iteration of epoch 15/30] 
 {loss} cls : 0.033, total : 0.033 
 {acc} cls : 99.22
[31/55 iteration of epoch 15/30] 
 {loss} cls : 0.031, total : 0.031 
 {acc} cls : 99.22
------------------------------
<Losses on train> cls : 0.023, total : 0.023
<Accuracies on train> cls : 99.26
Train epoch time: 29.516
------------------------------
<Accuracies on val> class : 92.46
------------------------------
<Accuracies on test> class : 48.19
------------------------------
<Accuracies on photo> test class : 42.46
------------------------------
<Accuracies on cartoon> test class : 66.94
------------------------------
<Accuracies on art_painting> test class : 31.40
------------------------------
Total epoch time: 52.193

New epoch - lr: 0.003
[1/55 iteration of epoch 16/30] 
 {loss} cls : 0.011, total : 0.011 
 {acc} cls : 100.00
[31/55 iteration of epoch 16/30] 
 {loss} cls : 0.067, total : 0.067 
 {acc} cls : 97.66
------------------------------
<Losses on train> cls : 0.022, total : 0.022
<Accuracies on train> cls : 99.15
Train epoch time: 29.166
------------------------------
<Accuracies on val> class : 94.47
------------------------------
<Accuracies on test> class : 45.46
------------------------------
<Accuracies on photo> test class : 38.56
------------------------------
<Accuracies on cartoon> test class : 64.25
------------------------------
<Accuracies on art_painting> test class : 29.59
------------------------------
Total epoch time: 51.295

New epoch - lr: 0.003
[1/55 iteration of epoch 17/30] 
 {loss} cls : 0.029, total : 0.029 
 {acc} cls : 98.44
[31/55 iteration of epoch 17/30] 
 {loss} cls : 0.030, total : 0.030 
 {acc} cls : 98.44
------------------------------
<Losses on train> cls : 0.020, total : 0.020
<Accuracies on train> cls : 99.33
Train epoch time: 29.009
------------------------------
<Accuracies on val> class : 95.23
------------------------------
<Accuracies on test> class : 44.49
------------------------------
<Accuracies on photo> test class : 35.81
------------------------------
<Accuracies on cartoon> test class : 64.89
------------------------------
<Accuracies on art_painting> test class : 28.22
------------------------------
Total epoch time: 51.609

New epoch - lr: 0.003
[1/55 iteration of epoch 18/30] 
 {loss} cls : 0.010, total : 0.010 
 {acc} cls : 100.00
[31/55 iteration of epoch 18/30] 
 {loss} cls : 0.001, total : 0.001 
 {acc} cls : 100.00
------------------------------
<Losses on train> cls : 0.025, total : 0.025
<Accuracies on train> cls : 99.18
Train epoch time: 28.516
------------------------------
<Accuracies on val> class : 93.22
------------------------------
<Accuracies on test> class : 47.71
------------------------------
<Accuracies on photo> test class : 42.04
------------------------------
<Accuracies on cartoon> test class : 65.87
------------------------------
<Accuracies on art_painting> test class : 31.54
------------------------------
Total epoch time: 51.768

New epoch - lr: 0.003
[1/55 iteration of epoch 19/30] 
 {loss} cls : 0.009, total : 0.009 
 {acc} cls : 100.00
[31/55 iteration of epoch 19/30] 
 {loss} cls : 0.009, total : 0.009 
 {acc} cls : 100.00
------------------------------
<Losses on train> cls : 0.016, total : 0.016
<Accuracies on train> cls : 99.59
Train epoch time: 27.821
------------------------------
<Accuracies on val> class : 94.97
------------------------------
<Accuracies on test> class : 45.88
------------------------------
<Accuracies on photo> test class : 38.80
------------------------------
<Accuracies on cartoon> test class : 65.32
------------------------------
<Accuracies on art_painting> test class : 29.39
------------------------------
Total epoch time: 52.155

New epoch - lr: 0.003
[1/55 iteration of epoch 20/30] 
 {loss} cls : 0.008, total : 0.008 
 {acc} cls : 100.00
[31/55 iteration of epoch 20/30] 
 {loss} cls : 0.086, total : 0.086 
 {acc} cls : 96.09
------------------------------
<Losses on train> cls : 0.015, total : 0.015
<Accuracies on train> cls : 99.45
Train epoch time: 28.009
------------------------------
<Accuracies on val> class : 94.47
------------------------------
<Accuracies on test> class : 46.65
------------------------------
<Accuracies on photo> test class : 39.16
------------------------------
<Accuracies on cartoon> test class : 65.36
------------------------------
<Accuracies on art_painting> test class : 31.35
------------------------------
Total epoch time: 52.078

New epoch - lr: 0.003
[1/55 iteration of epoch 21/30] 
 {loss} cls : 0.040, total : 0.040 
 {acc} cls : 98.44
[31/55 iteration of epoch 21/30] 
 {loss} cls : 0.016, total : 0.016 
 {acc} cls : 99.22
------------------------------
<Losses on train> cls : 0.017, total : 0.017
<Accuracies on train> cls : 99.47
Train epoch time: 28.077
------------------------------
<Accuracies on val> class : 94.22
------------------------------
<Accuracies on test> class : 45.02
------------------------------
<Accuracies on photo> test class : 39.04
------------------------------
<Accuracies on cartoon> test class : 64.16
------------------------------
<Accuracies on art_painting> test class : 27.98
------------------------------
Total epoch time: 52.108

New epoch - lr: 0.003
[1/55 iteration of epoch 22/30] 
 {loss} cls : 0.003, total : 0.003 
 {acc} cls : 100.00
[31/55 iteration of epoch 22/30] 
 {loss} cls : 0.005, total : 0.005 
 {acc} cls : 100.00
------------------------------
<Losses on train> cls : 0.012, total : 0.012
<Accuracies on train> cls : 99.57
Train epoch time: 27.695
------------------------------
<Accuracies on val> class : 93.72
------------------------------
<Accuracies on test> class : 47.62
------------------------------
<Accuracies on photo> test class : 40.18
------------------------------
<Accuracies on cartoon> test class : 66.38
------------------------------
<Accuracies on art_painting> test class : 32.23
------------------------------
Total epoch time: 51.393

New epoch - lr: 0.003
[1/55 iteration of epoch 23/30] 
 {loss} cls : 0.025, total : 0.025 
 {acc} cls : 99.22
[31/55 iteration of epoch 23/30] 
 {loss} cls : 0.043, total : 0.043 
 {acc} cls : 98.44
------------------------------
<Losses on train> cls : 0.013, total : 0.013
<Accuracies on train> cls : 99.53
Train epoch time: 28.405
------------------------------
<Accuracies on val> class : 94.97
------------------------------
<Accuracies on test> class : 46.87
------------------------------
<Accuracies on photo> test class : 40.30
------------------------------
<Accuracies on cartoon> test class : 65.57
------------------------------
<Accuracies on art_painting> test class : 30.81
------------------------------
Total epoch time: 51.386

New epoch - lr: 0.003
[1/55 iteration of epoch 24/30] 
 {loss} cls : 0.006, total : 0.006 
 {acc} cls : 100.00
[31/55 iteration of epoch 24/30] 
 {loss} cls : 0.034, total : 0.034 
 {acc} cls : 98.44
------------------------------
<Losses on train> cls : 0.011, total : 0.011
<Accuracies on train> cls : 99.70
Train epoch time: 28.620
------------------------------
<Accuracies on val> class : 95.48
------------------------------
<Accuracies on test> class : 45.68
------------------------------
<Accuracies on photo> test class : 39.16
------------------------------
<Accuracies on cartoon> test class : 64.29
------------------------------
<Accuracies on art_painting> test class : 29.69
------------------------------
Total epoch time: 52.340

New epoch - lr: 0.003
[1/55 iteration of epoch 25/30] 
 {loss} cls : 0.008, total : 0.008 
 {acc} cls : 100.00
[31/55 iteration of epoch 25/30] 
 {loss} cls : 0.002, total : 0.002 
 {acc} cls : 100.00
------------------------------
<Losses on train> cls : 0.012, total : 0.012
<Accuracies on train> cls : 99.56
Train epoch time: 28.657
------------------------------
<Accuracies on val> class : 95.23
------------------------------
<Accuracies on test> class : 48.23
------------------------------
<Accuracies on photo> test class : 40.90
------------------------------
<Accuracies on cartoon> test class : 66.85
------------------------------
<Accuracies on art_painting> test class : 32.91
------------------------------
Total epoch time: 52.444

New epoch - lr: 0.003
[1/55 iteration of epoch 26/30] 
 {loss} cls : 0.001, total : 0.001 
 {acc} cls : 100.00
[31/55 iteration of epoch 26/30] 
 {loss} cls : 0.001, total : 0.001 
 {acc} cls : 100.00
------------------------------
<Losses on train> cls : 0.009, total : 0.009
<Accuracies on train> cls : 99.76
Train epoch time: 27.845
------------------------------
<Accuracies on val> class : 94.47
------------------------------
<Accuracies on test> class : 49.08
------------------------------
<Accuracies on photo> test class : 42.04
------------------------------
<Accuracies on cartoon> test class : 66.47
------------------------------
<Accuracies on art_painting> test class : 34.91
------------------------------
Total epoch time: 52.285

New epoch - lr: 0.0009000000000000002
[1/55 iteration of epoch 27/30] 
 {loss} cls : 0.036, total : 0.036 
 {acc} cls : 99.22
[31/55 iteration of epoch 27/30] 
 {loss} cls : 0.015, total : 0.015 
 {acc} cls : 99.22
------------------------------
<Losses on train> cls : 0.008, total : 0.008
<Accuracies on train> cls : 99.83
Train epoch time: 27.363
------------------------------
<Accuracies on val> class : 94.47
------------------------------
<Accuracies on test> class : 49.54
------------------------------
<Accuracies on photo> test class : 42.51
------------------------------
<Accuracies on cartoon> test class : 66.72
------------------------------
<Accuracies on art_painting> test class : 35.60
------------------------------
Total epoch time: 49.996

New epoch - lr: 0.0009000000000000002
[1/55 iteration of epoch 28/30] 
 {loss} cls : 0.015, total : 0.015 
 {acc} cls : 99.22
[31/55 iteration of epoch 28/30] 
 {loss} cls : 0.009, total : 0.009 
 {acc} cls : 100.00
------------------------------
<Losses on train> cls : 0.009, total : 0.009
<Accuracies on train> cls : 99.76
Train epoch time: 25.962
------------------------------
<Accuracies on val> class : 95.48
------------------------------
<Accuracies on test> class : 47.84
------------------------------
<Accuracies on photo> test class : 40.90
------------------------------
<Accuracies on cartoon> test class : 65.02
------------------------------
<Accuracies on art_painting> test class : 33.84
------------------------------
Total epoch time: 47.957

New epoch - lr: 0.0009000000000000002
[1/55 iteration of epoch 29/30] 
 {loss} cls : 0.003, total : 0.003 
 {acc} cls : 100.00
[31/55 iteration of epoch 29/30] 
 {loss} cls : 0.012, total : 0.012 
 {acc} cls : 100.00
------------------------------
<Losses on train> cls : 0.007, total : 0.007
<Accuracies on train> cls : 99.80
Train epoch time: 23.535
------------------------------
<Accuracies on val> class : 94.47
------------------------------
<Accuracies on test> class : 50.49
------------------------------
<Accuracies on photo> test class : 44.67
------------------------------
<Accuracies on cartoon> test class : 67.41
------------------------------
<Accuracies on art_painting> test class : 35.89
------------------------------
Total epoch time: 43.518

New epoch - lr: 0.0009000000000000002
[1/55 iteration of epoch 30/30] 
 {loss} cls : 0.056, total : 0.056 
 {acc} cls : 98.44
[31/55 iteration of epoch 30/30] 
 {loss} cls : 0.001, total : 0.001 
 {acc} cls : 100.00
------------------------------
<Losses on train> cls : 0.007, total : 0.007
<Accuracies on train> cls : 99.83
Train epoch time: 23.930
------------------------------
<Accuracies on val> class : 95.48
------------------------------
<Accuracies on test> class : 48.68
------------------------------
<Accuracies on photo> test class : 42.10
------------------------------
<Accuracies on cartoon> test class : 66.38
------------------------------
<Accuracies on art_painting> test class : 33.79
------------------------------
Total epoch time: 44.379

******************************
Best val 0.954774, corresponding test 0.486803 - best test: 0.504949

******************************
Best val 0.9547738432884216, corresponding photo test 0.4209580719470978

******************************
Best val 0.9547738432884216, corresponding cartoon test 0.6638225317001343

******************************
Best val 0.9547738432884216, corresponding art_painting test 0.337890625
