
Loading experiment PACS/ResNet50

Sample Strategy: all

New epoch - lr: 0.001
[1/65 iteration of epoch 1/50] 
 {loss} cls : 2.131, total : 2.131 
 {acc} cls : 12.50
[31/65 iteration of epoch 1/50] 
 {loss} cls : 0.745, total : 0.745 
 {acc} cls : 76.56
[61/65 iteration of epoch 1/50] 
 {loss} cls : 0.444, total : 0.444 
 {acc} cls : 89.06
------------------------------
<Losses on train> cls : 0.679, total : 0.679
<Accuracies on train> cls : 76.25
Train epoch time: 42.514
------------------------------
<Accuracies on val> class : 88.61
------------------------------
<Accuracies on test> class : 69.60
------------------------------
<Accuracies on photo> test class : 92.46
------------------------------
<Accuracies on art_painting> test class : 68.12
------------------------------
<Accuracies on sketch> test class : 60.65
------------------------------
Total epoch time: 94.760

New epoch - lr: 0.001
[1/65 iteration of epoch 2/50] 
 {loss} cls : 0.424, total : 0.424 
 {acc} cls : 84.38
[31/65 iteration of epoch 2/50] 
 {loss} cls : 0.322, total : 0.322 
 {acc} cls : 92.19
[61/65 iteration of epoch 2/50] 
 {loss} cls : 0.284, total : 0.284 
 {acc} cls : 90.62
------------------------------
<Losses on train> cls : 0.255, total : 0.255
<Accuracies on train> cls : 91.56
Train epoch time: 38.505
------------------------------
<Accuracies on val> class : 91.98
------------------------------
<Accuracies on test> class : 65.88
------------------------------
<Accuracies on photo> test class : 87.37
------------------------------
<Accuracies on art_painting> test class : 68.95
------------------------------
<Accuracies on sketch> test class : 55.15
------------------------------
Total epoch time: 86.795

New epoch - lr: 0.001
[1/65 iteration of epoch 3/50] 
 {loss} cls : 0.277, total : 0.277 
 {acc} cls : 92.19
[31/65 iteration of epoch 3/50] 
 {loss} cls : 0.140, total : 0.140 
 {acc} cls : 98.44
[61/65 iteration of epoch 3/50] 
 {loss} cls : 0.246, total : 0.246 
 {acc} cls : 93.75
------------------------------
<Losses on train> cls : 0.169, total : 0.169
<Accuracies on train> cls : 94.45
Train epoch time: 38.570
------------------------------
<Accuracies on val> class : 95.78
------------------------------
<Accuracies on test> class : 75.70
------------------------------
<Accuracies on photo> test class : 92.28
------------------------------
<Accuracies on art_painting> test class : 75.10
------------------------------
<Accuracies on sketch> test class : 68.97
------------------------------
Total epoch time: 86.969

New epoch - lr: 0.001
[1/65 iteration of epoch 4/50] 
 {loss} cls : 0.234, total : 0.234 
 {acc} cls : 92.19
[31/65 iteration of epoch 4/50] 
 {loss} cls : 0.104, total : 0.104 
 {acc} cls : 96.88
[61/65 iteration of epoch 4/50] 
 {loss} cls : 0.087, total : 0.087 
 {acc} cls : 96.88
------------------------------
<Losses on train> cls : 0.119, total : 0.119
<Accuracies on train> cls : 95.99
Train epoch time: 38.693
------------------------------
<Accuracies on val> class : 94.94
------------------------------
<Accuracies on test> class : 74.02
------------------------------
<Accuracies on photo> test class : 91.08
------------------------------
<Accuracies on art_painting> test class : 69.97
------------------------------
<Accuracies on sketch> test class : 68.87
------------------------------
Total epoch time: 86.283

New epoch - lr: 0.001
[1/65 iteration of epoch 5/50] 
 {loss} cls : 0.073, total : 0.073 
 {acc} cls : 98.44
[31/65 iteration of epoch 5/50] 
 {loss} cls : 0.111, total : 0.111 
 {acc} cls : 95.31
[61/65 iteration of epoch 5/50] 
 {loss} cls : 0.105, total : 0.105 
 {acc} cls : 96.88
------------------------------
<Losses on train> cls : 0.092, total : 0.092
<Accuracies on train> cls : 96.73
Train epoch time: 38.671
------------------------------
<Accuracies on val> class : 96.20
------------------------------
<Accuracies on test> class : 78.79
------------------------------
<Accuracies on photo> test class : 92.99
------------------------------
<Accuracies on art_painting> test class : 75.34
------------------------------
<Accuracies on sketch> test class : 74.55
------------------------------
Total epoch time: 86.666

New epoch - lr: 0.001
[1/65 iteration of epoch 6/50] 
 {loss} cls : 0.021, total : 0.021 
 {acc} cls : 100.00
[31/65 iteration of epoch 6/50] 
 {loss} cls : 0.096, total : 0.096 
 {acc} cls : 98.44
[61/65 iteration of epoch 6/50] 
 {loss} cls : 0.066, total : 0.066 
 {acc} cls : 98.44
------------------------------
<Losses on train> cls : 0.096, total : 0.096
<Accuracies on train> cls : 96.71
Train epoch time: 38.541
------------------------------
<Accuracies on val> class : 95.36
------------------------------
<Accuracies on test> class : 76.51
------------------------------
<Accuracies on photo> test class : 92.16
------------------------------
<Accuracies on art_painting> test class : 73.44
------------------------------
<Accuracies on sketch> test class : 71.47
------------------------------
Total epoch time: 86.006

New epoch - lr: 0.001
[1/65 iteration of epoch 7/50] 
 {loss} cls : 0.021, total : 0.021 
 {acc} cls : 98.44
[31/65 iteration of epoch 7/50] 
 {loss} cls : 0.022, total : 0.022 
 {acc} cls : 100.00
[61/65 iteration of epoch 7/50] 
 {loss} cls : 0.064, total : 0.064 
 {acc} cls : 98.44
------------------------------
<Losses on train> cls : 0.067, total : 0.067
<Accuracies on train> cls : 97.55
Train epoch time: 38.387
------------------------------
<Accuracies on val> class : 95.36
------------------------------
<Accuracies on test> class : 78.21
------------------------------
<Accuracies on photo> test class : 92.22
------------------------------
<Accuracies on art_painting> test class : 77.39
------------------------------
<Accuracies on sketch> test class : 72.69
------------------------------
Total epoch time: 85.858

New epoch - lr: 0.001
[1/65 iteration of epoch 8/50] 
 {loss} cls : 0.046, total : 0.046 
 {acc} cls : 98.44
[31/65 iteration of epoch 8/50] 
 {loss} cls : 0.070, total : 0.070 
 {acc} cls : 96.88
[61/65 iteration of epoch 8/50] 
 {loss} cls : 0.037, total : 0.037 
 {acc} cls : 100.00
------------------------------
<Losses on train> cls : 0.071, total : 0.071
<Accuracies on train> cls : 97.74
Train epoch time: 38.665
------------------------------
<Accuracies on val> class : 94.94
------------------------------
<Accuracies on test> class : 81.40
------------------------------
<Accuracies on photo> test class : 92.87
------------------------------
<Accuracies on art_painting> test class : 78.22
------------------------------
<Accuracies on sketch> test class : 78.19
------------------------------
Total epoch time: 86.575

New epoch - lr: 0.001
[1/65 iteration of epoch 9/50] 
 {loss} cls : 0.053, total : 0.053 
 {acc} cls : 98.44
[31/65 iteration of epoch 9/50] 
 {loss} cls : 0.039, total : 0.039 
 {acc} cls : 100.00
[61/65 iteration of epoch 9/50] 
 {loss} cls : 0.077, total : 0.077 
 {acc} cls : 98.44
------------------------------
<Losses on train> cls : 0.053, total : 0.053
<Accuracies on train> cls : 98.32
Train epoch time: 38.461
------------------------------
<Accuracies on val> class : 94.94
------------------------------
<Accuracies on test> class : 77.83
------------------------------
<Accuracies on photo> test class : 92.81
------------------------------
<Accuracies on art_painting> test class : 76.03
------------------------------
<Accuracies on sketch> test class : 72.41
------------------------------
Total epoch time: 85.976

New epoch - lr: 0.001
[1/65 iteration of epoch 10/50] 
 {loss} cls : 0.005, total : 0.005 
 {acc} cls : 100.00
[31/65 iteration of epoch 10/50] 
 {loss} cls : 0.016, total : 0.016 
 {acc} cls : 100.00
[61/65 iteration of epoch 10/50] 
 {loss} cls : 0.320, total : 0.320 
 {acc} cls : 90.62
------------------------------
<Losses on train> cls : 0.046, total : 0.046
<Accuracies on train> cls : 98.53
Train epoch time: 38.557
------------------------------
<Accuracies on val> class : 96.20
------------------------------
<Accuracies on test> class : 80.14
------------------------------
<Accuracies on photo> test class : 93.77
------------------------------
<Accuracies on art_painting> test class : 78.37
------------------------------
<Accuracies on sketch> test class : 75.26
------------------------------
Total epoch time: 86.833

New epoch - lr: 0.001
[1/65 iteration of epoch 11/50] 
 {loss} cls : 0.081, total : 0.081 
 {acc} cls : 95.31
[31/65 iteration of epoch 11/50] 
 {loss} cls : 0.042, total : 0.042 
 {acc} cls : 96.88
[61/65 iteration of epoch 11/50] 
 {loss} cls : 0.008, total : 0.008 
 {acc} cls : 100.00
------------------------------
<Losses on train> cls : 0.040, total : 0.040
<Accuracies on train> cls : 98.77
Train epoch time: 38.606
------------------------------
<Accuracies on val> class : 97.05
------------------------------
<Accuracies on test> class : 78.74
------------------------------
<Accuracies on photo> test class : 91.44
------------------------------
<Accuracies on art_painting> test class : 75.63
------------------------------
<Accuracies on sketch> test class : 74.96
------------------------------
Total epoch time: 86.657

New epoch - lr: 0.001
[1/65 iteration of epoch 12/50] 
 {loss} cls : 0.013, total : 0.013 
 {acc} cls : 100.00
[31/65 iteration of epoch 12/50] 
 {loss} cls : 0.020, total : 0.020 
 {acc} cls : 100.00
[61/65 iteration of epoch 12/50] 
 {loss} cls : 0.092, total : 0.092 
 {acc} cls : 98.44
------------------------------
<Losses on train> cls : 0.035, total : 0.035
<Accuracies on train> cls : 98.89
Train epoch time: 38.421
------------------------------
<Accuracies on val> class : 97.05
------------------------------
<Accuracies on test> class : 77.25
------------------------------
<Accuracies on photo> test class : 91.68
------------------------------
<Accuracies on art_painting> test class : 76.66
------------------------------
<Accuracies on sketch> test class : 71.42
------------------------------
Total epoch time: 86.398

New epoch - lr: 0.001
[1/65 iteration of epoch 13/50] 
 {loss} cls : 0.022, total : 0.022 
 {acc} cls : 98.44
[31/65 iteration of epoch 13/50] 
 {loss} cls : 0.129, total : 0.129 
 {acc} cls : 95.31
[61/65 iteration of epoch 13/50] 
 {loss} cls : 0.002, total : 0.002 
 {acc} cls : 100.00
------------------------------
<Losses on train> cls : 0.032, total : 0.032
<Accuracies on train> cls : 98.99
Train epoch time: 38.573
------------------------------
<Accuracies on val> class : 95.78
------------------------------
<Accuracies on test> class : 78.57
------------------------------
<Accuracies on photo> test class : 91.92
------------------------------
<Accuracies on art_painting> test class : 77.10
------------------------------
<Accuracies on sketch> test class : 73.66
------------------------------
Total epoch time: 86.081

New epoch - lr: 0.001
[1/65 iteration of epoch 14/50] 
 {loss} cls : 0.027, total : 0.027 
 {acc} cls : 98.44
[31/65 iteration of epoch 14/50] 
 {loss} cls : 0.084, total : 0.084 
 {acc} cls : 95.31
[61/65 iteration of epoch 14/50] 
 {loss} cls : 0.008, total : 0.008 
 {acc} cls : 100.00
------------------------------
<Losses on train> cls : 0.038, total : 0.038
<Accuracies on train> cls : 98.63
Train epoch time: 38.434
------------------------------
<Accuracies on val> class : 95.36
------------------------------
<Accuracies on test> class : 76.45
------------------------------
<Accuracies on photo> test class : 92.22
------------------------------
<Accuracies on art_painting> test class : 74.80
------------------------------
<Accuracies on sketch> test class : 70.60
------------------------------
Total epoch time: 85.938

New epoch - lr: 0.001
[1/65 iteration of epoch 15/50] 
 {loss} cls : 0.004, total : 0.004 
 {acc} cls : 100.00
[31/65 iteration of epoch 15/50] 
 {loss} cls : 0.002, total : 0.002 
 {acc} cls : 100.00
[61/65 iteration of epoch 15/50] 
 {loss} cls : 0.114, total : 0.114 
 {acc} cls : 98.44
------------------------------
<Losses on train> cls : 0.033, total : 0.033
<Accuracies on train> cls : 98.97
Train epoch time: 38.440
------------------------------
<Accuracies on val> class : 96.20
------------------------------
<Accuracies on test> class : 77.91
------------------------------
<Accuracies on photo> test class : 92.63
------------------------------
<Accuracies on art_painting> test class : 79.83
------------------------------
<Accuracies on sketch> test class : 70.65
------------------------------
Total epoch time: 86.441

New epoch - lr: 0.001
[1/65 iteration of epoch 16/50] 
 {loss} cls : 0.042, total : 0.042 
 {acc} cls : 98.44
[31/65 iteration of epoch 16/50] 
 {loss} cls : 0.043, total : 0.043 
 {acc} cls : 98.44
[61/65 iteration of epoch 16/50] 
 {loss} cls : 0.016, total : 0.016 
 {acc} cls : 100.00
------------------------------
<Losses on train> cls : 0.030, total : 0.030
<Accuracies on train> cls : 99.09
Train epoch time: 38.519
------------------------------
<Accuracies on val> class : 95.78
------------------------------
<Accuracies on test> class : 78.37
------------------------------
<Accuracies on photo> test class : 93.23
------------------------------
<Accuracies on art_painting> test class : 78.86
------------------------------
<Accuracies on sketch> test class : 71.80
------------------------------
Total epoch time: 86.139

New epoch - lr: 0.001
[1/65 iteration of epoch 17/50] 
 {loss} cls : 0.018, total : 0.018 
 {acc} cls : 100.00
[31/65 iteration of epoch 17/50] 
 {loss} cls : 0.007, total : 0.007 
 {acc} cls : 100.00
[61/65 iteration of epoch 17/50] 
 {loss} cls : 0.022, total : 0.022 
 {acc} cls : 100.00
------------------------------
<Losses on train> cls : 0.027, total : 0.027
<Accuracies on train> cls : 99.21
Train epoch time: 38.594
------------------------------
<Accuracies on val> class : 95.78
------------------------------
<Accuracies on test> class : 80.18
------------------------------
<Accuracies on photo> test class : 93.65
------------------------------
<Accuracies on art_painting> test class : 80.52
------------------------------
<Accuracies on sketch> test class : 74.27
------------------------------
Total epoch time: 86.154

New epoch - lr: 0.001
[1/65 iteration of epoch 18/50] 
 {loss} cls : 0.001, total : 0.001 
 {acc} cls : 100.00
[31/65 iteration of epoch 18/50] 
 {loss} cls : 0.007, total : 0.007 
 {acc} cls : 100.00
[61/65 iteration of epoch 18/50] 
 {loss} cls : 0.022, total : 0.022 
 {acc} cls : 100.00
------------------------------
<Losses on train> cls : 0.026, total : 0.026
<Accuracies on train> cls : 99.11
Train epoch time: 38.861
------------------------------
<Accuracies on val> class : 97.05
------------------------------
<Accuracies on test> class : 78.45
------------------------------
<Accuracies on photo> test class : 93.17
------------------------------
<Accuracies on art_painting> test class : 79.49
------------------------------
<Accuracies on sketch> test class : 71.65
------------------------------
Total epoch time: 87.419

New epoch - lr: 0.001
[1/65 iteration of epoch 19/50] 
 {loss} cls : 0.012, total : 0.012 
 {acc} cls : 100.00
[31/65 iteration of epoch 19/50] 
 {loss} cls : 0.002, total : 0.002 
 {acc} cls : 100.00
[61/65 iteration of epoch 19/50] 
 {loss} cls : 0.018, total : 0.018 
 {acc} cls : 100.00
------------------------------
<Losses on train> cls : 0.026, total : 0.026
<Accuracies on train> cls : 99.16
Train epoch time: 38.445
------------------------------
<Accuracies on val> class : 96.62
------------------------------
<Accuracies on test> class : 79.64
------------------------------
<Accuracies on photo> test class : 92.69
------------------------------
<Accuracies on art_painting> test class : 79.00
------------------------------
<Accuracies on sketch> test class : 74.42
------------------------------
Total epoch time: 86.076

New epoch - lr: 0.001
[1/65 iteration of epoch 20/50] 
 {loss} cls : 0.002, total : 0.002 
 {acc} cls : 100.00
[31/65 iteration of epoch 20/50] 
 {loss} cls : 0.053, total : 0.053 
 {acc} cls : 98.44
[61/65 iteration of epoch 20/50] 
 {loss} cls : 0.005, total : 0.005 
 {acc} cls : 100.00
------------------------------
<Losses on train> cls : 0.021, total : 0.021
<Accuracies on train> cls : 99.42
Train epoch time: 38.492
------------------------------
<Accuracies on val> class : 95.78
------------------------------
<Accuracies on test> class : 81.88
------------------------------
<Accuracies on photo> test class : 93.41
------------------------------
<Accuracies on art_painting> test class : 78.66
------------------------------
<Accuracies on sketch> test class : 78.65
------------------------------
Total epoch time: 86.524

New epoch - lr: 0.001
[1/65 iteration of epoch 21/50] 
 {loss} cls : 0.027, total : 0.027 
 {acc} cls : 100.00
[31/65 iteration of epoch 21/50] 
 {loss} cls : 0.024, total : 0.024 
 {acc} cls : 100.00
[61/65 iteration of epoch 21/50] 
 {loss} cls : 0.152, total : 0.152 
 {acc} cls : 96.88
------------------------------
<Losses on train> cls : 0.024, total : 0.024
<Accuracies on train> cls : 99.23
Train epoch time: 38.459
------------------------------
<Accuracies on val> class : 96.62
------------------------------
<Accuracies on test> class : 81.08
------------------------------
<Accuracies on photo> test class : 93.23
------------------------------
<Accuracies on art_painting> test class : 81.49
------------------------------
<Accuracies on sketch> test class : 75.69
------------------------------
Total epoch time: 86.290

New epoch - lr: 0.001
[1/65 iteration of epoch 22/50] 
 {loss} cls : 0.011, total : 0.011 
 {acc} cls : 100.00
[31/65 iteration of epoch 22/50] 
 {loss} cls : 0.095, total : 0.095 
 {acc} cls : 95.31
[61/65 iteration of epoch 22/50] 
 {loss} cls : 0.000, total : 0.000 
 {acc} cls : 100.00
------------------------------
<Losses on train> cls : 0.028, total : 0.028
<Accuracies on train> cls : 99.21
Train epoch time: 38.758
------------------------------
<Accuracies on val> class : 97.05
------------------------------
<Accuracies on test> class : 81.47
------------------------------
<Accuracies on photo> test class : 93.65
------------------------------
<Accuracies on art_painting> test class : 81.20
------------------------------
<Accuracies on sketch> test class : 76.43
------------------------------
Total epoch time: 87.276

New epoch - lr: 0.001
[1/65 iteration of epoch 23/50] 
 {loss} cls : 0.009, total : 0.009 
 {acc} cls : 100.00
[31/65 iteration of epoch 23/50] 
 {loss} cls : 0.074, total : 0.074 
 {acc} cls : 98.44
[61/65 iteration of epoch 23/50] 
 {loss} cls : 0.016, total : 0.016 
 {acc} cls : 100.00
------------------------------
<Losses on train> cls : 0.021, total : 0.021
<Accuracies on train> cls : 99.30
Train epoch time: 38.336
------------------------------
<Accuracies on val> class : 97.47
------------------------------
<Accuracies on test> class : 80.33
------------------------------
<Accuracies on photo> test class : 93.47
------------------------------
<Accuracies on art_painting> test class : 80.27
------------------------------
<Accuracies on sketch> test class : 74.78
------------------------------
Total epoch time: 86.674

New epoch - lr: 0.001
[1/65 iteration of epoch 24/50] 
 {loss} cls : 0.016, total : 0.016 
 {acc} cls : 100.00
[31/65 iteration of epoch 24/50] 
 {loss} cls : 0.002, total : 0.002 
 {acc} cls : 100.00
[61/65 iteration of epoch 24/50] 
 {loss} cls : 0.010, total : 0.010 
 {acc} cls : 100.00
------------------------------
<Losses on train> cls : 0.017, total : 0.017
<Accuracies on train> cls : 99.45
Train epoch time: 38.407
------------------------------
<Accuracies on val> class : 97.05
------------------------------
<Accuracies on test> class : 80.49
------------------------------
<Accuracies on photo> test class : 93.17
------------------------------
<Accuracies on art_painting> test class : 80.22
------------------------------
<Accuracies on sketch> test class : 75.24
------------------------------
Total epoch time: 86.010

New epoch - lr: 0.001
[1/65 iteration of epoch 25/50] 
 {loss} cls : 0.063, total : 0.063 
 {acc} cls : 96.88
[31/65 iteration of epoch 25/50] 
 {loss} cls : 0.002, total : 0.002 
 {acc} cls : 100.00
[61/65 iteration of epoch 25/50] 
 {loss} cls : 0.001, total : 0.001 
 {acc} cls : 100.00
------------------------------
<Losses on train> cls : 0.017, total : 0.017
<Accuracies on train> cls : 99.40
Train epoch time: 38.495
------------------------------
<Accuracies on val> class : 97.89
------------------------------
<Accuracies on test> class : 79.89
------------------------------
<Accuracies on photo> test class : 92.87
------------------------------
<Accuracies on art_painting> test class : 79.74
------------------------------
<Accuracies on sketch> test class : 74.45
------------------------------
Total epoch time: 86.760

New epoch - lr: 0.001
[1/65 iteration of epoch 26/50] 
 {loss} cls : 0.002, total : 0.002 
 {acc} cls : 100.00
[31/65 iteration of epoch 26/50] 
 {loss} cls : 0.003, total : 0.003 
 {acc} cls : 100.00
[61/65 iteration of epoch 26/50] 
 {loss} cls : 0.015, total : 0.015 
 {acc} cls : 98.44
------------------------------
<Losses on train> cls : 0.018, total : 0.018
<Accuracies on train> cls : 99.28
Train epoch time: 38.350
------------------------------
<Accuracies on val> class : 97.47
------------------------------
<Accuracies on test> class : 81.65
------------------------------
<Accuracies on photo> test class : 93.77
------------------------------
<Accuracies on art_painting> test class : 81.25
------------------------------
<Accuracies on sketch> test class : 76.71
------------------------------
Total epoch time: 86.129

New epoch - lr: 0.001
[1/65 iteration of epoch 27/50] 
 {loss} cls : 0.026, total : 0.026 
 {acc} cls : 98.44
[31/65 iteration of epoch 27/50] 
 {loss} cls : 0.004, total : 0.004 
 {acc} cls : 100.00
[61/65 iteration of epoch 27/50] 
 {loss} cls : 0.040, total : 0.040 
 {acc} cls : 98.44
------------------------------
<Losses on train> cls : 0.011, total : 0.011
<Accuracies on train> cls : 99.62
Train epoch time: 38.432
------------------------------
<Accuracies on val> class : 98.31
------------------------------
<Accuracies on test> class : 81.08
------------------------------
<Accuracies on photo> test class : 92.10
------------------------------
<Accuracies on art_painting> test class : 79.69
------------------------------
<Accuracies on sketch> test class : 77.12
------------------------------
Total epoch time: 86.944

New epoch - lr: 0.001
[1/65 iteration of epoch 28/50] 
 {loss} cls : 0.004, total : 0.004 
 {acc} cls : 100.00
[31/65 iteration of epoch 28/50] 
 {loss} cls : 0.007, total : 0.007 
 {acc} cls : 100.00
[61/65 iteration of epoch 28/50] 
 {loss} cls : 0.004, total : 0.004 
 {acc} cls : 100.00
------------------------------
<Losses on train> cls : 0.014, total : 0.014
<Accuracies on train> cls : 99.52
Train epoch time: 38.394
------------------------------
<Accuracies on val> class : 97.05
------------------------------
<Accuracies on test> class : 82.44
------------------------------
<Accuracies on photo> test class : 92.87
------------------------------
<Accuracies on art_painting> test class : 80.71
------------------------------
<Accuracies on sketch> test class : 78.90
------------------------------
Total epoch time: 86.218

New epoch - lr: 0.001
[1/65 iteration of epoch 29/50] 
 {loss} cls : 0.001, total : 0.001 
 {acc} cls : 100.00
[31/65 iteration of epoch 29/50] 
 {loss} cls : 0.001, total : 0.001 
 {acc} cls : 100.00
[61/65 iteration of epoch 29/50] 
 {loss} cls : 0.001, total : 0.001 
 {acc} cls : 100.00
------------------------------
<Losses on train> cls : 0.011, total : 0.011
<Accuracies on train> cls : 99.64
Train epoch time: 38.473
------------------------------
<Accuracies on val> class : 97.05
------------------------------
<Accuracies on test> class : 81.73
------------------------------
<Accuracies on photo> test class : 93.77
------------------------------
<Accuracies on art_painting> test class : 81.15
------------------------------
<Accuracies on sketch> test class : 76.92
------------------------------
Total epoch time: 86.141

New epoch - lr: 0.001
[1/65 iteration of epoch 30/50] 
 {loss} cls : 0.043, total : 0.043 
 {acc} cls : 98.44
[31/65 iteration of epoch 30/50] 
 {loss} cls : 0.004, total : 0.004 
 {acc} cls : 100.00
[61/65 iteration of epoch 30/50] 
 {loss} cls : 0.006, total : 0.006 
 {acc} cls : 100.00
------------------------------
<Losses on train> cls : 0.014, total : 0.014
<Accuracies on train> cls : 99.57
Train epoch time: 38.417
------------------------------
<Accuracies on val> class : 97.89
------------------------------
<Accuracies on test> class : 80.04
------------------------------
<Accuracies on photo> test class : 92.75
------------------------------
<Accuracies on art_painting> test class : 80.57
------------------------------
<Accuracies on sketch> test class : 74.37
------------------------------
Total epoch time: 85.935

New epoch - lr: 0.001
[1/65 iteration of epoch 31/50] 
 {loss} cls : 0.015, total : 0.015 
 {acc} cls : 100.00
[31/65 iteration of epoch 31/50] 
 {loss} cls : 0.001, total : 0.001 
 {acc} cls : 100.00
[61/65 iteration of epoch 31/50] 
 {loss} cls : 0.004, total : 0.004 
 {acc} cls : 100.00
------------------------------
<Losses on train> cls : 0.016, total : 0.016
<Accuracies on train> cls : 99.40
Train epoch time: 38.386
------------------------------
<Accuracies on val> class : 97.47
------------------------------
<Accuracies on test> class : 82.59
------------------------------
<Accuracies on photo> test class : 92.93
------------------------------
<Accuracies on art_painting> test class : 81.84
------------------------------
<Accuracies on sketch> test class : 78.60
------------------------------
Total epoch time: 86.422

New epoch - lr: 0.001
[1/65 iteration of epoch 32/50] 
 {loss} cls : 0.003, total : 0.003 
 {acc} cls : 100.00
[31/65 iteration of epoch 32/50] 
 {loss} cls : 0.002, total : 0.002 
 {acc} cls : 100.00
[61/65 iteration of epoch 32/50] 
 {loss} cls : 0.002, total : 0.002 
 {acc} cls : 100.00
------------------------------
<Losses on train> cls : 0.013, total : 0.013
<Accuracies on train> cls : 99.59
Train epoch time: 38.426
------------------------------
<Accuracies on val> class : 97.47
------------------------------
<Accuracies on test> class : 78.96
------------------------------
<Accuracies on photo> test class : 91.26
------------------------------
<Accuracies on art_painting> test class : 78.03
------------------------------
<Accuracies on sketch> test class : 74.22
------------------------------
Total epoch time: 86.507

New epoch - lr: 0.001
[1/65 iteration of epoch 33/50] 
 {loss} cls : 0.018, total : 0.018 
 {acc} cls : 100.00
[31/65 iteration of epoch 33/50] 
 {loss} cls : 0.001, total : 0.001 
 {acc} cls : 100.00
[61/65 iteration of epoch 33/50] 
 {loss} cls : 0.021, total : 0.021 
 {acc} cls : 100.00
------------------------------
<Losses on train> cls : 0.014, total : 0.014
<Accuracies on train> cls : 99.47
Train epoch time: 38.499
------------------------------
<Accuracies on val> class : 97.89
------------------------------
<Accuracies on test> class : 79.30
------------------------------
<Accuracies on photo> test class : 91.14
------------------------------
<Accuracies on art_painting> test class : 78.81
------------------------------
<Accuracies on sketch> test class : 74.52
------------------------------
Total epoch time: 86.407

New epoch - lr: 0.001
[1/65 iteration of epoch 34/50] 
 {loss} cls : 0.003, total : 0.003 
 {acc} cls : 100.00
[31/65 iteration of epoch 34/50] 
 {loss} cls : 0.021, total : 0.021 
 {acc} cls : 98.44
[61/65 iteration of epoch 34/50] 
 {loss} cls : 0.006, total : 0.006 
 {acc} cls : 100.00
------------------------------
<Losses on train> cls : 0.008, total : 0.008
<Accuracies on train> cls : 99.78
Train epoch time: 38.638
------------------------------
<Accuracies on val> class : 97.47
------------------------------
<Accuracies on test> class : 79.99
------------------------------
<Accuracies on photo> test class : 91.74
------------------------------
<Accuracies on art_painting> test class : 79.00
------------------------------
<Accuracies on sketch> test class : 75.52
------------------------------
Total epoch time: 86.499

New epoch - lr: 0.001
[1/65 iteration of epoch 35/50] 
 {loss} cls : 0.001, total : 0.001 
 {acc} cls : 100.00
[31/65 iteration of epoch 35/50] 
 {loss} cls : 0.009, total : 0.009 
 {acc} cls : 100.00
[61/65 iteration of epoch 35/50] 
 {loss} cls : 0.062, total : 0.062 
 {acc} cls : 98.44
------------------------------
<Losses on train> cls : 0.013, total : 0.013
<Accuracies on train> cls : 99.64
Train epoch time: 38.511
------------------------------
<Accuracies on val> class : 97.89
------------------------------
<Accuracies on test> class : 82.48
------------------------------
<Accuracies on photo> test class : 93.47
------------------------------
<Accuracies on art_painting> test class : 81.64
------------------------------
<Accuracies on sketch> test class : 78.24
------------------------------
Total epoch time: 86.199

New epoch - lr: 0.001
[1/65 iteration of epoch 36/50] 
 {loss} cls : 0.003, total : 0.003 
 {acc} cls : 100.00
[31/65 iteration of epoch 36/50] 
 {loss} cls : 0.019, total : 0.019 
 {acc} cls : 98.44
[61/65 iteration of epoch 36/50] 
 {loss} cls : 0.001, total : 0.001 
 {acc} cls : 100.00
------------------------------
<Losses on train> cls : 0.010, total : 0.010
<Accuracies on train> cls : 99.71
Train epoch time: 38.303
------------------------------
<Accuracies on val> class : 97.05
------------------------------
<Accuracies on test> class : 81.91
------------------------------
<Accuracies on photo> test class : 93.17
------------------------------
<Accuracies on art_painting> test class : 80.91
------------------------------
<Accuracies on sketch> test class : 77.65
------------------------------
Total epoch time: 85.700

New epoch - lr: 0.001
[1/65 iteration of epoch 37/50] 
 {loss} cls : 0.012, total : 0.012 
 {acc} cls : 100.00
[31/65 iteration of epoch 37/50] 
 {loss} cls : 0.001, total : 0.001 
 {acc} cls : 100.00
[61/65 iteration of epoch 37/50] 
 {loss} cls : 0.043, total : 0.043 
 {acc} cls : 98.44
------------------------------
<Losses on train> cls : 0.010, total : 0.010
<Accuracies on train> cls : 99.74
Train epoch time: 38.399
------------------------------
<Accuracies on val> class : 96.62
------------------------------
<Accuracies on test> class : 81.18
------------------------------
<Accuracies on photo> test class : 93.23
------------------------------
<Accuracies on art_painting> test class : 81.49
------------------------------
<Accuracies on sketch> test class : 75.90
------------------------------
Total epoch time: 85.837

New epoch - lr: 0.001
[1/65 iteration of epoch 38/50] 
 {loss} cls : 0.001, total : 0.001 
 {acc} cls : 100.00
[31/65 iteration of epoch 38/50] 
 {loss} cls : 0.015, total : 0.015 
 {acc} cls : 98.44
[61/65 iteration of epoch 38/50] 
 {loss} cls : 0.084, total : 0.084 
 {acc} cls : 96.88
------------------------------
<Losses on train> cls : 0.012, total : 0.012
<Accuracies on train> cls : 99.62
Train epoch time: 38.314
------------------------------
<Accuracies on val> class : 95.36
------------------------------
<Accuracies on test> class : 79.06
------------------------------
<Accuracies on photo> test class : 92.93
------------------------------
<Accuracies on art_painting> test class : 80.76
------------------------------
<Accuracies on sketch> test class : 72.28
------------------------------
Total epoch time: 85.666

New epoch - lr: 0.001
[1/65 iteration of epoch 39/50] 
 {loss} cls : 0.011, total : 0.011 
 {acc} cls : 100.00
[31/65 iteration of epoch 39/50] 
 {loss} cls : 0.001, total : 0.001 
 {acc} cls : 100.00
[61/65 iteration of epoch 39/50] 
 {loss} cls : 0.017, total : 0.017 
 {acc} cls : 100.00
------------------------------
<Losses on train> cls : 0.014, total : 0.014
<Accuracies on train> cls : 99.50
Train epoch time: 38.292
------------------------------
<Accuracies on val> class : 97.47
------------------------------
<Accuracies on test> class : 79.76
------------------------------
<Accuracies on photo> test class : 91.98
------------------------------
<Accuracies on art_painting> test class : 79.15
------------------------------
<Accuracies on sketch> test class : 74.88
------------------------------
Total epoch time: 85.648

New epoch - lr: 0.0001
[1/65 iteration of epoch 40/50] 
 {loss} cls : 0.000, total : 0.000 
 {acc} cls : 100.00
[31/65 iteration of epoch 40/50] 
 {loss} cls : 0.008, total : 0.008 
 {acc} cls : 100.00
[61/65 iteration of epoch 40/50] 
 {loss} cls : 0.001, total : 0.001 
 {acc} cls : 100.00
------------------------------
<Losses on train> cls : 0.009, total : 0.009
<Accuracies on train> cls : 99.71
Train epoch time: 38.268
------------------------------
<Accuracies on val> class : 97.05
------------------------------
<Accuracies on test> class : 79.85
------------------------------
<Accuracies on photo> test class : 92.63
------------------------------
<Accuracies on art_painting> test class : 79.79
------------------------------
<Accuracies on sketch> test class : 74.45
------------------------------
Total epoch time: 85.506

New epoch - lr: 0.0001
[1/65 iteration of epoch 41/50] 
 {loss} cls : 0.001, total : 0.001 
 {acc} cls : 100.00
[31/65 iteration of epoch 41/50] 
 {loss} cls : 0.001, total : 0.001 
 {acc} cls : 100.00
[61/65 iteration of epoch 41/50] 
 {loss} cls : 0.014, total : 0.014 
 {acc} cls : 100.00
------------------------------
<Losses on train> cls : 0.011, total : 0.011
<Accuracies on train> cls : 99.71
Train epoch time: 38.356
------------------------------
<Accuracies on val> class : 96.62
------------------------------
<Accuracies on test> class : 79.68
------------------------------
<Accuracies on photo> test class : 92.81
------------------------------
<Accuracies on art_painting> test class : 80.03
------------------------------
<Accuracies on sketch> test class : 73.91
------------------------------
Total epoch time: 85.809

New epoch - lr: 0.0001
[1/65 iteration of epoch 42/50] 
 {loss} cls : 0.003, total : 0.003 
 {acc} cls : 100.00
[31/65 iteration of epoch 42/50] 
 {loss} cls : 0.007, total : 0.007 
 {acc} cls : 100.00
[61/65 iteration of epoch 42/50] 
 {loss} cls : 0.002, total : 0.002 
 {acc} cls : 100.00
------------------------------
<Losses on train> cls : 0.011, total : 0.011
<Accuracies on train> cls : 99.64
Train epoch time: 38.439
------------------------------
<Accuracies on val> class : 97.05
------------------------------
<Accuracies on test> class : 81.35
------------------------------
<Accuracies on photo> test class : 93.47
------------------------------
<Accuracies on art_painting> test class : 81.54
------------------------------
<Accuracies on sketch> test class : 76.10
------------------------------
Total epoch time: 85.757

New epoch - lr: 0.0001
[1/65 iteration of epoch 43/50] 
 {loss} cls : 0.023, total : 0.023 
 {acc} cls : 98.44
[31/65 iteration of epoch 43/50] 
 {loss} cls : 0.004, total : 0.004 
 {acc} cls : 100.00
[61/65 iteration of epoch 43/50] 
 {loss} cls : 0.001, total : 0.001 
 {acc} cls : 100.00
------------------------------
<Losses on train> cls : 0.010, total : 0.010
<Accuracies on train> cls : 99.71
Train epoch time: 38.397
------------------------------
<Accuracies on val> class : 97.05
------------------------------
<Accuracies on test> class : 79.97
------------------------------
<Accuracies on photo> test class : 92.69
------------------------------
<Accuracies on art_painting> test class : 80.08
------------------------------
<Accuracies on sketch> test class : 74.50
------------------------------
Total epoch time: 85.678

New epoch - lr: 0.0001
[1/65 iteration of epoch 44/50] 
 {loss} cls : 0.011, total : 0.011 
 {acc} cls : 100.00
[31/65 iteration of epoch 44/50] 
 {loss} cls : 0.062, total : 0.062 
 {acc} cls : 96.88
[61/65 iteration of epoch 44/50] 
 {loss} cls : 0.000, total : 0.000 
 {acc} cls : 100.00
------------------------------
<Losses on train> cls : 0.010, total : 0.010
<Accuracies on train> cls : 99.66
Train epoch time: 38.477
------------------------------
<Accuracies on val> class : 97.05
------------------------------
<Accuracies on test> class : 80.88
------------------------------
<Accuracies on photo> test class : 93.05
------------------------------
<Accuracies on art_painting> test class : 81.05
------------------------------
<Accuracies on sketch> test class : 75.62
------------------------------
Total epoch time: 86.008

New epoch - lr: 0.0001
[1/65 iteration of epoch 45/50] 
 {loss} cls : 0.006, total : 0.006 
 {acc} cls : 100.00
[31/65 iteration of epoch 45/50] 
 {loss} cls : 0.002, total : 0.002 
 {acc} cls : 100.00
[61/65 iteration of epoch 45/50] 
 {loss} cls : 0.001, total : 0.001 
 {acc} cls : 100.00
------------------------------
<Losses on train> cls : 0.010, total : 0.010
<Accuracies on train> cls : 99.71
Train epoch time: 38.295
------------------------------
<Accuracies on val> class : 96.62
------------------------------
<Accuracies on test> class : 80.58
------------------------------
<Accuracies on photo> test class : 92.75
------------------------------
<Accuracies on art_painting> test class : 80.32
------------------------------
<Accuracies on sketch> test class : 75.54
------------------------------
Total epoch time: 85.537

New epoch - lr: 0.0001
[1/65 iteration of epoch 46/50] 
 {loss} cls : 0.002, total : 0.002 
 {acc} cls : 100.00
[31/65 iteration of epoch 46/50] 
 {loss} cls : 0.016, total : 0.016 
 {acc} cls : 100.00
[61/65 iteration of epoch 46/50] 
 {loss} cls : 0.035, total : 0.035 
 {acc} cls : 96.88
------------------------------
<Losses on train> cls : 0.010, total : 0.010
<Accuracies on train> cls : 99.71
Train epoch time: 38.310
------------------------------
<Accuracies on val> class : 97.47
------------------------------
<Accuracies on test> class : 81.33
------------------------------
<Accuracies on photo> test class : 93.41
------------------------------
<Accuracies on art_painting> test class : 81.79
------------------------------
<Accuracies on sketch> test class : 75.95
------------------------------
Total epoch time: 85.356

New epoch - lr: 0.0001
[1/65 iteration of epoch 47/50] 
 {loss} cls : 0.000, total : 0.000 
 {acc} cls : 100.00
[31/65 iteration of epoch 47/50] 
 {loss} cls : 0.002, total : 0.002 
 {acc} cls : 100.00
[61/65 iteration of epoch 47/50] 
 {loss} cls : 0.085, total : 0.085 
 {acc} cls : 95.31
------------------------------
<Losses on train> cls : 0.008, total : 0.008
<Accuracies on train> cls : 99.74
Train epoch time: 38.393
------------------------------
<Accuracies on val> class : 96.62
------------------------------
<Accuracies on test> class : 81.47
------------------------------
<Accuracies on photo> test class : 93.65
------------------------------
<Accuracies on art_painting> test class : 82.47
------------------------------
<Accuracies on sketch> test class : 75.77
------------------------------
Total epoch time: 85.535

New epoch - lr: 0.0001
[1/65 iteration of epoch 48/50] 
 {loss} cls : 0.004, total : 0.004 
 {acc} cls : 100.00
[31/65 iteration of epoch 48/50] 
 {loss} cls : 0.001, total : 0.001 
 {acc} cls : 100.00
[61/65 iteration of epoch 48/50] 
 {loss} cls : 0.004, total : 0.004 
 {acc} cls : 100.00
------------------------------
<Losses on train> cls : 0.008, total : 0.008
<Accuracies on train> cls : 99.78
Train epoch time: 38.273
------------------------------
<Accuracies on val> class : 97.05
------------------------------
<Accuracies on test> class : 81.33
------------------------------
<Accuracies on photo> test class : 93.29
------------------------------
<Accuracies on art_painting> test class : 81.64
------------------------------
<Accuracies on sketch> test class : 76.08
------------------------------
Total epoch time: 85.367

New epoch - lr: 0.0001
[1/65 iteration of epoch 49/50] 
 {loss} cls : 0.002, total : 0.002 
 {acc} cls : 100.00
[31/65 iteration of epoch 49/50] 
 {loss} cls : 0.001, total : 0.001 
 {acc} cls : 100.00
[61/65 iteration of epoch 49/50] 
 {loss} cls : 0.044, total : 0.044 
 {acc} cls : 98.44
------------------------------
<Losses on train> cls : 0.009, total : 0.009
<Accuracies on train> cls : 99.74
Train epoch time: 38.285
------------------------------
<Accuracies on val> class : 97.05
------------------------------
<Accuracies on test> class : 81.34
------------------------------
<Accuracies on photo> test class : 93.35
------------------------------
<Accuracies on art_painting> test class : 82.32
------------------------------
<Accuracies on sketch> test class : 75.72
------------------------------
Total epoch time: 85.475

New epoch - lr: 0.0001
[1/65 iteration of epoch 50/50] 
 {loss} cls : 0.032, total : 0.032 
 {acc} cls : 98.44
[31/65 iteration of epoch 50/50] 
 {loss} cls : 0.008, total : 0.008 
 {acc} cls : 100.00
[61/65 iteration of epoch 50/50] 
 {loss} cls : 0.003, total : 0.003 
 {acc} cls : 100.00
------------------------------
<Losses on train> cls : 0.009, total : 0.009
<Accuracies on train> cls : 99.74
Train epoch time: 38.262
------------------------------
<Accuracies on val> class : 96.20
------------------------------
<Accuracies on test> class : 80.62
------------------------------
<Accuracies on photo> test class : 93.23
------------------------------
<Accuracies on art_painting> test class : 81.30
------------------------------
<Accuracies on sketch> test class : 74.90
------------------------------
Total epoch time: 85.243

******************************
Best val 0.983122, corresponding test 0.810775 - best test: 0.825945

******************************
Best val 0.9831223487854004, corresponding photo test 0.9209581017494202

******************************
Best val 0.9831223487854004, corresponding art_painting test 0.796875

******************************
Best val 0.9831223487854004, corresponding sketch test 0.7711886167526245
