
Loading experiment PACS/ResNet18_step


New epoch - lr: 0.003
[1/32 iteration of epoch 1/30] 
 {loss} cls : 2.295, fac : 12.326, total : 14.622 
 {acc} cls : 6.25
[31/32 iteration of epoch 1/30] 
 {loss} cls : 0.803, fac : 11.730, total : 12.533 
 {acc} cls : 72.66
------------------------------
<Losses on train> cls : 2.361, fac : 12.064, total : 14.425
<Accuracies on train> cls : 55.13
Train epoch time: 111.519
------------------------------
<Accuracies on val> class : 83.54
------------------------------
<Accuracies on test> class : 55.49
------------------------------
<Accuracies on photo> test class : 76.95
------------------------------
<Accuracies on art_painting> test class : 54.30
------------------------------
<Accuracies on sketch> test class : 46.98
------------------------------
Total epoch time: 139.571

New epoch - lr: 0.003
[1/32 iteration of epoch 2/30] 
 {loss} cls : 0.830, fac : 11.745, total : 12.575 
 {acc} cls : 78.91
[31/32 iteration of epoch 2/30] 
 {loss} cls : 0.539, fac : 11.694, total : 12.233 
 {acc} cls : 79.69
------------------------------
<Losses on train> cls : 0.561, fac : 11.716, total : 12.277
<Accuracies on train> cls : 81.37
Train epoch time: 120.856
------------------------------
<Accuracies on val> class : 91.56
------------------------------
<Accuracies on test> class : 63.72
------------------------------
<Accuracies on photo> test class : 82.28
------------------------------
<Accuracies on art_painting> test class : 65.14
------------------------------
<Accuracies on sketch> test class : 55.10
------------------------------
Total epoch time: 148.420

New epoch - lr: 0.003
[1/32 iteration of epoch 3/30] 
 {loss} cls : 0.420, fac : 11.708, total : 12.128 
 {acc} cls : 89.06
[31/32 iteration of epoch 3/30] 
 {loss} cls : 0.481, fac : 11.701, total : 12.182 
 {acc} cls : 85.94
------------------------------
<Losses on train> cls : 0.345, fac : 11.697, total : 12.042
<Accuracies on train> cls : 87.82
Train epoch time: 113.217
------------------------------
<Accuracies on val> class : 90.30
------------------------------
<Accuracies on test> class : 68.42
------------------------------
<Accuracies on photo> test class : 83.29
------------------------------
<Accuracies on art_painting> test class : 70.07
------------------------------
<Accuracies on sketch> test class : 61.24
------------------------------
Total epoch time: 140.337

New epoch - lr: 0.003
[1/32 iteration of epoch 4/30] 
 {loss} cls : 0.265, fac : 11.701, total : 11.965 
 {acc} cls : 89.06
[31/32 iteration of epoch 4/30] 
 {loss} cls : 0.199, fac : 11.719, total : 11.918 
 {acc} cls : 93.75
------------------------------
<Losses on train> cls : 0.275, fac : 11.770, total : 12.044
<Accuracies on train> cls : 90.14
Train epoch time: 110.984
------------------------------
<Accuracies on val> class : 91.56
------------------------------
<Accuracies on test> class : 73.26
------------------------------
<Accuracies on photo> test class : 86.65
------------------------------
<Accuracies on art_painting> test class : 71.88
------------------------------
<Accuracies on sketch> test class : 68.29
------------------------------
Total epoch time: 138.199

New epoch - lr: 0.003
[1/32 iteration of epoch 5/30] 
 {loss} cls : 0.092, fac : 11.711, total : 11.802 
 {acc} cls : 96.09
[31/32 iteration of epoch 5/30] 
 {loss} cls : 0.213, fac : 11.696, total : 11.908 
 {acc} cls : 92.19
------------------------------
<Losses on train> cls : 0.248, fac : 11.700, total : 11.947
<Accuracies on train> cls : 91.09
Train epoch time: 107.801
------------------------------
<Accuracies on val> class : 93.67
------------------------------
<Accuracies on test> class : 71.30
------------------------------
<Accuracies on photo> test class : 86.53
------------------------------
<Accuracies on art_painting> test class : 72.61
------------------------------
<Accuracies on sketch> test class : 64.14
------------------------------
Total epoch time: 135.234

New epoch - lr: 0.003
[1/32 iteration of epoch 6/30] 
 {loss} cls : 0.073, fac : 11.685, total : 11.758 
 {acc} cls : 97.66
[31/32 iteration of epoch 6/30] 
 {loss} cls : 0.153, fac : 11.686, total : 11.839 
 {acc} cls : 94.53
------------------------------
<Losses on train> cls : 0.214, fac : 11.687, total : 11.901
<Accuracies on train> cls : 92.99
Train epoch time: 93.824
------------------------------
<Accuracies on val> class : 94.51
------------------------------
<Accuracies on test> class : 74.38
------------------------------
<Accuracies on photo> test class : 87.54
------------------------------
<Accuracies on art_painting> test class : 73.97
------------------------------
<Accuracies on sketch> test class : 69.00
------------------------------
Total epoch time: 121.675

New epoch - lr: 0.003
[1/32 iteration of epoch 7/30] 
 {loss} cls : 0.090, fac : 11.687, total : 11.777 
 {acc} cls : 97.66
[31/32 iteration of epoch 7/30] 
 {loss} cls : 0.174, fac : 11.682, total : 11.856 
 {acc} cls : 93.75
------------------------------
<Losses on train> cls : 0.174, fac : 11.683, total : 11.858
<Accuracies on train> cls : 93.97
Train epoch time: 100.183
------------------------------
<Accuracies on val> class : 94.09
------------------------------
<Accuracies on test> class : 75.14
------------------------------
<Accuracies on photo> test class : 88.68
------------------------------
<Accuracies on art_painting> test class : 73.88
------------------------------
<Accuracies on sketch> test class : 70.04
------------------------------
Total epoch time: 126.616

New epoch - lr: 0.003
[1/32 iteration of epoch 8/30] 
 {loss} cls : 0.159, fac : 11.680, total : 11.839 
 {acc} cls : 93.75
[31/32 iteration of epoch 8/30] 
 {loss} cls : 0.239, fac : 11.681, total : 11.920 
 {acc} cls : 90.62
------------------------------
<Losses on train> cls : 0.167, fac : 11.682, total : 11.849
<Accuracies on train> cls : 94.56
Train epoch time: 120.446
------------------------------
<Accuracies on val> class : 94.51
------------------------------
<Accuracies on test> class : 73.36
------------------------------
<Accuracies on photo> test class : 88.14
------------------------------
<Accuracies on art_painting> test class : 72.31
------------------------------
<Accuracies on sketch> test class : 67.63
------------------------------
Total epoch time: 146.665

New epoch - lr: 0.003
[1/32 iteration of epoch 9/30] 
 {loss} cls : 0.091, fac : 11.681, total : 11.772 
 {acc} cls : 96.88
[31/32 iteration of epoch 9/30] 
 {loss} cls : 0.076, fac : 11.679, total : 11.755 
 {acc} cls : 98.44
------------------------------
<Losses on train> cls : 0.122, fac : 11.680, total : 11.802
<Accuracies on train> cls : 95.78
Train epoch time: 108.785
------------------------------
<Accuracies on val> class : 94.94
------------------------------
<Accuracies on test> class : 71.58
------------------------------
<Accuracies on photo> test class : 85.45
------------------------------
<Accuracies on art_painting> test class : 71.00
------------------------------
<Accuracies on sketch> test class : 66.00
------------------------------
Total epoch time: 135.547

New epoch - lr: 0.003
[1/32 iteration of epoch 10/30] 
 {loss} cls : 0.057, fac : 11.679, total : 11.737 
 {acc} cls : 98.44
[31/32 iteration of epoch 10/30] 
 {loss} cls : 0.056, fac : 11.679, total : 11.735 
 {acc} cls : 98.44
------------------------------
<Losses on train> cls : 0.122, fac : 11.680, total : 11.802
<Accuracies on train> cls : 95.53
Train epoch time: 99.615
------------------------------
<Accuracies on val> class : 95.78
------------------------------
<Accuracies on test> class : 72.67
------------------------------
<Accuracies on photo> test class : 85.27
------------------------------
<Accuracies on art_painting> test class : 69.87
------------------------------
<Accuracies on sketch> test class : 68.77
------------------------------
Total epoch time: 126.489

New epoch - lr: 0.003
[1/32 iteration of epoch 11/30] 
 {loss} cls : 0.104, fac : 11.682, total : 11.786 
 {acc} cls : 96.88
[31/32 iteration of epoch 11/30] 
 {loss} cls : 0.041, fac : 11.682, total : 11.722 
 {acc} cls : 99.22
------------------------------
<Losses on train> cls : 0.111, fac : 11.684, total : 11.795
<Accuracies on train> cls : 96.36
Train epoch time: 115.892
------------------------------
<Accuracies on val> class : 95.36
------------------------------
<Accuracies on test> class : 72.70
------------------------------
<Accuracies on photo> test class : 85.39
------------------------------
<Accuracies on art_painting> test class : 71.09
------------------------------
<Accuracies on sketch> test class : 68.13
------------------------------
Total epoch time: 142.907

New epoch - lr: 0.003
[1/32 iteration of epoch 12/30] 
 {loss} cls : 0.139, fac : 11.683, total : 11.822 
 {acc} cls : 95.31
[31/32 iteration of epoch 12/30] 
 {loss} cls : 0.075, fac : 11.727, total : 11.802 
 {acc} cls : 97.66
------------------------------
<Losses on train> cls : 0.105, fac : 11.691, total : 11.795
<Accuracies on train> cls : 96.26
Train epoch time: 97.357
------------------------------
<Accuracies on val> class : 93.25
------------------------------
<Accuracies on test> class : 72.04
------------------------------
<Accuracies on photo> test class : 86.95
------------------------------
<Accuracies on art_painting> test class : 73.97
------------------------------
<Accuracies on sketch> test class : 64.70
------------------------------
Total epoch time: 124.315

New epoch - lr: 0.003
[1/32 iteration of epoch 13/30] 
 {loss} cls : 0.036, fac : 11.896, total : 11.931 
 {acc} cls : 99.22
[31/32 iteration of epoch 13/30] 
 {loss} cls : 0.086, fac : 11.680, total : 11.766 
 {acc} cls : 99.22
------------------------------
<Losses on train> cls : 0.088, fac : 11.718, total : 11.806
<Accuracies on train> cls : 97.12
Train epoch time: 118.315
------------------------------
<Accuracies on val> class : 93.25
------------------------------
<Accuracies on test> class : 72.75
------------------------------
<Accuracies on photo> test class : 86.53
------------------------------
<Accuracies on art_painting> test class : 71.44
------------------------------
<Accuracies on sketch> test class : 67.57
------------------------------
Total epoch time: 145.325

New epoch - lr: 0.003
[1/32 iteration of epoch 14/30] 
 {loss} cls : 0.073, fac : 11.680, total : 11.752 
 {acc} cls : 96.09
[31/32 iteration of epoch 14/30] 
 {loss} cls : 0.050, fac : 11.678, total : 11.728 
 {acc} cls : 98.44
------------------------------
<Losses on train> cls : 0.104, fac : 11.678, total : 11.782
<Accuracies on train> cls : 96.31
Train epoch time: 98.687
------------------------------
<Accuracies on val> class : 94.09
------------------------------
<Accuracies on test> class : 74.17
------------------------------
<Accuracies on photo> test class : 87.60
------------------------------
<Accuracies on art_painting> test class : 73.34
------------------------------
<Accuracies on sketch> test class : 68.90
------------------------------
Total epoch time: 125.659

New epoch - lr: 0.003
[1/32 iteration of epoch 15/30] 
 {loss} cls : 0.031, fac : 11.677, total : 11.707 
 {acc} cls : 99.22
[31/32 iteration of epoch 15/30] 
 {loss} cls : 0.086, fac : 11.677, total : 11.763 
 {acc} cls : 96.88
------------------------------
<Losses on train> cls : 0.080, fac : 11.677, total : 11.757
<Accuracies on train> cls : 97.24
Train epoch time: 118.748
------------------------------
<Accuracies on val> class : 94.09
------------------------------
<Accuracies on test> class : 72.79
------------------------------
<Accuracies on photo> test class : 85.15
------------------------------
<Accuracies on art_painting> test class : 68.60
------------------------------
<Accuracies on sketch> test class : 69.71
------------------------------
Total epoch time: 145.666

New epoch - lr: 0.003
[1/32 iteration of epoch 16/30] 
 {loss} cls : 0.130, fac : 11.676, total : 11.806 
 {acc} cls : 96.09
[31/32 iteration of epoch 16/30] 
 {loss} cls : 0.104, fac : 11.677, total : 11.781 
 {acc} cls : 96.88
------------------------------
<Losses on train> cls : 0.106, fac : 11.677, total : 11.783
<Accuracies on train> cls : 96.75
Train epoch time: 115.588
------------------------------
<Accuracies on val> class : 94.94
------------------------------
<Accuracies on test> class : 76.03
------------------------------
<Accuracies on photo> test class : 89.04
------------------------------
<Accuracies on art_painting> test class : 77.64
------------------------------
<Accuracies on sketch> test class : 69.66
------------------------------
Total epoch time: 142.734

New epoch - lr: 0.003
[1/32 iteration of epoch 17/30] 
 {loss} cls : 0.061, fac : 11.676, total : 11.738 
 {acc} cls : 98.44
[31/32 iteration of epoch 17/30] 
 {loss} cls : 0.078, fac : 11.676, total : 11.754 
 {acc} cls : 97.66
------------------------------
<Losses on train> cls : 0.073, fac : 11.676, total : 11.749
<Accuracies on train> cls : 97.49
Train epoch time: 120.608
------------------------------
<Accuracies on val> class : 94.51
------------------------------
<Accuracies on test> class : 77.21
------------------------------
<Accuracies on photo> test class : 88.32
------------------------------
<Accuracies on art_painting> test class : 74.90
------------------------------
<Accuracies on sketch> test class : 73.68
------------------------------
Total epoch time: 147.470

New epoch - lr: 0.003
[1/32 iteration of epoch 18/30] 
 {loss} cls : 0.037, fac : 11.676, total : 11.713 
 {acc} cls : 98.44
[31/32 iteration of epoch 18/30] 
 {loss} cls : 0.030, fac : 11.676, total : 11.706 
 {acc} cls : 98.44
------------------------------
<Losses on train> cls : 0.076, fac : 11.676, total : 11.752
<Accuracies on train> cls : 97.27
Train epoch time: 113.985
------------------------------
<Accuracies on val> class : 94.94
------------------------------
<Accuracies on test> class : 75.52
------------------------------
<Accuracies on photo> test class : 87.13
------------------------------
<Accuracies on art_painting> test class : 75.05
------------------------------
<Accuracies on sketch> test class : 70.83
------------------------------
Total epoch time: 141.077

New epoch - lr: 0.003
[1/32 iteration of epoch 19/30] 
 {loss} cls : 0.046, fac : 11.676, total : 11.721 
 {acc} cls : 98.44
[31/32 iteration of epoch 19/30] 
 {loss} cls : 0.029, fac : 11.676, total : 11.705 
 {acc} cls : 100.00
------------------------------
<Losses on train> cls : 0.066, fac : 11.676, total : 11.742
<Accuracies on train> cls : 97.56
Train epoch time: 118.557
------------------------------
<Accuracies on val> class : 94.94
------------------------------
<Accuracies on test> class : 73.64
------------------------------
<Accuracies on photo> test class : 84.67
------------------------------
<Accuracies on art_painting> test class : 70.95
------------------------------
<Accuracies on sketch> test class : 70.35
------------------------------
Total epoch time: 146.000

New epoch - lr: 0.003
[1/32 iteration of epoch 20/30] 
 {loss} cls : 0.014, fac : 11.676, total : 11.690 
 {acc} cls : 100.00
[31/32 iteration of epoch 20/30] 
 {loss} cls : 0.103, fac : 11.676, total : 11.778 
 {acc} cls : 96.09
------------------------------
<Losses on train> cls : 0.074, fac : 11.676, total : 11.750
<Accuracies on train> cls : 97.61
Train epoch time: 117.111
------------------------------
<Accuracies on val> class : 92.41
------------------------------
<Accuracies on test> class : 79.10
------------------------------
<Accuracies on photo> test class : 88.80
------------------------------
<Accuracies on art_painting> test class : 75.98
------------------------------
<Accuracies on sketch> test class : 76.61
------------------------------
Total epoch time: 144.085

New epoch - lr: 0.003
[1/32 iteration of epoch 21/30] 
 {loss} cls : 0.115, fac : 11.676, total : 11.791 
 {acc} cls : 94.53
[31/32 iteration of epoch 21/30] 
 {loss} cls : 0.074, fac : 11.676, total : 11.750 
 {acc} cls : 98.44
------------------------------
<Losses on train> cls : 0.066, fac : 11.676, total : 11.742
<Accuracies on train> cls : 97.71
Train epoch time: 110.852
------------------------------
<Accuracies on val> class : 95.36
------------------------------
<Accuracies on test> class : 75.53
------------------------------
<Accuracies on photo> test class : 87.25
------------------------------
<Accuracies on art_painting> test class : 74.12
------------------------------
<Accuracies on sketch> test class : 71.29
------------------------------
Total epoch time: 137.670

New epoch - lr: 0.003
[1/32 iteration of epoch 22/30] 
 {loss} cls : 0.088, fac : 11.676, total : 11.763 
 {acc} cls : 96.88
[31/32 iteration of epoch 22/30] 
 {loss} cls : 0.021, fac : 11.676, total : 11.697 
 {acc} cls : 100.00
------------------------------
<Losses on train> cls : 0.058, fac : 11.676, total : 11.734
<Accuracies on train> cls : 97.85
Train epoch time: 129.731
------------------------------
<Accuracies on val> class : 94.94
------------------------------
<Accuracies on test> class : 75.34
------------------------------
<Accuracies on photo> test class : 86.59
------------------------------
<Accuracies on art_painting> test class : 75.10
------------------------------
<Accuracies on sketch> test class : 70.68
------------------------------
Total epoch time: 157.442

New epoch - lr: 0.003
[1/32 iteration of epoch 23/30] 
 {loss} cls : 0.059, fac : 11.676, total : 11.734 
 {acc} cls : 97.66
[31/32 iteration of epoch 23/30] 
 {loss} cls : 0.041, fac : 11.676, total : 11.716 
 {acc} cls : 99.22
------------------------------
<Losses on train> cls : 0.058, fac : 11.676, total : 11.734
<Accuracies on train> cls : 98.02
Train epoch time: 96.714
------------------------------
<Accuracies on val> class : 93.67
------------------------------
<Accuracies on test> class : 74.76
------------------------------
<Accuracies on photo> test class : 85.81
------------------------------
<Accuracies on art_painting> test class : 73.83
------------------------------
<Accuracies on sketch> test class : 70.55
------------------------------
Total epoch time: 124.232

New epoch - lr: 0.003
[1/32 iteration of epoch 24/30] 
 {loss} cls : 0.064, fac : 11.676, total : 11.740 
 {acc} cls : 96.88
[31/32 iteration of epoch 24/30] 
 {loss} cls : 0.041, fac : 11.682, total : 11.723 
 {acc} cls : 99.22
------------------------------
<Losses on train> cls : 0.058, fac : 11.677, total : 11.734
<Accuracies on train> cls : 97.97
Train epoch time: 119.105
------------------------------
<Accuracies on val> class : 96.20
------------------------------
<Accuracies on test> class : 73.83
------------------------------
<Accuracies on photo> test class : 86.23
------------------------------
<Accuracies on art_painting> test class : 73.54
------------------------------
<Accuracies on sketch> test class : 68.72
------------------------------
Total epoch time: 146.466

New epoch - lr: 0.003
[1/32 iteration of epoch 25/30] 
 {loss} cls : 0.040, fac : 11.681, total : 11.721 
 {acc} cls : 99.22
[31/32 iteration of epoch 25/30] 
 {loss} cls : 0.084, fac : 11.676, total : 11.760 
 {acc} cls : 94.53
------------------------------
<Losses on train> cls : 0.053, fac : 11.676, total : 11.729
<Accuracies on train> cls : 98.17
Train epoch time: 97.206
------------------------------
<Accuracies on val> class : 95.78
------------------------------
<Accuracies on test> class : 75.57
------------------------------
<Accuracies on photo> test class : 86.83
------------------------------
<Accuracies on art_painting> test class : 74.22
------------------------------
<Accuracies on sketch> test class : 71.49
------------------------------
Total epoch time: 123.640

New epoch - lr: 0.003
[1/32 iteration of epoch 26/30] 
 {loss} cls : 0.074, fac : 11.676, total : 11.749 
 {acc} cls : 97.66
[31/32 iteration of epoch 26/30] 
 {loss} cls : 0.111, fac : 11.675, total : 11.787 
 {acc} cls : 96.09
------------------------------
<Losses on train> cls : 0.048, fac : 11.676, total : 11.724
<Accuracies on train> cls : 98.41
Train epoch time: 114.557
------------------------------
<Accuracies on val> class : 94.51
------------------------------
<Accuracies on test> class : 76.75
------------------------------
<Accuracies on photo> test class : 87.60
------------------------------
<Accuracies on art_painting> test class : 74.07
------------------------------
<Accuracies on sketch> test class : 73.53
------------------------------
Total epoch time: 140.895

New epoch - lr: 0.0009000000000000002
[1/32 iteration of epoch 27/30] 
 {loss} cls : 0.039, fac : 11.676, total : 11.715 
 {acc} cls : 98.44
[31/32 iteration of epoch 27/30] 
 {loss} cls : 0.019, fac : 11.676, total : 11.694 
 {acc} cls : 99.22
------------------------------
<Losses on train> cls : 0.050, fac : 11.676, total : 11.725
<Accuracies on train> cls : 98.27
Train epoch time: 106.291
------------------------------
<Accuracies on val> class : 95.78
------------------------------
<Accuracies on test> class : 76.51
------------------------------
<Accuracies on photo> test class : 88.50
------------------------------
<Accuracies on art_painting> test class : 74.61
------------------------------
<Accuracies on sketch> test class : 72.41
------------------------------
Total epoch time: 132.520

New epoch - lr: 0.0009000000000000002
[1/32 iteration of epoch 28/30] 
 {loss} cls : 0.042, fac : 11.676, total : 11.717 
 {acc} cls : 97.66
[31/32 iteration of epoch 28/30] 
 {loss} cls : 0.013, fac : 11.676, total : 11.688 
 {acc} cls : 100.00
------------------------------
<Losses on train> cls : 0.044, fac : 11.676, total : 11.720
<Accuracies on train> cls : 98.46
Train epoch time: 104.908
------------------------------
<Accuracies on val> class : 95.36
------------------------------
<Accuracies on test> class : 75.82
------------------------------
<Accuracies on photo> test class : 88.32
------------------------------
<Accuracies on art_painting> test class : 75.15
------------------------------
<Accuracies on sketch> test class : 70.86
------------------------------
Total epoch time: 131.636

New epoch - lr: 0.0009000000000000002
[1/32 iteration of epoch 29/30] 
 {loss} cls : 0.092, fac : 11.676, total : 11.768 
 {acc} cls : 95.31
[31/32 iteration of epoch 29/30] 
 {loss} cls : 0.079, fac : 11.675, total : 11.754 
 {acc} cls : 97.66
------------------------------
<Losses on train> cls : 0.038, fac : 11.676, total : 11.714
<Accuracies on train> cls : 98.75
Train epoch time: 121.493
------------------------------
<Accuracies on val> class : 95.78
------------------------------
<Accuracies on test> class : 76.50
------------------------------
<Accuracies on photo> test class : 88.92
------------------------------
<Accuracies on art_painting> test class : 75.59
------------------------------
<Accuracies on sketch> test class : 71.70
------------------------------
Total epoch time: 147.655

New epoch - lr: 0.0009000000000000002
[1/32 iteration of epoch 30/30] 
 {loss} cls : 0.040, fac : 11.676, total : 11.716 
 {acc} cls : 99.22
[31/32 iteration of epoch 30/30] 
 {loss} cls : 0.015, fac : 11.675, total : 11.691 
 {acc} cls : 99.22
------------------------------
<Losses on train> cls : 0.043, fac : 11.676, total : 11.718
<Accuracies on train> cls : 98.56
Train epoch time: 95.140
------------------------------
<Accuracies on val> class : 95.78
------------------------------
<Accuracies on test> class : 76.34
------------------------------
<Accuracies on photo> test class : 88.74
------------------------------
<Accuracies on art_painting> test class : 74.66
------------------------------
<Accuracies on sketch> test class : 71.95
------------------------------
Total epoch time: 121.081

******************************
Best val 0.962025, corresponding test 0.738329 - best test: 0.791029

******************************
Best val 0.9620253443717957, corresponding photo test 0.8622754216194153

******************************
Best val 0.9620253443717957, corresponding art_painting test 0.7353515625

******************************
Best val 0.9620253443717957, corresponding sketch test 0.687197744846344
