
Loading experiment Officehome/ResNet18_step


New epoch - lr: 0.003
[1/61 iteration of epoch 1/50] 
 {loss} cls : 4.295, fac : 12.972, total : 17.267 
 {acc} cls : 2.34
[31/61 iteration of epoch 1/50] 
 {loss} cls : 2.182, fac : 11.757, total : 13.939 
 {acc} cls : 50.00
[61/61 iteration of epoch 1/50] 
 {loss} cls : 2.174, fac : 11.947, total : 14.122 
 {acc} cls : 44.53
------------------------------
<Losses on train> cls : 2.650, fac : 11.913, total : 14.563
<Accuracies on train> cls : 35.40
Train epoch time: 228.749
------------------------------
<Accuracies on val> class : 59.40
------------------------------
<Accuracies on test> class : 49.29
------------------------------
<Accuracies on Art> test class : 40.54
------------------------------
<Accuracies on Product> test class : 50.66
------------------------------
<Accuracies on Real_World> test class : 52.77
------------------------------
Total epoch time: 475.956

New epoch - lr: 0.003
[1/61 iteration of epoch 2/50] 
 {loss} cls : 1.322, fac : 12.013, total : 13.336 
 {acc} cls : 64.06
[31/61 iteration of epoch 2/50] 
 {loss} cls : 0.949, fac : 12.211, total : 13.160 
 {acc} cls : 71.09
[61/61 iteration of epoch 2/50] 
 {loss} cls : 1.015, fac : 11.725, total : 12.740 
 {acc} cls : 72.66
------------------------------
<Losses on train> cls : 1.270, fac : 11.830, total : 13.100
<Accuracies on train> cls : 65.39
Train epoch time: 216.662
------------------------------
<Accuracies on val> class : 69.27
------------------------------
<Accuracies on test> class : 49.95
------------------------------
<Accuracies on Art> test class : 42.65
------------------------------
<Accuracies on Product> test class : 49.85
------------------------------
<Accuracies on Real_World> test class : 54.12
------------------------------
Total epoch time: 466.594

New epoch - lr: 0.003
[1/61 iteration of epoch 3/50] 
 {loss} cls : 1.076, fac : 11.710, total : 12.787 
 {acc} cls : 70.31
[31/61 iteration of epoch 3/50] 
 {loss} cls : 0.971, fac : 11.811, total : 12.781 
 {acc} cls : 70.31
[61/61 iteration of epoch 3/50] 
 {loss} cls : 0.807, fac : 11.883, total : 12.690 
 {acc} cls : 76.56
------------------------------
<Losses on train> cls : 0.924, fac : 11.756, total : 12.680
<Accuracies on train> cls : 74.49
Train epoch time: 216.320
------------------------------
<Accuracies on val> class : 73.17
------------------------------
<Accuracies on test> class : 51.99
------------------------------
<Accuracies on Art> test class : 41.82
------------------------------
<Accuracies on Product> test class : 53.95
------------------------------
<Accuracies on Real_World> test class : 55.66
------------------------------
Total epoch time: 466.807

New epoch - lr: 0.003
[1/61 iteration of epoch 4/50] 
 {loss} cls : 0.749, fac : 11.819, total : 12.568 
 {acc} cls : 78.91
[31/61 iteration of epoch 4/50] 
 {loss} cls : 0.586, fac : 11.794, total : 12.380 
 {acc} cls : 83.59
[61/61 iteration of epoch 4/50] 
 {loss} cls : 0.847, fac : 11.701, total : 12.548 
 {acc} cls : 75.00
------------------------------
<Losses on train> cls : 0.711, fac : 11.756, total : 12.467
<Accuracies on train> cls : 79.79
Train epoch time: 226.768
------------------------------
<Accuracies on val> class : 73.39
------------------------------
<Accuracies on test> class : 53.05
------------------------------
<Accuracies on Art> test class : 42.60
------------------------------
<Accuracies on Product> test class : 55.26
------------------------------
<Accuracies on Real_World> test class : 56.62
------------------------------
Total epoch time: 473.866

New epoch - lr: 0.003
[1/61 iteration of epoch 5/50] 
 {loss} cls : 0.616, fac : 11.699, total : 12.315 
 {acc} cls : 82.81
[31/61 iteration of epoch 5/50] 
 {loss} cls : 0.803, fac : 11.716, total : 12.518 
 {acc} cls : 76.56
[61/61 iteration of epoch 5/50] 
 {loss} cls : 0.406, fac : 11.722, total : 12.128 
 {acc} cls : 87.50
------------------------------
<Losses on train> cls : 0.586, fac : 11.746, total : 12.332
<Accuracies on train> cls : 83.06
Train epoch time: 234.376
------------------------------
<Accuracies on val> class : 74.54
------------------------------
<Accuracies on test> class : 51.73
------------------------------
<Accuracies on Art> test class : 41.45
------------------------------
<Accuracies on Product> test class : 53.89
------------------------------
<Accuracies on Real_World> test class : 55.27
------------------------------
Total epoch time: 472.194

New epoch - lr: 0.003
[1/61 iteration of epoch 6/50] 
 {loss} cls : 0.470, fac : 11.724, total : 12.193 
 {acc} cls : 87.50
[31/61 iteration of epoch 6/50] 
 {loss} cls : 0.475, fac : 11.872, total : 12.346 
 {acc} cls : 85.94
[61/61 iteration of epoch 6/50] 
 {loss} cls : 0.601, fac : 11.699, total : 12.300 
 {acc} cls : 81.25
------------------------------
<Losses on train> cls : 0.497, fac : 11.751, total : 12.248
<Accuracies on train> cls : 85.75
Train epoch time: 202.254
------------------------------
<Accuracies on val> class : 72.25
------------------------------
<Accuracies on test> class : 52.87
------------------------------
<Accuracies on Art> test class : 43.72
------------------------------
<Accuracies on Product> test class : 53.98
------------------------------
<Accuracies on Real_World> test class : 56.85
------------------------------
Total epoch time: 443.795

New epoch - lr: 0.003
[1/61 iteration of epoch 7/50] 
 {loss} cls : 0.324, fac : 11.702, total : 12.027 
 {acc} cls : 89.84
[31/61 iteration of epoch 7/50] 
 {loss} cls : 0.364, fac : 11.696, total : 12.060 
 {acc} cls : 85.16
[61/61 iteration of epoch 7/50] 
 {loss} cls : 0.364, fac : 11.692, total : 12.056 
 {acc} cls : 89.84
------------------------------
<Losses on train> cls : 0.430, fac : 11.697, total : 12.127
<Accuracies on train> cls : 87.50
Train epoch time: 225.473
------------------------------
<Accuracies on val> class : 77.06
------------------------------
<Accuracies on test> class : 52.66
------------------------------
<Accuracies on Art> test class : 43.63
------------------------------
<Accuracies on Product> test class : 53.41
------------------------------
<Accuracies on Real_World> test class : 56.92
------------------------------
Total epoch time: 468.602

New epoch - lr: 0.003
[1/61 iteration of epoch 8/50] 
 {loss} cls : 0.313, fac : 11.689, total : 12.002 
 {acc} cls : 91.41
[31/61 iteration of epoch 8/50] 
 {loss} cls : 0.320, fac : 11.704, total : 12.024 
 {acc} cls : 91.41
[61/61 iteration of epoch 8/50] 
 {loss} cls : 0.400, fac : 11.696, total : 12.097 
 {acc} cls : 87.50
------------------------------
<Losses on train> cls : 0.362, fac : 11.724, total : 12.086
<Accuracies on train> cls : 89.74
Train epoch time: 211.939
------------------------------
<Accuracies on val> class : 75.00
------------------------------
<Accuracies on test> class : 53.26
------------------------------
<Accuracies on Art> test class : 42.97
------------------------------
<Accuracies on Product> test class : 54.81
------------------------------
<Accuracies on Real_World> test class : 57.40
------------------------------
Total epoch time: 450.522

New epoch - lr: 0.003
[1/61 iteration of epoch 9/50] 
 {loss} cls : 0.293, fac : 11.703, total : 11.996 
 {acc} cls : 92.97
[31/61 iteration of epoch 9/50] 
 {loss} cls : 0.218, fac : 11.686, total : 11.904 
 {acc} cls : 94.53
[61/61 iteration of epoch 9/50] 
 {loss} cls : 0.407, fac : 11.687, total : 12.093 
 {acc} cls : 89.06
------------------------------
<Losses on train> cls : 0.341, fac : 11.704, total : 12.045
<Accuracies on train> cls : 90.30
Train epoch time: 208.023
------------------------------
<Accuracies on val> class : 74.54
------------------------------
<Accuracies on test> class : 52.61
------------------------------
<Accuracies on Art> test class : 43.55
------------------------------
<Accuracies on Product> test class : 53.71
------------------------------
<Accuracies on Real_World> test class : 56.53
------------------------------
Total epoch time: 450.798

New epoch - lr: 0.003
[1/61 iteration of epoch 10/50] 
 {loss} cls : 0.367, fac : 11.688, total : 12.055 
 {acc} cls : 88.28
[31/61 iteration of epoch 10/50] 
 {loss} cls : 0.273, fac : 11.714, total : 11.986 
 {acc} cls : 92.19
[61/61 iteration of epoch 10/50] 
 {loss} cls : 0.248, fac : 11.686, total : 11.935 
 {acc} cls : 92.97
------------------------------
<Losses on train> cls : 0.315, fac : 11.712, total : 12.027
<Accuracies on train> cls : 90.74
Train epoch time: 233.540
------------------------------
<Accuracies on val> class : 73.17
------------------------------
<Accuracies on test> class : 51.53
------------------------------
<Accuracies on Art> test class : 41.62
------------------------------
<Accuracies on Product> test class : 52.89
------------------------------
<Accuracies on Real_World> test class : 55.66
------------------------------
Total epoch time: 474.233

New epoch - lr: 0.003
[1/61 iteration of epoch 11/50] 
 {loss} cls : 0.265, fac : 11.692, total : 11.957 
 {acc} cls : 94.53
[31/61 iteration of epoch 11/50] 
 {loss} cls : 0.247, fac : 11.705, total : 11.952 
 {acc} cls : 92.19
[61/61 iteration of epoch 11/50] 
 {loss} cls : 0.206, fac : 11.689, total : 11.895 
 {acc} cls : 95.31
------------------------------
<Losses on train> cls : 0.291, fac : 11.713, total : 12.004
<Accuracies on train> cls : 91.44
Train epoch time: 236.917
------------------------------
<Accuracies on val> class : 74.54
------------------------------
<Accuracies on test> class : 51.00
------------------------------
<Accuracies on Art> test class : 39.97
------------------------------
<Accuracies on Product> test class : 52.78
------------------------------
<Accuracies on Real_World> test class : 55.34
------------------------------
Total epoch time: 470.558

New epoch - lr: 0.003
[1/61 iteration of epoch 12/50] 
 {loss} cls : 0.285, fac : 11.690, total : 11.974 
 {acc} cls : 92.19
[31/61 iteration of epoch 12/50] 
 {loss} cls : 0.421, fac : 11.709, total : 12.131 
 {acc} cls : 89.06
[61/61 iteration of epoch 12/50] 
 {loss} cls : 0.188, fac : 11.696, total : 11.884 
 {acc} cls : 96.88
------------------------------
<Losses on train> cls : 0.273, fac : 11.705, total : 11.978
<Accuracies on train> cls : 92.11
Train epoch time: 225.706
------------------------------
<Accuracies on val> class : 75.23
------------------------------
<Accuracies on test> class : 51.24
------------------------------
<Accuracies on Art> test class : 40.50
------------------------------
<Accuracies on Product> test class : 53.10
------------------------------
<Accuracies on Real_World> test class : 55.34
------------------------------
Total epoch time: 454.896

New epoch - lr: 0.003
[1/61 iteration of epoch 13/50] 
 {loss} cls : 0.302, fac : 11.703, total : 12.005 
 {acc} cls : 91.41
[31/61 iteration of epoch 13/50] 
 {loss} cls : 0.240, fac : 11.698, total : 11.938 
 {acc} cls : 92.97
[61/61 iteration of epoch 13/50] 
 {loss} cls : 0.358, fac : 11.689, total : 12.047 
 {acc} cls : 89.84
------------------------------
<Losses on train> cls : 0.259, fac : 11.695, total : 11.955
<Accuracies on train> cls : 92.46
Train epoch time: 214.352
------------------------------
<Accuracies on val> class : 75.00
------------------------------
<Accuracies on test> class : 52.21
------------------------------
<Accuracies on Art> test class : 41.82
------------------------------
<Accuracies on Product> test class : 53.95
------------------------------
<Accuracies on Real_World> test class : 56.21
------------------------------
Total epoch time: 445.575

New epoch - lr: 0.003
[1/61 iteration of epoch 14/50] 
 {loss} cls : 0.278, fac : 11.688, total : 11.965 
 {acc} cls : 89.84
[31/61 iteration of epoch 14/50] 
 {loss} cls : 0.355, fac : 11.688, total : 12.043 
 {acc} cls : 90.62
[61/61 iteration of epoch 14/50] 
 {loss} cls : 0.283, fac : 11.738, total : 12.022 
 {acc} cls : 89.06
------------------------------
<Losses on train> cls : 0.239, fac : 11.696, total : 11.935
<Accuracies on train> cls : 93.11
Train epoch time: 205.956
------------------------------
<Accuracies on val> class : 73.62
------------------------------
<Accuracies on test> class : 51.64
------------------------------
<Accuracies on Art> test class : 38.98
------------------------------
<Accuracies on Product> test class : 53.77
------------------------------
<Accuracies on Real_World> test class : 56.53
------------------------------
Total epoch time: 437.193

New epoch - lr: 0.003
[1/61 iteration of epoch 15/50] 
 {loss} cls : 0.158, fac : 11.728, total : 11.886 
 {acc} cls : 94.53
[31/61 iteration of epoch 15/50] 
 {loss} cls : 0.182, fac : 11.686, total : 11.868 
 {acc} cls : 95.31
[61/61 iteration of epoch 15/50] 
 {loss} cls : 0.315, fac : 11.684, total : 12.000 
 {acc} cls : 92.19
------------------------------
<Losses on train> cls : 0.228, fac : 11.691, total : 11.919
<Accuracies on train> cls : 93.51
Train epoch time: 217.860
------------------------------
<Accuracies on val> class : 73.85
------------------------------
<Accuracies on test> class : 51.72
------------------------------
<Accuracies on Art> test class : 40.50
------------------------------
<Accuracies on Product> test class : 53.21
------------------------------
<Accuracies on Real_World> test class : 56.46
------------------------------
Total epoch time: 446.660

New epoch - lr: 0.003
[1/61 iteration of epoch 16/50] 
 {loss} cls : 0.165, fac : 11.686, total : 11.851 
 {acc} cls : 94.53
[31/61 iteration of epoch 16/50] 
 {loss} cls : 0.164, fac : 11.697, total : 11.861 
 {acc} cls : 94.53
[61/61 iteration of epoch 16/50] 
 {loss} cls : 0.343, fac : 11.687, total : 12.030 
 {acc} cls : 89.84
------------------------------
<Losses on train> cls : 0.226, fac : 11.704, total : 11.929
<Accuracies on train> cls : 93.21
Train epoch time: 203.563
------------------------------
<Accuracies on val> class : 75.69
------------------------------
<Accuracies on test> class : 51.59
------------------------------
<Accuracies on Art> test class : 40.38
------------------------------
<Accuracies on Product> test class : 53.95
------------------------------
<Accuracies on Real_World> test class : 55.43
------------------------------
Total epoch time: 432.417

New epoch - lr: 0.003
[1/61 iteration of epoch 17/50] 
 {loss} cls : 0.310, fac : 11.687, total : 11.997 
 {acc} cls : 92.19
[31/61 iteration of epoch 17/50] 
 {loss} cls : 0.166, fac : 11.682, total : 11.848 
 {acc} cls : 94.53
[61/61 iteration of epoch 17/50] 
 {loss} cls : 0.184, fac : 11.688, total : 11.873 
 {acc} cls : 96.09
------------------------------
<Losses on train> cls : 0.228, fac : 11.686, total : 11.913
<Accuracies on train> cls : 93.56
Train epoch time: 201.102
------------------------------
<Accuracies on val> class : 74.08
------------------------------
<Accuracies on test> class : 50.03
------------------------------
<Accuracies on Art> test class : 39.97
------------------------------
<Accuracies on Product> test class : 51.61
------------------------------
<Accuracies on Real_World> test class : 54.03
------------------------------
Total epoch time: 432.574

New epoch - lr: 0.003
[1/61 iteration of epoch 18/50] 
 {loss} cls : 0.159, fac : 11.690, total : 11.848 
 {acc} cls : 94.53
[31/61 iteration of epoch 18/50] 
 {loss} cls : 0.284, fac : 11.693, total : 11.977 
 {acc} cls : 92.97
[61/61 iteration of epoch 18/50] 
 {loss} cls : 0.317, fac : 11.682, total : 11.999 
 {acc} cls : 92.19
------------------------------
<Losses on train> cls : 0.222, fac : 11.699, total : 11.921
<Accuracies on train> cls : 93.75
Train epoch time: 213.350
------------------------------
<Accuracies on val> class : 73.17
------------------------------
<Accuracies on test> class : 51.72
------------------------------
<Accuracies on Art> test class : 41.57
------------------------------
<Accuracies on Product> test class : 53.05
------------------------------
<Accuracies on Real_World> test class : 56.02
------------------------------
Total epoch time: 442.978

New epoch - lr: 0.003
[1/61 iteration of epoch 19/50] 
 {loss} cls : 0.127, fac : 11.682, total : 11.809 
 {acc} cls : 96.09
[31/61 iteration of epoch 19/50] 
 {loss} cls : 0.177, fac : 11.686, total : 11.863 
 {acc} cls : 95.31
[61/61 iteration of epoch 19/50] 
 {loss} cls : 0.160, fac : 11.683, total : 11.843 
 {acc} cls : 95.31
------------------------------
<Losses on train> cls : 0.190, fac : 11.691, total : 11.881
<Accuracies on train> cls : 94.38
Train epoch time: 190.290
------------------------------
<Accuracies on val> class : 74.08
------------------------------
<Accuracies on test> class : 50.44
------------------------------
<Accuracies on Art> test class : 40.46
------------------------------
<Accuracies on Product> test class : 51.84
------------------------------
<Accuracies on Real_World> test class : 54.58
------------------------------
Total epoch time: 420.290

New epoch - lr: 0.003
[1/61 iteration of epoch 20/50] 
 {loss} cls : 0.218, fac : 11.686, total : 11.903 
 {acc} cls : 91.41
[31/61 iteration of epoch 20/50] 
 {loss} cls : 0.153, fac : 11.714, total : 11.867 
 {acc} cls : 94.53
[61/61 iteration of epoch 20/50] 
 {loss} cls : 0.166, fac : 11.681, total : 11.847 
 {acc} cls : 94.53
------------------------------
<Losses on train> cls : 0.198, fac : 11.692, total : 11.890
<Accuracies on train> cls : 94.16
Train epoch time: 195.281
------------------------------
<Accuracies on val> class : 74.08
------------------------------
<Accuracies on test> class : 51.24
------------------------------
<Accuracies on Art> test class : 41.08
------------------------------
<Accuracies on Product> test class : 52.31
------------------------------
<Accuracies on Real_World> test class : 55.82
------------------------------
Total epoch time: 425.016

New epoch - lr: 0.003
[1/61 iteration of epoch 21/50] 
 {loss} cls : 0.152, fac : 11.681, total : 11.833 
 {acc} cls : 95.31
[31/61 iteration of epoch 21/50] 
 {loss} cls : 0.318, fac : 11.703, total : 12.021 
 {acc} cls : 90.62
[61/61 iteration of epoch 21/50] 
 {loss} cls : 0.221, fac : 11.684, total : 11.905 
 {acc} cls : 94.53
------------------------------
<Losses on train> cls : 0.182, fac : 11.691, total : 11.874
<Accuracies on train> cls : 94.60
Train epoch time: 206.808
------------------------------
<Accuracies on val> class : 75.23
------------------------------
<Accuracies on test> class : 50.63
------------------------------
<Accuracies on Art> test class : 39.51
------------------------------
<Accuracies on Product> test class : 52.42
------------------------------
<Accuracies on Real_World> test class : 54.99
------------------------------
Total epoch time: 440.158

New epoch - lr: 0.003
[1/61 iteration of epoch 22/50] 
 {loss} cls : 0.199, fac : 11.685, total : 11.884 
 {acc} cls : 91.41
[31/61 iteration of epoch 22/50] 
 {loss} cls : 0.119, fac : 11.680, total : 11.799 
 {acc} cls : 96.88
[61/61 iteration of epoch 22/50] 
 {loss} cls : 0.246, fac : 11.681, total : 11.927 
 {acc} cls : 92.19
------------------------------
<Losses on train> cls : 0.178, fac : 11.682, total : 11.860
<Accuracies on train> cls : 94.67
Train epoch time: 215.568
------------------------------
<Accuracies on val> class : 73.85
------------------------------
<Accuracies on test> class : 50.87
------------------------------
<Accuracies on Art> test class : 40.54
------------------------------
<Accuracies on Product> test class : 52.38
------------------------------
<Accuracies on Real_World> test class : 55.08
------------------------------
Total epoch time: 445.159

New epoch - lr: 0.003
[1/61 iteration of epoch 23/50] 
 {loss} cls : 0.095, fac : 11.685, total : 11.780 
 {acc} cls : 97.66
[31/61 iteration of epoch 23/50] 
 {loss} cls : 0.282, fac : 11.706, total : 11.988 
 {acc} cls : 89.06
[61/61 iteration of epoch 23/50] 
 {loss} cls : 0.150, fac : 11.681, total : 11.831 
 {acc} cls : 96.09
------------------------------
<Losses on train> cls : 0.182, fac : 11.691, total : 11.873
<Accuracies on train> cls : 94.51
Train epoch time: 199.644
------------------------------
<Accuracies on val> class : 74.77
------------------------------
<Accuracies on test> class : 50.40
------------------------------
<Accuracies on Art> test class : 39.84
------------------------------
<Accuracies on Product> test class : 52.47
------------------------------
<Accuracies on Real_World> test class : 54.17
------------------------------
Total epoch time: 429.293

New epoch - lr: 0.003
[1/61 iteration of epoch 24/50] 
 {loss} cls : 0.211, fac : 11.681, total : 11.893 
 {acc} cls : 93.75
[31/61 iteration of epoch 24/50] 
 {loss} cls : 0.189, fac : 11.679, total : 11.868 
 {acc} cls : 92.97
[61/61 iteration of epoch 24/50] 
 {loss} cls : 0.191, fac : 11.681, total : 11.872 
 {acc} cls : 93.75
------------------------------
<Losses on train> cls : 0.162, fac : 11.680, total : 11.842
<Accuracies on train> cls : 95.52
Train epoch time: 224.156
------------------------------
<Accuracies on val> class : 75.69
------------------------------
<Accuracies on test> class : 51.86
------------------------------
<Accuracies on Art> test class : 41.12
------------------------------
<Accuracies on Product> test class : 53.93
------------------------------
<Accuracies on Real_World> test class : 55.73
------------------------------
Total epoch time: 452.862

New epoch - lr: 0.003
[1/61 iteration of epoch 25/50] 
 {loss} cls : 0.143, fac : 11.680, total : 11.823 
 {acc} cls : 96.88
[31/61 iteration of epoch 25/50] 
 {loss} cls : 0.261, fac : 11.686, total : 11.947 
 {acc} cls : 90.62
[61/61 iteration of epoch 25/50] 
 {loss} cls : 0.154, fac : 11.683, total : 11.837 
 {acc} cls : 97.66
------------------------------
<Losses on train> cls : 0.177, fac : 11.685, total : 11.862
<Accuracies on train> cls : 94.81
Train epoch time: 202.868
------------------------------
<Accuracies on val> class : 75.46
------------------------------
<Accuracies on test> class : 50.59
------------------------------
<Accuracies on Art> test class : 39.60
------------------------------
<Accuracies on Product> test class : 52.26
------------------------------
<Accuracies on Real_World> test class : 55.01
------------------------------
Total epoch time: 434.084

New epoch - lr: 0.003
[1/61 iteration of epoch 26/50] 
 {loss} cls : 0.190, fac : 11.679, total : 11.869 
 {acc} cls : 93.75
[31/61 iteration of epoch 26/50] 
 {loss} cls : 0.068, fac : 11.682, total : 11.749 
 {acc} cls : 98.44
[61/61 iteration of epoch 26/50] 
 {loss} cls : 0.182, fac : 11.694, total : 11.876 
 {acc} cls : 95.31
------------------------------
<Losses on train> cls : 0.167, fac : 11.690, total : 11.857
<Accuracies on train> cls : 94.99
Train epoch time: 213.911
------------------------------
<Accuracies on val> class : 75.92
------------------------------
<Accuracies on test> class : 50.90
------------------------------
<Accuracies on Art> test class : 39.43
------------------------------
<Accuracies on Product> test class : 52.67
------------------------------
<Accuracies on Real_World> test class : 55.47
------------------------------
Total epoch time: 445.539

New epoch - lr: 0.003
[1/61 iteration of epoch 27/50] 
 {loss} cls : 0.133, fac : 11.692, total : 11.825 
 {acc} cls : 95.31
[31/61 iteration of epoch 27/50] 
 {loss} cls : 0.114, fac : 11.681, total : 11.795 
 {acc} cls : 96.88
[61/61 iteration of epoch 27/50] 
 {loss} cls : 0.146, fac : 11.685, total : 11.830 
 {acc} cls : 96.09
------------------------------
<Losses on train> cls : 0.161, fac : 11.688, total : 11.849
<Accuracies on train> cls : 95.24
Train epoch time: 197.879
------------------------------
<Accuracies on val> class : 74.08
------------------------------
<Accuracies on test> class : 50.53
------------------------------
<Accuracies on Art> test class : 40.87
------------------------------
<Accuracies on Product> test class : 52.17
------------------------------
<Accuracies on Real_World> test class : 54.23
------------------------------
Total epoch time: 427.431

New epoch - lr: 0.003
[1/61 iteration of epoch 28/50] 
 {loss} cls : 0.097, fac : 11.684, total : 11.781 
 {acc} cls : 96.88
[31/61 iteration of epoch 28/50] 
 {loss} cls : 0.091, fac : 11.686, total : 11.777 
 {acc} cls : 96.88
[61/61 iteration of epoch 28/50] 
 {loss} cls : 0.139, fac : 11.680, total : 11.819 
 {acc} cls : 95.31
------------------------------
<Losses on train> cls : 0.155, fac : 11.686, total : 11.842
<Accuracies on train> cls : 95.33
Train epoch time: 206.517
------------------------------
<Accuracies on val> class : 76.83
------------------------------
<Accuracies on test> class : 50.54
------------------------------
<Accuracies on Art> test class : 39.18
------------------------------
<Accuracies on Product> test class : 52.78
------------------------------
<Accuracies on Real_World> test class : 54.58
------------------------------
Total epoch time: 438.745

New epoch - lr: 0.003
[1/61 iteration of epoch 29/50] 
 {loss} cls : 0.146, fac : 11.682, total : 11.829 
 {acc} cls : 96.88
[31/61 iteration of epoch 29/50] 
 {loss} cls : 0.133, fac : 11.682, total : 11.815 
 {acc} cls : 96.09
[61/61 iteration of epoch 29/50] 
 {loss} cls : 0.187, fac : 11.684, total : 11.870 
 {acc} cls : 93.75
------------------------------
<Losses on train> cls : 0.153, fac : 11.689, total : 11.842
<Accuracies on train> cls : 95.30
Train epoch time: 212.093
------------------------------
<Accuracies on val> class : 75.46
------------------------------
<Accuracies on test> class : 51.49
------------------------------
<Accuracies on Art> test class : 40.83
------------------------------
<Accuracies on Product> test class : 53.26
------------------------------
<Accuracies on Real_World> test class : 55.63
------------------------------
Total epoch time: 443.216

New epoch - lr: 0.003
[1/61 iteration of epoch 30/50] 
 {loss} cls : 0.179, fac : 11.685, total : 11.863 
 {acc} cls : 95.31
[31/61 iteration of epoch 30/50] 
 {loss} cls : 0.089, fac : 11.679, total : 11.768 
 {acc} cls : 96.88
[61/61 iteration of epoch 30/50] 
 {loss} cls : 0.097, fac : 11.682, total : 11.779 
 {acc} cls : 97.66
------------------------------
<Losses on train> cls : 0.150, fac : 11.681, total : 11.831
<Accuracies on train> cls : 95.53
Train epoch time: 215.409
------------------------------
<Accuracies on val> class : 74.54
------------------------------
<Accuracies on test> class : 50.82
------------------------------
<Accuracies on Art> test class : 41.20
------------------------------
<Accuracies on Product> test class : 52.38
------------------------------
<Accuracies on Real_World> test class : 54.60
------------------------------
Total epoch time: 445.080

New epoch - lr: 0.003
[1/61 iteration of epoch 31/50] 
 {loss} cls : 0.252, fac : 11.679, total : 11.932 
 {acc} cls : 92.97
[31/61 iteration of epoch 31/50] 
 {loss} cls : 0.117, fac : 11.687, total : 11.803 
 {acc} cls : 95.31
[61/61 iteration of epoch 31/50] 
 {loss} cls : 0.273, fac : 11.685, total : 11.958 
 {acc} cls : 91.41
------------------------------
<Losses on train> cls : 0.151, fac : 11.689, total : 11.840
<Accuracies on train> cls : 95.43
Train epoch time: 222.175
------------------------------
<Accuracies on val> class : 75.46
------------------------------
<Accuracies on test> class : 49.56
------------------------------
<Accuracies on Art> test class : 40.17
------------------------------
<Accuracies on Product> test class : 50.80
------------------------------
<Accuracies on Real_World> test class : 53.52
------------------------------
Total epoch time: 454.590

New epoch - lr: 0.003
[1/61 iteration of epoch 32/50] 
 {loss} cls : 0.145, fac : 11.685, total : 11.829 
 {acc} cls : 94.53
[31/61 iteration of epoch 32/50] 
 {loss} cls : 0.190, fac : 11.679, total : 11.869 
 {acc} cls : 94.53
[61/61 iteration of epoch 32/50] 
 {loss} cls : 0.127, fac : 11.684, total : 11.810 
 {acc} cls : 96.09
------------------------------
<Losses on train> cls : 0.147, fac : 11.681, total : 11.829
<Accuracies on train> cls : 95.56
Train epoch time: 218.711
------------------------------
<Accuracies on val> class : 74.54
------------------------------
<Accuracies on test> class : 50.38
------------------------------
<Accuracies on Art> test class : 40.71
------------------------------
<Accuracies on Product> test class : 52.08
------------------------------
<Accuracies on Real_World> test class : 54.03
------------------------------
Total epoch time: 448.248

New epoch - lr: 0.003
[1/61 iteration of epoch 33/50] 
 {loss} cls : 0.138, fac : 11.688, total : 11.826 
 {acc} cls : 97.66
[31/61 iteration of epoch 33/50] 
 {loss} cls : 0.081, fac : 11.681, total : 11.762 
 {acc} cls : 97.66
[61/61 iteration of epoch 33/50] 
 {loss} cls : 0.110, fac : 11.681, total : 11.790 
 {acc} cls : 96.88
------------------------------
<Losses on train> cls : 0.147, fac : 11.685, total : 11.832
<Accuracies on train> cls : 95.67
Train epoch time: 203.635
------------------------------
<Accuracies on val> class : 74.77
------------------------------
<Accuracies on test> class : 49.45
------------------------------
<Accuracies on Art> test class : 39.47
------------------------------
<Accuracies on Product> test class : 50.89
------------------------------
<Accuracies on Real_World> test class : 53.55
------------------------------
Total epoch time: 435.835

New epoch - lr: 0.003
[1/61 iteration of epoch 34/50] 
 {loss} cls : 0.256, fac : 11.681, total : 11.937 
 {acc} cls : 94.53
[31/61 iteration of epoch 34/50] 
 {loss} cls : 0.080, fac : 11.679, total : 11.759 
 {acc} cls : 97.66
[61/61 iteration of epoch 34/50] 
 {loss} cls : 0.106, fac : 11.682, total : 11.788 
 {acc} cls : 96.09
------------------------------
<Losses on train> cls : 0.152, fac : 11.682, total : 11.834
<Accuracies on train> cls : 95.44
Train epoch time: 197.764
------------------------------
<Accuracies on val> class : 75.00
------------------------------
<Accuracies on test> class : 50.87
------------------------------
<Accuracies on Art> test class : 40.42
------------------------------
<Accuracies on Product> test class : 52.87
------------------------------
<Accuracies on Real_World> test class : 54.65
------------------------------
Total epoch time: 428.894

New epoch - lr: 0.003
[1/61 iteration of epoch 35/50] 
 {loss} cls : 0.095, fac : 11.678, total : 11.773 
 {acc} cls : 96.88
[31/61 iteration of epoch 35/50] 
 {loss} cls : 0.160, fac : 11.685, total : 11.845 
 {acc} cls : 95.31
[61/61 iteration of epoch 35/50] 
 {loss} cls : 0.126, fac : 11.678, total : 11.805 
 {acc} cls : 96.09
------------------------------
<Losses on train> cls : 0.136, fac : 11.690, total : 11.826
<Accuracies on train> cls : 95.79
Train epoch time: 195.605
------------------------------
<Accuracies on val> class : 76.61
------------------------------
<Accuracies on test> class : 50.48
------------------------------
<Accuracies on Art> test class : 39.51
------------------------------
<Accuracies on Product> test class : 52.65
------------------------------
<Accuracies on Real_World> test class : 54.37
------------------------------
Total epoch time: 424.192

New epoch - lr: 0.003
[1/61 iteration of epoch 36/50] 
 {loss} cls : 0.078, fac : 11.680, total : 11.758 
 {acc} cls : 97.66
[31/61 iteration of epoch 36/50] 
 {loss} cls : 0.172, fac : 11.678, total : 11.851 
 {acc} cls : 94.53
[61/61 iteration of epoch 36/50] 
 {loss} cls : 0.106, fac : 11.680, total : 11.786 
 {acc} cls : 97.66
------------------------------
<Losses on train> cls : 0.135, fac : 11.681, total : 11.816
<Accuracies on train> cls : 95.86
Train epoch time: 194.105
------------------------------
<Accuracies on val> class : 74.77
------------------------------
<Accuracies on test> class : 50.29
------------------------------
<Accuracies on Art> test class : 40.09
------------------------------
<Accuracies on Product> test class : 51.70
------------------------------
<Accuracies on Real_World> test class : 54.53
------------------------------
Total epoch time: 423.374

New epoch - lr: 0.003
[1/61 iteration of epoch 37/50] 
 {loss} cls : 0.116, fac : 11.679, total : 11.795 
 {acc} cls : 97.66
[31/61 iteration of epoch 37/50] 
 {loss} cls : 0.169, fac : 11.695, total : 11.864 
 {acc} cls : 94.53
[61/61 iteration of epoch 37/50] 
 {loss} cls : 0.123, fac : 11.679, total : 11.803 
 {acc} cls : 96.88
------------------------------
<Losses on train> cls : 0.129, fac : 11.686, total : 11.814
<Accuracies on train> cls : 95.93
Train epoch time: 203.842
------------------------------
<Accuracies on val> class : 75.46
------------------------------
<Accuracies on test> class : 50.76
------------------------------
<Accuracies on Art> test class : 41.12
------------------------------
<Accuracies on Product> test class : 51.79
------------------------------
<Accuracies on Real_World> test class : 55.08
------------------------------
Total epoch time: 432.644

New epoch - lr: 0.003
[1/61 iteration of epoch 38/50] 
 {loss} cls : 0.030, fac : 11.678, total : 11.708 
 {acc} cls : 100.00
[31/61 iteration of epoch 38/50] 
 {loss} cls : 0.121, fac : 11.679, total : 11.801 
 {acc} cls : 98.44
[61/61 iteration of epoch 38/50] 
 {loss} cls : 0.136, fac : 11.679, total : 11.815 
 {acc} cls : 94.53
------------------------------
<Losses on train> cls : 0.139, fac : 11.679, total : 11.818
<Accuracies on train> cls : 95.94
Train epoch time: 176.214
------------------------------
<Accuracies on val> class : 76.38
------------------------------
<Accuracies on test> class : 50.40
------------------------------
<Accuracies on Art> test class : 41.45
------------------------------
<Accuracies on Product> test class : 51.45
------------------------------
<Accuracies on Real_World> test class : 54.30
------------------------------
Total epoch time: 404.977

New epoch - lr: 0.003
[1/61 iteration of epoch 39/50] 
 {loss} cls : 0.033, fac : 11.678, total : 11.712 
 {acc} cls : 100.00
[31/61 iteration of epoch 39/50] 
 {loss} cls : 0.108, fac : 11.681, total : 11.789 
 {acc} cls : 97.66
[61/61 iteration of epoch 39/50] 
 {loss} cls : 0.248, fac : 11.681, total : 11.929 
 {acc} cls : 91.41
------------------------------
<Losses on train> cls : 0.126, fac : 11.687, total : 11.813
<Accuracies on train> cls : 96.13
Train epoch time: 199.664
------------------------------
<Accuracies on val> class : 76.15
------------------------------
<Accuracies on test> class : 50.47
------------------------------
<Accuracies on Art> test class : 40.05
------------------------------
<Accuracies on Product> test class : 52.33
------------------------------
<Accuracies on Real_World> test class : 54.37
------------------------------
Total epoch time: 425.069

New epoch - lr: 0.003
[1/61 iteration of epoch 40/50] 
 {loss} cls : 0.124, fac : 11.680, total : 11.803 
 {acc} cls : 93.75
[31/61 iteration of epoch 40/50] 
 {loss} cls : 0.114, fac : 11.680, total : 11.794 
 {acc} cls : 95.31
[61/61 iteration of epoch 40/50] 
 {loss} cls : 0.153, fac : 11.678, total : 11.831 
 {acc} cls : 95.31
------------------------------
<Losses on train> cls : 0.127, fac : 11.679, total : 11.806
<Accuracies on train> cls : 95.98
Train epoch time: 206.997
------------------------------
<Accuracies on val> class : 75.00
------------------------------
<Accuracies on test> class : 51.42
------------------------------
<Accuracies on Art> test class : 41.78
------------------------------
<Accuracies on Product> test class : 53.71
------------------------------
<Accuracies on Real_World> test class : 54.46
------------------------------
Total epoch time: 433.961

New epoch - lr: 0.003
[1/61 iteration of epoch 41/50] 
 {loss} cls : 0.078, fac : 11.679, total : 11.757 
 {acc} cls : 98.44
[31/61 iteration of epoch 41/50] 
 {loss} cls : 0.116, fac : 11.682, total : 11.797 
 {acc} cls : 96.88
[61/61 iteration of epoch 41/50] 
 {loss} cls : 0.114, fac : 11.682, total : 11.796 
 {acc} cls : 96.09
------------------------------
<Losses on train> cls : 0.122, fac : 11.686, total : 11.808
<Accuracies on train> cls : 96.30
Train epoch time: 192.068
------------------------------
<Accuracies on val> class : 75.23
------------------------------
<Accuracies on test> class : 50.87
------------------------------
<Accuracies on Art> test class : 41.08
------------------------------
<Accuracies on Product> test class : 52.53
------------------------------
<Accuracies on Real_World> test class : 54.62
------------------------------
Total epoch time: 421.805

New epoch - lr: 0.003
[1/61 iteration of epoch 42/50] 
 {loss} cls : 0.043, fac : 11.684, total : 11.727 
 {acc} cls : 97.66
[31/61 iteration of epoch 42/50] 
 {loss} cls : 0.092, fac : 11.681, total : 11.772 
 {acc} cls : 97.66
[61/61 iteration of epoch 42/50] 
 {loss} cls : 0.086, fac : 11.679, total : 11.766 
 {acc} cls : 97.66
------------------------------
<Losses on train> cls : 0.115, fac : 11.685, total : 11.800
<Accuracies on train> cls : 96.40
Train epoch time: 203.444
------------------------------
<Accuracies on val> class : 75.69
------------------------------
<Accuracies on test> class : 50.57
------------------------------
<Accuracies on Art> test class : 40.50
------------------------------
<Accuracies on Product> test class : 52.51
------------------------------
<Accuracies on Real_World> test class : 54.21
------------------------------
Total epoch time: 429.630

New epoch - lr: 0.003
[1/61 iteration of epoch 43/50] 
 {loss} cls : 0.066, fac : 11.678, total : 11.745 
 {acc} cls : 97.66
[31/61 iteration of epoch 43/50] 
 {loss} cls : 0.121, fac : 11.677, total : 11.797 
 {acc} cls : 97.66
[61/61 iteration of epoch 43/50] 
 {loss} cls : 0.212, fac : 11.679, total : 11.891 
 {acc} cls : 92.97
------------------------------
<Losses on train> cls : 0.126, fac : 11.678, total : 11.804
<Accuracies on train> cls : 95.82
Train epoch time: 202.689
------------------------------
<Accuracies on val> class : 76.38
------------------------------
<Accuracies on test> class : 50.35
------------------------------
<Accuracies on Art> test class : 40.09
------------------------------
<Accuracies on Product> test class : 52.69
------------------------------
<Accuracies on Real_World> test class : 53.68
------------------------------
Total epoch time: 439.061

New epoch - lr: 0.003
[1/61 iteration of epoch 44/50] 
 {loss} cls : 0.121, fac : 11.678, total : 11.799 
 {acc} cls : 95.31
[31/61 iteration of epoch 44/50] 
 {loss} cls : 0.110, fac : 11.688, total : 11.797 
 {acc} cls : 95.31
[61/61 iteration of epoch 44/50] 
 {loss} cls : 0.132, fac : 11.694, total : 11.826 
 {acc} cls : 94.53
------------------------------
<Losses on train> cls : 0.120, fac : 11.687, total : 11.807
<Accuracies on train> cls : 96.09
Train epoch time: 212.319
------------------------------
<Accuracies on val> class : 75.69
------------------------------
<Accuracies on test> class : 49.86
------------------------------
<Accuracies on Art> test class : 40.26
------------------------------
<Accuracies on Product> test class : 51.50
------------------------------
<Accuracies on Real_World> test class : 53.55
------------------------------
Total epoch time: 448.762

New epoch - lr: 0.0009000000000000002
[1/61 iteration of epoch 45/50] 
 {loss} cls : 0.095, fac : 11.691, total : 11.787 
 {acc} cls : 96.09
[31/61 iteration of epoch 45/50] 
 {loss} cls : 0.106, fac : 11.678, total : 11.784 
 {acc} cls : 97.66
[61/61 iteration of epoch 45/50] 
 {loss} cls : 0.118, fac : 11.677, total : 11.796 
 {acc} cls : 96.88
------------------------------
<Losses on train> cls : 0.111, fac : 11.679, total : 11.790
<Accuracies on train> cls : 96.44
Train epoch time: 202.091
------------------------------
<Accuracies on val> class : 76.38
------------------------------
<Accuracies on test> class : 50.60
------------------------------
<Accuracies on Art> test class : 41.70
------------------------------
<Accuracies on Product> test class : 51.88
------------------------------
<Accuracies on Real_World> test class : 54.26
------------------------------
Total epoch time: 442.128

New epoch - lr: 0.0009000000000000002
[1/61 iteration of epoch 46/50] 
 {loss} cls : 0.156, fac : 11.677, total : 11.833 
 {acc} cls : 94.53
[31/61 iteration of epoch 46/50] 
 {loss} cls : 0.111, fac : 11.677, total : 11.788 
 {acc} cls : 97.66
[61/61 iteration of epoch 46/50] 
 {loss} cls : 0.089, fac : 11.677, total : 11.766 
 {acc} cls : 96.88
------------------------------
<Losses on train> cls : 0.089, fac : 11.677, total : 11.767
<Accuracies on train> cls : 97.28
Train epoch time: 230.427
------------------------------
<Accuracies on val> class : 76.15
------------------------------
<Accuracies on test> class : 50.71
------------------------------
<Accuracies on Art> test class : 41.37
------------------------------
<Accuracies on Product> test class : 52.42
------------------------------
<Accuracies on Real_World> test class : 54.17
------------------------------
Total epoch time: 473.916

New epoch - lr: 0.0009000000000000002
[1/61 iteration of epoch 47/50] 
 {loss} cls : 0.103, fac : 11.678, total : 11.781 
 {acc} cls : 96.88
[31/61 iteration of epoch 47/50] 
 {loss} cls : 0.134, fac : 11.677, total : 11.811 
 {acc} cls : 95.31
[61/61 iteration of epoch 47/50] 
 {loss} cls : 0.131, fac : 11.677, total : 11.808 
 {acc} cls : 97.66
------------------------------
<Losses on train> cls : 0.085, fac : 11.677, total : 11.762
<Accuracies on train> cls : 97.05
Train epoch time: 223.171
------------------------------
<Accuracies on val> class : 76.83
------------------------------
<Accuracies on test> class : 50.79
------------------------------
<Accuracies on Art> test class : 40.79
------------------------------
<Accuracies on Product> test class : 52.74
------------------------------
<Accuracies on Real_World> test class : 54.37
------------------------------
Total epoch time: 463.151

New epoch - lr: 0.0009000000000000002
[1/61 iteration of epoch 48/50] 
 {loss} cls : 0.048, fac : 11.677, total : 11.725 
 {acc} cls : 98.44
[31/61 iteration of epoch 48/50] 
 {loss} cls : 0.181, fac : 11.680, total : 11.861 
 {acc} cls : 93.75
[61/61 iteration of epoch 48/50] 
 {loss} cls : 0.165, fac : 11.677, total : 11.841 
 {acc} cls : 92.97
------------------------------
<Losses on train> cls : 0.089, fac : 11.677, total : 11.766
<Accuracies on train> cls : 97.03
Train epoch time: 223.308
------------------------------
<Accuracies on val> class : 76.38
------------------------------
<Accuracies on test> class : 51.17
------------------------------
<Accuracies on Art> test class : 40.75
------------------------------
<Accuracies on Product> test class : 53.71
------------------------------
<Accuracies on Real_World> test class : 54.40
------------------------------
Total epoch time: 460.005

New epoch - lr: 0.0009000000000000002
[1/61 iteration of epoch 49/50] 
 {loss} cls : 0.118, fac : 11.677, total : 11.795 
 {acc} cls : 94.53
[31/61 iteration of epoch 49/50] 
 {loss} cls : 0.026, fac : 11.677, total : 11.703 
 {acc} cls : 100.00
[61/61 iteration of epoch 49/50] 
 {loss} cls : 0.039, fac : 11.681, total : 11.720 
 {acc} cls : 100.00
------------------------------
<Losses on train> cls : 0.088, fac : 11.677, total : 11.765
<Accuracies on train> cls : 97.03
Train epoch time: 196.662
------------------------------
<Accuracies on val> class : 76.38
------------------------------
<Accuracies on test> class : 51.02
------------------------------
<Accuracies on Art> test class : 41.74
------------------------------
<Accuracies on Product> test class : 52.62
------------------------------
<Accuracies on Real_World> test class : 54.56
------------------------------
Total epoch time: 429.109

New epoch - lr: 0.0009000000000000002
[1/61 iteration of epoch 50/50] 
 {loss} cls : 0.154, fac : 11.677, total : 11.831 
 {acc} cls : 95.31
[31/61 iteration of epoch 50/50] 
 {loss} cls : 0.102, fac : 11.677, total : 11.779 
 {acc} cls : 95.31
[61/61 iteration of epoch 50/50] 
 {loss} cls : 0.033, fac : 11.676, total : 11.709 
 {acc} cls : 99.22
------------------------------
<Losses on train> cls : 0.096, fac : 11.677, total : 11.773
<Accuracies on train> cls : 96.82
Train epoch time: 224.840
------------------------------
<Accuracies on val> class : 76.83
------------------------------
<Accuracies on test> class : 50.99
------------------------------
<Accuracies on Art> test class : 41.49
------------------------------
<Accuracies on Product> test class : 52.56
------------------------------
<Accuracies on Real_World> test class : 54.69
------------------------------
Total epoch time: 457.389

******************************
Best val 0.770642, corresponding test 0.526597 - best test: 0.532567

******************************
Best val 0.7706422209739685, corresponding Art test 0.43634116649627686

******************************
Best val 0.7706422209739685, corresponding Product test 0.5341293215751648

******************************
Best val 0.7706422209739685, corresponding Real_World test 0.5691989660263062
