Exclude2 ERM
WARNING:tensorflow:From /homes/55/jianhaoy/projects/EKI/utils/tf_logger.py:16: The name tf.summary.FileWriter is deprecated. Please use tf.compat.v1.summary.FileWriter instead.

WARNING:tensorflow:From /homes/55/jianhaoy/projects/EKI/utils/tf_logger.py:20: The name tf.Summary is deprecated. Please use tf.compat.v1.Summary instead.


Loading experiment PACS/ResNet18_multi


New epoch - lr: 0.001
[1/180 iteration of epoch 1/50] 
 {loss} cls : 2.086, total : 2.086 
 {acc} cls : 6.25
[31/180 iteration of epoch 1/50] 
 {loss} cls : 0.414, total : 0.414 
 {acc} cls : 84.38
[61/180 iteration of epoch 1/50] 
 {loss} cls : 0.369, total : 0.369 
 {acc} cls : 85.94
[91/180 iteration of epoch 1/50] 
 {loss} cls : 0.260, total : 0.260 
 {acc} cls : 90.62
[121/180 iteration of epoch 1/50] 
 {loss} cls : 0.167, total : 0.167 
 {acc} cls : 95.31
[151/180 iteration of epoch 1/50] 
 {loss} cls : 0.243, total : 0.243 
 {acc} cls : 87.50
------------------------------
<Losses on train> cls : 0.424, total : 0.424
<Accuracies on train> cls : 84.31
Train epoch time: 79.636
------------------------------
<Accuracies on val> class : 70.94
------------------------------
<Accuracies on test> class : 66.55
------------------------------
Total epoch time: 88.152

New epoch - lr: 0.001
[1/180 iteration of epoch 2/50] 
 {loss} cls : 0.344, total : 0.344 
 {acc} cls : 87.50
[31/180 iteration of epoch 2/50] 
 {loss} cls : 0.297, total : 0.297 
 {acc} cls : 87.50
[61/180 iteration of epoch 2/50] 
 {loss} cls : 0.143, total : 0.143 
 {acc} cls : 95.31
[91/180 iteration of epoch 2/50] 
 {loss} cls : 0.252, total : 0.252 
 {acc} cls : 92.19
[121/180 iteration of epoch 2/50] 
 {loss} cls : 0.197, total : 0.197 
 {acc} cls : 90.62
[151/180 iteration of epoch 2/50] 
 {loss} cls : 0.385, total : 0.385 
 {acc} cls : 81.25
------------------------------
<Losses on train> cls : 0.256, total : 0.256
<Accuracies on train> cls : 90.08
Train epoch time: 77.115
------------------------------
<Accuracies on val> class : 76.79
------------------------------
<Accuracies on test> class : 73.25
------------------------------
Total epoch time: 84.362

New epoch - lr: 0.001
[1/180 iteration of epoch 3/50] 
 {loss} cls : 0.108, total : 0.108 
 {acc} cls : 95.31
[31/180 iteration of epoch 3/50] 
 {loss} cls : 0.181, total : 0.181 
 {acc} cls : 92.19
[61/180 iteration of epoch 3/50] 
 {loss} cls : 0.239, total : 0.239 
 {acc} cls : 90.62
[91/180 iteration of epoch 3/50] 
 {loss} cls : 0.316, total : 0.316 
 {acc} cls : 89.06
[121/180 iteration of epoch 3/50] 
 {loss} cls : 0.204, total : 0.204 
 {acc} cls : 92.19
[151/180 iteration of epoch 3/50] 
 {loss} cls : 0.315, total : 0.315 
 {acc} cls : 85.94
------------------------------
<Losses on train> cls : 0.241, total : 0.241
<Accuracies on train> cls : 90.63
Train epoch time: 76.840
------------------------------
<Accuracies on val> class : 76.30
------------------------------
<Accuracies on test> class : 71.93
------------------------------
Total epoch time: 83.476

New epoch - lr: 0.001
[1/180 iteration of epoch 4/50] 
 {loss} cls : 0.295, total : 0.295 
 {acc} cls : 89.06
[31/180 iteration of epoch 4/50] 
 {loss} cls : 0.144, total : 0.144 
 {acc} cls : 95.31
[61/180 iteration of epoch 4/50] 
 {loss} cls : 0.144, total : 0.144 
 {acc} cls : 93.75
[91/180 iteration of epoch 4/50] 
 {loss} cls : 0.267, total : 0.267 
 {acc} cls : 92.19
[121/180 iteration of epoch 4/50] 
 {loss} cls : 0.186, total : 0.186 
 {acc} cls : 92.19
[151/180 iteration of epoch 4/50] 
 {loss} cls : 0.254, total : 0.254 
 {acc} cls : 89.06
------------------------------
<Losses on train> cls : 0.225, total : 0.225
<Accuracies on train> cls : 91.26
Train epoch time: 76.710
------------------------------
<Accuracies on val> class : 79.71
------------------------------
<Accuracies on test> class : 76.54
------------------------------
Total epoch time: 83.656

New epoch - lr: 0.001
[1/180 iteration of epoch 5/50] 
 {loss} cls : 0.191, total : 0.191 
 {acc} cls : 93.75
[31/180 iteration of epoch 5/50] 
 {loss} cls : 0.215, total : 0.215 
 {acc} cls : 90.62
[61/180 iteration of epoch 5/50] 
 {loss} cls : 0.162, total : 0.162 
 {acc} cls : 93.75
[91/180 iteration of epoch 5/50] 
 {loss} cls : 0.236, total : 0.236 
 {acc} cls : 90.62
[121/180 iteration of epoch 5/50] 
 {loss} cls : 0.305, total : 0.305 
 {acc} cls : 89.06
[151/180 iteration of epoch 5/50] 
 {loss} cls : 0.305, total : 0.305 
 {acc} cls : 90.62
------------------------------
<Losses on train> cls : 0.213, total : 0.213
<Accuracies on train> cls : 91.66
Train epoch time: 77.282
------------------------------
<Accuracies on val> class : 78.08
------------------------------
<Accuracies on test> class : 76.88
------------------------------
Total epoch time: 84.204

New epoch - lr: 0.001
[1/180 iteration of epoch 6/50] 
 {loss} cls : 0.184, total : 0.184 
 {acc} cls : 93.75
[31/180 iteration of epoch 6/50] 
 {loss} cls : 0.238, total : 0.238 
 {acc} cls : 90.62
[61/180 iteration of epoch 6/50] 
 {loss} cls : 0.321, total : 0.321 
 {acc} cls : 92.19
[91/180 iteration of epoch 6/50] 
 {loss} cls : 0.260, total : 0.260 
 {acc} cls : 90.62
[121/180 iteration of epoch 6/50] 
 {loss} cls : 0.151, total : 0.151 
 {acc} cls : 92.19
[151/180 iteration of epoch 6/50] 
 {loss} cls : 0.144, total : 0.144 
 {acc} cls : 95.31
------------------------------
<Losses on train> cls : 0.208, total : 0.208
<Accuracies on train> cls : 91.85
Train epoch time: 85.671
------------------------------
<Accuracies on val> class : 80.03
------------------------------
<Accuracies on test> class : 78.03
------------------------------
Total epoch time: 93.026

New epoch - lr: 0.001
[1/180 iteration of epoch 7/50] 
 {loss} cls : 0.145, total : 0.145 
 {acc} cls : 92.19
[31/180 iteration of epoch 7/50] 
 {loss} cls : 0.331, total : 0.331 
 {acc} cls : 84.38
[61/180 iteration of epoch 7/50] 
 {loss} cls : 0.143, total : 0.143 
 {acc} cls : 95.31
[91/180 iteration of epoch 7/50] 
 {loss} cls : 0.428, total : 0.428 
 {acc} cls : 82.81
[121/180 iteration of epoch 7/50] 
 {loss} cls : 0.120, total : 0.120 
 {acc} cls : 95.31
[151/180 iteration of epoch 7/50] 
 {loss} cls : 0.181, total : 0.181 
 {acc} cls : 93.75
------------------------------
<Losses on train> cls : 0.205, total : 0.205
<Accuracies on train> cls : 91.94
Train epoch time: 77.505
------------------------------
<Accuracies on val> class : 81.17
------------------------------
<Accuracies on test> class : 79.82
------------------------------
Total epoch time: 84.724

New epoch - lr: 0.001
[1/180 iteration of epoch 8/50] 
 {loss} cls : 0.225, total : 0.225 
 {acc} cls : 90.62
[31/180 iteration of epoch 8/50] 
 {loss} cls : 0.207, total : 0.207 
 {acc} cls : 93.75
[61/180 iteration of epoch 8/50] 
 {loss} cls : 0.130, total : 0.130 
 {acc} cls : 95.31
[91/180 iteration of epoch 8/50] 
 {loss} cls : 0.132, total : 0.132 
 {acc} cls : 96.88
[121/180 iteration of epoch 8/50] 
 {loss} cls : 0.246, total : 0.246 
 {acc} cls : 90.62
[151/180 iteration of epoch 8/50] 
 {loss} cls : 0.232, total : 0.232 
 {acc} cls : 92.19
------------------------------
<Losses on train> cls : 0.201, total : 0.201
<Accuracies on train> cls : 92.08
Train epoch time: 76.633
------------------------------
<Accuracies on val> class : 80.84
------------------------------
<Accuracies on test> class : 77.13
------------------------------
Total epoch time: 83.280

New epoch - lr: 0.001
[1/180 iteration of epoch 9/50] 
 {loss} cls : 0.284, total : 0.284 
 {acc} cls : 90.62
[31/180 iteration of epoch 9/50] 
 {loss} cls : 0.190, total : 0.190 
 {acc} cls : 93.75
[61/180 iteration of epoch 9/50] 
 {loss} cls : 0.210, total : 0.210 
 {acc} cls : 90.62
[91/180 iteration of epoch 9/50] 
 {loss} cls : 0.194, total : 0.194 
 {acc} cls : 93.75
[121/180 iteration of epoch 9/50] 
 {loss} cls : 0.193, total : 0.193 
 {acc} cls : 93.75
[151/180 iteration of epoch 9/50] 
 {loss} cls : 0.165, total : 0.165 
 {acc} cls : 93.75
------------------------------
<Losses on train> cls : 0.196, total : 0.196
<Accuracies on train> cls : 92.32
Train epoch time: 76.834
------------------------------
<Accuracies on val> class : 81.82
------------------------------
<Accuracies on test> class : 79.82
------------------------------
Total epoch time: 84.038

New epoch - lr: 0.001
[1/180 iteration of epoch 10/50] 
 {loss} cls : 0.219, total : 0.219 
 {acc} cls : 93.75
[31/180 iteration of epoch 10/50] 
 {loss} cls : 0.270, total : 0.270 
 {acc} cls : 89.06
[61/180 iteration of epoch 10/50] 
 {loss} cls : 0.156, total : 0.156 
 {acc} cls : 95.31
[91/180 iteration of epoch 10/50] 
 {loss} cls : 0.305, total : 0.305 
 {acc} cls : 87.50
[121/180 iteration of epoch 10/50] 
 {loss} cls : 0.246, total : 0.246 
 {acc} cls : 92.19
[151/180 iteration of epoch 10/50] 
 {loss} cls : 0.092, total : 0.092 
 {acc} cls : 96.88
------------------------------
<Losses on train> cls : 0.196, total : 0.196
<Accuracies on train> cls : 92.36
Train epoch time: 76.881
------------------------------
<Accuracies on val> class : 83.93
------------------------------
<Accuracies on test> class : 79.95
------------------------------
Total epoch time: 84.502

New epoch - lr: 0.001
[1/180 iteration of epoch 11/50] 
 {loss} cls : 0.207, total : 0.207 
 {acc} cls : 92.19
[31/180 iteration of epoch 11/50] 
 {loss} cls : 0.130, total : 0.130 
 {acc} cls : 95.31
[61/180 iteration of epoch 11/50] 
 {loss} cls : 0.172, total : 0.172 
 {acc} cls : 95.31
[91/180 iteration of epoch 11/50] 
 {loss} cls : 0.284, total : 0.284 
 {acc} cls : 87.50
[121/180 iteration of epoch 11/50] 
 {loss} cls : 0.146, total : 0.146 
 {acc} cls : 95.31
[151/180 iteration of epoch 11/50] 
 {loss} cls : 0.253, total : 0.253 
 {acc} cls : 89.06
------------------------------
<Losses on train> cls : 0.191, total : 0.191
<Accuracies on train> cls : 92.54
Train epoch time: 76.353
------------------------------
<Accuracies on val> class : 80.84
------------------------------
<Accuracies on test> class : 78.37
------------------------------
Total epoch time: 82.895

New epoch - lr: 0.001
[1/180 iteration of epoch 12/50] 
 {loss} cls : 0.304, total : 0.304 
 {acc} cls : 85.94
[31/180 iteration of epoch 12/50] 
 {loss} cls : 0.142, total : 0.142 
 {acc} cls : 93.75
[61/180 iteration of epoch 12/50] 
 {loss} cls : 0.290, total : 0.290 
 {acc} cls : 89.06
[91/180 iteration of epoch 12/50] 
 {loss} cls : 0.177, total : 0.177 
 {acc} cls : 92.19
[121/180 iteration of epoch 12/50] 
 {loss} cls : 0.320, total : 0.320 
 {acc} cls : 87.50
[151/180 iteration of epoch 12/50] 
 {loss} cls : 0.151, total : 0.151 
 {acc} cls : 93.75
------------------------------
<Losses on train> cls : 0.190, total : 0.190
<Accuracies on train> cls : 92.43
Train epoch time: 78.276
------------------------------
<Accuracies on val> class : 83.12
------------------------------
<Accuracies on test> class : 79.52
------------------------------
Total epoch time: 85.008

New epoch - lr: 0.001
[1/180 iteration of epoch 13/50] 
 {loss} cls : 0.309, total : 0.309 
 {acc} cls : 90.62
[31/180 iteration of epoch 13/50] 
 {loss} cls : 0.206, total : 0.206 
 {acc} cls : 93.75
[61/180 iteration of epoch 13/50] 
 {loss} cls : 0.105, total : 0.105 
 {acc} cls : 95.31
[91/180 iteration of epoch 13/50] 
 {loss} cls : 0.085, total : 0.085 
 {acc} cls : 98.44
[121/180 iteration of epoch 13/50] 
 {loss} cls : 0.123, total : 0.123 
 {acc} cls : 95.31
[151/180 iteration of epoch 13/50] 
 {loss} cls : 0.255, total : 0.255 
 {acc} cls : 90.62
------------------------------
<Losses on train> cls : 0.186, total : 0.186
<Accuracies on train> cls : 92.68
Train epoch time: 75.739
------------------------------
<Accuracies on val> class : 81.33
------------------------------
<Accuracies on test> class : 77.52
------------------------------
Total epoch time: 82.210

New epoch - lr: 0.001
[1/180 iteration of epoch 14/50] 
 {loss} cls : 0.154, total : 0.154 
 {acc} cls : 93.75
[31/180 iteration of epoch 14/50] 
 {loss} cls : 0.169, total : 0.169 
 {acc} cls : 90.62
[61/180 iteration of epoch 14/50] 
 {loss} cls : 0.168, total : 0.168 
 {acc} cls : 92.19
[91/180 iteration of epoch 14/50] 
 {loss} cls : 0.351, total : 0.351 
 {acc} cls : 89.06
[121/180 iteration of epoch 14/50] 
 {loss} cls : 0.172, total : 0.172 
 {acc} cls : 95.31
[151/180 iteration of epoch 14/50] 
 {loss} cls : 0.228, total : 0.228 
 {acc} cls : 89.06
------------------------------
<Losses on train> cls : 0.186, total : 0.186
<Accuracies on train> cls : 92.60
Train epoch time: 75.624
------------------------------
<Accuracies on val> class : 79.38
------------------------------
<Accuracies on test> class : 77.56
------------------------------
Total epoch time: 82.301

New epoch - lr: 0.001
[1/180 iteration of epoch 15/50] 
 {loss} cls : 0.270, total : 0.270 
 {acc} cls : 92.19
[31/180 iteration of epoch 15/50] 
 {loss} cls : 0.233, total : 0.233 
 {acc} cls : 87.50
[61/180 iteration of epoch 15/50] 
 {loss} cls : 0.269, total : 0.269 
 {acc} cls : 90.62
[91/180 iteration of epoch 15/50] 
 {loss} cls : 0.301, total : 0.301 
 {acc} cls : 92.19
[121/180 iteration of epoch 15/50] 
 {loss} cls : 0.214, total : 0.214 
 {acc} cls : 92.19
[151/180 iteration of epoch 15/50] 
 {loss} cls : 0.146, total : 0.146 
 {acc} cls : 93.75
------------------------------
<Losses on train> cls : 0.183, total : 0.183
<Accuracies on train> cls : 92.79
Train epoch time: 77.236
------------------------------
<Accuracies on val> class : 78.57
------------------------------
<Accuracies on test> class : 74.23
------------------------------
Total epoch time: 83.868

New epoch - lr: 0.001
[1/180 iteration of epoch 16/50] 
 {loss} cls : 0.230, total : 0.230 
 {acc} cls : 90.62
[31/180 iteration of epoch 16/50] 
 {loss} cls : 0.105, total : 0.105 
 {acc} cls : 95.31
[61/180 iteration of epoch 16/50] 
 {loss} cls : 0.249, total : 0.249 
 {acc} cls : 89.06
[91/180 iteration of epoch 16/50] 
 {loss} cls : 0.208, total : 0.208 
 {acc} cls : 93.75
[121/180 iteration of epoch 16/50] 
 {loss} cls : 0.255, total : 0.255 
 {acc} cls : 90.62
[151/180 iteration of epoch 16/50] 
 {loss} cls : 0.269, total : 0.269 
 {acc} cls : 85.94
------------------------------
<Losses on train> cls : 0.185, total : 0.185
<Accuracies on train> cls : 92.69
Train epoch time: 77.475
------------------------------
<Accuracies on val> class : 81.01
------------------------------
<Accuracies on test> class : 77.82
------------------------------
Total epoch time: 84.104

New epoch - lr: 0.001
[1/180 iteration of epoch 17/50] 
 {loss} cls : 0.208, total : 0.208 
 {acc} cls : 90.62
[31/180 iteration of epoch 17/50] 
 {loss} cls : 0.109, total : 0.109 
 {acc} cls : 98.44
[61/180 iteration of epoch 17/50] 
 {loss} cls : 0.223, total : 0.223 
 {acc} cls : 92.19
[91/180 iteration of epoch 17/50] 
 {loss} cls : 0.327, total : 0.327 
 {acc} cls : 87.50
[121/180 iteration of epoch 17/50] 
 {loss} cls : 0.141, total : 0.141 
 {acc} cls : 92.19
[151/180 iteration of epoch 17/50] 
 {loss} cls : 0.091, total : 0.091 
 {acc} cls : 96.88
------------------------------
<Losses on train> cls : 0.182, total : 0.182
<Accuracies on train> cls : 92.81
Train epoch time: 75.368
------------------------------
<Accuracies on val> class : 82.14
------------------------------
<Accuracies on test> class : 78.33
------------------------------
Total epoch time: 81.981

New epoch - lr: 0.001
[1/180 iteration of epoch 18/50] 
 {loss} cls : 0.172, total : 0.172 
 {acc} cls : 92.19
[31/180 iteration of epoch 18/50] 
 {loss} cls : 0.181, total : 0.181 
 {acc} cls : 92.19
[61/180 iteration of epoch 18/50] 
 {loss} cls : 0.251, total : 0.251 
 {acc} cls : 90.62
[91/180 iteration of epoch 18/50] 
 {loss} cls : 0.097, total : 0.097 
 {acc} cls : 96.88
[121/180 iteration of epoch 18/50] 
 {loss} cls : 0.195, total : 0.195 
 {acc} cls : 90.62
[151/180 iteration of epoch 18/50] 
 {loss} cls : 0.119, total : 0.119 
 {acc} cls : 95.31
------------------------------
<Losses on train> cls : 0.182, total : 0.182
<Accuracies on train> cls : 92.64
Train epoch time: 76.883
------------------------------
<Accuracies on val> class : 82.79
------------------------------
<Accuracies on test> class : 77.35
------------------------------
Total epoch time: 83.594

New epoch - lr: 0.001
[1/180 iteration of epoch 19/50] 
 {loss} cls : 0.196, total : 0.196 
 {acc} cls : 90.62
[31/180 iteration of epoch 19/50] 
 {loss} cls : 0.155, total : 0.155 
 {acc} cls : 95.31
[61/180 iteration of epoch 19/50] 
 {loss} cls : 0.227, total : 0.227 
 {acc} cls : 90.62
[91/180 iteration of epoch 19/50] 
 {loss} cls : 0.224, total : 0.224 
 {acc} cls : 93.75
[121/180 iteration of epoch 19/50] 
 {loss} cls : 0.183, total : 0.183 
 {acc} cls : 92.19
[151/180 iteration of epoch 19/50] 
 {loss} cls : 0.150, total : 0.150 
 {acc} cls : 92.19
------------------------------
<Losses on train> cls : 0.178, total : 0.178
<Accuracies on train> cls : 93.01
Train epoch time: 77.187
------------------------------
<Accuracies on val> class : 82.31
------------------------------
<Accuracies on test> class : 78.58
------------------------------
Total epoch time: 83.970

New epoch - lr: 0.001
[1/180 iteration of epoch 20/50] 
 {loss} cls : 0.435, total : 0.435 
 {acc} cls : 76.56
[31/180 iteration of epoch 20/50] 
 {loss} cls : 0.108, total : 0.108 
 {acc} cls : 98.44
[61/180 iteration of epoch 20/50] 
 {loss} cls : 0.227, total : 0.227 
 {acc} cls : 90.62
[91/180 iteration of epoch 20/50] 
 {loss} cls : 0.273, total : 0.273 
 {acc} cls : 89.06
[121/180 iteration of epoch 20/50] 
 {loss} cls : 0.234, total : 0.234 
 {acc} cls : 89.06
[151/180 iteration of epoch 20/50] 
 {loss} cls : 0.130, total : 0.130 
 {acc} cls : 95.31
------------------------------
<Losses on train> cls : 0.176, total : 0.176
<Accuracies on train> cls : 93.08
Train epoch time: 76.045
------------------------------
<Accuracies on val> class : 82.79
------------------------------
<Accuracies on test> class : 79.65
------------------------------
Total epoch time: 82.660

New epoch - lr: 0.001
[1/180 iteration of epoch 21/50] 
 {loss} cls : 0.181, total : 0.181 
 {acc} cls : 90.62
[31/180 iteration of epoch 21/50] 
 {loss} cls : 0.067, total : 0.067 
 {acc} cls : 95.31
[61/180 iteration of epoch 21/50] 
 {loss} cls : 0.167, total : 0.167 
 {acc} cls : 93.75
[91/180 iteration of epoch 21/50] 
 {loss} cls : 0.280, total : 0.280 
 {acc} cls : 89.06
[121/180 iteration of epoch 21/50] 
 {loss} cls : 0.133, total : 0.133 
 {acc} cls : 93.75
[151/180 iteration of epoch 21/50] 
 {loss} cls : 0.222, total : 0.222 
 {acc} cls : 87.50
------------------------------
<Losses on train> cls : 0.177, total : 0.177
<Accuracies on train> cls : 93.10
Train epoch time: 76.767
------------------------------
<Accuracies on val> class : 82.14
------------------------------
<Accuracies on test> class : 79.56
------------------------------
Total epoch time: 83.433

New epoch - lr: 0.001
[1/180 iteration of epoch 22/50] 
 {loss} cls : 0.195, total : 0.195 
 {acc} cls : 90.62
[31/180 iteration of epoch 22/50] 
 {loss} cls : 0.184, total : 0.184 
 {acc} cls : 92.19
[61/180 iteration of epoch 22/50] 
 {loss} cls : 0.181, total : 0.181 
 {acc} cls : 95.31
[91/180 iteration of epoch 22/50] 
 {loss} cls : 0.261, total : 0.261 
 {acc} cls : 92.19
[121/180 iteration of epoch 22/50] 
 {loss} cls : 0.306, total : 0.306 
 {acc} cls : 87.50
[151/180 iteration of epoch 22/50] 
 {loss} cls : 0.120, total : 0.120 
 {acc} cls : 95.31
------------------------------
<Losses on train> cls : 0.176, total : 0.176
<Accuracies on train> cls : 93.06
Train epoch time: 88.516
------------------------------
<Accuracies on val> class : 83.77
------------------------------
<Accuracies on test> class : 81.10
------------------------------
Total epoch time: 95.204

New epoch - lr: 0.001
[1/180 iteration of epoch 23/50] 
 {loss} cls : 0.138, total : 0.138 
 {acc} cls : 93.75
[31/180 iteration of epoch 23/50] 
 {loss} cls : 0.148, total : 0.148 
 {acc} cls : 93.75
[61/180 iteration of epoch 23/50] 
 {loss} cls : 0.104, total : 0.104 
 {acc} cls : 95.31
[91/180 iteration of epoch 23/50] 
 {loss} cls : 0.117, total : 0.117 
 {acc} cls : 93.75
[121/180 iteration of epoch 23/50] 
 {loss} cls : 0.164, total : 0.164 
 {acc} cls : 93.75
[151/180 iteration of epoch 23/50] 
 {loss} cls : 0.176, total : 0.176 
 {acc} cls : 92.19
------------------------------
<Losses on train> cls : 0.175, total : 0.175
<Accuracies on train> cls : 93.08
Train epoch time: 78.011
------------------------------
<Accuracies on val> class : 83.77
------------------------------
<Accuracies on test> class : 81.06
------------------------------
Total epoch time: 84.895

New epoch - lr: 0.001
[1/180 iteration of epoch 24/50] 
 {loss} cls : 0.126, total : 0.126 
 {acc} cls : 95.31
[31/180 iteration of epoch 24/50] 
 {loss} cls : 0.246, total : 0.246 
 {acc} cls : 87.50
[61/180 iteration of epoch 24/50] 
 {loss} cls : 0.191, total : 0.191 
 {acc} cls : 92.19
[91/180 iteration of epoch 24/50] 
 {loss} cls : 0.188, total : 0.188 
 {acc} cls : 90.62
[121/180 iteration of epoch 24/50] 
 {loss} cls : 0.122, total : 0.122 
 {acc} cls : 96.88
[151/180 iteration of epoch 24/50] 
 {loss} cls : 0.120, total : 0.120 
 {acc} cls : 96.88
------------------------------
<Losses on train> cls : 0.175, total : 0.175
<Accuracies on train> cls : 93.01
Train epoch time: 77.140
------------------------------
<Accuracies on val> class : 83.77
------------------------------
<Accuracies on test> class : 80.67
------------------------------
Total epoch time: 83.854

New epoch - lr: 0.001
[1/180 iteration of epoch 25/50] 
 {loss} cls : 0.112, total : 0.112 
 {acc} cls : 96.88
[31/180 iteration of epoch 25/50] 
 {loss} cls : 0.169, total : 0.169 
 {acc} cls : 95.31
[61/180 iteration of epoch 25/50] 
 {loss} cls : 0.193, total : 0.193 
 {acc} cls : 92.19
[91/180 iteration of epoch 25/50] 
 {loss} cls : 0.334, total : 0.334 
 {acc} cls : 90.62
[121/180 iteration of epoch 25/50] 
 {loss} cls : 0.254, total : 0.254 
 {acc} cls : 90.62
[151/180 iteration of epoch 25/50] 
 {loss} cls : 0.133, total : 0.133 
 {acc} cls : 93.75
------------------------------
<Losses on train> cls : 0.171, total : 0.171
<Accuracies on train> cls : 93.26
Train epoch time: 77.488
------------------------------
<Accuracies on val> class : 82.79
------------------------------
<Accuracies on test> class : 78.63
------------------------------
Total epoch time: 84.223

New epoch - lr: 0.001
[1/180 iteration of epoch 26/50] 
 {loss} cls : 0.280, total : 0.280 
 {acc} cls : 87.50
[31/180 iteration of epoch 26/50] 
 {loss} cls : 0.126, total : 0.126 
 {acc} cls : 93.75
[61/180 iteration of epoch 26/50] 
 {loss} cls : 0.160, total : 0.160 
 {acc} cls : 92.19
[91/180 iteration of epoch 26/50] 
 {loss} cls : 0.205, total : 0.205 
 {acc} cls : 90.62
[121/180 iteration of epoch 26/50] 
 {loss} cls : 0.227, total : 0.227 
 {acc} cls : 92.19
[151/180 iteration of epoch 26/50] 
 {loss} cls : 0.129, total : 0.129 
 {acc} cls : 95.31
------------------------------
<Losses on train> cls : 0.170, total : 0.170
<Accuracies on train> cls : 93.25
Train epoch time: 76.236
------------------------------
<Accuracies on val> class : 82.63
------------------------------
<Accuracies on test> class : 78.20
------------------------------
Total epoch time: 82.826

New epoch - lr: 0.001
[1/180 iteration of epoch 27/50] 
 {loss} cls : 0.205, total : 0.205 
 {acc} cls : 90.62
[31/180 iteration of epoch 27/50] 
 {loss} cls : 0.067, total : 0.067 
 {acc} cls : 96.88
[61/180 iteration of epoch 27/50] 
 {loss} cls : 0.125, total : 0.125 
 {acc} cls : 95.31
[91/180 iteration of epoch 27/50] 
 {loss} cls : 0.182, total : 0.182 
 {acc} cls : 93.75
[121/180 iteration of epoch 27/50] 
 {loss} cls : 0.293, total : 0.293 
 {acc} cls : 87.50
[151/180 iteration of epoch 27/50] 
 {loss} cls : 0.291, total : 0.291 
 {acc} cls : 89.06
------------------------------
<Losses on train> cls : 0.169, total : 0.169
<Accuracies on train> cls : 93.36
Train epoch time: 76.334
------------------------------
<Accuracies on val> class : 84.58
------------------------------
<Accuracies on test> class : 77.47
------------------------------
Total epoch time: 83.547

New epoch - lr: 0.001
[1/180 iteration of epoch 28/50] 
 {loss} cls : 0.247, total : 0.247 
 {acc} cls : 89.06
[31/180 iteration of epoch 28/50] 
 {loss} cls : 0.115, total : 0.115 
 {acc} cls : 95.31
[61/180 iteration of epoch 28/50] 
 {loss} cls : 0.222, total : 0.222 
 {acc} cls : 90.62
[91/180 iteration of epoch 28/50] 
 {loss} cls : 0.229, total : 0.229 
 {acc} cls : 89.06
[121/180 iteration of epoch 28/50] 
 {loss} cls : 0.114, total : 0.114 
 {acc} cls : 96.88
[151/180 iteration of epoch 28/50] 
 {loss} cls : 0.174, total : 0.174 
 {acc} cls : 92.19
------------------------------
<Losses on train> cls : 0.171, total : 0.171
<Accuracies on train> cls : 93.29
Train epoch time: 75.914
------------------------------
<Accuracies on val> class : 82.31
------------------------------
<Accuracies on test> class : 78.33
------------------------------
Total epoch time: 82.305

New epoch - lr: 0.001
[1/180 iteration of epoch 29/50] 
 {loss} cls : 0.080, total : 0.080 
 {acc} cls : 98.44
[31/180 iteration of epoch 29/50] 
 {loss} cls : 0.137, total : 0.137 
 {acc} cls : 95.31
[61/180 iteration of epoch 29/50] 
 {loss} cls : 0.129, total : 0.129 
 {acc} cls : 93.75
[91/180 iteration of epoch 29/50] 
 {loss} cls : 0.080, total : 0.080 
 {acc} cls : 96.88
[121/180 iteration of epoch 29/50] 
 {loss} cls : 0.262, total : 0.262 
 {acc} cls : 90.62
[151/180 iteration of epoch 29/50] 
 {loss} cls : 0.200, total : 0.200 
 {acc} cls : 92.19
------------------------------
<Losses on train> cls : 0.169, total : 0.169
<Accuracies on train> cls : 93.21
Train epoch time: 76.444
------------------------------
<Accuracies on val> class : 83.93
------------------------------
<Accuracies on test> class : 79.48
------------------------------
Total epoch time: 82.721

New epoch - lr: 0.001
[1/180 iteration of epoch 30/50] 
 {loss} cls : 0.231, total : 0.231 
 {acc} cls : 90.62
[31/180 iteration of epoch 30/50] 
 {loss} cls : 0.135, total : 0.135 
 {acc} cls : 93.75
[61/180 iteration of epoch 30/50] 
 {loss} cls : 0.158, total : 0.158 
 {acc} cls : 95.31
[91/180 iteration of epoch 30/50] 
 {loss} cls : 0.145, total : 0.145 
 {acc} cls : 93.75
[121/180 iteration of epoch 30/50] 
 {loss} cls : 0.254, total : 0.254 
 {acc} cls : 90.62
[151/180 iteration of epoch 30/50] 
 {loss} cls : 0.164, total : 0.164 
 {acc} cls : 93.75
------------------------------
<Losses on train> cls : 0.171, total : 0.171
<Accuracies on train> cls : 93.13
Train epoch time: 76.591
------------------------------
<Accuracies on val> class : 84.25
------------------------------
<Accuracies on test> class : 80.03
------------------------------
Total epoch time: 82.630

New epoch - lr: 0.001
[1/180 iteration of epoch 31/50] 
 {loss} cls : 0.057, total : 0.057 
 {acc} cls : 96.88
[31/180 iteration of epoch 31/50] 
 {loss} cls : 0.190, total : 0.190 
 {acc} cls : 93.75
[61/180 iteration of epoch 31/50] 
 {loss} cls : 0.142, total : 0.142 
 {acc} cls : 93.75
[91/180 iteration of epoch 31/50] 
 {loss} cls : 0.190, total : 0.190 
 {acc} cls : 93.75
[121/180 iteration of epoch 31/50] 
 {loss} cls : 0.154, total : 0.154 
 {acc} cls : 92.19
[151/180 iteration of epoch 31/50] 
 {loss} cls : 0.129, total : 0.129 
 {acc} cls : 95.31
------------------------------
<Losses on train> cls : 0.167, total : 0.167
<Accuracies on train> cls : 93.38
Train epoch time: 76.768
------------------------------
<Accuracies on val> class : 83.12
------------------------------
<Accuracies on test> class : 79.27
------------------------------
Total epoch time: 83.268

New epoch - lr: 0.001
[1/180 iteration of epoch 32/50] 
 {loss} cls : 0.168, total : 0.168 
 {acc} cls : 93.75
[31/180 iteration of epoch 32/50] 
 {loss} cls : 0.108, total : 0.108 
 {acc} cls : 93.75
[61/180 iteration of epoch 32/50] 
 {loss} cls : 0.123, total : 0.123 
 {acc} cls : 93.75
[91/180 iteration of epoch 32/50] 
 {loss} cls : 0.100, total : 0.100 
 {acc} cls : 96.88
[121/180 iteration of epoch 32/50] 
 {loss} cls : 0.182, total : 0.182 
 {acc} cls : 90.62
[151/180 iteration of epoch 32/50] 
 {loss} cls : 0.283, total : 0.283 
 {acc} cls : 90.62
------------------------------
<Losses on train> cls : 0.169, total : 0.169
<Accuracies on train> cls : 93.34
Train epoch time: 75.984
------------------------------
<Accuracies on val> class : 84.25
------------------------------
<Accuracies on test> class : 81.57
------------------------------
Total epoch time: 82.268

New epoch - lr: 0.001
[1/180 iteration of epoch 33/50] 
 {loss} cls : 0.158, total : 0.158 
 {acc} cls : 93.75
[31/180 iteration of epoch 33/50] 
 {loss} cls : 0.130, total : 0.130 
 {acc} cls : 95.31
[61/180 iteration of epoch 33/50] 
 {loss} cls : 0.216, total : 0.216 
 {acc} cls : 92.19
[91/180 iteration of epoch 33/50] 
 {loss} cls : 0.173, total : 0.173 
 {acc} cls : 96.88
[121/180 iteration of epoch 33/50] 
 {loss} cls : 0.206, total : 0.206 
 {acc} cls : 93.75
[151/180 iteration of epoch 33/50] 
 {loss} cls : 0.120, total : 0.120 
 {acc} cls : 92.19
------------------------------
<Losses on train> cls : 0.169, total : 0.169
<Accuracies on train> cls : 93.30
Train epoch time: 76.490
------------------------------
<Accuracies on val> class : 86.04
------------------------------
<Accuracies on test> class : 81.83
------------------------------
Total epoch time: 83.232

New epoch - lr: 0.001
[1/180 iteration of epoch 34/50] 
 {loss} cls : 0.239, total : 0.239 
 {acc} cls : 93.75
[31/180 iteration of epoch 34/50] 
 {loss} cls : 0.161, total : 0.161 
 {acc} cls : 93.75
[61/180 iteration of epoch 34/50] 
 {loss} cls : 0.131, total : 0.131 
 {acc} cls : 96.88
[91/180 iteration of epoch 34/50] 
 {loss} cls : 0.107, total : 0.107 
 {acc} cls : 95.31
[121/180 iteration of epoch 34/50] 
 {loss} cls : 0.105, total : 0.105 
 {acc} cls : 93.75
[151/180 iteration of epoch 34/50] 
 {loss} cls : 0.047, total : 0.047 
 {acc} cls : 98.44
------------------------------
<Losses on train> cls : 0.165, total : 0.165
<Accuracies on train> cls : 93.45
Train epoch time: 75.967
------------------------------
<Accuracies on val> class : 84.74
------------------------------
<Accuracies on test> class : 78.80
------------------------------
Total epoch time: 82.249

New epoch - lr: 0.001
[1/180 iteration of epoch 35/50] 
 {loss} cls : 0.146, total : 0.146 
 {acc} cls : 93.75
[31/180 iteration of epoch 35/50] 
 {loss} cls : 0.171, total : 0.171 
 {acc} cls : 93.75
[61/180 iteration of epoch 35/50] 
 {loss} cls : 0.213, total : 0.213 
 {acc} cls : 90.62
[91/180 iteration of epoch 35/50] 
 {loss} cls : 0.175, total : 0.175 
 {acc} cls : 95.31
[121/180 iteration of epoch 35/50] 
 {loss} cls : 0.167, total : 0.167 
 {acc} cls : 90.62
[151/180 iteration of epoch 35/50] 
 {loss} cls : 0.135, total : 0.135 
 {acc} cls : 98.44
------------------------------
<Losses on train> cls : 0.165, total : 0.165
<Accuracies on train> cls : 93.45
Train epoch time: 75.394
------------------------------
<Accuracies on val> class : 82.95
------------------------------
<Accuracies on test> class : 79.86
------------------------------
Total epoch time: 81.647

New epoch - lr: 0.001
[1/180 iteration of epoch 36/50] 
 {loss} cls : 0.057, total : 0.057 
 {acc} cls : 98.44
[31/180 iteration of epoch 36/50] 
 {loss} cls : 0.159, total : 0.159 
 {acc} cls : 93.75
[61/180 iteration of epoch 36/50] 
 {loss} cls : 0.214, total : 0.214 
 {acc} cls : 90.62
[91/180 iteration of epoch 36/50] 
 {loss} cls : 0.313, total : 0.313 
 {acc} cls : 90.62
[121/180 iteration of epoch 36/50] 
 {loss} cls : 0.070, total : 0.070 
 {acc} cls : 98.44
[151/180 iteration of epoch 36/50] 
 {loss} cls : 0.185, total : 0.185 
 {acc} cls : 93.75
------------------------------
<Losses on train> cls : 0.167, total : 0.167
<Accuracies on train> cls : 93.27
Train epoch time: 77.830
------------------------------
<Accuracies on val> class : 84.90
------------------------------
<Accuracies on test> class : 78.75
------------------------------
Total epoch time: 84.129

New epoch - lr: 0.001
[1/180 iteration of epoch 37/50] 
 {loss} cls : 0.244, total : 0.244 
 {acc} cls : 90.62
[31/180 iteration of epoch 37/50] 
 {loss} cls : 0.275, total : 0.275 
 {acc} cls : 93.75
[61/180 iteration of epoch 37/50] 
 {loss} cls : 0.160, total : 0.160 
 {acc} cls : 92.19
[91/180 iteration of epoch 37/50] 
 {loss} cls : 0.095, total : 0.095 
 {acc} cls : 95.31
[121/180 iteration of epoch 37/50] 
 {loss} cls : 0.101, total : 0.101 
 {acc} cls : 95.31
[151/180 iteration of epoch 37/50] 
 {loss} cls : 0.150, total : 0.150 
 {acc} cls : 93.75
------------------------------
<Losses on train> cls : 0.167, total : 0.167
<Accuracies on train> cls : 93.30
Train epoch time: 77.220
------------------------------
<Accuracies on val> class : 84.42
------------------------------
<Accuracies on test> class : 77.69
------------------------------
Total epoch time: 83.526

New epoch - lr: 0.001
[1/180 iteration of epoch 38/50] 
 {loss} cls : 0.225, total : 0.225 
 {acc} cls : 92.19
[31/180 iteration of epoch 38/50] 
 {loss} cls : 0.100, total : 0.100 
 {acc} cls : 98.44
[61/180 iteration of epoch 38/50] 
 {loss} cls : 0.151, total : 0.151 
 {acc} cls : 93.75
[91/180 iteration of epoch 38/50] 
 {loss} cls : 0.176, total : 0.176 
 {acc} cls : 92.19
[121/180 iteration of epoch 38/50] 
 {loss} cls : 0.109, total : 0.109 
 {acc} cls : 96.88
[151/180 iteration of epoch 38/50] 
 {loss} cls : 0.216, total : 0.216 
 {acc} cls : 92.19
------------------------------
<Losses on train> cls : 0.167, total : 0.167
<Accuracies on train> cls : 93.22
Train epoch time: 75.687
------------------------------
<Accuracies on val> class : 82.63
------------------------------
<Accuracies on test> class : 76.83
------------------------------
Total epoch time: 82.051

New epoch - lr: 0.001
[1/180 iteration of epoch 39/50] 
 {loss} cls : 0.185, total : 0.185 
 {acc} cls : 92.19
[31/180 iteration of epoch 39/50] 
 {loss} cls : 0.168, total : 0.168 
 {acc} cls : 93.75
[61/180 iteration of epoch 39/50] 
 {loss} cls : 0.209, total : 0.209 
 {acc} cls : 90.62
[91/180 iteration of epoch 39/50] 
 {loss} cls : 0.149, total : 0.149 
 {acc} cls : 95.31
[121/180 iteration of epoch 39/50] 
 {loss} cls : 0.323, total : 0.323 
 {acc} cls : 87.50
[151/180 iteration of epoch 39/50] 
 {loss} cls : 0.168, total : 0.168 
 {acc} cls : 92.19
------------------------------
<Losses on train> cls : 0.166, total : 0.166
<Accuracies on train> cls : 93.44
Train epoch time: 77.078
------------------------------
<Accuracies on val> class : 80.52
------------------------------
<Accuracies on test> class : 76.96
------------------------------
Total epoch time: 83.463

New epoch - lr: 0.0001
[1/180 iteration of epoch 40/50] 
 {loss} cls : 0.136, total : 0.136 
 {acc} cls : 95.31
[31/180 iteration of epoch 40/50] 
 {loss} cls : 0.193, total : 0.193 
 {acc} cls : 93.75
[61/180 iteration of epoch 40/50] 
 {loss} cls : 0.142, total : 0.142 
 {acc} cls : 95.31
[91/180 iteration of epoch 40/50] 
 {loss} cls : 0.157, total : 0.157 
 {acc} cls : 93.75
[121/180 iteration of epoch 40/50] 
 {loss} cls : 0.119, total : 0.119 
 {acc} cls : 95.31
[151/180 iteration of epoch 40/50] 
 {loss} cls : 0.206, total : 0.206 
 {acc} cls : 90.62
------------------------------
<Losses on train> cls : 0.163, total : 0.163
<Accuracies on train> cls : 93.60
Train epoch time: 76.417
------------------------------
<Accuracies on val> class : 81.66
------------------------------
<Accuracies on test> class : 77.69
------------------------------
Total epoch time: 82.642

New epoch - lr: 0.0001
[1/180 iteration of epoch 41/50] 
 {loss} cls : 0.265, total : 0.265 
 {acc} cls : 89.06
[31/180 iteration of epoch 41/50] 
 {loss} cls : 0.084, total : 0.084 
 {acc} cls : 95.31
[61/180 iteration of epoch 41/50] 
 {loss} cls : 0.118, total : 0.118 
 {acc} cls : 93.75
[91/180 iteration of epoch 41/50] 
 {loss} cls : 0.144, total : 0.144 
 {acc} cls : 93.75
[121/180 iteration of epoch 41/50] 
 {loss} cls : 0.139, total : 0.139 
 {acc} cls : 95.31
[151/180 iteration of epoch 41/50] 
 {loss} cls : 0.304, total : 0.304 
 {acc} cls : 85.94
------------------------------
<Losses on train> cls : 0.162, total : 0.162
<Accuracies on train> cls : 93.53
Train epoch time: 76.712
------------------------------
<Accuracies on val> class : 82.14
------------------------------
<Accuracies on test> class : 77.56
------------------------------
Total epoch time: 83.211

New epoch - lr: 0.0001
[1/180 iteration of epoch 42/50] 
 {loss} cls : 0.300, total : 0.300 
 {acc} cls : 87.50
[31/180 iteration of epoch 42/50] 
 {loss} cls : 0.100, total : 0.100 
 {acc} cls : 96.88
[61/180 iteration of epoch 42/50] 
 {loss} cls : 0.256, total : 0.256 
 {acc} cls : 90.62
[91/180 iteration of epoch 42/50] 
 {loss} cls : 0.197, total : 0.197 
 {acc} cls : 93.75
[121/180 iteration of epoch 42/50] 
 {loss} cls : 0.155, total : 0.155 
 {acc} cls : 90.62
[151/180 iteration of epoch 42/50] 
 {loss} cls : 0.146, total : 0.146 
 {acc} cls : 95.31
------------------------------
<Losses on train> cls : 0.160, total : 0.160
<Accuracies on train> cls : 93.60
Train epoch time: 77.512
------------------------------
<Accuracies on val> class : 82.79
------------------------------
<Accuracies on test> class : 78.71
------------------------------
Total epoch time: 83.795

New epoch - lr: 0.0001
[1/180 iteration of epoch 43/50] 
 {loss} cls : 0.170, total : 0.170 
 {acc} cls : 95.31
[31/180 iteration of epoch 43/50] 
 {loss} cls : 0.163, total : 0.163 
 {acc} cls : 92.19
[61/180 iteration of epoch 43/50] 
 {loss} cls : 0.238, total : 0.238 
 {acc} cls : 89.06
[91/180 iteration of epoch 43/50] 
 {loss} cls : 0.152, total : 0.152 
 {acc} cls : 95.31
[121/180 iteration of epoch 43/50] 
 {loss} cls : 0.347, total : 0.347 
 {acc} cls : 85.94
[151/180 iteration of epoch 43/50] 
 {loss} cls : 0.139, total : 0.139 
 {acc} cls : 96.88
------------------------------
<Losses on train> cls : 0.162, total : 0.162
<Accuracies on train> cls : 93.52
Train epoch time: 77.049
------------------------------
<Accuracies on val> class : 82.95
------------------------------
<Accuracies on test> class : 78.71
------------------------------
Total epoch time: 83.279

New epoch - lr: 0.0001
[1/180 iteration of epoch 44/50] 
 {loss} cls : 0.102, total : 0.102 
 {acc} cls : 96.88
[31/180 iteration of epoch 44/50] 
 {loss} cls : 0.114, total : 0.114 
 {acc} cls : 93.75
[61/180 iteration of epoch 44/50] 
 {loss} cls : 0.140, total : 0.140 
 {acc} cls : 95.31
[91/180 iteration of epoch 44/50] 
 {loss} cls : 0.203, total : 0.203 
 {acc} cls : 90.62
[121/180 iteration of epoch 44/50] 
 {loss} cls : 0.176, total : 0.176 
 {acc} cls : 93.75
[151/180 iteration of epoch 44/50] 
 {loss} cls : 0.176, total : 0.176 
 {acc} cls : 93.75
------------------------------
<Losses on train> cls : 0.158, total : 0.158
<Accuracies on train> cls : 93.62
Train epoch time: 77.108
------------------------------
<Accuracies on val> class : 82.14
------------------------------
<Accuracies on test> class : 77.86
------------------------------
Total epoch time: 83.574

New epoch - lr: 0.0001
[1/180 iteration of epoch 45/50] 
 {loss} cls : 0.134, total : 0.134 
 {acc} cls : 93.75
[31/180 iteration of epoch 45/50] 
 {loss} cls : 0.168, total : 0.168 
 {acc} cls : 96.88
[61/180 iteration of epoch 45/50] 
 {loss} cls : 0.184, total : 0.184 
 {acc} cls : 92.19
[91/180 iteration of epoch 45/50] 
 {loss} cls : 0.230, total : 0.230 
 {acc} cls : 87.50
[121/180 iteration of epoch 45/50] 
 {loss} cls : 0.184, total : 0.184 
 {acc} cls : 92.19
[151/180 iteration of epoch 45/50] 
 {loss} cls : 0.099, total : 0.099 
 {acc} cls : 96.88
------------------------------
<Losses on train> cls : 0.160, total : 0.160
<Accuracies on train> cls : 93.69
Train epoch time: 76.985
------------------------------
<Accuracies on val> class : 81.98
------------------------------
<Accuracies on test> class : 77.77
------------------------------
Total epoch time: 83.439

New epoch - lr: 0.0001
[1/180 iteration of epoch 46/50] 
 {loss} cls : 0.134, total : 0.134 
 {acc} cls : 93.75
[31/180 iteration of epoch 46/50] 
 {loss} cls : 0.180, total : 0.180 
 {acc} cls : 90.62
[61/180 iteration of epoch 46/50] 
 {loss} cls : 0.214, total : 0.214 
 {acc} cls : 92.19
[91/180 iteration of epoch 46/50] 
 {loss} cls : 0.194, total : 0.194 
 {acc} cls : 92.19
[121/180 iteration of epoch 46/50] 
 {loss} cls : 0.145, total : 0.145 
 {acc} cls : 93.75
[151/180 iteration of epoch 46/50] 
 {loss} cls : 0.131, total : 0.131 
 {acc} cls : 95.31
------------------------------
<Losses on train> cls : 0.159, total : 0.159
<Accuracies on train> cls : 93.58
Train epoch time: 76.110
------------------------------
<Accuracies on val> class : 82.47
------------------------------
<Accuracies on test> class : 78.54
------------------------------
Total epoch time: 82.565

New epoch - lr: 0.0001
[1/180 iteration of epoch 47/50] 
 {loss} cls : 0.134, total : 0.134 
 {acc} cls : 95.31
[31/180 iteration of epoch 47/50] 
 {loss} cls : 0.134, total : 0.134 
 {acc} cls : 93.75
[61/180 iteration of epoch 47/50] 
 {loss} cls : 0.166, total : 0.166 
 {acc} cls : 92.19
[91/180 iteration of epoch 47/50] 
 {loss} cls : 0.147, total : 0.147 
 {acc} cls : 96.88
[121/180 iteration of epoch 47/50] 
 {loss} cls : 0.314, total : 0.314 
 {acc} cls : 90.62
[151/180 iteration of epoch 47/50] 
 {loss} cls : 0.169, total : 0.169 
 {acc} cls : 92.19
------------------------------
<Losses on train> cls : 0.159, total : 0.159
<Accuracies on train> cls : 93.70
Train epoch time: 76.678
------------------------------
<Accuracies on val> class : 82.63
------------------------------
<Accuracies on test> class : 78.50
------------------------------
Total epoch time: 82.832

New epoch - lr: 0.0001
[1/180 iteration of epoch 48/50] 
 {loss} cls : 0.251, total : 0.251 
 {acc} cls : 89.06
[31/180 iteration of epoch 48/50] 
 {loss} cls : 0.151, total : 0.151 
 {acc} cls : 93.75
[61/180 iteration of epoch 48/50] 
 {loss} cls : 0.151, total : 0.151 
 {acc} cls : 95.31
[91/180 iteration of epoch 48/50] 
 {loss} cls : 0.143, total : 0.143 
 {acc} cls : 95.31
[121/180 iteration of epoch 48/50] 
 {loss} cls : 0.092, total : 0.092 
 {acc} cls : 96.88
[151/180 iteration of epoch 48/50] 
 {loss} cls : 0.082, total : 0.082 
 {acc} cls : 98.44
------------------------------
<Losses on train> cls : 0.157, total : 0.157
<Accuracies on train> cls : 93.63
Train epoch time: 76.600
------------------------------
<Accuracies on val> class : 82.95
------------------------------
<Accuracies on test> class : 79.14
------------------------------
Total epoch time: 82.885

New epoch - lr: 0.0001
[1/180 iteration of epoch 49/50] 
 {loss} cls : 0.194, total : 0.194 
 {acc} cls : 92.19
[31/180 iteration of epoch 49/50] 
 {loss} cls : 0.111, total : 0.111 
 {acc} cls : 95.31
[61/180 iteration of epoch 49/50] 
 {loss} cls : 0.149, total : 0.149 
 {acc} cls : 95.31
[91/180 iteration of epoch 49/50] 
 {loss} cls : 0.167, total : 0.167 
 {acc} cls : 95.31
[121/180 iteration of epoch 49/50] 
 {loss} cls : 0.351, total : 0.351 
 {acc} cls : 84.38
[151/180 iteration of epoch 49/50] 
 {loss} cls : 0.091, total : 0.091 
 {acc} cls : 96.88
------------------------------
<Losses on train> cls : 0.161, total : 0.161
<Accuracies on train> cls : 93.69
Train epoch time: 77.483
------------------------------
<Accuracies on val> class : 81.98
------------------------------
<Accuracies on test> class : 77.35
------------------------------
Total epoch time: 83.723

New epoch - lr: 0.0001
[1/180 iteration of epoch 50/50] 
 {loss} cls : 0.227, total : 0.227 
 {acc} cls : 92.19
[31/180 iteration of epoch 50/50] 
 {loss} cls : 0.146, total : 0.146 
 {acc} cls : 96.88
[61/180 iteration of epoch 50/50] 
 {loss} cls : 0.231, total : 0.231 
 {acc} cls : 90.62
[91/180 iteration of epoch 50/50] 
 {loss} cls : 0.163, total : 0.163 
 {acc} cls : 95.31
[121/180 iteration of epoch 50/50] 
 {loss} cls : 0.095, total : 0.095 
 {acc} cls : 96.88
[151/180 iteration of epoch 50/50] 
 {loss} cls : 0.176, total : 0.176 
 {acc} cls : 92.19
------------------------------
<Losses on train> cls : 0.159, total : 0.159
<Accuracies on train> cls : 93.73
Train epoch time: 76.739
------------------------------
<Accuracies on val> class : 82.47
------------------------------
<Accuracies on test> class : 78.37
------------------------------
Total epoch time: 83.084

******************************
Best val 0.86039, corresponding test 0.818259 - best test: 0.818259