
Loading experiment CelebA/ResNet18_step


New epoch - lr: 0.003
[1/78 iteration of epoch 1/30] 
 {loss} cls : 0.752, total : 0.752 
 {acc} cls : 49.22
[31/78 iteration of epoch 1/30] 
 {loss} cls : 0.228, total : 0.228 
 {acc} cls : 94.53
[61/78 iteration of epoch 1/30] 
 {loss} cls : 0.070, total : 0.070 
 {acc} cls : 98.44
------------------------------
<Losses on train> cls : 0.527, total : 0.527
<Accuracies on train> cls : 90.99
Train epoch time: 24.995
------------------------------
<Accuracies on val> class : 96.00
------------------------------
<Accuracies on test> class : 48.55
------------------------------
<Accuracies on flip> test class : 31.50
------------------------------
<Accuracies on random> test class : 65.60
------------------------------
Total epoch time: 33.747

New epoch - lr: 0.003
[1/78 iteration of epoch 2/30] 
 {loss} cls : 0.070, total : 0.070 
 {acc} cls : 96.88
[31/78 iteration of epoch 2/30] 
 {loss} cls : 0.035, total : 0.035 
 {acc} cls : 98.44
[61/78 iteration of epoch 2/30] 
 {loss} cls : 0.186, total : 0.186 
 {acc} cls : 94.53
------------------------------
<Losses on train> cls : 0.112, total : 0.112
<Accuracies on train> cls : 96.71
Train epoch time: 25.680
------------------------------
<Accuracies on val> class : 99.40
------------------------------
<Accuracies on test> class : 49.30
------------------------------
<Accuracies on flip> test class : 33.60
------------------------------
<Accuracies on random> test class : 65.00
------------------------------
Total epoch time: 34.535

New epoch - lr: 0.003
[1/78 iteration of epoch 3/30] 
 {loss} cls : 0.052, total : 0.052 
 {acc} cls : 98.44
[31/78 iteration of epoch 3/30] 
 {loss} cls : 0.006, total : 0.006 
 {acc} cls : 100.00
[61/78 iteration of epoch 3/30] 
 {loss} cls : 0.118, total : 0.118 
 {acc} cls : 96.09
------------------------------
<Losses on train> cls : 0.057, total : 0.057
<Accuracies on train> cls : 97.97
Train epoch time: 27.289
------------------------------
<Accuracies on val> class : 98.80
------------------------------
<Accuracies on test> class : 46.35
------------------------------
<Accuracies on flip> test class : 28.50
------------------------------
<Accuracies on random> test class : 64.20
------------------------------
Total epoch time: 35.607

New epoch - lr: 0.003
[1/78 iteration of epoch 4/30] 
 {loss} cls : 0.021, total : 0.021 
 {acc} cls : 99.22
[31/78 iteration of epoch 4/30] 
 {loss} cls : 0.039, total : 0.039 
 {acc} cls : 99.22
[61/78 iteration of epoch 4/30] 
 {loss} cls : 0.053, total : 0.053 
 {acc} cls : 97.66
------------------------------
<Losses on train> cls : 0.050, total : 0.050
<Accuracies on train> cls : 98.23
Train epoch time: 26.192
------------------------------
<Accuracies on val> class : 98.80
------------------------------
<Accuracies on test> class : 44.00
------------------------------
<Accuracies on flip> test class : 24.80
------------------------------
<Accuracies on random> test class : 63.20
------------------------------
Total epoch time: 34.870

New epoch - lr: 0.003
[1/78 iteration of epoch 5/30] 
 {loss} cls : 0.011, total : 0.011 
 {acc} cls : 99.22
[31/78 iteration of epoch 5/30] 
 {loss} cls : 0.011, total : 0.011 
 {acc} cls : 100.00
[61/78 iteration of epoch 5/30] 
 {loss} cls : 0.013, total : 0.013 
 {acc} cls : 99.22
------------------------------
<Losses on train> cls : 0.036, total : 0.036
<Accuracies on train> cls : 98.77
Train epoch time: 25.869
------------------------------
<Accuracies on val> class : 99.40
------------------------------
<Accuracies on test> class : 41.70
------------------------------
<Accuracies on flip> test class : 23.00
------------------------------
<Accuracies on random> test class : 60.40
------------------------------
Total epoch time: 34.983

New epoch - lr: 0.003
[1/78 iteration of epoch 6/30] 
 {loss} cls : 0.007, total : 0.007 
 {acc} cls : 100.00
[31/78 iteration of epoch 6/30] 
 {loss} cls : 0.092, total : 0.092 
 {acc} cls : 96.88
[61/78 iteration of epoch 6/30] 
 {loss} cls : 0.031, total : 0.031 
 {acc} cls : 99.22
------------------------------
<Losses on train> cls : 0.044, total : 0.044
<Accuracies on train> cls : 98.54
Train epoch time: 27.056
------------------------------
<Accuracies on val> class : 99.40
------------------------------
<Accuracies on test> class : 43.70
------------------------------
<Accuracies on flip> test class : 24.80
------------------------------
<Accuracies on random> test class : 62.60
------------------------------
Total epoch time: 35.805

New epoch - lr: 0.003
[1/78 iteration of epoch 7/30] 
 {loss} cls : 0.017, total : 0.017 
 {acc} cls : 99.22
[31/78 iteration of epoch 7/30] 
 {loss} cls : 0.010, total : 0.010 
 {acc} cls : 99.22
[61/78 iteration of epoch 7/30] 
 {loss} cls : 0.025, total : 0.025 
 {acc} cls : 99.22
------------------------------
<Losses on train> cls : 0.025, total : 0.025
<Accuracies on train> cls : 99.12
Train epoch time: 26.669
------------------------------
<Accuracies on val> class : 99.40
------------------------------
<Accuracies on test> class : 42.80
------------------------------
<Accuracies on flip> test class : 24.00
------------------------------
<Accuracies on random> test class : 61.60
------------------------------
Total epoch time: 36.005

New epoch - lr: 0.003
[1/78 iteration of epoch 8/30] 
 {loss} cls : 0.021, total : 0.021 
 {acc} cls : 99.22
[31/78 iteration of epoch 8/30] 
 {loss} cls : 0.008, total : 0.008 
 {acc} cls : 100.00
[61/78 iteration of epoch 8/30] 
 {loss} cls : 0.022, total : 0.022 
 {acc} cls : 99.22
------------------------------
<Losses on train> cls : 0.023, total : 0.023
<Accuracies on train> cls : 99.14
Train epoch time: 26.652
------------------------------
<Accuracies on val> class : 99.20
------------------------------
<Accuracies on test> class : 44.20
------------------------------
<Accuracies on flip> test class : 25.50
------------------------------
<Accuracies on random> test class : 62.90
------------------------------
Total epoch time: 35.268

New epoch - lr: 0.003
[1/78 iteration of epoch 9/30] 
 {loss} cls : 0.001, total : 0.001 
 {acc} cls : 100.00
[31/78 iteration of epoch 9/30] 
 {loss} cls : 0.056, total : 0.056 
 {acc} cls : 99.22
[61/78 iteration of epoch 9/30] 
 {loss} cls : 0.009, total : 0.009 
 {acc} cls : 99.22
------------------------------
<Losses on train> cls : 0.025, total : 0.025
<Accuracies on train> cls : 99.15
Train epoch time: 27.224
------------------------------
<Accuracies on val> class : 99.40
------------------------------
<Accuracies on test> class : 42.10
------------------------------
<Accuracies on flip> test class : 21.80
------------------------------
<Accuracies on random> test class : 62.40
------------------------------
Total epoch time: 35.849

New epoch - lr: 0.003
[1/78 iteration of epoch 10/30] 
 {loss} cls : 0.025, total : 0.025 
 {acc} cls : 98.44
[31/78 iteration of epoch 10/30] 
 {loss} cls : 0.005, total : 0.005 
 {acc} cls : 100.00
[61/78 iteration of epoch 10/30] 
 {loss} cls : 0.001, total : 0.001 
 {acc} cls : 100.00
------------------------------
<Losses on train> cls : 0.021, total : 0.021
<Accuracies on train> cls : 99.22
Train epoch time: 27.336
------------------------------
<Accuracies on val> class : 99.80
------------------------------
<Accuracies on test> class : 41.35
------------------------------
<Accuracies on flip> test class : 21.70
------------------------------
<Accuracies on random> test class : 61.00
------------------------------
Total epoch time: 35.814

New epoch - lr: 0.003
[1/78 iteration of epoch 11/30] 
 {loss} cls : 0.014, total : 0.014 
 {acc} cls : 99.22
[31/78 iteration of epoch 11/30] 
 {loss} cls : 0.001, total : 0.001 
 {acc} cls : 100.00
[61/78 iteration of epoch 11/30] 
 {loss} cls : 0.005, total : 0.005 
 {acc} cls : 100.00
------------------------------
<Losses on train> cls : 0.017, total : 0.017
<Accuracies on train> cls : 99.33
Train epoch time: 27.410
------------------------------
<Accuracies on val> class : 100.00
------------------------------
<Accuracies on test> class : 44.20
------------------------------
<Accuracies on flip> test class : 25.70
------------------------------
<Accuracies on random> test class : 62.70
------------------------------
Total epoch time: 35.771

New epoch - lr: 0.003
[1/78 iteration of epoch 12/30] 
 {loss} cls : 0.004, total : 0.004 
 {acc} cls : 100.00
[31/78 iteration of epoch 12/30] 
 {loss} cls : 0.240, total : 0.240 
 {acc} cls : 95.31
[61/78 iteration of epoch 12/30] 
 {loss} cls : 0.006, total : 0.006 
 {acc} cls : 100.00
------------------------------
<Losses on train> cls : 0.020, total : 0.020
<Accuracies on train> cls : 99.37
Train epoch time: 27.474
------------------------------
<Accuracies on val> class : 99.80
------------------------------
<Accuracies on test> class : 40.70
------------------------------
<Accuracies on flip> test class : 20.70
------------------------------
<Accuracies on random> test class : 60.70
------------------------------
Total epoch time: 35.630

New epoch - lr: 0.003
[1/78 iteration of epoch 13/30] 
 {loss} cls : 0.039, total : 0.039 
 {acc} cls : 99.22
[31/78 iteration of epoch 13/30] 
 {loss} cls : 0.014, total : 0.014 
 {acc} cls : 99.22
[61/78 iteration of epoch 13/30] 
 {loss} cls : 0.001, total : 0.001 
 {acc} cls : 100.00
------------------------------
<Losses on train> cls : 0.015, total : 0.015
<Accuracies on train> cls : 99.45
Train epoch time: 27.602
------------------------------
<Accuracies on val> class : 99.60
------------------------------
<Accuracies on test> class : 42.45
------------------------------
<Accuracies on flip> test class : 23.20
------------------------------
<Accuracies on random> test class : 61.70
------------------------------
Total epoch time: 35.703

New epoch - lr: 0.003
[1/78 iteration of epoch 14/30] 
 {loss} cls : 0.037, total : 0.037 
 {acc} cls : 98.44
[31/78 iteration of epoch 14/30] 
 {loss} cls : 0.003, total : 0.003 
 {acc} cls : 100.00
[61/78 iteration of epoch 14/30] 
 {loss} cls : 0.007, total : 0.007 
 {acc} cls : 100.00
------------------------------
<Losses on train> cls : 0.011, total : 0.011
<Accuracies on train> cls : 99.56
Train epoch time: 26.958
------------------------------
<Accuracies on val> class : 99.20
------------------------------
<Accuracies on test> class : 44.80
------------------------------
<Accuracies on flip> test class : 25.70
------------------------------
<Accuracies on random> test class : 63.90
------------------------------
Total epoch time: 35.392

New epoch - lr: 0.003
[1/78 iteration of epoch 15/30] 
 {loss} cls : 0.002, total : 0.002 
 {acc} cls : 100.00
[31/78 iteration of epoch 15/30] 
 {loss} cls : 0.002, total : 0.002 
 {acc} cls : 100.00
[61/78 iteration of epoch 15/30] 
 {loss} cls : 0.043, total : 0.043 
 {acc} cls : 98.44
------------------------------
<Losses on train> cls : 0.014, total : 0.014
<Accuracies on train> cls : 99.41
Train epoch time: 26.798
------------------------------
<Accuracies on val> class : 99.40
------------------------------
<Accuracies on test> class : 39.45
------------------------------
<Accuracies on flip> test class : 19.60
------------------------------
<Accuracies on random> test class : 59.30
------------------------------
Total epoch time: 34.893

New epoch - lr: 0.003
[1/78 iteration of epoch 16/30] 
 {loss} cls : 0.020, total : 0.020 
 {acc} cls : 99.22
[31/78 iteration of epoch 16/30] 
 {loss} cls : 0.084, total : 0.084 
 {acc} cls : 97.66
[61/78 iteration of epoch 16/30] 
 {loss} cls : 0.072, total : 0.072 
 {acc} cls : 97.66
------------------------------
<Losses on train> cls : 0.017, total : 0.017
<Accuracies on train> cls : 99.34
Train epoch time: 28.135
------------------------------
<Accuracies on val> class : 99.60
------------------------------
<Accuracies on test> class : 40.40
------------------------------
<Accuracies on flip> test class : 20.20
------------------------------
<Accuracies on random> test class : 60.60
------------------------------
Total epoch time: 36.194

New epoch - lr: 0.003
[1/78 iteration of epoch 17/30] 
 {loss} cls : 0.001, total : 0.001 
 {acc} cls : 100.00
[31/78 iteration of epoch 17/30] 
 {loss} cls : 0.001, total : 0.001 
 {acc} cls : 100.00
[61/78 iteration of epoch 17/30] 
 {loss} cls : 0.001, total : 0.001 
 {acc} cls : 100.00
------------------------------
<Losses on train> cls : 0.011, total : 0.011
<Accuracies on train> cls : 99.55
Train epoch time: 27.286
------------------------------
<Accuracies on val> class : 99.60
------------------------------
<Accuracies on test> class : 38.95
------------------------------
<Accuracies on flip> test class : 19.70
------------------------------
<Accuracies on random> test class : 58.20
------------------------------
Total epoch time: 35.340

New epoch - lr: 0.003
[1/78 iteration of epoch 18/30] 
 {loss} cls : 0.001, total : 0.001 
 {acc} cls : 100.00
[31/78 iteration of epoch 18/30] 
 {loss} cls : 0.017, total : 0.017 
 {acc} cls : 99.22
[61/78 iteration of epoch 18/30] 
 {loss} cls : 0.007, total : 0.007 
 {acc} cls : 100.00
------------------------------
<Losses on train> cls : 0.011, total : 0.011
<Accuracies on train> cls : 99.53
Train epoch time: 27.100
------------------------------
<Accuracies on val> class : 99.40
------------------------------
<Accuracies on test> class : 41.05
------------------------------
<Accuracies on flip> test class : 21.40
------------------------------
<Accuracies on random> test class : 60.70
------------------------------
Total epoch time: 35.167

New epoch - lr: 0.003
[1/78 iteration of epoch 19/30] 
 {loss} cls : 0.005, total : 0.005 
 {acc} cls : 100.00
[31/78 iteration of epoch 19/30] 
 {loss} cls : 0.005, total : 0.005 
 {acc} cls : 100.00
[61/78 iteration of epoch 19/30] 
 {loss} cls : 0.004, total : 0.004 
 {acc} cls : 100.00
------------------------------
<Losses on train> cls : 0.008, total : 0.008
<Accuracies on train> cls : 99.69
Train epoch time: 27.665
------------------------------
<Accuracies on val> class : 99.40
------------------------------
<Accuracies on test> class : 40.95
------------------------------
<Accuracies on flip> test class : 21.90
------------------------------
<Accuracies on random> test class : 60.00
------------------------------
Total epoch time: 35.713

New epoch - lr: 0.003
[1/78 iteration of epoch 20/30] 
 {loss} cls : 0.023, total : 0.023 
 {acc} cls : 98.44
[31/78 iteration of epoch 20/30] 
 {loss} cls : 0.064, total : 0.064 
 {acc} cls : 94.53
[61/78 iteration of epoch 20/30] 
 {loss} cls : 0.024, total : 0.024 
 {acc} cls : 98.44
------------------------------
<Losses on train> cls : 0.011, total : 0.011
<Accuracies on train> cls : 99.54
Train epoch time: 27.202
------------------------------
<Accuracies on val> class : 99.60
------------------------------
<Accuracies on test> class : 42.80
------------------------------
<Accuracies on flip> test class : 24.50
------------------------------
<Accuracies on random> test class : 61.10
------------------------------
Total epoch time: 35.229

New epoch - lr: 0.003
[1/78 iteration of epoch 21/30] 
 {loss} cls : 0.002, total : 0.002 
 {acc} cls : 100.00
[31/78 iteration of epoch 21/30] 
 {loss} cls : 0.004, total : 0.004 
 {acc} cls : 100.00
[61/78 iteration of epoch 21/30] 
 {loss} cls : 0.015, total : 0.015 
 {acc} cls : 98.44
------------------------------
<Losses on train> cls : 0.009, total : 0.009
<Accuracies on train> cls : 99.64
Train epoch time: 27.289
------------------------------
<Accuracies on val> class : 99.60
------------------------------
<Accuracies on test> class : 38.40
------------------------------
<Accuracies on flip> test class : 18.00
------------------------------
<Accuracies on random> test class : 58.80
------------------------------
Total epoch time: 35.423

New epoch - lr: 0.003
[1/78 iteration of epoch 22/30] 
 {loss} cls : 0.003, total : 0.003 
 {acc} cls : 100.00
[31/78 iteration of epoch 22/30] 
 {loss} cls : 0.000, total : 0.000 
 {acc} cls : 100.00
[61/78 iteration of epoch 22/30] 
 {loss} cls : 0.000, total : 0.000 
 {acc} cls : 100.00
------------------------------
<Losses on train> cls : 0.008, total : 0.008
<Accuracies on train> cls : 99.69
Train epoch time: 28.403
------------------------------
<Accuracies on val> class : 99.40
------------------------------
<Accuracies on test> class : 41.20
------------------------------
<Accuracies on flip> test class : 22.40
------------------------------
<Accuracies on random> test class : 60.00
------------------------------
Total epoch time: 36.424

New epoch - lr: 0.003
[1/78 iteration of epoch 23/30] 
 {loss} cls : 0.001, total : 0.001 
 {acc} cls : 100.00
[31/78 iteration of epoch 23/30] 
 {loss} cls : 0.005, total : 0.005 
 {acc} cls : 100.00
[61/78 iteration of epoch 23/30] 
 {loss} cls : 0.043, total : 0.043 
 {acc} cls : 97.66
------------------------------
<Losses on train> cls : 0.007, total : 0.007
<Accuracies on train> cls : 99.71
Train epoch time: 27.227
------------------------------
<Accuracies on val> class : 99.60
------------------------------
<Accuracies on test> class : 41.10
------------------------------
<Accuracies on flip> test class : 22.30
------------------------------
<Accuracies on random> test class : 59.90
------------------------------
Total epoch time: 35.322

New epoch - lr: 0.003
[1/78 iteration of epoch 24/30] 
 {loss} cls : 0.003, total : 0.003 
 {acc} cls : 100.00
[31/78 iteration of epoch 24/30] 
 {loss} cls : 0.002, total : 0.002 
 {acc} cls : 100.00
[61/78 iteration of epoch 24/30] 
 {loss} cls : 0.010, total : 0.010 
 {acc} cls : 99.22
------------------------------
<Losses on train> cls : 0.007, total : 0.007
<Accuracies on train> cls : 99.72
Train epoch time: 27.272
------------------------------
<Accuracies on val> class : 99.80
------------------------------
<Accuracies on test> class : 39.00
------------------------------
<Accuracies on flip> test class : 18.60
------------------------------
<Accuracies on random> test class : 59.40
------------------------------
Total epoch time: 34.838

New epoch - lr: 0.003
[1/78 iteration of epoch 25/30] 
 {loss} cls : 0.003, total : 0.003 
 {acc} cls : 100.00
[31/78 iteration of epoch 25/30] 
 {loss} cls : 0.002, total : 0.002 
 {acc} cls : 100.00
[61/78 iteration of epoch 25/30] 
 {loss} cls : 0.006, total : 0.006 
 {acc} cls : 100.00
------------------------------
<Losses on train> cls : 0.007, total : 0.007
<Accuracies on train> cls : 99.65
Train epoch time: 27.017
------------------------------
<Accuracies on val> class : 99.60
------------------------------
<Accuracies on test> class : 40.20
------------------------------
<Accuracies on flip> test class : 20.60
------------------------------
<Accuracies on random> test class : 59.80
------------------------------
Total epoch time: 34.611

New epoch - lr: 0.003
[1/78 iteration of epoch 26/30] 
 {loss} cls : 0.029, total : 0.029 
 {acc} cls : 99.22
[31/78 iteration of epoch 26/30] 
 {loss} cls : 0.001, total : 0.001 
 {acc} cls : 100.00
[61/78 iteration of epoch 26/30] 
 {loss} cls : 0.001, total : 0.001 
 {acc} cls : 100.00
------------------------------
<Losses on train> cls : 0.006, total : 0.006
<Accuracies on train> cls : 99.80
Train epoch time: 27.155
------------------------------
<Accuracies on val> class : 99.80
------------------------------
<Accuracies on test> class : 39.55
------------------------------
<Accuracies on flip> test class : 19.90
------------------------------
<Accuracies on random> test class : 59.20
------------------------------
Total epoch time: 34.757

New epoch - lr: 0.0009000000000000002
[1/78 iteration of epoch 27/30] 
 {loss} cls : 0.004, total : 0.004 
 {acc} cls : 100.00
[31/78 iteration of epoch 27/30] 
 {loss} cls : 0.003, total : 0.003 
 {acc} cls : 100.00
[61/78 iteration of epoch 27/30] 
 {loss} cls : 0.001, total : 0.001 
 {acc} cls : 100.00
------------------------------
<Losses on train> cls : 0.006, total : 0.006
<Accuracies on train> cls : 99.79
Train epoch time: 27.454
------------------------------
<Accuracies on val> class : 99.60
------------------------------
<Accuracies on test> class : 40.10
------------------------------
<Accuracies on flip> test class : 20.10
------------------------------
<Accuracies on random> test class : 60.10
------------------------------
Total epoch time: 35.107

New epoch - lr: 0.0009000000000000002
[1/78 iteration of epoch 28/30] 
 {loss} cls : 0.000, total : 0.000 
 {acc} cls : 100.00
[31/78 iteration of epoch 28/30] 
 {loss} cls : 0.003, total : 0.003 
 {acc} cls : 100.00
[61/78 iteration of epoch 28/30] 
 {loss} cls : 0.005, total : 0.005 
 {acc} cls : 100.00
------------------------------
<Losses on train> cls : 0.005, total : 0.005
<Accuracies on train> cls : 99.87
Train epoch time: 27.006
------------------------------
<Accuracies on val> class : 99.60
------------------------------
<Accuracies on test> class : 40.00
------------------------------
<Accuracies on flip> test class : 20.00
------------------------------
<Accuracies on random> test class : 60.00
------------------------------
Total epoch time: 34.618

New epoch - lr: 0.0009000000000000002
[1/78 iteration of epoch 29/30] 
 {loss} cls : 0.002, total : 0.002 
 {acc} cls : 100.00
[31/78 iteration of epoch 29/30] 
 {loss} cls : 0.001, total : 0.001 
 {acc} cls : 100.00
[61/78 iteration of epoch 29/30] 
 {loss} cls : 0.001, total : 0.001 
 {acc} cls : 100.00
------------------------------
<Losses on train> cls : 0.007, total : 0.007
<Accuracies on train> cls : 99.76
Train epoch time: 26.995
------------------------------
<Accuracies on val> class : 99.40
------------------------------
<Accuracies on test> class : 41.85
------------------------------
<Accuracies on flip> test class : 22.10
------------------------------
<Accuracies on random> test class : 61.60
------------------------------
Total epoch time: 34.806

New epoch - lr: 0.0009000000000000002
[1/78 iteration of epoch 30/30] 
 {loss} cls : 0.002, total : 0.002 
 {acc} cls : 100.00
[31/78 iteration of epoch 30/30] 
 {loss} cls : 0.000, total : 0.000 
 {acc} cls : 100.00
[61/78 iteration of epoch 30/30] 
 {loss} cls : 0.000, total : 0.000 
 {acc} cls : 100.00
------------------------------
<Losses on train> cls : 0.006, total : 0.006
<Accuracies on train> cls : 99.81
Train epoch time: 27.128
------------------------------
<Accuracies on val> class : 99.40
------------------------------
<Accuracies on test> class : 40.35
------------------------------
<Accuracies on flip> test class : 20.40
------------------------------
<Accuracies on random> test class : 60.30
------------------------------
Total epoch time: 34.709

******************************
Best val 1, corresponding test 0.442 - best test: 0.493

******************************
Best val 1.0, corresponding flip test 0.25699999928474426

******************************
Best val 1.0, corresponding random test 0.6269999742507935
