
Loading experiment ImageNet9/ResNet18_step


New epoch - lr: 0.003
[1/31 iteration of epoch 1/30] 
 {loss} cls : 2.354, fac : 12.462, total : 14.816 
 {acc} cls : 11.72
[31/31 iteration of epoch 1/30] 
 {loss} cls : 0.922, fac : 11.782, total : 12.704 
 {acc} cls : 70.31
------------------------------
<Losses on train> cls : 1.551, fac : 12.217, total : 13.768
<Accuracies on train> cls : 57.48
Train epoch time: 51.535
------------------------------
<Accuracies on val> class : 93.33
------------------------------
<Accuracies on test> class : 80.19
------------------------------
<Accuracies on mixed_rand> test class : 72.84
------------------------------
<Accuracies on mixed_same> test class : 87.53
------------------------------
Total epoch time: 57.274

New epoch - lr: 0.003
[1/31 iteration of epoch 2/30] 
 {loss} cls : 0.960, fac : 11.786, total : 12.746 
 {acc} cls : 71.09
[31/31 iteration of epoch 2/30] 
 {loss} cls : 0.986, fac : 11.705, total : 12.692 
 {acc} cls : 71.88
------------------------------
<Losses on train> cls : 0.713, fac : 11.749, total : 12.461
<Accuracies on train> cls : 77.49
Train epoch time: 61.876
------------------------------
<Accuracies on val> class : 91.36
------------------------------
<Accuracies on test> class : 79.85
------------------------------
<Accuracies on mixed_rand> test class : 74.20
------------------------------
<Accuracies on mixed_same> test class : 85.49
------------------------------
Total epoch time: 67.360

New epoch - lr: 0.003
[1/31 iteration of epoch 3/30] 
 {loss} cls : 0.674, fac : 11.705, total : 12.378 
 {acc} cls : 79.69
[31/31 iteration of epoch 3/30] 
 {loss} cls : 0.520, fac : 11.689, total : 12.209 
 {acc} cls : 85.94
------------------------------
<Losses on train> cls : 0.563, fac : 11.706, total : 12.269
<Accuracies on train> cls : 81.78
Train epoch time: 55.777
------------------------------
<Accuracies on val> class : 92.35
------------------------------
<Accuracies on test> class : 81.36
------------------------------
<Accuracies on mixed_rand> test class : 76.23
------------------------------
<Accuracies on mixed_same> test class : 86.48
------------------------------
Total epoch time: 61.122

New epoch - lr: 0.003
[1/31 iteration of epoch 4/30] 
 {loss} cls : 0.538, fac : 11.704, total : 12.242 
 {acc} cls : 83.59
[31/31 iteration of epoch 4/30] 
 {loss} cls : 0.624, fac : 11.682, total : 12.306 
 {acc} cls : 82.03
------------------------------
<Losses on train> cls : 0.478, fac : 11.693, total : 12.171
<Accuracies on train> cls : 84.68
Train epoch time: 62.107
------------------------------
<Accuracies on val> class : 93.09
------------------------------
<Accuracies on test> class : 83.83
------------------------------
<Accuracies on mixed_rand> test class : 78.77
------------------------------
<Accuracies on mixed_same> test class : 88.89
------------------------------
Total epoch time: 67.572

New epoch - lr: 0.003
[1/31 iteration of epoch 5/30] 
 {loss} cls : 0.372, fac : 11.698, total : 12.070 
 {acc} cls : 86.72
[31/31 iteration of epoch 5/30] 
 {loss} cls : 0.385, fac : 11.685, total : 12.070 
 {acc} cls : 85.16
------------------------------
<Losses on train> cls : 0.435, fac : 11.686, total : 12.121
<Accuracies on train> cls : 85.81
Train epoch time: 59.192
------------------------------
<Accuracies on val> class : 94.07
------------------------------
<Accuracies on test> class : 83.46
------------------------------
<Accuracies on mixed_rand> test class : 78.89
------------------------------
<Accuracies on mixed_same> test class : 88.02
------------------------------
Total epoch time: 64.858

New epoch - lr: 0.003
[1/31 iteration of epoch 6/30] 
 {loss} cls : 0.261, fac : 11.682, total : 11.943 
 {acc} cls : 90.62
[31/31 iteration of epoch 6/30] 
 {loss} cls : 0.336, fac : 11.692, total : 12.028 
 {acc} cls : 87.50
------------------------------
<Losses on train> cls : 0.378, fac : 11.684, total : 12.061
<Accuracies on train> cls : 87.45
Train epoch time: 61.557
------------------------------
<Accuracies on val> class : 93.58
------------------------------
<Accuracies on test> class : 84.07
------------------------------
<Accuracies on mixed_rand> test class : 79.38
------------------------------
<Accuracies on mixed_same> test class : 88.77
------------------------------
Total epoch time: 66.990

New epoch - lr: 0.003
[1/31 iteration of epoch 7/30] 
 {loss} cls : 0.440, fac : 11.694, total : 12.134 
 {acc} cls : 85.16
[31/31 iteration of epoch 7/30] 
 {loss} cls : 0.318, fac : 11.688, total : 12.006 
 {acc} cls : 88.28
------------------------------
<Losses on train> cls : 0.379, fac : 11.683, total : 12.062
<Accuracies on train> cls : 87.17
Train epoch time: 60.438
------------------------------
<Accuracies on val> class : 91.85
------------------------------
<Accuracies on test> class : 81.42
------------------------------
<Accuracies on mixed_rand> test class : 75.37
------------------------------
<Accuracies on mixed_same> test class : 87.47
------------------------------
Total epoch time: 65.794

New epoch - lr: 0.003
[1/31 iteration of epoch 8/30] 
 {loss} cls : 0.334, fac : 11.682, total : 12.016 
 {acc} cls : 88.28
[31/31 iteration of epoch 8/30] 
 {loss} cls : 0.279, fac : 11.681, total : 11.960 
 {acc} cls : 89.84
------------------------------
<Losses on train> cls : 0.340, fac : 11.681, total : 12.021
<Accuracies on train> cls : 88.51
Train epoch time: 50.349
------------------------------
<Accuracies on val> class : 90.62
------------------------------
<Accuracies on test> class : 82.13
------------------------------
<Accuracies on mixed_rand> test class : 76.48
------------------------------
<Accuracies on mixed_same> test class : 87.78
------------------------------
Total epoch time: 55.658

New epoch - lr: 0.003
[1/31 iteration of epoch 9/30] 
 {loss} cls : 0.274, fac : 11.682, total : 11.956 
 {acc} cls : 90.62
[31/31 iteration of epoch 9/30] 
 {loss} cls : 0.279, fac : 11.682, total : 11.961 
 {acc} cls : 87.50
------------------------------
<Losses on train> cls : 0.326, fac : 11.680, total : 12.005
<Accuracies on train> cls : 88.94
Train epoch time: 65.631
------------------------------
<Accuracies on val> class : 92.84
------------------------------
<Accuracies on test> class : 84.04
------------------------------
<Accuracies on mixed_rand> test class : 79.38
------------------------------
<Accuracies on mixed_same> test class : 88.70
------------------------------
Total epoch time: 71.017

New epoch - lr: 0.003
[1/31 iteration of epoch 10/30] 
 {loss} cls : 0.224, fac : 11.679, total : 11.903 
 {acc} cls : 92.97
[31/31 iteration of epoch 10/30] 
 {loss} cls : 0.315, fac : 11.680, total : 11.995 
 {acc} cls : 89.84
------------------------------
<Losses on train> cls : 0.287, fac : 11.680, total : 11.967
<Accuracies on train> cls : 90.62
Train epoch time: 65.371
------------------------------
<Accuracies on val> class : 91.11
------------------------------
<Accuracies on test> class : 82.87
------------------------------
<Accuracies on mixed_rand> test class : 77.04
------------------------------
<Accuracies on mixed_same> test class : 88.70
------------------------------
Total epoch time: 70.746

New epoch - lr: 0.003
[1/31 iteration of epoch 11/30] 
 {loss} cls : 0.175, fac : 11.679, total : 11.854 
 {acc} cls : 92.19
[31/31 iteration of epoch 11/30] 
 {loss} cls : 0.358, fac : 11.678, total : 12.035 
 {acc} cls : 89.84
------------------------------
<Losses on train> cls : 0.289, fac : 11.680, total : 11.969
<Accuracies on train> cls : 90.05
Train epoch time: 58.867
------------------------------
<Accuracies on val> class : 91.36
------------------------------
<Accuracies on test> class : 82.13
------------------------------
<Accuracies on mixed_rand> test class : 77.28
------------------------------
<Accuracies on mixed_same> test class : 86.98
------------------------------
Total epoch time: 64.340

New epoch - lr: 0.003
[1/31 iteration of epoch 12/30] 
 {loss} cls : 0.260, fac : 11.680, total : 11.939 
 {acc} cls : 90.62
[31/31 iteration of epoch 12/30] 
 {loss} cls : 0.289, fac : 11.677, total : 11.966 
 {acc} cls : 91.41
------------------------------
<Losses on train> cls : 0.284, fac : 11.680, total : 11.964
<Accuracies on train> cls : 90.55
Train epoch time: 66.775
------------------------------
<Accuracies on val> class : 91.85
------------------------------
<Accuracies on test> class : 83.24
------------------------------
<Accuracies on mixed_rand> test class : 77.35
------------------------------
<Accuracies on mixed_same> test class : 89.14
------------------------------
Total epoch time: 72.176

New epoch - lr: 0.003
[1/31 iteration of epoch 13/30] 
 {loss} cls : 0.229, fac : 11.677, total : 11.906 
 {acc} cls : 93.75
[31/31 iteration of epoch 13/30] 
 {loss} cls : 0.253, fac : 11.676, total : 11.929 
 {acc} cls : 93.75
------------------------------
<Losses on train> cls : 0.251, fac : 11.677, total : 11.928
<Accuracies on train> cls : 91.86
Train epoch time: 61.355
------------------------------
<Accuracies on val> class : 91.60
------------------------------
<Accuracies on test> class : 83.09
------------------------------
<Accuracies on mixed_rand> test class : 78.40
------------------------------
<Accuracies on mixed_same> test class : 87.78
------------------------------
Total epoch time: 66.679

New epoch - lr: 0.003
[1/31 iteration of epoch 14/30] 
 {loss} cls : 0.191, fac : 11.676, total : 11.867 
 {acc} cls : 93.75
[31/31 iteration of epoch 14/30] 
 {loss} cls : 0.406, fac : 11.676, total : 12.083 
 {acc} cls : 84.38
------------------------------
<Losses on train> cls : 0.257, fac : 11.677, total : 11.934
<Accuracies on train> cls : 91.20
Train epoch time: 67.084
------------------------------
<Accuracies on val> class : 93.09
------------------------------
<Accuracies on test> class : 84.35
------------------------------
<Accuracies on mixed_rand> test class : 79.32
------------------------------
<Accuracies on mixed_same> test class : 89.38
------------------------------
Total epoch time: 72.838

New epoch - lr: 0.003
[1/31 iteration of epoch 15/30] 
 {loss} cls : 0.173, fac : 11.678, total : 11.851 
 {acc} cls : 93.75
[31/31 iteration of epoch 15/30] 
 {loss} cls : 0.192, fac : 11.676, total : 11.868 
 {acc} cls : 92.19
------------------------------
<Losses on train> cls : 0.248, fac : 11.678, total : 11.926
<Accuracies on train> cls : 91.18
Train epoch time: 60.708
------------------------------
<Accuracies on val> class : 92.59
------------------------------
<Accuracies on test> class : 84.04
------------------------------
<Accuracies on mixed_rand> test class : 79.20
------------------------------
<Accuracies on mixed_same> test class : 88.89
------------------------------
Total epoch time: 66.299

New epoch - lr: 0.003
[1/31 iteration of epoch 16/30] 
 {loss} cls : 0.194, fac : 11.676, total : 11.870 
 {acc} cls : 91.41
[31/31 iteration of epoch 16/30] 
 {loss} cls : 0.285, fac : 11.677, total : 11.962 
 {acc} cls : 91.41
------------------------------
<Losses on train> cls : 0.239, fac : 11.677, total : 11.916
<Accuracies on train> cls : 92.36
Train epoch time: 55.384
------------------------------
<Accuracies on val> class : 91.85
------------------------------
<Accuracies on test> class : 83.49
------------------------------
<Accuracies on mixed_rand> test class : 78.52
------------------------------
<Accuracies on mixed_same> test class : 88.46
------------------------------
Total epoch time: 61.073

New epoch - lr: 0.003
[1/31 iteration of epoch 17/30] 
 {loss} cls : 0.236, fac : 11.678, total : 11.914 
 {acc} cls : 91.41
[31/31 iteration of epoch 17/30] 
 {loss} cls : 0.181, fac : 11.676, total : 11.857 
 {acc} cls : 94.53
------------------------------
<Losses on train> cls : 0.233, fac : 11.677, total : 11.910
<Accuracies on train> cls : 92.04
Train epoch time: 62.295
------------------------------
<Accuracies on val> class : 92.35
------------------------------
<Accuracies on test> class : 83.24
------------------------------
<Accuracies on mixed_rand> test class : 77.96
------------------------------
<Accuracies on mixed_same> test class : 88.52
------------------------------
Total epoch time: 67.907

New epoch - lr: 0.003
[1/31 iteration of epoch 18/30] 
 {loss} cls : 0.264, fac : 11.676, total : 11.940 
 {acc} cls : 90.62
[31/31 iteration of epoch 18/30] 
 {loss} cls : 0.314, fac : 11.676, total : 11.990 
 {acc} cls : 89.06
------------------------------
<Losses on train> cls : 0.244, fac : 11.677, total : 11.921
<Accuracies on train> cls : 91.96
Train epoch time: 59.190
------------------------------
<Accuracies on val> class : 93.09
------------------------------
<Accuracies on test> class : 83.70
------------------------------
<Accuracies on mixed_rand> test class : 78.02
------------------------------
<Accuracies on mixed_same> test class : 89.38
------------------------------
Total epoch time: 64.891

New epoch - lr: 0.003
[1/31 iteration of epoch 19/30] 
 {loss} cls : 0.118, fac : 11.678, total : 11.796 
 {acc} cls : 98.44
[31/31 iteration of epoch 19/30] 
 {loss} cls : 0.362, fac : 11.677, total : 12.039 
 {acc} cls : 89.06
------------------------------
<Losses on train> cls : 0.235, fac : 11.677, total : 11.911
<Accuracies on train> cls : 92.29
Train epoch time: 66.552
------------------------------
<Accuracies on val> class : 93.83
------------------------------
<Accuracies on test> class : 82.41
------------------------------
<Accuracies on mixed_rand> test class : 76.73
------------------------------
<Accuracies on mixed_same> test class : 88.09
------------------------------
Total epoch time: 72.137

New epoch - lr: 0.003
[1/31 iteration of epoch 20/30] 
 {loss} cls : 0.129, fac : 11.684, total : 11.813 
 {acc} cls : 95.31
[31/31 iteration of epoch 20/30] 
 {loss} cls : 0.192, fac : 11.678, total : 11.869 
 {acc} cls : 94.53
------------------------------
<Losses on train> cls : 0.219, fac : 11.677, total : 11.897
<Accuracies on train> cls : 92.64
Train epoch time: 61.540
------------------------------
<Accuracies on val> class : 91.36
------------------------------
<Accuracies on test> class : 83.92
------------------------------
<Accuracies on mixed_rand> test class : 79.26
------------------------------
<Accuracies on mixed_same> test class : 88.58
------------------------------
Total epoch time: 67.310

New epoch - lr: 0.003
[1/31 iteration of epoch 21/30] 
 {loss} cls : 0.135, fac : 11.678, total : 11.814 
 {acc} cls : 96.09
[31/31 iteration of epoch 21/30] 
 {loss} cls : 0.161, fac : 11.677, total : 11.838 
 {acc} cls : 94.53
------------------------------
<Losses on train> cls : 0.197, fac : 11.678, total : 11.874
<Accuracies on train> cls : 93.65
Train epoch time: 49.292
------------------------------
<Accuracies on val> class : 91.60
------------------------------
<Accuracies on test> class : 82.56
------------------------------
<Accuracies on mixed_rand> test class : 77.47
------------------------------
<Accuracies on mixed_same> test class : 87.65
------------------------------
Total epoch time: 54.894

New epoch - lr: 0.003
[1/31 iteration of epoch 22/30] 
 {loss} cls : 0.171, fac : 11.678, total : 11.849 
 {acc} cls : 94.53
[31/31 iteration of epoch 22/30] 
 {loss} cls : 0.240, fac : 11.685, total : 11.926 
 {acc} cls : 91.41
------------------------------
<Losses on train> cls : 0.202, fac : 11.685, total : 11.887
<Accuracies on train> cls : 93.15
Train epoch time: 60.101
------------------------------
<Accuracies on val> class : 91.36
------------------------------
<Accuracies on test> class : 83.55
------------------------------
<Accuracies on mixed_rand> test class : 77.72
------------------------------
<Accuracies on mixed_same> test class : 89.38
------------------------------
Total epoch time: 65.764

New epoch - lr: 0.003
[1/31 iteration of epoch 23/30] 
 {loss} cls : 0.182, fac : 11.680, total : 11.862 
 {acc} cls : 93.75
[31/31 iteration of epoch 23/30] 
 {loss} cls : 0.111, fac : 11.677, total : 11.789 
 {acc} cls : 96.88
------------------------------
<Losses on train> cls : 0.198, fac : 11.681, total : 11.879
<Accuracies on train> cls : 93.42
Train epoch time: 66.754
------------------------------
<Accuracies on val> class : 91.60
------------------------------
<Accuracies on test> class : 83.83
------------------------------
<Accuracies on mixed_rand> test class : 78.95
------------------------------
<Accuracies on mixed_same> test class : 88.70
------------------------------
Total epoch time: 72.352

New epoch - lr: 0.003
[1/31 iteration of epoch 24/30] 
 {loss} cls : 0.204, fac : 11.679, total : 11.882 
 {acc} cls : 93.75
[31/31 iteration of epoch 24/30] 
 {loss} cls : 0.162, fac : 11.677, total : 11.840 
 {acc} cls : 93.75
------------------------------
<Losses on train> cls : 0.183, fac : 11.678, total : 11.861
<Accuracies on train> cls : 93.93
Train epoch time: 72.046
------------------------------
<Accuracies on val> class : 92.10
------------------------------
<Accuracies on test> class : 84.41
------------------------------
<Accuracies on mixed_rand> test class : 78.52
------------------------------
<Accuracies on mixed_same> test class : 90.31
------------------------------
Total epoch time: 78.008

New epoch - lr: 0.003
[1/31 iteration of epoch 25/30] 
 {loss} cls : 0.174, fac : 11.677, total : 11.852 
 {acc} cls : 92.97
[31/31 iteration of epoch 25/30] 
 {loss} cls : 0.188, fac : 11.678, total : 11.866 
 {acc} cls : 92.97
------------------------------
<Losses on train> cls : 0.178, fac : 11.678, total : 11.856
<Accuracies on train> cls : 93.90
Train epoch time: 59.342
------------------------------
<Accuracies on val> class : 91.60
------------------------------
<Accuracies on test> class : 84.07
------------------------------
<Accuracies on mixed_rand> test class : 78.70
------------------------------
<Accuracies on mixed_same> test class : 89.44
------------------------------
Total epoch time: 65.004

New epoch - lr: 0.003
[1/31 iteration of epoch 26/30] 
 {loss} cls : 0.215, fac : 11.676, total : 11.891 
 {acc} cls : 92.19
[31/31 iteration of epoch 26/30] 
 {loss} cls : 0.098, fac : 11.677, total : 11.776 
 {acc} cls : 96.88
------------------------------
<Losses on train> cls : 0.184, fac : 11.677, total : 11.861
<Accuracies on train> cls : 94.10
Train epoch time: 70.953
------------------------------
<Accuracies on val> class : 90.62
------------------------------
<Accuracies on test> class : 84.10
------------------------------
<Accuracies on mixed_rand> test class : 78.02
------------------------------
<Accuracies on mixed_same> test class : 90.19
------------------------------
Total epoch time: 76.678

New epoch - lr: 0.0009000000000000002
[1/31 iteration of epoch 27/30] 
 {loss} cls : 0.172, fac : 11.676, total : 11.848 
 {acc} cls : 95.31
[31/31 iteration of epoch 27/30] 
 {loss} cls : 0.096, fac : 11.677, total : 11.773 
 {acc} cls : 97.66
------------------------------
<Losses on train> cls : 0.156, fac : 11.677, total : 11.832
<Accuracies on train> cls : 94.81
Train epoch time: 68.534
------------------------------
<Accuracies on val> class : 92.10
------------------------------
<Accuracies on test> class : 84.10
------------------------------
<Accuracies on mixed_rand> test class : 78.77
------------------------------
<Accuracies on mixed_same> test class : 89.44
------------------------------
Total epoch time: 74.154

New epoch - lr: 0.0009000000000000002
[1/31 iteration of epoch 28/30] 
 {loss} cls : 0.141, fac : 11.676, total : 11.817 
 {acc} cls : 96.09
[31/31 iteration of epoch 28/30] 
 {loss} cls : 0.086, fac : 11.681, total : 11.766 
 {acc} cls : 96.88
------------------------------
<Losses on train> cls : 0.154, fac : 11.677, total : 11.831
<Accuracies on train> cls : 94.86
Train epoch time: 58.759
------------------------------
<Accuracies on val> class : 92.35
------------------------------
<Accuracies on test> class : 84.44
------------------------------
<Accuracies on mixed_rand> test class : 79.69
------------------------------
<Accuracies on mixed_same> test class : 89.20
------------------------------
Total epoch time: 64.453

New epoch - lr: 0.0009000000000000002
[1/31 iteration of epoch 29/30] 
 {loss} cls : 0.131, fac : 11.676, total : 11.807 
 {acc} cls : 93.75
[31/31 iteration of epoch 29/30] 
 {loss} cls : 0.092, fac : 11.677, total : 11.769 
 {acc} cls : 96.09
------------------------------
<Losses on train> cls : 0.142, fac : 11.676, total : 11.818
<Accuracies on train> cls : 95.51
Train epoch time: 63.792
------------------------------
<Accuracies on val> class : 92.10
------------------------------
<Accuracies on test> class : 84.54
------------------------------
<Accuracies on mixed_rand> test class : 79.38
------------------------------
<Accuracies on mixed_same> test class : 89.69
------------------------------
Total epoch time: 69.449

New epoch - lr: 0.0009000000000000002
[1/31 iteration of epoch 30/30] 
 {loss} cls : 0.179, fac : 11.676, total : 11.855 
 {acc} cls : 94.53
[31/31 iteration of epoch 30/30] 
 {loss} cls : 0.108, fac : 11.676, total : 11.783 
 {acc} cls : 96.88
------------------------------
<Losses on train> cls : 0.142, fac : 11.677, total : 11.819
<Accuracies on train> cls : 95.19
Train epoch time: 63.414
------------------------------
<Accuracies on val> class : 92.84
------------------------------
<Accuracies on test> class : 84.44
------------------------------
<Accuracies on mixed_rand> test class : 79.32
------------------------------
<Accuracies on mixed_same> test class : 89.57
------------------------------
Total epoch time: 69.053

******************************
Best val 0.940741, corresponding test 0.834568 - best test: 0.84537

******************************
Best val 0.9407407641410828, corresponding mixed_rand test 0.7888888716697693

******************************
Best val 0.9407407641410828, corresponding mixed_same test 0.8802469372749329
