
Loading experiment PACS/ResNet18_step


New epoch - lr: 0.003
[1/23 iteration of epoch 1/30] 
 {loss} cls : 2.088, total : 2.088 
 {acc} cls : 4.69
------------------------------
<Losses on train> cls : 2.923, total : 2.923
<Accuracies on train> cls : 42.12
Train epoch time: 13.463
------------------------------
<Accuracies on val> class : 59.06
------------------------------
<Accuracies on test> class : 21.62
------------------------------
<Accuracies on cartoon> test class : 21.72
------------------------------
<Accuracies on art_painting> test class : 26.42
------------------------------
<Accuracies on sketch> test class : 19.06
------------------------------
Total epoch time: 62.156

New epoch - lr: 0.003
[1/23 iteration of epoch 2/30] 
 {loss} cls : 1.049, total : 1.049 
 {acc} cls : 76.56
------------------------------
<Losses on train> cls : 0.710, total : 0.710
<Accuracies on train> cls : 74.66
Train epoch time: 14.484
------------------------------
<Accuracies on val> class : 73.68
------------------------------
<Accuracies on test> class : 21.08
------------------------------
<Accuracies on cartoon> test class : 20.56
------------------------------
<Accuracies on art_painting> test class : 29.30
------------------------------
<Accuracies on sketch> test class : 17.10
------------------------------
Total epoch time: 54.959

New epoch - lr: 0.003
[1/23 iteration of epoch 3/30] 
 {loss} cls : 0.430, total : 0.430 
 {acc} cls : 87.50
------------------------------
<Losses on train> cls : 0.456, total : 0.456
<Accuracies on train> cls : 84.04
Train epoch time: 11.998
------------------------------
<Accuracies on val> class : 79.53
------------------------------
<Accuracies on test> class : 36.46
------------------------------
<Accuracies on cartoon> test class : 27.05
------------------------------
<Accuracies on art_painting> test class : 38.18
------------------------------
<Accuracies on sketch> test class : 41.18
------------------------------
Total epoch time: 47.738

New epoch - lr: 0.003
[1/23 iteration of epoch 4/30] 
 {loss} cls : 0.402, total : 0.402 
 {acc} cls : 87.50
------------------------------
<Losses on train> cls : 0.344, total : 0.344
<Accuracies on train> cls : 87.36
Train epoch time: 9.976
------------------------------
<Accuracies on val> class : 80.12
------------------------------
<Accuracies on test> class : 37.35
------------------------------
<Accuracies on cartoon> test class : 31.44
------------------------------
<Accuracies on art_painting> test class : 37.01
------------------------------
<Accuracies on sketch> test class : 41.05
------------------------------
Total epoch time: 45.140

New epoch - lr: 0.003
[1/23 iteration of epoch 5/30] 
 {loss} cls : 0.305, total : 0.305 
 {acc} cls : 90.62
------------------------------
<Losses on train> cls : 0.282, total : 0.282
<Accuracies on train> cls : 89.95
Train epoch time: 9.458
------------------------------
<Accuracies on val> class : 83.63
------------------------------
<Accuracies on test> class : 32.94
------------------------------
<Accuracies on cartoon> test class : 25.34
------------------------------
<Accuracies on art_painting> test class : 40.38
------------------------------
<Accuracies on sketch> test class : 33.60
------------------------------
Total epoch time: 46.800

New epoch - lr: 0.003
[1/23 iteration of epoch 6/30] 
 {loss} cls : 0.226, total : 0.226 
 {acc} cls : 90.62
------------------------------
<Losses on train> cls : 0.212, total : 0.212
<Accuracies on train> cls : 92.19
Train epoch time: 10.089
------------------------------
<Accuracies on val> class : 82.46
------------------------------
<Accuracies on test> class : 45.93
------------------------------
<Accuracies on cartoon> test class : 37.50
------------------------------
<Accuracies on art_painting> test class : 40.97
------------------------------
<Accuracies on sketch> test class : 53.55
------------------------------
Total epoch time: 48.171

New epoch - lr: 0.003
[1/23 iteration of epoch 7/30] 
 {loss} cls : 0.324, total : 0.324 
 {acc} cls : 90.62
------------------------------
<Losses on train> cls : 0.165, total : 0.165
<Accuracies on train> cls : 93.95
Train epoch time: 9.704
------------------------------
<Accuracies on val> class : 86.55
------------------------------
<Accuracies on test> class : 44.19
------------------------------
<Accuracies on cartoon> test class : 37.63
------------------------------
<Accuracies on art_painting> test class : 42.92
------------------------------
<Accuracies on sketch> test class : 48.77
------------------------------
Total epoch time: 46.292

New epoch - lr: 0.003
[1/23 iteration of epoch 8/30] 
 {loss} cls : 0.076, total : 0.076 
 {acc} cls : 96.88
------------------------------
<Losses on train> cls : 0.140, total : 0.140
<Accuracies on train> cls : 95.18
Train epoch time: 9.330
------------------------------
<Accuracies on val> class : 87.72
------------------------------
<Accuracies on test> class : 44.38
------------------------------
<Accuracies on cartoon> test class : 38.18
------------------------------
<Accuracies on art_painting> test class : 44.87
------------------------------
<Accuracies on sketch> test class : 47.82
------------------------------
Total epoch time: 46.970

New epoch - lr: 0.003
[1/23 iteration of epoch 9/30] 
 {loss} cls : 0.126, total : 0.126 
 {acc} cls : 96.88
------------------------------
<Losses on train> cls : 0.096, total : 0.096
<Accuracies on train> cls : 96.74
Train epoch time: 9.581
------------------------------
<Accuracies on val> class : 85.38
------------------------------
<Accuracies on test> class : 45.26
------------------------------
<Accuracies on cartoon> test class : 34.56
------------------------------
<Accuracies on art_painting> test class : 43.02
------------------------------
<Accuracies on sketch> test class : 52.81
------------------------------
Total epoch time: 47.048

New epoch - lr: 0.003
[1/23 iteration of epoch 10/30] 
 {loss} cls : 0.068, total : 0.068 
 {acc} cls : 98.44
------------------------------
<Losses on train> cls : 0.079, total : 0.079
<Accuracies on train> cls : 97.49
Train epoch time: 9.445
------------------------------
<Accuracies on val> class : 87.13
------------------------------
<Accuracies on test> class : 45.40
------------------------------
<Accuracies on cartoon> test class : 37.59
------------------------------
<Accuracies on art_painting> test class : 42.63
------------------------------
<Accuracies on sketch> test class : 51.51
------------------------------
Total epoch time: 43.969

New epoch - lr: 0.003
[1/23 iteration of epoch 11/30] 
 {loss} cls : 0.009, total : 0.009 
 {acc} cls : 100.00
------------------------------
<Losses on train> cls : 0.084, total : 0.084
<Accuracies on train> cls : 97.08
Train epoch time: 9.760
------------------------------
<Accuracies on val> class : 85.96
------------------------------
<Accuracies on test> class : 45.28
------------------------------
<Accuracies on cartoon> test class : 35.49
------------------------------
<Accuracies on art_painting> test class : 46.34
------------------------------
<Accuracies on sketch> test class : 50.57
------------------------------
Total epoch time: 44.735

New epoch - lr: 0.003
[1/23 iteration of epoch 12/30] 
 {loss} cls : 0.033, total : 0.033 
 {acc} cls : 100.00
------------------------------
<Losses on train> cls : 0.068, total : 0.068
<Accuracies on train> cls : 97.69
Train epoch time: 9.863
------------------------------
<Accuracies on val> class : 88.30
------------------------------
<Accuracies on test> class : 46.52
------------------------------
<Accuracies on cartoon> test class : 36.95
------------------------------
<Accuracies on art_painting> test class : 48.88
------------------------------
<Accuracies on sketch> test class : 51.01
------------------------------
Total epoch time: 46.751

New epoch - lr: 0.003
[1/23 iteration of epoch 13/30] 
 {loss} cls : 0.022, total : 0.022 
 {acc} cls : 98.44
------------------------------
<Losses on train> cls : 0.066, total : 0.066
<Accuracies on train> cls : 97.35
Train epoch time: 9.963
------------------------------
<Accuracies on val> class : 90.64
------------------------------
<Accuracies on test> class : 46.16
------------------------------
<Accuracies on cartoon> test class : 36.26
------------------------------
<Accuracies on art_painting> test class : 46.19
------------------------------
<Accuracies on sketch> test class : 52.05
------------------------------
Total epoch time: 45.438

New epoch - lr: 0.003
[1/23 iteration of epoch 14/30] 
 {loss} cls : 0.038, total : 0.038 
 {acc} cls : 98.44
------------------------------
<Losses on train> cls : 0.033, total : 0.033
<Accuracies on train> cls : 98.85
Train epoch time: 10.309
------------------------------
<Accuracies on val> class : 89.47
------------------------------
<Accuracies on test> class : 46.59
------------------------------
<Accuracies on cartoon> test class : 33.87
------------------------------
<Accuracies on art_painting> test class : 48.29
------------------------------
<Accuracies on sketch> test class : 53.30
------------------------------
Total epoch time: 43.619

New epoch - lr: 0.003
[1/23 iteration of epoch 15/30] 
 {loss} cls : 0.010, total : 0.010 
 {acc} cls : 100.00
------------------------------
<Losses on train> cls : 0.032, total : 0.032
<Accuracies on train> cls : 98.98
Train epoch time: 10.873
------------------------------
<Accuracies on val> class : 91.23
------------------------------
<Accuracies on test> class : 45.98
------------------------------
<Accuracies on cartoon> test class : 35.41
------------------------------
<Accuracies on art_painting> test class : 48.00
------------------------------
<Accuracies on sketch> test class : 51.23
------------------------------
Total epoch time: 46.788

New epoch - lr: 0.003
[1/23 iteration of epoch 16/30] 
 {loss} cls : 0.066, total : 0.066 
 {acc} cls : 98.44
------------------------------
<Losses on train> cls : 0.022, total : 0.022
<Accuracies on train> cls : 99.39
Train epoch time: 11.139
------------------------------
<Accuracies on val> class : 92.40
------------------------------
<Accuracies on test> class : 43.84
------------------------------
<Accuracies on cartoon> test class : 30.29
------------------------------
<Accuracies on art_painting> test class : 47.02
------------------------------
<Accuracies on sketch> test class : 50.27
------------------------------
Total epoch time: 48.131

New epoch - lr: 0.003
[1/23 iteration of epoch 17/30] 
 {loss} cls : 0.007, total : 0.007 
 {acc} cls : 100.00
------------------------------
<Losses on train> cls : 0.029, total : 0.029
<Accuracies on train> cls : 98.85
Train epoch time: 12.129
------------------------------
<Accuracies on val> class : 92.98
------------------------------
<Accuracies on test> class : 42.34
------------------------------
<Accuracies on cartoon> test class : 33.53
------------------------------
<Accuracies on art_painting> test class : 47.02
------------------------------
<Accuracies on sketch> test class : 45.15
------------------------------
Total epoch time: 45.862

New epoch - lr: 0.003
[1/23 iteration of epoch 18/30] 
 {loss} cls : 0.019, total : 0.019 
 {acc} cls : 100.00
------------------------------
<Losses on train> cls : 0.036, total : 0.036
<Accuracies on train> cls : 98.64
Train epoch time: 10.882
------------------------------
<Accuracies on val> class : 92.40
------------------------------
<Accuracies on test> class : 45.09
------------------------------
<Accuracies on cartoon> test class : 37.76
------------------------------
<Accuracies on art_painting> test class : 47.22
------------------------------
<Accuracies on sketch> test class : 48.36
------------------------------
Total epoch time: 44.538

New epoch - lr: 0.003
[1/23 iteration of epoch 19/30] 
 {loss} cls : 0.011, total : 0.011 
 {acc} cls : 100.00
------------------------------
<Losses on train> cls : 0.023, total : 0.023
<Accuracies on train> cls : 99.12
Train epoch time: 10.277
------------------------------
<Accuracies on val> class : 92.98
------------------------------
<Accuracies on test> class : 45.50
------------------------------
<Accuracies on cartoon> test class : 36.69
------------------------------
<Accuracies on art_painting> test class : 47.95
------------------------------
<Accuracies on sketch> test class : 49.48
------------------------------
Total epoch time: 47.325

New epoch - lr: 0.003
[1/23 iteration of epoch 20/30] 
 {loss} cls : 0.008, total : 0.008 
 {acc} cls : 100.00
------------------------------
<Losses on train> cls : 0.024, total : 0.024
<Accuracies on train> cls : 98.91
Train epoch time: 9.565
------------------------------
<Accuracies on val> class : 94.74
------------------------------
<Accuracies on test> class : 46.77
------------------------------
<Accuracies on cartoon> test class : 38.40
------------------------------
<Accuracies on art_painting> test class : 48.19
------------------------------
<Accuracies on sketch> test class : 51.03
------------------------------
Total epoch time: 46.742

New epoch - lr: 0.003
[1/23 iteration of epoch 21/30] 
 {loss} cls : 0.002, total : 0.002 
 {acc} cls : 100.00
------------------------------
<Losses on train> cls : 0.017, total : 0.017
<Accuracies on train> cls : 99.66
Train epoch time: 9.291
------------------------------
<Accuracies on val> class : 92.98
------------------------------
<Accuracies on test> class : 46.85
------------------------------
<Accuracies on cartoon> test class : 41.00
------------------------------
<Accuracies on art_painting> test class : 48.24
------------------------------
<Accuracies on sketch> test class : 49.61
------------------------------
Total epoch time: 45.497

New epoch - lr: 0.003
[1/23 iteration of epoch 22/30] 
 {loss} cls : 0.006, total : 0.006 
 {acc} cls : 100.00
------------------------------
<Losses on train> cls : 0.020, total : 0.020
<Accuracies on train> cls : 99.52
Train epoch time: 10.100
------------------------------
<Accuracies on val> class : 94.15
------------------------------
<Accuracies on test> class : 47.05
------------------------------
<Accuracies on cartoon> test class : 34.64
------------------------------
<Accuracies on art_painting> test class : 47.41
------------------------------
<Accuracies on sketch> test class : 54.26
------------------------------
Total epoch time: 46.398

New epoch - lr: 0.003
[1/23 iteration of epoch 23/30] 
 {loss} cls : 0.002, total : 0.002 
 {acc} cls : 100.00
------------------------------
<Losses on train> cls : 0.009, total : 0.009
<Accuracies on train> cls : 99.86
Train epoch time: 9.258
------------------------------
<Accuracies on val> class : 94.15
------------------------------
<Accuracies on test> class : 49.47
------------------------------
<Accuracies on cartoon> test class : 36.73
------------------------------
<Accuracies on art_painting> test class : 49.51
------------------------------
<Accuracies on sketch> test class : 57.04
------------------------------
Total epoch time: 47.488

New epoch - lr: 0.003
[1/23 iteration of epoch 24/30] 
 {loss} cls : 0.003, total : 0.003 
 {acc} cls : 100.00
------------------------------
<Losses on train> cls : 0.010, total : 0.010
<Accuracies on train> cls : 99.73
Train epoch time: 9.324
------------------------------
<Accuracies on val> class : 94.15
------------------------------
<Accuracies on test> class : 47.33
------------------------------
<Accuracies on cartoon> test class : 36.31
------------------------------
<Accuracies on art_painting> test class : 49.95
------------------------------
<Accuracies on sketch> test class : 52.53
------------------------------
Total epoch time: 43.254

New epoch - lr: 0.003
[1/23 iteration of epoch 25/30] 
 {loss} cls : 0.004, total : 0.004 
 {acc} cls : 100.00
------------------------------
<Losses on train> cls : 0.012, total : 0.012
<Accuracies on train> cls : 99.59
Train epoch time: 9.172
------------------------------
<Accuracies on val> class : 94.15
------------------------------
<Accuracies on test> class : 47.45
------------------------------
<Accuracies on cartoon> test class : 35.67
------------------------------
<Accuracies on art_painting> test class : 48.29
------------------------------
<Accuracies on sketch> test class : 54.03
------------------------------
Total epoch time: 43.426

New epoch - lr: 0.003
[1/23 iteration of epoch 26/30] 
 {loss} cls : 0.007, total : 0.007 
 {acc} cls : 100.00
------------------------------
<Losses on train> cls : 0.012, total : 0.012
<Accuracies on train> cls : 99.80
Train epoch time: 9.447
------------------------------
<Accuracies on val> class : 89.47
------------------------------
<Accuracies on test> class : 46.62
------------------------------
<Accuracies on cartoon> test class : 34.17
------------------------------
<Accuracies on art_painting> test class : 49.27
------------------------------
<Accuracies on sketch> test class : 52.66
------------------------------
Total epoch time: 46.944

New epoch - lr: 0.0009000000000000002
[1/23 iteration of epoch 27/30] 
 {loss} cls : 0.003, total : 0.003 
 {acc} cls : 100.00
------------------------------
<Losses on train> cls : 0.014, total : 0.014
<Accuracies on train> cls : 99.46
Train epoch time: 9.997
------------------------------
<Accuracies on val> class : 91.81
------------------------------
<Accuracies on test> class : 46.08
------------------------------
<Accuracies on cartoon> test class : 36.52
------------------------------
<Accuracies on art_painting> test class : 50.05
------------------------------
<Accuracies on sketch> test class : 49.71
------------------------------
Total epoch time: 44.661

New epoch - lr: 0.0009000000000000002
[1/23 iteration of epoch 28/30] 
 {loss} cls : 0.030, total : 0.030 
 {acc} cls : 98.44
------------------------------
<Losses on train> cls : 0.009, total : 0.009
<Accuracies on train> cls : 99.66
Train epoch time: 10.389
------------------------------
<Accuracies on val> class : 90.06
------------------------------
<Accuracies on test> class : 46.51
------------------------------
<Accuracies on cartoon> test class : 36.13
------------------------------
<Accuracies on art_painting> test class : 50.39
------------------------------
<Accuracies on sketch> test class : 50.67
------------------------------
Total epoch time: 44.826

New epoch - lr: 0.0009000000000000002
[1/23 iteration of epoch 29/30] 
 {loss} cls : 0.001, total : 0.001 
 {acc} cls : 100.00
------------------------------
<Losses on train> cls : 0.006, total : 0.006
<Accuracies on train> cls : 99.86
Train epoch time: 10.543
------------------------------
<Accuracies on val> class : 92.40
------------------------------
<Accuracies on test> class : 46.17
------------------------------
<Accuracies on cartoon> test class : 34.81
------------------------------
<Accuracies on art_painting> test class : 50.78
------------------------------
<Accuracies on sketch> test class : 50.55
------------------------------
Total epoch time: 49.157

New epoch - lr: 0.0009000000000000002
[1/23 iteration of epoch 30/30] 
 {loss} cls : 0.008, total : 0.008 
 {acc} cls : 100.00
------------------------------
<Losses on train> cls : 0.008, total : 0.008
<Accuracies on train> cls : 99.73
Train epoch time: 9.606
------------------------------
<Accuracies on val> class : 92.40
------------------------------
<Accuracies on test> class : 47.06
------------------------------
<Accuracies on cartoon> test class : 36.35
------------------------------
<Accuracies on art_painting> test class : 50.29
------------------------------
<Accuracies on sketch> test class : 51.77
------------------------------
Total epoch time: 52.420

******************************
Best val 0.947368, corresponding test 0.467732 - best test: 0.494652

******************************
Best val 0.9473684430122375, corresponding cartoon test 0.3839590549468994

******************************
Best val 0.9473684430122375, corresponding art_painting test 0.48193359375

******************************
Best val 0.9473684430122375, corresponding sketch test 0.5103079676628113
