
Loading experiment PACS/ResNet18_step


New epoch - lr: 0.003
[1/55 iteration of epoch 1/30] 
 {loss} cls : 2.255, total : 2.255 
 {acc} cls : 7.81
[31/55 iteration of epoch 1/30] 
 {loss} cls : 1.031, total : 1.031 
 {acc} cls : 65.62
------------------------------
<Losses on train> cls : 2.106, total : 2.106
<Accuracies on train> cls : 55.97
Train epoch time: 20.077
------------------------------
<Accuracies on val> class : 74.87
------------------------------
<Accuracies on test> class : 25.62
------------------------------
<Accuracies on photo> test class : 14.37
------------------------------
<Accuracies on cartoon> test class : 38.78
------------------------------
<Accuracies on art_painting> test class : 19.73
------------------------------
Total epoch time: 56.280

New epoch - lr: 0.003
[1/55 iteration of epoch 2/30] 
 {loss} cls : 0.725, total : 0.725 
 {acc} cls : 71.88
[31/55 iteration of epoch 2/30] 
 {loss} cls : 0.384, total : 0.384 
 {acc} cls : 84.38
------------------------------
<Losses on train> cls : 0.492, total : 0.492
<Accuracies on train> cls : 81.88
Train epoch time: 22.182
------------------------------
<Accuracies on val> class : 82.66
------------------------------
<Accuracies on test> class : 34.16
------------------------------
<Accuracies on photo> test class : 19.94
------------------------------
<Accuracies on cartoon> test class : 52.94
------------------------------
<Accuracies on art_painting> test class : 24.27
------------------------------
Total epoch time: 53.312

New epoch - lr: 0.003
[1/55 iteration of epoch 3/30] 
 {loss} cls : 0.218, total : 0.218 
 {acc} cls : 93.75
[31/55 iteration of epoch 3/30] 
 {loss} cls : 0.323, total : 0.323 
 {acc} cls : 87.50
------------------------------
<Losses on train> cls : 0.306, total : 0.306
<Accuracies on train> cls : 88.69
Train epoch time: 17.213
------------------------------
<Accuracies on val> class : 84.92
------------------------------
<Accuracies on test> class : 31.05
------------------------------
<Accuracies on photo> test class : 17.60
------------------------------
<Accuracies on cartoon> test class : 50.38
------------------------------
<Accuracies on art_painting> test class : 19.87
------------------------------
Total epoch time: 44.280

New epoch - lr: 0.003
[1/55 iteration of epoch 4/30] 
 {loss} cls : 0.121, total : 0.121 
 {acc} cls : 98.44
[31/55 iteration of epoch 4/30] 
 {loss} cls : 0.173, total : 0.173 
 {acc} cls : 93.75
------------------------------
<Losses on train> cls : 0.231, total : 0.231
<Accuracies on train> cls : 92.02
Train epoch time: 16.193
------------------------------
<Accuracies on val> class : 82.41
------------------------------
<Accuracies on test> class : 32.05
------------------------------
<Accuracies on photo> test class : 18.68
------------------------------
<Accuracies on cartoon> test class : 51.71
------------------------------
<Accuracies on art_painting> test class : 20.46
------------------------------
Total epoch time: 42.262

New epoch - lr: 0.003
[1/55 iteration of epoch 5/30] 
 {loss} cls : 0.126, total : 0.126 
 {acc} cls : 96.88
[31/55 iteration of epoch 5/30] 
 {loss} cls : 0.178, total : 0.178 
 {acc} cls : 95.31
------------------------------
<Losses on train> cls : 0.170, total : 0.170
<Accuracies on train> cls : 93.47
Train epoch time: 14.941
------------------------------
<Accuracies on val> class : 88.69
------------------------------
<Accuracies on test> class : 31.19
------------------------------
<Accuracies on photo> test class : 19.64
------------------------------
<Accuracies on cartoon> test class : 48.08
------------------------------
<Accuracies on art_painting> test class : 21.29
------------------------------
Total epoch time: 42.052

New epoch - lr: 0.003
[1/55 iteration of epoch 6/30] 
 {loss} cls : 0.126, total : 0.126 
 {acc} cls : 98.44
[31/55 iteration of epoch 6/30] 
 {loss} cls : 0.116, total : 0.116 
 {acc} cls : 96.88
------------------------------
<Losses on train> cls : 0.130, total : 0.130
<Accuracies on train> cls : 95.17
Train epoch time: 15.070
------------------------------
<Accuracies on val> class : 90.20
------------------------------
<Accuracies on test> class : 36.14
------------------------------
<Accuracies on photo> test class : 24.91
------------------------------
<Accuracies on cartoon> test class : 53.88
------------------------------
<Accuracies on art_painting> test class : 25.00
------------------------------
Total epoch time: 45.090

New epoch - lr: 0.003
[1/55 iteration of epoch 7/30] 
 {loss} cls : 0.035, total : 0.035 
 {acc} cls : 100.00
[31/55 iteration of epoch 7/30] 
 {loss} cls : 0.123, total : 0.123 
 {acc} cls : 95.31
------------------------------
<Losses on train> cls : 0.099, total : 0.099
<Accuracies on train> cls : 96.28
Train epoch time: 16.035
------------------------------
<Accuracies on val> class : 86.43
------------------------------
<Accuracies on test> class : 38.73
------------------------------
<Accuracies on photo> test class : 26.17
------------------------------
<Accuracies on cartoon> test class : 54.35
------------------------------
<Accuracies on art_painting> test class : 31.10
------------------------------
Total epoch time: 44.486

New epoch - lr: 0.003
[1/55 iteration of epoch 8/30] 
 {loss} cls : 0.240, total : 0.240 
 {acc} cls : 90.62
[31/55 iteration of epoch 8/30] 
 {loss} cls : 0.123, total : 0.123 
 {acc} cls : 96.88
------------------------------
<Losses on train> cls : 0.095, total : 0.095
<Accuracies on train> cls : 96.59
Train epoch time: 15.104
------------------------------
<Accuracies on val> class : 90.45
------------------------------
<Accuracies on test> class : 34.06
------------------------------
<Accuracies on photo> test class : 20.42
------------------------------
<Accuracies on cartoon> test class : 53.37
------------------------------
<Accuracies on art_painting> test class : 23.10
------------------------------
Total epoch time: 43.014

New epoch - lr: 0.003
[1/55 iteration of epoch 9/30] 
 {loss} cls : 0.100, total : 0.100 
 {acc} cls : 95.31
[31/55 iteration of epoch 9/30] 
 {loss} cls : 0.065, total : 0.065 
 {acc} cls : 98.44
------------------------------
<Losses on train> cls : 0.071, total : 0.071
<Accuracies on train> cls : 97.47
Train epoch time: 16.106
------------------------------
<Accuracies on val> class : 91.71
------------------------------
<Accuracies on test> class : 33.97
------------------------------
<Accuracies on photo> test class : 20.42
------------------------------
<Accuracies on cartoon> test class : 51.96
------------------------------
<Accuracies on art_painting> test class : 24.41
------------------------------
Total epoch time: 45.504

New epoch - lr: 0.003
[1/55 iteration of epoch 10/30] 
 {loss} cls : 0.056, total : 0.056 
 {acc} cls : 96.88
[31/55 iteration of epoch 10/30] 
 {loss} cls : 0.030, total : 0.030 
 {acc} cls : 98.44
------------------------------
<Losses on train> cls : 0.057, total : 0.057
<Accuracies on train> cls : 97.98
Train epoch time: 16.330
------------------------------
<Accuracies on val> class : 88.44
------------------------------
<Accuracies on test> class : 37.22
------------------------------
<Accuracies on photo> test class : 23.89
------------------------------
<Accuracies on cartoon> test class : 56.66
------------------------------
<Accuracies on art_painting> test class : 25.83
------------------------------
Total epoch time: 43.627

New epoch - lr: 0.003
[1/55 iteration of epoch 11/30] 
 {loss} cls : 0.096, total : 0.096 
 {acc} cls : 96.88
[31/55 iteration of epoch 11/30] 
 {loss} cls : 0.029, total : 0.029 
 {acc} cls : 98.44
------------------------------
<Losses on train> cls : 0.049, total : 0.049
<Accuracies on train> cls : 98.07
Train epoch time: 14.724
------------------------------
<Accuracies on val> class : 91.71
------------------------------
<Accuracies on test> class : 36.82
------------------------------
<Accuracies on photo> test class : 24.07
------------------------------
<Accuracies on cartoon> test class : 55.84
------------------------------
<Accuracies on art_painting> test class : 25.44
------------------------------
Total epoch time: 42.818

New epoch - lr: 0.003
[1/55 iteration of epoch 12/30] 
 {loss} cls : 0.008, total : 0.008 
 {acc} cls : 100.00
[31/55 iteration of epoch 12/30] 
 {loss} cls : 0.041, total : 0.041 
 {acc} cls : 98.44
------------------------------
<Losses on train> cls : 0.046, total : 0.046
<Accuracies on train> cls : 98.35
Train epoch time: 15.584
------------------------------
<Accuracies on val> class : 91.21
------------------------------
<Accuracies on test> class : 38.85
------------------------------
<Accuracies on photo> test class : 24.55
------------------------------
<Accuracies on cartoon> test class : 58.02
------------------------------
<Accuracies on art_painting> test class : 28.56
------------------------------
Total epoch time: 42.958

New epoch - lr: 0.003
[1/55 iteration of epoch 13/30] 
 {loss} cls : 0.015, total : 0.015 
 {acc} cls : 100.00
[31/55 iteration of epoch 13/30] 
 {loss} cls : 0.053, total : 0.053 
 {acc} cls : 98.44
------------------------------
<Losses on train> cls : 0.050, total : 0.050
<Accuracies on train> cls : 98.24
Train epoch time: 15.483
------------------------------
<Accuracies on val> class : 92.21
------------------------------
<Accuracies on test> class : 32.94
------------------------------
<Accuracies on photo> test class : 18.20
------------------------------
<Accuracies on cartoon> test class : 54.14
------------------------------
<Accuracies on art_painting> test class : 20.70
------------------------------
Total epoch time: 44.506

New epoch - lr: 0.003
[1/55 iteration of epoch 14/30] 
 {loss} cls : 0.008, total : 0.008 
 {acc} cls : 100.00
[31/55 iteration of epoch 14/30] 
 {loss} cls : 0.071, total : 0.071 
 {acc} cls : 96.88
------------------------------
<Losses on train> cls : 0.044, total : 0.044
<Accuracies on train> cls : 98.52
Train epoch time: 15.179
------------------------------
<Accuracies on val> class : 90.95
------------------------------
<Accuracies on test> class : 31.29
------------------------------
<Accuracies on photo> test class : 18.44
------------------------------
<Accuracies on cartoon> test class : 51.96
------------------------------
<Accuracies on art_painting> test class : 18.12
------------------------------
Total epoch time: 40.819

New epoch - lr: 0.003
[1/55 iteration of epoch 15/30] 
 {loss} cls : 0.055, total : 0.055 
 {acc} cls : 98.44
[31/55 iteration of epoch 15/30] 
 {loss} cls : 0.084, total : 0.084 
 {acc} cls : 95.31
------------------------------
<Losses on train> cls : 0.041, total : 0.041
<Accuracies on train> cls : 98.55
Train epoch time: 15.575
------------------------------
<Accuracies on val> class : 91.96
------------------------------
<Accuracies on test> class : 34.96
------------------------------
<Accuracies on photo> test class : 20.54
------------------------------
<Accuracies on cartoon> test class : 54.82
------------------------------
<Accuracies on art_painting> test class : 23.97
------------------------------
Total epoch time: 40.010

New epoch - lr: 0.003
[1/55 iteration of epoch 16/30] 
 {loss} cls : 0.007, total : 0.007 
 {acc} cls : 100.00
[31/55 iteration of epoch 16/30] 
 {loss} cls : 0.006, total : 0.006 
 {acc} cls : 100.00
------------------------------
<Losses on train> cls : 0.029, total : 0.029
<Accuracies on train> cls : 98.84
Train epoch time: 17.107
------------------------------
<Accuracies on val> class : 92.71
------------------------------
<Accuracies on test> class : 37.02
------------------------------
<Accuracies on photo> test class : 21.92
------------------------------
<Accuracies on cartoon> test class : 56.10
------------------------------
<Accuracies on art_painting> test class : 27.49
------------------------------
Total epoch time: 44.063

New epoch - lr: 0.003
[1/55 iteration of epoch 17/30] 
 {loss} cls : 0.011, total : 0.011 
 {acc} cls : 100.00
[31/55 iteration of epoch 17/30] 
 {loss} cls : 0.011, total : 0.011 
 {acc} cls : 100.00
------------------------------
<Losses on train> cls : 0.023, total : 0.023
<Accuracies on train> cls : 99.23
Train epoch time: 16.493
------------------------------
<Accuracies on val> class : 91.46
------------------------------
<Accuracies on test> class : 38.30
------------------------------
<Accuracies on photo> test class : 25.27
------------------------------
<Accuracies on cartoon> test class : 56.19
------------------------------
<Accuracies on art_painting> test class : 28.47
------------------------------
Total epoch time: 44.707

New epoch - lr: 0.003
[1/55 iteration of epoch 18/30] 
 {loss} cls : 0.021, total : 0.021 
 {acc} cls : 98.44
[31/55 iteration of epoch 18/30] 
 {loss} cls : 0.003, total : 0.003 
 {acc} cls : 100.00
------------------------------
<Losses on train> cls : 0.026, total : 0.026
<Accuracies on train> cls : 99.09
Train epoch time: 16.951
------------------------------
<Accuracies on val> class : 92.21
------------------------------
<Accuracies on test> class : 36.54
------------------------------
<Accuracies on photo> test class : 23.95
------------------------------
<Accuracies on cartoon> test class : 54.95
------------------------------
<Accuracies on art_painting> test class : 25.73
------------------------------
Total epoch time: 42.299

New epoch - lr: 0.003
[1/55 iteration of epoch 19/30] 
 {loss} cls : 0.040, total : 0.040 
 {acc} cls : 98.44
[31/55 iteration of epoch 19/30] 
 {loss} cls : 0.004, total : 0.004 
 {acc} cls : 100.00
------------------------------
<Losses on train> cls : 0.015, total : 0.015
<Accuracies on train> cls : 99.55
Train epoch time: 16.258
------------------------------
<Accuracies on val> class : 90.20
------------------------------
<Accuracies on test> class : 37.25
------------------------------
<Accuracies on photo> test class : 24.49
------------------------------
<Accuracies on cartoon> test class : 56.57
------------------------------
<Accuracies on art_painting> test class : 25.54
------------------------------
Total epoch time: 40.860

New epoch - lr: 0.003
[1/55 iteration of epoch 20/30] 
 {loss} cls : 0.030, total : 0.030 
 {acc} cls : 98.44
[31/55 iteration of epoch 20/30] 
 {loss} cls : 0.024, total : 0.024 
 {acc} cls : 100.00
------------------------------
<Losses on train> cls : 0.017, total : 0.017
<Accuracies on train> cls : 99.40
Train epoch time: 15.209
------------------------------
<Accuracies on val> class : 89.20
------------------------------
<Accuracies on test> class : 33.88
------------------------------
<Accuracies on photo> test class : 20.30
------------------------------
<Accuracies on cartoon> test class : 54.52
------------------------------
<Accuracies on art_painting> test class : 21.34
------------------------------
Total epoch time: 42.461

New epoch - lr: 0.003
[1/55 iteration of epoch 21/30] 
 {loss} cls : 0.013, total : 0.013 
 {acc} cls : 100.00
[31/55 iteration of epoch 21/30] 
 {loss} cls : 0.003, total : 0.003 
 {acc} cls : 100.00
------------------------------
<Losses on train> cls : 0.009, total : 0.009
<Accuracies on train> cls : 99.83
Train epoch time: 15.705
------------------------------
<Accuracies on val> class : 91.96
------------------------------
<Accuracies on test> class : 36.85
------------------------------
<Accuracies on photo> test class : 23.41
------------------------------
<Accuracies on cartoon> test class : 57.21
------------------------------
<Accuracies on art_painting> test class : 24.51
------------------------------
Total epoch time: 42.487

New epoch - lr: 0.003
[1/55 iteration of epoch 22/30] 
 {loss} cls : 0.002, total : 0.002 
 {acc} cls : 100.00
[31/55 iteration of epoch 22/30] 
 {loss} cls : 0.011, total : 0.011 
 {acc} cls : 100.00
------------------------------
<Losses on train> cls : 0.010, total : 0.010
<Accuracies on train> cls : 99.60
Train epoch time: 15.540
------------------------------
<Accuracies on val> class : 92.21
------------------------------
<Accuracies on test> class : 38.60
------------------------------
<Accuracies on photo> test class : 24.67
------------------------------
<Accuracies on cartoon> test class : 57.76
------------------------------
<Accuracies on art_painting> test class : 28.03
------------------------------
Total epoch time: 43.297

New epoch - lr: 0.003
[1/55 iteration of epoch 23/30] 
 {loss} cls : 0.009, total : 0.009 
 {acc} cls : 100.00
[31/55 iteration of epoch 23/30] 
 {loss} cls : 0.011, total : 0.011 
 {acc} cls : 100.00
------------------------------
<Losses on train> cls : 0.008, total : 0.008
<Accuracies on train> cls : 99.72
Train epoch time: 14.979
------------------------------
<Accuracies on val> class : 92.21
------------------------------
<Accuracies on test> class : 36.94
------------------------------
<Accuracies on photo> test class : 23.89
------------------------------
<Accuracies on cartoon> test class : 56.31
------------------------------
<Accuracies on art_painting> test class : 25.39
------------------------------
Total epoch time: 45.309

New epoch - lr: 0.003
[1/55 iteration of epoch 24/30] 
 {loss} cls : 0.002, total : 0.002 
 {acc} cls : 100.00
[31/55 iteration of epoch 24/30] 
 {loss} cls : 0.001, total : 0.001 
 {acc} cls : 100.00
------------------------------
<Losses on train> cls : 0.005, total : 0.005
<Accuracies on train> cls : 99.86
Train epoch time: 15.094
------------------------------
<Accuracies on val> class : 92.46
------------------------------
<Accuracies on test> class : 36.26
------------------------------
<Accuracies on photo> test class : 22.51
------------------------------
<Accuracies on cartoon> test class : 56.40
------------------------------
<Accuracies on art_painting> test class : 24.41
------------------------------
Total epoch time: 42.952

New epoch - lr: 0.003
[1/55 iteration of epoch 25/30] 
 {loss} cls : 0.001, total : 0.001 
 {acc} cls : 100.00
[31/55 iteration of epoch 25/30] 
 {loss} cls : 0.011, total : 0.011 
 {acc} cls : 100.00
------------------------------
<Losses on train> cls : 0.011, total : 0.011
<Accuracies on train> cls : 99.60
Train epoch time: 16.732
------------------------------
<Accuracies on val> class : 92.46
------------------------------
<Accuracies on test> class : 37.43
------------------------------
<Accuracies on photo> test class : 23.83
------------------------------
<Accuracies on cartoon> test class : 56.53
------------------------------
<Accuracies on art_painting> test class : 26.66
------------------------------
Total epoch time: 43.682

New epoch - lr: 0.003
[1/55 iteration of epoch 26/30] 
 {loss} cls : 0.005, total : 0.005 
 {acc} cls : 100.00
[31/55 iteration of epoch 26/30] 
 {loss} cls : 0.006, total : 0.006 
 {acc} cls : 100.00
------------------------------
<Losses on train> cls : 0.010, total : 0.010
<Accuracies on train> cls : 99.69
Train epoch time: 14.434
------------------------------
<Accuracies on val> class : 91.71
------------------------------
<Accuracies on test> class : 38.95
------------------------------
<Accuracies on photo> test class : 25.39
------------------------------
<Accuracies on cartoon> test class : 58.75
------------------------------
<Accuracies on art_painting> test class : 27.34
------------------------------
Total epoch time: 40.469

New epoch - lr: 0.0009000000000000002
[1/55 iteration of epoch 27/30] 
 {loss} cls : 0.008, total : 0.008 
 {acc} cls : 100.00
[31/55 iteration of epoch 27/30] 
 {loss} cls : 0.007, total : 0.007 
 {acc} cls : 100.00
------------------------------
<Losses on train> cls : 0.007, total : 0.007
<Accuracies on train> cls : 99.72
Train epoch time: 14.943
------------------------------
<Accuracies on val> class : 91.71
------------------------------
<Accuracies on test> class : 35.86
------------------------------
<Accuracies on photo> test class : 22.16
------------------------------
<Accuracies on cartoon> test class : 56.57
------------------------------
<Accuracies on art_painting> test class : 23.34
------------------------------
Total epoch time: 41.638

New epoch - lr: 0.0009000000000000002
[1/55 iteration of epoch 28/30] 
 {loss} cls : 0.000, total : 0.000 
 {acc} cls : 100.00
[31/55 iteration of epoch 28/30] 
 {loss} cls : 0.017, total : 0.017 
 {acc} cls : 100.00
------------------------------
<Losses on train> cls : 0.004, total : 0.004
<Accuracies on train> cls : 99.91
Train epoch time: 15.611
------------------------------
<Accuracies on val> class : 92.21
------------------------------
<Accuracies on test> class : 36.85
------------------------------
<Accuracies on photo> test class : 22.99
------------------------------
<Accuracies on cartoon> test class : 57.55
------------------------------
<Accuracies on art_painting> test class : 24.46
------------------------------
Total epoch time: 43.260

New epoch - lr: 0.0009000000000000002
[1/55 iteration of epoch 29/30] 
 {loss} cls : 0.002, total : 0.002 
 {acc} cls : 100.00
[31/55 iteration of epoch 29/30] 
 {loss} cls : 0.003, total : 0.003 
 {acc} cls : 100.00
------------------------------
<Losses on train> cls : 0.004, total : 0.004
<Accuracies on train> cls : 99.91
Train epoch time: 15.777
------------------------------
<Accuracies on val> class : 92.46
------------------------------
<Accuracies on test> class : 36.75
------------------------------
<Accuracies on photo> test class : 23.11
------------------------------
<Accuracies on cartoon> test class : 56.70
------------------------------
<Accuracies on art_painting> test class : 25.05
------------------------------
Total epoch time: 41.217

New epoch - lr: 0.0009000000000000002
[1/55 iteration of epoch 30/30] 
 {loss} cls : 0.009, total : 0.009 
 {acc} cls : 100.00
[31/55 iteration of epoch 30/30] 
 {loss} cls : 0.014, total : 0.014 
 {acc} cls : 100.00
------------------------------
<Losses on train> cls : 0.003, total : 0.003
<Accuracies on train> cls : 100.00
Train epoch time: 16.475
------------------------------
<Accuracies on val> class : 91.96
------------------------------
<Accuracies on test> class : 36.85
------------------------------
<Accuracies on photo> test class : 22.69
------------------------------
<Accuracies on cartoon> test class : 57.51
------------------------------
<Accuracies on art_painting> test class : 24.76
------------------------------
Total epoch time: 42.611

******************************
Best val 0.927136, corresponding test 0.370175 - best test: 0.389475

******************************
Best val 0.927135705947876, corresponding photo test 0.21916167438030243

******************************
Best val 0.927135705947876, corresponding cartoon test 0.5610068440437317

******************************
Best val 0.927135705947876, corresponding art_painting test 0.27490234375
