
Loading experiment ImageNet9/ResNet18_step


New epoch - lr: 0.003
[1/31 iteration of epoch 1/30] 
 {loss} cls : 2.288, total : 2.288 
 {acc} cls : 13.28
[31/31 iteration of epoch 1/30] 
 {loss} cls : 0.434, total : 0.434 
 {acc} cls : 94.53
------------------------------
<Losses on train> cls : 1.097, total : 1.097
<Accuracies on train> cls : 47.93
Train epoch time: 19.987
------------------------------
<Accuracies on val> class : 95.80
------------------------------
<Accuracies on test> class : 78.58
------------------------------
<Accuracies on mixed_rand> test class : 70.74
------------------------------
<Accuracies on mixed_same> test class : 86.42
------------------------------
Total epoch time: 31.034

New epoch - lr: 0.003
[1/31 iteration of epoch 2/30] 
 {loss} cls : 2.195, total : 2.195 
 {acc} cls : 38.28
[31/31 iteration of epoch 2/30] 
 {loss} cls : 0.969, total : 0.969 
 {acc} cls : 92.19
------------------------------
<Losses on train> cls : 0.785, total : 0.785
<Accuracies on train> cls : 47.18
Train epoch time: 19.080
------------------------------
<Accuracies on val> class : 94.32
------------------------------
<Accuracies on test> class : 75.96
------------------------------
<Accuracies on mixed_rand> test class : 68.15
------------------------------
<Accuracies on mixed_same> test class : 83.77
------------------------------
Total epoch time: 29.087

New epoch - lr: 0.003
[1/31 iteration of epoch 3/30] 
 {loss} cls : 0.380, total : 0.380 
 {acc} cls : 96.88
[31/31 iteration of epoch 3/30] 
 {loss} cls : 0.200, total : 0.200 
 {acc} cls : 10.16
------------------------------
<Losses on train> cls : 0.635, total : 0.635
<Accuracies on train> cls : 63.10
Train epoch time: 19.338
------------------------------
<Accuracies on val> class : 92.84
------------------------------
<Accuracies on test> class : 71.79
------------------------------
<Accuracies on mixed_rand> test class : 64.07
------------------------------
<Accuracies on mixed_same> test class : 79.51
------------------------------
Total epoch time: 29.556

New epoch - lr: 0.003
[1/31 iteration of epoch 4/30] 
 {loss} cls : 0.202, total : 0.202 
 {acc} cls : 14.84
[31/31 iteration of epoch 4/30] 
 {loss} cls : 1.435, total : 1.435 
 {acc} cls : 75.78
------------------------------
<Losses on train> cls : 0.690, total : 0.690
<Accuracies on train> cls : 48.77
Train epoch time: 19.792
------------------------------
<Accuracies on val> class : 91.85
------------------------------
<Accuracies on test> class : 77.19
------------------------------
<Accuracies on mixed_rand> test class : 69.75
------------------------------
<Accuracies on mixed_same> test class : 84.63
------------------------------
Total epoch time: 29.581

New epoch - lr: 0.003
[1/31 iteration of epoch 5/30] 
 {loss} cls : 0.510, total : 0.510 
 {acc} cls : 98.44
[31/31 iteration of epoch 5/30] 
 {loss} cls : 1.730, total : 1.730 
 {acc} cls : 50.00
------------------------------
<Losses on train> cls : 0.658, total : 0.658
<Accuracies on train> cls : 58.67
Train epoch time: 19.261
------------------------------
<Accuracies on val> class : 93.33
------------------------------
<Accuracies on test> class : 75.93
------------------------------
<Accuracies on mixed_rand> test class : 68.15
------------------------------
<Accuracies on mixed_same> test class : 83.70
------------------------------
Total epoch time: 29.194

New epoch - lr: 0.003
[1/31 iteration of epoch 6/30] 
 {loss} cls : 1.145, total : 1.145 
 {acc} cls : 92.19
[31/31 iteration of epoch 6/30] 
 {loss} cls : 0.701, total : 0.701 
 {acc} cls : 97.66
------------------------------
<Losses on train> cls : 0.657, total : 0.657
<Accuracies on train> cls : 50.08
Train epoch time: 19.405
------------------------------
<Accuracies on val> class : 93.58
------------------------------
<Accuracies on test> class : 77.56
------------------------------
<Accuracies on mixed_rand> test class : 70.43
------------------------------
<Accuracies on mixed_same> test class : 84.69
------------------------------
Total epoch time: 29.083

New epoch - lr: 0.003
[1/31 iteration of epoch 7/30] 
 {loss} cls : 0.150, total : 0.150 
 {acc} cls : 7.03
[31/31 iteration of epoch 7/30] 
 {loss} cls : 0.149, total : 0.149 
 {acc} cls : 100.00
------------------------------
<Losses on train> cls : 0.695, total : 0.695
<Accuracies on train> cls : 62.37
Train epoch time: 19.552
------------------------------
<Accuracies on val> class : 93.58
------------------------------
<Accuracies on test> class : 74.91
------------------------------
<Accuracies on mixed_rand> test class : 67.41
------------------------------
<Accuracies on mixed_same> test class : 82.41
------------------------------
Total epoch time: 29.208

New epoch - lr: 0.003
[1/31 iteration of epoch 8/30] 
 {loss} cls : 0.915, total : 0.915 
 {acc} cls : 12.50
[31/31 iteration of epoch 8/30] 
 {loss} cls : 0.341, total : 0.341 
 {acc} cls : 97.66
------------------------------
<Losses on train> cls : 0.811, total : 0.811
<Accuracies on train> cls : 44.41
Train epoch time: 19.216
------------------------------
<Accuracies on val> class : 93.83
------------------------------
<Accuracies on test> class : 76.36
------------------------------
<Accuracies on mixed_rand> test class : 69.32
------------------------------
<Accuracies on mixed_same> test class : 83.40
------------------------------
Total epoch time: 28.959

New epoch - lr: 0.003
[1/31 iteration of epoch 9/30] 
 {loss} cls : 1.691, total : 1.691 
 {acc} cls : 68.75
[31/31 iteration of epoch 9/30] 
 {loss} cls : 0.320, total : 0.320 
 {acc} cls : 100.00
------------------------------
<Losses on train> cls : 0.717, total : 0.717
<Accuracies on train> cls : 41.23
Train epoch time: 19.410
------------------------------
<Accuracies on val> class : 92.35
------------------------------
<Accuracies on test> class : 71.64
------------------------------
<Accuracies on mixed_rand> test class : 64.38
------------------------------
<Accuracies on mixed_same> test class : 78.89
------------------------------
Total epoch time: 29.214

New epoch - lr: 0.003
[1/31 iteration of epoch 10/30] 
 {loss} cls : 0.139, total : 0.139 
 {acc} cls : 96.88
[31/31 iteration of epoch 10/30] 
 {loss} cls : 0.126, total : 0.126 
 {acc} cls : 21.09
------------------------------
<Losses on train> cls : 0.499, total : 0.499
<Accuracies on train> cls : 56.88
Train epoch time: 19.225
------------------------------
<Accuracies on val> class : 94.07
------------------------------
<Accuracies on test> class : 79.01
------------------------------
<Accuracies on mixed_rand> test class : 72.84
------------------------------
<Accuracies on mixed_same> test class : 85.19
------------------------------
Total epoch time: 29.014

New epoch - lr: 0.003
[1/31 iteration of epoch 11/30] 
 {loss} cls : 1.342, total : 1.342 
 {acc} cls : 84.38
[31/31 iteration of epoch 11/30] 
 {loss} cls : 0.217, total : 0.217 
 {acc} cls : 9.38
------------------------------
<Losses on train> cls : 0.614, total : 0.614
<Accuracies on train> cls : 54.54
Train epoch time: 19.518
------------------------------
<Accuracies on val> class : 93.09
------------------------------
<Accuracies on test> class : 76.70
------------------------------
<Accuracies on mixed_rand> test class : 69.20
------------------------------
<Accuracies on mixed_same> test class : 84.20
------------------------------
Total epoch time: 29.496

New epoch - lr: 0.003
[1/31 iteration of epoch 12/30] 
 {loss} cls : 0.207, total : 0.207 
 {acc} cls : 100.00
[31/31 iteration of epoch 12/30] 
 {loss} cls : 0.312, total : 0.312 
 {acc} cls : 10.94
------------------------------
<Losses on train> cls : 0.566, total : 0.566
<Accuracies on train> cls : 44.20
Train epoch time: 19.512
------------------------------
<Accuracies on val> class : 93.58
------------------------------
<Accuracies on test> class : 74.10
------------------------------
<Accuracies on mixed_rand> test class : 66.30
------------------------------
<Accuracies on mixed_same> test class : 81.91
------------------------------
Total epoch time: 29.015

New epoch - lr: 0.003
[1/31 iteration of epoch 13/30] 
 {loss} cls : 0.811, total : 0.811 
 {acc} cls : 15.62
[31/31 iteration of epoch 13/30] 
 {loss} cls : 0.107, total : 0.107 
 {acc} cls : 8.59
------------------------------
<Losses on train> cls : 0.579, total : 0.579
<Accuracies on train> cls : 63.13
Train epoch time: 18.708
------------------------------
<Accuracies on val> class : 92.35
------------------------------
<Accuracies on test> class : 76.91
------------------------------
<Accuracies on mixed_rand> test class : 69.63
------------------------------
<Accuracies on mixed_same> test class : 84.20
------------------------------
Total epoch time: 29.016

New epoch - lr: 0.003
[1/31 iteration of epoch 14/30] 
 {loss} cls : 0.911, total : 0.911 
 {acc} cls : 13.28
[31/31 iteration of epoch 14/30] 
 {loss} cls : 0.637, total : 0.637 
 {acc} cls : 97.66
------------------------------
<Losses on train> cls : 0.664, total : 0.664
<Accuracies on train> cls : 61.06
Train epoch time: 19.238
------------------------------
<Accuracies on val> class : 94.32
------------------------------
<Accuracies on test> class : 76.67
------------------------------
<Accuracies on mixed_rand> test class : 69.32
------------------------------
<Accuracies on mixed_same> test class : 84.01
------------------------------
Total epoch time: 28.746

New epoch - lr: 0.003
[1/31 iteration of epoch 15/30] 
 {loss} cls : 1.147, total : 1.147 
 {acc} cls : 14.06
[31/31 iteration of epoch 15/30] 
 {loss} cls : 0.197, total : 0.197 
 {acc} cls : 100.00
------------------------------
<Losses on train> cls : 0.653, total : 0.653
<Accuracies on train> cls : 54.76
Train epoch time: 19.780
------------------------------
<Accuracies on val> class : 93.58
------------------------------
<Accuracies on test> class : 79.41
------------------------------
<Accuracies on mixed_rand> test class : 72.59
------------------------------
<Accuracies on mixed_same> test class : 86.23
------------------------------
Total epoch time: 29.422

New epoch - lr: 0.003
[1/31 iteration of epoch 16/30] 
 {loss} cls : 0.098, total : 0.098 
 {acc} cls : 100.00
[31/31 iteration of epoch 16/30] 
 {loss} cls : 0.513, total : 0.513 
 {acc} cls : 16.41
------------------------------
<Losses on train> cls : 0.711, total : 0.711
<Accuracies on train> cls : 52.24
Train epoch time: 19.119
------------------------------
<Accuracies on val> class : 92.84
------------------------------
<Accuracies on test> class : 76.82
------------------------------
<Accuracies on mixed_rand> test class : 69.69
------------------------------
<Accuracies on mixed_same> test class : 83.95
------------------------------
Total epoch time: 28.977

New epoch - lr: 0.003
[1/31 iteration of epoch 17/30] 
 {loss} cls : 0.155, total : 0.155 
 {acc} cls : 10.94
[31/31 iteration of epoch 17/30] 
 {loss} cls : 1.677, total : 1.677 
 {acc} cls : 35.94
------------------------------
<Losses on train> cls : 0.547, total : 0.547
<Accuracies on train> cls : 57.43
Train epoch time: 18.934
------------------------------
<Accuracies on val> class : 93.33
------------------------------
<Accuracies on test> class : 76.94
------------------------------
<Accuracies on mixed_rand> test class : 69.63
------------------------------
<Accuracies on mixed_same> test class : 84.26
------------------------------
Total epoch time: 28.928

New epoch - lr: 0.003
[1/31 iteration of epoch 18/30] 
 {loss} cls : 1.479, total : 1.479 
 {acc} cls : 79.69
[31/31 iteration of epoch 18/30] 
 {loss} cls : 1.606, total : 1.606 
 {acc} cls : 65.62
------------------------------
<Losses on train> cls : 0.633, total : 0.633
<Accuracies on train> cls : 49.52
Train epoch time: 19.562
------------------------------
<Accuracies on val> class : 87.65
------------------------------
<Accuracies on test> class : 70.37
------------------------------
<Accuracies on mixed_rand> test class : 63.21
------------------------------
<Accuracies on mixed_same> test class : 77.53
------------------------------
Total epoch time: 29.537

New epoch - lr: 0.003
[1/31 iteration of epoch 19/30] 
 {loss} cls : 0.100, total : 0.100 
 {acc} cls : 7.81
[31/31 iteration of epoch 19/30] 
 {loss} cls : 1.254, total : 1.254 
 {acc} cls : 85.94
------------------------------
<Losses on train> cls : 0.720, total : 0.720
<Accuracies on train> cls : 61.42
Train epoch time: 19.759
------------------------------
<Accuracies on val> class : 92.59
------------------------------
<Accuracies on test> class : 76.48
------------------------------
<Accuracies on mixed_rand> test class : 69.63
------------------------------
<Accuracies on mixed_same> test class : 83.33
------------------------------
Total epoch time: 29.767

New epoch - lr: 0.003
[1/31 iteration of epoch 20/30] 
 {loss} cls : 0.175, total : 0.175 
 {acc} cls : 100.00
[31/31 iteration of epoch 20/30] 
 {loss} cls : 1.172, total : 1.172 
 {acc} cls : 14.06
------------------------------
<Losses on train> cls : 0.671, total : 0.671
<Accuracies on train> cls : 46.37
Train epoch time: 19.409
------------------------------
<Accuracies on val> class : 92.10
------------------------------
<Accuracies on test> class : 75.68
------------------------------
<Accuracies on mixed_rand> test class : 68.33
------------------------------
<Accuracies on mixed_same> test class : 83.02
------------------------------
Total epoch time: 29.162

New epoch - lr: 0.003
[1/31 iteration of epoch 21/30] 
 {loss} cls : 0.904, total : 0.904 
 {acc} cls : 97.66
[31/31 iteration of epoch 21/30] 
 {loss} cls : 0.081, total : 0.081 
 {acc} cls : 100.00
------------------------------
<Losses on train> cls : 0.506, total : 0.506
<Accuracies on train> cls : 65.35
Train epoch time: 19.627
------------------------------
<Accuracies on val> class : 92.59
------------------------------
<Accuracies on test> class : 76.17
------------------------------
<Accuracies on mixed_rand> test class : 68.77
------------------------------
<Accuracies on mixed_same> test class : 83.58
------------------------------
Total epoch time: 29.426

New epoch - lr: 0.003
[1/31 iteration of epoch 22/30] 
 {loss} cls : 0.881, total : 0.881 
 {acc} cls : 98.44
[31/31 iteration of epoch 22/30] 
 {loss} cls : 0.092, total : 0.092 
 {acc} cls : 10.94
------------------------------
<Losses on train> cls : 0.587, total : 0.587
<Accuracies on train> cls : 45.64
Train epoch time: 19.850
------------------------------
<Accuracies on val> class : 91.36
------------------------------
<Accuracies on test> class : 75.59
------------------------------
<Accuracies on mixed_rand> test class : 68.77
------------------------------
<Accuracies on mixed_same> test class : 82.41
------------------------------
Total epoch time: 29.396

New epoch - lr: 0.003
[1/31 iteration of epoch 23/30] 
 {loss} cls : 0.104, total : 0.104 
 {acc} cls : 100.00
[31/31 iteration of epoch 23/30] 
 {loss} cls : 1.533, total : 1.533 
 {acc} cls : 73.44
------------------------------
<Losses on train> cls : 0.692, total : 0.692
<Accuracies on train> cls : 55.22
Train epoch time: 19.220
------------------------------
<Accuracies on val> class : 90.86
------------------------------
<Accuracies on test> class : 71.48
------------------------------
<Accuracies on mixed_rand> test class : 63.40
------------------------------
<Accuracies on mixed_same> test class : 79.57
------------------------------
Total epoch time: 29.377

New epoch - lr: 0.003
[1/31 iteration of epoch 24/30] 
 {loss} cls : 1.447, total : 1.447 
 {acc} cls : 16.41
[31/31 iteration of epoch 24/30] 
 {loss} cls : 1.099, total : 1.099 
 {acc} cls : 92.97
------------------------------
<Losses on train> cls : 0.451, total : 0.451
<Accuracies on train> cls : 59.95
Train epoch time: 18.957
------------------------------
<Accuracies on val> class : 94.07
------------------------------
<Accuracies on test> class : 77.65
------------------------------
<Accuracies on mixed_rand> test class : 70.86
------------------------------
<Accuracies on mixed_same> test class : 84.44
------------------------------
Total epoch time: 28.512

New epoch - lr: 0.003
[1/31 iteration of epoch 25/30] 
 {loss} cls : 0.117, total : 0.117 
 {acc} cls : 10.94
[31/31 iteration of epoch 25/30] 
 {loss} cls : 0.470, total : 0.470 
 {acc} cls : 100.00
------------------------------
<Losses on train> cls : 0.657, total : 0.657
<Accuracies on train> cls : 47.98
Train epoch time: 18.595
------------------------------
<Accuracies on val> class : 92.59
------------------------------
<Accuracies on test> class : 77.56
------------------------------
<Accuracies on mixed_rand> test class : 69.94
------------------------------
<Accuracies on mixed_same> test class : 85.19
------------------------------
Total epoch time: 28.372

New epoch - lr: 0.003
[1/31 iteration of epoch 26/30] 
 {loss} cls : 1.485, total : 1.485 
 {acc} cls : 55.47
[31/31 iteration of epoch 26/30] 
 {loss} cls : 0.168, total : 0.168 
 {acc} cls : 100.00
------------------------------
<Losses on train> cls : 0.587, total : 0.587
<Accuracies on train> cls : 51.66
Train epoch time: 19.409
------------------------------
<Accuracies on val> class : 92.10
------------------------------
<Accuracies on test> class : 77.81
------------------------------
<Accuracies on mixed_rand> test class : 71.11
------------------------------
<Accuracies on mixed_same> test class : 84.51
------------------------------
Total epoch time: 28.999

New epoch - lr: 0.0009000000000000002
[1/31 iteration of epoch 27/30] 
 {loss} cls : 0.068, total : 0.068 
 {acc} cls : 100.00
[31/31 iteration of epoch 27/30] 
 {loss} cls : 0.050, total : 0.050 
 {acc} cls : 11.72
------------------------------
<Losses on train> cls : 0.455, total : 0.455
<Accuracies on train> cls : 46.22
Train epoch time: 19.196
------------------------------
<Accuracies on val> class : 94.32
------------------------------
<Accuracies on test> class : 78.89
------------------------------
<Accuracies on mixed_rand> test class : 71.48
------------------------------
<Accuracies on mixed_same> test class : 86.30
------------------------------
Total epoch time: 28.726

New epoch - lr: 0.0009000000000000002
[1/31 iteration of epoch 28/30] 
 {loss} cls : 0.374, total : 0.374 
 {acc} cls : 16.41
[31/31 iteration of epoch 28/30] 
 {loss} cls : 0.083, total : 0.083 
 {acc} cls : 100.00
------------------------------
<Losses on train> cls : 0.701, total : 0.701
<Accuracies on train> cls : 55.57
Train epoch time: 19.236
------------------------------
<Accuracies on val> class : 93.58
------------------------------
<Accuracies on test> class : 77.84
------------------------------
<Accuracies on mixed_rand> test class : 70.12
------------------------------
<Accuracies on mixed_same> test class : 85.56
------------------------------
Total epoch time: 28.811

New epoch - lr: 0.0009000000000000002
[1/31 iteration of epoch 29/30] 
 {loss} cls : 0.065, total : 0.065 
 {acc} cls : 8.59
[31/31 iteration of epoch 29/30] 
 {loss} cls : 0.057, total : 0.057 
 {acc} cls : 100.00
------------------------------
<Losses on train> cls : 0.622, total : 0.622
<Accuracies on train> cls : 48.69
Train epoch time: 19.104
------------------------------
<Accuracies on val> class : 93.33
------------------------------
<Accuracies on test> class : 78.46
------------------------------
<Accuracies on mixed_rand> test class : 71.23
------------------------------
<Accuracies on mixed_same> test class : 85.68
------------------------------
Total epoch time: 28.675

New epoch - lr: 0.0009000000000000002
[1/31 iteration of epoch 30/30] 
 {loss} cls : 1.374, total : 1.374 
 {acc} cls : 33.59
[31/31 iteration of epoch 30/30] 
 {loss} cls : 1.296, total : 1.296 
 {acc} cls : 22.66
------------------------------
<Losses on train> cls : 0.616, total : 0.616
<Accuracies on train> cls : 50.91
Train epoch time: 19.349
------------------------------
<Accuracies on val> class : 93.33
------------------------------
<Accuracies on test> class : 78.36
------------------------------
<Accuracies on mixed_rand> test class : 70.31
------------------------------
<Accuracies on mixed_same> test class : 86.42
------------------------------
Total epoch time: 28.876

******************************
Best val 0.958025, corresponding test 0.785802 - best test: 0.794136

******************************
Best val 0.9580246806144714, corresponding mixed_rand test 0.7074074149131775

******************************
Best val 0.9580246806144714, corresponding mixed_same test 0.8641975522041321
